D:\Uni\BA\ColabOutputs\final\bruteforce\CML_5k_4_1take_40\0
../data/final/netrd/SIS/edges_bull.pickle
GET_MINIMA: True
tensor([[0., 1., 1., 0., 0.],
        [1., 0., 1., 1., 0.],
        [1., 1., 0., 0., 1.],
        [0., 1., 0., 0., 0.],
        [0., 0., 1., 0., 0.]])
0
[818]
1
[306, 562, 786, 802, 816, 819, 822, 826, 882, 946]
2
[50, 274, 290, 304, 307, 310, 314, 370, 434, 530, 546, 560, 563, 566, 570, 626, 690, 770, 784, 787, 790, 794, 800, 803, 806, 810, 817, 820, 823, 824, 827, 830, 850, 866, 880, 883, 886, 890, 914, 930, 944, 947, 950, 954, 1010]
3
[18, 34, 48, 51, 54, 58, 114, 178, 258, 272, 275, 278, 282, 288, 291, 294, 298, 305, 308, 311, 312, 315, 318, 338, 354, 368, 371, 374, 378, 402, 418, 432, 435, 438, 442, 498, 514, 528, 531, 534, 538, 544, 547, 550, 554, 561, 564, 567, 568, 571, 574, 594, 610, 624, 627, 630, 634, 658, 674, 688, 691, 694, 698, 754, 768, 771, 774, 778, 785, 788, 791, 792, 795, 798, 801, 804, 807, 808, 811, 814, 821, 825, 828, 831, 834, 848, 851, 854, 858, 864, 867, 870, 874, 881, 884, 887, 888, 891, 894, 898, 912, 915, 918, 922, 928, 931, 934, 938, 945, 948, 951, 952, 955, 958, 978, 994, 1008, 1011, 1014, 1018]
4
[2, 16, 19, 22, 26, 32, 35, 38, 42, 49, 52, 55, 56, 59, 62, 82, 98, 112, 115, 118, 122, 146, 162, 176, 179, 182, 186, 242, 256, 259, 262, 266, 273, 276, 279, 280, 283, 286, 289, 292, 295, 296, 299, 302, 309, 313, 316, 319, 322, 336, 339, 342, 346, 352, 355, 358, 362, 369, 372, 375, 376, 379, 382, 386, 400, 403, 406, 410, 416, 419, 422, 426, 433, 436, 439, 440, 443, 446, 466, 482, 496, 499, 502, 506, 512, 515, 518, 522, 529, 532, 535, 536, 539, 542, 545, 548, 551, 552, 555, 558, 565, 569, 572, 575, 578, 592, 595, 598, 602, 608, 611, 614, 618, 625, 628, 631, 632, 635, 638, 642, 656, 659, 662, 666, 672, 675, 678, 682, 689, 692, 695, 696, 699, 702, 722, 738, 752, 755, 758, 762, 769, 772, 775, 776, 779, 782, 789, 793, 796, 799, 805, 809, 812, 815, 829, 832, 835, 838, 842, 849, 852, 855, 856, 859, 862, 865, 868, 871, 872, 875, 878, 885, 889, 892, 895, 896, 899, 902, 906, 913, 916, 919, 920, 923, 926, 929, 932, 935, 936, 939, 942, 949, 953, 956, 959, 962, 976, 979, 982, 986, 992, 995, 998, 1002, 1009, 1012, 1015, 1016, 1019, 1022]
5
[0, 3, 6, 10, 17, 20, 23, 24, 27, 30, 33, 36, 39, 40, 43, 46, 53, 57, 60, 63, 66, 80, 83, 86, 90, 96, 99, 102, 106, 113, 116, 119, 120, 123, 126, 130, 144, 147, 150, 154, 160, 163, 166, 170, 177, 180, 183, 184, 187, 190, 210, 226, 240, 243, 246, 250, 257, 260, 263, 264, 267, 270, 277, 281, 284, 287, 293, 297, 300, 303, 317, 320, 323, 326, 330, 337, 340, 343, 344, 347, 350, 353, 356, 359, 360, 363, 366, 373, 377, 380, 383, 384, 387, 390, 394, 401, 404, 407, 408, 411, 414, 417, 420, 423, 424, 427, 430, 437, 441, 444, 447, 450, 464, 467, 470, 474, 480, 483, 486, 490, 497, 500, 503, 504, 507, 510, 513, 516, 519, 520, 523, 526, 533, 537, 540, 543, 549, 553, 556, 559, 573, 576, 579, 582, 586, 593, 596, 599, 600, 603, 606, 609, 612, 615, 616, 619, 622, 629, 633, 636, 639, 640, 643, 646, 650, 657, 660, 663, 664, 667, 670, 673, 676, 679, 680, 683, 686, 693, 697, 700, 703, 706, 720, 723, 726, 730, 736, 739, 742, 746, 753, 756, 759, 760, 763, 766, 773, 777, 780, 783, 797, 813, 833, 836, 839, 840, 843, 846, 853, 857, 860, 863, 869, 873, 876, 879, 893, 897, 900, 903, 904, 907, 910, 917, 921, 924, 927, 933, 937, 940, 943, 957, 960, 963, 966, 970, 977, 980, 983, 984, 987, 990, 993, 996, 999, 1000, 1003, 1006, 1013, 1017, 1020, 1023]
6
[1, 4, 7, 8, 11, 14, 21, 25, 28, 31, 37, 41, 44, 47, 61, 64, 67, 70, 74, 81, 84, 87, 88, 91, 94, 97, 100, 103, 104, 107, 110, 117, 121, 124, 127, 128, 131, 134, 138, 145, 148, 151, 152, 155, 158, 161, 164, 167, 168, 171, 174, 181, 185, 188, 191, 194, 208, 211, 214, 218, 224, 227, 230, 234, 241, 244, 247, 248, 251, 254, 261, 265, 268, 271, 285, 301, 321, 324, 327, 328, 331, 334, 341, 345, 348, 351, 357, 361, 364, 367, 381, 385, 388, 391, 392, 395, 398, 405, 409, 412, 415, 421, 425, 428, 431, 445, 448, 451, 454, 458, 465, 468, 471, 472, 475, 478, 481, 484, 487, 488, 491, 494, 501, 505, 508, 511, 517, 521, 524, 527, 541, 557, 577, 580, 583, 584, 587, 590, 597, 601, 604, 607, 613, 617, 620, 623, 637, 641, 644, 647, 648, 651, 654, 661, 665, 668, 671, 677, 681, 684, 687, 701, 704, 707, 710, 714, 721, 724, 727, 728, 731, 734, 737, 740, 743, 744, 747, 750, 757, 761, 764, 767, 781, 837, 841, 844, 847, 861, 877, 901, 905, 908, 911, 925, 941, 961, 964, 967, 968, 971, 974, 981, 985, 988, 991, 997, 1001, 1004, 1007, 1021]
7
[5, 9, 12, 15, 29, 45, 65, 68, 71, 72, 75, 78, 85, 89, 92, 95, 101, 105, 108, 111, 125, 129, 132, 135, 136, 139, 142, 149, 153, 156, 159, 165, 169, 172, 175, 189, 192, 195, 198, 202, 209, 212, 215, 216, 219, 222, 225, 228, 231, 232, 235, 238, 245, 249, 252, 255, 269, 325, 329, 332, 335, 349, 365, 389, 393, 396, 399, 413, 429, 449, 452, 455, 456, 459, 462, 469, 473, 476, 479, 485, 489, 492, 495, 509, 525, 581, 585, 588, 591, 605, 621, 645, 649, 652, 655, 669, 685, 705, 708, 711, 712, 715, 718, 725, 729, 732, 735, 741, 745, 748, 751, 765, 845, 909, 965, 969, 972, 975, 989, 1005]
8
[13, 69, 73, 76, 79, 93, 109, 133, 137, 140, 143, 157, 173, 193, 196, 199, 200, 203, 206, 213, 217, 220, 223, 229, 233, 236, 239, 253, 333, 397, 453, 457, 460, 463, 477, 493, 589, 653, 709, 713, 716, 719, 733, 749, 973]
9
[77, 141, 197, 201, 204, 207, 221, 237, 461, 717]
10
[205]
--------------------------------- RESULTS ----------------------------------
Mean score: 0.13867745
Mean span across runs: 0.0
Max span across runs: 0.0
Mean Standard Dev across runs: nan
------------------
Top 20: 
Index    Mean(Score) NumOfChanges
[[ 818.             0.08973656     0.         ]
 [ 306.             0.09225105     1.         ]
 [ 562.             0.10506291     1.         ]
 [ 787.             0.11251083     2.         ]
 [ 882.             0.117566004    1.         ]
 [ 826.             0.11837303     1.         ]
 [1010.             0.11931867     2.         ]
 [ 946.             0.12030023     1.         ]
 [ 274.             0.12032334     2.         ]
 [ 827.             0.120710276    2.         ]
 [ 831.             0.12102087     3.         ]
 [ 370.             0.121206455    2.         ]
 [ 819.             0.12135793     1.         ]
 [ 886.             0.12153085     2.         ]
 [ 530.             0.12164945     2.         ]
 [1014.             0.122165255    3.         ]
 [ 434.             0.12242104     2.         ]
 [ 802.             0.12252263     1.         ]
 [ 954.             0.12260221     2.         ]
 [ 850.             0.12325806     2.         ]]
0th best matrix:
[[0. 1. 1. 0. 0.]
 [1. 0. 1. 1. 0.]
 [1. 1. 0. 0. 1.]
 [0. 1. 0. 0. 0.]
 [0. 0. 1. 0. 0.]]
1th best matrix:
[[0. 0. 1. 0. 0.]
 [0. 0. 1. 1. 0.]
 [1. 1. 0. 0. 1.]
 [0. 1. 0. 0. 0.]
 [0. 0. 1. 0. 0.]]
2th best matrix:
[[0. 1. 0. 0. 0.]
 [1. 0. 1. 1. 0.]
 [0. 1. 0. 0. 1.]
 [0. 1. 0. 0. 0.]
 [0. 0. 1. 0. 0.]]
3th best matrix:
[[0. 1. 1. 0. 0.]
 [1. 0. 0. 1. 0.]
 [1. 0. 0. 0. 1.]
 [0. 1. 0. 0. 1.]
 [0. 0. 1. 1. 0.]]
4th best matrix:
[[0. 1. 1. 0. 1.]
 [1. 0. 1. 1. 0.]
 [1. 1. 0. 0. 1.]
 [0. 1. 0. 0. 0.]
 [1. 0. 1. 0. 0.]]
5th best matrix:
[[0. 1. 1. 0. 0.]
 [1. 0. 1. 1. 1.]
 [1. 1. 0. 0. 1.]
 [0. 1. 0. 0. 0.]
 [0. 1. 1. 0. 0.]]
6th best matrix:
[[0. 1. 1. 1. 1.]
 [1. 0. 1. 1. 0.]
 [1. 1. 0. 0. 1.]
 [1. 1. 0. 0. 0.]
 [1. 0. 1. 0. 0.]]
7th best matrix:
[[0. 1. 1. 1. 0.]
 [1. 0. 1. 1. 0.]
 [1. 1. 0. 0. 1.]
 [1. 1. 0. 0. 0.]
 [0. 0. 1. 0. 0.]]
8th best matrix:
[[0. 0. 1. 0. 0.]
 [0. 0. 0. 1. 0.]
 [1. 0. 0. 0. 1.]
 [0. 1. 0. 0. 0.]
 [0. 0. 1. 0. 0.]]
9th best matrix:
[[0. 1. 1. 0. 0.]
 [1. 0. 1. 1. 1.]
 [1. 1. 0. 0. 1.]
 [0. 1. 0. 0. 1.]
 [0. 1. 1. 1. 0.]]
10th best matrix:
[[0. 1. 1. 0. 0.]
 [1. 0. 1. 1. 1.]
 [1. 1. 0. 1. 1.]
 [0. 1. 1. 0. 1.]
 [0. 1. 1. 1. 0.]]
11th best matrix:
[[0. 0. 1. 0. 1.]
 [0. 0. 1. 1. 0.]
 [1. 1. 0. 0. 1.]
 [0. 1. 0. 0. 0.]
 [1. 0. 1. 0. 0.]]
12th best matrix:
[[0. 1. 1. 0. 0.]
 [1. 0. 1. 1. 0.]
 [1. 1. 0. 0. 1.]
 [0. 1. 0. 0. 1.]
 [0. 0. 1. 1. 0.]]
13th best matrix:
[[0. 1. 1. 0. 1.]
 [1. 0. 1. 1. 0.]
 [1. 1. 0. 1. 1.]
 [0. 1. 1. 0. 0.]
 [1. 0. 1. 0. 0.]]
14th best matrix:
[[0. 1. 0. 0. 0.]
 [1. 0. 0. 1. 0.]
 [0. 0. 0. 0. 1.]
 [0. 1. 0. 0. 0.]
 [0. 0. 1. 0. 0.]]
15th best matrix:
[[0. 1. 1. 1. 1.]
 [1. 0. 1. 1. 0.]
 [1. 1. 0. 1. 1.]
 [1. 1. 1. 0. 0.]
 [1. 0. 1. 0. 0.]]
16th best matrix:
[[0. 0. 1. 1. 0.]
 [0. 0. 1. 1. 0.]
 [1. 1. 0. 0. 1.]
 [1. 1. 0. 0. 0.]
 [0. 0. 1. 0. 0.]]
17th best matrix:
[[0. 1. 1. 0. 0.]
 [1. 0. 1. 0. 0.]
 [1. 1. 0. 0. 1.]
 [0. 0. 0. 0. 0.]
 [0. 0. 1. 0. 0.]]
18th best matrix:
[[0. 1. 1. 1. 0.]
 [1. 0. 1. 1. 1.]
 [1. 1. 0. 0. 1.]
 [1. 1. 0. 0. 0.]
 [0. 1. 1. 0. 0.]]
19th best matrix:
[[0. 1. 1. 0. 1.]
 [1. 0. 0. 1. 0.]
 [1. 0. 0. 0. 1.]
 [0. 1. 0. 0. 0.]
 [1. 0. 1. 0. 0.]]
------------------
Results by Number of changes (hamming distance) from ground truth matrix
NumOfChanges Mean(Scores) Max(Scores) Min(Scores) Mean(Span(Scores)) Mean(SD(Sco)) SD(Mean(Sco)) Max(Mean(Sco)) Min(Mean(Sco))
[[ 0.            0.08973656    0.08973656    0.08973656    0.                     nan           nan  0.08973656    0.08973656  ]
 [ 1.            0.11710422    0.12541862    0.09225105    0.                     nan  0.010483065   0.12541862    0.09225105  ]
 [ 2.            0.12852344    0.15261807    0.11251083    0.                     nan  0.0072885007  0.15261807    0.11251083  ]
 [ 3.            0.13378726    0.16065036    0.12102087    0.                     nan  0.007815228   0.16065036    0.12102087  ]
 [ 4.            0.1372741     0.17323157    0.12554507    0.                     nan  0.00933174    0.17323157    0.12554507  ]
 [ 5.            0.13955885    0.20532916    0.12535866    0.                     nan  0.010103446   0.20532916    0.12535866  ]
 [ 6.            0.14155486    0.1839566     0.12813942    0.                     nan  0.010451013   0.1839566     0.12813942  ]
 [ 7.            0.14311217    0.17676279    0.12976995    0.                     nan  0.010146942   0.17676279    0.12976995  ]
 [ 8.            0.14326313    0.1673349     0.12918897    0.                     nan  0.010077225   0.1673349     0.12918897  ]
 [ 9.            0.14214274    0.15482385    0.13505696    0.                     nan  0.0073576607  0.15482385    0.13505696  ]
 [10.            0.14225216    0.14225216    0.14225216    0.                     nan           nan  0.14225216    0.14225216  ]]
-------------------------
evaluating local  minima
Number of local minima: 21
Indices: [187, 210, 223, 234, 339, 407, 410, 431, 433, 492, 655, 666, 748, 787, 818, 846, 869, 918, 989, 999, 1023]
Mean scores: [0.12882389 0.12535866 0.12918897 0.13162771 0.12826966 0.12903166 0.12566154 0.13151762 0.13096285 0.13342832 0.13104682 0.12715663 0.13333027 0.11251083 0.08973656 0.13054545 0.13307826 0.12428921
 0.13259542 0.129222   0.1254336 ]
