../data/final/cml/timeseries_ba20_1k_3.5_restart.pickle
../data/final/edges_ba20.pickle
SEED: 0
NUM_DYN_EPOCHS: 200
DETECT_EARLY_CONVERGENCE: False
CONTINUATION: False
CONT_ADDRESS: /content/drive/MyDrive/BA_Code/hillclimbing_logs/annealing/first/2021-01-27T18_56_40.854852
USE_EVALEPOCH_FOR_GUIDED_MUTATION: False
NUM_GEN: 45
FORMAT: standard
num samples: 1000
NUM_TRAIN_SAMPLES: 1000
NUM_TRAIN_BATCHES: 10
NUM_TEST_SAMPLES: 1000
NUM_TEST_BATCHES: 10
BATCH_SIZE: 100
HIDDEN_SIZE: 128
NUM_DYN_EPOCHS: 200
IS_CONTINUOUS: True
USE_MAX: False
Mean loss in evaluation epoch: 0.05353663116693497, epochs needed: 200


 Tracking generation 0
------------------------- TRACKING ---------------------------
Matrix Hash: 4f19f81ec4bdfa63, num_times_seen_before: 0
ACC: 0.5210526315789474
TPR/FPR: 0.4166666666666667, 0.45454545454545453
Loss: 0.05353663116693497
Timestamp: 0
---------------------------------------------------------------
Candidate: a876732945146a5e. Changes:22
Mean loss in evaluation epoch: 0.04810883849859238, epochs needed: 200
smaller, so accepting
Mean loss in evaluation epoch: 0.051526833325624466, epochs needed: 200


 Tracking generation 1
------------------------- TRACKING ---------------------------
Matrix Hash: a876732945146a5e, num_times_seen_before: 0
ACC: 0.5631578947368421
TPR/FPR: 0.6666666666666666, 0.461038961038961
Loss: 0.051526833325624466
Timestamp: 106.82340277200092
---------------------------------------------------------------
Candidate: 88726360cf0d1636. Changes:29
Mean loss in evaluation epoch: 0.04572829604148865, epochs needed: 200
smaller, so accepting
Mean loss in evaluation epoch: 0.047958072274923325, epochs needed: 200


 Tracking generation 2
------------------------- TRACKING ---------------------------
Matrix Hash: 88726360cf0d1636, num_times_seen_before: 0
ACC: 0.5684210526315789
TPR/FPR: 0.6944444444444444, 0.461038961038961
Loss: 0.047958072274923325
Timestamp: 213.22629143900122
---------------------------------------------------------------
Candidate: da07b2af0d243289. Changes:47
Mean loss in evaluation epoch: 0.041822727769613266, epochs needed: 200
smaller, so accepting
Mean loss in evaluation epoch: 0.04390677809715271, epochs needed: 200


 Tracking generation 3
------------------------- TRACKING ---------------------------
Matrix Hash: da07b2af0d243289, num_times_seen_before: 0
ACC: 0.6473684210526316
TPR/FPR: 0.8888888888888888, 0.4090909090909091
Loss: 0.04390677809715271
Timestamp: 318.6797705980007
---------------------------------------------------------------
Candidate: 4264980bbb7f72b2. Changes:30
Mean loss in evaluation epoch: 0.039479758590459824, epochs needed: 200
smaller, so accepting
Mean loss in evaluation epoch: 0.04384886845946312, epochs needed: 200


 Tracking generation 4
------------------------- TRACKING ---------------------------
Matrix Hash: 4264980bbb7f72b2, num_times_seen_before: 0
ACC: 0.7315789473684211
TPR/FPR: 0.9444444444444444, 0.3181818181818182
Loss: 0.04384886845946312
Timestamp: 424.43333543000153
---------------------------------------------------------------
Candidate: 4e8bffe245f3fefb. Changes:38
Mean loss in evaluation epoch: 0.039952706545591354, epochs needed: 200
smaller, so accepting
Mean loss in evaluation epoch: 0.04026007279753685, epochs needed: 200


 Tracking generation 5
------------------------- TRACKING ---------------------------
Matrix Hash: 4e8bffe245f3fefb, num_times_seen_before: 0
ACC: 0.7105263157894737
TPR/FPR: 0.8888888888888888, 0.33116883116883117
Loss: 0.04026007279753685
Timestamp: 529.7964496350014
---------------------------------------------------------------
Candidate: 550d9d5680616fbb. Changes:19
Mean loss in evaluation epoch: 0.0377509631216526, epochs needed: 200
smaller, so accepting
Mean loss in evaluation epoch: 0.038083162158727646, epochs needed: 200


 Tracking generation 6
------------------------- TRACKING ---------------------------
Matrix Hash: 550d9d5680616fbb, num_times_seen_before: 0
ACC: 0.736842105263158
TPR/FPR: 0.8888888888888888, 0.2987012987012987
Loss: 0.038083162158727646
Timestamp: 635.1080495280003
---------------------------------------------------------------
Candidate: 5592d057958065fe. Changes:18
Mean loss in evaluation epoch: 0.038513511419296265, epochs needed: 200
will accept with prob tensor(0.9503)
accepting!
Mean loss in evaluation epoch: 0.03798732906579971, epochs needed: 200


 Tracking generation 7
------------------------- TRACKING ---------------------------
Matrix Hash: 5592d057958065fe, num_times_seen_before: 0
ACC: 0.7894736842105263
TPR/FPR: 0.9444444444444444, 0.24675324675324675
Loss: 0.03798732906579971
Timestamp: 740.7013722620013
---------------------------------------------------------------
Candidate: 921b69cb8d6c9587. Changes:49
Mean loss in evaluation epoch: 0.0371183343231678, epochs needed: 200
smaller, so accepting
Mean loss in evaluation epoch: 0.035884611308574677, epochs needed: 200


 Tracking generation 8
------------------------- TRACKING ---------------------------
Matrix Hash: 921b69cb8d6c9587, num_times_seen_before: 0
ACC: 0.7631578947368421
TPR/FPR: 1.0, 0.2922077922077922
Loss: 0.035884611308574677
Timestamp: 846.5518625910008
---------------------------------------------------------------
Candidate: 1f21da4a1a11d481. Changes:31
Mean loss in evaluation epoch: 0.03559752181172371, epochs needed: 200
smaller, so accepting
Mean loss in evaluation epoch: 0.03608132153749466, epochs needed: 200


 Tracking generation 9
------------------------- TRACKING ---------------------------
Matrix Hash: 1f21da4a1a11d481, num_times_seen_before: 0
ACC: 0.8
TPR/FPR: 1.0, 0.24675324675324675
Loss: 0.03608132153749466
Timestamp: 952.1787346220008
---------------------------------------------------------------
Candidate: a71d28407c0e3b87. Changes:44
Mean loss in evaluation epoch: 0.037407245486974716, epochs needed: 200
will accept with prob tensor(0.8433)
accepting!
Mean loss in evaluation epoch: 0.03578535094857216, epochs needed: 200


 Tracking generation 10
------------------------- TRACKING ---------------------------
Matrix Hash: a71d28407c0e3b87, num_times_seen_before: 0
ACC: 0.8
TPR/FPR: 0.9722222222222222, 0.24025974025974026
Loss: 0.03578535094857216
Timestamp: 1058.0206199040003
---------------------------------------------------------------
Candidate: 51aa72df1395c566. Changes:26
Mean loss in evaluation epoch: 0.030100930482149124, epochs needed: 200
smaller, so accepting
Mean loss in evaluation epoch: 0.0296937208622694, epochs needed: 200


 Tracking generation 11
------------------------- TRACKING ---------------------------
Matrix Hash: 51aa72df1395c566, num_times_seen_before: 0
ACC: 0.8736842105263158
TPR/FPR: 0.9722222222222222, 0.14935064935064934
Loss: 0.0296937208622694
Timestamp: 1163.7293128310012
---------------------------------------------------------------
Candidate: b6b6e736fcb13e3f. Changes:22
Mean loss in evaluation epoch: 0.028302311897277832, epochs needed: 200
smaller, so accepting
Mean loss in evaluation epoch: 0.028903592377901077, epochs needed: 200


 Tracking generation 12
------------------------- TRACKING ---------------------------
Matrix Hash: b6b6e736fcb13e3f, num_times_seen_before: 0
ACC: 0.8736842105263158
TPR/FPR: 0.9722222222222222, 0.14935064935064934
Loss: 0.028903592377901077
Timestamp: 1269.105254649001
---------------------------------------------------------------
Candidate: fcf2cdf26ec43087. Changes:22
Mean loss in evaluation epoch: 0.03415365144610405, epochs needed: 200
will accept with prob tensor(0.4779)
rejecting.
Mean loss in evaluation epoch: 0.028694069012999535, epochs needed: 200


 Tracking generation 13
------------------------- TRACKING ---------------------------
Matrix Hash: b6b6e736fcb13e3f, num_times_seen_before: 1
ACC: 0.8736842105263158
TPR/FPR: 0.9722222222222222, 0.14935064935064934
Loss: 0.028694069012999535
Timestamp: 1374.7050831420001
---------------------------------------------------------------
Candidate: e1674677e27c7125. Changes:27
Mean loss in evaluation epoch: 0.03499678522348404, epochs needed: 200
will accept with prob tensor(0.4006)
accepting!
Mean loss in evaluation epoch: 0.03994607925415039, epochs needed: 200


 Tracking generation 14
------------------------- TRACKING ---------------------------
Matrix Hash: e1674677e27c7125, num_times_seen_before: 0
ACC: 0.7842105263157895
TPR/FPR: 0.9722222222222222, 0.2597402597402597
Loss: 0.03994607925415039
Timestamp: 1480.342945923001
---------------------------------------------------------------
Candidate: dd788fdfd62eac9f. Changes:34
Mean loss in evaluation epoch: 0.03847230598330498, epochs needed: 200
smaller, so accepting
Mean loss in evaluation epoch: 0.03985310718417168, epochs needed: 200


 Tracking generation 15
------------------------- TRACKING ---------------------------
Matrix Hash: dd788fdfd62eac9f, num_times_seen_before: 0
ACC: 0.7421052631578947
TPR/FPR: 0.9166666666666666, 0.2987012987012987
Loss: 0.03985310718417168
Timestamp: 1585.7333429210012
---------------------------------------------------------------
Candidate: acd8586c9d065c62. Changes:31
Mean loss in evaluation epoch: 0.036214232444763184, epochs needed: 200
smaller, so accepting
Mean loss in evaluation epoch: 0.033678580075502396, epochs needed: 200


 Tracking generation 16
------------------------- TRACKING ---------------------------
Matrix Hash: acd8586c9d065c62, num_times_seen_before: 0
ACC: 0.8
TPR/FPR: 1.0, 0.24675324675324675
Loss: 0.033678580075502396
Timestamp: 1691.6799852650001
---------------------------------------------------------------
Candidate: 0719b7ca962a4e0c. Changes:24
Mean loss in evaluation epoch: 0.03151174262166023, epochs needed: 200
smaller, so accepting
Mean loss in evaluation epoch: 0.03234477713704109, epochs needed: 200


 Tracking generation 17
------------------------- TRACKING ---------------------------
Matrix Hash: 0719b7ca962a4e0c, num_times_seen_before: 0
ACC: 0.8210526315789474
TPR/FPR: 1.0, 0.22077922077922077
Loss: 0.03234477713704109
Timestamp: 1797.5870630900008
---------------------------------------------------------------
Candidate: e9f7c1d208f480df. Changes:23
Mean loss in evaluation epoch: 0.030903220176696777, epochs needed: 200
smaller, so accepting
Mean loss in evaluation epoch: 0.033831290900707245, epochs needed: 200


 Tracking generation 18
------------------------- TRACKING ---------------------------
Matrix Hash: e9f7c1d208f480df, num_times_seen_before: 0
ACC: 0.8368421052631578
TPR/FPR: 1.0, 0.2012987012987013
Loss: 0.033831290900707245
Timestamp: 1903.191286700001
---------------------------------------------------------------
Candidate: 3b3c566e58d68681. Changes:21
Mean loss in evaluation epoch: 0.032692521810531616, epochs needed: 200
smaller, so accepting
Mean loss in evaluation epoch: 0.031718697398900986, epochs needed: 200


 Tracking generation 19
------------------------- TRACKING ---------------------------
Matrix Hash: 3b3c566e58d68681, num_times_seen_before: 0
ACC: 0.8315789473684211
TPR/FPR: 1.0, 0.2077922077922078
Loss: 0.031718697398900986
Timestamp: 2008.4854749590013
---------------------------------------------------------------
Candidate: 46a21c5ca48d43b6. Changes:31
Mean loss in evaluation epoch: 0.031815141439437866, epochs needed: 200
will accept with prob tensor(0.9828)
accepting!
Mean loss in evaluation epoch: 0.03202221542596817, epochs needed: 200


 Tracking generation 20
------------------------- TRACKING ---------------------------
Matrix Hash: 46a21c5ca48d43b6, num_times_seen_before: 0
ACC: 0.8263157894736842
TPR/FPR: 1.0, 0.21428571428571427
Loss: 0.03202221542596817
Timestamp: 2113.6701988940004
---------------------------------------------------------------
Candidate: 46602c3ae1fe5607. Changes:25
Mean loss in evaluation epoch: 0.035082947462797165, epochs needed: 200
will accept with prob tensor(0.5633)
rejecting.
Mean loss in evaluation epoch: 0.03087538480758667, epochs needed: 200


 Tracking generation 21
------------------------- TRACKING ---------------------------
Matrix Hash: 46a21c5ca48d43b6, num_times_seen_before: 1
ACC: 0.8263157894736842
TPR/FPR: 1.0, 0.21428571428571427
Loss: 0.03087538480758667
Timestamp: 2219.0545812400014
---------------------------------------------------------------
Candidate: 96472909eb134ae1. Changes:31
Mean loss in evaluation epoch: 0.030123740434646606, epochs needed: 200
smaller, so accepting
Mean loss in evaluation epoch: 0.029994575306773186, epochs needed: 200


 Tracking generation 22
------------------------- TRACKING ---------------------------
Matrix Hash: 96472909eb134ae1, num_times_seen_before: 0
ACC: 0.8421052631578947
TPR/FPR: 1.0, 0.19480519480519481
Loss: 0.029994575306773186
Timestamp: 2324.797383678
---------------------------------------------------------------
Candidate: 28d09e4b701417a3. Changes:13
Mean loss in evaluation epoch: 0.03434348478913307, epochs needed: 200
will accept with prob tensor(0.4108)
accepting!
Mean loss in evaluation epoch: 0.030683664605021477, epochs needed: 200


 Tracking generation 23
------------------------- TRACKING ---------------------------
Matrix Hash: 28d09e4b701417a3, num_times_seen_before: 0
ACC: 0.8368421052631578
TPR/FPR: 1.0, 0.2012987012987013
Loss: 0.030683664605021477
Timestamp: 2430.2438893900016
---------------------------------------------------------------
Candidate: e333f5d9a2e11271. Changes:28
Mean loss in evaluation epoch: 0.030557533726096153, epochs needed: 200
smaller, so accepting
Mean loss in evaluation epoch: 0.03015914000570774, epochs needed: 200


 Tracking generation 24
------------------------- TRACKING ---------------------------
Matrix Hash: e333f5d9a2e11271, num_times_seen_before: 0
ACC: 0.8368421052631578
TPR/FPR: 1.0, 0.2012987012987013
Loss: 0.03015914000570774
Timestamp: 2535.6948023550012
---------------------------------------------------------------
Candidate: bffd6edaeece720c. Changes:15
Mean loss in evaluation epoch: 0.027860421687364578, epochs needed: 200
smaller, so accepting
Mean loss in evaluation epoch: 0.02788991667330265, epochs needed: 200


 Tracking generation 25
------------------------- TRACKING ---------------------------
Matrix Hash: bffd6edaeece720c, num_times_seen_before: 0
ACC: 0.8526315789473684
TPR/FPR: 1.0, 0.18181818181818182
Loss: 0.02788991667330265
Timestamp: 2641.640184492
---------------------------------------------------------------
Candidate: a47e87569aa87948. Changes:30
Mean loss in evaluation epoch: 0.03780490905046463, epochs needed: 200
will accept with prob tensor(0.0955)
rejecting.
Mean loss in evaluation epoch: 0.030532483011484146, epochs needed: 200


 Tracking generation 26
------------------------- TRACKING ---------------------------
Matrix Hash: bffd6edaeece720c, num_times_seen_before: 1
ACC: 0.8526315789473684
TPR/FPR: 1.0, 0.18181818181818182
Loss: 0.030532483011484146
Timestamp: 2747.169613639
---------------------------------------------------------------
Candidate: 42b3f183055780d4. Changes:23
Mean loss in evaluation epoch: 0.033976227045059204, epochs needed: 200
will accept with prob tensor(0.4228)
rejecting.
Mean loss in evaluation epoch: 0.027633463963866234, epochs needed: 200


 Tracking generation 27
------------------------- TRACKING ---------------------------
Matrix Hash: bffd6edaeece720c, num_times_seen_before: 2
ACC: 0.8526315789473684
TPR/FPR: 1.0, 0.18181818181818182
Loss: 0.027633463963866234
Timestamp: 2852.720665644001
---------------------------------------------------------------
Candidate: eeb85e416d2c705f. Changes:28
Mean loss in evaluation epoch: 0.03262045979499817, epochs needed: 200
will accept with prob tensor(0.2671)
rejecting.
Mean loss in evaluation epoch: 0.028523853048682213, epochs needed: 200


 Tracking generation 28
------------------------- TRACKING ---------------------------
Matrix Hash: bffd6edaeece720c, num_times_seen_before: 3
ACC: 0.8526315789473684
TPR/FPR: 1.0, 0.18181818181818182
Loss: 0.028523853048682213
Timestamp: 2957.977421998001
---------------------------------------------------------------
Candidate: 72ef8d52f5824d5d. Changes:38
Mean loss in evaluation epoch: 0.0339970700442791, epochs needed: 200
will accept with prob tensor(0.2145)
rejecting.
Mean loss in evaluation epoch: 0.02786458469927311, epochs needed: 200


 Tracking generation 29
------------------------- TRACKING ---------------------------
Matrix Hash: bffd6edaeece720c, num_times_seen_before: 4
ACC: 0.8526315789473684
TPR/FPR: 1.0, 0.18181818181818182
Loss: 0.02786458469927311
Timestamp: 3063.6583939300017
---------------------------------------------------------------
Candidate: 8c362c9fcdaa29ac. Changes:22
Mean loss in evaluation epoch: 0.028461817651987076, epochs needed: 200
will accept with prob tensor(0.8360)
accepting!
Mean loss in evaluation epoch: 0.028463581576943398, epochs needed: 200


 Tracking generation 30
------------------------- TRACKING ---------------------------
Matrix Hash: 8c362c9fcdaa29ac, num_times_seen_before: 0
ACC: 0.8526315789473684
TPR/FPR: 1.0, 0.18181818181818182
Loss: 0.028463581576943398
Timestamp: 3169.036120564
---------------------------------------------------------------
Candidate: 06bba7b401bff4df. Changes:27
Mean loss in evaluation epoch: 0.03496987745165825, epochs needed: 200
will accept with prob tensor(0.1235)
rejecting.
Mean loss in evaluation epoch: 0.03105074167251587, epochs needed: 200


 Tracking generation 31
------------------------- TRACKING ---------------------------
Matrix Hash: 8c362c9fcdaa29ac, num_times_seen_before: 1
ACC: 0.8526315789473684
TPR/FPR: 1.0, 0.18181818181818182
Loss: 0.03105074167251587
Timestamp: 3274.4985430210018
---------------------------------------------------------------
Candidate: a0897ec47fb20fd5. Changes:26
Mean loss in evaluation epoch: 0.026250159367918968, epochs needed: 200
smaller, so accepting
Mean loss in evaluation epoch: 0.02685578726232052, epochs needed: 200


 Tracking generation 32
------------------------- TRACKING ---------------------------
Matrix Hash: a0897ec47fb20fd5, num_times_seen_before: 0
ACC: 0.8947368421052632
TPR/FPR: 1.0, 0.12987012987012986
Loss: 0.02685578726232052
Timestamp: 3379.8161829950004
---------------------------------------------------------------
Candidate: 07b2b870a702be0a. Changes:17
Mean loss in evaluation epoch: 0.0308001097291708, epochs needed: 200
will accept with prob tensor(0.2278)
rejecting.
Mean loss in evaluation epoch: 0.027704689651727676, epochs needed: 200


 Tracking generation 33
------------------------- TRACKING ---------------------------
Matrix Hash: a0897ec47fb20fd5, num_times_seen_before: 1
ACC: 0.8947368421052632
TPR/FPR: 1.0, 0.12987012987012986
Loss: 0.027704689651727676
Timestamp: 3485.6229434000015
---------------------------------------------------------------
Candidate: 33bd1249ec345830. Changes:15
Mean loss in evaluation epoch: 0.0315144844353199, epochs needed: 200
will accept with prob tensor(0.2104)
accepting!
Mean loss in evaluation epoch: 0.032007452100515366, epochs needed: 200


 Tracking generation 34
------------------------- TRACKING ---------------------------
Matrix Hash: 33bd1249ec345830, num_times_seen_before: 0
ACC: 0.8473684210526315
TPR/FPR: 0.9722222222222222, 0.18181818181818182
Loss: 0.032007452100515366
Timestamp: 3591.7335684300015
---------------------------------------------------------------
Candidate: 268b525a0c904c62. Changes:12
Mean loss in evaluation epoch: 0.030826706439256668, epochs needed: 200
smaller, so accepting
Mean loss in evaluation epoch: 0.037823788821697235, epochs needed: 200


 Tracking generation 35
------------------------- TRACKING ---------------------------
Matrix Hash: 268b525a0c904c62, num_times_seen_before: 0
ACC: 0.868421052631579
TPR/FPR: 1.0, 0.16233766233766234
Loss: 0.037823788821697235
Timestamp: 3697.725583184001
---------------------------------------------------------------
Candidate: 9128c8cc8d57bf20. Changes:37
Mean loss in evaluation epoch: 0.03586924821138382, epochs needed: 200
smaller, so accepting
Mean loss in evaluation epoch: 0.03466379642486572, epochs needed: 200


 Tracking generation 36
------------------------- TRACKING ---------------------------
Matrix Hash: 9128c8cc8d57bf20, num_times_seen_before: 0
ACC: 0.8315789473684211
TPR/FPR: 0.9166666666666666, 0.18831168831168832
Loss: 0.03466379642486572
Timestamp: 3803.0626761720014
---------------------------------------------------------------
Candidate: 867cd640a96eb44f. Changes:25
