num samples: 1000
NUM_TRAIN_SAMPLES: 1000
NUM_TRAIN_BATCHES: 10
NUM_TEST_SAMPLES: 1000
NUM_TEST_BATCHES: 10
BATCH_SIZE: 100
HIDDEN_SIZE: 128
NUM_DYN_EPOCHS: 50
IS_CONTINUOUS: True
USE_MAX: False
../data/final/cml/timeseries_ba50_1k_4.pickle
../data/final/edges_ba50.pickle
CONTINUATION: False
CONT_ADDRESS: D:\Uni\BA\ColabOutputs\ba20\2020-12-10T22_50_22.113418
SEED: 0
NUM_DYN_EPOCHS: 50
NUM_DYN_EPOCHS_INIT: 200
DETECT_EARLY_CONVERGENCE: False
RESET_DYN_LEARNER_EVERY_NTH_GEN: 5
POP_SIZE: 10
NEWPOP_SIZE: 40
NUM_GEN: 45
USE_NODEWISE_EVALUATION: False
USE_EVALEPOCH_FOR_GUIDED_MUTATION: False
USE_DETERMINISTIC_EVAL: False
FORMAT: standard
--------------------- Start training ------------------------
evaluating individudal 0 - a9b2b29bed6a476f. Mean loss in evaluation epoch: 0.12154620885848999, epochs needed: 200
evaluating individudal 1 - 667a00f51558794f. Mean loss in evaluation epoch: 0.12652656435966492, epochs needed: 200
evaluating individudal 2 - a6cbf973bc3efc81. Mean loss in evaluation epoch: 0.11773860454559326, epochs needed: 200
evaluating individudal 3 - adc51f47dd9b5482. Mean loss in evaluation epoch: 0.11666363477706909, epochs needed: 200
evaluating individudal 4 - 00d5b993acc1edb6. Mean loss in evaluation epoch: 0.11468525230884552, epochs needed: 200
evaluating individudal 5 - dbffe9b07b60929f. Mean loss in evaluation epoch: 0.12675204873085022, epochs needed: 200
evaluating individudal 6 - 3ce8899ce758aecb. Mean loss in evaluation epoch: 0.11581187695264816, epochs needed: 200
evaluating individudal 7 - f688f29084d98403. Mean loss in evaluation epoch: 0.1270303875207901, epochs needed: 200
evaluating individudal 8 - 5589313ec345af03. Mean loss in evaluation epoch: 0.12242809683084488, epochs needed: 200
evaluating individudal 9 - e0ad8a7c676f59cf. Mean loss in evaluation epoch: 0.12636375427246094, epochs needed: 200
Round 0 done. -----------------------------------------
------------------------- TRACKING ---------------------------
Matrix Hash: 00d5b993acc1edb6, num_times_seen_before: 0
ACC: 0.5036734693877551
TPR/FPR: 0.5208333333333334, 0.4977856510186005
Loss: 0.11468525230884552
Timestamp: 0
---------------------------------------------------------------
evaluating individudal 0 - 1fc3fc1201c23e21. Mean loss in evaluation epoch: 0.11643810570240021, epochs needed: 200
evaluating individudal 1 - 7ad07e476059b0ce. Mean loss in evaluation epoch: 0.1140243336558342, epochs needed: 200
evaluating individudal 2 - 6d6d585b66514115. Mean loss in evaluation epoch: 0.12468530982732773, epochs needed: 200
evaluating individudal 3 - 1238c4fed5e4d937. Mean loss in evaluation epoch: 0.12350969761610031, epochs needed: 200
evaluating individudal 4 - f5ff3c8d44f7e3ea. Mean loss in evaluation epoch: 0.12809397280216217, epochs needed: 200
evaluating individudal 5 - 2702b0d21b76a67a. Mean loss in evaluation epoch: 0.12657196819782257, epochs needed: 200
evaluating individudal 6 - d376cf12443c4fd2. Mean loss in evaluation epoch: 0.12648527324199677, epochs needed: 200
evaluating individudal 7 - 860df2b7f577d4db. Mean loss in evaluation epoch: 0.12779004871845245, epochs needed: 200
evaluating individudal 8 - e8052852d9f79feb. Mean loss in evaluation epoch: 0.12492942065000534, epochs needed: 200
evaluating individudal 9 - 12bc7b0550d7c6b0. Mean loss in evaluation epoch: 0.12145645916461945, epochs needed: 200
evaluating individudal 10 - 7973c4d7dba1ebed. Mean loss in evaluation epoch: 0.11637311428785324, epochs needed: 200
evaluating individudal 11 - 88d788d359742110. Mean loss in evaluation epoch: 0.11664118617773056, epochs needed: 200
evaluating individudal 12 - 68924bf5667e1b94. Mean loss in evaluation epoch: 0.12646012008190155, epochs needed: 200
evaluating individudal 13 - 51c6d6aa4b4786de. Mean loss in evaluation epoch: 0.12008976936340332, epochs needed: 200
evaluating individudal 14 - c3d2d91b77fdf86f. Mean loss in evaluation epoch: 0.11678798496723175, epochs needed: 200
evaluating individudal 15 - 19f61ceda23c4447. Mean loss in evaluation epoch: 0.11610336601734161, epochs needed: 200
evaluating individudal 16 - 3f0557d52999fb9f. Mean loss in evaluation epoch: 0.12256677448749542, epochs needed: 200
evaluating individudal 17 - f61160d025b21f94. Mean loss in evaluation epoch: 0.11648233234882355, epochs needed: 200
evaluating individudal 18 - 65d4e9c0c836a106. Mean loss in evaluation epoch: 0.12379632145166397, epochs needed: 200
evaluating individudal 19 - 74d5db2b66d12874. Mean loss in evaluation epoch: 0.13160565495491028, epochs needed: 200
evaluating individudal 20 - 47313e11b4f4ae77. Mean loss in evaluation epoch: 0.12400078773498535, epochs needed: 200
evaluating individudal 21 - 3fd655e51093fcd6. Mean loss in evaluation epoch: 0.11934882402420044, epochs needed: 200
evaluating individudal 22 - 933edd7ef269fb38. Mean loss in evaluation epoch: 0.11356101185083389, epochs needed: 200
evaluating individudal 23 - de613f0cc8d1bb93. Mean loss in evaluation epoch: 0.12304087728261948, epochs needed: 200
evaluating individudal 24 - 2c40db28bd5fba1d. Mean loss in evaluation epoch: 0.12569557130336761, epochs needed: 200
evaluating individudal 25 - 519f33938e759df2. Mean loss in evaluation epoch: 0.12235569208860397, epochs needed: 200
evaluating individudal 26 - ee7e7a65ce3a59fc. Mean loss in evaluation epoch: 0.11571907997131348, epochs needed: 200
evaluating individudal 27 - 2b56238179b5fd32. Mean loss in evaluation epoch: 0.12549999356269836, epochs needed: 200
evaluating individudal 28 - 9585c522dda2f3c7. Mean loss in evaluation epoch: 0.12553849816322327, epochs needed: 200
evaluating individudal 29 - a3dc2afa744ba8b2. Mean loss in evaluation epoch: 0.12507577240467072, epochs needed: 200
evaluating individudal 30 - f915cf7228058cf0. Mean loss in evaluation epoch: 0.1221236139535904, epochs needed: 200
evaluating individudal 31 - 3ca73837c567bb27. Mean loss in evaluation epoch: 0.11978846043348312, epochs needed: 200
evaluating individudal 32 - e8fc5394439a42d7. Mean loss in evaluation epoch: 0.12282252311706543, epochs needed: 200
evaluating individudal 33 - 174d7002d6ba33f7. Mean loss in evaluation epoch: 0.1231427788734436, epochs needed: 200
evaluating individudal 34 - e29fcb9d95d55070. Mean loss in evaluation epoch: 0.123063825070858, epochs needed: 200
evaluating individudal 35 - 708646b1c1eecab2. Mean loss in evaluation epoch: 0.11999505758285522, epochs needed: 200
evaluating individudal 36 - 56df90014e1a851f. Mean loss in evaluation epoch: 0.11327250301837921, epochs needed: 200
evaluating individudal 37 - 19ecd3422d8267a8. Mean loss in evaluation epoch: 0.11787207424640656, epochs needed: 200
evaluating individudal 38 - 38749cfa2feeeed5. Mean loss in evaluation epoch: 0.11609635502099991, epochs needed: 200
evaluating individudal 39 - 290f70242fe3ff90. Mean loss in evaluation epoch: 0.11567454785108566, epochs needed: 200
evaluating individudal 0 - a9b2b29bed6a476f. Mean loss in evaluation epoch: 0.1232636496424675, epochs needed: 200
evaluating individudal 1 - 667a00f51558794f. Mean loss in evaluation epoch: 0.11361370235681534, epochs needed: 200
evaluating individudal 2 - a6cbf973bc3efc81. Mean loss in evaluation epoch: 0.1269533783197403, epochs needed: 200
evaluating individudal 3 - adc51f47dd9b5482. Mean loss in evaluation epoch: 0.12254452705383301, epochs needed: 200
evaluating individudal 4 - 00d5b993acc1edb6. Mean loss in evaluation epoch: 0.12963713705539703, epochs needed: 200
evaluating individudal 5 - dbffe9b07b60929f. Mean loss in evaluation epoch: 0.12258002907037735, epochs needed: 200
evaluating individudal 6 - 3ce8899ce758aecb. Mean loss in evaluation epoch: 0.12930415570735931, epochs needed: 200
evaluating individudal 7 - f688f29084d98403. Mean loss in evaluation epoch: 0.12843306362628937, epochs needed: 200
evaluating individudal 8 - 5589313ec345af03. Mean loss in evaluation epoch: 0.11561091989278793, epochs needed: 200
evaluating individudal 9 - e0ad8a7c676f59cf. Mean loss in evaluation epoch: 0.11941955238580704, epochs needed: 200
Round 1 done. -----------------------------------------
------------------------- TRACKING ---------------------------
Matrix Hash: 56df90014e1a851f, num_times_seen_before: 0
ACC: 0.4253061224489796
TPR/FPR: 0.625, 0.591674047829938
Loss: 0.11327250301837921
Timestamp: 13064.245442671003
---------------------------------------------------------------
evaluating individudal 0 - 898aa219ce99e7f6. Mean loss in evaluation epoch: 0.1155436784029007, epochs needed: 50
evaluating individudal 1 - 48750a18fde23a62. Mean loss in evaluation epoch: 0.11915109306573868, epochs needed: 50
evaluating individudal 2 - 628a9122dcba6d36. Mean loss in evaluation epoch: 0.11184244602918625, epochs needed: 50
evaluating individudal 3 - ae2575f56842a4a9. Mean loss in evaluation epoch: 0.11568218469619751, epochs needed: 50
evaluating individudal 4 - 9f7ca763ebc5b957. Mean loss in evaluation epoch: 0.11188848316669464, epochs needed: 50
evaluating individudal 5 - a9409bd901454424. Mean loss in evaluation epoch: 0.1140652447938919, epochs needed: 50
evaluating individudal 6 - 2758aa9e90cfdb57. Mean loss in evaluation epoch: 0.12646912038326263, epochs needed: 50
evaluating individudal 7 - 52abef2aab1990ed. Mean loss in evaluation epoch: 0.13081400096416473, epochs needed: 50
evaluating individudal 8 - 776bfb107e8c1fce. Mean loss in evaluation epoch: 0.11469055712223053, epochs needed: 50
evaluating individudal 9 - 8332e5ba7636d438. Mean loss in evaluation epoch: 0.11513353884220123, epochs needed: 50
evaluating individudal 10 - 9c9d94756b9af23c. Mean loss in evaluation epoch: 0.11260402202606201, epochs needed: 50
evaluating individudal 11 - 372059717c5f1ac7. Mean loss in evaluation epoch: 0.11201254278421402, epochs needed: 50
evaluating individudal 12 - d7559c0a1b8c4ce7. Mean loss in evaluation epoch: 0.11342673748731613, epochs needed: 50
evaluating individudal 13 - 42cb47dd88fda338. Mean loss in evaluation epoch: 0.1123696118593216, epochs needed: 50
evaluating individudal 14 - 938ab9eaee4ab8a3. Mean loss in evaluation epoch: 0.11570489406585693, epochs needed: 50
evaluating individudal 15 - d963c34e6bf41ac4. Mean loss in evaluation epoch: 0.11189305782318115, epochs needed: 50
evaluating individudal 16 - 422ecc7ecf82e1b0. Mean loss in evaluation epoch: 0.10975652188062668, epochs needed: 50
evaluating individudal 17 - 5d988738281592f5. Mean loss in evaluation epoch: 0.12841816246509552, epochs needed: 50
evaluating individudal 18 - da9b56e580d66671. Mean loss in evaluation epoch: 0.10876428335905075, epochs needed: 50
evaluating individudal 19 - a97d2a999bf86eb8. Mean loss in evaluation epoch: 0.11091232299804688, epochs needed: 50
evaluating individudal 20 - 970463519e5cd8a7. Mean loss in evaluation epoch: 0.10964939743280411, epochs needed: 50
evaluating individudal 21 - 53c56996d00158d9. Mean loss in evaluation epoch: 0.1125316172838211, epochs needed: 50
evaluating individudal 22 - 94f5edb68241cc28. Mean loss in evaluation epoch: 0.11392533034086227, epochs needed: 50
evaluating individudal 23 - 93587b97e9c698e1. Mean loss in evaluation epoch: 0.11266932636499405, epochs needed: 50
evaluating individudal 24 - 74e68e1500bd49ee. Mean loss in evaluation epoch: 0.1101810485124588, epochs needed: 50
evaluating individudal 25 - f663ea713006716e. Mean loss in evaluation epoch: 0.10815755277872086, epochs needed: 50
evaluating individudal 26 - 9737bb35f235cc66. Mean loss in evaluation epoch: 0.11269526928663254, epochs needed: 50
evaluating individudal 27 - 6d25acc5edf2d7ae. Mean loss in evaluation epoch: 0.11123118549585342, epochs needed: 50
evaluating individudal 28 - 0caa4ce0dda5ac41. Mean loss in evaluation epoch: 0.1120949536561966, epochs needed: 50
evaluating individudal 29 - 92c529d600b3e9c1. Mean loss in evaluation epoch: 0.11237789690494537, epochs needed: 50
evaluating individudal 30 - 93732ddf06a509e2. Mean loss in evaluation epoch: 0.10925936698913574, epochs needed: 50
evaluating individudal 31 - a829443a8fb176bb. Mean loss in evaluation epoch: 0.12579798698425293, epochs needed: 50
evaluating individudal 32 - 02f3717af210c5f8. Mean loss in evaluation epoch: 0.11361229419708252, epochs needed: 50
evaluating individudal 33 - 3aa0ee5d8328719e. Mean loss in evaluation epoch: 0.11103158444166183, epochs needed: 50
evaluating individudal 34 - 2b5c0c2d6ff65338. Mean loss in evaluation epoch: 0.12318110466003418, epochs needed: 50
evaluating individudal 35 - 01c67617145b1869. Mean loss in evaluation epoch: 0.11076207458972931, epochs needed: 50
evaluating individudal 36 - ef62962d2c0caea0. Mean loss in evaluation epoch: 0.1303468495607376, epochs needed: 50
evaluating individudal 37 - e039138013f7b0fd. Mean loss in evaluation epoch: 0.12145649641752243, epochs needed: 50
evaluating individudal 38 - 98043fe7b225edd6. Mean loss in evaluation epoch: 0.10913199186325073, epochs needed: 50
evaluating individudal 39 - 3b149f253dc96c2a. Mean loss in evaluation epoch: 0.11141257733106613, epochs needed: 50
evaluating individudal 0 - 56df90014e1a851f. Mean loss in evaluation epoch: 0.11014886200428009, epochs needed: 50
evaluating individudal 1 - 933edd7ef269fb38. Mean loss in evaluation epoch: 0.11177734285593033, epochs needed: 50
evaluating individudal 2 - 667a00f51558794f. Mean loss in evaluation epoch: 0.12767058610916138, epochs needed: 50
evaluating individudal 3 - 7ad07e476059b0ce. Mean loss in evaluation epoch: 0.12017925083637238, epochs needed: 50
evaluating individudal 4 - 5589313ec345af03. Mean loss in evaluation epoch: 0.1086006686091423, epochs needed: 50
evaluating individudal 5 - 290f70242fe3ff90. Mean loss in evaluation epoch: 0.10905402153730392, epochs needed: 50
evaluating individudal 6 - ee7e7a65ce3a59fc. Mean loss in evaluation epoch: 0.11162038147449493, epochs needed: 50
evaluating individudal 7 - 38749cfa2feeeed5. Mean loss in evaluation epoch: 0.10968770831823349, epochs needed: 50
evaluating individudal 8 - 19f61ceda23c4447. Mean loss in evaluation epoch: 0.11114561557769775, epochs needed: 50
evaluating individudal 9 - 7973c4d7dba1ebed. Mean loss in evaluation epoch: 0.10949313640594482, epochs needed: 50
Round 2 done. -----------------------------------------
------------------------- TRACKING ---------------------------
Matrix Hash: f663ea713006716e, num_times_seen_before: 0
ACC: 0.4130612244897959
TPR/FPR: 0.6666666666666666, 0.608503100088574
Loss: 0.10815755277872086
Timestamp: 16384.574408111977
---------------------------------------------------------------
evaluating individudal 0 - f0d40d83358dbae1. Mean loss in evaluation epoch: 0.11681225150823593, epochs needed: 50
evaluating individudal 1 - d32383c7c3ba3d5a. Mean loss in evaluation epoch: 0.11811917275190353, epochs needed: 50
evaluating individudal 2 - b95833509cedadf8. Mean loss in evaluation epoch: 0.11919969320297241, epochs needed: 50
evaluating individudal 3 - 2a058e34541af4fe. Mean loss in evaluation epoch: 0.11912969499826431, epochs needed: 50
evaluating individudal 4 - 1827a04535ed57a1. Mean loss in evaluation epoch: 0.1084500104188919, epochs needed: 50
evaluating individudal 5 - 80e5493a8c93f6d8. Mean loss in evaluation epoch: 0.11128021776676178, epochs needed: 50
evaluating individudal 6 - 16e50fba52ec1427. Mean loss in evaluation epoch: 0.10849430412054062, epochs needed: 50
evaluating individudal 7 - b4728944d4f2dac1. Mean loss in evaluation epoch: 0.10909125953912735, epochs needed: 50
evaluating individudal 8 - 6bea6ab5b198fb56. Mean loss in evaluation epoch: 0.11402767896652222, epochs needed: 50
evaluating individudal 9 - 5150f14acdc0c634. Mean loss in evaluation epoch: 0.11445625871419907, epochs needed: 50
evaluating individudal 10 - 0842638dcc7f9b27. Mean loss in evaluation epoch: 0.10870790481567383, epochs needed: 50
evaluating individudal 11 - a387bd088f3e9669. Mean loss in evaluation epoch: 0.10906791687011719, epochs needed: 50
evaluating individudal 12 - 74b308371dbc04f1. Mean loss in evaluation epoch: 0.10862655937671661, epochs needed: 50
evaluating individudal 13 - 03af9d1a13c0a636. Mean loss in evaluation epoch: 0.11572907119989395, epochs needed: 50
evaluating individudal 14 - f18f4342ab4b601d. Mean loss in evaluation epoch: 0.10788819938898087, epochs needed: 50
evaluating individudal 15 - 81a7276a111cb9c2. Mean loss in evaluation epoch: 0.10807131975889206, epochs needed: 50
evaluating individudal 16 - 282754c7732035cb. Mean loss in evaluation epoch: 0.11347844451665878, epochs needed: 50
evaluating individudal 17 - b363797bcc6081d5. Mean loss in evaluation epoch: 0.11150822788476944, epochs needed: 50
evaluating individudal 18 - c107f10f26c3009a. Mean loss in evaluation epoch: 0.11117773503065109, epochs needed: 50
evaluating individudal 19 - f6bcc3792ce68201. Mean loss in evaluation epoch: 0.11030866950750351, epochs needed: 50
evaluating individudal 20 - ad509ccaea93d4c4. Mean loss in evaluation epoch: 0.11817623674869537, epochs needed: 50
evaluating individudal 21 - 01f9a95a7d15fc6e. Mean loss in evaluation epoch: 0.107798732817173, epochs needed: 50
evaluating individudal 22 - 9c199b4f5250b75c. Mean loss in evaluation epoch: 0.10966280847787857, epochs needed: 50
evaluating individudal 23 - 3cfaf59ac26893fc. Mean loss in evaluation epoch: 0.10838198661804199, epochs needed: 50
evaluating individudal 24 - deead11590139273. Mean loss in evaluation epoch: 0.11034919321537018, epochs needed: 50
evaluating individudal 25 - 7748b0b9553ac520. Mean loss in evaluation epoch: 0.10861045122146606, epochs needed: 50
evaluating individudal 26 - e895989945f383ea. Mean loss in evaluation epoch: 0.11034800857305527, epochs needed: 50
evaluating individudal 27 - 6654a98420c7aa0f. Mean loss in evaluation epoch: 0.13880157470703125, epochs needed: 50
evaluating individudal 28 - 73b77cb05bd32f4e. Mean loss in evaluation epoch: 0.10804922878742218, epochs needed: 50
evaluating individudal 29 - 6ad33c3bf2622dac. Mean loss in evaluation epoch: 0.108591727912426, epochs needed: 50
evaluating individudal 30 - 1266ed2c5468dd97. Mean loss in evaluation epoch: 0.10877251625061035, epochs needed: 50
evaluating individudal 31 - b1904932821e19e1. Mean loss in evaluation epoch: 0.10783549398183823, epochs needed: 50
evaluating individudal 32 - d097fcf2300d295b. Mean loss in evaluation epoch: 0.10803099721670151, epochs needed: 50
evaluating individudal 33 - 7f6ac91697c66a4e. Mean loss in evaluation epoch: 0.10723014175891876, epochs needed: 50
evaluating individudal 34 - 0ecb12084f5b080c. Mean loss in evaluation epoch: 0.10727401077747345, epochs needed: 50
evaluating individudal 35 - 3f01f155d01bc810. Mean loss in evaluation epoch: 0.10893099755048752, epochs needed: 50
evaluating individudal 36 - a9ee9946791f9dde. Mean loss in evaluation epoch: 0.10726092010736465, epochs needed: 50
evaluating individudal 37 - cdee9f85e5ba40fc. Mean loss in evaluation epoch: 0.10730989277362823, epochs needed: 50
evaluating individudal 38 - 3d0e803b5207fba5. Mean loss in evaluation epoch: 0.11032278835773468, epochs needed: 50
evaluating individudal 39 - 02f7ff980dfba5bb. Mean loss in evaluation epoch: 0.106931172311306, epochs needed: 50
evaluating individudal 0 - f663ea713006716e. Mean loss in evaluation epoch: 0.10638709366321564, epochs needed: 50
evaluating individudal 1 - 5589313ec345af03. Mean loss in evaluation epoch: 0.10750067234039307, epochs needed: 50
evaluating individudal 2 - da9b56e580d66671. Mean loss in evaluation epoch: 0.10767006129026413, epochs needed: 50
evaluating individudal 3 - 290f70242fe3ff90. Mean loss in evaluation epoch: 0.1103864461183548, epochs needed: 50
evaluating individudal 4 - 98043fe7b225edd6. Mean loss in evaluation epoch: 0.1072121188044548, epochs needed: 50
evaluating individudal 5 - 93732ddf06a509e2. Mean loss in evaluation epoch: 0.10894632339477539, epochs needed: 50
evaluating individudal 6 - 7973c4d7dba1ebed. Mean loss in evaluation epoch: 0.1080499216914177, epochs needed: 50
evaluating individudal 7 - 970463519e5cd8a7. Mean loss in evaluation epoch: 0.10769311338663101, epochs needed: 50
evaluating individudal 8 - 38749cfa2feeeed5. Mean loss in evaluation epoch: 0.10708979517221451, epochs needed: 50
evaluating individudal 9 - 422ecc7ecf82e1b0. Mean loss in evaluation epoch: 0.10707968473434448, epochs needed: 50
Round 3 done. -----------------------------------------
------------------------- TRACKING ---------------------------
Matrix Hash: f663ea713006716e, num_times_seen_before: 1
ACC: 0.4130612244897959
TPR/FPR: 0.6666666666666666, 0.608503100088574
Loss: 0.10638709366321564
Timestamp: 19714.317653115955
---------------------------------------------------------------
evaluating individudal 0 - 5651c6780a631e71. Mean loss in evaluation epoch: 0.10673520714044571, epochs needed: 50
evaluating individudal 1 - 868974291dd2b90c. Mean loss in evaluation epoch: 0.10569822788238525, epochs needed: 50
evaluating individudal 2 - cbdddb5d0207e82e. Mean loss in evaluation epoch: 0.10620583593845367, epochs needed: 50
evaluating individudal 3 - cb18c6ad49ea9ed5. Mean loss in evaluation epoch: 0.10753633826971054, epochs needed: 50
evaluating individudal 4 - e3ad88f7eeed9b40. Mean loss in evaluation epoch: 0.10671603679656982, epochs needed: 50
evaluating individudal 5 - b60f79490ef3bf45. Mean loss in evaluation epoch: 0.1063149943947792, epochs needed: 50
evaluating individudal 6 - f0e49569c6c81fa1. Mean loss in evaluation epoch: 0.1064494177699089, epochs needed: 50
evaluating individudal 7 - 7067d568a7ee0b34. Mean loss in evaluation epoch: 0.10615517944097519, epochs needed: 50
evaluating individudal 8 - b559485485bceb5b. Mean loss in evaluation epoch: 0.10879182815551758, epochs needed: 50
evaluating individudal 9 - 1ee8b39a5442dd5e. Mean loss in evaluation epoch: 0.10582738369703293, epochs needed: 50
evaluating individudal 10 - cd08b5f78564de4f. Mean loss in evaluation epoch: 0.10555507242679596, epochs needed: 50
evaluating individudal 11 - 649c6c8eb94c87e8. Mean loss in evaluation epoch: 0.1054714247584343, epochs needed: 50
evaluating individudal 12 - 6314153dae606704. Mean loss in evaluation epoch: 0.10562079399824142, epochs needed: 50
evaluating individudal 13 - a92607b5fdb672a5. Mean loss in evaluation epoch: 0.10519301891326904, epochs needed: 50
evaluating individudal 14 - 5b3b181931af1323. Mean loss in evaluation epoch: 0.10596334934234619, epochs needed: 50
evaluating individudal 15 - 9f0a89847e05bca3. Mean loss in evaluation epoch: 0.10632949322462082, epochs needed: 50
evaluating individudal 16 - ef4d1e5e4ae5f0f0. Mean loss in evaluation epoch: 0.10510685294866562, epochs needed: 50
evaluating individudal 17 - a4cf023b8a94cc12. Mean loss in evaluation epoch: 0.10550680011510849, epochs needed: 50
evaluating individudal 18 - 7fc97c124c1e72ea. Mean loss in evaluation epoch: 0.10587596893310547, epochs needed: 50
evaluating individudal 19 - 02b9b6d13d6bfee5. Mean loss in evaluation epoch: 0.10602741688489914, epochs needed: 50
evaluating individudal 20 - fa1b55754adf4ca9. Mean loss in evaluation epoch: 0.1055770143866539, epochs needed: 50
evaluating individudal 21 - bd075ebf45bbe069. Mean loss in evaluation epoch: 0.10561692714691162, epochs needed: 50
evaluating individudal 22 - 8fb59c56e8c907a7. Mean loss in evaluation epoch: 0.10468678921461105, epochs needed: 50
evaluating individudal 23 - f29495c502427313. Mean loss in evaluation epoch: 0.10514058917760849, epochs needed: 50
evaluating individudal 24 - 300e8279a948ea10. Mean loss in evaluation epoch: 0.10529627650976181, epochs needed: 50
evaluating individudal 25 - bd524d2d65ace30f. Mean loss in evaluation epoch: 0.10477565973997116, epochs needed: 50
evaluating individudal 26 - 40f24c601569530d. Mean loss in evaluation epoch: 0.10744130611419678, epochs needed: 50
evaluating individudal 27 - 584ca15e6c6fd2a3. Mean loss in evaluation epoch: 0.10680990666151047, epochs needed: 50
evaluating individudal 28 - 5222f4284df956d2. Mean loss in evaluation epoch: 0.10550267994403839, epochs needed: 50
evaluating individudal 29 - 7b901624986a4340. Mean loss in evaluation epoch: 0.10495338588953018, epochs needed: 50
evaluating individudal 30 - 5cf78fe858256db3. Mean loss in evaluation epoch: 0.10490810126066208, epochs needed: 50
evaluating individudal 31 - 2b3fff7fd597dd62. Mean loss in evaluation epoch: 0.10540848225355148, epochs needed: 50
evaluating individudal 32 - 5f89cf11870d7615. Mean loss in evaluation epoch: 0.10480823367834091, epochs needed: 50
evaluating individudal 33 - 4ec2bba72f0f41a5. Mean loss in evaluation epoch: 0.10606324672698975, epochs needed: 50
evaluating individudal 34 - 29ba3f483b72e893. Mean loss in evaluation epoch: 0.1044837236404419, epochs needed: 50
evaluating individudal 35 - 532938df7d5c2613. Mean loss in evaluation epoch: 0.10493629425764084, epochs needed: 50
evaluating individudal 36 - 8342c66f9e1937e0. Mean loss in evaluation epoch: 0.1046362891793251, epochs needed: 50
evaluating individudal 37 - c0227bbe248342d1. Mean loss in evaluation epoch: 0.10478878021240234, epochs needed: 50
evaluating individudal 38 - a7ab1e80c6edb347. Mean loss in evaluation epoch: 0.1046283021569252, epochs needed: 50
evaluating individudal 39 - 08e81bd9b4571812. Mean loss in evaluation epoch: 0.1056147962808609, epochs needed: 50
evaluating individudal 0 - f663ea713006716e. Mean loss in evaluation epoch: 0.10625429451465607, epochs needed: 50
evaluating individudal 1 - 02f7ff980dfba5bb. Mean loss in evaluation epoch: 0.10614397376775742, epochs needed: 50
evaluating individudal 2 - 422ecc7ecf82e1b0. Mean loss in evaluation epoch: 0.10603337734937668, epochs needed: 50
evaluating individudal 3 - 38749cfa2feeeed5. Mean loss in evaluation epoch: 0.10648063570261002, epochs needed: 50
evaluating individudal 4 - 98043fe7b225edd6. Mean loss in evaluation epoch: 0.10566069185733795, epochs needed: 50
evaluating individudal 5 - 7f6ac91697c66a4e. Mean loss in evaluation epoch: 0.10505383461713791, epochs needed: 50
evaluating individudal 6 - a9ee9946791f9dde. Mean loss in evaluation epoch: 0.10533194988965988, epochs needed: 50
evaluating individudal 7 - 0ecb12084f5b080c. Mean loss in evaluation epoch: 0.10560436546802521, epochs needed: 50
evaluating individudal 8 - cdee9f85e5ba40fc. Mean loss in evaluation epoch: 0.10577412694692612, epochs needed: 50
evaluating individudal 9 - 5589313ec345af03. Mean loss in evaluation epoch: 0.10620106756687164, epochs needed: 50
Round 4 done. -----------------------------------------
------------------------- TRACKING ---------------------------
Matrix Hash: 29ba3f483b72e893, num_times_seen_before: 0
ACC: 0.4481632653061225
TPR/FPR: 0.8020833333333334, 0.5819309123117803
Loss: 0.1044837236404419
Timestamp: 23037.381012432976
---------------------------------------------------------------
evaluating individudal 0 - 54b5063e61d3b147. Mean loss in evaluation epoch: 0.10405229777097702, epochs needed: 50
evaluating individudal 1 - 182290d60fe86dcd. Mean loss in evaluation epoch: 0.1036953330039978, epochs needed: 50
evaluating individudal 2 - a7dafc54322b2b8b. Mean loss in evaluation epoch: 0.10469658672809601, epochs needed: 50
evaluating individudal 3 - c7987ee9b05ca62e. Mean loss in evaluation epoch: 0.10373151302337646, epochs needed: 50
evaluating individudal 4 - 7c9f6301abc2e35d. Mean loss in evaluation epoch: 0.1045352965593338, epochs needed: 50
evaluating individudal 5 - 2d6c14e7c6d7dd2c. Mean loss in evaluation epoch: 0.1038440614938736, epochs needed: 50
evaluating individudal 6 - c485f07f44139768. Mean loss in evaluation epoch: 0.10361219942569733, epochs needed: 50
evaluating individudal 7 - f67f720528e40cd7. Mean loss in evaluation epoch: 0.10342667251825333, epochs needed: 50
evaluating individudal 8 - a1e0d5f1a6911278. Mean loss in evaluation epoch: 0.10371941328048706, epochs needed: 50
evaluating individudal 9 - 6dc6010437b79a98. Mean loss in evaluation epoch: 0.10352873057126999, epochs needed: 50
evaluating individudal 10 - 4f1d5752caf3e300. Mean loss in evaluation epoch: 0.10372865200042725, epochs needed: 50
evaluating individudal 11 - 394dfc35a30a01ff. Mean loss in evaluation epoch: 0.10391650348901749, epochs needed: 50
evaluating individudal 12 - 0e6a276ecbc5de48. Mean loss in evaluation epoch: 0.10358454287052155, epochs needed: 50
evaluating individudal 13 - 747c3f3921b1b2c2. Mean loss in evaluation epoch: 0.10359539836645126, epochs needed: 50
evaluating individudal 14 - 82c6e7f138333857. Mean loss in evaluation epoch: 0.10433802753686905, epochs needed: 50
evaluating individudal 15 - 0c9eb57d7321a8e6. Mean loss in evaluation epoch: 0.103834368288517, epochs needed: 50
evaluating individudal 16 - 5c2f433c7e526680. Mean loss in evaluation epoch: 0.10369374603033066, epochs needed: 50
evaluating individudal 17 - f7decbf14441bc2e. Mean loss in evaluation epoch: 0.10325782746076584, epochs needed: 50
evaluating individudal 18 - 578128dded48767b. Mean loss in evaluation epoch: 0.1037125363945961, epochs needed: 50
evaluating individudal 19 - a93ad9d3a7127b53. Mean loss in evaluation epoch: 0.1039845272898674, epochs needed: 50
evaluating individudal 20 - 6ba06d57e41ec0aa. Mean loss in evaluation epoch: 0.10375459492206573, epochs needed: 50
evaluating individudal 21 - f4c331ef0361a291. Mean loss in evaluation epoch: 0.10349661111831665, epochs needed: 50
evaluating individudal 22 - 3a9930c415aea5eb. Mean loss in evaluation epoch: 0.10372793674468994, epochs needed: 50
evaluating individudal 23 - 9530943df0354c2f. Mean loss in evaluation epoch: 0.10356581211090088, epochs needed: 50
evaluating individudal 24 - 10c752c0463cfc8f. Mean loss in evaluation epoch: 0.103664830327034, epochs needed: 50
evaluating individudal 25 - f36df05d804fc7b5. Mean loss in evaluation epoch: 0.10369636863470078, epochs needed: 50
evaluating individudal 26 - 14f9e2b0f23bb654. Mean loss in evaluation epoch: 0.10379020124673843, epochs needed: 50
evaluating individudal 27 - df33567badf0dab0. Mean loss in evaluation epoch: 0.1039612665772438, epochs needed: 50
evaluating individudal 28 - 3c9cca339f69c194. Mean loss in evaluation epoch: 0.1038607582449913, epochs needed: 50
evaluating individudal 29 - 4d4063ee6eb77a07. Mean loss in evaluation epoch: 0.1030556708574295, epochs needed: 50
evaluating individudal 30 - 953caa9bb4c783d4. Mean loss in evaluation epoch: 0.10296864807605743, epochs needed: 50
evaluating individudal 31 - 9e292c352c7bb8d4. Mean loss in evaluation epoch: 0.10291745513677597, epochs needed: 50
evaluating individudal 32 - 6fc95293d86b77a9. Mean loss in evaluation epoch: 0.10330457985401154, epochs needed: 50
evaluating individudal 33 - 1f70e9e030d687a3. Mean loss in evaluation epoch: 0.10369310528039932, epochs needed: 50
evaluating individudal 34 - 46d5166e68d56903. Mean loss in evaluation epoch: 0.10300061851739883, epochs needed: 50
evaluating individudal 35 - 706db945cd259f85. Mean loss in evaluation epoch: 0.10315334051847458, epochs needed: 50
evaluating individudal 36 - f376e7a1b662b2f7. Mean loss in evaluation epoch: 0.10381870716810226, epochs needed: 50
evaluating individudal 37 - 3202746c524f2f65. Mean loss in evaluation epoch: 0.10322880744934082, epochs needed: 50
evaluating individudal 38 - c3dfac31353f1501. Mean loss in evaluation epoch: 0.10319757461547852, epochs needed: 50
evaluating individudal 39 - bed8e2221fd7dec0. Mean loss in evaluation epoch: 0.1045752540230751, epochs needed: 50
evaluating individudal 0 - 29ba3f483b72e893. Mean loss in evaluation epoch: 0.10399770736694336, epochs needed: 50
evaluating individudal 1 - a7ab1e80c6edb347. 