../data/final/cml/timeseries_ba10_1k_3.5_restart.pickle
../data/final/edges_ba10.pickle
CONTINUATION: False
CONT_ADDRESS: ./hillclimbing_logs/linear/final/heuristics_comp/deterministic/cml/ba10_1k_restart_3.5_random/2021-03-04T15_54_10.394816
SEED: 1
NUM_DYN_EPOCHS: 250
DETECT_EARLY_CONVERGENCE: False
USE_EVALEPOCH_FOR_GUIDED_MUTATION: False
USE_NODEWISE_LOSS: False
USE_DYNAMIC_STEPS: True
NUM_GEN: 50
DETERMINISTIC_EVAL: False
FREE WALK: False
EXPERIMENTS: 5
FORMAT: standard
num samples: 1000
NUM_TRAIN_SAMPLES: 1000
NUM_TRAIN_BATCHES: 10
NUM_TEST_SAMPLES: 1000
NUM_TEST_BATCHES: 10
BATCH_SIZE: 100
HIDDEN_SIZE: 128
NUM_DYN_EPOCHS: 250
IS_CONTINUOUS: True
USE_MAX: False

Generation 0
Mean loss in evaluation epoch: 0.04586008936166763, epochs needed: 250
------------------------- TRACKING ---------------------------
Matrix Hash: dc306f8569412ca8, num_times_seen_before: 0
ACC: 0.48888888888888893
TPR/FPR: 0.5, 0.5172413793103449
Loss: 0.04586008936166763
Timestamp: 0
---------------------------------------------------------------
[tensor([0, 1]), tensor([0, 4]), tensor([1, 7]), tensor([2, 4]), tensor([3, 4]), tensor([3, 7]), tensor([4, 5]), tensor([5, 6]), tensor([5, 7]), tensor([5, 8])]
Mean loss in evaluation epoch: 0.04011489823460579, epochs needed: 250
Accepting!

Generation 1
Mean loss in evaluation epoch: 0.03986593708395958, epochs needed: 250
------------------------- TRACKING ---------------------------
Matrix Hash: aa25717beefd84f5, num_times_seen_before: 0
ACC: 0.5777777777777777
TPR/FPR: 0.75, 0.5172413793103449
Loss: 0.03986593708395958
Timestamp: 224.30529236199982
---------------------------------------------------------------
[tensor([0, 3]), tensor([0, 6]), tensor([1, 5]), tensor([1, 8]), tensor([3, 5]), tensor([3, 6]), tensor([3, 8]), tensor([4, 6]), tensor([6, 7])]
Mean loss in evaluation epoch: 0.030350221320986748, epochs needed: 250
Accepting!

Generation 2
Mean loss in evaluation epoch: 0.028093401342630386, epochs needed: 250
------------------------- TRACKING ---------------------------
Matrix Hash: 6821bf54d6e59430, num_times_seen_before: 0
ACC: 0.7333333333333334
TPR/FPR: 1.0, 0.41379310344827586
Loss: 0.028093401342630386
Timestamp: 450.0394087229997
---------------------------------------------------------------
[tensor([0, 1]), tensor([1, 3]), tensor([5, 7])]
Mean loss in evaluation epoch: 0.031907595694065094, epochs needed: 250
Rejecting!

Generation 3
Mean loss in evaluation epoch: 0.02777966856956482, epochs needed: 250
------------------------- TRACKING ---------------------------
Matrix Hash: 6821bf54d6e59430, num_times_seen_before: 1
ACC: 0.7333333333333334
TPR/FPR: 1.0, 0.41379310344827586
Loss: 0.02777966856956482
Timestamp: 661.8601312970004
---------------------------------------------------------------
[tensor([0, 1]), tensor([1, 3]), tensor([1, 5]), tensor([1, 6]), tensor([1, 9]), tensor([2, 6]), tensor([2, 8]), tensor([5, 9]), tensor([7, 8])]
Mean loss in evaluation epoch: 0.031019896268844604, epochs needed: 250
Rejecting!

Generation 4
Mean loss in evaluation epoch: 0.027150427922606468, epochs needed: 250
------------------------- TRACKING ---------------------------
Matrix Hash: 6821bf54d6e59430, num_times_seen_before: 2
ACC: 0.7333333333333334
TPR/FPR: 1.0, 0.41379310344827586
Loss: 0.027150427922606468
Timestamp: 873.4867111559997
---------------------------------------------------------------
[tensor([0, 1]), tensor([1, 3]), tensor([1, 9]), tensor([2, 6]), tensor([4, 5]), tensor([7, 8])]
Mean loss in evaluation epoch: 0.030910944566130638, epochs needed: 250
Rejecting!

Generation 5
Mean loss in evaluation epoch: 0.027199996635317802, epochs needed: 250
------------------------- TRACKING ---------------------------
Matrix Hash: 6821bf54d6e59430, num_times_seen_before: 3
ACC: 0.7333333333333334
TPR/FPR: 1.0, 0.41379310344827586
Loss: 0.027199996635317802
Timestamp: 1084.5923546969998
---------------------------------------------------------------
[tensor([1, 3]), tensor([1, 9]), tensor([2, 4])]
Mean loss in evaluation epoch: 0.03237984701991081, epochs needed: 250
Rejecting!

Generation 6
Mean loss in evaluation epoch: 0.027281267568469048, epochs needed: 250
------------------------- TRACKING ---------------------------
Matrix Hash: 6821bf54d6e59430, num_times_seen_before: 4
ACC: 0.7333333333333334
TPR/FPR: 1.0, 0.41379310344827586
Loss: 0.027281267568469048
Timestamp: 1299.1078371969998
---------------------------------------------------------------
[tensor([1, 3]), tensor([1, 9]), tensor([2, 8]), tensor([6, 9]), tensor([7, 9])]
Mean loss in evaluation epoch: 0.03063446655869484, epochs needed: 250
Rejecting!

Generation 7
Mean loss in evaluation epoch: 0.027499312534928322, epochs needed: 250
------------------------- TRACKING ---------------------------
Matrix Hash: 6821bf54d6e59430, num_times_seen_before: 5
ACC: 0.7333333333333334
TPR/FPR: 1.0, 0.41379310344827586
Loss: 0.027499312534928322
Timestamp: 1519.1220768080002
---------------------------------------------------------------
[tensor([0, 1]), tensor([1, 3]), tensor([1, 5]), tensor([2, 6]), tensor([2, 9]), tensor([5, 9]), tensor([6, 9]), tensor([7, 9])]
Mean loss in evaluation epoch: 0.031067419797182083, epochs needed: 250
Rejecting!

Generation 8
Mean loss in evaluation epoch: 0.027335798367857933, epochs needed: 250
------------------------- TRACKING ---------------------------
Matrix Hash: 6821bf54d6e59430, num_times_seen_before: 6
ACC: 0.7333333333333334
TPR/FPR: 1.0, 0.41379310344827586
Loss: 0.027335798367857933
Timestamp: 1733.7921940240003
---------------------------------------------------------------
[tensor([0, 1]), tensor([1, 3]), tensor([1, 7]), tensor([1, 9]), tensor([2, 6]), tensor([4, 7])]
Mean loss in evaluation epoch: 0.034949447959661484, epochs needed: 250
Rejecting!

Generation 9
Mean loss in evaluation epoch: 0.027415907010436058, epochs needed: 250
------------------------- TRACKING ---------------------------
Matrix Hash: 6821bf54d6e59430, num_times_seen_before: 7
ACC: 0.7333333333333334
TPR/FPR: 1.0, 0.41379310344827586
Loss: 0.027415907010436058
Timestamp: 1943.5261806460003
---------------------------------------------------------------
[tensor([0, 1]), tensor([1, 3]), tensor([2, 6]), tensor([3, 6]), tensor([5, 9]), tensor([6, 9])]
Mean loss in evaluation epoch: 0.029568767175078392, epochs needed: 250
Rejecting!

Generation 10
Mean loss in evaluation epoch: 0.02746262587606907, epochs needed: 250
------------------------- TRACKING ---------------------------
Matrix Hash: 6821bf54d6e59430, num_times_seen_before: 8
ACC: 0.7333333333333334
TPR/FPR: 1.0, 0.41379310344827586
Loss: 0.02746262587606907
Timestamp: 2156.920765455001
---------------------------------------------------------------
[tensor([1, 3]), tensor([5, 9]), tensor([7, 8])]
Mean loss in evaluation epoch: 0.02949429117143154, epochs needed: 250
Rejecting!

Generation 11
Mean loss in evaluation epoch: 0.02979283034801483, epochs needed: 250
------------------------- TRACKING ---------------------------
Matrix Hash: 6821bf54d6e59430, num_times_seen_before: 9
ACC: 0.7333333333333334
TPR/FPR: 1.0, 0.41379310344827586
Loss: 0.02979283034801483
Timestamp: 2371.6299209549998
---------------------------------------------------------------
[tensor([1, 3]), tensor([1, 9]), tensor([2, 4]), tensor([2, 6])]
Mean loss in evaluation epoch: 0.032378047704696655, epochs needed: 250
Rejecting!

Generation 12
Mean loss in evaluation epoch: 0.02836664393544197, epochs needed: 250
------------------------- TRACKING ---------------------------
Matrix Hash: 6821bf54d6e59430, num_times_seen_before: 10
ACC: 0.7333333333333334
TPR/FPR: 1.0, 0.41379310344827586
Loss: 0.02836664393544197
Timestamp: 2584.2753546019994
---------------------------------------------------------------
[tensor([1, 3]), tensor([2, 8]), tensor([3, 6]), tensor([4, 7]), tensor([5, 7]), tensor([7, 8])]
Mean loss in evaluation epoch: 0.027842504903674126, epochs needed: 250
Accepting!

Generation 13
Mean loss in evaluation epoch: 0.02993769384920597, epochs needed: 250
------------------------- TRACKING ---------------------------
Matrix Hash: dbbf699c937de60f, num_times_seen_before: 0
ACC: 0.8222222222222222
TPR/FPR: 1.0, 0.27586206896551724
Loss: 0.02993769384920597
Timestamp: 2800.8807527070003
---------------------------------------------------------------
[tensor([0, 1]), tensor([1, 3]), tensor([4, 7]), tensor([6, 9]), tensor([7, 9])]
Mean loss in evaluation epoch: 0.02538319304585457, epochs needed: 250
Accepting!

Generation 14
Mean loss in evaluation epoch: 0.025235438719391823, epochs needed: 250
------------------------- TRACKING ---------------------------
Matrix Hash: a576c68ea3aae743, num_times_seen_before: 0
ACC: 0.8444444444444444
TPR/FPR: 1.0, 0.2413793103448276
Loss: 0.025235438719391823
Timestamp: 3015.9138237429997
---------------------------------------------------------------
[tensor([0, 1]), tensor([2, 9]), tensor([3, 6]), tensor([3, 8]), tensor([4, 5]), tensor([4, 7]), tensor([4, 9]), tensor([5, 7]), tensor([5, 9]), tensor([6, 8])]
Mean loss in evaluation epoch: 0.024846067652106285, epochs needed: 250
Accepting!

Generation 15
Mean loss in evaluation epoch: 0.02187236212193966, epochs needed: 250
------------------------- TRACKING ---------------------------
Matrix Hash: 4a52b94be6d1a8b7, num_times_seen_before: 0
ACC: 0.8444444444444444
TPR/FPR: 1.0, 0.2413793103448276
Loss: 0.02187236212193966
Timestamp: 3230.3231353739993
---------------------------------------------------------------
[tensor([0, 1]), tensor([1, 3]), tensor([2, 9]), tensor([3, 8]), tensor([4, 9])]
Mean loss in evaluation epoch: 0.02136657014489174, epochs needed: 250
Accepting!

Generation 16
Mean loss in evaluation epoch: 0.021272923797369003, epochs needed: 250
------------------------- TRACKING ---------------------------
Matrix Hash: 1d4282e8eae6c2a0, num_times_seen_before: 0
ACC: 0.8666666666666667
TPR/FPR: 1.0, 0.20689655172413793
Loss: 0.021272923797369003
Timestamp: 3445.8265030639996
---------------------------------------------------------------
[tensor([0, 1]), tensor([2, 4]), tensor([2, 9]), tensor([4, 5]), tensor([4, 7]), tensor([4, 9]), tensor([5, 7]), tensor([6, 8]), tensor([7, 9]), tensor([8, 9])]
Mean loss in evaluation epoch: 0.027477595955133438, epochs needed: 250
Rejecting!

Generation 17
Mean loss in evaluation epoch: 0.021776249632239342, epochs needed: 250
------------------------- TRACKING ---------------------------
Matrix Hash: 1d4282e8eae6c2a0, num_times_seen_before: 1
ACC: 0.8666666666666667
TPR/FPR: 1.0, 0.20689655172413793
Loss: 0.021776249632239342
Timestamp: 3659.3668987990004
---------------------------------------------------------------
[tensor([0, 1]), tensor([0, 7]), tensor([2, 4]), tensor([2, 6]), tensor([4, 5]), tensor([4, 7]), tensor([5, 7]), tensor([5, 8]), tensor([6, 8]), tensor([8, 9])]
Mean loss in evaluation epoch: 0.02543550170958042, epochs needed: 250
Rejecting!

Generation 18
Mean loss in evaluation epoch: 0.02108229137957096, epochs needed: 250
------------------------- TRACKING ---------------------------
Matrix Hash: 1d4282e8eae6c2a0, num_times_seen_before: 2
ACC: 0.8666666666666667
TPR/FPR: 1.0, 0.20689655172413793
Loss: 0.02108229137957096
Timestamp: 3872.5563509040003
---------------------------------------------------------------
[tensor([2, 4]), tensor([2, 6]), tensor([4, 7]), tensor([4, 9]), tensor([5, 7]), tensor([5, 9]), tensor([8, 9])]
Mean loss in evaluation epoch: 0.02466013841331005, epochs needed: 250
Rejecting!

Generation 19
Mean loss in evaluation epoch: 0.0225411094725132, epochs needed: 250
------------------------- TRACKING ---------------------------
Matrix Hash: 1d4282e8eae6c2a0, num_times_seen_before: 3
ACC: 0.8666666666666667
TPR/FPR: 1.0, 0.20689655172413793
Loss: 0.0225411094725132
Timestamp: 4085.9941446289995
---------------------------------------------------------------
[tensor([0, 1]), tensor([1, 3]), tensor([2, 6]), tensor([3, 8]), tensor([4, 5]), tensor([4, 7]), tensor([5, 7]), tensor([5, 8]), tensor([5, 9]), tensor([7, 8]), tensor([7, 9]), tensor([8, 9])]
Mean loss in evaluation epoch: 0.02552688680589199, epochs needed: 250
Rejecting!

Generation 20
Mean loss in evaluation epoch: 0.021609339863061905, epochs needed: 250
------------------------- TRACKING ---------------------------
Matrix Hash: 1d4282e8eae6c2a0, num_times_seen_before: 4
ACC: 0.8666666666666667
TPR/FPR: 1.0, 0.20689655172413793
Loss: 0.021609339863061905
Timestamp: 4296.422018712001
---------------------------------------------------------------
[tensor([0, 1]), tensor([2, 4]), tensor([2, 6]), tensor([3, 6]), tensor([4, 7]), tensor([5, 7]), tensor([5, 8]), tensor([6, 8])]
Mean loss in evaluation epoch: 0.021491045132279396, epochs needed: 250
Accepting!

Generation 21
Mean loss in evaluation epoch: 0.021710358560085297, epochs needed: 250
------------------------- TRACKING ---------------------------
Matrix Hash: 3b1011642f7a030b, num_times_seen_before: 0
ACC: 0.9111111111111111
TPR/FPR: 1.0, 0.13793103448275862
Loss: 0.021710358560085297
Timestamp: 4512.034599707
---------------------------------------------------------------
[tensor([1, 3]), tensor([1, 8]), tensor([2, 6]), tensor([4, 7]), tensor([5, 8]), tensor([6, 8]), tensor([6, 9])]
Mean loss in evaluation epoch: 0.02131853811442852, epochs needed: 250
Accepting!

Generation 22
Mean loss in evaluation epoch: 0.02177380584180355, epochs needed: 250
------------------------- TRACKING ---------------------------
Matrix Hash: 55b56de91e5419d1, num_times_seen_before: 0
ACC: 0.9333333333333333
TPR/FPR: 1.0, 0.10344827586206896
Loss: 0.02177380584180355
Timestamp: 4721.895663596
---------------------------------------------------------------
[tensor([1, 8]), tensor([1, 9]), tensor([4, 5]), tensor([4, 7]), tensor([5, 7]), tensor([6, 8]), tensor([6, 9])]
Mean loss in evaluation epoch: 0.025446778163313866, epochs needed: 250
Rejecting!

Generation 23
Mean loss in evaluation epoch: 0.02146610990166664, epochs needed: 250
------------------------- TRACKING ---------------------------
Matrix Hash: 55b56de91e5419d1, num_times_seen_before: 1
ACC: 0.9333333333333333
TPR/FPR: 1.0, 0.10344827586206896
Loss: 0.02146610990166664
Timestamp: 4936.1015090969995
---------------------------------------------------------------
[tensor([1, 8]), tensor([2, 6]), tensor([5, 7]), tensor([6, 8]), tensor([6, 9])]
Mean loss in evaluation epoch: 0.012396737933158875, epochs needed: 250
Accepting!

Generation 24
Mean loss in evaluation epoch: 0.012813225388526917, epochs needed: 250
------------------------- TRACKING ---------------------------
Matrix Hash: 0a81570dd7df1a44, num_times_seen_before: 0
ACC: 0.9555555555555556
TPR/FPR: 1.0, 0.06896551724137931
Loss: 0.012813225388526917
Timestamp: 5146.443876506
---------------------------------------------------------------
[tensor([1, 2]), tensor([5, 7]), tensor([6, 8]), tensor([8, 9])]
Mean loss in evaluation epoch: 0.03157475218176842, epochs needed: 250
Rejecting!

Generation 25
Mean loss in evaluation epoch: 0.012400887906551361, epochs needed: 250
------------------------- TRACKING ---------------------------
Matrix Hash: 0a81570dd7df1a44, num_times_seen_before: 1
ACC: 0.9555555555555556
TPR/FPR: 1.0, 0.06896551724137931
Loss: 0.012400887906551361
Timestamp: 5359.69182084
---------------------------------------------------------------
[tensor([1, 2]), tensor([2, 9]), tensor([4, 6]), tensor([5, 7]), tensor([6, 8]), tensor([6, 9])]
Mean loss in evaluation epoch: 0.03718080371618271, epochs needed: 250
Rejecting!

Generation 26
Mean loss in evaluation epoch: 0.013859882950782776, epochs needed: 250
------------------------- TRACKING ---------------------------
Matrix Hash: 0a81570dd7df1a44, num_times_seen_before: 2
ACC: 0.9555555555555556
TPR/FPR: 1.0, 0.06896551724137931
Loss: 0.013859882950782776
Timestamp: 5571.8531001930005
---------------------------------------------------------------
[tensor([5, 7]), tensor([6, 8])]
Mean loss in evaluation epoch: 0.0049545192159712315, epochs needed: 250
Accepting!

Generation 27
Mean loss in evaluation epoch: 0.002914160955697298, epochs needed: 250
------------------------- TRACKING ---------------------------
Matrix Hash: c7cc2e5aaa95c0cd, num_times_seen_before: 0
ACC: 1.0
TPR/FPR: 1.0, 0.0
Loss: 0.002914160955697298
Timestamp: 5788.3483519189995
---------------------------------------------------------------
[tensor([0, 6]), tensor([2, 5]), tensor([3, 5]), tensor([3, 7]), tensor([5, 8])]
Mean loss in evaluation epoch: 0.02425011619925499, epochs needed: 250
Rejecting!

Generation 28
Mean loss in evaluation epoch: 0.006113796029239893, epochs needed: 250
------------------------- TRACKING ---------------------------
Matrix Hash: c7cc2e5aaa95c0cd, num_times_seen_before: 1
ACC: 1.0
TPR/FPR: 1.0, 0.0
Loss: 0.006113796029239893
Timestamp: 6002.228300342
---------------------------------------------------------------
[tensor([0, 9]), tensor([2, 3]), tensor([3, 4]), tensor([3, 7]), tensor([3, 9]), tensor([4, 8])]
Mean loss in evaluation epoch: 0.04160353168845177, epochs needed: 250
Rejecting!

Generation 29
Mean loss in evaluation epoch: 0.003592910710722208, epochs needed: 250
------------------------- TRACKING ---------------------------
Matrix Hash: c7cc2e5aaa95c0cd, num_times_seen_before: 2
ACC: 1.0
TPR/FPR: 1.0, 0.0
Loss: 0.003592910710722208
Timestamp: 6216.247788699
---------------------------------------------------------------
[tensor([0, 1]), tensor([0, 8]), tensor([3, 4])]
Mean loss in evaluation epoch: 0.01910700462758541, epochs needed: 250
Rejecting!

Generation 30
Mean loss in evaluation epoch: 0.005621546413749456, epochs needed: 250
------------------------- TRACKING ---------------------------
Matrix Hash: c7cc2e5aaa95c0cd, num_times_seen_before: 3
ACC: 1.0
TPR/FPR: 1.0, 0.0
Loss: 0.005621546413749456
Timestamp: 6432.425363189999
---------------------------------------------------------------
[tensor([0, 1]), tensor([1, 3]), tensor([3, 9]), tensor([4, 8])]
Mean loss in evaluation epoch: 0.0237442459911108, epochs needed: 250
Rejecting!

Generation 31
Mean loss in evaluation epoch: 0.0053175631910562515, epochs needed: 250
------------------------- TRACKING ---------------------------
Matrix Hash: c7cc2e5aaa95c0cd, num_times_seen_before: 4
ACC: 1.0
TPR/FPR: 1.0, 0.0
Loss: 0.0053175631910562515
Timestamp: 6644.588204088001
---------------------------------------------------------------
[tensor([0, 1]), tensor([0, 7]), tensor([1, 3]), tensor([1, 6]), tensor([1, 7]), tensor([1, 8]), tensor([2, 6]), tensor([4, 6]), tensor([5, 8])]
Mean loss in evaluation epoch: 0.0316234715282917, epochs needed: 250
Rejecting!

Generation 32
Mean loss in evaluation epoch: 0.006560693960636854, epochs needed: 250
------------------------- TRACKING ---------------------------
Matrix Hash: c7cc2e5aaa95c0cd, num_times_seen_before: 5
ACC: 1.0
TPR/FPR: 1.0, 0.0
Loss: 0.006560693960636854
Timestamp: 6855.473132363
---------------------------------------------------------------
[tensor([0, 1]), tensor([0, 4]), tensor([0, 7]), tensor([0, 8]), tensor([1, 3]), tensor([1, 5]), tensor([1, 7]), tensor([1, 8]), tensor([1, 9]), tensor([2, 9]), tensor([3, 4]), tensor([4, 8]), tensor([5, 9]), tensor([6, 9])]
Mean loss in evaluation epoch: 0.042382895946502686, epochs needed: 250
Rejecting!

Generation 33
Mean loss in evaluation epoch: 0.0026781451888382435, epochs needed: 250
------------------------- TRACKING ---------------------------
Matrix Hash: c7cc2e5aaa95c0cd, num_times_seen_before: 6
ACC: 1.0
TPR/FPR: 1.0, 0.0
Loss: 0.0026781451888382435
Timestamp: 7066.538271568001
---------------------------------------------------------------
[tensor([0, 3]), tensor([0, 9]), tensor([1, 4]), tensor([1, 5]), tensor([1, 6]), tensor([1, 7]), tensor([1, 8]), tensor([1, 9]), tensor([2, 6]), tensor([2, 7]), tensor([3, 4]), tensor([3, 5]), tensor([3, 7]), tensor([5, 8]), tensor([5, 9]), tensor([6, 8]), tensor([6, 9]), tensor([8, 9])]
Mean loss in evaluation epoch: 0.04470951855182648, epochs needed: 250
Rejecting!

Generation 34
Mean loss in evaluation epoch: 0.0024966427590698004, epochs needed: 250
------------------------- TRACKING ---------------------------
Matrix Hash: c7cc2e5aaa95c0cd, num_times_seen_before: 7
ACC: 1.0
TPR/FPR: 1.0, 0.0
Loss: 0.0024966427590698004
Timestamp: 7276.601854541001
---------------------------------------------------------------
[tensor([0, 8]), tensor([1, 7]), tensor([1, 8]), tensor([1, 9]), tensor([2, 5]), tensor([3, 4]), tensor([3, 5]), tensor([3, 7]), tensor([3, 9]), tensor([5, 9])]
Mean loss in evaluation epoch: 0.03768324479460716, epochs needed: 250
Rejecting!

Generation 35
Mean loss in evaluation epoch: 0.005077806301414967, epochs needed: 250
------------------------- TRACKING ---------------------------
Matrix Hash: c7cc2e5aaa95c0cd, num_times_seen_before: 8
ACC: 1.0
TPR/FPR: 1.0, 0.0
Loss: 0.005077806301414967
Timestamp: 7487.44061892
---------------------------------------------------------------
[tensor([0, 3]), tensor([0, 4]), tensor([1, 3]), tensor([1, 7]), tensor([1, 8]), tensor([2, 5]), tensor([2, 6]), tensor([2, 8]), tensor([2, 9]), tensor([3, 5]), tensor([3, 6]), tensor([5, 8]), tensor([5, 9]), tensor([7, 8]), tensor([7, 9])]
Mean loss in evaluation epoch: 0.03993857651948929, epochs needed: 250
Rejecting!

Generation 36
Mean loss in evaluation epoch: 0.0016170804155990481, epochs needed: 250
------------------------- TRACKING ---------------------------
Matrix Hash: c7cc2e5aaa95c0cd, num_times_seen_before: 9
ACC: 1.0
TPR/FPR: 1.0, 0.0
Loss: 0.0016170804155990481
Timestamp: 7696.314599451
---------------------------------------------------------------
[tensor([0, 3]), tensor([1, 5]), tensor([1, 6]), tensor([1, 8]), tensor([3, 4]), tensor([3, 9]), tensor([5, 8]), tensor([6, 9]), tensor([7, 9]), tensor([8, 9])]
Mean loss in evaluation epoch: 0.03602242469787598, epochs needed: 250
Rejecting!

Generation 37
Mean loss in evaluation epoch: 0.00444309925660491, epochs needed: 250
------------------------- TRACKING ---------------------------
Matrix Hash: c7cc2e5aaa95c0cd, num_times_seen_before: 10
ACC: 1.0
TPR/FPR: 1.0, 0.0
Loss: 0.00444309925660491
Timestamp: 7910.372669605
---------------------------------------------------------------
[tensor([0, 3]), tensor([0, 4]), tensor([0, 6]), tensor([0, 8]), tensor([1, 8]), tensor([2, 3]), tensor([2, 5]), tensor([2, 6]), tensor([3, 4]), tensor([3, 7]), tensor([3, 9]), tensor([4, 6])]
Mean loss in evaluation epoch: 0.04628738388419151, epochs needed: 250
Rejecting!

Generation 38
Mean loss in evaluation epoch: 0.002789890393614769, epochs needed: 250
------------------------- TRACKING ---------------------------
Matrix Hash: c7cc2e5aaa95c0cd, num_times_seen_before: 11
ACC: 1.0
TPR/FPR: 1.0, 0.0
Loss: 0.002789890393614769
Timestamp: 8122.305415778999
---------------------------------------------------------------
[tensor([0, 4]), tensor([0, 6]), tensor([0, 8]), tensor([1, 8]), tensor([2, 5]), tensor([2, 6]), tensor([2, 8]), tensor([3, 4]), tensor([3, 5]), tensor([3, 7]), tensor([3, 9]), tensor([4, 6]), tensor([4, 8])]
Mean loss in evaluation epoch: 0.055600035935640335, epochs needed: 250
Rejecting!

Generation 39
Mean loss in evaluation epoch: 0.002923564752563834, epochs needed: 250
------------------------- TRACKING ---------------------------
Matrix Hash: c7cc2e5aaa95c0cd, num_times_seen_before: 12
ACC: 1.0
TPR/FPR: 1.0, 0.0
Loss: 0.002923564752563834
Timestamp: 8336.247616388
---------------------------------------------------------------
[tensor([2, 5]), tensor([2, 6]), tensor([2, 8]), tensor([3, 4]), tensor([3, 7]), tensor([3, 9])]
Mean loss in evaluation epoch: 0.029742825776338577, epochs needed: 250
Rejecting!

Generation 40
Mean loss in evaluation epoch: 0.00445124227553606, epochs needed: 250
------------------------- TRACKING ---------------------------
Matrix Hash: c7cc2e5aaa95c0cd, num_times_seen_before: 13
ACC: 1.0
TPR/FPR: 1.0, 0.0
Loss: 0.00445124227553606
Timestamp: 8548.586177985
---------------------------------------------------------------
[tensor([0, 6]), tensor([0, 8]), tensor([2, 5]), tensor([2, 6]), tensor([2, 8]), tensor([3, 4]), tensor([3, 9]), tensor([5, 8])]
Mean loss in evaluation epoch: 0.02901567332446575, epochs needed: 250
Rejecting!

Generation 41
Mean loss in evaluation epoch: 0.005535348784178495, epochs needed: 250
------------------------- TRACKING ---------------------------
Matrix Hash: c7cc2e5aaa95c0cd, num_times_seen_before: 14
ACC: 1.0
TPR/FPR: 1.0, 0.0
Loss: 0.005535348784178495
Timestamp: 8760.76253699
---------------------------------------------------------------
[tensor([0, 3]), tensor([0, 6]), tensor([0, 9]), tensor([1, 5]), tensor([1, 8]), tensor([2, 3]), tensor([2, 5]), tensor([2, 6]), tensor([2, 7]), tensor([2, 8]), tensor([3, 4]), tensor([3, 6]), tensor([3, 7]), tensor([6, 8]), tensor([6, 9])]
Mean loss in evaluation epoch: 0.04111827537417412, epochs needed: 250
Rejecting!

Generation 42
Mean loss in evaluation epoch: 0.0060377055779099464, epochs needed: 250
------------------------- TRACKING ---------------------------
Matrix Hash: c7cc2e5aaa95c0cd, num_times_seen_before: 15
ACC: 1.0
TPR/FPR: 1.0, 0.0
Loss: 0.0060377055779099464
Timestamp: 8971.230765279
---------------------------------------------------------------
[tensor([0, 2]), tensor([0, 3]), tensor([0, 4]), tensor([0, 6]), tensor([1, 6]), tensor([2, 6]), tensor([2, 7]), tensor([2, 8]), tensor([3, 4]), tensor([3, 5]), tensor([3, 7]), tensor([3, 9]), tensor([5, 8]), tensor([6, 8]), tensor([6, 9]), tensor([8, 9])]
Mean loss in evaluation epoch: 0.04362816363573074, epochs needed: 250
Rejecting!

Generation 43
Mean loss in evaluation epoch: 0.00488537410274148, epochs needed: 250
------------------------- TRACKING ---------------------------
Matrix Hash: c7cc2e5aaa95c0cd, num_times_seen_before: 16
ACC: 1.0
TPR/FPR: 1.0, 0.0
Loss: 0.00488537410274148
Timestamp: 9181.700671661
---------------------------------------------------------------
[tensor([0, 3]), tensor([0, 4]), tensor([0, 5]), tensor([0, 9]), tensor([1, 6]), tensor([1, 9]), tensor([2, 5]), tensor([2, 6]), tensor([2, 7]), tensor([3, 4]), tensor([3, 7]), tensor([3, 9]), tensor([5, 8]), tensor([5, 9]), tensor([6, 9])]
Mean loss in evaluation epoch: 0.04343501105904579, epochs needed: 250
Rejecting!

Generation 44
Mean loss in evaluation epoch: 0.0037593126762658358, epochs needed: 250
------------------------- TRACKING ---------------------------
Matrix Hash: c7cc2e5aaa95c0cd, num_times_seen_before: 17
ACC: 1.0
TPR/FPR: 1.0, 0.0
Loss: 0.0037593126762658358
Timestamp: 9392.582766992
---------------------------------------------------------------
[tensor([0, 1]), tensor([0, 3]), tensor([0, 8]), tensor([1, 5]), tensor([2, 5]), tensor([2, 6]), tensor([3, 4]), tensor([3, 5]), tensor([3, 7]), tensor([3, 9]), tensor([4, 6])]
Mean loss in evaluation epoch: 0.043552156537771225, epochs needed: 250
Rejecting!

Generation 45
Mean loss in evaluation epoch: 0.004999631084501743, epochs needed: 250
------------------------- TRACKING ---------------------------
Matrix Hash: c7cc2e5aaa95c0cd, num_times_seen_before: 18
ACC: 1.0
TPR/FPR: 1.0, 0.0
Loss: 0.004999631084501743
Timestamp: 9601.785193165
---------------------------------------------------------------
[tensor([0, 3]), tensor([0, 4]), tensor([0, 8]), tensor([1, 5]), tensor([2, 6]), tensor([2, 8]), tensor([3, 4]), tensor([3, 7]), tensor([3, 9]), tensor([4, 6])]
Mean loss in evaluation epoch: 0.042818646878004074, epochs needed: 250
Rejecting!

Generation 46
Mean loss in evaluation epoch: 0.0021531833335757256, epochs needed: 250
------------------------- TRACKING ---------------------------
Matrix Hash: c7cc2e5aaa95c0cd, num_times_seen_before: 19
ACC: 1.0
TPR/FPR: 1.0, 0.0
Loss: 0.0021531833335757256
Timestamp: 9711.836482741
---------------------------------------------------------------
[tensor([0, 3]), tensor([0, 8]), tensor([1, 6]), tensor([1, 8]), tensor([2, 3]), tensor([2, 6]), tensor([2, 8]), tensor([3, 4]), tensor([3, 7])]
Mean loss in evaluation epoch: 0.03654884174466133, epochs needed: 250
Rejecting!

Generation 47
Mean loss in evaluation epoch: 0.006240903399884701, epochs needed: 250
------------------------- TRACKING ---------------------------
Matrix Hash: c7cc2e5aaa95c0cd, num_times_seen_before: 20
ACC: 1.0
TPR/FPR: 1.0, 0.0
Loss: 0.006240903399884701
Timestamp: 9798.014167585
---------------------------------------------------------------
[tensor([0, 6]), tensor([0, 8]), tensor([0, 9]), tensor([3, 4]), tensor([3, 5]), tensor([3, 7]), tensor([3, 9]), tensor([4, 8])]
Mean loss in evaluation epoch: 0.05481589958071709, epochs needed: 250
Rejecting!

Generation 48
Mean loss in evaluation epoch: 0.003790043294429779, epochs needed: 250
------------------------- TRACKING ---------------------------
Matrix Hash: c7cc2e5aaa95c0cd, num_times_seen_before: 21
ACC: 1.0
TPR/FPR: 1.0, 0.0
Loss: 0.003790043294429779
Timestamp: 9878.993295702001
---------------------------------------------------------------
[tensor([3, 4]), tensor([3, 7]), tensor([3, 9]), tensor([4, 6]), tensor([4, 8])]
Mean loss in evaluation epoch: 0.03035394661128521, epochs needed: 250
Rejecting!

Generation 49
Mean loss in evaluation epoch: 0.007363557815551758, epochs needed: 250
------------------------- TRACKING ---------------------------
Matrix Hash: c7cc2e5aaa95c0cd, num_times_seen_before: 22
ACC: 1.0
TPR/FPR: 1.0, 0.0
Loss: 0.007363557815551758
Timestamp: 9959.994447878
---------------------------------------------------------------
[tensor([0, 5]), tensor([1, 6]), tensor([2, 6]), tensor([3, 4]), tensor([3, 7]), tensor([3, 9]), tensor([4, 8])]
Mean loss in evaluation epoch: 0.03562181815505028, epochs needed: 250
Rejecting!
------------------------- TRACKING ---------------------------
Matrix Hash: c7cc2e5aaa95c0cd, num_times_seen_before: 23
ACC: 1.0
TPR/FPR: 1.0, 0.0
Loss: 0.007363557815551758
Timestamp: 10000.005082351001
---------------------------------------------------------------
Time needed: 10106.516187624002 sec
