../data/final/Voter/timeseries_ba20_100.pickle
../data/final/edges_ba20.pickle
SEED: 0
NUM_DYN_EPOCHS: 300
DETECT_EARLY_CONVERGENCE: False
CONTINUATION: False
CONT_ADDRESS: /content/drive/MyDrive/BA_Code/hillclimbing_logs/annealing/first/2021-01-27T18_56_40.854852
USE_EVALEPOCH_FOR_GUIDED_MUTATION: False
NUM_GEN: 30
NUM_TRAIN_SAMPLES: 100
NUM_TRAIN_BATCHES: 1
NUM_TEST_SAMPLES: 100
NUM_TEST_BATCHES: 1
BATCH_SIZE: 100
HIDDEN_SIZE: 128
NUM_DYN_EPOCHS: 300
IS_CONTINUOUS: False
USE_MAX: False
Mean loss in evaluation epoch: 0.5761488676071167, epochs needed: 300


 Tracking generation 0
------------------------- TRACKING ---------------------------
Matrix Hash: 4ff7fa0e7aa1bfe2, num_times_seen_before: 0
ACC: 0.4842105263157894
TPR/FPR: 0.6388888888888888, 0.551948051948052
Loss: 0.5761488676071167
Timestamp: 0
---------------------------------------------------------------
Candidate: 89d3c46177842e78. Changes:30
Mean loss in evaluation epoch: 0.5296195149421692, epochs needed: 300
smaller, so accepting
Mean loss in evaluation epoch: 0.5323670506477356, epochs needed: 300


 Tracking generation 1
------------------------- TRACKING ---------------------------
Matrix Hash: 89d3c46177842e78, num_times_seen_before: 0
ACC: 0.5894736842105264
TPR/FPR: 0.8333333333333334, 0.4675324675324675
Loss: 0.5323670506477356
Timestamp: 3.0426666950000083
---------------------------------------------------------------
Candidate: f48e5ae9bae30f10. Changes:17
Mean loss in evaluation epoch: 0.5111967921257019, epochs needed: 300
smaller, so accepting
Mean loss in evaluation epoch: 0.5099457502365112, epochs needed: 300


 Tracking generation 2
------------------------- TRACKING ---------------------------
Matrix Hash: f48e5ae9bae30f10, num_times_seen_before: 0
ACC: 0.6368421052631579
TPR/FPR: 0.8888888888888888, 0.42207792207792205
Loss: 0.5099457502365112
Timestamp: 5.95207886899999
---------------------------------------------------------------
Candidate: 5b949e1b837ede54. Changes:35
Mean loss in evaluation epoch: 0.47868454456329346, epochs needed: 300
smaller, so accepting
Mean loss in evaluation epoch: 0.478251576423645, epochs needed: 300


 Tracking generation 3
------------------------- TRACKING ---------------------------
Matrix Hash: 5b949e1b837ede54, num_times_seen_before: 0
ACC: 0.7473684210526316
TPR/FPR: 0.9166666666666666, 0.2922077922077922
Loss: 0.478251576423645
Timestamp: 8.901623254000015
---------------------------------------------------------------
Candidate: a2b935bc472b2859. Changes:19
Mean loss in evaluation epoch: 0.4554240107536316, epochs needed: 300
smaller, so accepting
Mean loss in evaluation epoch: 0.4552304446697235, epochs needed: 300


 Tracking generation 4
------------------------- TRACKING ---------------------------
Matrix Hash: a2b935bc472b2859, num_times_seen_before: 0
ACC: 0.8157894736842105
TPR/FPR: 0.9166666666666666, 0.2077922077922078
Loss: 0.4552304446697235
Timestamp: 11.89855311400001
---------------------------------------------------------------
Candidate: fdcdd9356f183356. Changes:16
Mean loss in evaluation epoch: 0.43468111753463745, epochs needed: 300
smaller, so accepting
Mean loss in evaluation epoch: 0.4355286657810211, epochs needed: 300


 Tracking generation 5
------------------------- TRACKING ---------------------------
Matrix Hash: fdcdd9356f183356, num_times_seen_before: 0
ACC: 0.8578947368421053
TPR/FPR: 0.9166666666666666, 0.15584415584415584
Loss: 0.4355286657810211
Timestamp: 14.874359929999997
---------------------------------------------------------------
Candidate: bae73bcff05cc7ea. Changes:19
Mean loss in evaluation epoch: 0.42172548174858093, epochs needed: 300
smaller, so accepting
Mean loss in evaluation epoch: 0.4234597682952881, epochs needed: 300


 Tracking generation 6
------------------------- TRACKING ---------------------------
Matrix Hash: bae73bcff05cc7ea, num_times_seen_before: 0
ACC: 0.9052631578947369
TPR/FPR: 0.9444444444444444, 0.1038961038961039
Loss: 0.4234597682952881
Timestamp: 17.85745279400001
---------------------------------------------------------------
Candidate: 9959d0e9a044ab7f. Changes:17
Mean loss in evaluation epoch: 0.4253637492656708, epochs needed: 300
will accept with prob tensor(0.7801)
accepting!
Mean loss in evaluation epoch: 0.43041282892227173, epochs needed: 300


 Tracking generation 7
------------------------- TRACKING ---------------------------
Matrix Hash: 9959d0e9a044ab7f, num_times_seen_before: 0
ACC: 0.868421052631579
TPR/FPR: 0.9444444444444444, 0.14935064935064934
Loss: 0.43041282892227173
Timestamp: 21.10434111500001
---------------------------------------------------------------
Candidate: f4c7070064844a75. Changes:19
Mean loss in evaluation epoch: 0.4113228917121887, epochs needed: 300
smaller, so accepting
Mean loss in evaluation epoch: 0.41067278385162354, epochs needed: 300


 Tracking generation 8
------------------------- TRACKING ---------------------------
Matrix Hash: f4c7070064844a75, num_times_seen_before: 0
ACC: 0.8947368421052632
TPR/FPR: 0.9444444444444444, 0.11688311688311688
Loss: 0.41067278385162354
Timestamp: 24.014654766000007
---------------------------------------------------------------
Candidate: 43b3763ddd116667. Changes:6
Mean loss in evaluation epoch: 0.4244215786457062, epochs needed: 300
will accept with prob tensor(0.1403)
rejecting.
Mean loss in evaluation epoch: 0.4099929928779602, epochs needed: 300


 Tracking generation 9
------------------------- TRACKING ---------------------------
Matrix Hash: f4c7070064844a75, num_times_seen_before: 1
ACC: 0.8947368421052632
TPR/FPR: 0.9444444444444444, 0.11688311688311688
Loss: 0.4099929928779602
Timestamp: 27.230886611000017
---------------------------------------------------------------
Candidate: 012ae78629d200c5. Changes:8
Mean loss in evaluation epoch: 0.4144802987575531, epochs needed: 300
will accept with prob tensor(0.5101)
rejecting.
Mean loss in evaluation epoch: 0.4090560972690582, epochs needed: 300


 Tracking generation 10
------------------------- TRACKING ---------------------------
Matrix Hash: f4c7070064844a75, num_times_seen_before: 2
ACC: 0.8947368421052632
TPR/FPR: 0.9444444444444444, 0.11688311688311688
Loss: 0.4090560972690582
Timestamp: 30.463322824000016
---------------------------------------------------------------
Candidate: 86a3baba7c4c8243. Changes:13
Mean loss in evaluation epoch: 0.4184328615665436, epochs needed: 300
will accept with prob tensor(0.2275)
rejecting.
Mean loss in evaluation epoch: 0.4111391305923462, epochs needed: 300


 Tracking generation 11
------------------------- TRACKING ---------------------------
Matrix Hash: f4c7070064844a75, num_times_seen_before: 3
ACC: 0.8947368421052632
TPR/FPR: 0.9444444444444444, 0.11688311688311688
Loss: 0.4111391305923462
Timestamp: 33.41518394100001
---------------------------------------------------------------
Candidate: 9951af9a943ce433. Changes:10
Mean loss in evaluation epoch: 0.41940101981163025, epochs needed: 300
will accept with prob tensor(0.2523)
accepting!
Mean loss in evaluation epoch: 0.41884320974349976, epochs needed: 300


 Tracking generation 12
------------------------- TRACKING ---------------------------
Matrix Hash: 9951af9a943ce433, num_times_seen_before: 0
ACC: 0.8947368421052632
TPR/FPR: 0.9722222222222222, 0.12337662337662338
Loss: 0.41884320974349976
Timestamp: 36.38657850300001
---------------------------------------------------------------
Candidate: e95fdad0423c7a98. Changes:11
Mean loss in evaluation epoch: 0.41268259286880493, epochs needed: 300
smaller, so accepting
Mean loss in evaluation epoch: 0.4126347005367279, epochs needed: 300


 Tracking generation 13
------------------------- TRACKING ---------------------------
Matrix Hash: e95fdad0423c7a98, num_times_seen_before: 0
ACC: 0.9
TPR/FPR: 0.9722222222222222, 0.11688311688311688
Loss: 0.4126347005367279
Timestamp: 39.350140986000014
---------------------------------------------------------------
Candidate: 5c6efe2eccf51229. Changes:28
Mean loss in evaluation epoch: 0.4447007179260254, epochs needed: 300
will accept with prob tensor(0.0024)
rejecting.
Mean loss in evaluation epoch: 0.4122536778450012, epochs needed: 300


 Tracking generation 14
------------------------- TRACKING ---------------------------
Matrix Hash: e95fdad0423c7a98, num_times_seen_before: 1
ACC: 0.9
TPR/FPR: 0.9722222222222222, 0.11688311688311688
Loss: 0.4122536778450012
Timestamp: 42.571982233
---------------------------------------------------------------
Candidate: 22c3e08a94e60dd0. Changes:30
Mean loss in evaluation epoch: 0.43547841906547546, epochs needed: 300
will accept with prob tensor(0.0096)
rejecting.
Mean loss in evaluation epoch: 0.4109519124031067, epochs needed: 300


 Tracking generation 15
------------------------- TRACKING ---------------------------
Matrix Hash: e95fdad0423c7a98, num_times_seen_before: 2
ACC: 0.9
TPR/FPR: 0.9722222222222222, 0.11688311688311688
Loss: 0.4109519124031067
Timestamp: 45.67846103100001
---------------------------------------------------------------
Candidate: 10e604cb94c04b24. Changes:17
Mean loss in evaluation epoch: 0.39711546897888184, epochs needed: 300
smaller, so accepting
Mean loss in evaluation epoch: 0.3973381519317627, epochs needed: 300


 Tracking generation 16
------------------------- TRACKING ---------------------------
Matrix Hash: 10e604cb94c04b24, num_times_seen_before: 0
ACC: 0.8947368421052632
TPR/FPR: 0.9722222222222222, 0.12337662337662338
Loss: 0.3973381519317627
Timestamp: 49.23978634600002
---------------------------------------------------------------
Candidate: 61d5fd95ec5bb574. Changes:23
Mean loss in evaluation epoch: 0.40750882029533386, epochs needed: 300
will accept with prob tensor(0.0956)
rejecting.
Mean loss in evaluation epoch: 0.3970264196395874, epochs needed: 300


 Tracking generation 17
------------------------- TRACKING ---------------------------
Matrix Hash: 10e604cb94c04b24, num_times_seen_before: 1
ACC: 0.8947368421052632
TPR/FPR: 0.9722222222222222, 0.12337662337662338
Loss: 0.3970264196395874
Timestamp: 52.07137436300002
---------------------------------------------------------------
Candidate: cb707a667a243dab. Changes:14
Mean loss in evaluation epoch: 0.42294150590896606, epochs needed: 300
will accept with prob tensor(0.0015)
rejecting.
Mean loss in evaluation epoch: 0.3971271216869354, epochs needed: 300


 Tracking generation 18
------------------------- TRACKING ---------------------------
Matrix Hash: 10e604cb94c04b24, num_times_seen_before: 2
ACC: 0.8947368421052632
TPR/FPR: 0.9722222222222222, 0.12337662337662338
Loss: 0.3971271216869354
Timestamp: 55.14646300300001
---------------------------------------------------------------
Candidate: 0fb633a7b1bf4618. Changes:19
Mean loss in evaluation epoch: 0.39297935366630554, epochs needed: 300
smaller, so accepting
Mean loss in evaluation epoch: 0.39513447880744934, epochs needed: 300


 Tracking generation 19
------------------------- TRACKING ---------------------------
Matrix Hash: 0fb633a7b1bf4618, num_times_seen_before: 0
ACC: 0.9105263157894736
TPR/FPR: 0.9722222222222222, 0.1038961038961039
Loss: 0.39513447880744934
Timestamp: 58.310806533000004
---------------------------------------------------------------
Candidate: 5d9b680c17492d1f. Changes:22
Mean loss in evaluation epoch: 0.4179476201534271, epochs needed: 300
will accept with prob tensor(0.0011)
rejecting.
Mean loss in evaluation epoch: 0.3946692645549774, epochs needed: 300


 Tracking generation 20
------------------------- TRACKING ---------------------------
Matrix Hash: 0fb633a7b1bf4618, num_times_seen_before: 1
ACC: 0.9105263157894736
TPR/FPR: 0.9722222222222222, 0.1038961038961039
Loss: 0.3946692645549774
Timestamp: 61.889844896
---------------------------------------------------------------
Candidate: de09d1b28ea1f757. Changes:26
Mean loss in evaluation epoch: 0.4467739760875702, epochs needed: 300
will accept with prob tensor(2.8646e-08)
rejecting.
Mean loss in evaluation epoch: 0.3944008946418762, epochs needed: 300


 Tracking generation 21
------------------------- TRACKING ---------------------------
Matrix Hash: 0fb633a7b1bf4618, num_times_seen_before: 2
ACC: 0.9105263157894736
TPR/FPR: 0.9722222222222222, 0.1038961038961039
Loss: 0.3944008946418762
Timestamp: 64.869115091
---------------------------------------------------------------
Candidate: b73493d71dcad513. Changes:22
Mean loss in evaluation epoch: 0.4172934591770172, epochs needed: 300
will accept with prob tensor(0.0002)
rejecting.
Mean loss in evaluation epoch: 0.3945625424385071, epochs needed: 300


 Tracking generation 22
------------------------- TRACKING ---------------------------
Matrix Hash: 0fb633a7b1bf4618, num_times_seen_before: 3
ACC: 0.9105263157894736
TPR/FPR: 0.9722222222222222, 0.1038961038961039
Loss: 0.3945625424385071
Timestamp: 68.332283642
---------------------------------------------------------------
Candidate: 0134950d39caaddf. Changes:17
Mean loss in evaluation epoch: 0.413505494594574, epochs needed: 300
will accept with prob tensor(0.0003)
rejecting.
Mean loss in evaluation epoch: 0.3943335711956024, epochs needed: 300


 Tracking generation 23
------------------------- TRACKING ---------------------------
Matrix Hash: 0fb633a7b1bf4618, num_times_seen_before: 4
ACC: 0.9105263157894736
TPR/FPR: 0.9722222222222222, 0.1038961038961039
Loss: 0.3943335711956024
Timestamp: 71.380612988
---------------------------------------------------------------
Candidate: 08c9fb863627f81a. Changes:16
Mean loss in evaluation epoch: 0.393649160861969, epochs needed: 300
smaller, so accepting
Mean loss in evaluation epoch: 0.39562109112739563, epochs needed: 300


 Tracking generation 24
------------------------- TRACKING ---------------------------
Matrix Hash: 08c9fb863627f81a, num_times_seen_before: 0
ACC: 0.9
TPR/FPR: 1.0, 0.12337662337662338
Loss: 0.39562109112739563
Timestamp: 74.659681643
---------------------------------------------------------------
Candidate: a01181c47c5588cd. Changes:23
Mean loss in evaluation epoch: 0.4384031891822815, epochs needed: 300
will accept with prob tensor(7.1119e-12)
rejecting.
Mean loss in evaluation epoch: 0.39588603377342224, epochs needed: 300


 Tracking generation 25
------------------------- TRACKING ---------------------------
Matrix Hash: 08c9fb863627f81a, num_times_seen_before: 1
ACC: 0.9
TPR/FPR: 1.0, 0.12337662337662338
Loss: 0.39588603377342224
Timestamp: 78.056958469
---------------------------------------------------------------
Candidate: fc4f7a369709ea1d. Changes:24
Mean loss in evaluation epoch: 0.42843878269195557, epochs needed: 300
will accept with prob tensor(2.4940e-11)
rejecting.
Mean loss in evaluation epoch: 0.39183393120765686, epochs needed: 300


 Tracking generation 26
------------------------- TRACKING ---------------------------
Matrix Hash: 08c9fb863627f81a, num_times_seen_before: 2
ACC: 0.9
TPR/FPR: 1.0, 0.12337662337662338
Loss: 0.39183393120765686
Timestamp: 81.215823597
---------------------------------------------------------------
Candidate: 45a6b7da9f27b41c. Changes:20
Mean loss in evaluation epoch: 0.4250868558883667, epochs needed: 300
will accept with prob tensor(3.6178e-15)
rejecting.
Mean loss in evaluation epoch: 0.3938385248184204, epochs needed: 300


 Tracking generation 27
------------------------- TRACKING ---------------------------
Matrix Hash: 08c9fb863627f81a, num_times_seen_before: 3
ACC: 0.9
TPR/FPR: 1.0, 0.12337662337662338
Loss: 0.3938385248184204
Timestamp: 85.05063759800001
---------------------------------------------------------------
Candidate: 813442649ccd9a98. Changes:20
Mean loss in evaluation epoch: 0.41936835646629333, epochs needed: 300
will accept with prob tensor(2.3378e-17)
rejecting.
Mean loss in evaluation epoch: 0.39345401525497437, epochs needed: 300


 Tracking generation 28
------------------------- TRACKING ---------------------------
Matrix Hash: 08c9fb863627f81a, num_times_seen_before: 4
ACC: 0.9
TPR/FPR: 1.0, 0.12337662337662338
Loss: 0.39345401525497437
Timestamp: 88.220980578
---------------------------------------------------------------
Candidate: 4c3f6c5c966dc88f. Changes:22
Mean loss in evaluation epoch: 0.4371901750564575, epochs needed: 300
will accept with prob tensor(0.)
rejecting.
Mean loss in evaluation epoch: 0.39450639486312866, epochs needed: 300


 Tracking generation 29
------------------------- TRACKING ---------------------------
Matrix Hash: 08c9fb863627f81a, num_times_seen_before: 5
ACC: 0.9
TPR/FPR: 1.0, 0.12337662337662338
Loss: 0.39450639486312866
Timestamp: 91.34500865800001
---------------------------------------------------------------
Candidate: a1c9520054ed41df. Changes:27
Mean loss in evaluation epoch: 0.44097915291786194, epochs needed: 300
will accept with prob tensor(0.)
rejecting.
Mean loss in evaluation epoch: 0.39513441920280457, epochs needed: 300


 Tracking generation 30
------------------------- TRACKING ---------------------------
Matrix Hash: 08c9fb863627f81a, num_times_seen_before: 6
ACC: 0.9
TPR/FPR: 1.0, 0.12337662337662338
Loss: 0.39513441920280457
Timestamp: 95.206378938
---------------------------------------------------------------
Candidate: 346301bb3619694f. Changes:24
Mean loss in evaluation epoch: 0.4470152258872986, epochs needed: 300
will accept with prob tensor(0.)
rejecting.
Mean loss in evaluation epoch: 0.39343252778053284, epochs needed: 300


 Tracking generation 31
------------------------- TRACKING ---------------------------
Matrix Hash: 08c9fb863627f81a, num_times_seen_before: 7
ACC: 0.9
TPR/FPR: 1.0, 0.12337662337662338
Loss: 0.39343252778053284
Timestamp: 98.116443791
---------------------------------------------------------------
Candidate: 01c3dc26d6777b2a. Changes:14
Mean loss in evaluation epoch: 0.42932140827178955, epochs needed: 300
will accept with prob tensor(0.)
rejecting.
Mean loss in evaluation epoch: 0.3970465660095215, epochs needed: 300


 Tracking generation 32
------------------------- TRACKING ---------------------------
Matrix Hash: 08c9fb863627f81a, num_times_seen_before: 8
ACC: 0.9
TPR/FPR: 1.0, 0.12337662337662338
Loss: 0.3970465660095215
Timestamp: 101.37393359500001
---------------------------------------------------------------
Candidate: 8338974971782944. Changes:18
Mean loss in evaluation epoch: 0.40335768461227417, epochs needed: 300
will accept with prob tensor(0.)
rejecting.
Mean loss in evaluation epoch: 0.3954266905784607, epochs needed: 300


 Tracking generation 33
------------------------- TRACKING ---------------------------
Matrix Hash: 08c9fb863627f81a, num_times_seen_before: 9
ACC: 0.9
TPR/FPR: 1.0, 0.12337662337662338
Loss: 0.3954266905784607
Timestamp: 104.301370849
---------------------------------------------------------------
Candidate: be99d5ec407618bf. Changes:17
Mean loss in evaluation epoch: 0.41950711607933044, epochs needed: 300
will accept with prob tensor(0.)
rejecting.
Mean loss in evaluation epoch: 0.39559927582740784, epochs needed: 300


 Tracking generation 34
------------------------- TRACKING ---------------------------
Matrix Hash: 08c9fb863627f81a, num_times_seen_before: 10
ACC: 0.9
TPR/FPR: 1.0, 0.12337662337662338
Loss: 0.39559927582740784
Timestamp: 107.55706018800001
---------------------------------------------------------------
Candidate: d9195fcd7451c28e. Changes:24
Mean loss in evaluation epoch: 0.44701966643333435, epochs needed: 300
will accept with prob tensor(0.)
rejecting.
Mean loss in evaluation epoch: 0.39210039377212524, epochs needed: 300


 Tracking generation 35
------------------------- TRACKING ---------------------------
Matrix Hash: 08c9fb863627f81a, num_times_seen_before: 11
ACC: 0.9
TPR/FPR: 1.0, 0.12337662337662338
Loss: 0.39210039377212524
Timestamp: 110.74028887800003
---------------------------------------------------------------
Candidate: 13ae994f99008b19. Changes:17
Mean loss in evaluation epoch: 0.4252115488052368, epochs needed: 300
will accept with prob tensor(0.)
rejecting.
Mean loss in evaluation epoch: 0.39504459500312805, epochs needed: 300


 Tracking generation 36
------------------------- TRACKING ---------------------------
Matrix Hash: 08c9fb863627f81a, num_times_seen_before: 12
ACC: 0.9
TPR/FPR: 1.0, 0.12337662337662338
Loss: 0.39504459500312805
Timestamp: 114.16135032000003
---------------------------------------------------------------
Candidate: fe35a233f942c6ba. Changes:23
Mean loss in evaluation epoch: 0.41082605719566345, epochs needed: 300
will accept with prob tensor(0.)
rejecting.
Mean loss in evaluation epoch: 0.3943363130092621, epochs needed: 300


 Tracking generation 37
------------------------- TRACKING ---------------------------
Matrix Hash: 08c9fb863627f81a, num_times_seen_before: 13
ACC: 0.9
TPR/FPR: 1.0, 0.12337662337662338
Loss: 0.3943363130092621
Timestamp: 117.36920478300001
---------------------------------------------------------------
Candidate: 4f1f715f3973fa24. Changes:21
Mean loss in evaluation epoch: 0.4330013394355774, epochs needed: 300
will accept with prob tensor(0.)
rejecting.
Mean loss in evaluation epoch: 0.39768218994140625, epochs needed: 300


 Tracking generation 38
------------------------- TRACKING ---------------------------
Matrix Hash: 08c9fb863627f81a, num_times_seen_before: 14
ACC: 0.9
TPR/FPR: 1.0, 0.12337662337662338
Loss: 0.39768218994140625
Timestamp: 120.46316797400002
---------------------------------------------------------------
Candidate: 5de6c0977ff87465. Changes:19
Mean loss in evaluation epoch: 0.4348186254501343, epochs needed: 300
will accept with prob tensor(0.)
rejecting.
Mean loss in evaluation epoch: 0.39674270153045654, epochs needed: 300


 Tracking generation 39
------------------------- TRACKING ---------------------------
Matrix Hash: 08c9fb863627f81a, num_times_seen_before: 15
ACC: 0.9
TPR/FPR: 1.0, 0.12337662337662338
Loss: 0.39674270153045654
Timestamp: 123.63336177300002
---------------------------------------------------------------
Candidate: f7929e92f579de78. Changes:24
Mean loss in evaluation epoch: 0.44306743144989014, epochs needed: 300
will accept with prob tensor(0.)
rejecting.
Mean loss in evaluation epoch: 0.3945428729057312, epochs needed: 300


 Tracking generation 40
------------------------- TRACKING ---------------------------
Matrix Hash: 08c9fb863627f81a, num_times_seen_before: 16
ACC: 0.9
TPR/FPR: 1.0, 0.12337662337662338
Loss: 0.3945428729057312
Timestamp: 126.621078407
---------------------------------------------------------------
Candidate: acf991dcab1313c2. Changes:16
Mean loss in evaluation epoch: 0.42261427640914917, epochs needed: 300
will accept with prob tensor(0.)
rejecting.
Mean loss in evaluation epoch: 0.39598581194877625, epochs needed: 300


 Tracking generation 41
------------------------- TRACKING ---------------------------
Matrix Hash: 08c9fb863627f81a, num_times_seen_before: 17
ACC: 0.9
TPR/FPR: 1.0, 0.12337662337662338
Loss: 0.39598581194877625
Timestamp: 129.794670906
---------------------------------------------------------------
Candidate: ed24d3ab538abf3e. Changes:17
Mean loss in evaluation epoch: 0.426058292388916, epochs needed: 300
will accept with prob tensor(0.)
rejecting.
Mean loss in evaluation epoch: 0.3927260935306549, epochs needed: 300


 Tracking generation 42
------------------------- TRACKING ---------------------------
Matrix Hash: 08c9fb863627f81a, num_times_seen_before: 18
ACC: 0.9
TPR/FPR: 1.0, 0.12337662337662338
Loss: 0.3927260935306549
Timestamp: 132.95159244200002
---------------------------------------------------------------
Candidate: 2716ee73e8fcf6f7. Changes:20
Mean loss in evaluation epoch: 0.42675215005874634, epochs needed: 300
will accept with prob tensor(0.)
rejecting.
Mean loss in evaluation epoch: 0.3935585021972656, epochs needed: 300


 Tracking generation 43
------------------------- TRACKING ---------------------------
Matrix Hash: 08c9fb863627f81a, num_times_seen_before: 19
ACC: 0.9
TPR/FPR: 1.0, 0.12337662337662338
Loss: 0.3935585021972656
Timestamp: 136.70718233
---------------------------------------------------------------
Candidate: 6ea22215b3813376. Changes:21
Mean loss in evaluation epoch: 0.4278324246406555, epochs needed: 300
will accept with prob tensor(0.)
rejecting.
Mean loss in evaluation epoch: 0.39813128113746643, epochs needed: 300


 Tracking generation 44
------------------------- TRACKING ---------------------------
Matrix Hash: 08c9fb863627f81a, num_times_seen_before: 20
ACC: 0.9
TPR/FPR: 1.0, 0.12337662337662338
Loss: 0.39813128113746643
Timestamp: 139.66484307099998
---------------------------------------------------------------
Candidate: 43d3dffdd3a4a094. Changes:23
Mean loss in evaluation epoch: 0.41784265637397766, epochs needed: 300
will accept with prob tensor(0.)
rejecting.
------------------------- TRACKING ---------------------------
Matrix Hash: 08c9fb863627f81a, num_times_seen_before: 21
ACC: 0.9
TPR/FPR: 1.0, 0.12337662337662338
Loss: 0.39813128113746643
Timestamp: 141.58151783000002
---------------------------------------------------------------
Time needed: 143.16912231800003 sec
