../data/final/cml/timeseries_ba20_1k_4_restart.pickle
../data/final/edges_ba20.pickle
SEED: 0
NUM_DYN_EPOCHS: 200
DETECT_EARLY_CONVERGENCE: False
CONTINUATION: True
CONT_ADDRESS: ../GA/GA_logs/final/cml_ba20_1k_4_restart_shortcut_eval/2021-03-11T03_17_31.151794
USE_EVALEPOCH_FOR_GUIDED_MUTATION: True
NUM_GEN: 45
FORMAT: standard
num samples: 1000
NUM_TRAIN_SAMPLES: 1000
NUM_TRAIN_BATCHES: 10
NUM_TEST_SAMPLES: 1000
NUM_TEST_BATCHES: 10
BATCH_SIZE: 100
HIDDEN_SIZE: 128
NUM_DYN_EPOCHS: 200
IS_CONTINUOUS: True
USE_MAX: False
Mean loss in evaluation epoch: 0.11430127918720245, epochs needed: 200


 Tracking generation 0
------------------------- TRACKING ---------------------------
Matrix Hash: c12bbdad7a2587f7, num_times_seen_before: 0
ACC: 0.5631578947368421
TPR/FPR: 0.8055555555555556, 0.4935064935064935
Loss: 0.11430127918720245
Timestamp: 0
---------------------------------------------------------------
Candidate: 097eb4e8aa2b5b60. Changes:18
Mean loss in evaluation epoch: 0.11876332014799118, epochs needed: 200
will accept with prob tensor(0.6336)
rejecting.
Mean loss in evaluation epoch: 0.11952009052038193, epochs needed: 200


 Tracking generation 1
------------------------- TRACKING ---------------------------
Matrix Hash: c12bbdad7a2587f7, num_times_seen_before: 1
ACC: 0.5631578947368421
TPR/FPR: 0.8055555555555556, 0.4935064935064935
Loss: 0.11952009052038193
Timestamp: 135.1063980229992
---------------------------------------------------------------
Candidate: 7c71346ce85d5f9e. Changes:21
Mean loss in evaluation epoch: 0.11652345955371857, epochs needed: 200
smaller, so accepting
Mean loss in evaluation epoch: 0.11423652619123459, epochs needed: 200


 Tracking generation 2
------------------------- TRACKING ---------------------------
Matrix Hash: 7c71346ce85d5f9e, num_times_seen_before: 0
ACC: 0.6105263157894737
TPR/FPR: 0.7777777777777778, 0.42857142857142855
Loss: 0.11423652619123459
Timestamp: 268.71189866299756
---------------------------------------------------------------
Candidate: 3f8d05cc5441751f. Changes:17
Mean loss in evaluation epoch: 0.11330880224704742, epochs needed: 200
smaller, so accepting
Mean loss in evaluation epoch: 0.11902611702680588, epochs needed: 200


 Tracking generation 3
------------------------- TRACKING ---------------------------
Matrix Hash: 3f8d05cc5441751f, num_times_seen_before: 0
ACC: 0.5842105263157895
TPR/FPR: 0.8611111111111112, 0.4805194805194805
Loss: 0.11902611702680588
Timestamp: 403.3401292089984
---------------------------------------------------------------
Candidate: d019a08165d4542a. Changes:28
Mean loss in evaluation epoch: 0.12426872551441193, epochs needed: 200
will accept with prob tensor(0.5625)
rejecting.
Mean loss in evaluation epoch: 0.11493659019470215, epochs needed: 200


 Tracking generation 4
------------------------- TRACKING ---------------------------
Matrix Hash: 3f8d05cc5441751f, num_times_seen_before: 1
ACC: 0.5842105263157895
TPR/FPR: 0.8611111111111112, 0.4805194805194805
Loss: 0.11493659019470215
Timestamp: 538.0679561899997
---------------------------------------------------------------
Candidate: d84c74bc336b3128. Changes:13
Mean loss in evaluation epoch: 0.1174900159239769, epochs needed: 200
will accept with prob tensor(0.7503)
rejecting.
Mean loss in evaluation epoch: 0.11616703122854233, epochs needed: 200


 Tracking generation 5
------------------------- TRACKING ---------------------------
Matrix Hash: 3f8d05cc5441751f, num_times_seen_before: 2
ACC: 0.5842105263157895
TPR/FPR: 0.8611111111111112, 0.4805194805194805
Loss: 0.11616703122854233
Timestamp: 672.6597527019985
---------------------------------------------------------------
Candidate: a8568236cfae899c. Changes:14
Mean loss in evaluation epoch: 0.11281371116638184, epochs needed: 200
smaller, so accepting
Mean loss in evaluation epoch: 0.11993473023176193, epochs needed: 200


 Tracking generation 6
------------------------- TRACKING ---------------------------
Matrix Hash: a8568236cfae899c, num_times_seen_before: 0
ACC: 0.6052631578947368
TPR/FPR: 0.8888888888888888, 0.461038961038961
Loss: 0.11993473023176193
Timestamp: 807.3090537309981
---------------------------------------------------------------
Candidate: 8485639939711a1c. Changes:26
Mean loss in evaluation epoch: 0.11656256765127182, epochs needed: 200
smaller, so accepting
Mean loss in evaluation epoch: 0.12068939208984375, epochs needed: 200


 Tracking generation 7
------------------------- TRACKING ---------------------------
Matrix Hash: 8485639939711a1c, num_times_seen_before: 0
ACC: 0.5526315789473684
TPR/FPR: 0.8611111111111112, 0.5194805194805194
Loss: 0.12068939208984375
Timestamp: 941.8905510179975
---------------------------------------------------------------
Candidate: 5b07a750d718dbc8. Changes:19
Mean loss in evaluation epoch: 0.11444135010242462, epochs needed: 200
smaller, so accepting
Mean loss in evaluation epoch: 0.12631884217262268, epochs needed: 200


 Tracking generation 8
------------------------- TRACKING ---------------------------
Matrix Hash: 5b07a750d718dbc8, num_times_seen_before: 0
ACC: 0.5368421052631579
TPR/FPR: 0.8611111111111112, 0.538961038961039
Loss: 0.12631884217262268
Timestamp: 1077.0902197729993
---------------------------------------------------------------
Candidate: 887f73eb0a9d471c. Changes:21
Mean loss in evaluation epoch: 0.11842832714319229, epochs needed: 200
smaller, so accepting
Mean loss in evaluation epoch: 0.11524646729230881, epochs needed: 200


 Tracking generation 9
------------------------- TRACKING ---------------------------
Matrix Hash: 887f73eb0a9d471c, num_times_seen_before: 0
ACC: 0.5210526315789474
TPR/FPR: 0.75, 0.5324675324675324
Loss: 0.11524646729230881
Timestamp: 1211.1376596150003
---------------------------------------------------------------
Candidate: a84d555044d739b9. Changes:20
Mean loss in evaluation epoch: 0.11616227775812149, epochs needed: 200
will accept with prob tensor(0.8889)
accepting!
Mean loss in evaluation epoch: 0.12127204239368439, epochs needed: 200


 Tracking generation 10
------------------------- TRACKING ---------------------------
Matrix Hash: a84d555044d739b9, num_times_seen_before: 0
ACC: 0.4894736842105263
TPR/FPR: 0.8055555555555556, 0.5844155844155844
Loss: 0.12127204239368439
Timestamp: 1346.1826567009994
---------------------------------------------------------------
Candidate: f8a27b62690707f8. Changes:19
Mean loss in evaluation epoch: 0.14023292064666748, epochs needed: 200
will accept with prob tensor(0.0813)
accepting!
Mean loss in evaluation epoch: 0.12421482801437378, epochs needed: 200


 Tracking generation 11
------------------------- TRACKING ---------------------------
Matrix Hash: f8a27b62690707f8, num_times_seen_before: 0
ACC: 0.5052631578947369
TPR/FPR: 0.7222222222222222, 0.5454545454545454
Loss: 0.12421482801437378
Timestamp: 1483.5211112329998
---------------------------------------------------------------
Candidate: 27656ea2960e6947. Changes:16
Mean loss in evaluation epoch: 0.1225091814994812, epochs needed: 200
smaller, so accepting
Mean loss in evaluation epoch: 0.11971183866262436, epochs needed: 200


 Tracking generation 12
------------------------- TRACKING ---------------------------
Matrix Hash: 27656ea2960e6947, num_times_seen_before: 0
ACC: 0.5052631578947369
TPR/FPR: 0.75, 0.551948051948052
Loss: 0.11971183866262436
Timestamp: 1620.5825655169974
---------------------------------------------------------------
Candidate: 63fed03dad99cb6c. Changes:14
Mean loss in evaluation epoch: 0.11677240580320358, epochs needed: 200
smaller, so accepting
Mean loss in evaluation epoch: 0.12170698493719101, epochs needed: 200


 Tracking generation 13
------------------------- TRACKING ---------------------------
Matrix Hash: 63fed03dad99cb6c, num_times_seen_before: 0
ACC: 0.49473684210526314
TPR/FPR: 0.6388888888888888, 0.538961038961039
Loss: 0.12170698493719101
Timestamp: 1756.6883014470004
---------------------------------------------------------------
Candidate: 1b483e3c500dc1cc. Changes:13
Mean loss in evaluation epoch: 0.11796927452087402, epochs needed: 200
smaller, so accepting
Mean loss in evaluation epoch: 0.11902978271245956, epochs needed: 200


 Tracking generation 14
------------------------- TRACKING ---------------------------
Matrix Hash: 1b483e3c500dc1cc, num_times_seen_before: 0
ACC: 0.5
TPR/FPR: 0.6666666666666666, 0.538961038961039
Loss: 0.11902978271245956
Timestamp: 1893.3126865569975
---------------------------------------------------------------
Candidate: a081d7c024dcaa33. Changes:15
Mean loss in evaluation epoch: 0.11873862892389297, epochs needed: 200
smaller, so accepting
Mean loss in evaluation epoch: 0.12472984939813614, epochs needed: 200


 Tracking generation 15
------------------------- TRACKING ---------------------------
Matrix Hash: a081d7c024dcaa33, num_times_seen_before: 0
ACC: 0.43157894736842106
TPR/FPR: 0.6944444444444444, 0.6298701298701299
Loss: 0.12472984939813614
Timestamp: 2029.6889546329985
---------------------------------------------------------------
Candidate: 2527375e45e0d6c9. Changes:20
Mean loss in evaluation epoch: 0.12095233052968979, epochs needed: 200
smaller, so accepting
Mean loss in evaluation epoch: 0.11622998863458633, epochs needed: 200


 Tracking generation 16
------------------------- TRACKING ---------------------------
Matrix Hash: 2527375e45e0d6c9, num_times_seen_before: 0
ACC: 0.4421052631578948
TPR/FPR: 0.6944444444444444, 0.6168831168831169
Loss: 0.11622998863458633
Timestamp: 2168.177186605997
---------------------------------------------------------------
Candidate: 7de088e4e105d04c. Changes:27
Mean loss in evaluation epoch: 0.11992793530225754, epochs needed: 200
will accept with prob tensor(0.5519)
accepting!
Mean loss in evaluation epoch: 0.11811511963605881, epochs needed: 200


 Tracking generation 17
------------------------- TRACKING ---------------------------
Matrix Hash: 7de088e4e105d04c, num_times_seen_before: 0
ACC: 0.39473684210526316
TPR/FPR: 0.6111111111111112, 0.6558441558441559
Loss: 0.11811511963605881
Timestamp: 2305.1750436090006
---------------------------------------------------------------
Candidate: b8e89d071b953c10. Changes:30
Mean loss in evaluation epoch: 0.12116589397192001, epochs needed: 200
will accept with prob tensor(0.6014)
accepting!
Mean loss in evaluation epoch: 0.12109445780515671, epochs needed: 200


 Tracking generation 18
------------------------- TRACKING ---------------------------
Matrix Hash: b8e89d071b953c10, num_times_seen_before: 0
ACC: 0.4263157894736842
TPR/FPR: 0.6944444444444444, 0.6363636363636364
Loss: 0.12109445780515671
Timestamp: 2444.6938647889983
---------------------------------------------------------------
Candidate: e721351e6dc63e97. Changes:31
Mean loss in evaluation epoch: 0.12206623703241348, epochs needed: 200
will accept with prob tensor(0.8452)
rejecting.
Mean loss in evaluation epoch: 0.1194995567202568, epochs needed: 200


 Tracking generation 19
------------------------- TRACKING ---------------------------
Matrix Hash: b8e89d071b953c10, num_times_seen_before: 1
ACC: 0.4263157894736842
TPR/FPR: 0.6944444444444444, 0.6363636363636364
Loss: 0.1194995567202568
Timestamp: 2579.9370854650006
---------------------------------------------------------------
Candidate: 314a3c02d0db8aad. Changes:27
Mean loss in evaluation epoch: 0.11755211651325226, epochs needed: 200
smaller, so accepting
Mean loss in evaluation epoch: 0.1206727996468544, epochs needed: 200


 Tracking generation 20
------------------------- TRACKING ---------------------------
Matrix Hash: 314a3c02d0db8aad, num_times_seen_before: 0
ACC: 0.35789473684210527
TPR/FPR: 0.7222222222222222, 0.7272727272727273
Loss: 0.1206727996468544
Timestamp: 2713.996580744999
---------------------------------------------------------------
Candidate: dd6c9fcbd5b52e45. Changes:30
Mean loss in evaluation epoch: 0.11617260426282883, epochs needed: 200
smaller, so accepting
Mean loss in evaluation epoch: 0.13261811435222626, epochs needed: 200


 Tracking generation 21
------------------------- TRACKING ---------------------------
Matrix Hash: dd6c9fcbd5b52e45, num_times_seen_before: 0
ACC: 0.3894736842105263
TPR/FPR: 0.8055555555555556, 0.7077922077922078
Loss: 0.13261811435222626
Timestamp: 2855.283144588
---------------------------------------------------------------
Candidate: 9c205af0a155e68b. Changes:20
Mean loss in evaluation epoch: 0.12294671684503555, epochs needed: 200
smaller, so accepting
Mean loss in evaluation epoch: 0.12001969665288925, epochs needed: 200


 Tracking generation 22
------------------------- TRACKING ---------------------------
Matrix Hash: 9c205af0a155e68b, num_times_seen_before: 0
ACC: 0.3789473684210526
TPR/FPR: 0.7777777777777778, 0.7142857142857143
Loss: 0.12001969665288925
Timestamp: 2990.203139161
---------------------------------------------------------------
Candidate: 1e6c993f89d08468. Changes:8
Mean loss in evaluation epoch: 0.11513340473175049, epochs needed: 200
smaller, so accepting
Mean loss in evaluation epoch: 0.11567609757184982, epochs needed: 200


 Tracking generation 23
------------------------- TRACKING ---------------------------
Matrix Hash: 1e6c993f89d08468, num_times_seen_before: 0
ACC: 0.3789473684210526
TPR/FPR: 0.8055555555555556, 0.7207792207792207
Loss: 0.11567609757184982
Timestamp: 3124.5526042290003
---------------------------------------------------------------
Candidate: cf6ad168fa7463f6. Changes:10
Mean loss in evaluation epoch: 0.11441376060247421, epochs needed: 200
smaller, so accepting
Mean loss in evaluation epoch: 0.11400903761386871, epochs needed: 200


 Tracking generation 24
------------------------- TRACKING ---------------------------
Matrix Hash: cf6ad168fa7463f6, num_times_seen_before: 0
ACC: 0.35789473684210527
TPR/FPR: 0.8055555555555556, 0.7467532467532467
Loss: 0.11400903761386871
Timestamp: 3258.4242274200005
---------------------------------------------------------------
Candidate: cf0df57f0746a124. Changes:14
Mean loss in evaluation epoch: 0.1231209859251976, epochs needed: 200
will accept with prob tensor(0.1287)
rejecting.
Mean loss in evaluation epoch: 0.11739408224821091, epochs needed: 200


 Tracking generation 25
------------------------- TRACKING ---------------------------
Matrix Hash: cf6ad168fa7463f6, num_times_seen_before: 1
ACC: 0.35789473684210527
TPR/FPR: 0.8055555555555556, 0.7467532467532467
Loss: 0.11739408224821091
Timestamp: 3394.131646548998
---------------------------------------------------------------
Candidate: 0a2af44378b885c5. Changes:16
Mean loss in evaluation epoch: 0.11484267562627792, epochs needed: 200
smaller, so accepting
Mean loss in evaluation epoch: 0.11622537672519684, epochs needed: 200


 Tracking generation 26
------------------------- TRACKING ---------------------------
Matrix Hash: 0a2af44378b885c5, num_times_seen_before: 0
ACC: 0.3157894736842105
TPR/FPR: 0.8611111111111112, 0.8116883116883117
Loss: 0.11622537672519684
Timestamp: 3528.6638637180004
---------------------------------------------------------------
Candidate: 64279356200d2415. Changes:18
Mean loss in evaluation epoch: 0.1153239831328392, epochs needed: 200
smaller, so accepting
Mean loss in evaluation epoch: 0.12148869037628174, epochs needed: 200


 Tracking generation 27
------------------------- TRACKING ---------------------------
Matrix Hash: 64279356200d2415, num_times_seen_before: 0
ACC: 0.368421052631579
TPR/FPR: 0.8055555555555556, 0.7337662337662337
Loss: 0.12148869037628174
Timestamp: 3664.033167890997
---------------------------------------------------------------
Candidate: 1c2f8d86dc9615ce. Changes:17
Mean loss in evaluation epoch: 0.11535239219665527, epochs needed: 200
smaller, so accepting
Mean loss in evaluation epoch: 0.11512728035449982, epochs needed: 200


 Tracking generation 28
------------------------- TRACKING ---------------------------
Matrix Hash: 1c2f8d86dc9615ce, num_times_seen_before: 0
ACC: 0.3526315789473684
TPR/FPR: 0.8611111111111112, 0.7662337662337663
Loss: 0.11512728035449982
Timestamp: 3802.269376357999
---------------------------------------------------------------
Candidate: 79c4be2268923dd0. Changes:9
Mean loss in evaluation epoch: 0.11354973167181015, epochs needed: 200
smaller, so accepting
Mean loss in evaluation epoch: 0.11259656399488449, epochs needed: 200


 Tracking generation 29
------------------------- TRACKING ---------------------------
Matrix Hash: 79c4be2268923dd0, num_times_seen_before: 0
ACC: 0.34736842105263155
TPR/FPR: 0.9166666666666666, 0.7857142857142857
Loss: 0.11259656399488449
Timestamp: 3937.5741233689987
---------------------------------------------------------------
Candidate: d1c2ae21e4e43b6e. Changes:3
Mean loss in evaluation epoch: 0.11140699684619904, epochs needed: 200
smaller, so accepting
Mean loss in evaluation epoch: 0.11226478964090347, epochs needed: 200


 Tracking generation 30
------------------------- TRACKING ---------------------------
Matrix Hash: d1c2ae21e4e43b6e, num_times_seen_before: 0
ACC: 0.3421052631578947
TPR/FPR: 0.9444444444444444, 0.7987012987012987
Loss: 0.11226478964090347
Timestamp: 4071.257893218997
---------------------------------------------------------------
Candidate: 1243b2afd93a1290. Changes:10
Mean loss in evaluation epoch: 0.11340003460645676, epochs needed: 200
will accept with prob tensor(0.6943)
accepting!
Mean loss in evaluation epoch: 0.1144108921289444, epochs needed: 200


 Tracking generation 31
------------------------- TRACKING ---------------------------
Matrix Hash: 1243b2afd93a1290, num_times_seen_before: 0
ACC: 0.3526315789473684
TPR/FPR: 0.9444444444444444, 0.7857142857142857
Loss: 0.1144108921289444
Timestamp: 4205.2960384789985
---------------------------------------------------------------
Candidate: 8416a98519fb6235. Changes:9
Mean loss in evaluation epoch: 0.11172231286764145, epochs needed: 200
smaller, so accepting
Mean loss in evaluation epoch: 0.11355557292699814, epochs needed: 200


 Tracking generation 32
------------------------- TRACKING ---------------------------
Matrix Hash: 8416a98519fb6235, num_times_seen_before: 0
ACC: 0.35789473684210527
TPR/FPR: 0.9444444444444444, 0.7792207792207793
Loss: 0.11355557292699814
Timestamp: 4340.869673211
---------------------------------------------------------------
Candidate: 53760f92d06440d8. Changes:6
Mean loss in evaluation epoch: 0.11271144449710846, epochs needed: 200
smaller, so accepting
Mean loss in evaluation epoch: 0.11402185261249542, epochs needed: 200


 Tracking generation 33
------------------------- TRACKING ---------------------------
Matrix Hash: 53760f92d06440d8, num_times_seen_before: 0
ACC: 0.3263157894736842
TPR/FPR: 0.9444444444444444, 0.8181818181818182
Loss: 0.11402185261249542
Timestamp: 4474.628667929999
---------------------------------------------------------------
Candidate: 81dabf78379981f1. Changes:11
Mean loss in evaluation epoch: 0.11758094280958176, epochs needed: 200
will accept with prob tensor(0.2332)
accepting!
Mean loss in evaluation epoch: 0.11777732521295547, epochs needed: 200


 Tracking generation 34
------------------------- TRACKING ---------------------------
Matrix Hash: 81dabf78379981f1, num_times_seen_before: 0
ACC: 0.3526315789473684
TPR/FPR: 0.8611111111111112, 0.7662337662337663
Loss: 0.11777732521295547
Timestamp: 4609.252833548999
---------------------------------------------------------------
Candidate: b1a0fb066784ad56. Changes:6
Mean loss in evaluation epoch: 0.11826230585575104, epochs needed: 200
will accept with prob tensor(0.8039)
accepting!
Mean loss in evaluation epoch: 0.1167512759566307, epochs needed: 200


 Tracking generation 35
------------------------- TRACKING ---------------------------
Matrix Hash: b1a0fb066784ad56, num_times_seen_before: 0
ACC: 0.3631578947368421
TPR/FPR: 0.9166666666666666, 0.7662337662337663
Loss: 0.1167512759566307
Timestamp: 4746.898453644
---------------------------------------------------------------
Candidate: 6840cd5a80762307. Changes:7
Mean loss in evaluation epoch: 0.112725630402565, epochs needed: 200
smaller, so accepting
Mean loss in evaluation epoch: 0.11344829946756363, epochs needed: 200


 Tracking generation 36
------------------------- TRACKING ---------------------------
Matrix Hash: 6840cd5a80762307, num_times_seen_before: 0
ACC: 0.35789473684210527
TPR/FPR: 0.9444444444444444, 0.7792207792207793
Loss: 0.11344829946756363
Timestamp: 4880.856866837999
---------------------------------------------------------------
Candidate: 4b7c462cff2e2d58. Changes:6
Mean loss in evaluation epoch: 0.11221819370985031, epochs needed: 200
smaller, so accepting
Mean loss in evaluation epoch: 0.11336419731378555, epochs needed: 200


 Tracking generation 37
------------------------- TRACKING ---------------------------
Matrix Hash: 4b7c462cff2e2d58, num_times_seen_before: 0
ACC: 0.3263157894736842
TPR/FPR: 0.9444444444444444, 0.8181818181818182
Loss: 0.11336419731378555
Timestamp: 5013.94617734
---------------------------------------------------------------
Candidate: 3b33194156e88a0d. Changes:6
Mean loss in evaluation epoch: 0.11381103843450546, epochs needed: 200
will accept with prob tensor(0.7503)
accepting!
Mean loss in evaluation epoch: 0.11497900635004044, epochs needed: 200


 Tracking generation 38
------------------------- TRACKING ---------------------------
Matrix Hash: 3b33194156e88a0d, num_times_seen_before: 0
ACC: 0.35789473684210527
TPR/FPR: 0.9444444444444444, 0.7792207792207793
Loss: 0.11497900635004044
Timestamp: 5146.974316813998
---------------------------------------------------------------
Candidate: 052d62f302a01341. Changes:9
Mean loss in evaluation epoch: 0.11433716118335724, epochs needed: 200
smaller, so accepting
Mean loss in evaluation epoch: 0.11540372669696808, epochs needed: 200


 Tracking generation 39
------------------------- TRACKING ---------------------------
Matrix Hash: 052d62f302a01341, num_times_seen_before: 0
ACC: 0.31052631578947365
TPR/FPR: 0.9444444444444444, 0.8376623376623377
Loss: 0.11540372669696808
Timestamp: 5282.7173860170005
---------------------------------------------------------------
Candidate: 58e36d60d8428097. Changes:17
Mean loss in evaluation epoch: 0.11917237192392349, epochs needed: 200
will accept with prob tensor(0.0336)
rejecting.
Mean loss in evaluation epoch: 0.11648698896169662, epochs needed: 200


 Tracking generation 40
------------------------- TRACKING ---------------------------
Matrix Hash: 052d62f302a01341, num_times_seen_before: 1
ACC: 0.31052631578947365
TPR/FPR: 0.9444444444444444, 0.8376623376623377
Loss: 0.11648698896169662
Timestamp: 5416.943417093
---------------------------------------------------------------
Candidate: cc7238f70befe5b3. Changes:12
Mean loss in evaluation epoch: 0.11725874245166779, epochs needed: 200
will accept with prob tensor(0.4197)
rejecting.
Mean loss in evaluation epoch: 0.11422624439001083, epochs needed: 200


 Tracking generation 41
------------------------- TRACKING ---------------------------
Matrix Hash: 052d62f302a01341, num_times_seen_before: 2
ACC: 0.31052631578947365
TPR/FPR: 0.9444444444444444, 0.8376623376623377
Loss: 0.11422624439001083
Timestamp: 5554.810452428999
---------------------------------------------------------------
Candidate: ee018fdd5555e8f6. Changes:10
Mean loss in evaluation epoch: 0.11696451902389526, epochs needed: 200
will accept with prob tensor(0.0165)
rejecting.
Mean loss in evaluation epoch: 0.11562156677246094, epochs needed: 200


 Tracking generation 42
------------------------- TRACKING ---------------------------
Matrix Hash: 052d62f302a01341, num_times_seen_before: 3
ACC: 0.31052631578947365
TPR/FPR: 0.9444444444444444, 0.8376623376623377
Loss: 0.11562156677246094
Timestamp: 5689.527860973998
---------------------------------------------------------------
Candidate: 66ee344b040c6b82. Changes:15
Mean loss in evaluation epoch: 0.11714750528335571, epochs needed: 200
will accept with prob tensor(0.0323)
rejecting.
Mean loss in evaluation epoch: 0.11585929244756699, epochs needed: 200


 Tracking generation 43
------------------------- TRACKING ---------------------------
Matrix Hash: 052d62f302a01341, num_times_seen_before: 4
ACC: 0.31052631578947365
TPR/FPR: 0.9444444444444444, 0.8376623376623377
Loss: 0.11585929244756699
Timestamp: 5822.897171539
---------------------------------------------------------------
Candidate: 93b0b725b1522890. Changes:17
Mean loss in evaluation epoch: 0.12020671367645264, epochs needed: 200
will accept with prob tensor(3.1895e-09)
rejecting.
Mean loss in evaluation epoch: 0.11654864996671677, epochs needed: 200


 Tracking generation 44
------------------------- TRACKING ---------------------------
Matrix Hash: 052d62f302a01341, num_times_seen_before: 5
ACC: 0.31052631578947365
TPR/FPR: 0.9444444444444444, 0.8376623376623377
Loss: 0.11654864996671677
Timestamp: 5957.638264721998
---------------------------------------------------------------
Candidate: 879a94850037516a. Changes:17
Mean loss in evaluation epoch: 0.12481331825256348, epochs needed: 200
will accept with prob tensor(0.)
rejecting.
------------------------- TRACKING ---------------------------
Matrix Hash: 052d62f302a01341, num_times_seen_before: 6
ACC: 0.31052631578947365
TPR/FPR: 0.9444444444444444, 0.8376623376623377
Loss: 0.11654864996671677
Timestamp: 6034.724286171997
---------------------------------------------------------------
Time needed: 6091.603159071998 sec
