../data/final/cml/timeseries_ba20_1k_3.5_restart.pickle
../data/final/edges_ba20.pickle
CONTINUATION: False
CONT_ADDRESS: ./hillclimbing_logs/linear/final/heuristics_comp/deterministic/cml/ba10_1k_restart_3.5_random/2021-03-04T15_54_10.394816
SEED: 0
NUM_DYN_EPOCHS: 200
DETECT_EARLY_CONVERGENCE: False
USE_EVALEPOCH_FOR_GUIDED_MUTATION: False
USE_NODEWISE_LOSS: True
USE_DYNAMIC_STEPS: True
NUM_GEN: 45
DETERMINISTIC_EVAL: False
FREE WALK: False
EXPERIMENTS: 1
FORMAT: standard
num samples: 1000
NUM_TRAIN_SAMPLES: 1000
NUM_TRAIN_BATCHES: 10
NUM_TEST_SAMPLES: 1000
NUM_TEST_BATCHES: 10
BATCH_SIZE: 100
HIDDEN_SIZE: 128
NUM_DYN_EPOCHS: 200
IS_CONTINUOUS: True
USE_MAX: False

Generation 0
Mean loss in evaluation epoch: [[0.03664703294634819], [0.08331024646759033], [0.04075661301612854], [0.050220321863889694], [0.03884890303015709], [0.049816329032182693], [0.030641792342066765], [0.05680413171648979], [0.04104768857359886], [0.05183590576052666], [0.048683006316423416], [0.062297847121953964], [0.04887796565890312], [0.05701873451471329], [0.056741368025541306], [0.07146599143743515], [0.07482019811868668], [0.06441336870193481], [0.06280424445867538], [0.07121213525533676]], epochs needed: 200
------------------------- TRACKING ---------------------------
Matrix Hash: bcfde9534d3bfd59, num_times_seen_before: 0
ACC: 0.4789473684210527
TPR/FPR: 0.5833333333333334, 0.5454545454545454
Loss: [[0.03664703294634819], [0.08331024646759033], [0.04075661301612854], [0.050220321863889694], [0.03884890303015709], [0.049816329032182693], [0.030641792342066765], [0.05680413171648979], [0.04104768857359886], [0.05183590576052666], [0.048683006316423416], [0.062297847121953964], [0.04887796565890312], [0.05701873451471329], [0.056741368025541306], [0.07146599143743515], [0.07482019811868668], [0.06441336870193481], [0.06280424445867538], [0.07121213525533676]]
Timestamp: 0
---------------------------------------------------------------
[tensor([0, 4]), tensor([0, 6]), tensor([ 0, 10]), tensor([ 0, 19]), tensor([1, 3]), tensor([1, 9]), tensor([ 1, 10]), tensor([ 1, 12]), tensor([ 1, 19]), tensor([2, 9]), tensor([ 2, 11]), tensor([ 2, 15]), tensor([ 2, 16]), tensor([3, 4]), tensor([3, 6]), tensor([3, 7]), tensor([3, 8]), tensor([3, 9]), tensor([ 3, 15]), tensor([ 3, 16]), tensor([ 3, 18]), tensor([ 4, 11]), tensor([ 4, 13]), tensor([ 4, 15]), tensor([ 5, 18]), tensor([ 6, 11]), tensor([ 6, 14]), tensor([ 6, 16]), tensor([7, 8]), tensor([7, 9]), tensor([ 7, 16]), tensor([ 7, 18]), tensor([ 8, 14]), tensor([ 8, 17]), tensor([11, 16]), tensor([11, 19]), tensor([12, 15]), tensor([12, 18]), tensor([13, 19]), tensor([14, 15]), tensor([16, 17]), tensor([17, 19]), tensor([18, 19])]
Mean loss in evaluation epoch: [[0.03596935793757439], [0.08242905139923096], [0.041357267647981644], [0.03403150662779808], [0.035189129412174225], [0.044320784509181976], [0.03353314474225044], [0.03752924129366875], [0.037844959646463394], [0.04553714394569397], [0.04240589216351509], [0.050469495356082916], [0.04387229308485985], [0.0531066358089447], [0.05222545936703682], [0.0632859393954277], [0.05553710460662842], [0.05850083380937576], [0.04828475043177605], [0.06454058736562729]], epochs needed: 200
count_changes: 42

Generation 1
Mean loss in evaluation epoch: [[0.03609292581677437], [0.08529873937368393], [0.04128209874033928], [0.03600365296006203], [0.03385636955499649], [0.043607570230960846], [0.035457395017147064], [0.036494769155979156], [0.039508480578660965], [0.046185869723558426], [0.04402577877044678], [0.050323523581027985], [0.046893127262592316], [0.05331664904952049], [0.05379727482795715], [0.06567174196243286], [0.0550973117351532], [0.05903296545147896], [0.04995039105415344], [0.0655980333685875]], epochs needed: 200
------------------------- TRACKING ---------------------------
Matrix Hash: c645cd3e932b1da5, num_times_seen_before: 0
ACC: 0.5105263157894737
TPR/FPR: 0.7777777777777778, 0.551948051948052
Loss: [[0.03609292581677437], [0.08529873937368393], [0.04128209874033928], [0.03600365296006203], [0.03385636955499649], [0.043607570230960846], [0.035457395017147064], [0.036494769155979156], [0.039508480578660965], [0.046185869723558426], [0.04402577877044678], [0.050323523581027985], [0.046893127262592316], [0.05331664904952049], [0.05379727482795715], [0.06567174196243286], [0.0550973117351532], [0.05903296545147896], [0.04995039105415344], [0.0655980333685875]]
Timestamp: 104.76702075200001
---------------------------------------------------------------
[tensor([0, 1]), tensor([0, 4]), tensor([0, 9]), tensor([ 0, 10]), tensor([ 0, 15]), tensor([ 0, 16]), tensor([ 0, 19]), tensor([1, 5]), tensor([ 1, 10]), tensor([ 1, 11]), tensor([ 1, 17]), tensor([ 1, 18]), tensor([ 2, 13]), tensor([ 4, 12]), tensor([ 4, 15]), tensor([5, 9]), tensor([ 6, 10]), tensor([ 6, 11]), tensor([ 6, 17]), tensor([7, 8]), tensor([ 7, 11]), tensor([ 7, 19]), tensor([ 8, 12]), tensor([ 8, 15]), tensor([ 8, 18]), tensor([10, 15]), tensor([12, 18]), tensor([14, 15]), tensor([14, 19]), tensor([15, 17])]
Mean loss in evaluation epoch: [[0.04415368288755417], [0.08318114280700684], [0.03860851377248764], [0.03807876259088516], [0.04365171119570732], [0.04900773987174034], [0.027555525302886963], [0.03995652124285698], [0.037035632878541946], [0.04243955761194229], [0.04129411652684212], [0.05165982246398926], [0.045948274433612823], [0.05263682082295418], [0.05698012188076973], [0.06562037020921707], [0.05838510021567345], [0.05940144881606102], [0.04606638103723526], [0.06443671137094498]], epochs needed: 200
count_changes: 13

Generation 2
Mean loss in evaluation epoch: [[0.03794552758336067], [0.07900205254554749], [0.03855890780687332], [0.050294067710638046], [0.03612474724650383], [0.04628073796629906], [0.02557624876499176], [0.038992345333099365], [0.03609023615717888], [0.049259036779403687], [0.03992130979895592], [0.04974052309989929], [0.04535670205950737], [0.05246814712882042], [0.05661913752555847], [0.058322723954916], [0.05549515038728714], [0.05785321071743965], [0.04452161118388176], [0.06526786088943481]], epochs needed: 200
------------------------- TRACKING ---------------------------
Matrix Hash: 928342b87e80774a, num_times_seen_before: 0
ACC: 0.49473684210526314
TPR/FPR: 0.8333333333333334, 0.5844155844155844
Loss: [[0.03794552758336067], [0.07900205254554749], [0.03855890780687332], [0.050294067710638046], [0.03612474724650383], [0.04628073796629906], [0.02557624876499176], [0.038992345333099365], [0.03609023615717888], [0.049259036779403687], [0.03992130979895592], [0.04974052309989929], [0.04535670205950737], [0.05246814712882042], [0.05661913752555847], [0.058322723954916], [0.05549515038728714], [0.05785321071743965], [0.04452161118388176], [0.06526786088943481]]
Timestamp: 209.460334093
---------------------------------------------------------------
[tensor([0, 1]), tensor([0, 4]), tensor([0, 5]), tensor([0, 9]), tensor([ 0, 10]), tensor([ 0, 17]), tensor([1, 3]), tensor([1, 4]), tensor([ 1, 11]), tensor([ 1, 13]), tensor([ 1, 16]), tensor([2, 8]), tensor([2, 9]), tensor([ 2, 14]), tensor([ 2, 18]), tensor([3, 8]), tensor([ 4, 13]), tensor([ 4, 19]), tensor([ 5, 14]), tensor([ 6, 10]), tensor([ 8, 11]), tensor([ 8, 15]), tensor([10, 19]), tensor([11, 18]), tensor([11, 19]), tensor([12, 17]), tensor([12, 19]), tensor([14, 15]), tensor([14, 19]), tensor([17, 19])]
Mean loss in evaluation epoch: [[0.04372616484761238], [0.08360730856657028], [0.03573642298579216], [0.027306487783789635], [0.033563483506441116], [0.04412674903869629], [0.026610761880874634], [0.03716815635561943], [0.03975312039256096], [0.03804914653301239], [0.04040723666548729], [0.05121379718184471], [0.04225805774331093], [0.050874579697847366], [0.04962446913123131], [0.05807613953948021], [0.05381852388381958], [0.05874663591384888], [0.04577947407960892], [0.07232357561588287]], epochs needed: 200
count_changes: 10

Generation 3
Mean loss in evaluation epoch: [[0.04968546703457832], [0.07958037406206131], [0.04115111008286476], [0.033582188189029694], [0.04173386096954346], [0.04626087471842766], [0.026725059375166893], [0.03872188180685043], [0.03546387702226639], [0.0413559190928936], [0.046243757009506226], [0.050366975367069244], [0.04572504386305809], [0.05872932821512222], [0.053622450679540634], [0.05958597734570503], [0.057726263999938965], [0.060783036053180695], [0.04427635297179222], [0.06824745982885361]], epochs needed: 200
------------------------- TRACKING ---------------------------
Matrix Hash: 1c49c231f88c3c70, num_times_seen_before: 0
ACC: 0.49473684210526314
TPR/FPR: 0.8611111111111112, 0.5909090909090909
Loss: [[0.04968546703457832], [0.07958037406206131], [0.04115111008286476], [0.033582188189029694], [0.04173386096954346], [0.04626087471842766], [0.026725059375166893], [0.03872188180685043], [0.03546387702226639], [0.0413559190928936], [0.046243757009506226], [0.050366975367069244], [0.04572504386305809], [0.05872932821512222], [0.053622450679540634], [0.05958597734570503], [0.057726263999938965], [0.060783036053180695], [0.04427635297179222], [0.06824745982885361]]
Timestamp: 313.966241862
---------------------------------------------------------------
[tensor([0, 1]), tensor([0, 4]), tensor([0, 5]), tensor([ 0, 10]), tensor([ 0, 15]), tensor([ 0, 17]), tensor([ 0, 19]), tensor([ 1, 14]), tensor([ 1, 16]), tensor([2, 3]), tensor([ 2, 14]), tensor([4, 8]), tensor([ 4, 10]), tensor([ 4, 12]), tensor([ 4, 13]), tensor([ 4, 15]), tensor([ 7, 11]), tensor([ 7, 13]), tensor([ 9, 13]), tensor([10, 18]), tensor([14, 17])]
Mean loss in evaluation epoch: [[0.0674857422709465], [0.08970197290182114], [0.06419821828603745], [0.025245314463973045], [0.06982328742742538], [0.048012275248765945], [0.03565748780965805], [0.04713481664657593], [0.037490762770175934], [0.04693121463060379], [0.04661612585186958], [0.05627530813217163], [0.049532826989889145], [0.05783040076494217], [0.09200412034988403], [0.06669210642576218], [0.06060366705060005], [0.06636809557676315], [0.05099525675177574], [0.07363564521074295]], epochs needed: 200
count_changes: 0
