../data/final/netrd/SIS/timeseries_ba10_1k_0.15.pickle
../data/final/edges_ba10.pickle
CONTINUATION: False
CONT_ADDRESS: ./hillclimbing_logs/linear/final/heuristics_comp/deterministic/cml/ba10_1k_restart_3.5_random/2021-03-04T15_54_10.394816
SEED: 0
NUM_DYN_EPOCHS: 200
DETECT_EARLY_CONVERGENCE: False
USE_EVALEPOCH_FOR_GUIDED_MUTATION: False
USE_NODEWISE_LOSS: False
USE_DYNAMIC_STEPS: True
NUM_GEN: 45
DETERMINISTIC_EVAL: False
FREE WALK: False
EXPERIMENTS: 5
num samples: 1000
NUM_TRAIN_SAMPLES: 999
NUM_TRAIN_BATCHES: 10
NUM_TEST_SAMPLES: 999
NUM_TEST_BATCHES: 10
BATCH_SIZE: 100
HIDDEN_SIZE: 128
NUM_DYN_EPOCHS: 200
IS_CONTINUOUS: False
USE_MAX: False

Generation 0
Mean loss in evaluation epoch: 0.37503641843795776, epochs needed: 200
------------------------- TRACKING ---------------------------
Matrix Hash: 41e5225eab91fdc4, num_times_seen_before: 0
ACC: 0.6222222222222222
TPR/FPR: 0.5625, 0.3448275862068966
Loss: 0.37503641843795776
Timestamp: 0
---------------------------------------------------------------
[tensor([0, 1]), tensor([1, 2]), tensor([1, 6]), tensor([2, 8]), tensor([7, 8])]
Mean loss in evaluation epoch: 0.3810892701148987, epochs needed: 200
Rejecting!

Generation 1
Mean loss in evaluation epoch: 0.374776691198349, epochs needed: 200
------------------------- TRACKING ---------------------------
Matrix Hash: 41e5225eab91fdc4, num_times_seen_before: 1
ACC: 0.6222222222222222
TPR/FPR: 0.5625, 0.3448275862068966
Loss: 0.374776691198349
Timestamp: 19.466002577999916
---------------------------------------------------------------
[tensor([0, 3]), tensor([0, 4]), tensor([0, 8]), tensor([1, 8]), tensor([2, 8]), tensor([4, 5]), tensor([5, 7])]
Mean loss in evaluation epoch: 0.37690091133117676, epochs needed: 200
Rejecting!

Generation 2
Mean loss in evaluation epoch: 0.37540215253829956, epochs needed: 200
------------------------- TRACKING ---------------------------
Matrix Hash: 41e5225eab91fdc4, num_times_seen_before: 2
ACC: 0.6222222222222222
TPR/FPR: 0.5625, 0.3448275862068966
Loss: 0.37540215253829956
Timestamp: 40.06853281900021
---------------------------------------------------------------
[tensor([0, 4]), tensor([0, 8]), tensor([1, 2]), tensor([1, 9]), tensor([2, 5]), tensor([2, 7]), tensor([2, 8]), tensor([3, 4]), tensor([3, 5]), tensor([5, 7])]
Mean loss in evaluation epoch: 0.37707406282424927, epochs needed: 200
Rejecting!

Generation 3
Mean loss in evaluation epoch: 0.37495318055152893, epochs needed: 200
------------------------- TRACKING ---------------------------
Matrix Hash: 41e5225eab91fdc4, num_times_seen_before: 3
ACC: 0.6222222222222222
TPR/FPR: 0.5625, 0.3448275862068966
Loss: 0.37495318055152893
Timestamp: 59.69055076199993
---------------------------------------------------------------
[tensor([0, 3]), tensor([0, 4]), tensor([0, 8]), tensor([1, 2]), tensor([1, 6]), tensor([2, 7]), tensor([3, 4]), tensor([5, 7]), tensor([6, 8]), tensor([7, 9])]
Mean loss in evaluation epoch: 0.37858086824417114, epochs needed: 200
Rejecting!

Generation 4
Mean loss in evaluation epoch: 0.3755614757537842, epochs needed: 200
------------------------- TRACKING ---------------------------
Matrix Hash: 41e5225eab91fdc4, num_times_seen_before: 4
ACC: 0.6222222222222222
TPR/FPR: 0.5625, 0.3448275862068966
Loss: 0.3755614757537842
Timestamp: 78.86597740700017
---------------------------------------------------------------
[tensor([0, 3]), tensor([0, 4]), tensor([1, 2]), tensor([1, 6]), tensor([2, 5]), tensor([2, 8]), tensor([3, 4]), tensor([3, 5]), tensor([5, 7]), tensor([6, 9]), tensor([7, 8])]
Mean loss in evaluation epoch: 0.379225492477417, epochs needed: 200
Rejecting!

Generation 5
Mean loss in evaluation epoch: 0.3753507435321808, epochs needed: 200
------------------------- TRACKING ---------------------------
Matrix Hash: 41e5225eab91fdc4, num_times_seen_before: 5
ACC: 0.6222222222222222
TPR/FPR: 0.5625, 0.3448275862068966
Loss: 0.3753507435321808
Timestamp: 98.31838244100027
---------------------------------------------------------------
[tensor([0, 3]), tensor([0, 4]), tensor([0, 8]), tensor([1, 2]), tensor([1, 6]), tensor([2, 5]), tensor([2, 8]), tensor([5, 7]), tensor([7, 8])]
Mean loss in evaluation epoch: 0.37923485040664673, epochs needed: 200
Rejecting!

Generation 6
Mean loss in evaluation epoch: 0.3736240267753601, epochs needed: 200
------------------------- TRACKING ---------------------------
Matrix Hash: 41e5225eab91fdc4, num_times_seen_before: 6
ACC: 0.6222222222222222
TPR/FPR: 0.5625, 0.3448275862068966
Loss: 0.3736240267753601
Timestamp: 119.77328878900016
---------------------------------------------------------------
[tensor([0, 4]), tensor([1, 2]), tensor([1, 6]), tensor([1, 9]), tensor([2, 7]), tensor([2, 8]), tensor([3, 5]), tensor([5, 7]), tensor([7, 8])]
Mean loss in evaluation epoch: 0.37787437438964844, epochs needed: 200
Rejecting!

Generation 7
Mean loss in evaluation epoch: 0.37388351559638977, epochs needed: 200
------------------------- TRACKING ---------------------------
Matrix Hash: 41e5225eab91fdc4, num_times_seen_before: 7
ACC: 0.6222222222222222
TPR/FPR: 0.5625, 0.3448275862068966
Loss: 0.37388351559638977
Timestamp: 139.14842215
---------------------------------------------------------------
[tensor([0, 4]), tensor([0, 8]), tensor([1, 9]), tensor([2, 5]), tensor([3, 4]), tensor([4, 5]), tensor([5, 7]), tensor([7, 8]), tensor([7, 9]), tensor([8, 9])]
Mean loss in evaluation epoch: 0.37534698843955994, epochs needed: 200
Rejecting!

Generation 8
Mean loss in evaluation epoch: 0.3747502267360687, epochs needed: 200
------------------------- TRACKING ---------------------------
Matrix Hash: 41e5225eab91fdc4, num_times_seen_before: 8
ACC: 0.6222222222222222
TPR/FPR: 0.5625, 0.3448275862068966
Loss: 0.3747502267360687
Timestamp: 158.39095244500004
---------------------------------------------------------------
[tensor([0, 4]), tensor([0, 8]), tensor([1, 2]), tensor([1, 9]), tensor([3, 4]), tensor([5, 7]), tensor([7, 8]), tensor([7, 9]), tensor([8, 9])]
Mean loss in evaluation epoch: 0.3795422315597534, epochs needed: 200
Rejecting!

Generation 9
Mean loss in evaluation epoch: 0.37632647156715393, epochs needed: 200
------------------------- TRACKING ---------------------------
Matrix Hash: 41e5225eab91fdc4, num_times_seen_before: 9
ACC: 0.6222222222222222
TPR/FPR: 0.5625, 0.3448275862068966
Loss: 0.37632647156715393
Timestamp: 177.86192688100027
---------------------------------------------------------------
[tensor([0, 4]), tensor([0, 8]), tensor([1, 2]), tensor([1, 6]), tensor([1, 9]), tensor([3, 4]), tensor([6, 8]), tensor([6, 9])]
Mean loss in evaluation epoch: 0.3752533197402954, epochs needed: 200
Accepting!

Generation 10
Mean loss in evaluation epoch: 0.3754008412361145, epochs needed: 200
------------------------- TRACKING ---------------------------
Matrix Hash: a65b1a2ec38bc2bd, num_times_seen_before: 0
ACC: 0.5333333333333333
TPR/FPR: 0.4375, 0.41379310344827586
Loss: 0.3754008412361145
Timestamp: 197.89207364799995
---------------------------------------------------------------
[tensor([0, 1]), tensor([1, 4]), tensor([2, 3]), tensor([4, 7]), tensor([4, 9])]
Mean loss in evaluation epoch: 0.37682393193244934, epochs needed: 200
Rejecting!

Generation 11
Mean loss in evaluation epoch: 0.37460634112358093, epochs needed: 200
------------------------- TRACKING ---------------------------
Matrix Hash: a65b1a2ec38bc2bd, num_times_seen_before: 1
ACC: 0.5333333333333333
TPR/FPR: 0.4375, 0.41379310344827586
Loss: 0.37460634112358093
Timestamp: 217.35613023299993
---------------------------------------------------------------
[tensor([0, 1]), tensor([1, 4]), tensor([3, 9]), tensor([4, 6]), tensor([4, 8])]
Mean loss in evaluation epoch: 0.372688353061676, epochs needed: 200
Accepting!

Generation 12
Mean loss in evaluation epoch: 0.3722723722457886, epochs needed: 200
------------------------- TRACKING ---------------------------
Matrix Hash: 6edd7f9fc2744b8f, num_times_seen_before: 0
ACC: 0.5111111111111111
TPR/FPR: 0.5, 0.4827586206896552
Loss: 0.3722723722457886
Timestamp: 237.44780872
---------------------------------------------------------------
[tensor([0, 2]), tensor([0, 4]), tensor([0, 5]), tensor([2, 3]), tensor([3, 4]), tensor([3, 8]), tensor([4, 9]), tensor([5, 8])]
Mean loss in evaluation epoch: 0.37305939197540283, epochs needed: 200
Rejecting!

Generation 13
Mean loss in evaluation epoch: 0.37329885363578796, epochs needed: 200
------------------------- TRACKING ---------------------------
Matrix Hash: 6edd7f9fc2744b8f, num_times_seen_before: 1
ACC: 0.5111111111111111
TPR/FPR: 0.5, 0.4827586206896552
Loss: 0.37329885363578796
Timestamp: 257.90046807
---------------------------------------------------------------
[tensor([0, 2]), tensor([0, 4]), tensor([3, 4]), tensor([4, 9])]
Mean loss in evaluation epoch: 0.3722541034221649, epochs needed: 200
Accepting!

Generation 14
Mean loss in evaluation epoch: 0.37223684787750244, epochs needed: 200
------------------------- TRACKING ---------------------------
Matrix Hash: 2d19f952a2264528, num_times_seen_before: 0
ACC: 0.5555555555555556
TPR/FPR: 0.6875, 0.5172413793103449
Loss: 0.37223684787750244
Timestamp: 278.3614294480003
---------------------------------------------------------------
[tensor([0, 5]), tensor([0, 9]), tensor([4, 5]), tensor([4, 8]), tensor([5, 8])]
Mean loss in evaluation epoch: 0.37270933389663696, epochs needed: 200
Rejecting!

Generation 15
Mean loss in evaluation epoch: 0.37181541323661804, epochs needed: 200
------------------------- TRACKING ---------------------------
Matrix Hash: 2d19f952a2264528, num_times_seen_before: 1
ACC: 0.5555555555555556
TPR/FPR: 0.6875, 0.5172413793103449
Loss: 0.37181541323661804
Timestamp: 299.0046586970002
---------------------------------------------------------------
[tensor([0, 5]), tensor([0, 8]), tensor([0, 9]), tensor([3, 5]), tensor([4, 6]), tensor([5, 8]), tensor([6, 9])]
Mean loss in evaluation epoch: 0.3704575300216675, epochs needed: 200
Accepting!

Generation 16
Mean loss in evaluation epoch: 0.3696926236152649, epochs needed: 200
------------------------- TRACKING ---------------------------
Matrix Hash: fd03ab788f603832, num_times_seen_before: 0
ACC: 0.6666666666666667
TPR/FPR: 0.875, 0.4482758620689655
Loss: 0.3696926236152649
Timestamp: 320.21395613899995
---------------------------------------------------------------
[tensor([0, 7]), tensor([3, 5]), tensor([3, 9]), tensor([4, 6]), tensor([5, 9]), tensor([6, 9])]
Mean loss in evaluation epoch: 0.37017935514450073, epochs needed: 200
Rejecting!

Generation 17
Mean loss in evaluation epoch: 0.369464248418808, epochs needed: 200
------------------------- TRACKING ---------------------------
Matrix Hash: fd03ab788f603832, num_times_seen_before: 1
ACC: 0.6666666666666667
TPR/FPR: 0.875, 0.4482758620689655
Loss: 0.369464248418808
Timestamp: 339.99572904000024
---------------------------------------------------------------
[tensor([0, 6]), tensor([3, 5]), tensor([3, 6]), tensor([4, 6]), tensor([5, 9]), tensor([6, 9]), tensor([7, 9])]
Mean loss in evaluation epoch: 0.37392550706863403, epochs needed: 200
Rejecting!

Generation 18
Mean loss in evaluation epoch: 0.37023207545280457, epochs needed: 200
------------------------- TRACKING ---------------------------
Matrix Hash: fd03ab788f603832, num_times_seen_before: 2
ACC: 0.6666666666666667
TPR/FPR: 0.875, 0.4482758620689655
Loss: 0.37023207545280457
Timestamp: 359.53687899600027
---------------------------------------------------------------
[tensor([0, 5]), tensor([0, 6]), tensor([3, 5]), tensor([4, 5]), tensor([4, 6]), tensor([5, 9]), tensor([6, 7])]
Mean loss in evaluation epoch: 0.37089094519615173, epochs needed: 200
Rejecting!

Generation 19
Mean loss in evaluation epoch: 0.37026384472846985, epochs needed: 200
------------------------- TRACKING ---------------------------
Matrix Hash: fd03ab788f603832, num_times_seen_before: 3
ACC: 0.6666666666666667
TPR/FPR: 0.875, 0.4482758620689655
Loss: 0.37026384472846985
Timestamp: 379.15437206000024
---------------------------------------------------------------
[tensor([0, 5]), tensor([0, 6]), tensor([3, 5]), tensor([3, 9]), tensor([4, 5]), tensor([4, 6]), tensor([6, 9])]
Mean loss in evaluation epoch: 0.3720482289791107, epochs needed: 200
Rejecting!

Generation 20
Mean loss in evaluation epoch: 0.37064021825790405, epochs needed: 200
------------------------- TRACKING ---------------------------
Matrix Hash: fd03ab788f603832, num_times_seen_before: 4
ACC: 0.6666666666666667
TPR/FPR: 0.875, 0.4482758620689655
Loss: 0.37064021825790405
Timestamp: 399.2921755370003
---------------------------------------------------------------
[tensor([3, 5]), tensor([4, 5]), tensor([4, 6]), tensor([7, 8])]
Mean loss in evaluation epoch: 0.37223106622695923, epochs needed: 200
Rejecting!

Generation 21
Mean loss in evaluation epoch: 0.37010595202445984, epochs needed: 200
------------------------- TRACKING ---------------------------
Matrix Hash: fd03ab788f603832, num_times_seen_before: 5
ACC: 0.6666666666666667
TPR/FPR: 0.875, 0.4482758620689655
Loss: 0.37010595202445984
Timestamp: 418.7017643869999
---------------------------------------------------------------
[tensor([0, 5]), tensor([0, 6]), tensor([4, 5]), tensor([4, 6])]
Mean loss in evaluation epoch: 0.37004631757736206, epochs needed: 200
Accepting!

Generation 22
Mean loss in evaluation epoch: 0.3696434199810028, epochs needed: 200
------------------------- TRACKING ---------------------------
Matrix Hash: eb8186304bcbb07a, num_times_seen_before: 0
ACC: 0.6666666666666667
TPR/FPR: 0.875, 0.4482758620689655
Loss: 0.3696434199810028
Timestamp: 439.0466971190003
---------------------------------------------------------------
[tensor([0, 5]), tensor([0, 7])]
Mean loss in evaluation epoch: 0.37531718611717224, epochs needed: 200
Rejecting!

Generation 23
Mean loss in evaluation epoch: 0.3697997033596039, epochs needed: 200
------------------------- TRACKING ---------------------------
Matrix Hash: eb8186304bcbb07a, num_times_seen_before: 1
ACC: 0.6666666666666667
TPR/FPR: 0.875, 0.4482758620689655
Loss: 0.3697997033596039
Timestamp: 458.7148514630003
---------------------------------------------------------------
[tensor([0, 5]), tensor([0, 6]), tensor([3, 9]), tensor([4, 5]), tensor([5, 8])]
Mean loss in evaluation epoch: 0.37296780943870544, epochs needed: 200
Rejecting!

Generation 24
Mean loss in evaluation epoch: 0.36847084760665894, epochs needed: 200
------------------------- TRACKING ---------------------------
Matrix Hash: eb8186304bcbb07a, num_times_seen_before: 2
ACC: 0.6666666666666667
TPR/FPR: 0.875, 0.4482758620689655
Loss: 0.36847084760665894
Timestamp: 478.4674186960001
---------------------------------------------------------------
[tensor([0, 5]), tensor([6, 7])]
Mean loss in evaluation epoch: 0.37242257595062256, epochs needed: 200
Rejecting!

Generation 25
Mean loss in evaluation epoch: 0.36860206723213196, epochs needed: 200
------------------------- TRACKING ---------------------------
Matrix Hash: eb8186304bcbb07a, num_times_seen_before: 3
ACC: 0.6666666666666667
TPR/FPR: 0.875, 0.4482758620689655
Loss: 0.36860206723213196
Timestamp: 498.14371598200023
---------------------------------------------------------------
[tensor([0, 5]), tensor([0, 6]), tensor([4, 5]), tensor([5, 8])]
Mean loss in evaluation epoch: 0.3694581687450409, epochs needed: 200
Rejecting!

Generation 26
Mean loss in evaluation epoch: 0.3710228502750397, epochs needed: 200
------------------------- TRACKING ---------------------------
Matrix Hash: eb8186304bcbb07a, num_times_seen_before: 4
ACC: 0.6666666666666667
TPR/FPR: 0.875, 0.4482758620689655
Loss: 0.3710228502750397
Timestamp: 518.4971469950001
---------------------------------------------------------------
[tensor([0, 5]), tensor([0, 6]), tensor([2, 3]), tensor([3, 4]), tensor([4, 5]), tensor([4, 6]), tensor([5, 8]), tensor([5, 9])]
Mean loss in evaluation epoch: 0.37296202778816223, epochs needed: 200
Rejecting!

Generation 27
Mean loss in evaluation epoch: 0.3704753816127777, epochs needed: 200
------------------------- TRACKING ---------------------------
Matrix Hash: eb8186304bcbb07a, num_times_seen_before: 5
ACC: 0.6666666666666667
TPR/FPR: 0.875, 0.4482758620689655
Loss: 0.3704753816127777
Timestamp: 540.0513585240001
---------------------------------------------------------------
[tensor([0, 5]), tensor([0, 6]), tensor([2, 3]), tensor([2, 9]), tensor([4, 5]), tensor([5, 9])]
Mean loss in evaluation epoch: 0.3716296851634979, epochs needed: 200
Rejecting!

Generation 28
Mean loss in evaluation epoch: 0.36952707171440125, epochs needed: 200
------------------------- TRACKING ---------------------------
Matrix Hash: eb8186304bcbb07a, num_times_seen_before: 6
ACC: 0.6666666666666667
TPR/FPR: 0.875, 0.4482758620689655
Loss: 0.36952707171440125
Timestamp: 560.5306576810003
---------------------------------------------------------------
[tensor([0, 4]), tensor([0, 5]), tensor([0, 6]), tensor([0, 8]), tensor([0, 9]), tensor([3, 8]), tensor([4, 5]), tensor([5, 8])]
Mean loss in evaluation epoch: 0.3718239367008209, epochs needed: 200
Rejecting!

Generation 29
Mean loss in evaluation epoch: 0.3688472807407379, epochs needed: 200
------------------------- TRACKING ---------------------------
Matrix Hash: eb8186304bcbb07a, num_times_seen_before: 7
ACC: 0.6666666666666667
TPR/FPR: 0.875, 0.4482758620689655
Loss: 0.3688472807407379
Timestamp: 581.208018328
---------------------------------------------------------------
[tensor([0, 6]), tensor([4, 6]), tensor([7, 9])]
Mean loss in evaluation epoch: 0.37167593836784363, epochs needed: 200
Rejecting!

Generation 30
Mean loss in evaluation epoch: 0.36954137682914734, epochs needed: 200
------------------------- TRACKING ---------------------------
Matrix Hash: eb8186304bcbb07a, num_times_seen_before: 8
ACC: 0.6666666666666667
TPR/FPR: 0.875, 0.4482758620689655
Loss: 0.36954137682914734
Timestamp: 602.7378702770002
---------------------------------------------------------------
[tensor([0, 6]), tensor([2, 3]), tensor([2, 9]), tensor([3, 7]), tensor([4, 5]), tensor([4, 6]), tensor([4, 9]), tensor([6, 7]), tensor([7, 9])]
Mean loss in evaluation epoch: 0.372356653213501, epochs needed: 200
Rejecting!

Generation 31
Mean loss in evaluation epoch: 0.36902883648872375, epochs needed: 200
------------------------- TRACKING ---------------------------
Matrix Hash: eb8186304bcbb07a, num_times_seen_before: 9
ACC: 0.6666666666666667
TPR/FPR: 0.875, 0.4482758620689655
Loss: 0.36902883648872375
Timestamp: 624.4098956910002
---------------------------------------------------------------
[tensor([0, 4]), tensor([0, 5]), tensor([0, 6]), tensor([0, 8]), tensor([2, 9]), tensor([4, 5]), tensor([5, 9]), tensor([7, 9])]
Mean loss in evaluation epoch: 0.37050873041152954, epochs needed: 200
Rejecting!

Generation 32
Mean loss in evaluation epoch: 0.36875036358833313, epochs needed: 200
------------------------- TRACKING ---------------------------
Matrix Hash: eb8186304bcbb07a, num_times_seen_before: 10
ACC: 0.6666666666666667
TPR/FPR: 0.875, 0.4482758620689655
Loss: 0.36875036358833313
Timestamp: 646.1999444769999
---------------------------------------------------------------
[tensor([0, 2]), tensor([0, 6]), tensor([2, 3]), tensor([2, 9]), tensor([5, 8])]
Mean loss in evaluation epoch: 0.3716258704662323, epochs needed: 200
Rejecting!

Generation 33
Mean loss in evaluation epoch: 0.36875781416893005, epochs needed: 200
------------------------- TRACKING ---------------------------
Matrix Hash: eb8186304bcbb07a, num_times_seen_before: 11
ACC: 0.6666666666666667
TPR/FPR: 0.875, 0.4482758620689655
Loss: 0.36875781416893005
Timestamp: 666.5852016630001
---------------------------------------------------------------
[tensor([0, 5]), tensor([0, 6]), tensor([0, 8]), tensor([2, 3]), tensor([2, 9]), tensor([4, 5]), tensor([5, 8]), tensor([6, 7])]
Mean loss in evaluation epoch: 0.36905184388160706, epochs needed: 200
Rejecting!

Generation 34
Mean loss in evaluation epoch: 0.3687954843044281, epochs needed: 200
------------------------- TRACKING ---------------------------
Matrix Hash: eb8186304bcbb07a, num_times_seen_before: 12
ACC: 0.6666666666666667
TPR/FPR: 0.875, 0.4482758620689655
Loss: 0.3687954843044281
Timestamp: 686.5162995999999
---------------------------------------------------------------
[tensor([0, 6]), tensor([0, 8]), tensor([3, 8]), tensor([3, 9]), tensor([4, 5])]
Mean loss in evaluation epoch: 0.37053918838500977, epochs needed: 200
Rejecting!

Generation 35
Mean loss in evaluation epoch: 0.37076693773269653, epochs needed: 200
------------------------- TRACKING ---------------------------
Matrix Hash: eb8186304bcbb07a, num_times_seen_before: 13
ACC: 0.6666666666666667
TPR/FPR: 0.875, 0.4482758620689655
Loss: 0.37076693773269653
Timestamp: 706.278754333
---------------------------------------------------------------
[tensor([0, 6]), tensor([3, 8]), tensor([4, 5])]
Mean loss in evaluation epoch: 0.3698410391807556, epochs needed: 200
Accepting!

Generation 36
Mean loss in evaluation epoch: 0.36742836236953735, epochs needed: 200
------------------------- TRACKING ---------------------------
Matrix Hash: bebe304400266dda, num_times_seen_before: 0
ACC: 0.6888888888888889
TPR/FPR: 0.875, 0.41379310344827586
Loss: 0.36742836236953735
Timestamp: 726.4346979960001
---------------------------------------------------------------
[tensor([0, 6]), tensor([0, 7]), tensor([2, 9]), tensor([5, 9]), tensor([7, 8])]
Mean loss in evaluation epoch: 0.3750089108943939, epochs needed: 200
Rejecting!

Generation 37
Mean loss in evaluation epoch: 0.36727848649024963, epochs needed: 200
------------------------- TRACKING ---------------------------
Matrix Hash: bebe304400266dda, num_times_seen_before: 1
ACC: 0.6888888888888889
TPR/FPR: 0.875, 0.41379310344827586
Loss: 0.36727848649024963
Timestamp: 746.4267204739999
---------------------------------------------------------------
[tensor([5, 9]), tensor([7, 8])]
Mean loss in evaluation epoch: 0.36937353014945984, epochs needed: 200
Rejecting!

Generation 38
Mean loss in evaluation epoch: 0.36917755007743835, epochs needed: 200
------------------------- TRACKING ---------------------------
Matrix Hash: bebe304400266dda, num_times_seen_before: 2
ACC: 0.6888888888888889
TPR/FPR: 0.875, 0.41379310344827586
Loss: 0.36917755007743835
Timestamp: 766.0209078600001
---------------------------------------------------------------
[tensor([2, 9]), tensor([3, 8]), tensor([4, 5]), tensor([4, 9]), tensor([5, 9])]
Mean loss in evaluation epoch: 0.36853453516960144, epochs needed: 200
Accepting!

Generation 39
Mean loss in evaluation epoch: 0.3687348961830139, epochs needed: 200
------------------------- TRACKING ---------------------------
Matrix Hash: 9fb8b6fb90bdbf97, num_times_seen_before: 0
ACC: 0.7555555555555555
TPR/FPR: 0.875, 0.3103448275862069
Loss: 0.3687348961830139
Timestamp: 786.6213190809999
---------------------------------------------------------------
[tensor([0, 5]), tensor([1, 3]), tensor([1, 5]), tensor([3, 4]), tensor([3, 5])]
Mean loss in evaluation epoch: 0.37688642740249634, epochs needed: 200
Rejecting!

Generation 40
Mean loss in evaluation epoch: 0.3684244751930237, epochs needed: 200
------------------------- TRACKING ---------------------------
Matrix Hash: 9fb8b6fb90bdbf97, num_times_seen_before: 1
ACC: 0.7555555555555555
TPR/FPR: 0.875, 0.3103448275862069
Loss: 0.3684244751930237
Timestamp: 807.085556777
---------------------------------------------------------------
[tensor([0, 3]), tensor([0, 5]), tensor([1, 3]), tensor([1, 5]), tensor([2, 9]), tensor([3, 4]), tensor([3, 5]), tensor([3, 8]), tensor([4, 8])]
Mean loss in evaluation epoch: 0.3779052793979645, epochs needed: 200
Rejecting!

Generation 41
Mean loss in evaluation epoch: 0.36886927485466003, epochs needed: 200
------------------------- TRACKING ---------------------------
Matrix Hash: 9fb8b6fb90bdbf97, num_times_seen_before: 2
ACC: 0.7555555555555555
TPR/FPR: 0.875, 0.3103448275862069
Loss: 0.36886927485466003
Timestamp: 828.0347299489999
---------------------------------------------------------------
[tensor([0, 1]), tensor([0, 6]), tensor([1, 3]), tensor([1, 5]), tensor([1, 8]), tensor([3, 4]), tensor([3, 8]), tensor([4, 8]), tensor([6, 9])]
Mean loss in evaluation epoch: 0.3799069821834564, epochs needed: 200
Rejecting!

Generation 42
Mean loss in evaluation epoch: 0.36836743354797363, epochs needed: 200
------------------------- TRACKING ---------------------------
Matrix Hash: 9fb8b6fb90bdbf97, num_times_seen_before: 3
ACC: 0.7555555555555555
TPR/FPR: 0.875, 0.3103448275862069
Loss: 0.36836743354797363
Timestamp: 848.8650799460002
---------------------------------------------------------------
[tensor([1, 3]), tensor([1, 4]), tensor([1, 5]), tensor([1, 8]), tensor([1, 9]), tensor([2, 3]), tensor([3, 4]), tensor([3, 5]), tensor([3, 7]), tensor([3, 8])]
Mean loss in evaluation epoch: 0.37365958094596863, epochs needed: 200
Rejecting!

Generation 43
Mean loss in evaluation epoch: 0.36829954385757446, epochs needed: 200
------------------------- TRACKING ---------------------------
Matrix Hash: 9fb8b6fb90bdbf97, num_times_seen_before: 4
ACC: 0.7555555555555555
TPR/FPR: 0.875, 0.3103448275862069
Loss: 0.36829954385757446
Timestamp: 869.281760547
---------------------------------------------------------------
[tensor([0, 5]), tensor([1, 3]), tensor([1, 5]), tensor([1, 8]), tensor([2, 3]), tensor([2, 9]), tensor([3, 4]), tensor([3, 5]), tensor([3, 7]), tensor([3, 8]), tensor([6, 9])]
Mean loss in evaluation epoch: 0.37563225626945496, epochs needed: 200
Rejecting!

Generation 44
Mean loss in evaluation epoch: 0.36988574266433716, epochs needed: 200
------------------------- TRACKING ---------------------------
Matrix Hash: 9fb8b6fb90bdbf97, num_times_seen_before: 5
ACC: 0.7555555555555555
TPR/FPR: 0.875, 0.3103448275862069
Loss: 0.36988574266433716
Timestamp: 890.6827176520001
---------------------------------------------------------------
[tensor([0, 5]), tensor([1, 3]), tensor([1, 8]), tensor([2, 9]), tensor([3, 5]), tensor([3, 8]), tensor([6, 9])]
Mean loss in evaluation epoch: 0.3778153359889984, epochs needed: 200
Rejecting!
------------------------- TRACKING ---------------------------
Matrix Hash: 9fb8b6fb90bdbf97, num_times_seen_before: 6
ACC: 0.7555555555555555
TPR/FPR: 0.875, 0.3103448275862069
Loss: 0.36988574266433716
Timestamp: 901.0255847640001
---------------------------------------------------------------
Time needed: 910.9293355300001 sec
