../data/final/netrd/SIS/timeseries_ba20_10k_0.1.pickle
../data/final/edges_ba20.pickle
CONTINUATION: False
CONT_ADDRESS: ./hillclimbing_logs/linear/final/heuristics_comp/deterministic/cml/ba10_1k_restart_3.5_random/2021-03-04T15_54_10.394816
SEED: 0
NUM_DYN_EPOCHS: 20
DETECT_EARLY_CONVERGENCE: False
USE_EVALEPOCH_FOR_GUIDED_MUTATION: False
USE_NODEWISE_LOSS: True
USE_DYNAMIC_STEPS: True
NUM_GEN: 45
DETERMINISTIC_EVAL: False
FREE WALK: False
EXPERIMENTS: 5
FORMAT: timeseries
num samples: 10000
NUM_TRAIN_SAMPLES: 9999
NUM_TRAIN_BATCHES: 100
NUM_TEST_SAMPLES: 9999
NUM_TEST_BATCHES: 100
BATCH_SIZE: 100
HIDDEN_SIZE: 128
NUM_DYN_EPOCHS: 20
IS_CONTINUOUS: False
USE_MAX: False

Generation 0
Mean loss in evaluation epoch: [0.27667170763015747, 0.27405011653900146, 0.33833345770835876, 0.23213431239128113, 0.32136934995651245, 0.3443980813026428, 0.32977306842803955, 0.33821192383766174, 0.3262843191623688, 0.3391987681388855, 0.32121607661247253, 0.3351302146911621, 0.3322887420654297, 0.3373013734817505, 0.3358902633190155, 0.34014400839805603, 0.3280164897441864, 0.3440168797969818, 0.32589229941368103, 0.3225191533565521], epochs needed: 20
------------------------- TRACKING ---------------------------
Matrix Hash: 2e6e01ef44305c86, num_times_seen_before: 0
ACC: 0.49473684210526314
TPR/FPR: 0.4166666666666667, 0.487012987012987
Loss: [0.27667170763015747, 0.27405011653900146, 0.33833345770835876, 0.23213431239128113, 0.32136934995651245, 0.3443980813026428, 0.32977306842803955, 0.33821192383766174, 0.3262843191623688, 0.3391987681388855, 0.32121607661247253, 0.3351302146911621, 0.3322887420654297, 0.3373013734817505, 0.3358902633190155, 0.34014400839805603, 0.3280164897441864, 0.3440168797969818, 0.32589229941368103, 0.3225191533565521]
Timestamp: 0
---------------------------------------------------------------
[tensor([0, 1]), tensor([1, 8]), tensor([1, 9]), tensor([ 1, 11]), tensor([ 1, 16]), tensor([2, 7]), tensor([3, 4]), tensor([6, 7]), tensor([7, 8]), tensor([7, 9]), tensor([ 7, 13]), tensor([ 8, 19])]
Mean loss in evaluation epoch: [0.27493563294410706, 0.2570093274116516, 0.3387089967727661, 0.23102115094661713, 0.31773242354393005, 0.34423601627349854, 0.32976406812667847, 0.331466406583786, 0.32499319314956665, 0.33880382776260376, 0.3208062946796417, 0.3352110683917999, 0.332355797290802, 0.33724918961524963, 0.3370870053768158, 0.34029388427734375, 0.3296988904476166, 0.3447662591934204, 0.32608577609062195, 0.3256113827228546], epochs needed: 20
count_changes: 11 / 12

Generation 1
Mean loss in evaluation epoch: [0.2729581892490387, 0.2571987211704254, 0.3388288915157318, 0.22951817512512207, 0.31667250394821167, 0.344612181186676, 0.32935062050819397, 0.33188697695732117, 0.32528024911880493, 0.33896246552467346, 0.3205437660217285, 0.33573439717292786, 0.33256447315216064, 0.3379371464252472, 0.33761826157569885, 0.3416171073913574, 0.3306080996990204, 0.3454664647579193, 0.3261800706386566, 0.3257080316543579], epochs needed: 20
------------------------- TRACKING ---------------------------
Matrix Hash: 8c621346070cee2a, num_times_seen_before: 0
ACC: 0.5105263157894737
TPR/FPR: 0.4722222222222222, 0.4805194805194805
Loss: [0.2729581892490387, 0.2571987211704254, 0.3388288915157318, 0.22951817512512207, 0.31667250394821167, 0.344612181186676, 0.32935062050819397, 0.33188697695732117, 0.32528024911880493, 0.33896246552467346, 0.3205437660217285, 0.33573439717292786, 0.33256447315216064, 0.3379371464252472, 0.33761826157569885, 0.3416171073913574, 0.3306080996990204, 0.3454664647579193, 0.3261800706386566, 0.3257080316543579]
Timestamp: 20.755265496999982
---------------------------------------------------------------
[tensor([0, 2]), tensor([0, 3]), tensor([ 0, 16]), tensor([1, 2]), tensor([ 1, 12]), tensor([ 1, 13]), tensor([ 1, 16]), tensor([ 1, 17]), tensor([ 1, 18]), tensor([ 1, 19]), tensor([2, 3]), tensor([2, 4]), tensor([2, 6]), tensor([3, 5]), tensor([ 3, 10]), tensor([4, 5]), tensor([ 4, 11]), tensor([ 4, 17]), tensor([5, 8]), tensor([6, 7]), tensor([ 6, 15]), tensor([7, 8]), tensor([ 7, 14]), tensor([ 9, 15]), tensor([ 9, 16]), tensor([11, 13]), tensor([11, 14]), tensor([12, 13]), tensor([14, 17]), tensor([14, 19]), tensor([15, 16])]
Mean loss in evaluation epoch: [0.2629338204860687, 0.3045779764652252, 0.33925414085388184, 0.2214847207069397, 0.3090553283691406, 0.3479166328907013, 0.32676997780799866, 0.33237501978874207, 0.3230670094490051, 0.340249627828598, 0.3218408226966858, 0.33597686886787415, 0.3328518569469452, 0.3321473300457001, 0.3325299620628357, 0.33880341053009033, 0.3267534673213959, 0.34241512417793274, 0.32635757327079773, 0.3185713589191437], epochs needed: 20
count_changes: 23 / 31

Generation 2
Mean loss in evaluation epoch: [0.2627734839916229, 0.25707370042800903, 0.3392602205276489, 0.2186269313097, 0.3089718818664551, 0.34694570302963257, 0.3254023790359497, 0.3317393362522125, 0.32234933972358704, 0.3393070101737976, 0.32007697224617004, 0.33562490344047546, 0.33285224437713623, 0.33195412158966064, 0.333914190530777, 0.3389865756034851, 0.3271847367286682, 0.3439813554286957, 0.3261246383190155, 0.3236907124519348], epochs needed: 20
------------------------- TRACKING ---------------------------
Matrix Hash: fd599a0ae2b8c26a, num_times_seen_before: 0
ACC: 0.4842105263157894
TPR/FPR: 0.3333333333333333, 0.4805194805194805
Loss: [0.2627734839916229, 0.25707370042800903, 0.3392602205276489, 0.2186269313097, 0.3089718818664551, 0.34694570302963257, 0.3254023790359497, 0.3317393362522125, 0.32234933972358704, 0.3393070101737976, 0.32007697224617004, 0.33562490344047546, 0.33285224437713623, 0.33195412158966064, 0.333914190530777, 0.3389865756034851, 0.3271847367286682, 0.3439813554286957, 0.3261246383190155, 0.3236907124519348]
Timestamp: 41.490003346999856
---------------------------------------------------------------
[tensor([1, 2]), tensor([1, 6]), tensor([ 1, 13]), tensor([ 1, 16]), tensor([ 1, 17]), tensor([ 1, 19]), tensor([2, 6]), tensor([3, 4]), tensor([3, 8]), tensor([3, 9]), tensor([ 3, 13]), tensor([4, 8]), tensor([ 5, 12]), tensor([ 5, 15]), tensor([ 5, 16]), tensor([ 5, 19]), tensor([6, 7]), tensor([ 6, 12]), tensor([ 9, 18]), tensor([10, 12]), tensor([11, 17]), tensor([11, 19]), tensor([12, 17]), tensor([14, 18]), tensor([15, 19]), tensor([17, 18])]
Mean loss in evaluation epoch: [0.26195886731147766, 0.3052240014076233, 0.3381649851799011, 0.20553168654441833, 0.3105311989784241, 0.3449263572692871, 0.3303758203983307, 0.3316112458705902, 0.3237214684486389, 0.33982592821121216, 0.3215094804763794, 0.33506956696510315, 0.3317975103855133, 0.3350294530391693, 0.33623141050338745, 0.33912521600723267, 0.32891911268234253, 0.34238386154174805, 0.3260190486907959, 0.32103103399276733], epochs needed: 20
count_changes: 13 / 26

Generation 3
Mean loss in evaluation epoch: [0.26156461238861084, 0.2571011781692505, 0.3397753834724426, 0.20331110060214996, 0.31252622604370117, 0.3462270200252533, 0.32528457045555115, 0.3317849040031433, 0.3219115138053894, 0.33925342559814453, 0.31932809948921204, 0.335457980632782, 0.3319755494594574, 0.334453284740448, 0.3337406814098358, 0.3375510573387146, 0.3270806670188904, 0.3410364091396332, 0.3264893889427185, 0.3174055218696594], epochs needed: 20
------------------------- TRACKING ---------------------------
Matrix Hash: 3ff7966d62de1209, num_times_seen_before: 0
ACC: 0.4473684210526315
TPR/FPR: 0.3055555555555556, 0.5194805194805194
Loss: [0.26156461238861084, 0.2571011781692505, 0.3397753834724426, 0.20331110060214996, 0.31252622604370117, 0.3462270200252533, 0.32528457045555115, 0.3317849040031433, 0.3219115138053894, 0.33925342559814453, 0.31932809948921204, 0.335457980632782, 0.3319755494594574, 0.334453284740448, 0.3337406814098358, 0.3375510573387146, 0.3270806670188904, 0.3410364091396332, 0.3264893889427185, 0.3174055218696594]
Timestamp: 62.394527002999894
---------------------------------------------------------------
[tensor([ 0, 10]), tensor([ 0, 13]), tensor([ 0, 14]), tensor([ 0, 18]), tensor([1, 2]), tensor([ 1, 13]), tensor([ 2, 19]), tensor([ 3, 14]), tensor([4, 6]), tensor([ 4, 10]), tensor([ 4, 12]), tensor([ 4, 13]), tensor([ 4, 16]), tensor([ 4, 19]), tensor([5, 7]), tensor([ 5, 12]), tensor([ 5, 14]), tensor([7, 8]), tensor([ 7, 14]), tensor([ 7, 19]), tensor([ 8, 13]), tensor([ 8, 16]), tensor([ 9, 13]), tensor([10, 14]), tensor([11, 14]), tensor([13, 16]), tensor([14, 17])]
Mean loss in evaluation epoch: [0.28948310017585754, 0.27102944254875183, 0.33898231387138367, 0.19804538786411285, 0.3172542452812195, 0.34503310918807983, 0.32648712396621704, 0.3312378227710724, 0.32671424746513367, 0.33939486742019653, 0.31895676255226135, 0.33496981859207153, 0.3319547176361084, 0.3319368362426758, 0.3422408998012543, 0.337710976600647, 0.32631221413612366, 0.34144362807273865, 0.32580336928367615, 0.31595346331596375], epochs needed: 20
count_changes: 6 / 27

Generation 4
Mean loss in evaluation epoch: [0.26177188754081726, 0.2577563226222992, 0.3389185667037964, 0.2037745863199234, 0.31170520186424255, 0.34485602378845215, 0.32550346851348877, 0.3313058316707611, 0.3219697177410126, 0.3393801748752594, 0.3197471499443054, 0.3356150984764099, 0.3320484459400177, 0.3315683603286743, 0.33434316515922546, 0.3371630907058716, 0.32705822587013245, 0.3407558798789978, 0.32724738121032715, 0.31620487570762634], epochs needed: 20
------------------------- TRACKING ---------------------------
Matrix Hash: 21f57463d22beefe, num_times_seen_before: 0
ACC: 0.4368421052631579
TPR/FPR: 0.3055555555555556, 0.5324675324675324
Loss: [0.26177188754081726, 0.2577563226222992, 0.3389185667037964, 0.2037745863199234, 0.31170520186424255, 0.34485602378845215, 0.32550346851348877, 0.3313058316707611, 0.3219697177410126, 0.3393801748752594, 0.3197471499443054, 0.3356150984764099, 0.3320484459400177, 0.3315683603286743, 0.33434316515922546, 0.3371630907058716, 0.32705822587013245, 0.3407558798789978, 0.32724738121032715, 0.31620487570762634]
Timestamp: 84.48764937700025
---------------------------------------------------------------
[tensor([0, 3]), tensor([1, 2]), tensor([1, 4]), tensor([1, 5]), tensor([1, 6]), tensor([1, 7]), tensor([1, 8]), tensor([ 1, 10]), tensor([ 1, 12]), tensor([ 1, 13]), tensor([ 1, 14]), tensor([ 1, 16]), tensor([ 1, 17]), tensor([ 1, 18]), tensor([ 1, 19]), tensor([ 2, 14]), tensor([ 4, 18]), tensor([ 5, 17]), tensor([7, 9]), tensor([ 7, 19]), tensor([ 9, 15]), tensor([ 9, 18]), tensor([ 9, 19]), tensor([10, 13]), tensor([10, 14]), tensor([11, 13]), tensor([13, 14]), tensor([13, 18]), tensor([14, 17])]
Mean loss in evaluation epoch: [0.2628590762615204, 0.2619994580745697, 0.33825674653053284, 0.20495791733264923, 0.3108232915401459, 0.34448546171188354, 0.32615241408348083, 0.3317529559135437, 0.3229607939720154, 0.34640344977378845, 0.319156289100647, 0.33497652411460876, 0.3324126601219177, 0.33425378799438477, 0.3327057659626007, 0.33736076951026917, 0.3295600712299347, 0.34015926718711853, 0.32575350999832153, 0.3164101839065552], epochs needed: 20
count_changes: 5 / 29

Generation 5
Mean loss in evaluation epoch: [0.2611258625984192, 0.257406622171402, 0.34016674757003784, 0.20056907832622528, 0.30990171432495117, 0.3464898467063904, 0.3251195549964905, 0.3315730690956116, 0.3217834532260895, 0.3390604853630066, 0.319259375333786, 0.33543461561203003, 0.3327833116054535, 0.33260124921798706, 0.3346121907234192, 0.33817267417907715, 0.32738134264945984, 0.34340184926986694, 0.3260241746902466, 0.31668052077293396], epochs needed: 20
------------------------- TRACKING ---------------------------
Matrix Hash: 256f6160672e5adb, num_times_seen_before: 0
ACC: 0.4631578947368421
TPR/FPR: 0.3055555555555556, 0.5
Loss: [0.2611258625984192, 0.257406622171402, 0.34016674757003784, 0.20056907832622528, 0.30990171432495117, 0.3464898467063904, 0.3251195549964905, 0.3315730690956116, 0.3217834532260895, 0.3390604853630066, 0.319259375333786, 0.33543461561203003, 0.3327833116054535, 0.33260124921798706, 0.3346121907234192, 0.33817267417907715, 0.32738134264945984, 0.34340184926986694, 0.3260241746902466, 0.31668052077293396]
Timestamp: 105.19707868500018
---------------------------------------------------------------
[tensor([0, 2]), tensor([0, 5]), tensor([ 1, 15]), tensor([2, 6]), tensor([4, 8]), tensor([ 5, 12]), tensor([ 5, 13]), tensor([ 5, 17]), tensor([ 8, 14]), tensor([ 8, 18]), tensor([10, 14]), tensor([10, 17])]
Mean loss in evaluation epoch: [0.2619630694389343, 0.30093687772750854, 0.3381709158420563, 0.1982857882976532, 0.30945703387260437, 0.3463500142097473, 0.324716180562973, 0.3312918543815613, 0.3210736811161041, 0.33893775939941406, 0.3202570378780365, 0.3350568413734436, 0.33195221424102783, 0.33145707845687866, 0.33239424228668213, 0.339152991771698, 0.32693496346473694, 0.3405245840549469, 0.3257259428501129, 0.3163299262523651], epochs needed: 20
count_changes: 10 / 12

Generation 6
Mean loss in evaluation epoch: [0.2609976828098297, 0.2679626941680908, 0.33815109729766846, 0.19880104064941406, 0.34202563762664795, 0.3453948199748993, 0.324844628572464, 0.3316081166267395, 0.3213905692100525, 0.33879417181015015, 0.3204013407230377, 0.33517298102378845, 0.33213281631469727, 0.3316071331501007, 0.33238157629966736, 0.3372282087802887, 0.3268674314022064, 0.34019729495048523, 0.3262503743171692, 0.31619441509246826], epochs needed: 20
------------------------- TRACKING ---------------------------
Matrix Hash: aa2efd692cb215d3, num_times_seen_before: 0
ACC: 0.43157894736842106
TPR/FPR: 0.3333333333333333, 0.5454545454545454
Loss: [0.2609976828098297, 0.2679626941680908, 0.33815109729766846, 0.19880104064941406, 0.34202563762664795, 0.3453948199748993, 0.324844628572464, 0.3316081166267395, 0.3213905692100525, 0.33879417181015015, 0.3204013407230377, 0.33517298102378845, 0.33213281631469727, 0.3316071331501007, 0.33238157629966736, 0.3372282087802887, 0.3268674314022064, 0.34019729495048523, 0.3262503743171692, 0.31619441509246826]
Timestamp: 126.03391769300015
---------------------------------------------------------------
[tensor([ 1, 15]), tensor([2, 4]), tensor([3, 4]), tensor([4, 5]), tensor([4, 6]), tensor([4, 7]), tensor([4, 8]), tensor([4, 9]), tensor([ 4, 10]), tensor([ 4, 11]), tensor([ 4, 12]), tensor([ 4, 13]), tensor([ 4, 15]), tensor([ 4, 16]), tensor([ 4, 17]), tensor([ 4, 18]), tensor([ 4, 19])]
Mean loss in evaluation epoch: [0.26067349314689636, 0.30463558435440063, 0.33805254101753235, 0.19882053136825562, 0.3305956721305847, 0.345781534910202, 0.3246634602546692, 0.33132627606391907, 0.32103168964385986, 0.3386680483818054, 0.32011619210243225, 0.33492931723594666, 0.331868052482605, 0.33179694414138794, 0.3328433632850647, 0.3387085795402527, 0.3268808424472809, 0.3405154049396515, 0.3259020149707794, 0.3170168697834015], epochs needed: 20
count_changes: 16 / 17

Generation 7
Mean loss in evaluation epoch: [0.26098594069480896, 0.2571074962615967, 0.3381494879722595, 0.20113873481750488, 0.3418538570404053, 0.3449356257915497, 0.32482466101646423, 0.33177512884140015, 0.32144662737846375, 0.33863505721092224, 0.3197266757488251, 0.33495810627937317, 0.332112193107605, 0.331298828125, 0.3331812620162964, 0.3378318250179291, 0.3269282579421997, 0.34070074558258057, 0.32561466097831726, 0.31644147634506226], epochs needed: 20
------------------------- TRACKING ---------------------------
Matrix Hash: fab5f9e7a8f31036, num_times_seen_before: 0
ACC: 0.3894736842105263
TPR/FPR: 0.4444444444444444, 0.6233766233766234
Loss: [0.26098594069480896, 0.2571074962615967, 0.3381494879722595, 0.20113873481750488, 0.3418538570404053, 0.3449356257915497, 0.32482466101646423, 0.33177512884140015, 0.32144662737846375, 0.33863505721092224, 0.3197266757488251, 0.33495810627937317, 0.332112193107605, 0.331298828125, 0.3331812620162964, 0.3378318250179291, 0.3269282579421997, 0.34070074558258057, 0.32561466097831726, 0.31644147634506226]
Timestamp: 147.51979283800028
---------------------------------------------------------------
[tensor([ 0, 10]), tensor([2, 4]), tensor([3, 4]), tensor([4, 5]), tensor([4, 6]), tensor([4, 7]), tensor([4, 8]), tensor([4, 9]), tensor([ 4, 10]), tensor([ 4, 14]), tensor([ 4, 17]), tensor([ 4, 18]), tensor([ 4, 19]), tensor([ 5, 13]), tensor([6, 9]), tensor([ 9, 14]), tensor([11, 18]), tensor([15, 18])]
Mean loss in evaluation epoch: [0.26095715165138245, 0.2580431401729584, 0.33812853693962097, 0.19979985058307648, 0.30982705950737, 0.34442538022994995, 0.3248843252658844, 0.3316476345062256, 0.3216646909713745, 0.338479220867157, 0.31953147053718567, 0.3349187672138214, 0.3321259915828705, 0.3312455713748932, 0.33164146542549133, 0.3373888432979584, 0.32709890604019165, 0.34030070900917053, 0.3262392282485962, 0.3163253366947174], epochs needed: 20
count_changes: 16 / 18

Generation 8
Mean loss in evaluation epoch: [0.2610776126384735, 0.26040300726890564, 0.33826369047164917, 0.19980835914611816, 0.3097626268863678, 0.34461742639541626, 0.32490599155426025, 0.33138686418533325, 0.3213249444961548, 0.3384842574596405, 0.31941530108451843, 0.33573395013809204, 0.3320499658584595, 0.33133918046951294, 0.3314162492752075, 0.33699125051498413, 0.3271713852882385, 0.34023168683052063, 0.3258553147315979, 0.3158714175224304], epochs needed: 20
------------------------- TRACKING ---------------------------
Matrix Hash: b853c31823a47d80, num_times_seen_before: 0
ACC: 0.43157894736842106
TPR/FPR: 0.3611111111111111, 0.551948051948052
Loss: [0.2610776126384735, 0.26040300726890564, 0.33826369047164917, 0.19980835914611816, 0.3097626268863678, 0.34461742639541626, 0.32490599155426025, 0.33138686418533325, 0.3213249444961548, 0.3384842574596405, 0.31941530108451843, 0.33573395013809204, 0.3320499658584595, 0.33133918046951294, 0.3314162492752075, 0.33699125051498413, 0.3271713852882385, 0.34023168683052063, 0.3258553147315979, 0.3158714175224304]
Timestamp: 168.24300229000028
---------------------------------------------------------------
[tensor([ 0, 18]), tensor([ 1, 15]), tensor([ 3, 14]), tensor([4, 6]), tensor([ 9, 16]), tensor([11, 13]), tensor([11, 18]), tensor([14, 18]), tensor([16, 17])]
Mean loss in evaluation epoch: [0.2604714035987854, 0.3107844591140747, 0.3392679989337921, 0.19831910729408264, 0.3097275197505951, 0.34588539600372314, 0.32607951760292053, 0.3320467174053192, 0.32330963015556335, 0.3385850489139557, 0.3209555447101593, 0.3349902927875519, 0.3338620662689209, 0.33154764771461487, 0.33165526390075684, 0.33681124448776245, 0.32687994837760925, 0.3402877748012543, 0.32583266496658325, 0.3173779547214508], epochs needed: 20
count_changes: 6 / 9

Generation 9
Mean loss in evaluation epoch: [0.26057854294776917, 0.2569081783294678, 0.3381947875022888, 0.19811053574085236, 0.30939438939094543, 0.3445720672607422, 0.32488250732421875, 0.33156412839889526, 0.3213840126991272, 0.3387162983417511, 0.31953033804893494, 0.33514487743377686, 0.3320772349834442, 0.33175691962242126, 0.33185166120529175, 0.3368779420852661, 0.32797327637672424, 0.3414508104324341, 0.3265331983566284, 0.3162703216075897], epochs needed: 20
------------------------- TRACKING ---------------------------
Matrix Hash: 69b3b5ed6c0ea7fc, num_times_seen_before: 0
ACC: 0.4631578947368421
TPR/FPR: 0.3611111111111111, 0.512987012987013
Loss: [0.26057854294776917, 0.2569081783294678, 0.3381947875022888, 0.19811053574085236, 0.30939438939094543, 0.3445720672607422, 0.32488250732421875, 0.33156412839889526, 0.3213840126991272, 0.3387162983417511, 0.31953033804893494, 0.33514487743377686, 0.3320772349834442, 0.33175691962242126, 0.33185166120529175, 0.3368779420852661, 0.32797327637672424, 0.3414508104324341, 0.3265331983566284, 0.3162703216075897]
Timestamp: 189.01418562300023
---------------------------------------------------------------
[tensor([0, 1]), tensor([ 0, 13]), tensor([ 0, 15]), tensor([ 0, 17]), tensor([1, 4]), tensor([1, 5]), tensor([1, 7]), tensor([1, 8]), tensor([1, 9]), tensor([ 1, 13]), tensor([ 1, 17]), tensor([ 1, 18]), tensor([ 1, 19]), tensor([4, 6]), tensor([4, 8]), tensor([ 4, 14]), tensor([ 4, 19]), tensor([5, 7]), tensor([6, 7]), tensor([ 7, 17]), tensor([ 7, 18]), tensor([ 9, 11]), tensor([ 9, 12]), tensor([ 9, 16]), tensor([11, 13]), tensor([12, 18]), tensor([12, 19]), tensor([16, 17])]
Mean loss in evaluation epoch: [0.26620081067085266, 0.3227778673171997, 0.3389537036418915, 0.19773852825164795, 0.3150433599948883, 0.3449617028236389, 0.3249325156211853, 0.3356931209564209, 0.32301604747772217, 0.3409517705440521, 0.3199819326400757, 0.33556684851646423, 0.3323337733745575, 0.3314420282840729, 0.3331484794616699, 0.3374399244785309, 0.32785481214523315, 0.340704083442688, 0.3264344334602356, 0.3177427649497986], epochs needed: 20
count_changes: 1 / 28

Generation 10
Mean loss in evaluation epoch: [0.2605818212032318, 0.2592223584651947, 0.33860594034194946, 0.1984027475118637, 0.3097696900367737, 0.34485381841659546, 0.32510268688201904, 0.3321492373943329, 0.3210654854774475, 0.3394131362438202, 0.31931066513061523, 0.3360597789287567, 0.33210593461990356, 0.3333075940608978, 0.3334125876426697, 0.33758190274238586, 0.32801780104637146, 0.3414149284362793, 0.3274548649787903, 0.31690868735313416], epochs needed: 20
------------------------- TRACKING ---------------------------
Matrix Hash: 02a82a093b10a5ec, num_times_seen_before: 0
ACC: 0.45789473684210524
TPR/FPR: 0.3611111111111111, 0.5194805194805194
Loss: [0.2605818212032318, 0.2592223584651947, 0.33860594034194946, 0.1984027475118637, 0.3097696900367737, 0.34485381841659546, 0.32510268688201904, 0.3321492373943329, 0.3210654854774475, 0.3394131362438202, 0.31931066513061523, 0.3360597789287567, 0.33210593461990356, 0.3333075940608978, 0.3334125876426697, 0.33758190274238586, 0.32801780104637146, 0.3414149284362793, 0.3274548649787903, 0.31690868735313416]
Timestamp: 209.07207522199997
---------------------------------------------------------------
[tensor([0, 1]), tensor([ 0, 13]), tensor([1, 2]), tensor([1, 3]), tensor([1, 4]), tensor([1, 5]), tensor([1, 6]), tensor([1, 7]), tensor([1, 9]), tensor([ 1, 10]), tensor([ 1, 11]), tensor([ 1, 12]), tensor([ 1, 13]), tensor([ 1, 14]), tensor([ 1, 16]), tensor([ 1, 19]), tensor([2, 4]), tensor([4, 5]), tensor([4, 9]), tensor([ 4, 19])]
Mean loss in evaluation epoch: [0.2607915699481964, 0.2652588486671448, 0.3390352427959442, 0.19823914766311646, 0.31518226861953735, 0.34570541977882385, 0.3250541687011719, 0.3315560221672058, 0.3214312195777893, 0.33854201436042786, 0.3194696307182312, 0.33493247628211975, 0.3324439823627472, 0.33158111572265625, 0.3316960334777832, 0.33700716495513916, 0.3268248736858368, 0.3406895697116852, 0.3280352056026459, 0.3179314434528351], epochs needed: 20
count_changes: 1 / 20

Generation 11
Mean loss in evaluation epoch: [0.2604116201400757, 0.25709646940231323, 0.3387792110443115, 0.19893592596054077, 0.3106735646724701, 0.34544849395751953, 0.3253023028373718, 0.33200740814208984, 0.32119765877723694, 0.33956179022789, 0.31908634305000305, 0.3359183669090271, 0.33214104175567627, 0.33170467615127563, 0.3330061137676239, 0.33780139684677124, 0.3275546133518219, 0.3415597379207611, 0.3269684612751007, 0.31621068716049194], epochs needed: 20
------------------------- TRACKING ---------------------------
Matrix Hash: b03b2f7d80a39ffd, num_times_seen_before: 0
ACC: 0.4631578947368421
TPR/FPR: 0.3888888888888889, 0.5194805194805194
Loss: [0.2604116201400757, 0.25709646940231323, 0.3387792110443115, 0.19893592596054077, 0.3106735646724701, 0.34544849395751953, 0.3253023028373718, 0.33200740814208984, 0.32119765877723694, 0.33956179022789, 0.31908634305000305, 0.3359183669090271, 0.33214104175567627, 0.33170467615127563, 0.3330061137676239, 0.33780139684677124, 0.3275546133518219, 0.3415597379207611, 0.3269684612751007, 0.31621068716049194]
Timestamp: 229.35404980600015
---------------------------------------------------------------
[tensor([0, 4]), tensor([0, 7]), tensor([0, 9]), tensor([1, 2]), tensor([2, 4]), tensor([ 2, 10]), tensor([ 2, 11]), tensor([3, 6]), tensor([ 3, 11]), tensor([ 3, 14]), tensor([4, 5]), tensor([4, 6]), tensor([4, 9]), tensor([ 4, 14]), tensor([ 4, 17]), tensor([ 4, 18]), tensor([ 5, 11]), tensor([6, 7]), tensor([6, 9]), tensor([ 6, 12]), tensor([ 6, 14]), tensor([ 7, 18]), tensor([8, 9]), tensor([ 9, 11]), tensor([ 9, 12]), tensor([ 9, 16]), tensor([11, 13]), tensor([11, 18]), tensor([14, 17])]
Mean loss in evaluation epoch: [0.2607124149799347, 0.2511802911758423, 0.3390067219734192, 0.19816374778747559, 0.31973156332969666, 0.34481796622276306, 0.3277926445007324, 0.3308699429035187, 0.320622056722641, 0.3426240384578705, 0.31918948888778687, 0.33722984790802, 0.33144548535346985, 0.33251625299453735, 0.33092138171195984, 0.33984577655792236, 0.3286961317062378, 0.3410508632659912, 0.3253819942474365, 0.319621741771698], epochs needed: 20
count_changes: 6 / 29

Generation 12
Mean loss in evaluation epoch: [0.26296547055244446, 0.2503526210784912, 0.3391934931278229, 0.2001824527978897, 0.3094610273838043, 0.34472236037254333, 0.32472145557403564, 0.33273613452911377, 0.3214351236820221, 0.3384523391723633, 0.31965696811676025, 0.3347911834716797, 0.33223190903663635, 0.33106279373168945, 0.33259132504463196, 0.33702781796455383, 0.3268471956253052, 0.3409914970397949, 0.3261090815067291, 0.31591910123825073], epochs needed: 20
------------------------- TRACKING ---------------------------
Matrix Hash: c37a00d896e0ef59, num_times_seen_before: 0
ACC: 0.4421052631578948
TPR/FPR: 0.4166666666666667, 0.551948051948052
Loss: [0.26296547055244446, 0.2503526210784912, 0.3391934931278229, 0.2001824527978897, 0.3094610273838043, 0.34472236037254333, 0.32472145557403564, 0.33273613452911377, 0.3214351236820221, 0.3384523391723633, 0.31965696811676025, 0.3347911834716797, 0.33223190903663635, 0.33106279373168945, 0.33259132504463196, 0.33702781796455383, 0.3268471956253052, 0.3409914970397949, 0.3261090815067291, 0.31591910123825073]
Timestamp: 249.74268937700026
---------------------------------------------------------------
[tensor([ 0, 13]), tensor([ 0, 14]), tensor([1, 2]), tensor([ 1, 15]), tensor([ 2, 19]), tensor([ 3, 14]), tensor([ 4, 18]), tensor([ 6, 18]), tensor([ 7, 12]), tensor([ 7, 13]), tensor([ 8, 14]), tensor([ 9, 18]), tensor([12, 19]), tensor([17, 19])]
Mean loss in evaluation epoch: [0.26048633456230164, 0.3130636513233185, 0.3388073146343231, 0.19847308099269867, 0.30927637219429016, 0.3448483347892761, 0.3259769082069397, 0.3313203454017639, 0.32104507088661194, 0.3402884900569916, 0.31924518942832947, 0.334755003452301, 0.33323580026626587, 0.3334435522556305, 0.33320873975753784, 0.33806896209716797, 0.3270348310470581, 0.3409757614135742, 0.32505759596824646, 0.32148653268814087], epochs needed: 20
count_changes: 5 / 14

Generation 13
Mean loss in evaluation epoch: [0.2606039345264435, 0.26557016372680664, 0.34015220403671265, 0.24483264982700348, 0.309829980134964, 0.34501731395721436, 0.3248762786388397, 0.33210864663124084, 0.32232168316841125, 0.33828115463256836, 0.32012709975242615, 0.3353205919265747, 0.3318905830383301, 0.33119505643844604, 0.3314616084098816, 0.33736205101013184, 0.32693105936050415, 0.3417421281337738, 0.3287762999534607, 0.3162744343280792], epochs needed: 20
------------------------- TRACKING ---------------------------
Matrix Hash: 4553fbc9864013a1, num_times_seen_before: 0
ACC: 0.4473684210526315
TPR/FPR: 0.3888888888888889, 0.538961038961039
Loss: [0.2606039345264435, 0.26557016372680664, 0.34015220403671265, 0.24483264982700348, 0.309829980134964, 0.34501731395721436, 0.3248762786388397, 0.33210864663124084, 0.32232168316841125, 0.33828115463256836, 0.32012709975242615, 0.3353205919265747, 0.3318905830383301, 0.33119505643844604, 0.3314616084098816, 0.33736205101013184, 0.32693105936050415, 0.3417421281337738, 0.3287762999534607, 0.3162744343280792]
Timestamp: 271.9935129989999
---------------------------------------------------------------
[tensor([0, 3]), tensor([1, 2]), tensor([ 1, 15]), tensor([2, 3]), tensor([ 2, 15]), tensor([ 2, 19]), tensor([3, 4]), tensor([3, 5]), tensor([3, 6]), tensor([3, 8]), tensor([3, 9]), tensor([ 3, 10]), tensor([ 3, 11]), tensor([ 3, 13]), tensor([ 3, 15]), tensor([ 3, 16]), tensor([ 3, 18]), tensor([ 3, 19]), tensor([ 6, 18]), tensor([ 8, 11])]
Mean loss in evaluation epoch: [0.2601289749145508, 0.30714306235313416, 0.3401724696159363, 0.23527060449123383, 0.309165358543396, 0.34516867995262146, 0.32557228207588196, 0.33130836486816406, 0.32076752185821533, 0.33840683102607727, 0.3190842866897583, 0.33495739102363586, 0.33269423246383667, 0.3336511254310608, 0.3336961269378662, 0.3399207592010498, 0.327981561422348, 0.34243500232696533, 0.3254754841327667, 0.3180787265300751], epochs needed: 20
count_changes: 16 / 20

Generation 14
Mean loss in evaluation epoch: [0.26058435440063477, 0.24963651597499847, 0.33884337544441223, 0.23998957872390747, 0.31006354093551636, 0.3450051546096802, 0.32503676414489746, 0.33126264810562134, 0.3211742639541626, 0.338427871465683, 0.31926608085632324, 0.3349319398403168, 0.33234354853630066, 0.33358266949653625, 0.3335183560848236, 0.3382948935031891, 0.32790401577949524, 0.3424830436706543, 0.3253961205482483, 0.31744128465652466], epochs needed: 20
------------------------- TRACKING ---------------------------
Matrix Hash: 43f117d7299a4fa2, num_times_seen_before: 0
ACC: 0.4789473684210527
TPR/FPR: 0.6388888888888888, 0.5584415584415584
Loss: [0.26058435440063477, 0.24963651597499847, 0.33884337544441223, 0.23998957872390747, 0.31006354093551636, 0.3450051546096802, 0.32503676414489746, 0.33126264810562134, 0.3211742639541626, 0.338427871465683, 0.31926608085632324, 0.3349319398403168, 0.33234354853630066, 0.33358266949653625, 0.3335183560848236, 0.3382948935031891, 0.32790401577949524, 0.3424830436706543, 0.3253961205482483, 0.31744128465652466]
Timestamp: 292.7543273649999
---------------------------------------------------------------
[tensor([0, 3]), tensor([0, 9]), tensor([ 1, 15]), tensor([ 2, 13]), tensor([ 2, 16]), tensor([ 2, 17]), tensor([ 2, 19]), tensor([3, 4]), tensor([3, 9]), tensor([ 3, 18]), tensor([ 3, 19]), tensor([ 4, 18]), tensor([ 8, 10])]
Mean loss in evaluation epoch: [0.2605679929256439, 0.243931844830513, 0.34114694595336914, 0.22874583303928375, 0.3095085322856903, 0.34555765986442566, 0.3254587948322296, 0.33134138584136963, 0.32098931074142456, 0.3384229242801666, 0.3187696635723114, 0.33499854803085327, 0.332632452249527, 0.33331725001335144, 0.33234113454818726, 0.33774206042289734, 0.3274773955345154, 0.34178996086120605, 0.32521140575408936, 0.31694766879081726], epochs needed: 20
count_changes: 9 / 13

Generation 15
Mean loss in evaluation epoch: [0.2602229714393616, 0.2408839762210846, 0.33927983045578003, 0.2258826345205307, 0.3097369074821472, 0.3458506464958191, 0.3258991837501526, 0.33191558718681335, 0.3218061625957489, 0.3391478657722473, 0.319003164768219, 0.33572447299957275, 0.3332448899745941, 0.332914799451828, 0.33378103375434875, 0.33882349729537964, 0.3276110887527466, 0.34204375743865967, 0.32589223980903625, 0.3169254660606384], epochs needed: 20
------------------------- TRACKING ---------------------------
Matrix Hash: 22e1f067c46ccb96, num_times_seen_before: 0
ACC: 0.4842105263157894
TPR/FPR: 0.5555555555555556, 0.5324675324675324
Loss: [0.2602229714393616, 0.2408839762210846, 0.33927983045578003, 0.2258826345205307, 0.3097369074821472, 0.3458506464958191, 0.3258991837501526, 0.33191558718681335, 0.3218061625957489, 0.3391478657722473, 0.319003164768219, 0.33572447299957275, 0.3332448899745941, 0.332914799451828, 0.33378103375434875, 0.33882349729537964, 0.3276110887527466, 0.34204375743865967, 0.32589223980903625, 0.3169254660606384]
Timestamp: 314.3313897789999
---------------------------------------------------------------
[tensor([1, 2]), tensor([2, 3]), tensor([3, 5]), tensor([3, 7]), tensor([3, 8]), tensor([ 3, 10]), tensor([ 3, 11]), tensor([ 3, 13]), tensor([ 3, 16]), tensor([ 3, 17]), tensor([4, 6]), tensor([ 4, 18]), tensor([6, 7]), tensor([ 6, 10]), tensor([ 6, 12]), tensor([ 6, 14]), tensor([ 6, 19]), tensor([ 7, 15]), tensor([ 8, 11]), tensor([ 8, 13]), tensor([ 9, 10]), tensor([ 9, 12]), tensor([12, 18])]
Mean loss in evaluation epoch: [0.25990667939186096, 0.311221718788147, 0.3384729325771332, 0.19862858951091766, 0.3084423243999481, 0.3450445234775543, 0.33225542306900024, 0.33144068717956543, 0.3210596442222595, 0.3387092649936676, 0.3193690776824951, 0.3348763883113861, 0.33237046003341675, 0.33167093992233276, 0.3310145139694214, 0.33679816126823425, 0.3276769816875458, 0.34139055013656616, 0.32540613412857056, 0.31623631715774536], epochs needed: 20
count_changes: 16 / 23

Generation 16
Mean loss in evaluation epoch: [0.26006630063056946, 0.24108107388019562, 0.3391254246234894, 0.19918687641620636, 0.30907589197158813, 0.34453025460243225, 0.3250013291835785, 0.33203908801078796, 0.3216799199581146, 0.3409826457500458, 0.3194364309310913, 0.33497947454452515, 0.33324965834617615, 0.3314341604709625, 0.33155930042266846, 0.33747223019599915, 0.32663801312446594, 0.3407904803752899, 0.3276946544647217, 0.31613072752952576], epochs needed: 20
------------------------- TRACKING ---------------------------
Matrix Hash: 8f6a3814c39b0330, num_times_seen_before: 0
ACC: 0.43157894736842106
TPR/FPR: 0.3888888888888889, 0.5584415584415584
Loss: [0.26006630063056946, 0.24108107388019562, 0.3391254246234894, 0.19918687641620636, 0.30907589197158813, 0.34453025460243225, 0.3250013291835785, 0.33203908801078796, 0.3216799199581146, 0.3409826457500458, 0.3194364309310913, 0.33497947454452515, 0.33324965834617615, 0.3314341604709625, 0.33155930042266846, 0.33747223019599915, 0.32663801312446594, 0.3407904803752899, 0.3276946544647217, 0.31613072752952576]
Timestamp: 334.37789518
---------------------------------------------------------------
[tensor([0, 3]), tensor([0, 9]), tensor([ 0, 12]), tensor([1, 3]), tensor([2, 3]), tensor([2, 6]), tensor([2, 7]), tensor([ 2, 12]), tensor([ 2, 18]), tensor([3, 4]), tensor([3, 5]), tensor([3, 7]), tensor([3, 8]), tensor([ 3, 10]), tensor([ 3, 11]), tensor([ 3, 13]), tensor([ 3, 14]), tensor([ 3, 16]), tensor([ 3, 17]), tensor([ 3, 18]), tensor([5, 8]), tensor([ 5, 18]), tensor([7, 9]), tensor([ 7, 11]), tensor([ 7, 18]), tensor([ 7, 19]), tensor([ 8, 11]), tensor([ 8, 15]), tensor([ 9, 15]), tensor([11, 15]), tensor([13, 15]), tensor([15, 19]), tensor([16, 18])]
Mean loss in evaluation epoch: [0.2618468999862671, 0.24626749753952026, 0.3378589153289795, 0.24486863613128662, 0.3124253451824188, 0.3440879285335541, 0.32500267028808594, 0.3340824842453003, 0.3212200105190277, 0.3386228382587433, 0.32147207856178284, 0.33495497703552246, 0.33162063360214233, 0.33223381638526917, 0.3320240378379822, 0.3426463007926941, 0.3275815546512604, 0.34077274799346924, 0.32520240545272827, 0.319021612405777], epochs needed: 20
count_changes: 10 / 33

Generation 17
Mean loss in evaluation epoch: [0.26062828302383423, 0.24114100635051727, 0.3407796323299408, 0.19900982081890106, 0.3091685473918915, 0.34680142998695374, 0.3262884318828583, 0.3338508605957031, 0.3217693269252777, 0.3387192487716675, 0.3193352520465851, 0.3365987241268158, 0.33183178305625916, 0.33397114276885986, 0.3353845179080963, 0.338481068611145, 0.33192282915115356, 0.3434171974658966, 0.3293534815311432, 0.3194272816181183], epochs needed: 20
------------------------- TRACKING ---------------------------
Matrix Hash: 5204d8d58f160ba9, num_times_seen_before: 0
ACC: 0.4736842105263158
TPR/FPR: 0.3611111111111111, 0.5
Loss: [0.26062828302383423, 0.24114100635051727, 0.3407796323299408, 0.19900982081890106, 0.3091685473918915, 0.34680142998695374, 0.3262884318828583, 0.3338508605957031, 0.3217693269252777, 0.3387192487716675, 0.3193352520465851, 0.3365987241268158, 0.33183178305625916, 0.33397114276885986, 0.3353845179080963, 0.338481068611145, 0.33192282915115356, 0.3434171974658966, 0.3293534815311432, 0.3194272816181183]
Timestamp: 354.7733331180002
---------------------------------------------------------------
[tensor([0, 8]), tensor([ 0, 14]), tensor([ 0, 15]), tensor([ 0, 18]), tensor([ 0, 19]), tensor([1, 2]), tensor([2, 3]), tensor([2, 5]), tensor([2, 6]), tensor([2, 8]), tensor([ 2, 11]), tensor([ 2, 14]), tensor([3, 4]), tensor([3, 5]), tensor([3, 7]), tensor([3, 9]), tensor([ 3, 10]), tensor([ 3, 13]), tensor([ 3, 14]), tensor([ 3, 16]), tensor([ 3, 18]), tensor([ 3, 19]), tensor([5, 7]), tensor([ 5, 10]), tensor([6, 7]), tensor([6, 8]), tensor([ 6, 12]), tensor([ 6, 14]), tensor([7, 8]), tensor([ 7, 17]), tensor([11, 12]), tensor([11, 13]), tensor([11, 16]), tensor([16, 18])]
Mean loss in evaluation epoch: [0.26814690232276917, 0.3005655109882355, 0.34063461422920227, 0.24364767968654633, 0.30885088443756104, 0.34529799222946167, 0.32639196515083313, 0.3347240388393402, 0.32301604747772217, 0.3383045196533203, 0.3203190863132477, 0.33845385909080505, 0.3327674865722656, 0.33237171173095703, 0.33384519815444946, 0.3373219966888428, 0.32773932814598083, 0.34108489751815796, 0.3247111439704895, 0.3172444701194763], epochs needed: 20
count_changes: 9 / 34

Generation 18
Mean loss in evaluation epoch: [0.26023226976394653, 0.24233916401863098, 0.33861151337623596, 0.19967536628246307, 0.3094119727611542, 0.3452666699886322, 0.32447683811187744, 0.3316706120967865, 0.3215637505054474, 0.3384988009929657, 0.3200826048851013, 0.3347732424736023, 0.3314710557460785, 0.3314224183559418, 0.33127933740615845, 0.33703452348709106, 0.32681170105934143, 0.34119856357574463, 0.3254333734512329, 0.31598129868507385], epochs needed: 20
------------------------- TRACKING ---------------------------
Matrix Hash: 054beb71b0330025, num_times_seen_before: 0
ACC: 0.4368421052631579
TPR/FPR: 0.3888888888888889, 0.551948051948052
Loss: [0.26023226976394653, 0.24233916401863098, 0.33861151337623596, 0.19967536628246307, 0.3094119727611542, 0.3452666699886322, 0.32447683811187744, 0.3316706120967865, 0.3215637505054474, 0.3384988009929657, 0.3200826048851013, 0.3347732424736023, 0.3314710557460785, 0.3314224183559418, 0.33127933740615845, 0.33703452348709106, 0.32681170105934143, 0.34119856357574463, 0.3254333734512329, 0.31598129868507385]
Timestamp: 374.85901695300026
---------------------------------------------------------------
[tensor([1, 3]), tensor([1, 4]), tensor([1, 5]), tensor([1, 6]), tensor([1, 7]), tensor([1, 8]), tensor([ 1, 10]), tensor([ 1, 12]), tensor([ 1, 13]), tensor([ 1, 14]), tensor([ 1, 18]), tensor([ 1, 19]), tensor([ 2, 17]), tensor([3, 4]), tensor([3, 8]), tensor([3, 9]), tensor([ 3, 10]), tensor([ 3, 11]), tensor([ 3, 12]), tensor([ 3, 13]), tensor([ 3, 14]), tensor([ 3, 19])]
Mean loss in evaluation epoch: [0.2603500187397003, 0.2893722355365753, 0.3379620313644409, 0.2339625060558319, 0.31114256381988525, 0.34664565324783325, 0.3255656361579895, 0.33271148800849915, 0.32152774930000305, 0.33882102370262146, 0.32286664843559265, 0.3351607024669647, 0.3336087763309479, 0.33306968212127686, 0.3354637324810028, 0.33741092681884766, 0.3271622657775879, 0.3417075276374817, 0.3249945044517517, 0.31702154874801636], epochs needed: 20
count_changes: 1 / 22

Generation 19
Mean loss in evaluation epoch: [0.26047617197036743, 0.2412026971578598, 0.3378332853317261, 0.19924494624137878, 0.30937129259109497, 0.34464916586875916, 0.324462890625, 0.33169540762901306, 0.3218212425708771, 0.3386121988296509, 0.32024165987968445, 0.3350270688533783, 0.3317059576511383, 0.33149734139442444, 0.330914705991745, 0.3368098735809326, 0.32715868949890137, 0.34124839305877686, 0.3263291120529175, 0.31656959652900696], epochs needed: 20
------------------------- TRACKING ---------------------------
Matrix Hash: b58cf838a78fd2fb, num_times_seen_before: 0
ACC: 0.4421052631578948
TPR/FPR: 0.3888888888888889, 0.5454545454545454
Loss: [0.26047617197036743, 0.2412026971578598, 0.3378332853317261, 0.19924494624137878, 0.30937129259109497, 0.34464916586875916, 0.324462890625, 0.33169540762901306, 0.3218212425708771, 0.3386121988296509, 0.32024165987968445, 0.3350270688533783, 0.3317059576511383, 0.33149734139442444, 0.330914705991745, 0.3368098735809326, 0.32715868949890137, 0.34124839305877686, 0.3263291120529175, 0.31656959652900696]
Timestamp: 395.40091548300006
---------------------------------------------------------------
[tensor([0, 1]), tensor([1, 3]), tensor([1, 9]), tensor([ 1, 10]), tensor([3, 4]), tensor([3, 5]), tensor([ 3, 10]), tensor([ 3, 11]), tensor([ 3, 12]), tensor([ 3, 13]), tensor([ 3, 17]), tensor([4, 6]), tensor([ 5, 15]), tensor([ 7, 18]), tensor([ 8, 11]), tensor([ 8, 17]), tensor([ 9, 10]), tensor([12, 15])]
Mean loss in evaluation epoch: [0.2872754633426666, 0.27605095505714417, 0.3385260999202728, 0.22258611023426056, 0.3088027834892273, 0.3444094657897949, 0.3243299126625061, 0.33156338334083557, 0.3217419981956482, 0.33928564190864563, 0.3192891478538513, 0.3348242938518524, 0.3320327401161194, 0.33115431666374207, 0.3310866355895996, 0.33718761801719666, 0.3271295130252838, 0.3404718041419983, 0.32631826400756836, 0.31740522384643555], epochs needed: 20
count_changes: 5 / 18

Generation 20
Mean loss in evaluation epoch: [0.2605136036872864, 0.2428482174873352, 0.33832380175590515, 0.19913111627101898, 0.3087678551673889, 0.34481704235076904, 0.32445091009140015, 0.3324282467365265, 0.32168087363243103, 0.3400580585002899, 0.3198695182800293, 0.3352220058441162, 0.3322537839412689, 0.33218109607696533, 0.33125483989715576, 0.33723071217536926, 0.3276602029800415, 0.3411107063293457, 0.3263546824455261, 0.3178120255470276], epochs needed: 20
------------------------- TRACKING ---------------------------
Matrix Hash: 661c0cef455dd6d9, num_times_seen_before: 0
ACC: 0.4368421052631579
TPR/FPR: 0.4166666666666667, 0.5584415584415584
Loss: [0.2605136036872864, 0.2428482174873352, 0.33832380175590515, 0.19913111627101898, 0.3087678551673889, 0.34481704235076904, 0.32445091009140015, 0.3324282467365265, 0.32168087363243103, 0.3400580585002899, 0.3198695182800293, 0.3352220058441162, 0.3322537839412689, 0.33218109607696533, 0.33125483989715576, 0.33723071217536926, 0.3276602029800415, 0.3411107063293457, 0.3263546824455261, 0.3178120255470276]
Timestamp: 416.121871111
---------------------------------------------------------------
[tensor([0, 1]), tensor([0, 3]), tensor([0, 9]), tensor([ 0, 16]), tensor([1, 3]), tensor([2, 3]), tensor([ 2, 10]), tensor([ 2, 17]), tensor([3, 7]), tensor([3, 8]), tensor([3, 9]), tensor([ 3, 10]), tensor([ 3, 11]), tensor([ 3, 12]), tensor([ 3, 14]), tensor([ 3, 17]), tensor([ 3, 18]), tensor([ 3, 19]), tensor([ 6, 16]), tensor([ 9, 16]), tensor([12, 15])]
Mean loss in evaluation epoch: [0.26348617672920227, 0.24831733107566833, 0.33901435136795044, 0.24056373536586761, 0.3089768886566162, 0.3453015089035034, 0.3243149518966675, 0.3316173553466797, 0.32135966420173645, 0.33823317289352417, 0.31897154450416565, 0.33473652601242065, 0.33195579051971436, 0.3333682119846344, 0.33144447207450867, 0.33782511949539185, 0.3272574543952942, 0.3417312502861023, 0.3248206377029419, 0.3167995512485504], epochs needed: 20
count_changes: 3 / 21

Generation 21
Mean loss in evaluation epoch: [0.26039108633995056, 0.24103111028671265, 0.33923789858818054, 0.19929412007331848, 0.30953407287597656, 0.3456389605998993, 0.32442575693130493, 0.3336780071258545, 0.3218837380409241, 0.3386906683444977, 0.3205697238445282, 0.33633551001548767, 0.3318540155887604, 0.3314828872680664, 0.3333284258842468, 0.33762431144714355, 0.32763510942459106, 0.3418881595134735, 0.325031042098999, 0.31612738966941833], epochs needed: 20
------------------------- TRACKING ---------------------------
Matrix Hash: c19097f9f1697ea9, num_times_seen_before: 0
ACC: 0.43157894736842106
TPR/FPR: 0.4166666666666667, 0.564935064935065
Loss: [0.26039108633995056, 0.24103111028671265, 0.33923789858818054, 0.19929412007331848, 0.30953407287597656, 0.3456389605998993, 0.32442575693130493, 0.3336780071258545, 0.3218837380409241, 0.3386906683444977, 0.3205697238445282, 0.33633551001548767, 0.3318540155887604, 0.3314828872680664, 0.3333284258842468, 0.33762431144714355, 0.32763510942459106, 0.3418881595134735, 0.325031042098999, 0.31612738966941833]
Timestamp: 436.6867472009999
---------------------------------------------------------------
[tensor([0, 3]), tensor([1, 3]), tensor([2, 7]), tensor([ 2, 10]), tensor([ 2, 14]), tensor([3, 5]), tensor([3, 8]), tensor([3, 9]), tensor([ 3, 11]), tensor([ 3, 12]), tensor([ 3, 13]), tensor([ 3, 14]), tensor([ 3, 17]), tensor([ 3, 18]), tensor([4, 6]), tensor([ 4, 13]), tensor([ 4, 16]), tensor([ 4, 18]), tensor([5, 7]), tensor([ 5, 16]), tensor([ 5, 19]), tensor([ 6, 11]), tensor([ 7, 11]), tensor([ 7, 14]), tensor([ 7, 17]), tensor([ 7, 19]), tensor([ 8, 18]), tensor([ 9, 13]), tensor([ 9, 16]), tensor([10, 11]), tensor([10, 19]), tensor([11, 14]), tensor([11, 16]), tensor([12, 17]), tensor([14, 16]), tensor([15, 16])]
Mean loss in evaluation epoch: [0.2652929127216339, 0.24738538265228271, 0.3375864326953888, 0.24862949550151825, 0.3099100887775421, 0.3446820080280304, 0.3249787390232086, 0.3338701128959656, 0.3265692889690399, 0.33891433477401733, 0.32069045305252075, 0.3353133201599121, 0.3328407108783722, 0.33139657974243164, 0.33112406730651855, 0.33659499883651733, 0.3318670690059662, 0.34053629636764526, 0.3258519768714905, 0.31726884841918945], epochs needed: 20
count_changes: 11 / 36

Generation 22
Mean loss in evaluation epoch: [0.2605929374694824, 0.24212291836738586, 0.3373371958732605, 0.1991858184337616, 0.31338295340538025, 0.34665173292160034, 0.32476523518562317, 0.33290648460388184, 0.3251873254776001, 0.3407963812351227, 0.32043325901031494, 0.3354025185108185, 0.3321543037891388, 0.3327815532684326, 0.3306978642940521, 0.3392694890499115, 0.32951411604881287, 0.3410091698169708, 0.32632339000701904, 0.31702348589897156], epochs needed: 20
------------------------- TRACKING ---------------------------
Matrix Hash: 938477a5be31de24, num_times_seen_before: 0
ACC: 0.4789473684210527
TPR/FPR: 0.3888888888888889, 0.5
Loss: [0.2605929374694824, 0.24212291836738586, 0.3373371958732605, 0.1991858184337616, 0.31338295340538025, 0.34665173292160034, 0.32476523518562317, 0.33290648460388184, 0.3251873254776001, 0.3407963812351227, 0.32043325901031494, 0.3354025185108185, 0.3321543037891388, 0.3327815532684326, 0.3306978642940521, 0.3392694890499115, 0.32951411604881287, 0.3410091698169708, 0.32632339000701904, 0.31702348589897156]
Timestamp: 457.38607474399987
---------------------------------------------------------------
[tensor([0, 2]), tensor([2, 5]), tensor([3, 7]), tensor([4, 6]), tensor([ 4, 11]), tensor([ 4, 12]), tensor([ 4, 13]), tensor([ 4, 15]), tensor([ 4, 16]), tensor([ 4, 18]), tensor([5, 6]), tensor([ 5, 10]), tensor([ 5, 12]), tensor([ 5, 14]), tensor([ 5, 15]), tensor([ 5, 17]), tensor([ 5, 19]), tensor([ 6, 14]), tensor([ 7, 11]), tensor([ 7, 14]), tensor([ 8, 12]), tensor([ 8, 13]), tensor([ 8, 15]), tensor([ 8, 17]), tensor([ 8, 18]), tensor([ 8, 19]), tensor([ 9, 13]), tensor([ 9, 15]), tensor([ 9, 16]), tensor([10, 13]), tensor([10, 15]), tensor([10, 16]), tensor([12, 16]), tensor([13, 15]), tensor([13, 16]), tensor([13, 17]), tensor([13, 18]), tensor([14, 16]), tensor([15, 16]), tensor([16, 17]), tensor([16, 18]), tensor([16, 19]), tensor([17, 18])]
Mean loss in evaluation epoch: [0.2674131393432617, 0.24666938185691833, 0.33827537298202515, 0.2164212167263031, 0.340717613697052, 0.34492000937461853, 0.32702910900115967, 0.33451706171035767, 0.32406914234161377, 0.33978182077407837, 0.32015112042427063, 0.33600088953971863, 0.331403911113739, 0.33645689487457275, 0.33183470368385315, 0.3396542966365814, 0.33561086654663086, 0.3424886167049408, 0.32541340589523315, 0.3168341815471649], epochs needed: 20
count_changes: 12 / 43

Generation 23
Mean loss in evaluation epoch: [0.26416149735450745, 0.24178294837474823, 0.3382984399795532, 0.20796756446361542, 0.31293579936027527, 0.3503158390522003, 0.3246093690395355, 0.3333115577697754, 0.32273802161216736, 0.33877459168434143, 0.31949785351753235, 0.335821270942688, 0.3318255543708801, 0.3314540386199951, 0.33228030800819397, 0.3377191424369812, 0.3272770643234253, 0.3417854309082031, 0.3254137635231018, 0.3174506425857544], epochs needed: 20
------------------------- TRACKING ---------------------------
Matrix Hash: fd781c4f9313c7b8, num_times_seen_before: 0
ACC: 0.5210526315789474
TPR/FPR: 0.3333333333333333, 0.43506493506493504
Loss: [0.26416149735450745, 0.24178294837474823, 0.3382984399795532, 0.20796756446361542, 0.31293579936027527, 0.3503158390522003, 0.3246093690395355, 0.3333115577697754, 0.32273802161216736, 0.33877459168434143, 0.31949785351753235, 0.335821270942688, 0.3318255543708801, 0.3314540386199951, 0.33228030800819397, 0.3377191424369812, 0.3272770643234253, 0.3417854309082031, 0.3254137635231018, 0.3174506425857544]
Timestamp: 478.1531422930002
---------------------------------------------------------------
[tensor([2, 8]), tensor([ 2, 11]), tensor([ 2, 12]), tensor([ 2, 14]), tensor([ 2, 17]), tensor([3, 6]), tensor([ 3, 15]), tensor([ 4, 13]), tensor([ 4, 18]), tensor([5, 7]), tensor([ 5, 14]), tensor([ 5, 17]), tensor([ 5, 19]), tensor([ 6, 12]), tensor([7, 9]), tensor([ 7, 12]), tensor([ 7, 14]), tensor([ 7, 17]), tensor([ 9, 13]), tensor([10, 13]), tensor([11, 12]), tensor([11, 13]), tensor([11, 14]), tensor([15, 18])]
Mean loss in evaluation epoch: [0.2624145746231079, 0.24119047820568085, 0.3395136892795563, 0.21664060652256012, 0.309589147567749, 0.3450705409049988, 0.32416433095932007, 0.3329981565475464, 0.32295456528663635, 0.3387037515640259, 0.31964683532714844, 0.3359344005584717, 0.3322742283344269, 0.33352822065353394, 0.33103522658348083, 0.3392724394798279, 0.32686808705329895, 0.34077221155166626, 0.32593834400177, 0.3184787333011627], epochs needed: 20
count_changes: 11 / 24

Generation 24
Mean loss in evaluation epoch: [0.26279500126838684, 0.24061080813407898, 0.33824291825294495, 0.19969113171100616, 0.309805303812027, 0.34437239170074463, 0.32545700669288635, 0.3348158895969391, 0.3236894905567169, 0.340957909822464, 0.3206270635128021, 0.33551114797592163, 0.3319288194179535, 0.3316699266433716, 0.33316951990127563, 0.33728599548339844, 0.3287990093231201, 0.3414618968963623, 0.3262118399143219, 0.31736481189727783], epochs needed: 20
------------------------- TRACKING ---------------------------
Matrix Hash: 7077891c9c898d67, num_times_seen_before: 0
ACC: 0.4842105263157894
TPR/FPR: 0.3333333333333333, 0.4805194805194805
Loss: [0.26279500126838684, 0.24061080813407898, 0.33824291825294495, 0.19969113171100616, 0.309805303812027, 0.34437239170074463, 0.32545700669288635, 0.3348158895969391, 0.3236894905567169, 0.340957909822464, 0.3206270635128021, 0.33551114797592163, 0.3319288194179535, 0.3316699266433716, 0.33316951990127563, 0.33728599548339844, 0.3287990093231201, 0.3414618968963623, 0.3262118399143219, 0.31736481189727783]
Timestamp: 498.451231214
---------------------------------------------------------------
[tensor([0, 2]), tensor([0, 7]), tensor([ 0, 11]), tensor([ 0, 12]), tensor([1, 2]), tensor([3, 5]), tensor([ 4, 11]), tensor([ 4, 12]), tensor([ 4, 15]), tensor([ 4, 16]), tensor([5, 9]), tensor([6, 8]), tensor([ 6, 17]), tensor([7, 9]), tensor([ 7, 14]), tensor([ 7, 18]), tensor([ 8, 12]), tensor([ 8, 15]), tensor([ 8, 18]), tensor([ 8, 19]), tensor([ 9, 14]), tensor([ 9, 16]), tensor([ 9, 17]), tensor([ 9, 19]), tensor([10, 13]), tensor([10, 14]), tensor([11, 19]), tensor([13, 16]), tensor([14, 16]), tensor([14, 17]), tensor([16, 17]), tensor([16, 18]), tensor([17, 18])]
Mean loss in evaluation epoch: [0.29456397891044617, 0.3073126971721649, 0.33848491311073303, 0.2046658992767334, 0.3090185821056366, 0.34438589215278625, 0.32874080538749695, 0.3317550718784332, 0.3318924307823181, 0.34270212054252625, 0.31967592239379883, 0.3350383937358856, 0.33138036727905273, 0.3313712477684021, 0.33226174116134644, 0.3368659019470215, 0.3285236954689026, 0.3423229455947876, 0.3250082731246948, 0.31627166271209717], epochs needed: 20
count_changes: 15 / 33

Generation 25
Mean loss in evaluation epoch: [0.2615838944911957, 0.2622789740562439, 0.3380323052406311, 0.20191854238510132, 0.33376288414001465, 0.3451637327671051, 0.3245921730995178, 0.3327076733112335, 0.3243698477745056, 0.33882442116737366, 0.3211156129837036, 0.33764973282814026, 0.3334476351737976, 0.33351263403892517, 0.33293959498405457, 0.3397538959980011, 0.33019888401031494, 0.3418833017349243, 0.3322509825229645, 0.3182191252708435], epochs needed: 20
------------------------- TRACKING ---------------------------
Matrix Hash: c356055cb49ea102, num_times_seen_before: 0
ACC: 0.5631578947368421
TPR/FPR: 0.3333333333333333, 0.38311688311688313
Loss: [0.2615838944911957, 0.2622789740562439, 0.3380323052406311, 0.20191854238510132, 0.33376288414001465, 0.3451637327671051, 0.3245921730995178, 0.3327076733112335, 0.3243698477745056, 0.33882442116737366, 0.3211156129837036, 0.33764973282814026, 0.3334476351737976, 0.33351263403892517, 0.33293959498405457, 0.3397538959980011, 0.33019888401031494, 0.3418833017349243, 0.3322509825229645, 0.3182191252708435]
Timestamp: 520.4300859250002
---------------------------------------------------------------
[tensor([1, 2]), tensor([2, 4]), tensor([ 2, 18]), tensor([3, 4]), tensor([3, 8]), tensor([ 3, 18]), tensor([4, 5]), tensor([4, 7]), tensor([4, 9]), tensor([ 4, 10]), tensor([ 4, 12]), tensor([ 4, 13]), tensor([ 4, 14]), tensor([ 4, 15]), tensor([ 4, 16]), tensor([ 4, 18]), tensor([ 8, 12])]
Mean loss in evaluation epoch: [0.2603500783443451, 0.3002835810184479, 0.3382279574871063, 0.2070106416940689, 0.3260059654712677, 0.345369815826416, 0.3239668607711792, 0.33204081654548645, 0.3234122395515442, 0.33897635340690613, 0.3220904469490051, 0.34128955006599426, 0.3317846357822418, 0.3329700529575348, 0.332649290561676, 0.3389676511287689, 0.3291367292404175, 0.34292250871658325, 0.32649868726730347, 0.31881183385849], epochs needed: 20
count_changes: 15 / 17

Generation 26
Mean loss in evaluation epoch: [0.26119470596313477, 0.2408449351787567, 0.33832213282585144, 0.20719550549983978, 0.33151140809059143, 0.34435468912124634, 0.32454535365104675, 0.3320375084877014, 0.32342833280563354, 0.3393953740596771, 0.31945687532424927, 0.3374026417732239, 0.33162379264831543, 0.3317084312438965, 0.3313513398170471, 0.3377387821674347, 0.32803869247436523, 0.3416883051395416, 0.3262666165828705, 0.3174983859062195], epochs needed: 20
------------------------- TRACKING ---------------------------
Matrix Hash: 6cd587e49ee431f2, num_times_seen_before: 0
ACC: 0.5157894736842106
TPR/FPR: 0.4166666666666667, 0.461038961038961
Loss: [0.26119470596313477, 0.2408449351787567, 0.33832213282585144, 0.20719550549983978, 0.33151140809059143, 0.34435468912124634, 0.32454535365104675, 0.3320375084877014, 0.32342833280563354, 0.3393953740596771, 0.31945687532424927, 0.3374026417732239, 0.33162379264831543, 0.3317084312438965, 0.3313513398170471, 0.3377387821674347, 0.32803869247436523, 0.3416883051395416, 0.3262666165828705, 0.3174983859062195]
Timestamp: 541.359366054
---------------------------------------------------------------
[tensor([ 0, 12]), tensor([ 0, 15]), tensor([ 0, 16]), tensor([1, 8]), tensor([ 1, 10]), tensor([ 1, 13]), tensor([ 1, 15]), tensor([ 1, 19]), tensor([2, 9]), tensor([3, 6]), tensor([4, 9]), tensor([ 4, 12]), tensor([ 4, 15]), tensor([ 4, 16]), tensor([6, 8]), tensor([ 7, 14]), tensor([8, 9]), tensor([ 8, 10]), tensor([ 8, 16]), tensor([ 8, 18]), tensor([ 9, 12]), tensor([12, 15])]
Mean loss in evaluation epoch: [0.2691167891025543, 0.28601405024528503, 0.3383244574069977, 0.1983315646648407, 0.3132859468460083, 0.34472382068634033, 0.32870474457740784, 0.33211180567741394, 0.32577651739120483, 0.3391414284706116, 0.3195355534553528, 0.33535537123680115, 0.3323521316051483, 0.3344402313232422, 0.3347770571708679, 0.33946993947029114, 0.3305019736289978, 0.3465077877044678, 0.32621315121650696, 0.3203095495700836], epochs needed: 20
count_changes: 6 / 22

Generation 27
Mean loss in evaluation epoch: [0.2607978284358978, 0.24127337336540222, 0.33929184079170227, 0.20278456807136536, 0.32033202052116394, 0.3447644114494324, 0.3241524398326874, 0.33221668004989624, 0.323445588350296, 0.33906611800193787, 0.31916773319244385, 0.3366325795650482, 0.3314947783946991, 0.331974595785141, 0.33180728554725647, 0.33759909868240356, 0.32737961411476135, 0.3413504660129547, 0.32535529136657715, 0.31683751940727234], epochs needed: 20
------------------------- TRACKING ---------------------------
Matrix Hash: f0d701f1e9303c8c, num_times_seen_before: 0
ACC: 0.5473684210526315
TPR/FPR: 0.4166666666666667, 0.42207792207792205
Loss: [0.2607978284358978, 0.24127337336540222, 0.33929184079170227, 0.20278456807136536, 0.32033202052116394, 0.3447644114494324, 0.3241524398326874, 0.33221668004989624, 0.323445588350296, 0.33906611800193787, 0.31916773319244385, 0.3366325795650482, 0.3314947783946991, 0.331974595785141, 0.33180728554725647, 0.33759909868240356, 0.32737961411476135, 0.3413504660129547, 0.32535529136657715, 0.31683751940727234]
Timestamp: 564.2460199860002
---------------------------------------------------------------
[tensor([0, 7]), tensor([ 1, 10]), tensor([ 1, 11]), tensor([ 1, 15]), tensor([2, 4]), tensor([2, 6]), tensor([ 2, 13]), tensor([ 2, 14]), tensor([ 2, 18]), tensor([3, 4]), tensor([ 3, 15]), tensor([4, 5]), tensor([4, 6]), tensor([4, 7]), tensor([ 4, 10]), tensor([ 4, 13]), tensor([ 4, 14]), tensor([ 4, 18]), tensor([5, 8]), tensor([ 5, 17]), tensor([6, 8]), tensor([ 6, 13]), tensor([ 6, 17]), tensor([7, 8]), tensor([ 7, 19]), tensor([ 9, 17]), tensor([10, 11]), tensor([13, 15]), tensor([14, 18]), tensor([16, 18])]
Mean loss in evaluation epoch: [0.26459068059921265, 0.2747667133808136, 0.33909809589385986, 0.19833102822303772, 0.33341673016548157, 0.344757080078125, 0.3243386149406433, 0.3320429027080536, 0.3278040289878845, 0.3389797508716583, 0.32167837023735046, 0.33495017886161804, 0.33153036236763, 0.3361479640007019, 0.33472687005996704, 0.3393327295780182, 0.32864782214164734, 0.34374183416366577, 0.3252241909503937, 0.3203742504119873], epochs needed: 20
count_changes: 3 / 30

Generation 28
Mean loss in evaluation epoch: [0.2607440948486328, 0.24110616743564606, 0.3375217616558075, 0.19909396767616272, 0.3207811713218689, 0.34425634145736694, 0.32372763752937317, 0.33213064074516296, 0.3233082592487335, 0.33904531598091125, 0.318954199552536, 0.33586356043815613, 0.33138999342918396, 0.33114832639694214, 0.33086490631103516, 0.33862006664276123, 0.3274495303630829, 0.3406603932380676, 0.32566457986831665, 0.31655868887901306], epochs needed: 20
------------------------- TRACKING ---------------------------
Matrix Hash: e45bc6350dd4687d, num_times_seen_before: 0
ACC: 0.5526315789473684
TPR/FPR: 0.3888888888888889, 0.4090909090909091
Loss: [0.2607440948486328, 0.24110616743564606, 0.3375217616558075, 0.19909396767616272, 0.3207811713218689, 0.34425634145736694, 0.32372763752937317, 0.33213064074516296, 0.3233082592487335, 0.33904531598091125, 0.318954199552536, 0.33586356043815613, 0.33138999342918396, 0.33114832639694214, 0.33086490631103516, 0.33862006664276123, 0.3274495303630829, 0.3406603932380676, 0.32566457986831665, 0.31655868887901306]
Timestamp: 584.8386853050001
---------------------------------------------------------------
[tensor([0, 7]), tensor([ 0, 12]), tensor([ 0, 15]), tensor([ 1, 15]), tensor([2, 4]), tensor([2, 8]), tensor([ 2, 11]), tensor([ 2, 18]), tensor([3, 4]), tensor([4, 5]), tensor([4, 6]), tensor([4, 7]), tensor([ 4, 10]), tensor([ 4, 13]), tensor([ 4, 14]), tensor([5, 9]), tensor([ 5, 15]), tensor([ 5, 19]), tensor([ 6, 10]), tensor([ 7, 11]), tensor([ 7, 13]), tensor([8, 9]), tensor([ 8, 10]), tensor([ 8, 15]), tensor([ 8, 18]), tensor([ 8, 19]), tensor([ 9, 15]), tensor([10, 17]), tensor([10, 18]), tensor([12, 14]), tensor([14, 19]), tensor([15, 18])]
Mean loss in evaluation epoch: [0.2648215889930725, 0.253762423992157, 0.33909639716148376, 0.20619800686836243, 0.31062158942222595, 0.34481510519981384, 0.32563742995262146, 0.33166447281837463, 0.33489954471588135, 0.34023475646972656, 0.3204956352710724, 0.33568859100341797, 0.33198267221450806, 0.3330598473548889, 0.33397358655929565, 0.3409236967563629, 0.3278786838054657, 0.34222182631492615, 0.3270188868045807, 0.3166974186897278], epochs needed: 20
count_changes: 9 / 32

Generation 29
Mean loss in evaluation epoch: [0.26281383633613586, 0.28210705518722534, 0.33916693925857544, 0.2342861294746399, 0.3277354836463928, 0.3445538580417633, 0.3250780403614044, 0.3316410779953003, 0.322757363319397, 0.33852919936180115, 0.320360392332077, 0.3355642259120941, 0.3317638039588928, 0.3328303098678589, 0.33252811431884766, 0.3408859074115753, 0.32912111282348633, 0.3416293263435364, 0.3267562687397003, 0.31735265254974365], epochs needed: 20
------------------------- TRACKING ---------------------------
Matrix Hash: 236282b37d535db2, num_times_seen_before: 0
ACC: 0.5578947368421052
TPR/FPR: 0.3055555555555556, 0.38311688311688313
Loss: [0.26281383633613586, 0.28210705518722534, 0.33916693925857544, 0.2342861294746399, 0.3277354836463928, 0.3445538580417633, 0.3250780403614044, 0.3316410779953003, 0.322757363319397, 0.33852919936180115, 0.320360392332077, 0.3355642259120941, 0.3317638039588928, 0.3328303098678589, 0.33252811431884766, 0.3408859074115753, 0.32912111282348633, 0.3416293263435364, 0.3267562687397003, 0.31735265254974365]
Timestamp: 606.2144193690001
---------------------------------------------------------------
[tensor([0, 3]), tensor([ 1, 13]), tensor([ 1, 15]), tensor([ 1, 16]), tensor([ 1, 17]), tensor([ 1, 19]), tensor([ 2, 10]), tensor([3, 4]), tensor([3, 5]), tensor([3, 7]), tensor([3, 8]), tensor([3, 9]), tensor([ 3, 10]), tensor([ 3, 11]), tensor([ 3, 12]), tensor([ 3, 15]), tensor([4, 6]), tensor([ 5, 13]), tensor([ 5, 15]), tensor([6, 7]), tensor([ 6, 11]), tensor([ 6, 18]), tensor([ 7, 14]), tensor([ 7, 18]), tensor([ 9, 11]), tensor([ 9, 15]), tensor([10, 11]), tensor([10, 13]), tensor([10, 14]), tensor([12, 15]), tensor([12, 17]), tensor([14, 17]), tensor([15, 18]), tensor([16, 18]), tensor([17, 18])]
Mean loss in evaluation epoch: [0.26655447483062744, 0.29437491297721863, 0.3382840156555176, 0.22797812521457672, 0.307939350605011, 0.344463050365448, 0.3251197040081024, 0.33132606744766235, 0.3292728066444397, 0.3384869694709778, 0.3192301392555237, 0.3344970941543579, 0.3316939175128937, 0.3328246474266052, 0.3326294720172882, 0.33746397495269775, 0.32966411113739014, 0.3410176634788513, 0.3254103362560272, 0.3202786147594452], epochs needed: 20
count_changes: 29 / 35

Generation 30
Mean loss in evaluation epoch: [0.26189717650413513, 0.24124744534492493, 0.3399926722049713, 0.22679148614406586, 0.30766966938972473, 0.3450981080532074, 0.32458820939064026, 0.3345472514629364, 0.32364770770072937, 0.33966588973999023, 0.3204597532749176, 0.33554428815841675, 0.3319678008556366, 0.33162611722946167, 0.33115947246551514, 0.3374413251876831, 0.32859164476394653, 0.3416326344013214, 0.32720252871513367, 0.31838467717170715], epochs needed: 20
------------------------- TRACKING ---------------------------
Matrix Hash: 0553e1a009381618, num_times_seen_before: 0
ACC: 0.531578947368421
TPR/FPR: 0.6388888888888888, 0.4935064935064935
Loss: [0.26189717650413513, 0.24124744534492493, 0.3399926722049713, 0.22679148614406586, 0.30766966938972473, 0.3450981080532074, 0.32458820939064026, 0.3345472514629364, 0.32364770770072937, 0.33966588973999023, 0.3204597532749176, 0.33554428815841675, 0.3319678008556366, 0.33162611722946167, 0.33115947246551514, 0.3374413251876831, 0.32859164476394653, 0.3416326344013214, 0.32720252871513367, 0.31838467717170715]
Timestamp: 626.9814418790002
---------------------------------------------------------------
[tensor([0, 7]), tensor([2, 5]), tensor([3, 4]), tensor([3, 5]), tensor([3, 7]), tensor([3, 9]), tensor([ 3, 10]), tensor([ 3, 11]), tensor([ 3, 15]), tensor([ 3, 18]), tensor([5, 7]), tensor([ 6, 18]), tensor([ 7, 10]), tensor([ 7, 11]), tensor([ 7, 14]), tensor([ 7, 17]), tensor([ 7, 18]), tensor([ 8, 16]), tensor([ 9, 18]), tensor([10, 11]), tensor([10, 17]), tensor([14, 17]), tensor([15, 18])]
Mean loss in evaluation epoch: [0.26283055543899536, 0.24289605021476746, 0.3379642069339752, 0.20457707345485687, 0.3091163635253906, 0.3464813232421875, 0.3259894847869873, 0.3338339924812317, 0.3242194950580597, 0.3408624231815338, 0.31959331035614014, 0.3355751037597656, 0.3357090651988983, 0.33256515860557556, 0.33106276392936707, 0.33818912506103516, 0.3265438675880432, 0.340737521648407, 0.32547760009765625, 0.316695898771286], epochs needed: 20
count_changes: 21 / 23

Generation 31
Mean loss in evaluation epoch: [0.26181891560554504, 0.24296312034130096, 0.33798396587371826, 0.20412269234657288, 0.3093642294406891, 0.3467918932437897, 0.3241693377494812, 0.3335631489753723, 0.3234553337097168, 0.3399951756000519, 0.31980642676353455, 0.33564460277557373, 0.33351314067840576, 0.331899493932724, 0.33111587166786194, 0.33804839849472046, 0.3261715769767761, 0.3416607677936554, 0.3262921869754791, 0.3167782425880432], epochs needed: 20
------------------------- TRACKING ---------------------------
Matrix Hash: 6049debc1b7e0683, num_times_seen_before: 0
ACC: 0.5368421052631579
TPR/FPR: 0.4166666666666667, 0.43506493506493504
Loss: [0.26181891560554504, 0.24296312034130096, 0.33798396587371826, 0.20412269234657288, 0.3093642294406891, 0.3467918932437897, 0.3241693377494812, 0.3335631489753723, 0.3234553337097168, 0.3399951756000519, 0.31980642676353455, 0.33564460277557373, 0.33351314067840576, 0.331899493932724, 0.33111587166786194, 0.33804839849472046, 0.3261715769767761, 0.3416607677936554, 0.3262921869754791, 0.3167782425880432]
Timestamp: 648.1961510840001
---------------------------------------------------------------
[tensor([0, 1]), tensor([1, 3]), tensor([1, 4]), tensor([1, 5]), tensor([1, 6]), tensor([1, 7]), tensor([1, 8]), tensor([1, 9]), tensor([ 1, 10]), tensor([ 1, 11]), tensor([ 1, 16]), tensor([ 1, 17]), tensor([ 1, 18]), tensor([2, 3]), tensor([2, 7]), tensor([3, 6]), tensor([3, 7]), tensor([3, 8]), tensor([3, 9]), tensor([ 3, 14]), tensor([ 3, 18]), tensor([7, 8]), tensor([ 8, 18]), tensor([ 9, 13]), tensor([14, 15])]
Mean loss in evaluation epoch: [0.26045212149620056, 0.25932979583740234, 0.3388027250766754, 0.2290097028017044, 0.30841079354286194, 0.3488587439060211, 0.3246575891971588, 0.3331931233406067, 0.3269011378288269, 0.3395441472530365, 0.3223436772823334, 0.33554109930992126, 0.3332522213459015, 0.33160656690597534, 0.3311702311038971, 0.33791449666023254, 0.32994434237480164, 0.34175530076026917, 0.3254360556602478, 0.3165695071220398], epochs needed: 20
count_changes: 2 / 25

Generation 32
Mean loss in evaluation epoch: [0.2614956200122833, 0.24194276332855225, 0.33768221735954285, 0.2031397521495819, 0.3104599118232727, 0.34626784920692444, 0.323699027299881, 0.33359476923942566, 0.32313433289527893, 0.33931928873062134, 0.3198305368423462, 0.33546918630599976, 0.3331415355205536, 0.3319186568260193, 0.33230674266815186, 0.3380293846130371, 0.3261104226112366, 0.3416857421398163, 0.3265252113342285, 0.31687283515930176], epochs needed: 20
------------------------- TRACKING ---------------------------
Matrix Hash: eb6a5ee2f9cd57b5, num_times_seen_before: 0
ACC: 0.5473684210526315
TPR/FPR: 0.4166666666666667, 0.42207792207792205
Loss: [0.2614956200122833, 0.24194276332855225, 0.33768221735954285, 0.2031397521495819, 0.3104599118232727, 0.34626784920692444, 0.323699027299881, 0.33359476923942566, 0.32313433289527893, 0.33931928873062134, 0.3198305368423462, 0.33546918630599976, 0.3331415355205536, 0.3319186568260193, 0.33230674266815186, 0.3380293846130371, 0.3261104226112366, 0.3416857421398163, 0.3265252113342285, 0.31687283515930176]
Timestamp: 668.8382193540001
---------------------------------------------------------------
[tensor([0, 1]), tensor([1, 3]), tensor([1, 4]), tensor([1, 5]), tensor([1, 6]), tensor([1, 7]), tensor([1, 8]), tensor([1, 9]), tensor([ 1, 10]), tensor([ 1, 11]), tensor([ 1, 13]), tensor([ 1, 15]), tensor([ 1, 16]), tensor([ 1, 18]), tensor([2, 3]), tensor([3, 4]), tensor([ 3, 11]), tensor([ 3, 13]), tensor([ 3, 17]), tensor([ 3, 18]), tensor([ 3, 19]), tensor([ 4, 11]), tensor([ 4, 17]), tensor([ 5, 16]), tensor([7, 8]), tensor([7, 9])]
Mean loss in evaluation epoch: [0.26138070225715637, 0.2670767605304718, 0.33922767639160156, 0.22341588139533997, 0.30900511145591736, 0.34558188915252686, 0.32406479120254517, 0.3326171934604645, 0.3226154148578644, 0.3399397134780884, 0.32226043939590454, 0.33662542700767517, 0.33220621943473816, 0.33255451917648315, 0.3371759057044983, 0.3390589952468872, 0.3270091116428375, 0.34179848432540894, 0.3266235291957855, 0.31746378540992737], epochs needed: 20
count_changes: 4 / 26

Generation 33
Mean loss in evaluation epoch: [0.2610626816749573, 0.24477900564670563, 0.33773842453956604, 0.197785884141922, 0.3110511004924774, 0.34612929821014404, 0.3240806758403778, 0.33163490891456604, 0.32291579246520996, 0.33911842107772827, 0.32034143805503845, 0.33536940813064575, 0.33358272910118103, 0.33167964220046997, 0.33207982778549194, 0.3376620411872864, 0.3262472450733185, 0.3412974774837494, 0.3270121216773987, 0.31673404574394226], epochs needed: 20
------------------------- TRACKING ---------------------------
Matrix Hash: 599a5cd783bf924c, num_times_seen_before: 0
ACC: 0.5263157894736843
TPR/FPR: 0.4166666666666667, 0.44805194805194803
Loss: [0.2610626816749573, 0.24477900564670563, 0.33773842453956604, 0.197785884141922, 0.3110511004924774, 0.34612929821014404, 0.3240806758403778, 0.33163490891456604, 0.32291579246520996, 0.33911842107772827, 0.32034143805503845, 0.33536940813064575, 0.33358272910118103, 0.33167964220046997, 0.33207982778549194, 0.3376620411872864, 0.3262472450733185, 0.3412974774837494, 0.3270121216773987, 0.31673404574394226]
Timestamp: 689.9785386960002
---------------------------------------------------------------
[tensor([ 0, 12]), tensor([1, 2]), tensor([3, 4]), tensor([ 3, 11]), tensor([ 4, 10]), tensor([ 8, 10]), tensor([ 8, 18]), tensor([ 9, 11]), tensor([10, 18]), tensor([12, 17])]
Mean loss in evaluation epoch: [0.26072609424591064, 0.3076007068157196, 0.339741975069046, 0.20057225227355957, 0.3090188801288605, 0.34536391496658325, 0.323333740234375, 0.33170339465141296, 0.32589858770370483, 0.3388560712337494, 0.32046687602996826, 0.3347555994987488, 0.33154377341270447, 0.33191433548927307, 0.3326348662376404, 0.33776846528053284, 0.32657432556152344, 0.34143829345703125, 0.32520267367362976, 0.31802648305892944], epochs needed: 20
count_changes: 5 / 10

Generation 34
Mean loss in evaluation epoch: [0.2600715458393097, 0.24117177724838257, 0.3376513123512268, 0.19821138679981232, 0.3084929883480072, 0.3477155864238739, 0.3238236904144287, 0.3316841125488281, 0.3232070803642273, 0.33891135454177856, 0.3192801773548126, 0.3351159691810608, 0.3315390646457672, 0.3320959508419037, 0.3313118815422058, 0.3375040292739868, 0.32699814438819885, 0.3413049578666687, 0.3252047002315521, 0.31676173210144043], epochs needed: 20
------------------------- TRACKING ---------------------------
Matrix Hash: 42d90c17350e1d79, num_times_seen_before: 0
ACC: 0.5421052631578948
TPR/FPR: 0.4444444444444444, 0.43506493506493504
Loss: [0.2600715458393097, 0.24117177724838257, 0.3376513123512268, 0.19821138679981232, 0.3084929883480072, 0.3477155864238739, 0.3238236904144287, 0.3316841125488281, 0.3232070803642273, 0.33891135454177856, 0.3192801773548126, 0.3351159691810608, 0.3315390646457672, 0.3320959508419037, 0.3313118815422058, 0.3375040292739868, 0.32699814438819885, 0.3413049578666687, 0.3252047002315521, 0.31676173210144043]
Timestamp: 711.7369326930002
---------------------------------------------------------------
[tensor([0, 7]), tensor([0, 9]), tensor([1, 2]), tensor([2, 3]), tensor([ 2, 15]), tensor([ 2, 19]), tensor([3, 4]), tensor([3, 5]), tensor([3, 7]), tensor([3, 8]), tensor([ 3, 10]), tensor([ 3, 11]), tensor([ 3, 14]), tensor([ 3, 15]), tensor([ 3, 16]), tensor([ 3, 17]), tensor([ 3, 18]), tensor([ 4, 11]), tensor([ 4, 17]), tensor([5, 7]), tensor([ 5, 13]), tensor([ 5, 14]), tensor([ 5, 16]), tensor([ 8, 17]), tensor([10, 14]), tensor([10, 16]), tensor([10, 19]), tensor([11, 15]), tensor([13, 18]), tensor([15, 16]), tensor([16, 18])]
Mean loss in evaluation epoch: [0.2607377767562866, 0.3076102137565613, 0.3389282822608948, 0.21120862662792206, 0.30726736783981323, 0.3443148732185364, 0.3257022798061371, 0.33121466636657715, 0.32512426376342773, 0.3412274718284607, 0.31799519062042236, 0.33486923575401306, 0.3333820700645447, 0.3328472971916199, 0.33300551772117615, 0.3373108506202698, 0.3264703154563904, 0.3411683142185211, 0.32468268275260925, 0.31862443685531616], epochs needed: 20
count_changes: 10 / 31

Generation 35
Mean loss in evaluation epoch: [0.2611149549484253, 0.2421240210533142, 0.3374983072280884, 0.2016274631023407, 0.3093293607234955, 0.3476046025753021, 0.3241587281227112, 0.33178675174713135, 0.32339099049568176, 0.33860307931900024, 0.3186444044113159, 0.3377250134944916, 0.33144599199295044, 0.33169353008270264, 0.33305734395980835, 0.3403802812099457, 0.3330376446247101, 0.34173861145973206, 0.32639768719673157, 0.3165097236633301], epochs needed: 20
------------------------- TRACKING ---------------------------
Matrix Hash: 823a2cccbcd59296, num_times_seen_before: 0
ACC: 0.5947368421052632
TPR/FPR: 0.4444444444444444, 0.37012987012987014
Loss: [0.2611149549484253, 0.2421240210533142, 0.3374983072280884, 0.2016274631023407, 0.3093293607234955, 0.3476046025753021, 0.3241587281227112, 0.33178675174713135, 0.32339099049568176, 0.33860307931900024, 0.3186444044113159, 0.3377250134944916, 0.33144599199295044, 0.33169353008270264, 0.33305734395980835, 0.3403802812099457, 0.3330376446247101, 0.34173861145973206, 0.32639768719673157, 0.3165097236633301]
Timestamp: 732.412283183
---------------------------------------------------------------
[tensor([0, 4]), tensor([ 0, 16]), tensor([1, 3]), tensor([ 1, 10]), tensor([ 1, 11]), tensor([ 1, 13]), tensor([ 1, 14]), tensor([ 1, 15]), tensor([ 1, 18]), tensor([ 1, 19]), tensor([2, 3]), tensor([3, 5]), tensor([3, 6]), tensor([3, 7]), tensor([ 3, 10]), tensor([ 3, 11]), tensor([ 3, 14]), tensor([ 3, 15]), tensor([ 3, 16]), tensor([ 3, 17]), tensor([ 3, 18]), tensor([ 3, 19]), tensor([ 4, 11]), tensor([ 4, 14]), tensor([ 4, 16]), tensor([5, 7]), tensor([ 5, 11]), tensor([ 5, 14]), tensor([ 5, 16]), tensor([ 6, 13]), tensor([ 7, 10]), tensor([ 7, 14]), tensor([ 7, 18]), tensor([10, 16]), tensor([11, 13]), tensor([11, 15]), tensor([11, 19]), tensor([14, 15]), tensor([14, 16])]
Mean loss in evaluation epoch: [0.26067212224006653, 0.2836368978023529, 0.3389958441257477, 0.2401444911956787, 0.30906805396080017, 0.3472117781639099, 0.32310423254966736, 0.33273574709892273, 0.322815477848053, 0.33884283900260925, 0.3254968822002411, 0.33681419491767883, 0.33408835530281067, 0.3319472670555115, 0.3319412171840668, 0.3373054563999176, 0.3268536329269409, 0.34085792303085327, 0.32583385705947876, 0.31775936484336853], epochs needed: 20
count_changes: 14 / 39

Generation 36
Mean loss in evaluation epoch: [0.262804239988327, 0.24155902862548828, 0.33820152282714844, 0.19842351973056793, 0.30933037400245667, 0.34447136521339417, 0.3235945701599121, 0.3320518732070923, 0.32275134325027466, 0.33951157331466675, 0.3193957805633545, 0.3354751467704773, 0.3320083022117615, 0.33386868238449097, 0.3322693705558777, 0.33835741877555847, 0.3264259994029999, 0.34464502334594727, 0.3291779160499573, 0.31770414113998413], epochs needed: 20
------------------------- TRACKING ---------------------------
Matrix Hash: 73f373f19e753aa0, num_times_seen_before: 0
ACC: 0.5421052631578948
TPR/FPR: 0.4722222222222222, 0.44155844155844154
Loss: [0.262804239988327, 0.24155902862548828, 0.33820152282714844, 0.19842351973056793, 0.30933037400245667, 0.34447136521339417, 0.3235945701599121, 0.3320518732070923, 0.32275134325027466, 0.33951157331466675, 0.3193957805633545, 0.3354751467704773, 0.3320083022117615, 0.33386868238449097, 0.3322693705558777, 0.33835741877555847, 0.3264259994029999, 0.34464502334594727, 0.3291779160499573, 0.31770414113998413]
Timestamp: 753.1324209079999
---------------------------------------------------------------
[tensor([ 0, 11]), tensor([1, 2]), tensor([2, 3]), tensor([2, 6]), tensor([ 2, 18]), tensor([3, 6]), tensor([3, 9]), tensor([ 3, 11]), tensor([ 3, 13]), tensor([ 3, 17]), tensor([ 3, 18]), tensor([ 3, 19]), tensor([ 4, 16]), tensor([ 5, 13]), tensor([ 5, 14]), tensor([ 6, 10]), tensor([ 6, 13]), tensor([ 6, 18]), tensor([ 7, 12]), tensor([ 7, 18]), tensor([ 8, 14]), tensor([ 8, 18]), tensor([ 9, 13]), tensor([ 9, 18]), tensor([10, 16]), tensor([13, 16]), tensor([14, 16]), tensor([14, 17])]
Mean loss in evaluation epoch: [0.2600765526294708, 0.2995438277721405, 0.3393673300743103, 0.22122523188591003, 0.3090294599533081, 0.34728607535362244, 0.3270207941532135, 0.3322782814502716, 0.3227527439594269, 0.33917638659477234, 0.31915971636772156, 0.3359876275062561, 0.3330601453781128, 0.33211296796798706, 0.3341236114501953, 0.34343573451042175, 0.3303121030330658, 0.34505516290664673, 0.3256337642669678, 0.32023105025291443], epochs needed: 20
count_changes: 7 / 28

Generation 37
Mean loss in evaluation epoch: [0.2597789764404297, 0.24430806934833527, 0.3378353714942932, 0.19934260845184326, 0.30877286195755005, 0.34514597058296204, 0.32326582074165344, 0.33146995306015015, 0.3221311569213867, 0.3390749990940094, 0.319877952337265, 0.33557403087615967, 0.33243751525878906, 0.33294257521629333, 0.3332599997520447, 0.3395833373069763, 0.3269164264202118, 0.34641146659851074, 0.3270602822303772, 0.3179990351200104], epochs needed: 20
------------------------- TRACKING ---------------------------
Matrix Hash: 6515e9e97ed3756f, num_times_seen_before: 0
ACC: 0.5263157894736843
TPR/FPR: 0.5, 0.4675324675324675
Loss: [0.2597789764404297, 0.24430806934833527, 0.3378353714942932, 0.19934260845184326, 0.30877286195755005, 0.34514597058296204, 0.32326582074165344, 0.33146995306015015, 0.3221311569213867, 0.3390749990940094, 0.319877952337265, 0.33557403087615967, 0.33243751525878906, 0.33294257521629333, 0.3332599997520447, 0.3395833373069763, 0.3269164264202118, 0.34641146659851074, 0.3270602822303772, 0.3179990351200104]
Timestamp: 774.083808893
---------------------------------------------------------------
[tensor([0, 9]), tensor([ 0, 12]), tensor([1, 3]), tensor([ 1, 10]), tensor([ 1, 13]), tensor([ 1, 15]), tensor([ 1, 17]), tensor([2, 3]), tensor([2, 6]), tensor([ 2, 11]), tensor([3, 4]), tensor([3, 6]), tensor([3, 7]), tensor([ 3, 10]), tensor([ 3, 11]), tensor([ 3, 13]), tensor([ 3, 14]), tensor([ 3, 15]), tensor([ 3, 16]), tensor([ 3, 17]), tensor([ 3, 19]), tensor([ 4, 14]), tensor([ 4, 17]), tensor([ 5, 12]), tensor([ 6, 10]), tensor([ 6, 15]), tensor([ 6, 16]), tensor([ 6, 19]), tensor([ 9, 14]), tensor([ 9, 18]), tensor([10, 16]), tensor([10, 17]), tensor([12, 17]), tensor([13, 16])]
Mean loss in evaluation epoch: [0.26683592796325684, 0.2561003565788269, 0.3386268615722656, 0.23262156546115875, 0.30922001600265503, 0.34577152132987976, 0.3292478024959564, 0.3322548270225525, 0.3216671049594879, 0.3408994674682617, 0.31997570395469666, 0.33601540327072144, 0.3321005702018738, 0.3348342180252075, 0.33654776215553284, 0.3405776023864746, 0.3286809027194977, 0.3437314033508301, 0.32592350244522095, 0.32182902097702026], epochs needed: 20
count_changes: 3 / 34

Generation 38
Mean loss in evaluation epoch: [0.2597518563270569, 0.24140910804271698, 0.3375752568244934, 0.19763755798339844, 0.3109830319881439, 0.3448396921157837, 0.3235894739627838, 0.33155882358551025, 0.32207542657852173, 0.3385019898414612, 0.3187829256057739, 0.3352207839488983, 0.3315105438232422, 0.3326842486858368, 0.33168497681617737, 0.3392387330532074, 0.32687026262283325, 0.3407103419303894, 0.3266124725341797, 0.31852462887763977], epochs needed: 20
------------------------- TRACKING ---------------------------
Matrix Hash: e1f0030d901862a5, num_times_seen_before: 0
ACC: 0.5105263157894737
TPR/FPR: 0.5, 0.487012987012987
Loss: [0.2597518563270569, 0.24140910804271698, 0.3375752568244934, 0.19763755798339844, 0.3109830319881439, 0.3448396921157837, 0.3235894739627838, 0.33155882358551025, 0.32207542657852173, 0.3385019898414612, 0.3187829256057739, 0.3352207839488983, 0.3315105438232422, 0.3326842486858368, 0.33168497681617737, 0.3392387330532074, 0.32687026262283325, 0.3407103419303894, 0.3266124725341797, 0.31852462887763977]
Timestamp: 794.7365474580001
---------------------------------------------------------------
[tensor([0, 6]), tensor([ 0, 13]), tensor([1, 2]), tensor([ 2, 18]), tensor([3, 7]), tensor([ 4, 14]), tensor([ 4, 18]), tensor([ 5, 13]), tensor([ 6, 15]), tensor([10, 11]), tensor([11, 18])]
Mean loss in evaluation epoch: [0.2609546184539795, 0.3121107518672943, 0.34656086564064026, 0.19767610728740692, 0.31069234013557434, 0.3450469374656677, 0.3242281973361969, 0.33132991194725037, 0.32196950912475586, 0.33877167105674744, 0.31841760873794556, 0.33551809191703796, 0.3322504460811615, 0.33146849274635315, 0.3311948776245117, 0.3394811153411865, 0.32851019501686096, 0.34169769287109375, 0.3266962468624115, 0.320566862821579], epochs needed: 20
count_changes: 6 / 11

Generation 39
Mean loss in evaluation epoch: [0.2596811354160309, 0.24132022261619568, 0.3377101719379425, 0.19732354581356049, 0.3096281886100769, 0.34473535418510437, 0.3239140510559082, 0.33128464221954346, 0.32166874408721924, 0.33854782581329346, 0.3184230327606201, 0.3345835506916046, 0.33160948753356934, 0.33121901750564575, 0.3311441242694855, 0.33960819244384766, 0.32681724429130554, 0.34098708629608154, 0.32539427280426025, 0.31832075119018555], epochs needed: 20
------------------------- TRACKING ---------------------------
Matrix Hash: b983056e9d76afc3, num_times_seen_before: 0
ACC: 0.531578947368421
TPR/FPR: 0.5833333333333334, 0.4805194805194805
Loss: [0.2596811354160309, 0.24132022261619568, 0.3377101719379425, 0.19732354581356049, 0.3096281886100769, 0.34473535418510437, 0.3239140510559082, 0.33128464221954346, 0.32166874408721924, 0.33854782581329346, 0.3184230327606201, 0.3345835506916046, 0.33160948753356934, 0.33121901750564575, 0.3311441242694855, 0.33960819244384766, 0.32681724429130554, 0.34098708629608154, 0.32539427280426025, 0.31832075119018555]
Timestamp: 816.4274816820002
---------------------------------------------------------------
[tensor([0, 7]), tensor([1, 2]), tensor([ 1, 13]), tensor([ 1, 15]), tensor([ 2, 12]), tensor([3, 6]), tensor([3, 9]), tensor([ 3, 16]), tensor([ 3, 19]), tensor([4, 5]), tensor([ 4, 14]), tensor([ 4, 18]), tensor([ 5, 14]), tensor([6, 9]), tensor([ 6, 13]), tensor([ 6, 19]), tensor([ 7, 13]), tensor([ 9, 17]), tensor([10, 16]), tensor([10, 18]), tensor([11, 18]), tensor([14, 18]), tensor([15, 16]), tensor([15, 18]), tensor([16, 18])]
Mean loss in evaluation epoch: [0.2596255838871002, 0.25730159878730774, 0.33968979120254517, 0.2077561765909195, 0.311154842376709, 0.3449642062187195, 0.326852411031723, 0.33426085114479065, 0.32203608751296997, 0.33769580721855164, 0.3187052309513092, 0.3356512486934662, 0.331672728061676, 0.33075255155563354, 0.3326493799686432, 0.3372933268547058, 0.3267156183719635, 0.3433437943458557, 0.3254530131816864, 0.31791412830352783], epochs needed: 20
count_changes: 3 / 25

Generation 40
Mean loss in evaluation epoch: [0.2607048451900482, 0.24123215675354004, 0.33757972717285156, 0.19825977087020874, 0.3088245689868927, 0.3446388244628906, 0.32344627380371094, 0.33137932419776917, 0.3220006823539734, 0.33850836753845215, 0.31861579418182373, 0.3346232771873474, 0.3314968943595886, 0.3309987485408783, 0.3309969902038574, 0.3373340666294098, 0.3260134756565094, 0.34076330065727234, 0.32921379804611206, 0.3185369670391083], epochs needed: 20
------------------------- TRACKING ---------------------------
Matrix Hash: 26b2b94e1abc5692, num_times_seen_before: 0
ACC: 0.5157894736842106
TPR/FPR: 0.5833333333333334, 0.5
Loss: [0.2607048451900482, 0.24123215675354004, 0.33757972717285156, 0.19825977087020874, 0.3088245689868927, 0.3446388244628906, 0.32344627380371094, 0.33137932419776917, 0.3220006823539734, 0.33850836753845215, 0.31861579418182373, 0.3346232771873474, 0.3314968943595886, 0.3309987485408783, 0.3309969902038574, 0.3373340666294098, 0.3260134756565094, 0.34076330065727234, 0.32921379804611206, 0.3185369670391083]
Timestamp: 837.897970432
---------------------------------------------------------------
[tensor([0, 7]), tensor([2, 4]), tensor([2, 6]), tensor([2, 7]), tensor([3, 9]), tensor([ 3, 11]), tensor([ 3, 17]), tensor([ 4, 12]), tensor([ 4, 14]), tensor([ 4, 19]), tensor([5, 9]), tensor([ 5, 11]), tensor([6, 9]), tensor([ 6, 16]), tensor([ 6, 18]), tensor([ 6, 19]), tensor([ 7, 14]), tensor([ 8, 13]), tensor([ 8, 14]), tensor([ 8, 19]), tensor([ 9, 17]), tensor([10, 11]), tensor([10, 13]), tensor([10, 17]), tensor([10, 18]), tensor([11, 13]), tensor([11, 18]), tensor([12, 18]), tensor([13, 14]), tensor([13, 18]), tensor([14, 18]), tensor([15, 18]), tensor([16, 18])]
Mean loss in evaluation epoch: [0.2619035243988037, 0.2413150668144226, 0.34077879786491394, 0.21383355557918549, 0.3188481628894806, 0.34616541862487793, 0.3283563256263733, 0.3316211998462677, 0.3230140507221222, 0.3391375243663788, 0.3201789855957031, 0.33660173416137695, 0.3322576880455017, 0.3402966856956482, 0.3356873393058777, 0.34014472365379333, 0.3277623653411865, 0.34398841857910156, 0.33200523257255554, 0.3173660635948181], epochs needed: 20
count_changes: 1 / 33

Generation 41
Mean loss in evaluation epoch: [0.2610650360584259, 0.24086812138557434, 0.338439404964447, 0.19778239727020264, 0.30887389183044434, 0.3452014923095703, 0.3229532241821289, 0.33247441053390503, 0.3244660198688507, 0.33944931626319885, 0.3201870620250702, 0.33559364080429077, 0.3326885998249054, 0.3319609463214874, 0.3316086232662201, 0.33844032883644104, 0.3272443413734436, 0.34143683314323425, 0.33067741990089417, 0.31819862127304077], epochs needed: 20
------------------------- TRACKING ---------------------------
Matrix Hash: d5002584c5a811da, num_times_seen_before: 0
ACC: 0.5210526315789474
TPR/FPR: 0.6111111111111112, 0.5
Loss: [0.2610650360584259, 0.24086812138557434, 0.338439404964447, 0.19778239727020264, 0.30887389183044434, 0.3452014923095703, 0.3229532241821289, 0.33247441053390503, 0.3244660198688507, 0.33944931626319885, 0.3201870620250702, 0.33559364080429077, 0.3326885998249054, 0.3319609463214874, 0.3316086232662201, 0.33844032883644104, 0.3272443413734436, 0.34143683314323425, 0.33067741990089417, 0.31819862127304077]
Timestamp: 858.3057395000001
---------------------------------------------------------------
[tensor([0, 2]), tensor([0, 7]), tensor([ 0, 13]), tensor([ 0, 16]), tensor([2, 3]), tensor([3, 4]), tensor([3, 9]), tensor([ 3, 19]), tensor([4, 9]), tensor([ 4, 14]), tensor([7, 8]), tensor([7, 9]), tensor([ 7, 14]), tensor([ 7, 18]), tensor([ 8, 11]), tensor([ 8, 12]), tensor([ 8, 13]), tensor([ 8, 14]), tensor([ 8, 18]), tensor([ 9, 16]), tensor([10, 14]), tensor([10, 18]), tensor([11, 14]), tensor([11, 16]), tensor([11, 18]), tensor([12, 18]), tensor([13, 18]), tensor([14, 18]), tensor([15, 18]), tensor([16, 18]), tensor([17, 18])]
Mean loss in evaluation epoch: [0.26071009039878845, 0.24279962480068207, 0.3377718925476074, 0.21994665265083313, 0.314975380897522, 0.3452455699443817, 0.3243388533592224, 0.33274927735328674, 0.322092741727829, 0.33837148547172546, 0.3183507025241852, 0.33674123883247375, 0.3323086202144623, 0.33443403244018555, 0.3360970914363861, 0.3377605080604553, 0.3299284279346466, 0.34150558710098267, 0.3314649760723114, 0.31596311926841736], epochs needed: 20
count_changes: 8 / 31

Generation 42
Mean loss in evaluation epoch: [0.25948965549468994, 0.24151428043842316, 0.33853819966316223, 0.1992798149585724, 0.3090435266494751, 0.34493789076805115, 0.32320860028266907, 0.33241626620292664, 0.3229566216468811, 0.3386714458465576, 0.318210244178772, 0.3347109258174896, 0.3317492604255676, 0.3314816355705261, 0.3313243091106415, 0.3379225730895996, 0.3259519040584564, 0.3414577543735504, 0.3261278569698334, 0.3165832757949829], epochs needed: 20
------------------------- TRACKING ---------------------------
Matrix Hash: b610158822ae9887, num_times_seen_before: 0
ACC: 0.5421052631578948
TPR/FPR: 0.5555555555555556, 0.461038961038961
Loss: [0.25948965549468994, 0.24151428043842316, 0.33853819966316223, 0.1992798149585724, 0.3090435266494751, 0.34493789076805115, 0.32320860028266907, 0.33241626620292664, 0.3229566216468811, 0.3386714458465576, 0.318210244178772, 0.3347109258174896, 0.3317492604255676, 0.3314816355705261, 0.3313243091106415, 0.3379225730895996, 0.3259519040584564, 0.3414577543735504, 0.3261278569698334, 0.3165832757949829]
Timestamp: 879.610307075
---------------------------------------------------------------
[tensor([0, 1]), tensor([0, 9]), tensor([ 0, 12]), tensor([1, 4]), tensor([ 1, 10]), tensor([ 1, 11]), tensor([ 1, 12]), tensor([ 1, 15]), tensor([ 1, 18]), tensor([ 1, 19]), tensor([ 2, 17]), tensor([3, 8]), tensor([ 3, 17]), tensor([ 5, 15]), tensor([ 6, 19]), tensor([7, 8]), tensor([ 7, 17]), tensor([ 8, 11]), tensor([11, 19]), tensor([14, 18])]
Mean loss in evaluation epoch: [0.2629193663597107, 0.30396929383277893, 0.33839163184165955, 0.19781312346458435, 0.30890369415283203, 0.3448548913002014, 0.3261701464653015, 0.33215099573135376, 0.32427313923835754, 0.3395499289035797, 0.3223649859428406, 0.337649941444397, 0.3331106901168823, 0.33211034536361694, 0.3324143886566162, 0.3375772535800934, 0.32706645131111145, 0.34108421206474304, 0.32737666368484497, 0.31796887516975403], epochs needed: 20
count_changes: 5 / 20

Generation 43
Mean loss in evaluation epoch: [0.2597072422504425, 0.24104993045330048, 0.33897483348846436, 0.20631790161132812, 0.3090100884437561, 0.34465834498405457, 0.32285064458847046, 0.3317582309246063, 0.3219403028488159, 0.33899354934692383, 0.31871357560157776, 0.3351392149925232, 0.33246177434921265, 0.3318460285663605, 0.3312710225582123, 0.3393964171409607, 0.32648590207099915, 0.3412264883518219, 0.3269690275192261, 0.3182086646556854], epochs needed: 20
------------------------- TRACKING ---------------------------
Matrix Hash: aca7f5fc80da7158, num_times_seen_before: 0
ACC: 0.5368421052631579
TPR/FPR: 0.5833333333333334, 0.474025974025974
Loss: [0.2597072422504425, 0.24104993045330048, 0.33897483348846436, 0.20631790161132812, 0.3090100884437561, 0.34465834498405457, 0.32285064458847046, 0.3317582309246063, 0.3219403028488159, 0.33899354934692383, 0.31871357560157776, 0.3351392149925232, 0.33246177434921265, 0.3318460285663605, 0.3312710225582123, 0.3393964171409607, 0.32648590207099915, 0.3412264883518219, 0.3269690275192261, 0.3182086646556854]
Timestamp: 901.713605983
---------------------------------------------------------------
[tensor([0, 1]), tensor([0, 2]), tensor([0, 3]), tensor([0, 5]), tensor([0, 7]), tensor([0, 9]), tensor([ 0, 10]), tensor([ 0, 19]), tensor([ 2, 12]), tensor([ 3, 12]), tensor([ 3, 17]), tensor([4, 5]), tensor([ 4, 13]), tensor([5, 7]), tensor([ 5, 15]), tensor([ 5, 17]), tensor([ 6, 17]), tensor([7, 9]), tensor([ 7, 10]), tensor([ 7, 12]), tensor([8, 9]), tensor([ 8, 15]), tensor([ 8, 18]), tensor([13, 18]), tensor([14, 18])]
Mean loss in evaluation epoch: [0.2721397876739502, 0.2613533139228821, 0.33825668692588806, 0.25160929560661316, 0.3103770315647125, 0.3450356125831604, 0.3229984939098358, 0.33451372385025024, 0.3215637803077698, 0.33912193775177, 0.3183492422103882, 0.3354412019252777, 0.33254316449165344, 0.3308051526546478, 0.3316325545310974, 0.3376169204711914, 0.3258257508277893, 0.3412426710128784, 0.3252302408218384, 0.31617727875709534], epochs needed: 20
count_changes: 7 / 25

Generation 44
Mean loss in evaluation epoch: [0.2594580054283142, 0.24273879826068878, 0.3389624059200287, 0.20341841876506805, 0.30880242586135864, 0.3448203206062317, 0.32296985387802124, 0.3314615488052368, 0.3239659070968628, 0.3389884829521179, 0.31866270303726196, 0.33469897508621216, 0.3319240212440491, 0.3313148319721222, 0.33095285296440125, 0.33811435103416443, 0.32644301652908325, 0.343542218208313, 0.3255750238895416, 0.3168221116065979], epochs needed: 20
------------------------- TRACKING ---------------------------
Matrix Hash: d69f477070f999cc, num_times_seen_before: 0
ACC: 0.531578947368421
TPR/FPR: 0.6111111111111112, 0.487012987012987
Loss: [0.2594580054283142, 0.24273879826068878, 0.3389624059200287, 0.20341841876506805, 0.30880242586135864, 0.3448203206062317, 0.32296985387802124, 0.3314615488052368, 0.3239659070968628, 0.3389884829521179, 0.31866270303726196, 0.33469897508621216, 0.3319240212440491, 0.3313148319721222, 0.33095285296440125, 0.33811435103416443, 0.32644301652908325, 0.343542218208313, 0.3255750238895416, 0.3168221116065979]
Timestamp: 923.902436975
---------------------------------------------------------------
[tensor([0, 3]), tensor([ 0, 12]), tensor([1, 2]), tensor([15, 16]), tensor([15, 17])]
Mean loss in evaluation epoch: [0.2598237693309784, 0.30639636516571045, 0.33880916237831116, 0.20226359367370605, 0.3090328574180603, 0.3458046615123749, 0.32347372174263, 0.3309619724750519, 0.32581648230552673, 0.3398370146751404, 0.31855323910713196, 0.3348243534564972, 0.33318203687667847, 0.33083972334861755, 0.33075448870658875, 0.3373284935951233, 0.3258616626262665, 0.3411945402622223, 0.3257020115852356, 0.315970778465271], epochs needed: 20
count_changes: 3 / 5
------------------------- TRACKING ---------------------------
Matrix Hash: ec8b0e2d132505bc, num_times_seen_before: 0
ACC: 0.5368421052631579
TPR/FPR: 0.5833333333333334, 0.474025974025974
Loss: [0.2594580054283142, 0.24273879826068878, 0.3389624059200287, 0.20341841876506805, 0.30880242586135864, 0.3448203206062317, 0.32296985387802124, 0.3314615488052368, 0.3239659070968628, 0.3389884829521179, 0.31866270303726196, 0.33469897508621216, 0.3319240212440491, 0.3313148319721222, 0.33095285296440125, 0.33811435103416443, 0.32644301652908325, 0.343542218208313, 0.3255750238895416, 0.3168221116065979]
Timestamp: 935.4151948029998
---------------------------------------------------------------
Time needed: 946.1785285390001 sec
