../data/final/cml/timeseries_ba10_1k_3.5_restart.pickle
../data/final/edges_ba10.pickle
CONTINUATION: False
CONT_ADDRESS: ./hill_climbing_logs/voter_ba20_100_CONT_8ep
SEED: 0
NUM_DYN_EPOCHS: 250
DETECT_EARLY_CONVERGENCE: False
USE_EVALEPOCH_FOR_GUIDED_MUTATION: False
USE_NODEWISE_LOSS: False
USE_DYNAMIC_STEPS: False
NUM_GEN: 50
DETERMINISTIC_EVAL: True
FREE WALK: False
num samples: 1000
NUM_TRAIN_SAMPLES: 1000
NUM_TRAIN_BATCHES: 10
NUM_TEST_SAMPLES: 1000
NUM_TEST_BATCHES: 10
BATCH_SIZE: 100
HIDDEN_SIZE: 128
NUM_DYN_EPOCHS: 250
IS_CONTINUOUS: True
USE_MAX: False
Mean loss in evaluation epoch: 0.04371434450149536, epochs needed: 250

Generation 0
------------------------- TRACKING ---------------------------
Matrix Hash: 6f1b90fc9c8835ab, num_times_seen_before: 0
ACC: 0.4444444444444444
TPR/FPR: 0.5, 0.5862068965517241
Loss: 0.04371434450149536
Timestamp: 0
---------------------------------------------------------------
[tensor([2, 4])]
Mean loss in evaluation epoch: 0.04338636249303818, epochs needed: 250
Accepting!

Generation 1
------------------------- TRACKING ---------------------------
Matrix Hash: b8fe7d8d1caf970e, num_times_seen_before: 0
ACC: 0.4666666666666667
TPR/FPR: 0.5, 0.5517241379310345
Loss: 0.04338636249303818
Timestamp: 47.913258565999996
---------------------------------------------------------------
[tensor([1, 8])]
Mean loss in evaluation epoch: 0.04240618273615837, epochs needed: 250
Accepting!

Generation 2
------------------------- TRACKING ---------------------------
Matrix Hash: 19deaa03595a1470, num_times_seen_before: 0
ACC: 0.48888888888888893
TPR/FPR: 0.5, 0.5172413793103449
Loss: 0.04240618273615837
Timestamp: 97.60986484200001
---------------------------------------------------------------
[tensor([0, 7])]
Mean loss in evaluation epoch: 0.04200434312224388, epochs needed: 250
Accepting!

Generation 3
------------------------- TRACKING ---------------------------
Matrix Hash: 3e161b787924080d, num_times_seen_before: 0
ACC: 0.4666666666666667
TPR/FPR: 0.5, 0.5517241379310345
Loss: 0.04200434312224388
Timestamp: 147.880112613
---------------------------------------------------------------
[tensor([2, 6])]
Mean loss in evaluation epoch: 0.042231179773807526, epochs needed: 250
Rejecting!

Generation 4
------------------------- TRACKING ---------------------------
Matrix Hash: 3e161b787924080d, num_times_seen_before: 1
ACC: 0.4666666666666667
TPR/FPR: 0.5, 0.5517241379310345
Loss: 0.04200434312224388
Timestamp: 196.678129349
---------------------------------------------------------------
[tensor([5, 6])]
Mean loss in evaluation epoch: 0.04116665571928024, epochs needed: 250
Accepting!

Generation 5
------------------------- TRACKING ---------------------------
Matrix Hash: 1df45e8479ef08d4, num_times_seen_before: 0
ACC: 0.48888888888888893
TPR/FPR: 0.5625, 0.5517241379310345
Loss: 0.04116665571928024
Timestamp: 248.05290997699998
---------------------------------------------------------------
[tensor([3, 9])]
Mean loss in evaluation epoch: 0.039975591003894806, epochs needed: 250
Accepting!

Generation 6
------------------------- TRACKING ---------------------------
Matrix Hash: 7e25bcd8feb5ecf7, num_times_seen_before: 0
ACC: 0.5111111111111111
TPR/FPR: 0.625, 0.5517241379310345
Loss: 0.039975591003894806
Timestamp: 300.189161065
---------------------------------------------------------------
[tensor([4, 9])]
Mean loss in evaluation epoch: 0.03955071046948433, epochs needed: 250
Accepting!

Generation 7
------------------------- TRACKING ---------------------------
Matrix Hash: fa2fd80c815b06f1, num_times_seen_before: 0
ACC: 0.5333333333333333
TPR/FPR: 0.625, 0.5172413793103449
Loss: 0.03955071046948433
Timestamp: 352.716835477
---------------------------------------------------------------
[tensor([2, 3])]
Mean loss in evaluation epoch: 0.038575924932956696, epochs needed: 250
Accepting!

Generation 8
------------------------- TRACKING ---------------------------
Matrix Hash: 7bf47f3a9ad19fc1, num_times_seen_before: 0
ACC: 0.5555555555555556
TPR/FPR: 0.6875, 0.5172413793103449
Loss: 0.038575924932956696
Timestamp: 404.99826783000003
---------------------------------------------------------------
[tensor([0, 5])]
Mean loss in evaluation epoch: 0.03860001638531685, epochs needed: 250
Rejecting!

Generation 9
------------------------- TRACKING ---------------------------
Matrix Hash: 7bf47f3a9ad19fc1, num_times_seen_before: 1
ACC: 0.5555555555555556
TPR/FPR: 0.6875, 0.5172413793103449
Loss: 0.038575924932956696
Timestamp: 455.393059355
---------------------------------------------------------------
[tensor([6, 7])]
Mean loss in evaluation epoch: 0.038295380771160126, epochs needed: 250
Accepting!

Generation 10
------------------------- TRACKING ---------------------------
Matrix Hash: 5e348fe72225fecc, num_times_seen_before: 0
ACC: 0.5777777777777777
TPR/FPR: 0.75, 0.5172413793103449
Loss: 0.038295380771160126
Timestamp: 501.34729524500005
---------------------------------------------------------------
[tensor([1, 3])]
Mean loss in evaluation epoch: 0.03651712089776993, epochs needed: 250
Accepting!

Generation 11
------------------------- TRACKING ---------------------------
Matrix Hash: 5f1c1887236895fb, num_times_seen_before: 0
ACC: 0.6
TPR/FPR: 0.75, 0.4827586206896552
Loss: 0.03651712089776993
Timestamp: 544.900942645
---------------------------------------------------------------
[tensor([0, 5])]
Mean loss in evaluation epoch: 0.03623024746775627, epochs needed: 250
Accepting!

Generation 12
------------------------- TRACKING ---------------------------
Matrix Hash: 548dac825aff30c6, num_times_seen_before: 0
ACC: 0.6222222222222222
TPR/FPR: 0.8125, 0.4827586206896552
Loss: 0.03623024746775627
Timestamp: 587.9089374060001
---------------------------------------------------------------
[tensor([3, 7])]
Mean loss in evaluation epoch: 0.034971874207258224, epochs needed: 250
Accepting!

Generation 13
------------------------- TRACKING ---------------------------
Matrix Hash: fc93a9760e0d7ce8, num_times_seen_before: 0
ACC: 0.6444444444444444
TPR/FPR: 0.875, 0.4827586206896552
Loss: 0.034971874207258224
Timestamp: 631.928216794
---------------------------------------------------------------
[tensor([4, 5])]
Mean loss in evaluation epoch: 0.03533204272389412, epochs needed: 250
Rejecting!

Generation 14
------------------------- TRACKING ---------------------------
Matrix Hash: fc93a9760e0d7ce8, num_times_seen_before: 1
ACC: 0.6444444444444444
TPR/FPR: 0.875, 0.4827586206896552
Loss: 0.034971874207258224
Timestamp: 676.281270583
---------------------------------------------------------------
[tensor([2, 8])]
Mean loss in evaluation epoch: 0.034315358847379684, epochs needed: 250
Accepting!

Generation 15
------------------------- TRACKING ---------------------------
Matrix Hash: 25366cb8c4db22aa, num_times_seen_before: 0
ACC: 0.6666666666666667
TPR/FPR: 0.875, 0.4482758620689655
Loss: 0.034315358847379684
Timestamp: 720.529249839
---------------------------------------------------------------
[tensor([4, 6])]
Mean loss in evaluation epoch: 0.032348401844501495, epochs needed: 250
Accepting!

Generation 16
------------------------- TRACKING ---------------------------
Matrix Hash: 94ef70486ebf158c, num_times_seen_before: 0
ACC: 0.6888888888888889
TPR/FPR: 0.9375, 0.4482758620689655
Loss: 0.032348401844501495
Timestamp: 764.5759777220001
---------------------------------------------------------------
[tensor([1, 4])]
Mean loss in evaluation epoch: 0.031240234151482582, epochs needed: 250
Accepting!

Generation 17
------------------------- TRACKING ---------------------------
Matrix Hash: 242e8cfaf6c29564, num_times_seen_before: 0
ACC: 0.7111111111111111
TPR/FPR: 0.9375, 0.41379310344827586
Loss: 0.031240234151482582
Timestamp: 808.0563430220001
---------------------------------------------------------------
[tensor([0, 6])]
Mean loss in evaluation epoch: 0.030431127175688744, epochs needed: 250
Accepting!

Generation 18
------------------------- TRACKING ---------------------------
Matrix Hash: f10d5731cabcc0f1, num_times_seen_before: 0
ACC: 0.7333333333333334
TPR/FPR: 0.9375, 0.3793103448275862
Loss: 0.030431127175688744
Timestamp: 854.4364398600001
---------------------------------------------------------------
[tensor([1, 3])]
Mean loss in evaluation epoch: 0.031147310510277748, epochs needed: 250
Rejecting!

Generation 19
------------------------- TRACKING ---------------------------
Matrix Hash: f10d5731cabcc0f1, num_times_seen_before: 1
ACC: 0.7333333333333334
TPR/FPR: 0.9375, 0.3793103448275862
Loss: 0.030431127175688744
Timestamp: 901.7647191
---------------------------------------------------------------
[tensor([5, 9])]
Mean loss in evaluation epoch: 0.030861347913742065, epochs needed: 250
Rejecting!

Generation 20
------------------------- TRACKING ---------------------------
Matrix Hash: f10d5731cabcc0f1, num_times_seen_before: 2
ACC: 0.7333333333333334
TPR/FPR: 0.9375, 0.3793103448275862
Loss: 0.030431127175688744
Timestamp: 945.1327062180001
---------------------------------------------------------------
[tensor([1, 3])]
Mean loss in evaluation epoch: 0.031147310510277748, epochs needed: 250
Rejecting!

Generation 21
------------------------- TRACKING ---------------------------
Matrix Hash: f10d5731cabcc0f1, num_times_seen_before: 3
ACC: 0.7333333333333334
TPR/FPR: 0.9375, 0.3793103448275862
Loss: 0.030431127175688744
Timestamp: 988.735012731
---------------------------------------------------------------
[tensor([5, 8])]
Mean loss in evaluation epoch: 0.029449397698044777, epochs needed: 250
Accepting!

Generation 22
------------------------- TRACKING ---------------------------
Matrix Hash: 27640b1ebe214c68, num_times_seen_before: 0
ACC: 0.7555555555555555
TPR/FPR: 0.9375, 0.3448275862068966
Loss: 0.029449397698044777
Timestamp: 1032.963018604
---------------------------------------------------------------
[tensor([8, 9])]
Mean loss in evaluation epoch: 0.028255969285964966, epochs needed: 250
Accepting!

Generation 23
------------------------- TRACKING ---------------------------
Matrix Hash: f581dc2270811356, num_times_seen_before: 0
ACC: 0.7777777777777778
TPR/FPR: 0.9375, 0.3103448275862069
Loss: 0.028255969285964966
Timestamp: 1077.126241798
---------------------------------------------------------------
[tensor([1, 6])]
Mean loss in evaluation epoch: 0.029326891526579857, epochs needed: 250
Rejecting!

Generation 24
------------------------- TRACKING ---------------------------
Matrix Hash: f581dc2270811356, num_times_seen_before: 1
ACC: 0.7777777777777778
TPR/FPR: 0.9375, 0.3103448275862069
Loss: 0.028255969285964966
Timestamp: 1122.2410674199998
---------------------------------------------------------------
[tensor([0, 7])]
Mean loss in evaluation epoch: 0.02710782364010811, epochs needed: 250
Accepting!

Generation 25
------------------------- TRACKING ---------------------------
Matrix Hash: e48d1ae2a60cde53, num_times_seen_before: 0
ACC: 0.8
TPR/FPR: 0.9375, 0.27586206896551724
Loss: 0.02710782364010811
Timestamp: 1164.636227252
---------------------------------------------------------------
[tensor([0, 6])]
Mean loss in evaluation epoch: 0.027569755911827087, epochs needed: 250
Rejecting!

Generation 26
------------------------- TRACKING ---------------------------
Matrix Hash: e48d1ae2a60cde53, num_times_seen_before: 1
ACC: 0.8
TPR/FPR: 0.9375, 0.27586206896551724
Loss: 0.02710782364010811
Timestamp: 1208.4082528029999
---------------------------------------------------------------
[tensor([1, 5])]
Mean loss in evaluation epoch: 0.02810254506766796, epochs needed: 250
Rejecting!

Generation 27
------------------------- TRACKING ---------------------------
Matrix Hash: e48d1ae2a60cde53, num_times_seen_before: 2
ACC: 0.8
TPR/FPR: 0.9375, 0.27586206896551724
Loss: 0.02710782364010811
Timestamp: 1251.814403917
---------------------------------------------------------------
[tensor([1, 4])]
Mean loss in evaluation epoch: 0.027665508911013603, epochs needed: 250
Rejecting!

Generation 28
------------------------- TRACKING ---------------------------
Matrix Hash: e48d1ae2a60cde53, num_times_seen_before: 3
ACC: 0.8
TPR/FPR: 0.9375, 0.27586206896551724
Loss: 0.02710782364010811
Timestamp: 1295.586939714
---------------------------------------------------------------
[tensor([2, 7])]
Mean loss in evaluation epoch: 0.02634047344326973, epochs needed: 250
Accepting!

Generation 29
------------------------- TRACKING ---------------------------
Matrix Hash: d9a77c897bcaecda, num_times_seen_before: 0
ACC: 0.8222222222222222
TPR/FPR: 0.9375, 0.2413793103448276
Loss: 0.02634047344326973
Timestamp: 1339.738304412
---------------------------------------------------------------
[tensor([4, 8])]
Mean loss in evaluation epoch: 0.030500207096338272, epochs needed: 250
Rejecting!

Generation 30
------------------------- TRACKING ---------------------------
Matrix Hash: d9a77c897bcaecda, num_times_seen_before: 1
ACC: 0.8222222222222222
TPR/FPR: 0.9375, 0.2413793103448276
Loss: 0.02634047344326973
Timestamp: 1381.2583218579998
---------------------------------------------------------------
[tensor([4, 8])]
Mean loss in evaluation epoch: 0.030500207096338272, epochs needed: 250
Rejecting!

Generation 31
------------------------- TRACKING ---------------------------
Matrix Hash: d9a77c897bcaecda, num_times_seen_before: 2
ACC: 0.8222222222222222
TPR/FPR: 0.9375, 0.2413793103448276
Loss: 0.02634047344326973
Timestamp: 1423.0326734419998
---------------------------------------------------------------
[tensor([0, 9])]
Mean loss in evaluation epoch: 0.024113625288009644, epochs needed: 250
Accepting!

Generation 32
------------------------- TRACKING ---------------------------
Matrix Hash: c0dd7435829a730d, num_times_seen_before: 0
ACC: 0.8444444444444444
TPR/FPR: 1.0, 0.2413793103448276
Loss: 0.024113625288009644
Timestamp: 1468.255302141
---------------------------------------------------------------
[tensor([1, 7])]
Mean loss in evaluation epoch: 0.025190604850649834, epochs needed: 250
Rejecting!

Generation 33
------------------------- TRACKING ---------------------------
Matrix Hash: c0dd7435829a730d, num_times_seen_before: 1
ACC: 0.8444444444444444
TPR/FPR: 1.0, 0.2413793103448276
Loss: 0.024113625288009644
Timestamp: 1514.552384373
---------------------------------------------------------------
[tensor([1, 9])]
Mean loss in evaluation epoch: 0.018195444718003273, epochs needed: 250
Accepting!

Generation 34
------------------------- TRACKING ---------------------------
Matrix Hash: 3b23cbcf08d8939d, num_times_seen_before: 0
ACC: 0.8666666666666667
TPR/FPR: 1.0, 0.20689655172413793
Loss: 0.018195444718003273
Timestamp: 1557.5194571089999
---------------------------------------------------------------
[tensor([5, 9])]
Mean loss in evaluation epoch: 0.017674217000603676, epochs needed: 250
Accepting!

Generation 35
------------------------- TRACKING ---------------------------
Matrix Hash: 05af537d46395123, num_times_seen_before: 0
ACC: 0.8888888888888888
TPR/FPR: 1.0, 0.1724137931034483
Loss: 0.017674217000603676
Timestamp: 1600.5140322299999
---------------------------------------------------------------
[tensor([5, 7])]
Mean loss in evaluation epoch: 0.01694677583873272, epochs needed: 250
Accepting!

Generation 36
------------------------- TRACKING ---------------------------
Matrix Hash: 802886962e13241e, num_times_seen_before: 0
ACC: 0.9111111111111111
TPR/FPR: 1.0, 0.13793103448275862
Loss: 0.01694677583873272
Timestamp: 1642.113624285
---------------------------------------------------------------
[tensor([5, 7])]
Mean loss in evaluation epoch: 0.017674217000603676, epochs needed: 250
Rejecting!

Generation 37
------------------------- TRACKING ---------------------------
Matrix Hash: 802886962e13241e, num_times_seen_before: 1
ACC: 0.9111111111111111
TPR/FPR: 1.0, 0.13793103448275862
Loss: 0.01694677583873272
Timestamp: 1686.193251012
---------------------------------------------------------------
[tensor([4, 7])]
Mean loss in evaluation epoch: 0.017424937337636948, epochs needed: 250
Rejecting!

Generation 38
------------------------- TRACKING ---------------------------
Matrix Hash: 802886962e13241e, num_times_seen_before: 2
ACC: 0.9111111111111111
TPR/FPR: 1.0, 0.13793103448275862
Loss: 0.01694677583873272
Timestamp: 1728.76849028
---------------------------------------------------------------
[tensor([4, 5])]
Mean loss in evaluation epoch: 0.014505763538181782, epochs needed: 250
Accepting!

Generation 39
------------------------- TRACKING ---------------------------
Matrix Hash: 752722905c44b285, num_times_seen_before: 0
ACC: 0.9333333333333333
TPR/FPR: 1.0, 0.10344827586206896
Loss: 0.014505763538181782
Timestamp: 1771.9301503519998
---------------------------------------------------------------
[tensor([7, 9])]
Mean loss in evaluation epoch: 0.012610593810677528, epochs needed: 250
Accepting!

Generation 40
------------------------- TRACKING ---------------------------
Matrix Hash: 92ae8a3c2b47c761, num_times_seen_before: 0
ACC: 0.9555555555555556
TPR/FPR: 1.0, 0.06896551724137931
Loss: 0.012610593810677528
Timestamp: 1816.003746682
---------------------------------------------------------------
[tensor([3, 8])]
Mean loss in evaluation epoch: 0.014606236480176449, epochs needed: 250
Rejecting!

Generation 41
------------------------- TRACKING ---------------------------
Matrix Hash: 92ae8a3c2b47c761, num_times_seen_before: 1
ACC: 0.9555555555555556
TPR/FPR: 1.0, 0.06896551724137931
Loss: 0.012610593810677528
Timestamp: 1860.07457121
---------------------------------------------------------------
[tensor([2, 9])]
Mean loss in evaluation epoch: 0.0062277778051793575, epochs needed: 250
Accepting!

Generation 42
------------------------- TRACKING ---------------------------
Matrix Hash: 63e2590abec833d3, num_times_seen_before: 0
ACC: 0.9777777777777777
TPR/FPR: 1.0, 0.034482758620689655
Loss: 0.0062277778051793575
Timestamp: 1906.298102994
---------------------------------------------------------------
[tensor([3, 6])]
Mean loss in evaluation epoch: 0.004983704537153244, epochs needed: 250
Accepting!

Generation 43
------------------------- TRACKING ---------------------------
Matrix Hash: c7cc2e5aaa95c0cd, num_times_seen_before: 0
ACC: 1.0
TPR/FPR: 1.0, 0.0
Loss: 0.004983704537153244
Timestamp: 1950.035553947
---------------------------------------------------------------
[tensor([4, 8])]
Mean loss in evaluation epoch: 0.010683761909604073, epochs needed: 250
Rejecting!

Generation 44
------------------------- TRACKING ---------------------------
Matrix Hash: c7cc2e5aaa95c0cd, num_times_seen_before: 1
ACC: 1.0
TPR/FPR: 1.0, 0.0
Loss: 0.004983704537153244
Timestamp: 1993.7575111449999
---------------------------------------------------------------
[tensor([3, 6])]
Mean loss in evaluation epoch: 0.0062277778051793575, epochs needed: 250
Rejecting!

Generation 45
------------------------- TRACKING ---------------------------
Matrix Hash: c7cc2e5aaa95c0cd, num_times_seen_before: 2
ACC: 1.0
TPR/FPR: 1.0, 0.0
Loss: 0.004983704537153244
Timestamp: 2036.721471237
---------------------------------------------------------------
[tensor([4, 6])]
Mean loss in evaluation epoch: 0.01117891725152731, epochs needed: 250
Rejecting!

Generation 46
------------------------- TRACKING ---------------------------
Matrix Hash: c7cc2e5aaa95c0cd, num_times_seen_before: 3
ACC: 1.0
TPR/FPR: 1.0, 0.0
Loss: 0.004983704537153244
Timestamp: 2079.314014742
---------------------------------------------------------------
[tensor([1, 2])]
Mean loss in evaluation epoch: 0.02438470721244812, epochs needed: 250
Rejecting!

Generation 47
------------------------- TRACKING ---------------------------
Matrix Hash: c7cc2e5aaa95c0cd, num_times_seen_before: 4
ACC: 1.0
TPR/FPR: 1.0, 0.0
Loss: 0.004983704537153244
Timestamp: 2122.254645559
---------------------------------------------------------------
[tensor([4, 8])]
Mean loss in evaluation epoch: 0.010683761909604073, epochs needed: 250
Rejecting!

Generation 48
------------------------- TRACKING ---------------------------
Matrix Hash: c7cc2e5aaa95c0cd, num_times_seen_before: 5
ACC: 1.0
TPR/FPR: 1.0, 0.0
Loss: 0.004983704537153244
Timestamp: 2164.709129202
---------------------------------------------------------------
[tensor([5, 6])]
Mean loss in evaluation epoch: 0.010549372993409634, epochs needed: 250
Rejecting!

Generation 49
------------------------- TRACKING ---------------------------
Matrix Hash: c7cc2e5aaa95c0cd, num_times_seen_before: 6
ACC: 1.0
TPR/FPR: 1.0, 0.0
Loss: 0.004983704537153244
Timestamp: 2207.801207277
---------------------------------------------------------------
[tensor([1, 2])]
Mean loss in evaluation epoch: 0.02438470721244812, epochs needed: 250
Rejecting!
------------------------- TRACKING ---------------------------
Matrix Hash: c7cc2e5aaa95c0cd, num_times_seen_before: 7
ACC: 1.0
TPR/FPR: 1.0, 0.0
Loss: 0.004983704537153244
Timestamp: 2250.242891818
---------------------------------------------------------------
Time needed: 2296.793976215 sec
