../data/final/Voter/timeseries_ba20_100.pickle
../data/final/edges_ba20.pickle
CONTINUATION: False
CONT_ADDRESS: ./hillclimbing_logs/linear/final/heuristics_comp/deterministic/cml/ba10_1k_restart_3.5_random/2021-03-04T15_54_10.394816
SEED: 0
NUM_DYN_EPOCHS: 300
DETECT_EARLY_CONVERGENCE: False
USE_EVALEPOCH_FOR_GUIDED_MUTATION: False
USE_NODEWISE_LOSS: False
USE_DYNAMIC_STEPS: True
NUM_GEN: 45
DETERMINISTIC_EVAL: False
FREE WALK: False
EXPERIMENTS: 5
NUM_TRAIN_SAMPLES: 100
NUM_TRAIN_BATCHES: 1
NUM_TEST_SAMPLES: 100
NUM_TEST_BATCHES: 1
BATCH_SIZE: 100
HIDDEN_SIZE: 128
NUM_DYN_EPOCHS: 300
IS_CONTINUOUS: False
USE_MAX: False

Generation 0
Mean loss in evaluation epoch: 0.5773836374282837, epochs needed: 300
------------------------- TRACKING ---------------------------
Matrix Hash: 93e0bcc41f0846da, num_times_seen_before: 0
ACC: 0.5684210526315789
TPR/FPR: 0.6388888888888888, 0.44805194805194803
Loss: 0.5773836374282837
Timestamp: 0
---------------------------------------------------------------
[tensor([0, 2]), tensor([0, 5]), tensor([0, 9]), tensor([ 0, 12]), tensor([ 0, 19]), tensor([ 1, 14]), tensor([2, 3]), tensor([2, 4]), tensor([ 2, 12]), tensor([3, 9]), tensor([ 3, 12]), tensor([4, 5]), tensor([4, 8]), tensor([4, 9]), tensor([ 5, 12]), tensor([ 5, 14]), tensor([ 5, 15]), tensor([ 5, 16]), tensor([ 6, 13]), tensor([ 6, 14]), tensor([ 8, 11]), tensor([ 8, 12]), tensor([ 8, 17]), tensor([10, 14]), tensor([10, 16]), tensor([10, 17]), tensor([12, 13]), tensor([12, 15]), tensor([14, 19])]
Mean loss in evaluation epoch: 0.5321993231773376, epochs needed: 300
Accepting!

Generation 1
Mean loss in evaluation epoch: 0.5324124693870544, epochs needed: 300
------------------------- TRACKING ---------------------------
Matrix Hash: 826d197ce4a612df, num_times_seen_before: 0
ACC: 0.6263157894736842
TPR/FPR: 0.8888888888888888, 0.43506493506493504
Loss: 0.5324124693870544
Timestamp: 2.9444823080000333
---------------------------------------------------------------
[tensor([ 0, 18]), tensor([1, 5]), tensor([ 1, 16]), tensor([2, 6]), tensor([2, 7]), tensor([ 2, 16]), tensor([3, 7]), tensor([3, 8]), tensor([ 3, 10]), tensor([ 3, 14]), tensor([ 3, 19]), tensor([ 4, 12]), tensor([ 4, 15]), tensor([ 4, 16]), tensor([ 5, 11]), tensor([ 5, 13]), tensor([ 6, 19]), tensor([ 7, 10]), tensor([ 7, 12]), tensor([ 8, 17]), tensor([ 8, 18]), tensor([ 9, 11]), tensor([ 9, 15]), tensor([ 9, 17]), tensor([10, 16]), tensor([11, 12]), tensor([13, 16]), tensor([13, 19]), tensor([15, 19]), tensor([16, 17]), tensor([16, 19]), tensor([17, 18])]
Mean loss in evaluation epoch: 0.47691577672958374, epochs needed: 300
Accepting!

Generation 2
Mean loss in evaluation epoch: 0.4763355553150177, epochs needed: 300
------------------------- TRACKING ---------------------------
Matrix Hash: 99c50dc62090ea17, num_times_seen_before: 0
ACC: 0.7526315789473684
TPR/FPR: 0.9722222222222222, 0.2987012987012987
Loss: 0.4763355553150177
Timestamp: 5.940631811999992
---------------------------------------------------------------
[tensor([0, 8]), tensor([1, 8]), tensor([ 1, 13]), tensor([ 1, 18]), tensor([2, 4]), tensor([ 2, 10]), tensor([ 3, 13]), tensor([4, 5]), tensor([ 4, 11]), tensor([ 4, 12]), tensor([ 4, 13]), tensor([ 4, 18]), tensor([ 5, 14]), tensor([6, 9]), tensor([ 7, 15]), tensor([ 7, 19]), tensor([ 8, 12]), tensor([ 8, 14]), tensor([ 9, 10]), tensor([10, 12]), tensor([13, 17]), tensor([14, 15]), tensor([15, 17]), tensor([16, 18]), tensor([16, 19])]
Mean loss in evaluation epoch: 0.4553546607494354, epochs needed: 300
Accepting!

Generation 3
Mean loss in evaluation epoch: 0.4541841745376587, epochs needed: 300
------------------------- TRACKING ---------------------------
Matrix Hash: d6589b5c892f4a19, num_times_seen_before: 0
ACC: 0.8105263157894737
TPR/FPR: 1.0, 0.23376623376623376
Loss: 0.4541841745376587
Timestamp: 8.91978330500001
---------------------------------------------------------------
[tensor([0, 7]), tensor([ 0, 16]), tensor([1, 8]), tensor([ 1, 11]), tensor([ 1, 13]), tensor([ 1, 18]), tensor([ 2, 13]), tensor([ 2, 19]), tensor([ 4, 12]), tensor([ 4, 13]), tensor([5, 9]), tensor([ 5, 12]), tensor([ 5, 14]), tensor([6, 8]), tensor([ 6, 15]), tensor([ 7, 15]), tensor([8, 9]), tensor([10, 17]), tensor([10, 18]), tensor([11, 16]), tensor([13, 14]), tensor([14, 15])]
Mean loss in evaluation epoch: 0.42174476385116577, epochs needed: 300
Accepting!

Generation 4
Mean loss in evaluation epoch: 0.42100340127944946, epochs needed: 300
------------------------- TRACKING ---------------------------
Matrix Hash: 3a74f68e4041e66d, num_times_seen_before: 0
ACC: 0.8631578947368421
TPR/FPR: 1.0, 0.16883116883116883
Loss: 0.42100340127944946
Timestamp: 12.173615410000025
---------------------------------------------------------------
[tensor([ 0, 15]), tensor([ 1, 17]), tensor([ 2, 14]), tensor([ 2, 15]), tensor([ 2, 16]), tensor([4, 5]), tensor([ 4, 19]), tensor([6, 9]), tensor([ 6, 15]), tensor([ 8, 17]), tensor([10, 17]), tensor([13, 18]), tensor([14, 17]), tensor([16, 18])]
Mean loss in evaluation epoch: 0.41925719380378723, epochs needed: 300
Accepting!

Generation 5
Mean loss in evaluation epoch: 0.41911306977272034, epochs needed: 300
------------------------- TRACKING ---------------------------
Matrix Hash: 67c32660d7cb3524, num_times_seen_before: 0
ACC: 0.8736842105263158
TPR/FPR: 1.0, 0.15584415584415584
Loss: 0.41911306977272034
Timestamp: 15.12073948200009
---------------------------------------------------------------
[tensor([0, 6]), tensor([ 1, 12]), tensor([ 1, 13]), tensor([ 1, 14]), tensor([2, 4]), tensor([3, 8]), tensor([ 4, 12]), tensor([ 4, 14]), tensor([ 4, 19]), tensor([ 5, 16]), tensor([ 6, 15]), tensor([8, 9]), tensor([ 8, 14]), tensor([ 8, 19]), tensor([ 9, 12]), tensor([10, 13]), tensor([13, 18]), tensor([14, 17]), tensor([15, 17]), tensor([16, 18])]
Mean loss in evaluation epoch: 0.419063538312912, epochs needed: 300
Accepting!

Generation 6
Mean loss in evaluation epoch: 0.4179554879665375, epochs needed: 300
------------------------- TRACKING ---------------------------
Matrix Hash: 90dd621889a58763, num_times_seen_before: 0
ACC: 0.8842105263157894
TPR/FPR: 0.9722222222222222, 0.13636363636363635
Loss: 0.4179554879665375
Timestamp: 18.07301274100007
---------------------------------------------------------------
[tensor([ 0, 15]), tensor([ 1, 13]), tensor([ 3, 19]), tensor([ 7, 19]), tensor([ 8, 19]), tensor([ 9, 12]), tensor([ 9, 17]), tensor([13, 14])]
Mean loss in evaluation epoch: 0.42222148180007935, epochs needed: 300
Rejecting!

Generation 7
Mean loss in evaluation epoch: 0.417033314704895, epochs needed: 300
------------------------- TRACKING ---------------------------
Matrix Hash: 90dd621889a58763, num_times_seen_before: 1
ACC: 0.8842105263157894
TPR/FPR: 0.9722222222222222, 0.13636363636363635
Loss: 0.417033314704895
Timestamp: 21.005394990000013
---------------------------------------------------------------
[tensor([ 1, 12]), tensor([ 8, 19]), tensor([ 9, 19]), tensor([10, 19])]
Mean loss in evaluation epoch: 0.41143327951431274, epochs needed: 300
Accepting!

Generation 8
Mean loss in evaluation epoch: 0.4111365079879761, epochs needed: 300
------------------------- TRACKING ---------------------------
Matrix Hash: 51f7036f7809f530, num_times_seen_before: 0
ACC: 0.8842105263157894
TPR/FPR: 1.0, 0.14285714285714285
Loss: 0.4111365079879761
Timestamp: 24.006648478000102
---------------------------------------------------------------
[tensor([0, 6]), tensor([ 0, 10]), tensor([1, 8]), tensor([ 1, 13]), tensor([ 1, 16]), tensor([2, 6]), tensor([3, 8]), tensor([ 5, 10]), tensor([13, 14])]
Mean loss in evaluation epoch: 0.4140145480632782, epochs needed: 300
Rejecting!

Generation 9
Mean loss in evaluation epoch: 0.4109276533126831, epochs needed: 300
------------------------- TRACKING ---------------------------
Matrix Hash: 51f7036f7809f530, num_times_seen_before: 1
ACC: 0.8842105263157894
TPR/FPR: 1.0, 0.14285714285714285
Loss: 0.4109276533126831
Timestamp: 27.318330488000015
---------------------------------------------------------------
[tensor([0, 8]), tensor([ 0, 10]), tensor([1, 8]), tensor([ 1, 17]), tensor([2, 6]), tensor([ 2, 11]), tensor([ 4, 12]), tensor([ 5, 10]), tensor([ 9, 19]), tensor([10, 19]), tensor([11, 16])]
Mean loss in evaluation epoch: 0.403952419757843, epochs needed: 300
Accepting!

Generation 10
Mean loss in evaluation epoch: 0.4031210243701935, epochs needed: 300
------------------------- TRACKING ---------------------------
Matrix Hash: cfabc88575fba64e, num_times_seen_before: 0
ACC: 0.9
TPR/FPR: 0.9722222222222222, 0.11688311688311688
Loss: 0.4031210243701935
Timestamp: 30.280681469
---------------------------------------------------------------
[tensor([1, 8]), tensor([1, 9]), tensor([ 1, 13]), tensor([ 1, 17]), tensor([ 4, 19]), tensor([7, 8]), tensor([ 7, 11]), tensor([ 7, 18]), tensor([15, 17]), tensor([16, 18])]
Mean loss in evaluation epoch: 0.4217320680618286, epochs needed: 300
Rejecting!

Generation 11
Mean loss in evaluation epoch: 0.40921565890312195, epochs needed: 300
------------------------- TRACKING ---------------------------
Matrix Hash: cfabc88575fba64e, num_times_seen_before: 1
ACC: 0.9
TPR/FPR: 0.9722222222222222, 0.11688311688311688
Loss: 0.40921565890312195
Timestamp: 33.293809667999994
---------------------------------------------------------------
[tensor([1, 4]), tensor([ 1, 13]), tensor([ 1, 17]), tensor([ 2, 11]), tensor([3, 7]), tensor([6, 9]), tensor([ 6, 15]), tensor([8, 9]), tensor([ 9, 12]), tensor([ 9, 17]), tensor([10, 17]), tensor([11, 16]), tensor([13, 14]), tensor([16, 18])]
Mean loss in evaluation epoch: 0.40851104259490967, epochs needed: 300
Accepting!

Generation 12
Mean loss in evaluation epoch: 0.40912583470344543, epochs needed: 300
------------------------- TRACKING ---------------------------
Matrix Hash: a0f5990ab9c8bbe7, num_times_seen_before: 0
ACC: 0.9
TPR/FPR: 0.9444444444444444, 0.11038961038961038
Loss: 0.40912583470344543
Timestamp: 36.26008476600009
---------------------------------------------------------------
[tensor([ 1, 13]), tensor([ 1, 18]), tensor([3, 7]), tensor([4, 7]), tensor([ 5, 12]), tensor([6, 9]), tensor([ 7, 13]), tensor([ 7, 14]), tensor([ 7, 16]), tensor([ 8, 12]), tensor([ 8, 14]), tensor([13, 14]), tensor([13, 18])]
Mean loss in evaluation epoch: 0.4364163279533386, epochs needed: 300
Rejecting!

Generation 13
Mean loss in evaluation epoch: 0.4093591868877411, epochs needed: 300
------------------------- TRACKING ---------------------------
Matrix Hash: a0f5990ab9c8bbe7, num_times_seen_before: 1
ACC: 0.9
TPR/FPR: 0.9444444444444444, 0.11038961038961038
Loss: 0.4093591868877411
Timestamp: 39.240855285000066
---------------------------------------------------------------
[tensor([1, 4]), tensor([ 1, 13]), tensor([ 1, 17]), tensor([3, 7]), tensor([ 5, 12]), tensor([ 6, 10]), tensor([ 8, 12]), tensor([ 9, 12])]
Mean loss in evaluation epoch: 0.3974860906600952, epochs needed: 300
Accepting!

Generation 14
Mean loss in evaluation epoch: 0.3977113664150238, epochs needed: 300
------------------------- TRACKING ---------------------------
Matrix Hash: 3862f513c07acb27, num_times_seen_before: 0
ACC: 0.9
TPR/FPR: 0.9722222222222222, 0.11688311688311688
Loss: 0.3977113664150238
Timestamp: 42.184169449000024
---------------------------------------------------------------
[tensor([ 1, 13]), tensor([ 1, 17]), tensor([ 5, 12]), tensor([8, 9]), tensor([ 9, 17]), tensor([15, 17])]
Mean loss in evaluation epoch: 0.38869696855545044, epochs needed: 300
Accepting!

Generation 15
Mean loss in evaluation epoch: 0.38874804973602295, epochs needed: 300
------------------------- TRACKING ---------------------------
Matrix Hash: 0c4788eb16348d2c, num_times_seen_before: 0
ACC: 0.9210526315789473
TPR/FPR: 0.9722222222222222, 0.09090909090909091
Loss: 0.38874804973602295
Timestamp: 45.16313390800008
---------------------------------------------------------------
[tensor([ 1, 10]), tensor([ 1, 12]), tensor([ 1, 13]), tensor([3, 6]), tensor([4, 9]), tensor([ 4, 19]), tensor([8, 9]), tensor([ 9, 12]), tensor([13, 18])]
Mean loss in evaluation epoch: 0.40756168961524963, epochs needed: 300
Rejecting!

Generation 16
Mean loss in evaluation epoch: 0.39093655347824097, epochs needed: 300
------------------------- TRACKING ---------------------------
Matrix Hash: 0c4788eb16348d2c, num_times_seen_before: 1
ACC: 0.9210526315789473
TPR/FPR: 0.9722222222222222, 0.09090909090909091
Loss: 0.39093655347824097
Timestamp: 48.14865656800009
---------------------------------------------------------------
[tensor([1, 4]), tensor([ 1, 10]), tensor([ 1, 13]), tensor([ 1, 18]), tensor([2, 9]), tensor([ 2, 18]), tensor([ 3, 14]), tensor([ 5, 18]), tensor([ 8, 17]), tensor([10, 11]), tensor([15, 17]), tensor([16, 18])]
Mean loss in evaluation epoch: 0.4169975221157074, epochs needed: 300
Rejecting!

Generation 17
Mean loss in evaluation epoch: 0.3895544111728668, epochs needed: 300
------------------------- TRACKING ---------------------------
Matrix Hash: 0c4788eb16348d2c, num_times_seen_before: 2
ACC: 0.9210526315789473
TPR/FPR: 0.9722222222222222, 0.09090909090909091
Loss: 0.3895544111728668
Timestamp: 51.119867630000044
---------------------------------------------------------------
[tensor([ 1, 10]), tensor([ 1, 11]), tensor([ 1, 13]), tensor([ 1, 14]), tensor([ 1, 15]), tensor([ 1, 16]), tensor([ 2, 13]), tensor([ 6, 15]), tensor([ 9, 12]), tensor([16, 18])]
Mean loss in evaluation epoch: 0.41493088006973267, epochs needed: 300
Rejecting!

Generation 18
Mean loss in evaluation epoch: 0.39458948373794556, epochs needed: 300
------------------------- TRACKING ---------------------------
Matrix Hash: 0c4788eb16348d2c, num_times_seen_before: 3
ACC: 0.9210526315789473
TPR/FPR: 0.9722222222222222, 0.09090909090909091
Loss: 0.39458948373794556
Timestamp: 54.081098368000085
---------------------------------------------------------------
[tensor([0, 1]), tensor([ 1, 13]), tensor([ 1, 14]), tensor([ 2, 16]), tensor([ 2, 19]), tensor([ 6, 15]), tensor([7, 8]), tensor([13, 19]), tensor([16, 18])]
Mean loss in evaluation epoch: 0.41596153378486633, epochs needed: 300
Rejecting!

Generation 19
Mean loss in evaluation epoch: 0.3938751518726349, epochs needed: 300
------------------------- TRACKING ---------------------------
Matrix Hash: 0c4788eb16348d2c, num_times_seen_before: 4
ACC: 0.9210526315789473
TPR/FPR: 0.9722222222222222, 0.09090909090909091
Loss: 0.3938751518726349
Timestamp: 57.03954400200007
---------------------------------------------------------------
[tensor([0, 1]), tensor([ 1, 13]), tensor([ 1, 17]), tensor([ 1, 18]), tensor([ 2, 18]), tensor([ 3, 18]), tensor([4, 9])]
Mean loss in evaluation epoch: 0.41373151540756226, epochs needed: 300
Rejecting!

Generation 20
Mean loss in evaluation epoch: 0.3908592462539673, epochs needed: 300
------------------------- TRACKING ---------------------------
Matrix Hash: 0c4788eb16348d2c, num_times_seen_before: 5
ACC: 0.9210526315789473
TPR/FPR: 0.9722222222222222, 0.09090909090909091
Loss: 0.3908592462539673
Timestamp: 60.01594865800007
---------------------------------------------------------------
[tensor([ 1, 13]), tensor([ 1, 17]), tensor([ 1, 18]), tensor([4, 7]), tensor([4, 9]), tensor([ 5, 14]), tensor([7, 8]), tensor([11, 18])]
Mean loss in evaluation epoch: 0.407636433839798, epochs needed: 300
Rejecting!

Generation 21
Mean loss in evaluation epoch: 0.38893988728523254, epochs needed: 300
------------------------- TRACKING ---------------------------
Matrix Hash: 0c4788eb16348d2c, num_times_seen_before: 6
ACC: 0.9210526315789473
TPR/FPR: 0.9722222222222222, 0.09090909090909091
Loss: 0.38893988728523254
Timestamp: 62.983446592000064
---------------------------------------------------------------
[tensor([1, 7]), tensor([ 1, 13]), tensor([ 1, 17]), tensor([2, 9]), tensor([ 2, 11]), tensor([3, 6]), tensor([4, 6]), tensor([ 6, 10]), tensor([7, 9]), tensor([13, 18])]
Mean loss in evaluation epoch: 0.41516706347465515, epochs needed: 300
Rejecting!

Generation 22
Mean loss in evaluation epoch: 0.39034944772720337, epochs needed: 300
------------------------- TRACKING ---------------------------
Matrix Hash: 0c4788eb16348d2c, num_times_seen_before: 7
ACC: 0.9210526315789473
TPR/FPR: 0.9722222222222222, 0.09090909090909091
Loss: 0.39034944772720337
Timestamp: 65.97095889400009
---------------------------------------------------------------
[tensor([ 0, 11]), tensor([ 1, 11]), tensor([ 1, 13]), tensor([2, 7]), tensor([3, 6]), tensor([7, 8]), tensor([ 7, 18]), tensor([13, 18]), tensor([16, 18])]
Mean loss in evaluation epoch: 0.4094819724559784, epochs needed: 300
Rejecting!

Generation 23
Mean loss in evaluation epoch: 0.39370760321617126, epochs needed: 300
------------------------- TRACKING ---------------------------
Matrix Hash: 0c4788eb16348d2c, num_times_seen_before: 8
ACC: 0.9210526315789473
TPR/FPR: 0.9722222222222222, 0.09090909090909091
Loss: 0.39370760321617126
Timestamp: 69.0007377820001
---------------------------------------------------------------
[tensor([ 1, 13]), tensor([ 1, 14]), tensor([ 1, 18]), tensor([3, 8]), tensor([ 4, 19]), tensor([7, 9]), tensor([ 7, 11]), tensor([10, 11]), tensor([16, 18])]
Mean loss in evaluation epoch: 0.40722915530204773, epochs needed: 300
Rejecting!

Generation 24
Mean loss in evaluation epoch: 0.3896823227405548, epochs needed: 300
------------------------- TRACKING ---------------------------
Matrix Hash: 0c4788eb16348d2c, num_times_seen_before: 9
ACC: 0.9210526315789473
TPR/FPR: 0.9722222222222222, 0.09090909090909091
Loss: 0.3896823227405548
Timestamp: 71.95212347400002
---------------------------------------------------------------
[tensor([ 1, 13]), tensor([ 1, 17]), tensor([ 3, 14]), tensor([ 6, 10]), tensor([7, 9]), tensor([ 7, 10]), tensor([ 7, 15]), tensor([ 8, 17]), tensor([10, 19]), tensor([11, 18])]
Mean loss in evaluation epoch: 0.40761762857437134, epochs needed: 300
Rejecting!

Generation 25
Mean loss in evaluation epoch: 0.3913923501968384, epochs needed: 300
------------------------- TRACKING ---------------------------
Matrix Hash: 0c4788eb16348d2c, num_times_seen_before: 10
ACC: 0.9210526315789473
TPR/FPR: 0.9722222222222222, 0.09090909090909091
Loss: 0.3913923501968384
Timestamp: 74.91561449100004
---------------------------------------------------------------
[tensor([ 1, 13]), tensor([ 1, 17]), tensor([ 1, 18]), tensor([ 3, 14]), tensor([4, 5]), tensor([ 4, 19]), tensor([ 8, 14]), tensor([ 8, 17]), tensor([ 9, 12]), tensor([16, 18])]
Mean loss in evaluation epoch: 0.3930872082710266, epochs needed: 300
Rejecting!

Generation 26
Mean loss in evaluation epoch: 0.38879236578941345, epochs needed: 300
------------------------- TRACKING ---------------------------
Matrix Hash: 0c4788eb16348d2c, num_times_seen_before: 11
ACC: 0.9210526315789473
TPR/FPR: 0.9722222222222222, 0.09090909090909091
Loss: 0.38879236578941345
Timestamp: 77.86706195
---------------------------------------------------------------
[tensor([ 1, 13]), tensor([ 1, 17]), tensor([ 3, 16]), tensor([6, 9]), tensor([ 9, 12]), tensor([11, 18]), tensor([16, 18])]
Mean loss in evaluation epoch: 0.3944268524646759, epochs needed: 300
Rejecting!

Generation 27
Mean loss in evaluation epoch: 0.3890484571456909, epochs needed: 300
------------------------- TRACKING ---------------------------
Matrix Hash: 0c4788eb16348d2c, num_times_seen_before: 12
ACC: 0.9210526315789473
TPR/FPR: 0.9722222222222222, 0.09090909090909091
Loss: 0.3890484571456909
Timestamp: 80.82868988900009
---------------------------------------------------------------
[tensor([ 1, 10]), tensor([ 1, 13]), tensor([ 4, 19]), tensor([ 5, 18]), tensor([6, 9]), tensor([ 6, 15]), tensor([7, 8]), tensor([ 8, 14]), tensor([ 8, 17]), tensor([16, 18])]
Mean loss in evaluation epoch: 0.3885255455970764, epochs needed: 300
Accepting!

Generation 28
Mean loss in evaluation epoch: 0.3885139524936676, epochs needed: 300
------------------------- TRACKING ---------------------------
Matrix Hash: 0cd932d1212666b7, num_times_seen_before: 0
ACC: 0.9315789473684211
TPR/FPR: 0.9722222222222222, 0.07792207792207792
Loss: 0.3885139524936676
Timestamp: 83.785532859
---------------------------------------------------------------
[tensor([ 1, 10]), tensor([ 1, 13]), tensor([2, 4]), tensor([2, 6]), tensor([3, 5]), tensor([ 3, 18]), tensor([ 5, 18]), tensor([ 6, 10]), tensor([10, 12]), tensor([10, 13]), tensor([11, 16]), tensor([16, 18])]
Mean loss in evaluation epoch: 0.4218229651451111, epochs needed: 300
Rejecting!

Generation 29
Mean loss in evaluation epoch: 0.38918212056159973, epochs needed: 300
------------------------- TRACKING ---------------------------
Matrix Hash: 0cd932d1212666b7, num_times_seen_before: 1
ACC: 0.9315789473684211
TPR/FPR: 0.9722222222222222, 0.07792207792207792
Loss: 0.38918212056159973
Timestamp: 86.76795867800001
---------------------------------------------------------------
[tensor([ 0, 14]), tensor([1, 4]), tensor([1, 9]), tensor([ 1, 10]), tensor([ 1, 15]), tensor([ 2, 10]), tensor([ 3, 14]), tensor([ 4, 12]), tensor([7, 8]), tensor([ 9, 12]), tensor([10, 12]), tensor([10, 17]), tensor([13, 17]), tensor([16, 18])]
Mean loss in evaluation epoch: 0.4124631881713867, epochs needed: 300
Rejecting!

Generation 30
Mean loss in evaluation epoch: 0.3913029432296753, epochs needed: 300
------------------------- TRACKING ---------------------------
Matrix Hash: 0cd932d1212666b7, num_times_seen_before: 2
ACC: 0.9315789473684211
TPR/FPR: 0.9722222222222222, 0.07792207792207792
Loss: 0.3913029432296753
Timestamp: 90.15898321600002
---------------------------------------------------------------
[tensor([ 0, 14]), tensor([1, 9]), tensor([ 1, 10]), tensor([ 1, 13]), tensor([ 1, 15]), tensor([ 1, 17]), tensor([ 1, 19]), tensor([ 4, 16]), tensor([ 4, 17]), tensor([ 4, 19]), tensor([ 5, 18]), tensor([ 6, 10]), tensor([7, 8]), tensor([ 9, 17]), tensor([10, 13]), tensor([10, 17]), tensor([13, 14]), tensor([16, 18])]
Mean loss in evaluation epoch: 0.4164252281188965, epochs needed: 300
Rejecting!

Generation 31
Mean loss in evaluation epoch: 0.392528772354126, epochs needed: 300
------------------------- TRACKING ---------------------------
Matrix Hash: 0cd932d1212666b7, num_times_seen_before: 3
ACC: 0.9315789473684211
TPR/FPR: 0.9722222222222222, 0.07792207792207792
Loss: 0.392528772354126
Timestamp: 93.42709563800008
---------------------------------------------------------------
[tensor([ 1, 10]), tensor([ 1, 11]), tensor([ 1, 13]), tensor([ 1, 18]), tensor([2, 6]), tensor([2, 8]), tensor([3, 5]), tensor([ 3, 12]), tensor([ 4, 19]), tensor([ 5, 18]), tensor([8, 9]), tensor([10, 13]), tensor([13, 14]), tensor([13, 17]), tensor([14, 15]), tensor([14, 17])]
Mean loss in evaluation epoch: 0.4151674807071686, epochs needed: 300
Rejecting!

Generation 32
Mean loss in evaluation epoch: 0.38982081413269043, epochs needed: 300
------------------------- TRACKING ---------------------------
Matrix Hash: 0cd932d1212666b7, num_times_seen_before: 4
ACC: 0.9315789473684211
TPR/FPR: 0.9722222222222222, 0.07792207792207792
Loss: 0.38982081413269043
Timestamp: 97.2028335980001
---------------------------------------------------------------
[tensor([1, 4]), tensor([ 1, 10]), tensor([ 1, 15]), tensor([4, 7]), tensor([4, 8]), tensor([ 4, 15]), tensor([ 4, 17]), tensor([ 4, 19]), tensor([ 6, 16]), tensor([8, 9]), tensor([10, 13]), tensor([13, 19])]
Mean loss in evaluation epoch: 0.4259977340698242, epochs needed: 300
Rejecting!

Generation 33
Mean loss in evaluation epoch: 0.39266237616539, epochs needed: 300
------------------------- TRACKING ---------------------------
Matrix Hash: 0cd932d1212666b7, num_times_seen_before: 5
ACC: 0.9315789473684211
TPR/FPR: 0.9722222222222222, 0.07792207792207792
Loss: 0.39266237616539
Timestamp: 100.49877278600002
---------------------------------------------------------------
[tensor([ 0, 14]), tensor([ 1, 10]), tensor([ 1, 17]), tensor([ 1, 18]), tensor([2, 8]), tensor([ 2, 10]), tensor([ 2, 18]), tensor([3, 6]), tensor([ 3, 14]), tensor([ 4, 17]), tensor([ 4, 19]), tensor([ 8, 17])]
Mean loss in evaluation epoch: 0.40573862195014954, epochs needed: 300
Rejecting!

Generation 34
Mean loss in evaluation epoch: 0.3867124617099762, epochs needed: 300
------------------------- TRACKING ---------------------------
Matrix Hash: 0cd932d1212666b7, num_times_seen_before: 6
ACC: 0.9315789473684211
TPR/FPR: 0.9722222222222222, 0.07792207792207792
Loss: 0.3867124617099762
Timestamp: 103.72203312900001
---------------------------------------------------------------
[tensor([1, 4]), tensor([1, 9]), tensor([ 1, 10]), tensor([ 1, 15]), tensor([ 1, 19]), tensor([2, 6]), tensor([ 2, 19]), tensor([ 3, 14]), tensor([ 4, 13]), tensor([ 5, 14]), tensor([ 5, 18]), tensor([ 7, 10]), tensor([ 9, 12]), tensor([10, 12]), tensor([14, 15])]
Mean loss in evaluation epoch: 0.40895724296569824, epochs needed: 300
Rejecting!

Generation 35
Mean loss in evaluation epoch: 0.3906550705432892, epochs needed: 300
------------------------- TRACKING ---------------------------
Matrix Hash: 0cd932d1212666b7, num_times_seen_before: 7
ACC: 0.9315789473684211
TPR/FPR: 0.9722222222222222, 0.07792207792207792
Loss: 0.3906550705432892
Timestamp: 106.66175701700001
---------------------------------------------------------------
[tensor([1, 4]), tensor([ 1, 10]), tensor([ 1, 13]), tensor([ 1, 18]), tensor([ 1, 19]), tensor([2, 8]), tensor([ 3, 12]), tensor([4, 7]), tensor([ 4, 12]), tensor([ 4, 17]), tensor([ 4, 19]), tensor([ 8, 12]), tensor([11, 17]), tensor([13, 17]), tensor([13, 19])]
Mean loss in evaluation epoch: 0.4398634731769562, epochs needed: 300
Rejecting!

Generation 36
Mean loss in evaluation epoch: 0.39061012864112854, epochs needed: 300
------------------------- TRACKING ---------------------------
Matrix Hash: 0cd932d1212666b7, num_times_seen_before: 8
ACC: 0.9315789473684211
TPR/FPR: 0.9722222222222222, 0.07792207792207792
Loss: 0.39061012864112854
Timestamp: 109.66822390000004
---------------------------------------------------------------
[tensor([1, 4]), tensor([ 1, 10]), tensor([ 1, 13]), tensor([ 1, 15]), tensor([ 1, 19]), tensor([2, 6]), tensor([2, 9]), tensor([ 2, 13]), tensor([3, 5]), tensor([ 4, 19]), tensor([ 5, 18]), tensor([7, 8]), tensor([8, 9]), tensor([ 8, 12]), tensor([ 8, 17]), tensor([ 9, 17]), tensor([13, 18])]
Mean loss in evaluation epoch: 0.4266282916069031, epochs needed: 300
Rejecting!

Generation 37
Mean loss in evaluation epoch: 0.38817963004112244, epochs needed: 300
------------------------- TRACKING ---------------------------
Matrix Hash: 0cd932d1212666b7, num_times_seen_before: 9
ACC: 0.9315789473684211
TPR/FPR: 0.9722222222222222, 0.07792207792207792
Loss: 0.38817963004112244
Timestamp: 112.93318591400009
---------------------------------------------------------------
[tensor([ 1, 10]), tensor([ 1, 11]), tensor([ 1, 13]), tensor([ 2, 13]), tensor([ 2, 19]), tensor([ 4, 16]), tensor([ 4, 19]), tensor([ 5, 18]), tensor([7, 8]), tensor([10, 17])]
Mean loss in evaluation epoch: 0.4131084680557251, epochs needed: 300
Rejecting!

Generation 38
Mean loss in evaluation epoch: 0.39017441868782043, epochs needed: 300
------------------------- TRACKING ---------------------------
Matrix Hash: 0cd932d1212666b7, num_times_seen_before: 10
ACC: 0.9315789473684211
TPR/FPR: 0.9722222222222222, 0.07792207792207792
Loss: 0.39017441868782043
Timestamp: 116.57442275200003
---------------------------------------------------------------
[tensor([ 1, 10]), tensor([ 1, 13]), tensor([ 1, 15]), tensor([2, 6]), tensor([ 2, 13]), tensor([3, 5]), tensor([ 4, 12]), tensor([ 5, 18]), tensor([ 8, 13]), tensor([ 8, 17]), tensor([13, 18])]
Mean loss in evaluation epoch: 0.41243886947631836, epochs needed: 300
Rejecting!

Generation 39
Mean loss in evaluation epoch: 0.38851168751716614, epochs needed: 300
------------------------- TRACKING ---------------------------
Matrix Hash: 0cd932d1212666b7, num_times_seen_before: 11
ACC: 0.9315789473684211
TPR/FPR: 0.9722222222222222, 0.07792207792207792
Loss: 0.38851168751716614
Timestamp: 120.05972190700004
---------------------------------------------------------------
[tensor([0, 8]), tensor([ 1, 10]), tensor([ 1, 11]), tensor([ 1, 13]), tensor([ 1, 15]), tensor([2, 6]), tensor([ 4, 19]), tensor([ 5, 18]), tensor([ 8, 17]), tensor([ 9, 12]), tensor([10, 19]), tensor([13, 18]), tensor([14, 15]), tensor([16, 18])]
Mean loss in evaluation epoch: 0.40423300862312317, epochs needed: 300
Rejecting!

Generation 40
Mean loss in evaluation epoch: 0.388681024312973, epochs needed: 300
------------------------- TRACKING ---------------------------
Matrix Hash: 0cd932d1212666b7, num_times_seen_before: 12
ACC: 0.9315789473684211
TPR/FPR: 0.9722222222222222, 0.07792207792207792
Loss: 0.388681024312973
Timestamp: 123.31575007800006
---------------------------------------------------------------
[tensor([0, 3]), tensor([1, 4]), tensor([ 1, 10]), tensor([ 1, 13]), tensor([ 1, 15]), tensor([ 1, 19]), tensor([2, 4]), tensor([3, 6]), tensor([ 3, 14]), tensor([4, 5]), tensor([ 4, 19]), tensor([ 5, 14]), tensor([7, 8]), tensor([ 8, 17]), tensor([ 9, 17]), tensor([10, 13]), tensor([10, 18]), tensor([13, 17]), tensor([13, 18])]
Mean loss in evaluation epoch: 0.4275188148021698, epochs needed: 300
Rejecting!

Generation 41
Mean loss in evaluation epoch: 0.3884020447731018, epochs needed: 300
------------------------- TRACKING ---------------------------
Matrix Hash: 0cd932d1212666b7, num_times_seen_before: 13
ACC: 0.9315789473684211
TPR/FPR: 0.9722222222222222, 0.07792207792207792
Loss: 0.3884020447731018
Timestamp: 126.24194300400006
---------------------------------------------------------------
[tensor([1, 9]), tensor([ 1, 10]), tensor([ 1, 18]), tensor([2, 6]), tensor([ 2, 11]), tensor([ 2, 18]), tensor([ 3, 12]), tensor([ 4, 13]), tensor([ 4, 19]), tensor([ 5, 18]), tensor([ 7, 11]), tensor([ 8, 19]), tensor([ 9, 12]), tensor([10, 12]), tensor([10, 13]), tensor([10, 18]), tensor([10, 19]), tensor([14, 15])]
Mean loss in evaluation epoch: 0.4267982244491577, epochs needed: 300
Rejecting!

Generation 42
Mean loss in evaluation epoch: 0.38798776268959045, epochs needed: 300
------------------------- TRACKING ---------------------------
Matrix Hash: 0cd932d1212666b7, num_times_seen_before: 14
ACC: 0.9315789473684211
TPR/FPR: 0.9722222222222222, 0.07792207792207792
Loss: 0.38798776268959045
Timestamp: 129.19854772000008
---------------------------------------------------------------
[tensor([1, 9]), tensor([ 1, 10]), tensor([ 1, 11]), tensor([ 1, 13]), tensor([ 1, 15]), tensor([ 1, 19]), tensor([2, 6]), tensor([ 2, 19]), tensor([ 4, 19]), tensor([ 5, 18]), tensor([ 6, 16]), tensor([ 8, 17]), tensor([11, 17]), tensor([14, 17])]
Mean loss in evaluation epoch: 0.43562591075897217, epochs needed: 300
Rejecting!

Generation 43
Mean loss in evaluation epoch: 0.3900337517261505, epochs needed: 300
------------------------- TRACKING ---------------------------
Matrix Hash: 0cd932d1212666b7, num_times_seen_before: 15
ACC: 0.9315789473684211
TPR/FPR: 0.9722222222222222, 0.07792207792207792
Loss: 0.3900337517261505
Timestamp: 132.1995332350001
---------------------------------------------------------------
[tensor([ 1, 10]), tensor([ 3, 14]), tensor([ 3, 18]), tensor([ 4, 12]), tensor([ 4, 15]), tensor([ 4, 16]), tensor([ 4, 19]), tensor([ 5, 18]), tensor([6, 9]), tensor([8, 9]), tensor([ 9, 12]), tensor([10, 18]), tensor([13, 19]), tensor([14, 15]), tensor([14, 17])]
Mean loss in evaluation epoch: 0.40666016936302185, epochs needed: 300
Rejecting!

Generation 44
Mean loss in evaluation epoch: 0.38736051321029663, epochs needed: 300
------------------------- TRACKING ---------------------------
Matrix Hash: 0cd932d1212666b7, num_times_seen_before: 16
ACC: 0.9315789473684211
TPR/FPR: 0.9722222222222222, 0.07792207792207792
Loss: 0.38736051321029663
Timestamp: 135.18055883600005
---------------------------------------------------------------
[tensor([0, 3]), tensor([ 0, 14]), tensor([ 1, 10]), tensor([ 1, 19]), tensor([ 2, 13]), tensor([3, 6]), tensor([ 3, 14]), tensor([4, 5]), tensor([4, 7]), tensor([4, 9]), tensor([ 5, 18]), tensor([8, 9]), tensor([10, 19]), tensor([11, 16]), tensor([14, 15]), tensor([16, 18])]
Mean loss in evaluation epoch: 0.4135877788066864, epochs needed: 300
Rejecting!
------------------------- TRACKING ---------------------------
Matrix Hash: 0cd932d1212666b7, num_times_seen_before: 17
ACC: 0.9315789473684211
TPR/FPR: 0.9722222222222222, 0.07792207792207792
Loss: 0.38736051321029663
Timestamp: 136.67107360900002
---------------------------------------------------------------
Time needed: 138.15781722999998 sec
----------------- Final results across all experiments ---------------
accs: [0.9052631578947369, 0.9263157894736842, 0.9263157894736842, 0.9105263157894736, 0.9315789473684211]
tprs: [1.0, 1.0, 1.0, 1.0, 0.9722222222222222]
fprs: [0.11688311688311688, 0.09090909090909091, 0.09090909090909091, 0.11038961038961038, 0.07792207792207792]
mean acc: 0.9199999570846558
mean tpr: 0.9944444894790649
mean fpr: 0.09740259498357773
