../data/final/cml/timeseries_ba20_1k_3.5_restart.pickle
../data/final/edges_ba20.pickle
SEED: 0
NUM_DYN_EPOCHS: 200
DETECT_EARLY_CONVERGENCE: False
CONTINUATION: False
CONT_ADDRESS: /content/drive/MyDrive/BA_Code/hillclimbing_logs/annealing/first/2021-01-27T18_56_40.854852
USE_EVALEPOCH_FOR_GUIDED_MUTATION: False
NUM_GEN: 45
FORMAT: standard
num samples: 1000
NUM_TRAIN_SAMPLES: 1000
NUM_TRAIN_BATCHES: 10
NUM_TEST_SAMPLES: 1000
NUM_TEST_BATCHES: 10
BATCH_SIZE: 100
HIDDEN_SIZE: 128
NUM_DYN_EPOCHS: 200
IS_CONTINUOUS: True
USE_MAX: False
Mean loss in evaluation epoch: 0.05491319298744202, epochs needed: 200


 Tracking generation 0
------------------------- TRACKING ---------------------------
Matrix Hash: bcfde9534d3bfd59, num_times_seen_before: 0
ACC: 0.4789473684210527
TPR/FPR: 0.5833333333333334, 0.5454545454545454
Loss: 0.05491319298744202
Timestamp: 0
---------------------------------------------------------------
Candidate: 256d4a3a6aca97ec. Changes:43
Mean loss in evaluation epoch: 0.04799852892756462, epochs needed: 200
smaller, so accepting
Mean loss in evaluation epoch: 0.04866582900285721, epochs needed: 200


 Tracking generation 1
------------------------- TRACKING ---------------------------
Matrix Hash: 256d4a3a6aca97ec, num_times_seen_before: 0
ACC: 0.5157894736842106
TPR/FPR: 0.7777777777777778, 0.5454545454545454
Loss: 0.04866582900285721
Timestamp: 105.70092598999999
---------------------------------------------------------------
Candidate: 1a1cdd212d3dc46c. Changes:32
Mean loss in evaluation epoch: 0.04447312653064728, epochs needed: 200
smaller, so accepting
Mean loss in evaluation epoch: 0.04351873695850372, epochs needed: 200


 Tracking generation 2
------------------------- TRACKING ---------------------------
Matrix Hash: 1a1cdd212d3dc46c, num_times_seen_before: 0
ACC: 0.5473684210526315
TPR/FPR: 0.8888888888888888, 0.5324675324675324
Loss: 0.04351873695850372
Timestamp: 211.26741836399998
---------------------------------------------------------------
Candidate: 3049462b55aee8bd. Changes:38
Mean loss in evaluation epoch: 0.043149929493665695, epochs needed: 200
smaller, so accepting
Mean loss in evaluation epoch: 0.04004723206162453, epochs needed: 200


 Tracking generation 3
------------------------- TRACKING ---------------------------
Matrix Hash: 3049462b55aee8bd, num_times_seen_before: 0
ACC: 0.6736842105263158
TPR/FPR: 0.9444444444444444, 0.38961038961038963
Loss: 0.04004723206162453
Timestamp: 317.38674113999997
---------------------------------------------------------------
Candidate: b2a119b019ead8d0. Changes:28
Mean loss in evaluation epoch: 0.036490071564912796, epochs needed: 200
smaller, so accepting
Mean loss in evaluation epoch: 0.040527623146772385, epochs needed: 200


 Tracking generation 4
------------------------- TRACKING ---------------------------
Matrix Hash: b2a119b019ead8d0, num_times_seen_before: 0
ACC: 0.7473684210526316
TPR/FPR: 0.9722222222222222, 0.3051948051948052
Loss: 0.040527623146772385
Timestamp: 422.916570293
---------------------------------------------------------------
Candidate: 5d6f7d65f4a4c75d. Changes:43
Mean loss in evaluation epoch: 0.03839839622378349, epochs needed: 200
smaller, so accepting
Mean loss in evaluation epoch: 0.039300452917814255, epochs needed: 200


 Tracking generation 5
------------------------- TRACKING ---------------------------
Matrix Hash: 5d6f7d65f4a4c75d, num_times_seen_before: 0
ACC: 0.7
TPR/FPR: 0.8888888888888888, 0.34415584415584416
Loss: 0.039300452917814255
Timestamp: 528.469076594
---------------------------------------------------------------
Candidate: 50fa30418cee2007. Changes:26
Mean loss in evaluation epoch: 0.03550617769360542, epochs needed: 200
smaller, so accepting
Mean loss in evaluation epoch: 0.03460448607802391, epochs needed: 200


 Tracking generation 6
------------------------- TRACKING ---------------------------
Matrix Hash: 50fa30418cee2007, num_times_seen_before: 0
ACC: 0.7421052631578947
TPR/FPR: 1.0, 0.3181818181818182
Loss: 0.03460448607802391
Timestamp: 634.708350007
---------------------------------------------------------------
Candidate: 218f6dc027f94d3d. Changes:26
Mean loss in evaluation epoch: 0.03157252073287964, epochs needed: 200
smaller, so accepting
Mean loss in evaluation epoch: 0.030684320256114006, epochs needed: 200


 Tracking generation 7
------------------------- TRACKING ---------------------------
Matrix Hash: 218f6dc027f94d3d, num_times_seen_before: 0
ACC: 0.8473684210526315
TPR/FPR: 1.0, 0.18831168831168832
Loss: 0.030684320256114006
Timestamp: 740.776157976
---------------------------------------------------------------
Candidate: 7d6df0f6c15bdfe2. Changes:20
Mean loss in evaluation epoch: 0.031811296939849854, epochs needed: 200
will accept with prob tensor(0.8719)
rejecting.
Mean loss in evaluation epoch: 0.03021983616054058, epochs needed: 200


 Tracking generation 8
------------------------- TRACKING ---------------------------
Matrix Hash: 218f6dc027f94d3d, num_times_seen_before: 1
ACC: 0.8473684210526315
TPR/FPR: 1.0, 0.18831168831168832
Loss: 0.03021983616054058
Timestamp: 846.687795326
---------------------------------------------------------------
Candidate: af673f6df2c74855. Changes:14
Mean loss in evaluation epoch: 0.027480343356728554, epochs needed: 200
smaller, so accepting
Mean loss in evaluation epoch: 0.027197036892175674, epochs needed: 200


 Tracking generation 9
------------------------- TRACKING ---------------------------
Matrix Hash: af673f6df2c74855, num_times_seen_before: 0
ACC: 0.8894736842105263
TPR/FPR: 1.0, 0.13636363636363635
Loss: 0.027197036892175674
Timestamp: 952.438003654
---------------------------------------------------------------
Candidate: d87bf03c5112a56b. Changes:13
Mean loss in evaluation epoch: 0.030105052515864372, epochs needed: 200
will accept with prob tensor(0.6881)
accepting!
Mean loss in evaluation epoch: 0.030903464183211327, epochs needed: 200


 Tracking generation 10
------------------------- TRACKING ---------------------------
Matrix Hash: d87bf03c5112a56b, num_times_seen_before: 0
ACC: 0.8631578947368421
TPR/FPR: 1.0, 0.16883116883116883
Loss: 0.030903464183211327
Timestamp: 1058.20887068
---------------------------------------------------------------
Candidate: c5a614a0d955618f. Changes:15
Mean loss in evaluation epoch: 0.024552106857299805, epochs needed: 200
smaller, so accepting
Mean loss in evaluation epoch: 0.024363338947296143, epochs needed: 200


 Tracking generation 11
------------------------- TRACKING ---------------------------
Matrix Hash: c5a614a0d955618f, num_times_seen_before: 0
ACC: 0.9105263157894736
TPR/FPR: 1.0, 0.11038961038961038
Loss: 0.024363338947296143
Timestamp: 1164.207393466
---------------------------------------------------------------
Candidate: 6017f0a8ee064e7f. Changes:16
Mean loss in evaluation epoch: 0.023396572098135948, epochs needed: 200
smaller, so accepting
Mean loss in evaluation epoch: 0.024037355557084084, epochs needed: 200


 Tracking generation 12
------------------------- TRACKING ---------------------------
Matrix Hash: 6017f0a8ee064e7f, num_times_seen_before: 0
ACC: 0.9
TPR/FPR: 0.9722222222222222, 0.11688311688311688
Loss: 0.024037355557084084
Timestamp: 1269.791688322
---------------------------------------------------------------
Candidate: 7c75ece5d0b67b78. Changes:31
Mean loss in evaluation epoch: 0.03416738286614418, epochs needed: 200
will accept with prob tensor(0.2406)
rejecting.
Mean loss in evaluation epoch: 0.024339770898222923, epochs needed: 200


 Tracking generation 13
------------------------- TRACKING ---------------------------
Matrix Hash: 6017f0a8ee064e7f, num_times_seen_before: 1
ACC: 0.9
TPR/FPR: 0.9722222222222222, 0.11688311688311688
Loss: 0.024339770898222923
Timestamp: 1375.3902739970001
---------------------------------------------------------------
Candidate: a2dfa1f689e7b24a. Changes:18
Mean loss in evaluation epoch: 0.025366663932800293, epochs needed: 200
will accept with prob tensor(0.8615)
accepting!
Mean loss in evaluation epoch: 0.026105141267180443, epochs needed: 200


 Tracking generation 14
------------------------- TRACKING ---------------------------
Matrix Hash: a2dfa1f689e7b24a, num_times_seen_before: 0
ACC: 0.9105263157894736
TPR/FPR: 1.0, 0.11038961038961038
Loss: 0.026105141267180443
Timestamp: 1480.98154638
---------------------------------------------------------------
Candidate: 7a20e7b519307f31. Changes:17
Mean loss in evaluation epoch: 0.028317004442214966, epochs needed: 200
will accept with prob tensor(0.7176)
accepting!
Mean loss in evaluation epoch: 0.028426600620150566, epochs needed: 200


 Tracking generation 15
------------------------- TRACKING ---------------------------
Matrix Hash: 7a20e7b519307f31, num_times_seen_before: 0
ACC: 0.8947368421052632
TPR/FPR: 0.9722222222222222, 0.12337662337662338
Loss: 0.028426600620150566
Timestamp: 1586.541769312
---------------------------------------------------------------
Candidate: 5450a4ddc8ab72a9. Changes:16
Mean loss in evaluation epoch: 0.02827315405011177, epochs needed: 200
smaller, so accepting
Mean loss in evaluation epoch: 0.02831430546939373, epochs needed: 200


 Tracking generation 16
------------------------- TRACKING ---------------------------
Matrix Hash: 5450a4ddc8ab72a9, num_times_seen_before: 0
ACC: 0.8842105263157894
TPR/FPR: 1.0, 0.14285714285714285
Loss: 0.02831430546939373
Timestamp: 1692.1081600290001
---------------------------------------------------------------
Candidate: b1337a8558b06494. Changes:25
Mean loss in evaluation epoch: 0.034006085246801376, epochs needed: 200
will accept with prob tensor(0.4006)
accepting!
Mean loss in evaluation epoch: 0.03302899748086929, epochs needed: 200


 Tracking generation 17
------------------------- TRACKING ---------------------------
Matrix Hash: b1337a8558b06494, num_times_seen_before: 0
ACC: 0.8368421052631578
TPR/FPR: 0.9722222222222222, 0.19480519480519481
Loss: 0.03302899748086929
Timestamp: 1798.239007292
---------------------------------------------------------------
Candidate: a96344b251c3252d. Changes:16
Mean loss in evaluation epoch: 0.03324360400438309, epochs needed: 200
will accept with prob tensor(0.9649)
accepting!
Mean loss in evaluation epoch: 0.03291705250740051, epochs needed: 200


 Tracking generation 18
------------------------- TRACKING ---------------------------
Matrix Hash: a96344b251c3252d, num_times_seen_before: 0
ACC: 0.8157894736842105
TPR/FPR: 1.0, 0.22727272727272727
Loss: 0.03291705250740051
Timestamp: 1904.25405081
---------------------------------------------------------------
Candidate: 7814305cf9719ad5. Changes:20
Mean loss in evaluation epoch: 0.02218789793550968, epochs needed: 200
smaller, so accepting
Mean loss in evaluation epoch: 0.023034842684864998, epochs needed: 200


 Tracking generation 19
------------------------- TRACKING ---------------------------
Matrix Hash: 7814305cf9719ad5, num_times_seen_before: 0
ACC: 0.9
TPR/FPR: 1.0, 0.12337662337662338
Loss: 0.023034842684864998
Timestamp: 2010.327325754
---------------------------------------------------------------
Candidate: 425da572fa0edee4. Changes:16
Mean loss in evaluation epoch: 0.03296947479248047, epochs needed: 200
will accept with prob tensor(0.1673)
rejecting.
Mean loss in evaluation epoch: 0.02260557934641838, epochs needed: 200


 Tracking generation 20
------------------------- TRACKING ---------------------------
Matrix Hash: 7814305cf9719ad5, num_times_seen_before: 1
ACC: 0.9
TPR/FPR: 1.0, 0.12337662337662338
Loss: 0.02260557934641838
Timestamp: 2116.1017073450002
---------------------------------------------------------------
Candidate: 9ac7f75f9918932b. Changes:25
Mean loss in evaluation epoch: 0.031675416976213455, epochs needed: 200
will accept with prob tensor(0.1826)
rejecting.
Mean loss in evaluation epoch: 0.02516547404229641, epochs needed: 200


 Tracking generation 21
------------------------- TRACKING ---------------------------
Matrix Hash: 7814305cf9719ad5, num_times_seen_before: 2
ACC: 0.9
TPR/FPR: 1.0, 0.12337662337662338
Loss: 0.02516547404229641
Timestamp: 2221.638915152
---------------------------------------------------------------
Candidate: 3b6cb9e5aef1e948. Changes:22
Mean loss in evaluation epoch: 0.03341187909245491, epochs needed: 200
will accept with prob tensor(0.1992)
rejecting.
Mean loss in evaluation epoch: 0.02221578359603882, epochs needed: 200


 Tracking generation 22
------------------------- TRACKING ---------------------------
Matrix Hash: 7814305cf9719ad5, num_times_seen_before: 3
ACC: 0.9
TPR/FPR: 1.0, 0.12337662337662338
Loss: 0.02221578359603882
Timestamp: 2327.27019792
---------------------------------------------------------------
Candidate: be9a9e62141d7050. Changes:20
Mean loss in evaluation epoch: 0.03031947650015354, epochs needed: 200
will accept with prob tensor(0.1906)
rejecting.
Mean loss in evaluation epoch: 0.02264712192118168, epochs needed: 200


 Tracking generation 23
------------------------- TRACKING ---------------------------
Matrix Hash: 7814305cf9719ad5, num_times_seen_before: 4
ACC: 0.9
TPR/FPR: 1.0, 0.12337662337662338
Loss: 0.02264712192118168
Timestamp: 2432.9655223160003
---------------------------------------------------------------
Candidate: be2d61c476212606. Changes:29
Mean loss in evaluation epoch: 0.03603005409240723, epochs needed: 200
will accept with prob tensor(0.0568)
rejecting.
Mean loss in evaluation epoch: 0.024013593792915344, epochs needed: 200


 Tracking generation 24
------------------------- TRACKING ---------------------------
Matrix Hash: 7814305cf9719ad5, num_times_seen_before: 5
ACC: 0.9
TPR/FPR: 1.0, 0.12337662337662338
Loss: 0.024013593792915344
Timestamp: 2538.598187273
---------------------------------------------------------------
Candidate: dcf1d4c650c759bb. Changes:25
Mean loss in evaluation epoch: 0.03258034214377403, epochs needed: 200
will accept with prob tensor(0.1455)
rejecting.
Mean loss in evaluation epoch: 0.02319054864346981, epochs needed: 200


 Tracking generation 25
------------------------- TRACKING ---------------------------
Matrix Hash: 7814305cf9719ad5, num_times_seen_before: 6
ACC: 0.9
TPR/FPR: 1.0, 0.12337662337662338
Loss: 0.02319054864346981
Timestamp: 2644.075467337
---------------------------------------------------------------
Candidate: b77694188e57bede. Changes:18
Mean loss in evaluation epoch: 0.0308393482118845, epochs needed: 200
will accept with prob tensor(0.1634)
rejecting.
Mean loss in evaluation epoch: 0.022830042988061905, epochs needed: 200


 Tracking generation 26
------------------------- TRACKING ---------------------------
Matrix Hash: 7814305cf9719ad5, num_times_seen_before: 7
ACC: 0.9
TPR/FPR: 1.0, 0.12337662337662338
Loss: 0.022830042988061905
Timestamp: 2749.784454097
---------------------------------------------------------------
Candidate: a412baa3802e92a9. Changes:17
Mean loss in evaluation epoch: 0.029277456924319267, epochs needed: 200
will accept with prob tensor(0.1995)
rejecting.
Mean loss in evaluation epoch: 0.02180267684161663, epochs needed: 200


 Tracking generation 27
------------------------- TRACKING ---------------------------
Matrix Hash: 7814305cf9719ad5, num_times_seen_before: 8
ACC: 0.9
TPR/FPR: 1.0, 0.12337662337662338
Loss: 0.02180267684161663
Timestamp: 2856.110491776
---------------------------------------------------------------
Candidate: a2fe60b06c9b0e63. Changes:18
Mean loss in evaluation epoch: 0.026725608855485916, epochs needed: 200
will accept with prob tensor(0.2717)
rejecting.
Mean loss in evaluation epoch: 0.02254883199930191, epochs needed: 200


 Tracking generation 28
------------------------- TRACKING ---------------------------
Matrix Hash: 7814305cf9719ad5, num_times_seen_before: 9
ACC: 0.9
TPR/FPR: 1.0, 0.12337662337662338
Loss: 0.02254883199930191
Timestamp: 2962.387760296
---------------------------------------------------------------
Candidate: 6b6ff20308dbe9ac. Changes:21
Mean loss in evaluation epoch: 0.028252778574824333, epochs needed: 200
will accept with prob tensor(0.2010)
rejecting.
Mean loss in evaluation epoch: 0.022381961345672607, epochs needed: 200


 Tracking generation 29
------------------------- TRACKING ---------------------------
Matrix Hash: 7814305cf9719ad5, num_times_seen_before: 10
ACC: 0.9
TPR/FPR: 1.0, 0.12337662337662338
Loss: 0.022381961345672607
Timestamp: 3068.100679315
---------------------------------------------------------------
Candidate: 4fecbdb8ae30e002. Changes:16
Mean loss in evaluation epoch: 0.030431224033236504, epochs needed: 200
will accept with prob tensor(0.0894)
rejecting.
Mean loss in evaluation epoch: 0.022288380190730095, epochs needed: 200


 Tracking generation 30
------------------------- TRACKING ---------------------------
Matrix Hash: 7814305cf9719ad5, num_times_seen_before: 11
ACC: 0.9
TPR/FPR: 1.0, 0.12337662337662338
Loss: 0.022288380190730095
Timestamp: 3174.3376341890003
---------------------------------------------------------------
Candidate: bade29b2c18033f6. Changes:23
Mean loss in evaluation epoch: 0.031256839632987976, epochs needed: 200
will accept with prob tensor(0.0560)
rejecting.
Mean loss in evaluation epoch: 0.022190658375620842, epochs needed: 200


 Tracking generation 31
------------------------- TRACKING ---------------------------
Matrix Hash: 7814305cf9719ad5, num_times_seen_before: 12
ACC: 0.9
TPR/FPR: 1.0, 0.12337662337662338
Loss: 0.022190658375620842
Timestamp: 3279.964116741
---------------------------------------------------------------
Candidate: bad1110db9faadba. Changes:27
Mean loss in evaluation epoch: 0.034058649092912674, epochs needed: 200
will accept with prob tensor(0.0164)
rejecting.
Mean loss in evaluation epoch: 0.02283792570233345, epochs needed: 200


 Tracking generation 32
------------------------- TRACKING ---------------------------
Matrix Hash: 7814305cf9719ad5, num_times_seen_before: 13
ACC: 0.9
TPR/FPR: 1.0, 0.12337662337662338
Loss: 0.02283792570233345
Timestamp: 3386.054539666
---------------------------------------------------------------
Candidate: f8183f54d27b28e0. Changes:26
Mean loss in evaluation epoch: 0.03138383850455284, epochs needed: 200
will accept with prob tensor(0.0406)
rejecting.
Mean loss in evaluation epoch: 0.02265883795917034, epochs needed: 200


 Tracking generation 33
------------------------- TRACKING ---------------------------
Matrix Hash: 7814305cf9719ad5, num_times_seen_before: 14
ACC: 0.9
TPR/FPR: 1.0, 0.12337662337662338
Loss: 0.02265883795917034
Timestamp: 3491.571420963
---------------------------------------------------------------
Candidate: eca2925462f119d2. Changes:29
Mean loss in evaluation epoch: 0.03214661404490471, epochs needed: 200
will accept with prob tensor(0.0206)
rejecting.
Mean loss in evaluation epoch: 0.023151813074946404, epochs needed: 200


 Tracking generation 34
------------------------- TRACKING ---------------------------
Matrix Hash: 7814305cf9719ad5, num_times_seen_before: 15
ACC: 0.9
TPR/FPR: 1.0, 0.12337662337662338
Loss: 0.023151813074946404
Timestamp: 3597.294714703
---------------------------------------------------------------
Candidate: e6819a91673a7390. Changes:17
Mean loss in evaluation epoch: 0.028904566541314125, epochs needed: 200
will accept with prob tensor(0.0751)
rejecting.
Mean loss in evaluation epoch: 0.02303636446595192, epochs needed: 200


 Tracking generation 35
------------------------- TRACKING ---------------------------
Matrix Hash: 7814305cf9719ad5, num_times_seen_before: 16
ACC: 0.9
TPR/FPR: 1.0, 0.12337662337662338
Loss: 0.02303636446595192
Timestamp: 3702.795067
---------------------------------------------------------------
Candidate: ba9bc7493394485f. Changes:12
Mean loss in evaluation epoch: 0.027450531721115112, epochs needed: 200
will accept with prob tensor(0.1100)
accepting!
Mean loss in evaluation epoch: 0.02647664211690426, epochs needed: 200


 Tracking generation 36
------------------------- TRACKING ---------------------------
Matrix Hash: ba9bc7493394485f, num_times_seen_before: 0
ACC: 0.9105263157894736
TPR/FPR: 0.9722222222222222, 0.1038961038961039
Loss: 0.02647664211690426
Timestamp: 3808.35251378
---------------------------------------------------------------
Candidate: 63a97a446c692566. Changes:14
Mean loss in evaluation epoch: 0.026989230886101723, epochs needed: 200
will accept with prob tensor(0.7495)
accepting!
Mean loss in evaluation epoch: 0.029195522889494896, epochs needed: 200


 Tracking generation 37
------------------------- TRACKING ---------------------------
Matrix Hash: 63a97a446c692566, num_times_seen_before: 0
ACC: 0.8789473684210526
TPR/FPR: 1.0, 0.14935064935064934
Loss: 0.029195522889494896
Timestamp: 3913.871464317
---------------------------------------------------------------
Candidate: ab737462f50d7e9d. Changes:22
Mean loss in evaluation epoch: 0.037811778485774994, epochs needed: 200
will accept with prob tensor(0.0039)
rejecting.
Mean loss in evaluation epoch: 0.02849235199391842, epochs needed: 200


 Tracking generation 38
------------------------- TRACKING ---------------------------
Matrix Hash: 63a97a446c692566, num_times_seen_before: 1
ACC: 0.8789473684210526
TPR/FPR: 1.0, 0.14935064935064934
Loss: 0.02849235199391842
Timestamp: 4019.376048011
---------------------------------------------------------------
Candidate: 4fedea4f07e21a00. Changes:22
Mean loss in evaluation epoch: 0.03581998869776726, epochs needed: 200
will accept with prob tensor(0.0041)
rejecting.
Mean loss in evaluation epoch: 0.027336467057466507, epochs needed: 200


 Tracking generation 39
------------------------- TRACKING ---------------------------
Matrix Hash: 63a97a446c692566, num_times_seen_before: 2
ACC: 0.8789473684210526
TPR/FPR: 1.0, 0.14935064935064934
Loss: 0.027336467057466507
Timestamp: 4124.7217561219995
---------------------------------------------------------------
Candidate: 9582c610731aa69d. Changes:23
Mean loss in evaluation epoch: 0.03276074677705765, epochs needed: 200
will accept with prob tensor(0.0076)
rejecting.
Mean loss in evaluation epoch: 0.027924949303269386, epochs needed: 200


 Tracking generation 40
------------------------- TRACKING ---------------------------
Matrix Hash: 63a97a446c692566, num_times_seen_before: 3
ACC: 0.8789473684210526
TPR/FPR: 1.0, 0.14935064935064934
Loss: 0.027924949303269386
Timestamp: 4230.182889158
---------------------------------------------------------------
Candidate: 0a5408252b332328. Changes:21
Mean loss in evaluation epoch: 0.03259601816534996, epochs needed: 200
will accept with prob tensor(0.0052)
rejecting.
Mean loss in evaluation epoch: 0.02696516551077366, epochs needed: 200


 Tracking generation 41
------------------------- TRACKING ---------------------------
Matrix Hash: 63a97a446c692566, num_times_seen_before: 4
ACC: 0.8789473684210526
TPR/FPR: 1.0, 0.14935064935064934
Loss: 0.02696516551077366
Timestamp: 4335.5919871569995
---------------------------------------------------------------
Candidate: 0ae6823a9a0d879d. Changes:19
Mean loss in evaluation epoch: 0.031875159591436386, epochs needed: 200
will accept with prob tensor(0.0006)
rejecting.
Mean loss in evaluation epoch: 0.028162887319922447, epochs needed: 200


 Tracking generation 42
------------------------- TRACKING ---------------------------
Matrix Hash: 63a97a446c692566, num_times_seen_before: 5
ACC: 0.8789473684210526
TPR/FPR: 1.0, 0.14935064935064934
Loss: 0.028162887319922447
Timestamp: 4441.046467526
---------------------------------------------------------------
Candidate: 5ebfcb81c1d5653e. Changes:21
Mean loss in evaluation epoch: 0.03219512850046158, epochs needed: 200
will accept with prob tensor(0.0001)
rejecting.
Mean loss in evaluation epoch: 0.027337705716490746, epochs needed: 200


 Tracking generation 43
------------------------- TRACKING ---------------------------
Matrix Hash: 63a97a446c692566, num_times_seen_before: 6
ACC: 0.8789473684210526
TPR/FPR: 1.0, 0.14935064935064934
Loss: 0.027337705716490746
Timestamp: 4546.475595547
---------------------------------------------------------------
Candidate: 818187e3128286dc. Changes:19
Mean loss in evaluation epoch: 0.0329054556787014, epochs needed: 200
will accept with prob tensor(1.3146e-11)
rejecting.
Mean loss in evaluation epoch: 0.028513938188552856, epochs needed: 200


 Tracking generation 44
------------------------- TRACKING ---------------------------
Matrix Hash: 63a97a446c692566, num_times_seen_before: 7
ACC: 0.8789473684210526
TPR/FPR: 1.0, 0.14935064935064934
Loss: 0.028513938188552856
Timestamp: 4652.288081901
---------------------------------------------------------------
Candidate: 1bb0e9b965761fad. Changes:27
Mean loss in evaluation epoch: 0.035982780158519745, epochs needed: 200
will accept with prob tensor(0.)
rejecting.
------------------------- TRACKING ---------------------------
Matrix Hash: 63a97a446c692566, num_times_seen_before: 8
ACC: 0.8789473684210526
TPR/FPR: 1.0, 0.14935064935064934
Loss: 0.028513938188552856
Timestamp: 4705.100041571
---------------------------------------------------------------
Time needed: 4760.398088018 sec
