num samples: 5000
NUM_TRAIN_SAMPLES: 4999
NUM_TRAIN_BATCHES: 50
NUM_TEST_SAMPLES: 4999
NUM_TEST_BATCHES: 50
BATCH_SIZE: 100
HIDDEN_SIZE: 128
NUM_DYN_EPOCHS: 20
IS_CONTINUOUS: False
USE_MAX: False
../data/final/netrd/SIS/timeseries_ba20_5k_0.1.pickle
../data/final/edges_ba20.pickle
CONTINUATION: False
CONT_ADDRESS: D:\Uni\BA\ColabOutputs\ba20\2020-12-10T22_50_22.113418
SEED: 1
NUM_DYN_EPOCHS: 20
NUM_DYN_EPOCHS_INIT: 20
DETECT_EARLY_CONVERGENCE: False
RESET_DYN_LEARNER_EVERY_NTH_GEN: 1
POP_SIZE: 8
NEWPOP_SIZE: 16
NUM_GEN: 20
USE_NODEWISE_EVALUATION: False
USE_EVALEPOCH_FOR_GUIDED_MUTATION: False
USE_DETERMINISTIC_EVAL: True
--------------------- Start training ------------------------
evaluating individudal 0 - ec0cb6f2b6de5684. Mean loss in evaluation epoch: 0.3250389099121094, epochs needed: 20
evaluating individudal 1 - 4617b855c886cb0d. Mean loss in evaluation epoch: 0.323464572429657, epochs needed: 20
evaluating individudal 2 - b3f81cdfb4d310e1. Mean loss in evaluation epoch: 0.3249223530292511, epochs needed: 20
evaluating individudal 3 - c55bc97fcfd566e1. Mean loss in evaluation epoch: 0.3240266442298889, epochs needed: 20
evaluating individudal 4 - 758b3e1c1a6c3144. Mean loss in evaluation epoch: 0.3242739737033844, epochs needed: 20
evaluating individudal 5 - 1f9116c926cd5559. Mean loss in evaluation epoch: 0.3243761360645294, epochs needed: 20
evaluating individudal 6 - 86e327137d35d6f6. Mean loss in evaluation epoch: 0.32531076669692993, epochs needed: 20
evaluating individudal 7 - c057834551ec1ce5. Mean loss in evaluation epoch: 0.3252798318862915, epochs needed: 20
Round 0 done. -----------------------------------------
------------------------- TRACKING ---------------------------
Matrix Hash: 4617b855c886cb0d, num_times_seen_before: 0
ACC: 0.4894736842105263
TPR/FPR: 0.5277777777777778, 0.5194805194805194
Loss: 0.323464572429657
Timestamp: 0
---------------------------------------------------------------
evaluating individudal 0 - ab6382e452083869. Mean loss in evaluation epoch: 0.32146498560905457, epochs needed: 20
evaluating individudal 1 - 3276571155316c58. Mean loss in evaluation epoch: 0.32252058386802673, epochs needed: 20
evaluating individudal 2 - d88095b9eaddc890. Mean loss in evaluation epoch: 0.32286909222602844, epochs needed: 20
evaluating individudal 3 - 3b0ec1b9f7e5ceef. Mean loss in evaluation epoch: 0.31884729862213135, epochs needed: 20
evaluating individudal 4 - c0a47e44e580e8c9. Mean loss in evaluation epoch: 0.32133036851882935, epochs needed: 20
evaluating individudal 5 - f7e7ccbe0af0ef24. Mean loss in evaluation epoch: 0.3197309076786041, epochs needed: 20
evaluating individudal 6 - 6a6536e27fd658a9. Mean loss in evaluation epoch: 0.3212610185146332, epochs needed: 20
evaluating individudal 7 - c1986f5882b26a30. Mean loss in evaluation epoch: 0.3223629295825958, epochs needed: 20
evaluating individudal 8 - 612a1c50e25aa2f3. Mean loss in evaluation epoch: 0.3224910795688629, epochs needed: 20
evaluating individudal 9 - 5ba40918c143bdf5. Mean loss in evaluation epoch: 0.32085657119750977, epochs needed: 20
evaluating individudal 10 - 6bd227c8cad424d8. Mean loss in evaluation epoch: 0.31922072172164917, epochs needed: 20
evaluating individudal 11 - 741c675248902a84. Mean loss in evaluation epoch: 0.3201497495174408, epochs needed: 20
evaluating individudal 12 - 11b075600a1b8869. Mean loss in evaluation epoch: 0.32036346197128296, epochs needed: 20
evaluating individudal 13 - 4bc97e0c082b6e6e. Mean loss in evaluation epoch: 0.3216564953327179, epochs needed: 20
evaluating individudal 14 - 57b5f2b22dabeeb0. Mean loss in evaluation epoch: 0.33020004630088806, epochs needed: 20
evaluating individudal 15 - 4189fc8bd0b6d4b5. Mean loss in evaluation epoch: 0.31946608424186707, epochs needed: 20
Round 1 done. -----------------------------------------
------------------------- TRACKING ---------------------------
Matrix Hash: 3b0ec1b9f7e5ceef, num_times_seen_before: 0
ACC: 0.4421052631578948
TPR/FPR: 0.3333333333333333, 0.5324675324675324
Loss: 0.31884729862213135
Timestamp: 84.600645033
---------------------------------------------------------------
evaluating individudal 0 - c27ff40ff6069ad2. Mean loss in evaluation epoch: 0.3210250735282898, epochs needed: 20
evaluating individudal 1 - 5dcdeed3d20fe3c2. Mean loss in evaluation epoch: 0.32288658618927, epochs needed: 20
evaluating individudal 2 - 8f6e51650e615e8c. Mean loss in evaluation epoch: 0.31913068890571594, epochs needed: 20
evaluating individudal 3 - ae817a17f66cd8db. Mean loss in evaluation epoch: 0.3221066892147064, epochs needed: 20
evaluating individudal 4 - d9032e914e543a65. Mean loss in evaluation epoch: 0.32016125321388245, epochs needed: 20
evaluating individudal 5 - fb808d6a2bf273c7. Mean loss in evaluation epoch: 0.32114946842193604, epochs needed: 20
evaluating individudal 6 - 622802c123e95841. Mean loss in evaluation epoch: 0.3197607100009918, epochs needed: 20
evaluating individudal 7 - 137993229617a6ef. Mean loss in evaluation epoch: 0.32340309023857117, epochs needed: 20
evaluating individudal 8 - dfff04152f8598f1. Mean loss in evaluation epoch: 0.32060888409614563, epochs needed: 20
evaluating individudal 9 - 6c98dddec3077de2. Mean loss in evaluation epoch: 0.32197532057762146, epochs needed: 20
evaluating individudal 10 - 00b622e4a435c0fa. Mean loss in evaluation epoch: 0.3187735378742218, epochs needed: 20
evaluating individudal 11 - f6df11ba9bed2d94. Mean loss in evaluation epoch: 0.31902962923049927, epochs needed: 20
evaluating individudal 12 - a46894ee059dfcfb. Mean loss in evaluation epoch: 0.3229166865348816, epochs needed: 20
evaluating individudal 13 - 2a59f25c65d5e512. Mean loss in evaluation epoch: 0.3202430009841919, epochs needed: 20
evaluating individudal 14 - 030c51599bfe4966. Mean loss in evaluation epoch: 0.320390909910202, epochs needed: 20
evaluating individudal 15 - 3d5b23e21644978c. Mean loss in evaluation epoch: 0.3186415731906891, epochs needed: 20
Round 2 done. -----------------------------------------
------------------------- TRACKING ---------------------------
Matrix Hash: 3d5b23e21644978c, num_times_seen_before: 0
ACC: 0.5947368421052632
TPR/FPR: 0.7777777777777778, 0.44805194805194803
Loss: 0.3186415731906891
Timestamp: 166.71909400799998
---------------------------------------------------------------
S_GRAD IS ALL NEGATIVE!
S_GRAD IS ALL NEGATIVE!
S_GRAD IS ALL NEGATIVE!
S_GRAD IS ALL NEGATIVE!
S_GRAD IS ALL NEGATIVE!
S_GRAD IS ALL NEGATIVE!
S_GRAD IS ALL NEGATIVE!
evaluating individudal 0 - 4189fc8bd0b6d4b5. Mean loss in evaluation epoch: 0.3194660544395447, epochs needed: 20
evaluating individudal 1 - 3b0ec1b9f7e5ceef. Mean loss in evaluation epoch: 0.31884729862213135, epochs needed: 20
evaluating individudal 2 - 3b0ec1b9f7e5ceef. Mean loss in evaluation epoch: 0.31884729862213135, epochs needed: 20
evaluating individudal 3 - 21d1638aafca30be. Mean loss in evaluation epoch: 0.31935828924179077, epochs needed: 20
evaluating individudal 4 - f7e7ccbe0af0ef24. Mean loss in evaluation epoch: 0.3197309076786041, epochs needed: 20
evaluating individudal 5 - a1e1481343f5fd0a. Mean loss in evaluation epoch: 0.31944137811660767, epochs needed: 20
evaluating individudal 6 - 2337652e6a387b94. Mean loss in evaluation epoch: 0.31946617364883423, epochs needed: 20
evaluating individudal 7 - 00d03c69b26c9369. Mean loss in evaluation epoch: 0.3188878893852234, epochs needed: 20
evaluating individudal 8 - a5f0128e766015c2. Mean loss in evaluation epoch: 0.31773364543914795, epochs needed: 20
evaluating individudal 9 - 3b0ec1b9f7e5ceef. Mean loss in evaluation epoch: 0.31884729862213135, epochs needed: 20
evaluating individudal 10 - df36b15f6c5c9b50. Mean loss in evaluation epoch: 0.3184339702129364, epochs needed: 20
evaluating individudal 11 - 9b6b6727fa900707. Mean loss in evaluation epoch: 0.3184792697429657, epochs needed: 20
evaluating individudal 12 - 4189fc8bd0b6d4b5. Mean loss in evaluation epoch: 0.3194660544395447, epochs needed: 20
evaluating individudal 13 - 427b342b819b1cba. Mean loss in evaluation epoch: 0.31816500425338745, epochs needed: 20
evaluating individudal 14 - 3b3bfa718f71786c. Mean loss in evaluation epoch: 0.3189205229282379, epochs needed: 20
evaluating individudal 15 - f7e7ccbe0af0ef24. Mean loss in evaluation epoch: 0.3197309076786041, epochs needed: 20
Round 3 done. -----------------------------------------
------------------------- TRACKING ---------------------------
Matrix Hash: a5f0128e766015c2, num_times_seen_before: 0
ACC: 0.6368421052631579
TPR/FPR: 0.8611111111111112, 0.4155844155844156
Loss: 0.31773364543914795
Timestamp: 251.61504866099997
---------------------------------------------------------------
S_GRAD IS ALL NEGATIVE!
S_GRAD IS ALL NEGATIVE!
evaluating individudal 0 - 23a55e9d7d2d9389. Mean loss in evaluation epoch: 0.31720489263534546, epochs needed: 20
evaluating individudal 1 - 3d5b23e21644978c. Mean loss in evaluation epoch: 0.3186415731906891, epochs needed: 20
evaluating individudal 2 - 36b520217d7c089f. Mean loss in evaluation epoch: 0.3183935880661011, epochs needed: 20
evaluating individudal 3 - ed558509df9a3ef3. Mean loss in evaluation epoch: 0.31944265961647034, epochs needed: 20
evaluating individudal 4 - c94f73a8faae081e. Mean loss in evaluation epoch: 0.3204604685306549, epochs needed: 20
evaluating individudal 5 - 00b622e4a435c0fa. Mean loss in evaluation epoch: 0.3187735378742218, epochs needed: 20
evaluating individudal 6 - fdee85a07eea5961. Mean loss in evaluation epoch: 0.31852057576179504, epochs needed: 20
evaluating individudal 7 - 2d40719d1ad63331. Mean loss in evaluation epoch: 0.31984129548072815, epochs needed: 20
evaluating individudal 8 - 65be1c95e0163296. Mean loss in evaluation epoch: 0.3198370337486267, epochs needed: 20
evaluating individudal 9 - 795e1b31b738a2d7. Mean loss in evaluation epoch: 0.32065412402153015, epochs needed: 20
evaluating individudal 10 - 565d95aaae2fe179. Mean loss in evaluation epoch: 0.3197149634361267, epochs needed: 20
evaluating individudal 11 - c010abec567fd748. Mean loss in evaluation epoch: 0.32097870111465454, epochs needed: 20
evaluating individudal 12 - a1f6577faeb12810. Mean loss in evaluation epoch: 0.31917160749435425, epochs needed: 20
evaluating individudal 13 - 02d3e2c264dd9630. Mean loss in evaluation epoch: 0.31924158334732056, epochs needed: 20
evaluating individudal 14 - 62281b91fc2ae6e7. Mean loss in evaluation epoch: 0.32086145877838135, epochs needed: 20
evaluating individudal 15 - a1eeafead1657eaf. Mean loss in evaluation epoch: 0.32130786776542664, epochs needed: 20
Round 4 done. -----------------------------------------
------------------------- TRACKING ---------------------------
Matrix Hash: 23a55e9d7d2d9389, num_times_seen_before: 0
ACC: 0.6473684210526316
TPR/FPR: 0.7777777777777778, 0.38311688311688313
Loss: 0.31720489263534546
Timestamp: 336.493364668
---------------------------------------------------------------
S_GRAD IS ALL NEGATIVE!
S_GRAD IS ALL NEGATIVE!
S_GRAD IS ALL NEGATIVE!
S_GRAD IS ALL NEGATIVE!
S_GRAD IS ALL NEGATIVE!
S_GRAD IS ALL NEGATIVE!
S_GRAD IS ALL NEGATIVE!
S_GRAD IS ALL NEGATIVE!
evaluating individudal 0 - 349a7d23b5794140. Mean loss in evaluation epoch: 0.3170727491378784, epochs needed: 20
evaluating individudal 1 - 9b6b6727fa900707. Mean loss in evaluation epoch: 0.3184792697429657, epochs needed: 20
evaluating individudal 2 - b28f2ff8486e7424. Mean loss in evaluation epoch: 0.31868329644203186, epochs needed: 20
evaluating individudal 3 - d7d0b96da8f33a18. Mean loss in evaluation epoch: 0.3182623088359833, epochs needed: 20
evaluating individudal 4 - 9210fe3a881e8e31. Mean loss in evaluation epoch: 0.3218122720718384, epochs needed: 20
evaluating individudal 5 - a5f0128e766015c2. Mean loss in evaluation epoch: 0.31773361563682556, epochs needed: 20
evaluating individudal 6 - a5f0128e766015c2. Mean loss in evaluation epoch: 0.31773361563682556, epochs needed: 20
evaluating individudal 7 - 9b6b6727fa900707. Mean loss in evaluation epoch: 0.3184792697429657, epochs needed: 20
evaluating individudal 8 - 0a7d83973934a9e3. Mean loss in evaluation epoch: 0.3190426230430603, epochs needed: 20
evaluating individudal 9 - a5f0128e766015c2. Mean loss in evaluation epoch: 0.31773361563682556, epochs needed: 20
evaluating individudal 10 - df36b15f6c5c9b50. Mean loss in evaluation epoch: 0.3184339702129364, epochs needed: 20
evaluating individudal 11 - 9b6b6727fa900707. Mean loss in evaluation epoch: 0.3184792697429657, epochs needed: 20
evaluating individudal 12 - 427b342b819b1cba. Mean loss in evaluation epoch: 0.31816500425338745, epochs needed: 20
evaluating individudal 13 - da4f72c65d475101. Mean loss in evaluation epoch: 0.3210930824279785, epochs needed: 20
evaluating individudal 14 - 13c0b0e3f4a40bd8. Mean loss in evaluation epoch: 0.31932806968688965, epochs needed: 20
evaluating individudal 15 - 7622d537b9af0aab. Mean loss in evaluation epoch: 0.31738027930259705, epochs needed: 20
Round 5 done. -----------------------------------------
------------------------- TRACKING ---------------------------
Matrix Hash: 349a7d23b5794140, num_times_seen_before: 0
ACC: 0.6736842105263158
TPR/FPR: 0.8611111111111112, 0.37012987012987014
Loss: 0.3170727491378784
Timestamp: 423.61863540300004
---------------------------------------------------------------
S_GRAD IS ALL NEGATIVE!
S_GRAD IS ALL NEGATIVE!
S_GRAD IS ALL NEGATIVE!
S_GRAD IS ALL NEGATIVE!
S_GRAD IS ALL NEGATIVE!
S_GRAD IS ALL NEGATIVE!
evaluating individudal 0 - 23a55e9d7d2d9389. Mean loss in evaluation epoch: 0.31720489263534546, epochs needed: 20
evaluating individudal 1 - b84c6877bb49e40c. Mean loss in evaluation epoch: 0.3203323185443878, epochs needed: 20
evaluating individudal 2 - 7695be3a3c829bac. Mean loss in evaluation epoch: 0.31791824102401733, epochs needed: 20
evaluating individudal 3 - 0c6bf15cbaed6116. Mean loss in evaluation epoch: 0.3182225823402405, epochs needed: 20
evaluating individudal 4 - cdcd143021a916f1. Mean loss in evaluation epoch: 0.31792405247688293, epochs needed: 20
evaluating individudal 5 - 6a681fccef8da130. Mean loss in evaluation epoch: 0.319170206785202, epochs needed: 20
evaluating individudal 6 - 427b342b819b1cba. Mean loss in evaluation epoch: 0.31816500425338745, epochs needed: 20
evaluating individudal 7 - 23a55e9d7d2d9389. Mean loss in evaluation epoch: 0.31720489263534546, epochs needed: 20
evaluating individudal 8 - 65e3bc59d842488d. Mean loss in evaluation epoch: 0.3194836378097534, epochs needed: 20
evaluating individudal 9 - a0c04bf8c243aded. Mean loss in evaluation epoch: 0.31961002945899963, epochs needed: 20
evaluating individudal 10 - a5f0128e766015c2. Mean loss in evaluation epoch: 0.31773364543914795, epochs needed: 20
evaluating individudal 11 - a5f0128e766015c2. Mean loss in evaluation epoch: 0.31773361563682556, epochs needed: 20
evaluating individudal 12 - 23a55e9d7d2d9389. Mean loss in evaluation epoch: 0.31720489263534546, epochs needed: 20
evaluating individudal 13 - 8d0f52c0555ed3a6. Mean loss in evaluation epoch: 0.3196346163749695, epochs needed: 20
evaluating individudal 14 - fa6f085e7a43fcbe. Mean loss in evaluation epoch: 0.318433552980423, epochs needed: 20
evaluating individudal 15 - b0efe17906f4ccf3. Mean loss in evaluation epoch: 0.31904327869415283, epochs needed: 20
Round 6 done. -----------------------------------------
------------------------- TRACKING ---------------------------
Matrix Hash: 349a7d23b5794140, num_times_seen_before: 1
ACC: 0.6736842105263158
TPR/FPR: 0.8611111111111112, 0.37012987012987014
Loss: 0.3170727491378784
Timestamp: 505.262682841
---------------------------------------------------------------
S_GRAD IS ALL NEGATIVE!
S_GRAD IS ALL NEGATIVE!
S_GRAD IS ALL NEGATIVE!
S_GRAD IS ALL NEGATIVE!
S_GRAD IS ALL NEGATIVE!
S_GRAD IS ALL NEGATIVE!
S_GRAD IS ALL NEGATIVE!
S_GRAD IS ALL NEGATIVE!
evaluating individudal 0 - a5f0128e766015c2. Mean loss in evaluation epoch: 0.31773361563682556, epochs needed: 20
evaluating individudal 1 - 700ae008ecf7c8a8. Mean loss in evaluation epoch: 0.3200191855430603, epochs needed: 20
evaluating individudal 2 - 349a7d23b5794140. Mean loss in evaluation epoch: 0.3170727491378784, epochs needed: 20
evaluating individudal 3 - a7704ae01d3280fe. Mean loss in evaluation epoch: 0.32104626297950745, epochs needed: 20
evaluating individudal 4 - 349a7d23b5794140. Mean loss in evaluation epoch: 0.3170727491378784, epochs needed: 20
evaluating individudal 5 - 58a68290b61e1293. Mean loss in evaluation epoch: 0.3212788999080658, epochs needed: 20
evaluating individudal 6 - f4416f312d5a72d0. Mean loss in evaluation epoch: 0.3201330006122589, epochs needed: 20
evaluating individudal 7 - b30fc5844275a523. Mean loss in evaluation epoch: 0.31823280453681946, epochs needed: 20
evaluating individudal 8 - cdf1620b271ddda0. Mean loss in evaluation epoch: 0.3218541741371155, epochs needed: 20
evaluating individudal 9 - a5b01e49332a8ab6. Mean loss in evaluation epoch: 0.3189297318458557, epochs needed: 20
evaluating individudal 10 - a5f0128e766015c2. Mean loss in evaluation epoch: 0.31773361563682556, epochs needed: 20
evaluating individudal 11 - a5f0128e766015c2. Mean loss in evaluation epoch: 0.31773364543914795, epochs needed: 20
evaluating individudal 12 - 7622d537b9af0aab. Mean loss in evaluation epoch: 0.31738027930259705, epochs needed: 20
evaluating individudal 13 - cbe61d59d5d55269. Mean loss in evaluation epoch: 0.32182779908180237, epochs needed: 20
evaluating individudal 14 - 23a55e9d7d2d9389. Mean loss in evaluation epoch: 0.31720489263534546, epochs needed: 20
evaluating individudal 15 - a5f0128e766015c2. Mean loss in evaluation epoch: 0.31773361563682556, epochs needed: 20
Round 7 done. -----------------------------------------
------------------------- TRACKING ---------------------------
Matrix Hash: 349a7d23b5794140, num_times_seen_before: 2
ACC: 0.6736842105263158
TPR/FPR: 0.8611111111111112, 0.37012987012987014
Loss: 0.3170727491378784
Timestamp: 589.394995475
---------------------------------------------------------------
S_GRAD IS ALL NEGATIVE!
S_GRAD IS ALL NEGATIVE!
S_GRAD IS ALL NEGATIVE!
S_GRAD IS ALL NEGATIVE!
S_GRAD IS ALL NEGATIVE!
S_GRAD IS ALL NEGATIVE!
S_GRAD IS ALL NEGATIVE!
S_GRAD IS ALL NEGATIVE!
evaluating individudal 0 - c9ca68ee701c7de0. Mean loss in evaluation epoch: 0.3203592598438263, epochs needed: 20
evaluating individudal 1 - 5afb1a1eb4e604ae. Mean loss in evaluation epoch: 0.31719887256622314, epochs needed: 20
evaluating individudal 2 - 23a55e9d7d2d9389. Mean loss in evaluation epoch: 0.31720489263534546, epochs needed: 20
evaluating individudal 3 - 65f23ec7a8fdb831. Mean loss in evaluation epoch: 0.3209873139858246, epochs needed: 20
evaluating individudal 4 - 349a7d23b5794140. Mean loss in evaluation epoch: 0.3170727491378784, epochs needed: 20
evaluating individudal 5 - 23a55e9d7d2d9389. Mean loss in evaluation epoch: 0.31720489263534546, epochs needed: 20
evaluating individudal 6 - 71a336d2e33debba. Mean loss in evaluation epoch: 0.31683874130249023, epochs needed: 20
evaluating individudal 7 - 23a55e9d7d2d9389. Mean loss in evaluation epoch: 0.31720492243766785, epochs needed: 20
evaluating individudal 8 - 3f1db9591201b12b. Mean loss in evaluation epoch: 0.31671011447906494, epochs needed: 20
evaluating individudal 9 - 46fe0366a06526af. Mean loss in evaluation epoch: 0.3166782259941101, epochs needed: 20
evaluating individudal 10 - 3a37caa3ec5edbe8. Mean loss in evaluation epoch: 0.31769242882728577, epochs needed: 20
evaluating individudal 11 - c7efeda30c205e2a. Mean loss in evaluation epoch: 0.3173605799674988, epochs needed: 20
evaluating individudal 12 - 23a55e9d7d2d9389. Mean loss in evaluation epoch: 0.31720489263534546, epochs needed: 20
evaluating individudal 13 - 23a55e9d7d2d9389. Mean loss in evaluation epoch: 0.31720489263534546, epochs needed: 20
evaluating individudal 14 - 23a55e9d7d2d9389. Mean loss in evaluation epoch: 0.31720489263534546, epochs needed: 20
evaluating individudal 15 - 23a55e9d7d2d9389. Mean loss in evaluation epoch: 0.31720489263534546, epochs needed: 20
Round 8 done. -----------------------------------------
------------------------- TRACKING ---------------------------
Matrix Hash: 46fe0366a06526af, num_times_seen_before: 0
ACC: 0.7
TPR/FPR: 0.8333333333333334, 0.33116883116883117
Loss: 0.3166782259941101
Timestamp: 676.019669838
---------------------------------------------------------------
S_GRAD IS ALL NEGATIVE!
S_GRAD IS ALL NEGATIVE!
S_GRAD IS ALL NEGATIVE!
S_GRAD IS ALL NEGATIVE!
S_GRAD IS ALL NEGATIVE!
S_GRAD IS ALL NEGATIVE!
S_GRAD IS ALL NEGATIVE!
evaluating individudal 0 - 349a7d23b5794140. Mean loss in evaluation epoch: 0.3170727491378784, epochs needed: 20
evaluating individudal 1 - 26ba84684486dcb0. Mean loss in evaluation epoch: 0.31758615374565125, epochs needed: 20
evaluating individudal 2 - 349a7d23b5794140. Mean loss in evaluation epoch: 0.3170727491378784, epochs needed: 20
evaluating individudal 3 - a8850241d73aef1c. Mean loss in evaluation epoch: 0.31837528944015503, epochs needed: 20
evaluating individudal 4 - 7140502cc3d6058e. Mean loss in evaluation epoch: 0.3177540600299835, epochs needed: 20
evaluating individudal 5 - 349a7d23b5794140. Mean loss in evaluation epoch: 0.3170727491378784, epochs needed: 20
evaluating individudal 6 - b31637b5b7ca9a9e. Mean loss in evaluation epoch: 0.31880295276641846, epochs needed: 20
evaluating individudal 7 - 40d751fb94f3070f. Mean loss in evaluation epoch: 0.31791168451309204, epochs needed: 20
evaluating individudal 8 - 268b8e515bc0976f. Mean loss in evaluation epoch: 0.31708651781082153, epochs needed: 20
evaluating individudal 9 - 866d8a1e56117b2d. Mean loss in evaluation epoch: 0.31676581501960754, epochs needed: 20
evaluating individudal 10 - 349a7d23b5794140. Mean loss in evaluation epoch: 0.3170727491378784, epochs needed: 20
evaluating individudal 11 - 349a7d23b5794140. Mean loss in evaluation epoch: 0.3170727789402008, epochs needed: 20
evaluating individudal 12 - 70a340ce679a3bfa. Mean loss in evaluation epoch: 0.3178251385688782, epochs needed: 20
evaluating individudal 13 - 349a7d23b5794140. Mean loss in evaluation epoch: 0.3170727491378784, epochs needed: 20
evaluating individudal 14 - c15fb559e0ea5266. Mean loss in evaluation epoch: 0.316714882850647, epochs needed: 20
evaluating individudal 15 - 349a7d23b5794140. Mean loss in evaluation epoch: 0.3170727789402008, epochs needed: 20
Round 9 done. -----------------------------------------
------------------------- TRACKING ---------------------------
Matrix Hash: 46fe0366a06526af, num_times_seen_before: 1
ACC: 0.7
TPR/FPR: 0.8333333333333334, 0.33116883116883117
Loss: 0.3166782259941101
Timestamp: 758.010513254
---------------------------------------------------------------
S_GRAD IS ALL NEGATIVE!
S_GRAD IS ALL NEGATIVE!
S_GRAD IS ALL NEGATIVE!
S_GRAD IS ALL NEGATIVE!
S_GRAD IS ALL NEGATIVE!
S_GRAD IS ALL NEGATIVE!
S_GRAD IS ALL NEGATIVE!
evaluating individudal 0 - 999c63497fbad206. Mean loss in evaluation epoch: 0.3164202570915222, epochs needed: 20
evaluating individudal 1 - 71a336d2e33debba. Mean loss in evaluation epoch: 0.31683874130249023, epochs needed: 20
evaluating individudal 2 - 3f1db9591201b12b. Mean loss in evaluation epoch: 0.31671011447906494, epochs needed: 20
evaluating individudal 3 - 5b15af9cbf122652. Mean loss in evaluation epoch: 0.31607410311698914, epochs needed: 20
evaluating individudal 4 - 0d0b86271b1d9baf. Mean loss in evaluation epoch: 0.31825992465019226, epochs needed: 20
evaluating individudal 5 - a5522fb35f6f646b. Mean loss in evaluation epoch: 0.3172075152397156, epochs needed: 20
evaluating individudal 6 - 3fa955fa51be6789. Mean loss in evaluation epoch: 0.31734517216682434, epochs needed: 20
evaluating individudal 7 - 56b52bdaf6650157. Mean loss in evaluation epoch: 0.3160814344882965, epochs needed: 20
evaluating individudal 8 - 2d47fa72da58c6e2. Mean loss in evaluation epoch: 0.316095769405365, epochs needed: 20
evaluating individudal 9 - 349a7d23b5794140. Mean loss in evaluation epoch: 0.3170727491378784, epochs needed: 20
evaluating individudal 10 - 349a7d23b5794140. Mean loss in evaluation epoch: 0.3170727789402008, epochs needed: 20
evaluating individudal 11 - 71a336d2e33debba. Mean loss in evaluation epoch: 0.31683871150016785, epochs needed: 20
evaluating individudal 12 - 349a7d23b5794140. Mean loss in evaluation epoch: 0.3170727491378784, epochs needed: 20
evaluating individudal 13 - 658cc3ff0698fb18. Mean loss in evaluation epoch: 0.3164314925670624, epochs needed: 20
evaluating individudal 14 - c8442488cdc75b1b. Mean loss in evaluation epoch: 0.3172992765903473, epochs needed: 20
evaluating individudal 15 - 3f1db9591201b12b. Mean loss in evaluation epoch: 0.31671011447906494, epochs needed: 20
Round 10 done. -----------------------------------------
------------------------- TRACKING ---------------------------
Matrix Hash: 5b15af9cbf122652, num_times_seen_before: 0
ACC: 0.7684210526315789
TPR/FPR: 0.8611111111111112, 0.2532467532467532
Loss: 0.31607410311698914
Timestamp: 829.310816852
---------------------------------------------------------------
S_GRAD IS ALL NEGATIVE!
S_GRAD IS ALL NEGATIVE!
S_GRAD IS ALL NEGATIVE!
evaluating individudal 0 - b59da3a0bc40d0db. Mean loss in evaluation epoch: 0.3183800280094147, epochs needed: 20
evaluating individudal 1 - 3f1db9591201b12b. Mean loss in evaluation epoch: 0.31671011447906494, epochs needed: 20
evaluating individudal 2 - 46fe0366a06526af. Mean loss in evaluation epoch: 0.3166782259941101, epochs needed: 20
evaluating individudal 3 - 11ccd2238ccb6fab. Mean loss in evaluation epoch: 0.31658995151519775, epochs needed: 20
evaluating individudal 4 - b90feb6b1232735c. Mean loss in evaluation epoch: 0.31664520502090454, epochs needed: 20
evaluating individudal 5 - 49acdaa824e491e2. Mean loss in evaluation epoch: 0.31638142466545105, epochs needed: 20
evaluating individudal 6 - 9dfcc20176a4596f. Mean loss in evaluation epoch: 0.31648215651512146, epochs needed: 20
evaluating individudal 7 - 7ef2bfd2fb1bf4b0. Mean loss in evaluation epoch: 0.3179917335510254, epochs needed: 20
evaluating individudal 8 - 0ae944293418d551. Mean loss in evaluation epoch: 0.316725492477417, epochs needed: 20
evaluating individudal 9 - 46fe0366a06526af. Mean loss in evaluation epoch: 0.3166782259941101, epochs needed: 20
evaluating individudal 10 - 0201e16bfdcf0bbe. Mean loss in evaluation epoch: 0.31774014234542847, epochs needed: 20
evaluating individudal 11 - fa3598c3a81b5e68. Mean loss in evaluation epoch: 0.3165697455406189, epochs needed: 20
evaluating individudal 12 - 6136641ff96d793e. Mean loss in evaluation epoch: 0.3173927068710327, epochs needed: 20
evaluating individudal 13 - 21a6c02a472579f2. Mean loss in evaluation epoch: 0.3175237476825714, epochs needed: 20
evaluating individudal 14 - d00d7e9cf6d92aae. Mean loss in evaluation epoch: 0.3192206621170044, epochs needed: 20
evaluating individudal 15 - 45aab2996acb727c. Mean loss in evaluation epoch: 0.31694933772087097, epochs needed: 20
Round 11 done. -----------------------------------------
------------------------- TRACKING ---------------------------
Matrix Hash: 5b15af9cbf122652, num_times_seen_before: 1
ACC: 0.7684210526315789
TPR/FPR: 0.8611111111111112, 0.2532467532467532
Loss: 0.31607410311698914
Timestamp: 895.1221105110001
---------------------------------------------------------------
S_GRAD IS ALL NEGATIVE!
S_GRAD IS ALL NEGATIVE!
S_GRAD IS ALL NEGATIVE!
S_GRAD IS ALL NEGATIVE!
S_GRAD IS ALL NEGATIVE!
S_GRAD IS ALL NEGATIVE!
S_GRAD IS ALL NEGATIVE!
S_GRAD IS ALL NEGATIVE!
S_GRAD IS ALL NEGATIVE!
S_GRAD IS ALL NEGATIVE!
S_GRAD IS ALL NEGATIVE!
S_GRAD IS ALL NEGATIVE!
S_GRAD IS ALL NEGATIVE!
S_GRAD IS ALL NEGATIVE!
evaluating individudal 0 - 2d47fa72da58c6e2. Mean loss in evaluation epoch: 0.316095769405365, epochs needed: 20
evaluating individudal 1 - 658cc3ff0698fb18. Mean loss in evaluation epoch: 0.3164314925670624, epochs needed: 20
evaluating individudal 2 - 658cc3ff0698fb18. Mean loss in evaluation epoch: 0.31643146276474, epochs needed: 20
evaluating individudal 3 - 2d47fa72da58c6e2. Mean loss in evaluation epoch: 0.316095769405365, epochs needed: 20
evaluating individudal 4 - 56b52bdaf6650157. Mean loss in evaluation epoch: 0.3160814344882965, epochs needed: 20
evaluating individudal 5 - 999c63497fbad206. Mean loss in evaluation epoch: 0.3164202868938446, epochs needed: 20
evaluating individudal 6 - e067256dfd214200. Mean loss in evaluation epoch: 0.31725671887397766, epochs needed: 20
evaluating individudal 7 - 56b52bdaf6650157. Mean loss in evaluation epoch: 0.3160814046859741, epochs needed: 20
evaluating individudal 8 - e4b87e80fd2e2337. Mean loss in evaluation epoch: 0.31788140535354614, epochs needed: 20
evaluating individudal 9 - 658cc3ff0698fb18. Mean loss in evaluation epoch: 0.3164314925670624, epochs needed: 20
evaluating individudal 10 - 658cc3ff0698fb18. Mean loss in evaluation epoch: 0.3164314925670624, epochs needed: 20
evaluating individudal 11 - 658cc3ff0698fb18. Mean loss in evaluation epoch: 0.3164314925670624, epochs needed: 20
evaluating individudal 12 - 5b15af9cbf122652. Mean loss in evaluation epoch: 0.31607410311698914, epochs needed: 20
evaluating individudal 13 - 999c63497fbad206. Mean loss in evaluation epoch: 0.3164202868938446, epochs needed: 20
evaluating individudal 14 - 2d47fa72da58c6e2. Mean loss in evaluation epoch: 0.316095769405365, epochs needed: 20
evaluating individudal 15 - 56b52bdaf6650157. Mean loss in evaluation epoch: 0.3160814344882965, epochs needed: 20
Round 12 done. -----------------------------------------
------------------------- TRACKING ---------------------------
Matrix Hash: 5b15af9cbf122652, num_times_seen_before: 2
ACC: 0.7684210526315789
TPR/FPR: 0.8611111111111112, 0.2532467532467532
Loss: 0.31607410311698914
Timestamp: 977.011880961
---------------------------------------------------------------
S_GRAD IS ALL NEGATIVE!
S_GRAD IS ALL NEGATIVE!
S_GRAD IS ALL NEGATIVE!
S_GRAD IS ALL NEGATIVE!
S_GRAD IS ALL NEGATIVE!
S_GRAD IS ALL NEGATIVE!
S_GRAD IS ALL NEGATIVE!
evaluating individudal 0 - 5b15af9cbf122652. Mean loss in evaluation epoch: 0.31607410311698914, epochs needed: 20
evaluating individudal 1 - 56b52bdaf6650157. Mean loss in evaluation epoch: 0.3160814344882965, epochs needed: 20
evaluating individudal 2 - 2ee8e70d216aa5b0. Mean loss in evaluation epoch: 0.31733742356300354, epochs needed: 20
evaluating individudal 3 - 2d47fa72da58c6e2. Mean loss in evaluation epoch: 0.316095769405365, epochs needed: 20
evaluating individudal 4 - 5b15af9cbf122652. Mean loss in evaluation epoch: 0.31607410311698914, epochs needed: 20
evaluating individudal 5 - fbdfab9a40abc307. Mean loss in evaluation epoch: 0.31688109040260315, epochs needed: 20
evaluating individudal 6 - 5b15af9cbf122652. Mean loss in evaluation epoch: 0.31607410311698914, epochs needed: 20
evaluating individudal 7 - 6cd488cc24ce780b. Mean loss in evaluation epoch: 0.3154885470867157, epochs needed: 20
evaluating individudal 8 - 91421fa3b58487d5. Mean loss in evaluation epoch: 0.31686916947364807, epochs needed: 20
evaluating individudal 9 - 851e609a96962fd7. Mean loss in evaluation epoch: 0.3183026909828186, epochs needed: 20
evaluating individudal 10 - 19f48a29657ffcee. Mean loss in evaluation epoch: 0.31620028614997864, epochs needed: 20
evaluating individudal 11 - 2d47fa72da58c6e2. Mean loss in evaluation epoch: 0.316095769405365, epochs needed: 20
evaluating individudal 12 - 347c0e70da657844. Mean loss in evaluation epoch: 0.3176024854183197, epochs needed: 20
evaluating individudal 13 - c1586232e18de0ca. Mean loss in evaluation epoch: 0.3170435130596161, epochs needed: 20
evaluating individudal 14 - 757d091392ed1caa. Mean loss in evaluation epoch: 0.31873801350593567, epochs needed: 20
evaluating individudal 15 - 2d47fa72da58c6e2. Mean loss in evaluation epoch: 0.316095769405365, epochs needed: 20
Round 13 done. -----------------------------------------
------------------------- TRACKING ---------------------------
Matrix Hash: 6cd488cc24ce780b, num_times_seen_before: 0
ACC: 0.7421052631578947
TPR/FPR: 0.8888888888888888, 0.2922077922077922
Loss: 0.3154885470867157
Timestamp: 1057.8984549519998
---------------------------------------------------------------
S_GRAD IS ALL NEGATIVE!
S_GRAD IS ALL NEGATIVE!
S_GRAD IS ALL NEGATIVE!
S_GRAD IS ALL NEGATIVE!
evaluating individudal 0 - db6885f0507487bd. Mean loss in evaluation epoch: 0.31800082325935364, epochs needed: 20
evaluating individudal 1 - 5b15af9cbf122652. Mean loss in evaluation epoch: 0.31607410311698914, epochs needed: 20
evaluating individudal 2 - 55854ea3819c4001. Mean loss in evaluation epoch: 0.31689780950546265, epochs needed: 20
evaluating individudal 3 - 6a0159d7ce7a7688. Mean loss in evaluation epoch: 0.31696560978889465, epochs needed: 20
evaluating individudal 4 - 8fe82ca6fa2bbf17. Mean loss in evaluation epoch: 0.3195006251335144, epochs needed: 20
evaluating individudal 5 - 5b15af9cbf122652. Mean loss in evaluation epoch: 0.31607410311698914, epochs needed: 20
evaluating individudal 6 - 051ab01aabb9b9f5. Mean loss in evaluation epoch: 0.3167228698730469, epochs needed: 20
evaluating individudal 7 - 077a8cff17377905. Mean loss in evaluation epoch: 0.3167301416397095, epochs needed: 20
evaluating individudal 8 - e6b5347c0a80a535. Mean loss in evaluation epoch: 0.31625449657440186, epochs needed: 20
evaluating individudal 9 - b9a39f221f829cdf. Mean loss in evaluation epoch: 0.3184702694416046, epochs needed: 20
evaluating individudal 10 - 5b15af9cbf122652. Mean loss in evaluation epoch: 0.31607410311698914, epochs needed: 20
evaluating individudal 11 - eb0c15753dcdc481. Mean loss in evaluation epoch: 0.3174249827861786, epochs needed: 20
evaluating individudal 12 - 5b15af9cbf122652. Mean loss in evaluation epoch: 0.31607410311698914, epochs needed: 20
evaluating individudal 13 - 0a45df37542a1e43. Mean loss in evaluation epoch: 0.3162684142589569, epochs needed: 20
evaluating individudal 14 - d36a4051a74e41cf. Mean loss in evaluation epoch: 0.3154963552951813, epochs needed: 20
evaluating individudal 15 - 80f459ed7c189dfa. Mean loss in evaluation epoch: 0.3180432915687561, epochs needed: 20
Round 14 done. -----------------------------------------
------------------------- TRACKING ---------------------------
Matrix Hash: 6cd488cc24ce780b, num_times_seen_before: 1
ACC: 0.7421052631578947
TPR/FPR: 0.8888888888888888, 0.2922077922077922
Loss: 0.3154885470867157
Timestamp: 1142.248471144
---------------------------------------------------------------
S_GRAD IS ALL NEGATIVE!
S_GRAD IS ALL NEGATIVE!
S_GRAD IS ALL NEGATIVE!
S_GRAD IS ALL NEGATIVE!
S_GRAD IS ALL NEGATIVE!
S_GRAD IS ALL NEGATIVE!
S_GRAD IS ALL NEGATIVE!
evaluating individudal 0 - 5b15af9cbf122652. Mean loss in evaluation epoch: 0.31607410311698914, epochs needed: 20
evaluating individudal 1 - 499452f647b284f8. Mean loss in evaluation epoch: 0.3163246512413025, epochs needed: 20
evaluating individudal 2 - 4777ee50e83ed7b2. Mean loss in evaluation epoch: 0.3167712390422821, epochs needed: 20
evaluating individudal 3 - bcf37efcc63abd3b. Mean loss in evaluation epoch: 0.3162999451160431, epochs needed: 20
evaluating individudal 4 - 2d6f91ea4f582b50. Mean loss in evaluation epoch: 0.3168525695800781, epochs needed: 20
evaluating individudal 5 - 5b15af9cbf122652. Mean loss in evaluation epoch: 0.31607410311698914, epochs needed: 20
evaluating individudal 6 - c7e76d4d188e3b74. Mean loss in evaluation epoch: 0.3169725239276886, epochs needed: 20
evaluating individudal 7 - e442151ce43389b4. Mean loss in evaluation epoch: 0.31825530529022217, epochs needed: 20
evaluating individudal 8 - 5b15af9cbf122652. Mean loss in evaluation epoch: 0.31607410311698914, epochs needed: 20
evaluating individudal 9 - 5b15af9cbf122652. Mean loss in evaluation epoch: 0.31607410311698914, epochs needed: 20
evaluating individudal 10 - 5b15af9cbf122652. Mean loss in evaluation epoch: 0.31607410311698914, epochs needed: 20
evaluating individudal 11 - 5b15af9cbf122652. Mean loss in evaluation epoch: 0.31607410311698914, epochs needed: 20
evaluating individudal 12 - 5b15af9cbf122652. Mean loss in evaluation epoch: 0.31607410311698914, epochs needed: 20
evaluating individudal 13 - 6a8443f098347f48. Mean loss in evaluation epoch: 0.3171205222606659, epochs needed: 20
evaluating individudal 14 - fe2c670db82cb090. Mean loss in evaluation epoch: 0.31695556640625, epochs needed: 20
evaluating individudal 15 - 1c30b9559025d941. Mean loss in evaluation epoch: 0.31600189208984375, epochs needed: 20
Round 15 done. -----------------------------------------
------------------------- TRACKING ---------------------------
Matrix Hash: 6cd488cc24ce780b, num_times_seen_before: 2
ACC: 0.7421052631578947
TPR/FPR: 0.8888888888888888, 0.2922077922077922
Loss: 0.3154885470867157
Timestamp: 1227.378710145
---------------------------------------------------------------
S_GRAD IS ALL NEGATIVE!
S_GRAD IS ALL NEGATIVE!
S_GRAD IS ALL NEGATIVE!
S_GRAD IS ALL NEGATIVE!
S_GRAD IS ALL NEGATIVE!
evaluating individudal 0 - 9b930816d735848d. Mean loss in evaluation epoch: 0.3167802393436432, epochs needed: 20
evaluating individudal 1 - a54967bd53bbdabc. Mean loss in evaluation epoch: 0.31611597537994385, epochs needed: 20
evaluating individudal 2 - 5b15af9cbf122652. Mean loss in evaluation epoch: 0.31607410311698914, epochs needed: 20
evaluating individudal 3 - d36a4051a74e41cf. Mean loss in evaluation epoch: 0.3154963552951813, epochs needed: 20
evaluating individudal 4 - b9d3963739fb37bd. Mean loss in evaluation epoch: 0.31767943501472473, epochs needed: 20
evaluating individudal 5 - 5b15af9cbf122652. Mean loss in evaluation epoch: 0.31607410311698914, epochs needed: 20
evaluating individudal 6 - d36a4051a74e41cf. Mean loss in evaluation epoch: 0.3154963552951813, epochs needed: 20
evaluating individudal 7 - ba715053376d8541. Mean loss in evaluation epoch: 0.31686243414878845, epochs needed: 20
evaluating individudal 8 - da139238ac9abca5. Mean loss in evaluation epoch: 0.3173951506614685, epochs needed: 20
evaluating individudal 9 - 0a7dc4b2d4844ccb. Mean loss in evaluation epoch: 0.31785768270492554, epochs needed: 20
evaluating individudal 10 - 4cab358af93fad15. Mean loss in evaluation epoch: 0.31622323393821716, epochs needed: 20
evaluating individudal 11 - 5d7c396794f29ab4. Mean loss in evaluation epoch: 0.3172956705093384, epochs needed: 20
evaluating individudal 12 - f8427eb2ccdb61f0. Mean loss in evaluation epoch: 0.3172421157360077, epochs needed: 20
evaluating individudal 13 - 5c5dbe615b54aca3. Mean loss in evaluation epoch: 0.31727224588394165, epochs needed: 20
evaluating individudal 14 - c2b66375a46eceea. Mean loss in evaluation epoch: 0.3172634541988373, epochs needed: 20
evaluating individudal 15 - 6cd488cc24ce780b. Mean loss in evaluation epoch: 0.3154885470867157, epochs needed: 20
Round 16 done. -----------------------------------------
------------------------- TRACKING ---------------------------
Matrix Hash: 6cd488cc24ce780b, num_times_seen_before: 3
ACC: 0.7421052631578947
TPR/FPR: 0.8888888888888888, 0.2922077922077922
Loss: 0.3154885470867157
Timestamp: 1318.3694732899999
---------------------------------------------------------------
S_GRAD IS ALL NEGATIVE!
S_GRAD IS ALL NEGATIVE!
S_GRAD IS ALL NEGATIVE!
S_GRAD IS ALL NEGATIVE!
S_GRAD IS ALL NEGATIVE!
S_GRAD IS ALL NEGATIVE!
S_GRAD IS ALL NEGATIVE!
S_GRAD IS ALL NEGATIVE!
S_GRAD IS ALL NEGATIVE!
S_GRAD IS ALL NEGATIVE!
S_GRAD IS ALL NEGATIVE!
S_GRAD IS ALL NEGATIVE!
evaluating individudal 0 - d36a4051a74e41cf. Mean loss in evaluation epoch: 0.3154963552951813, epochs needed: 20
evaluating individudal 1 - 6cd488cc24ce780b. Mean loss in evaluation epoch: 0.3154885470867157, epochs needed: 20
evaluating individudal 2 - d9e5720639e2fed9. Mean loss in evaluation epoch: 0.31690067052841187, epochs needed: 20
evaluating individudal 3 - 5b15af9cbf122652. Mean loss in evaluation epoch: 0.31607410311698914, epochs needed: 20
evaluating individudal 4 - 275c1df49a794fce. Mean loss in evaluation epoch: 0.3184506893157959, epochs needed: 20
evaluating individudal 5 - 26cf88f483ca53bc. Mean loss in evaluation epoch: 0.31781071424484253, epochs needed: 20
evaluating individudal 6 - 1c30b9559025d941. Mean loss in evaluation epoch: 0.31600189208984375, epochs needed: 20
evaluating individudal 7 - 2ca6eecf57b25ff9. Mean loss in evaluation epoch: 0.3188072144985199, epochs needed: 20
evaluating individudal 8 - 5b15af9cbf122652. Mean loss in evaluation epoch: 0.31607410311698914, epochs needed: 20
evaluating individudal 9 - 6cd488cc24ce780b. Mean loss in evaluation epoch: 0.3154885470867157, epochs needed: 20
evaluating individudal 10 - d36a4051a74e41cf. Mean loss in evaluation epoch: 0.3154963552951813, epochs needed: 20
evaluating individudal 11 - 5b15af9cbf122652. Mean loss in evaluation epoch: 0.31607410311698914, epochs needed: 20
evaluating individudal 12 - d36a4051a74e41cf. Mean loss in evaluation epoch: 0.3154963552951813, epochs needed: 20
evaluating individudal 13 - 5b15af9cbf122652. Mean loss in evaluation epoch: 0.31607410311698914, epochs needed: 20
evaluating individudal 14 - 6cd488cc24ce780b. Mean loss in evaluation epoch: 0.3154885470867157, epochs needed: 20
evaluating individudal 15 - 5b15af9cbf122652. Mean loss in evaluation epoch: 0.31607410311698914, epochs needed: 20
Round 17 done. -----------------------------------------
------------------------- TRACKING ---------------------------
Matrix Hash: 6cd488cc24ce780b, num_times_seen_before: 4
ACC: 0.7421052631578947
TPR/FPR: 0.8888888888888888, 0.2922077922077922
Loss: 0.3154885470867157
Timestamp: 1406.898786947
---------------------------------------------------------------
S_GRAD IS ALL NEGATIVE!
S_GRAD IS ALL NEGATIVE!
S_GRAD IS ALL NEGATIVE!
S_GRAD IS ALL NEGATIVE!
S_GRAD IS ALL NEGATIVE!
S_GRAD IS ALL NEGATIVE!
S_GRAD IS ALL NEGATIVE!
evaluating individudal 0 - 115caf99df024e7f. Mean loss in evaluation epoch: 0.3180892765522003, epochs needed: 20
evaluating individudal 1 - 6cd488cc24ce780b. Mean loss in evaluation epoch: 0.3154885470867157, epochs needed: 20
evaluating individudal 2 - 6cd488cc24ce780b. Mean loss in evaluation epoch: 0.3154885470867157, epochs needed: 20
evaluating individudal 3 - db90352aaf31e0e6. Mean loss in evaluation epoch: 0.3183300197124481, epochs needed: 20
evaluating individudal 4 - cf72c46f60b41580. Mean loss in evaluation epoch: 0.3189656436443329, epochs needed: 20
evaluating individudal 5 - 6cd488cc24ce780b. Mean loss in evaluation epoch: 0.3154885470867157, epochs needed: 20
evaluating individudal 6 - 0190e6e4dd2f3dba. Mean loss in evaluation epoch: 0.3191147744655609, epochs needed: 20
evaluating individudal 7 - 6cd488cc24ce780b. Mean loss in evaluation epoch: 0.3154885470867157, epochs needed: 20
evaluating individudal 8 - d36a4051a74e41cf. Mean loss in evaluation epoch: 0.3154963552951813, epochs needed: 20
evaluating individudal 9 - 2b5b6aba1f190081. Mean loss in evaluation epoch: 0.3187432289123535, epochs needed: 20
evaluating individudal 10 - 6cd488cc24ce780b. Mean loss in evaluation epoch: 0.3154885470867157, epochs needed: 20
evaluating individudal 11 - af9e218d45fc44e5. Mean loss in evaluation epoch: 0.31772005558013916, epochs needed: 20
evaluating individudal 12 - 9eb4f8445717bfe5. Mean loss in evaluation epoch: 0.3185146749019623, epochs needed: 20
evaluating individudal 13 - 6cd488cc24ce780b. Mean loss in evaluation epoch: 0.3154885470867157, epochs needed: 20
evaluating individudal 14 - 3937ddc8b85cfd4d. Mean loss in evaluation epoch: 0.3168809115886688, epochs needed: 20
evaluating individudal 15 - c29e680eb5cadc06. Mean loss in evaluation epoch: 0.3175904452800751, epochs needed: 20
Round 18 done. -----------------------------------------
------------------------- TRACKING ---------------------------
Matrix Hash: 6cd488cc24ce780b, num_times_seen_before: 5
ACC: 0.7421052631578947
TPR/FPR: 0.8888888888888888, 0.2922077922077922
Loss: 0.3154885470867157
Timestamp: 1491.801012744
---------------------------------------------------------------
S_GRAD IS ALL NEGATIVE!
S_GRAD IS ALL NEGATIVE!
S_GRAD IS ALL NEGATIVE!
S_GRAD IS ALL NEGATIVE!
S_GRAD IS ALL NEGATIVE!
S_GRAD IS ALL NEGATIVE!
S_GRAD IS ALL NEGATIVE!
S_GRAD IS ALL NEGATIVE!
evaluating individudal 0 - 16fb792841a0b0a8. Mean loss in evaluation epoch: 0.3184087574481964, epochs needed: 20
evaluating individudal 1 - 6cd488cc24ce780b. Mean loss in evaluation epoch: 0.3154885768890381, epochs needed: 20
evaluating individudal 2 - 544ea959808a5f2d. Mean loss in evaluation epoch: 0.3186967074871063, epochs needed: 20
evaluating individudal 3 - 6cd488cc24ce780b. Mean loss in evaluation epoch: 0.3154885470867157, epochs needed: 20
evaluating individudal 4 - ee5984446df9119f. Mean loss in evaluation epoch: 0.31838342547416687, epochs needed: 20
evaluating individudal 5 - 7ed54045643de894. Mean loss in evaluation epoch: 0.31812432408332825, epochs needed: 20
evaluating individudal 6 - 6cd488cc24ce780b. Mean loss in evaluation epoch: 0.3154885470867157, epochs needed: 20
evaluating individudal 7 - 6cd488cc24ce780b. Mean loss in evaluation epoch: 0.3154885470867157, epochs needed: 20
evaluating individudal 8 - 6cd488cc24ce780b. Mean loss in evaluation epoch: 0.3154885470867157, epochs needed: 20
evaluating individudal 9 - 6cd488cc24ce780b. Mean loss in evaluation epoch: 0.3154885470867157, epochs needed: 20
evaluating individudal 10 - 6cd488cc24ce780b. Mean loss in evaluation epoch: 0.3154885470867157, epochs needed: 20
evaluating individudal 11 - 85a3b80f8b39581f. Mean loss in evaluation epoch: 0.31727632880210876, epochs needed: 20
evaluating individudal 12 - 6cd488cc24ce780b. Mean loss in evaluation epoch: 0.3154885470867157, epochs needed: 20
evaluating individudal 13 - aa60ed6ca20e8da5. Mean loss in evaluation epoch: 0.31910139322280884, epochs needed: 20
evaluating individudal 14 - 966ed11550e438a6. Mean loss in evaluation epoch: 0.31689828634262085, epochs needed: 20
evaluating individudal 15 - 756dc782ab4dea1b. Mean loss in evaluation epoch: 0.3186003565788269, epochs needed: 20
Round 19 done. -----------------------------------------
------------------------- TRACKING ---------------------------
Matrix Hash: 6cd488cc24ce780b, num_times_seen_before: 6
ACC: 0.7421052631578947
TPR/FPR: 0.8888888888888888, 0.2922077922077922
Loss: 0.3154885470867157
Timestamp: 1576.814015164
---------------------------------------------------------------
S_GRAD IS ALL NEGATIVE!
S_GRAD IS ALL NEGATIVE!
S_GRAD IS ALL NEGATIVE!
S_GRAD IS ALL NEGATIVE!
S_GRAD IS ALL NEGATIVE!
evaluating individudal 0 - 6cd488cc24ce780b. Mean loss in evaluation epoch: 0.3154885470867157, epochs needed: 20
evaluating individudal 1 - b97573b035425dc1. Mean loss in evaluation epoch: 0.31935006380081177, epochs needed: 20
evaluating individudal 2 - 6cd488cc24ce780b. Mean loss in evaluation epoch: 0.3154885470867157, epochs needed: 20
evaluating individudal 3 - 6cd488cc24ce780b. Mean loss in evaluation epoch: 0.3154885470867157, epochs needed: 20
evaluating individudal 4 - ee6fb3f1d0065ce3. Mean loss in evaluation epoch: 0.3187381327152252, epochs needed: 20
evaluating individudal 5 - 1e450c8db55a6b02. Mean loss in evaluation epoch: 0.3189685046672821, epochs needed: 20
evaluating individudal 6 - 3b23963ce97993cb. Mean loss in evaluation epoch: 0.31815004348754883, epochs needed: 20
evaluating individudal 7 - e03397b5ef7e9622. Mean loss in evaluation epoch: 0.3170968294143677, epochs needed: 20
evaluating individudal 8 - 6fb8b87e88b0fc03. Mean loss in evaluation epoch: 0.3178258538246155, epochs needed: 20
evaluating individudal 9 - 6cd488cc24ce780b. Mean loss in evaluation epoch: 0.3154885470867157, epochs needed: 20
evaluating individudal 10 - f74018822379459f. Mean loss in evaluation epoch: 0.31874382495880127, epochs needed: 20
evaluating individudal 11 - 3d4e61a278cbb713. Mean loss in evaluation epoch: 0.3175920844078064, epochs needed: 20
evaluating individudal 12 - 6cd488cc24ce780b. Mean loss in evaluation epoch: 0.3154885470867157, epochs needed: 20
evaluating individudal 13 - 18d4a0eaf2100afa. Mean loss in evaluation epoch: 0.31773313879966736, epochs needed: 20
evaluating individudal 14 - 64728141ec5e79d9. Mean loss in evaluation epoch: 0.3184449076652527, epochs needed: 20
evaluating individudal 15 - 2cf51798e21e13b1. Mean loss in evaluation epoch: 0.3174641728401184, epochs needed: 20
------------------------- TRACKING ---------------------------
Matrix Hash: 6cd488cc24ce780b, num_times_seen_before: 7
ACC: 0.7421052631578947
TPR/FPR: 0.8888888888888888, 0.2922077922077922
Loss: 0.3154885470867157
Timestamp: 1661.0075326429999
---------------------------------------------------------------
