../data/final/netrd/SIS/timeseries_ba10_5k_0.15.pickle
../data/final/edges_ba10.pickle
CONTINUATION: False
CONT_ADDRESS: ./hillclimbing_logs/linear/final/heuristics_comp/deterministic/cml/ba10_1k_restart_3.5_random/2021-03-04T15_54_10.394816
SEED: 0
NUM_DYN_EPOCHS: 40
DETECT_EARLY_CONVERGENCE: False
USE_EVALEPOCH_FOR_GUIDED_MUTATION: False
USE_NODEWISE_LOSS: True
USE_DYNAMIC_STEPS: True
NUM_GEN: 45
DETERMINISTIC_EVAL: False
FREE WALK: False
EXPERIMENTS: 5
FORMAT: timeseries
num samples: 5000
NUM_TRAIN_SAMPLES: 4999
NUM_TRAIN_BATCHES: 50
NUM_TEST_SAMPLES: 4999
NUM_TEST_BATCHES: 50
BATCH_SIZE: 100
HIDDEN_SIZE: 128
NUM_DYN_EPOCHS: 40
IS_CONTINUOUS: False
USE_MAX: False

Generation 0
Mean loss in evaluation epoch: [0.30937138199806213, 0.37606337666511536, 0.40008804202079773, 0.33544161915779114, 0.3794090151786804, 0.39525488018989563, 0.40860041975975037, 0.41505149006843567, 0.4216597378253937, 0.43498489260673523], epochs needed: 40
------------------------- TRACKING ---------------------------
Matrix Hash: 1c6308f0e30a50bc, num_times_seen_before: 0
ACC: 0.5333333333333333
TPR/FPR: 0.5, 0.4482758620689655
Loss: [0.30937138199806213, 0.37606337666511536, 0.40008804202079773, 0.33544161915779114, 0.3794090151786804, 0.39525488018989563, 0.40860041975975037, 0.41505149006843567, 0.4216597378253937, 0.43498489260673523]
Timestamp: 0
---------------------------------------------------------------
[tensor([0, 3]), tensor([1, 8]), tensor([1, 9]), tensor([2, 9]), tensor([4, 9]), tensor([7, 9]), tensor([8, 9])]
Mean loss in evaluation epoch: [0.3005851209163666, 0.3708697557449341, 0.39895540475845337, 0.31231412291526794, 0.3956368863582611, 0.398183137178421, 0.4093213677406311, 0.41556498408317566, 0.4212239682674408, 0.426022469997406], epochs needed: 40
count_changes: 6 / 7

Generation 1
Mean loss in evaluation epoch: [0.29940325021743774, 0.3496386706829071, 0.4017958343029022, 0.3145943880081177, 0.3783578872680664, 0.40114444494247437, 0.41098296642303467, 0.41400161385536194, 0.4212470054626465, 0.4265248775482178], epochs needed: 40
------------------------- TRACKING ---------------------------
Matrix Hash: 0e5f3f237478e1a7, num_times_seen_before: 0
ACC: 0.4444444444444444
TPR/FPR: 0.4375, 0.5517241379310345
Loss: [0.29940325021743774, 0.3496386706829071, 0.4017958343029022, 0.3145943880081177, 0.3783578872680664, 0.40114444494247437, 0.41098296642303467, 0.41400161385536194, 0.4212470054626465, 0.4265248775482178]
Timestamp: 21.378003142999887
---------------------------------------------------------------
[tensor([1, 3]), tensor([1, 4]), tensor([1, 9]), tensor([3, 5]), tensor([5, 7])]
Mean loss in evaluation epoch: [0.304813951253891, 0.34897086024284363, 0.3980812728404999, 0.34930872917175293, 0.3792288601398468, 0.39268478751182556, 0.4095812439918518, 0.4210762679576874, 0.42075315117836, 0.42559996247291565], epochs needed: 40
count_changes: 2 / 5

Generation 2
Mean loss in evaluation epoch: [0.3044523298740387, 0.3816979229450226, 0.3971113860607147, 0.3344966769218445, 0.39086976647377014, 0.39528945088386536, 0.40868493914604187, 0.4169560968875885, 0.42166709899902344, 0.42630988359451294], epochs needed: 40
------------------------- TRACKING ---------------------------
Matrix Hash: 9ed4ec1966da1c1e, num_times_seen_before: 0
ACC: 0.48888888888888893
TPR/FPR: 0.4375, 0.4827586206896552
Loss: [0.3044523298740387, 0.3816979229450226, 0.3971113860607147, 0.3344966769218445, 0.39086976647377014, 0.39528945088386536, 0.40868493914604187, 0.4169560968875885, 0.42166709899902344, 0.42630988359451294]
Timestamp: 42.23815320599988
---------------------------------------------------------------
[tensor([0, 6]), tensor([0, 9]), tensor([1, 2]), tensor([1, 4])]
Mean loss in evaluation epoch: [0.31302207708358765, 0.347373902797699, 0.3980245888233185, 0.3157912492752075, 0.37923920154571533, 0.39229872822761536, 0.4091569483280182, 0.4259156584739685, 0.421244740486145, 0.4282279908657074], epochs needed: 40
count_changes: 2 / 4

Generation 3
Mean loss in evaluation epoch: [0.3017723858356476, 0.3476872146129608, 0.39803948998451233, 0.3137255012989044, 0.3804876506328583, 0.3935086727142334, 0.4105159342288971, 0.4212815761566162, 0.42110198736190796, 0.4258359372615814], epochs needed: 40
------------------------- TRACKING ---------------------------
Matrix Hash: ed80f01f1dc83a1b, num_times_seen_before: 0
ACC: 0.48888888888888893
TPR/FPR: 0.375, 0.4482758620689655
Loss: [0.3017723858356476, 0.3476872146129608, 0.39803948998451233, 0.3137255012989044, 0.3804876506328583, 0.3935086727142334, 0.4105159342288971, 0.4212815761566162, 0.42110198736190796, 0.4258359372615814]
Timestamp: 64.42319581499987
---------------------------------------------------------------
[tensor([0, 4]), tensor([1, 3]), tensor([2, 7]), tensor([4, 7]), tensor([5, 7])]
Mean loss in evaluation epoch: [0.30397459864616394, 0.36287635564804077, 0.3985269367694855, 0.3070283532142639, 0.379386842250824, 0.3963659107685089, 0.4124549627304077, 0.415252685546875, 0.4220752716064453, 0.4266988933086395], epochs needed: 40
count_changes: 3 / 5

Generation 4
Mean loss in evaluation epoch: [0.2995571792125702, 0.3469476103782654, 0.39803096652030945, 0.30878371000289917, 0.3808414340019226, 0.3925141394138336, 0.40900176763534546, 0.4149128198623657, 0.4214613139629364, 0.4259822368621826], epochs needed: 40
------------------------- TRACKING ---------------------------
Matrix Hash: 182796d973572933, num_times_seen_before: 0
ACC: 0.4222222222222223
TPR/FPR: 0.375, 0.5517241379310345
Loss: [0.2995571792125702, 0.3469476103782654, 0.39803096652030945, 0.30878371000289917, 0.3808414340019226, 0.3925141394138336, 0.40900176763534546, 0.4149128198623657, 0.4214613139629364, 0.4259822368621826]
Timestamp: 87.740430221
---------------------------------------------------------------
[tensor([0, 2]), tensor([1, 3]), tensor([1, 7]), tensor([4, 5]), tensor([4, 6]), tensor([4, 9])]
Mean loss in evaluation epoch: [0.2989961802959442, 0.3466607332229614, 0.3971485197544098, 0.30569326877593994, 0.38463979959487915, 0.39477354288101196, 0.4094468653202057, 0.4161873459815979, 0.4223058521747589, 0.42734095454216003], epochs needed: 40
count_changes: 2 / 6

Generation 5
Mean loss in evaluation epoch: [0.30149784684181213, 0.36328616738319397, 0.3969849646091461, 0.3066500425338745, 0.379656583070755, 0.39293596148490906, 0.40864595770835876, 0.4141336679458618, 0.4213026762008667, 0.4261792004108429], epochs needed: 40
------------------------- TRACKING ---------------------------
Matrix Hash: 7677af4d86f0a086, num_times_seen_before: 0
ACC: 0.4666666666666667
TPR/FPR: 0.4375, 0.5172413793103449
Loss: [0.30149784684181213, 0.36328616738319397, 0.3969849646091461, 0.3066500425338745, 0.379656583070755, 0.39293596148490906, 0.40864595770835876, 0.4141336679458618, 0.4213026762008667, 0.4261792004108429]
Timestamp: 109.83903453799985
---------------------------------------------------------------
[tensor([2, 6]), tensor([3, 4]), tensor([4, 6]), tensor([4, 9]), tensor([5, 7])]
Mean loss in evaluation epoch: [0.2991834878921509, 0.3571304976940155, 0.3962887227535248, 0.3069596290588379, 0.385907918214798, 0.3922017514705658, 0.4076141119003296, 0.4173380434513092, 0.42113861441612244, 0.4253440797328949], epochs needed: 40
count_changes: 1 / 5

Generation 6
Mean loss in evaluation epoch: [0.3011254668235779, 0.36276429891586304, 0.39630988240242004, 0.30595341324806213, 0.3801013231277466, 0.3945792615413666, 0.4078844487667084, 0.4136925935745239, 0.42129069566726685, 0.42605718970298767], epochs needed: 40
------------------------- TRACKING ---------------------------
Matrix Hash: 34263a3599939fa1, num_times_seen_before: 0
ACC: 0.48888888888888893
TPR/FPR: 0.4375, 0.4827586206896552
Loss: [0.3011254668235779, 0.36276429891586304, 0.39630988240242004, 0.30595341324806213, 0.3801013231277466, 0.3945792615413666, 0.4078844487667084, 0.4136925935745239, 0.42129069566726685, 0.42605718970298767]
Timestamp: 132.06186600399974
---------------------------------------------------------------
[tensor([0, 2]), tensor([0, 4]), tensor([0, 6]), tensor([0, 9]), tensor([2, 8]), tensor([3, 5]), tensor([4, 5]), tensor([4, 6]), tensor([4, 9]), tensor([5, 7]), tensor([5, 8]), tensor([5, 9]), tensor([7, 8]), tensor([8, 9])]
Mean loss in evaluation epoch: [0.3003380298614502, 0.36336490511894226, 0.39737367630004883, 0.30823248624801636, 0.3753962516784668, 0.39156246185302734, 0.40715140104293823, 0.4222826361656189, 0.4229164123535156, 0.42686137557029724], epochs needed: 40
count_changes: 8 / 14

Generation 7
Mean loss in evaluation epoch: [0.3040669858455658, 0.3585617244243622, 0.39666029810905457, 0.30782073736190796, 0.3862192928791046, 0.3931427597999573, 0.40721240639686584, 0.4169135093688965, 0.42044883966445923, 0.4259679317474365], epochs needed: 40
------------------------- TRACKING ---------------------------
Matrix Hash: 36225de43c11eb46, num_times_seen_before: 0
ACC: 0.5333333333333333
TPR/FPR: 0.5, 0.4482758620689655
Loss: [0.3040669858455658, 0.3585617244243622, 0.39666029810905457, 0.30782073736190796, 0.3862192928791046, 0.3931427597999573, 0.40721240639686584, 0.4169135093688965, 0.42044883966445923, 0.4259679317474365]
Timestamp: 152.89053578800008
---------------------------------------------------------------
[tensor([0, 2]), tensor([0, 4]), tensor([0, 9]), tensor([2, 4]), tensor([2, 8]), tensor([3, 4]), tensor([3, 5]), tensor([5, 8]), tensor([5, 9]), tensor([6, 8])]
Mean loss in evaluation epoch: [0.3359144926071167, 0.36991798877716064, 0.39727360010147095, 0.3184637427330017, 0.38877585530281067, 0.39774301648139954, 0.40618571639060974, 0.41444000601768494, 0.42139655351638794, 0.4266383647918701], epochs needed: 40
count_changes: 1 / 10

Generation 8
Mean loss in evaluation epoch: [0.3034702241420746, 0.36120283603668213, 0.3961317837238312, 0.30772972106933594, 0.37962806224823, 0.39375853538513184, 0.4070456922054291, 0.425953209400177, 0.42333295941352844, 0.42806708812713623], epochs needed: 40
------------------------- TRACKING ---------------------------
Matrix Hash: 05ddf6e4f3e134aa, num_times_seen_before: 0
ACC: 0.5555555555555556
TPR/FPR: 0.5, 0.41379310344827586
Loss: [0.3034702241420746, 0.36120283603668213, 0.3961317837238312, 0.30772972106933594, 0.37962806224823, 0.39375853538513184, 0.4070456922054291, 0.425953209400177, 0.42333295941352844, 0.42806708812713623]
Timestamp: 175.07603418299982
---------------------------------------------------------------
[tensor([0, 2]), tensor([0, 9]), tensor([3, 4]), tensor([5, 8])]
Mean loss in evaluation epoch: [0.3002628684043884, 0.3617081642150879, 0.3973931670188904, 0.30863216519355774, 0.3835698962211609, 0.3925633430480957, 0.4079892933368683, 0.41535043716430664, 0.42187225818634033, 0.4273756444454193], epochs needed: 40
count_changes: 3 / 4

Generation 9
Mean loss in evaluation epoch: [0.30011919140815735, 0.36100703477859497, 0.3975214958190918, 0.30826622247695923, 0.38813892006874084, 0.3950131833553314, 0.407338947057724, 0.41599613428115845, 0.42172881960868835, 0.42764586210250854], epochs needed: 40
------------------------- TRACKING ---------------------------
Matrix Hash: 52f6097d3a92ecb1, num_times_seen_before: 0
ACC: 0.48888888888888893
TPR/FPR: 0.375, 0.4482758620689655
Loss: [0.30011919140815735, 0.36100703477859497, 0.3975214958190918, 0.30826622247695923, 0.38813892006874084, 0.3950131833553314, 0.407338947057724, 0.41599613428115845, 0.42172881960868835, 0.42764586210250854]
Timestamp: 197.40053493699975
---------------------------------------------------------------
[tensor([0, 1]), tensor([1, 2]), tensor([1, 3]), tensor([1, 5]), tensor([1, 7]), tensor([1, 8]), tensor([1, 9]), tensor([8, 9])]
Mean loss in evaluation epoch: [0.3005829453468323, 0.3686368465423584, 0.3969446122646332, 0.30781063437461853, 0.3944920301437378, 0.3959827423095703, 0.40878036618232727, 0.414621502161026, 0.4217059314250946, 0.4273039400577545], epochs needed: 40
count_changes: 1 / 8

Generation 10
Mean loss in evaluation epoch: [0.30094820261001587, 0.36698830127716064, 0.39930975437164307, 0.30954164266586304, 0.38852202892303467, 0.3976900279521942, 0.40760740637779236, 0.41556304693222046, 0.4212998151779175, 0.4267513155937195], epochs needed: 40
------------------------- TRACKING ---------------------------
Matrix Hash: 2f3b9f21564da948, num_times_seen_before: 0
ACC: 0.5111111111111111
TPR/FPR: 0.375, 0.41379310344827586
Loss: [0.30094820261001587, 0.36698830127716064, 0.39930975437164307, 0.30954164266586304, 0.38852202892303467, 0.3976900279521942, 0.40760740637779236, 0.41556304693222046, 0.4212998151779175, 0.4267513155937195]
Timestamp: 218.97150685199972
---------------------------------------------------------------
[tensor([1, 2]), tensor([1, 5]), tensor([1, 6]), tensor([1, 7]), tensor([7, 9])]
Mean loss in evaluation epoch: [0.3008161187171936, 0.3697931170463562, 0.3966096341609955, 0.30807384848594666, 0.3793446123600006, 0.3955872356891632, 0.4076084792613983, 0.4245235323905945, 0.4218352437019348, 0.42612311244010925], epochs needed: 40
count_changes: 0 / 5

Generation 11
Mean loss in evaluation epoch: [0.30009493231773376, 0.36361491680145264, 0.3978208601474762, 0.30814287066459656, 0.3852356970310211, 0.39589521288871765, 0.40813586115837097, 0.4177572429180145, 0.4216228425502777, 0.4262654781341553], epochs needed: 40
------------------------- TRACKING ---------------------------
Matrix Hash: 2f3b9f21564da948, num_times_seen_before: 1
ACC: 0.5111111111111111
TPR/FPR: 0.375, 0.41379310344827586
Loss: [0.30009493231773376, 0.36361491680145264, 0.3978208601474762, 0.30814287066459656, 0.3852356970310211, 0.39589521288871765, 0.40813586115837097, 0.4177572429180145, 0.4216228425502777, 0.4262654781341553]
Timestamp: 240.79540997699974
---------------------------------------------------------------
[tensor([0, 8]), tensor([1, 2]), tensor([3, 9]), tensor([5, 7])]
