../data/final/Voter/timeseries_ba20_100.pickle
../data/final/edges_ba20.pickle
SEED: 0
NUM_DYN_EPOCHS: 300
DETECT_EARLY_CONVERGENCE: False
CONTINUATION: False
CONT_ADDRESS: /content/drive/MyDrive/BA_Code/hillclimbing_logs/annealing/first/2021-01-27T18_56_40.854852
USE_EVALEPOCH_FOR_GUIDED_MUTATION: False
NUM_GEN: 30
NUM_TRAIN_SAMPLES: 100
NUM_TRAIN_BATCHES: 1
NUM_TEST_SAMPLES: 100
NUM_TEST_BATCHES: 1
BATCH_SIZE: 100
HIDDEN_SIZE: 128
NUM_DYN_EPOCHS: 300
IS_CONTINUOUS: False
USE_MAX: False
Mean loss in evaluation epoch: 0.5811818242073059, epochs needed: 300


 Tracking generation 0
------------------------- TRACKING ---------------------------
Matrix Hash: 0ba2473d7373b552, num_times_seen_before: 0
ACC: 0.5368421052631579
TPR/FPR: 0.5277777777777778, 0.461038961038961
Loss: 0.5811818242073059
Timestamp: 0
---------------------------------------------------------------
Candidate: 7a8e41f09c3e6e1a. Changes:17
Mean loss in evaluation epoch: 0.5453078150749207, epochs needed: 300
smaller, so accepting
Mean loss in evaluation epoch: 0.5423677563667297, epochs needed: 300


 Tracking generation 1
------------------------- TRACKING ---------------------------
Matrix Hash: 7a8e41f09c3e6e1a, num_times_seen_before: 0
ACC: 0.5736842105263158
TPR/FPR: 0.7222222222222222, 0.461038961038961
Loss: 0.5423677563667297
Timestamp: 3.3266010410000035
---------------------------------------------------------------
Candidate: fae972f1d36a5f1d. Changes:20
Mean loss in evaluation epoch: 0.5249029397964478, epochs needed: 300
smaller, so accepting
Mean loss in evaluation epoch: 0.5224295854568481, epochs needed: 300


 Tracking generation 2
------------------------- TRACKING ---------------------------
Matrix Hash: fae972f1d36a5f1d, num_times_seen_before: 0
ACC: 0.6157894736842106
TPR/FPR: 0.8888888888888888, 0.44805194805194803
Loss: 0.5224295854568481
Timestamp: 6.3416370049999955
---------------------------------------------------------------
Candidate: 506820a047d9492a. Changes:30
Mean loss in evaluation epoch: 0.4903221130371094, epochs needed: 300
smaller, so accepting
Mean loss in evaluation epoch: 0.4961276650428772, epochs needed: 300


 Tracking generation 3
------------------------- TRACKING ---------------------------
Matrix Hash: 506820a047d9492a, num_times_seen_before: 0
ACC: 0.6789473684210526
TPR/FPR: 0.9722222222222222, 0.38961038961038963
Loss: 0.4961276650428772
Timestamp: 9.477474771999994
---------------------------------------------------------------
Candidate: ba6423fcf105f530. Changes:32
Mean loss in evaluation epoch: 0.44026196002960205, epochs needed: 300
smaller, so accepting
Mean loss in evaluation epoch: 0.4426320493221283, epochs needed: 300


 Tracking generation 4
------------------------- TRACKING ---------------------------
Matrix Hash: ba6423fcf105f530, num_times_seen_before: 0
ACC: 0.8157894736842105
TPR/FPR: 0.9722222222222222, 0.22077922077922077
Loss: 0.4426320493221283
Timestamp: 12.471674592
---------------------------------------------------------------
Candidate: 5b7646344e20022b. Changes:26
Mean loss in evaluation epoch: 0.4413456320762634, epochs needed: 300
smaller, so accepting
Mean loss in evaluation epoch: 0.4433864653110504, epochs needed: 300


 Tracking generation 5
------------------------- TRACKING ---------------------------
Matrix Hash: 5b7646344e20022b, num_times_seen_before: 0
ACC: 0.8473684210526315
TPR/FPR: 0.9166666666666666, 0.16883116883116883
Loss: 0.4433864653110504
Timestamp: 15.773837070000013
---------------------------------------------------------------
Candidate: cbcbe64cad73afd2. Changes:23
Mean loss in evaluation epoch: 0.4197975695133209, epochs needed: 300
smaller, so accepting
Mean loss in evaluation epoch: 0.4227711856365204, epochs needed: 300


 Tracking generation 6
------------------------- TRACKING ---------------------------
Matrix Hash: cbcbe64cad73afd2, num_times_seen_before: 0
ACC: 0.8526315789473684
TPR/FPR: 0.9722222222222222, 0.17532467532467533
Loss: 0.4227711856365204
Timestamp: 18.908574278000003
---------------------------------------------------------------
Candidate: bf34f99b0b049301. Changes:8
Mean loss in evaluation epoch: 0.4061752259731293, epochs needed: 300
smaller, so accepting
Mean loss in evaluation epoch: 0.40873491764068604, epochs needed: 300


 Tracking generation 7
------------------------- TRACKING ---------------------------
Matrix Hash: bf34f99b0b049301, num_times_seen_before: 0
ACC: 0.8736842105263158
TPR/FPR: 1.0, 0.15584415584415584
Loss: 0.40873491764068604
Timestamp: 22.257642954999994
---------------------------------------------------------------
Candidate: 862178da2e5dfcdc. Changes:15
Mean loss in evaluation epoch: 0.4133504629135132, epochs needed: 300
will accept with prob tensor(0.5329)
rejecting.
Mean loss in evaluation epoch: 0.41067174077033997, epochs needed: 300


 Tracking generation 8
------------------------- TRACKING ---------------------------
Matrix Hash: bf34f99b0b049301, num_times_seen_before: 1
ACC: 0.8736842105263158
TPR/FPR: 1.0, 0.15584415584415584
Loss: 0.41067174077033997
Timestamp: 25.400828520999994
---------------------------------------------------------------
Candidate: 3c8fac8b9e5d298a. Changes:27
Mean loss in evaluation epoch: 0.43358343839645386, epochs needed: 300
will accept with prob tensor(0.0379)
rejecting.
Mean loss in evaluation epoch: 0.4050247371196747, epochs needed: 300


 Tracking generation 9
------------------------- TRACKING ---------------------------
Matrix Hash: bf34f99b0b049301, num_times_seen_before: 2
ACC: 0.8736842105263158
TPR/FPR: 1.0, 0.15584415584415584
Loss: 0.4050247371196747
Timestamp: 28.55493853400003
---------------------------------------------------------------
Candidate: dd741eafb673aea1. Changes:18
Mean loss in evaluation epoch: 0.4304577112197876, epochs needed: 300
will accept with prob tensor(0.0220)
rejecting.
Mean loss in evaluation epoch: 0.4043900668621063, epochs needed: 300


 Tracking generation 10
------------------------- TRACKING ---------------------------
Matrix Hash: bf34f99b0b049301, num_times_seen_before: 3
ACC: 0.8736842105263158
TPR/FPR: 1.0, 0.15584415584415584
Loss: 0.4043900668621063
Timestamp: 31.515268676999995
---------------------------------------------------------------
Candidate: 4b22b3161faf0e17. Changes:21
Mean loss in evaluation epoch: 0.4254673719406128, epochs needed: 300
will accept with prob tensor(0.0359)
rejecting.
Mean loss in evaluation epoch: 0.4109569191932678, epochs needed: 300


 Tracking generation 11
------------------------- TRACKING ---------------------------
Matrix Hash: bf34f99b0b049301, num_times_seen_before: 4
ACC: 0.8736842105263158
TPR/FPR: 1.0, 0.15584415584415584
Loss: 0.4109569191932678
Timestamp: 34.49492813400002
---------------------------------------------------------------
Candidate: da6479a874bd6e6c. Changes:16
Mean loss in evaluation epoch: 0.42476749420166016, epochs needed: 300
will accept with prob tensor(0.1001)
rejecting.
Mean loss in evaluation epoch: 0.4056578576564789, epochs needed: 300


 Tracking generation 12
------------------------- TRACKING ---------------------------
Matrix Hash: bf34f99b0b049301, num_times_seen_before: 5
ACC: 0.8736842105263158
TPR/FPR: 1.0, 0.15584415584415584
Loss: 0.4056578576564789
Timestamp: 37.93018693800002
---------------------------------------------------------------
Candidate: a907f9f313be138c. Changes:21
Mean loss in evaluation epoch: 0.4406602680683136, epochs needed: 300
will accept with prob tensor(0.0021)
rejecting.
Mean loss in evaluation epoch: 0.4109345078468323, epochs needed: 300


 Tracking generation 13
------------------------- TRACKING ---------------------------
Matrix Hash: bf34f99b0b049301, num_times_seen_before: 6
ACC: 0.8736842105263158
TPR/FPR: 1.0, 0.15584415584415584
Loss: 0.4109345078468323
Timestamp: 41.65274562900004
---------------------------------------------------------------
Candidate: 0e3c7adc7c5b0ee5. Changes:19
Mean loss in evaluation epoch: 0.42822492122650146, epochs needed: 300
will accept with prob tensor(0.0391)
rejecting.
Mean loss in evaluation epoch: 0.4084194004535675, epochs needed: 300


 Tracking generation 14
------------------------- TRACKING ---------------------------
Matrix Hash: bf34f99b0b049301, num_times_seen_before: 7
ACC: 0.8736842105263158
TPR/FPR: 1.0, 0.15584415584415584
Loss: 0.4084194004535675
Timestamp: 45.01193727100002
---------------------------------------------------------------
Candidate: 5085d9aae4e4e9e9. Changes:15
Mean loss in evaluation epoch: 0.42107775807380676, epochs needed: 300
will accept with prob tensor(0.0795)
rejecting.
Mean loss in evaluation epoch: 0.4060545861721039, epochs needed: 300


 Tracking generation 15
------------------------- TRACKING ---------------------------
Matrix Hash: bf34f99b0b049301, num_times_seen_before: 8
ACC: 0.8736842105263158
TPR/FPR: 1.0, 0.15584415584415584
Loss: 0.4060545861721039
Timestamp: 47.938623689999986
---------------------------------------------------------------
Candidate: e658a4c426f729a2. Changes:17
Mean loss in evaluation epoch: 0.42599231004714966, epochs needed: 300
will accept with prob tensor(0.0139)
rejecting.
Mean loss in evaluation epoch: 0.4057368338108063, epochs needed: 300


 Tracking generation 16
------------------------- TRACKING ---------------------------
Matrix Hash: bf34f99b0b049301, num_times_seen_before: 9
ACC: 0.8736842105263158
TPR/FPR: 1.0, 0.15584415584415584
Loss: 0.4057368338108063
Timestamp: 50.942234050000025
---------------------------------------------------------------
Candidate: a91d12983601038a. Changes:18
Mean loss in evaluation epoch: 0.41641706228256226, epochs needed: 300
will accept with prob tensor(0.0850)
rejecting.
Mean loss in evaluation epoch: 0.4077725410461426, epochs needed: 300


 Tracking generation 17
------------------------- TRACKING ---------------------------
Matrix Hash: bf34f99b0b049301, num_times_seen_before: 10
ACC: 0.8736842105263158
TPR/FPR: 1.0, 0.15584415584415584
Loss: 0.4077725410461426
Timestamp: 54.06842692399999
---------------------------------------------------------------
Candidate: 7678291ddca60620. Changes:16
Mean loss in evaluation epoch: 0.4255322813987732, epochs needed: 300
will accept with prob tensor(0.0118)
rejecting.
Mean loss in evaluation epoch: 0.41092002391815186, epochs needed: 300


 Tracking generation 18
------------------------- TRACKING ---------------------------
Matrix Hash: bf34f99b0b049301, num_times_seen_before: 11
ACC: 0.8736842105263158
TPR/FPR: 1.0, 0.15584415584415584
Loss: 0.41092002391815186
Timestamp: 57.725535373000014
---------------------------------------------------------------
Candidate: b041fb4216f8537f. Changes:18
Mean loss in evaluation epoch: 0.4164704382419586, epochs needed: 300
will accept with prob tensor(0.2201)
rejecting.
Mean loss in evaluation epoch: 0.41213637590408325, epochs needed: 300


 Tracking generation 19
------------------------- TRACKING ---------------------------
Matrix Hash: bf34f99b0b049301, num_times_seen_before: 12
ACC: 0.8736842105263158
TPR/FPR: 1.0, 0.15584415584415584
Loss: 0.41213637590408325
Timestamp: 60.682922088
---------------------------------------------------------------
Candidate: 215605fb68487d8c. Changes:15
Mean loss in evaluation epoch: 0.4326232671737671, epochs needed: 300
will accept with prob tensor(0.0021)
rejecting.
Mean loss in evaluation epoch: 0.4111182987689972, epochs needed: 300


 Tracking generation 20
------------------------- TRACKING ---------------------------
Matrix Hash: bf34f99b0b049301, num_times_seen_before: 13
ACC: 0.8736842105263158
TPR/FPR: 1.0, 0.15584415584415584
Loss: 0.4111182987689972
Timestamp: 63.621541156000035
---------------------------------------------------------------
Candidate: 568282080c707f40. Changes:21
Mean loss in evaluation epoch: 0.42514723539352417, epochs needed: 300
will accept with prob tensor(0.0093)
rejecting.
Mean loss in evaluation epoch: 0.40610453486442566, epochs needed: 300


 Tracking generation 21
------------------------- TRACKING ---------------------------
Matrix Hash: bf34f99b0b049301, num_times_seen_before: 14
ACC: 0.8736842105263158
TPR/FPR: 1.0, 0.15584415584415584
Loss: 0.40610453486442566
Timestamp: 66.49490935400001
---------------------------------------------------------------
Candidate: 100756dd2b008fed. Changes:20
Mean loss in evaluation epoch: 0.4199545681476593, epochs needed: 300
will accept with prob tensor(0.0056)
rejecting.
Mean loss in evaluation epoch: 0.40811607241630554, epochs needed: 300


 Tracking generation 22
------------------------- TRACKING ---------------------------
Matrix Hash: bf34f99b0b049301, num_times_seen_before: 15
ACC: 0.8736842105263158
TPR/FPR: 1.0, 0.15584415584415584
Loss: 0.40811607241630554
Timestamp: 69.42295263
---------------------------------------------------------------
Candidate: beccbb4f1a9dd9b0. Changes:25
Mean loss in evaluation epoch: 0.4220004379749298, epochs needed: 300
will accept with prob tensor(0.0026)
rejecting.
Mean loss in evaluation epoch: 0.4072977900505066, epochs needed: 300


 Tracking generation 23
------------------------- TRACKING ---------------------------
Matrix Hash: bf34f99b0b049301, num_times_seen_before: 16
ACC: 0.8736842105263158
TPR/FPR: 1.0, 0.15584415584415584
Loss: 0.4072977900505066
Timestamp: 72.37990958400002
---------------------------------------------------------------
Candidate: 4aafb36b643da3d2. Changes:16
Mean loss in evaluation epoch: 0.4128524959087372, epochs needed: 300
will accept with prob tensor(0.0622)
rejecting.
Mean loss in evaluation epoch: 0.406349241733551, epochs needed: 300


 Tracking generation 24
------------------------- TRACKING ---------------------------
Matrix Hash: bf34f99b0b049301, num_times_seen_before: 17
ACC: 0.8736842105263158
TPR/FPR: 1.0, 0.15584415584415584
Loss: 0.406349241733551
Timestamp: 75.331576031
---------------------------------------------------------------
Candidate: 0b7fbd69fd715749. Changes:16
Mean loss in evaluation epoch: 0.4091518819332123, epochs needed: 300
will accept with prob tensor(0.1861)
rejecting.
Mean loss in evaluation epoch: 0.4064343571662903, epochs needed: 300


 Tracking generation 25
------------------------- TRACKING ---------------------------
Matrix Hash: bf34f99b0b049301, num_times_seen_before: 18
ACC: 0.8736842105263158
TPR/FPR: 1.0, 0.15584415584415584
Loss: 0.4064343571662903
Timestamp: 78.34880034700001
---------------------------------------------------------------
Candidate: 5cf064a1488a74ab. Changes:21
Mean loss in evaluation epoch: 0.4421626329421997, epochs needed: 300
will accept with prob tensor(2.3044e-12)
rejecting.
Mean loss in evaluation epoch: 0.40832334756851196, epochs needed: 300


 Tracking generation 26
------------------------- TRACKING ---------------------------
Matrix Hash: bf34f99b0b049301, num_times_seen_before: 19
ACC: 0.8736842105263158
TPR/FPR: 1.0, 0.15584415584415584
Loss: 0.40832334756851196
Timestamp: 81.26958813700003
---------------------------------------------------------------
Candidate: 6dedaf41e5d2f32c. Changes:18
Mean loss in evaluation epoch: 0.41902822256088257, epochs needed: 300
will accept with prob tensor(2.2435e-05)
rejecting.
Mean loss in evaluation epoch: 0.40665873885154724, epochs needed: 300


 Tracking generation 27
------------------------- TRACKING ---------------------------
Matrix Hash: bf34f99b0b049301, num_times_seen_before: 20
ACC: 0.8736842105263158
TPR/FPR: 1.0, 0.15584415584415584
Loss: 0.40665873885154724
Timestamp: 84.18233037499999
---------------------------------------------------------------
Candidate: e8578bff2dbe6038. Changes:21
Mean loss in evaluation epoch: 0.4427538812160492, epochs needed: 300
will accept with prob tensor(3.0628e-24)
rejecting.
Mean loss in evaluation epoch: 0.4114488363265991, epochs needed: 300


 Tracking generation 28
------------------------- TRACKING ---------------------------
Matrix Hash: bf34f99b0b049301, num_times_seen_before: 21
ACC: 0.8736842105263158
TPR/FPR: 1.0, 0.15584415584415584
Loss: 0.4114488363265991
Timestamp: 87.28933213200003
---------------------------------------------------------------
Candidate: c342f5fd98acdbf9. Changes:18
Mean loss in evaluation epoch: 0.41267144680023193, epochs needed: 300
will accept with prob tensor(0.0255)
rejecting.
Mean loss in evaluation epoch: 0.41128966212272644, epochs needed: 300


 Tracking generation 29
------------------------- TRACKING ---------------------------
Matrix Hash: bf34f99b0b049301, num_times_seen_before: 22
ACC: 0.8736842105263158
TPR/FPR: 1.0, 0.15584415584415584
Loss: 0.41128966212272644
Timestamp: 90.37592798200001
---------------------------------------------------------------
Candidate: f94e4e1ebd235d36. Changes:17
Mean loss in evaluation epoch: 0.4256645143032074, epochs needed: 300
will accept with prob tensor(0.)
rejecting.
Mean loss in evaluation epoch: 0.4058934450149536, epochs needed: 300


 Tracking generation 30
------------------------- TRACKING ---------------------------
Matrix Hash: bf34f99b0b049301, num_times_seen_before: 23
ACC: 0.8736842105263158
TPR/FPR: 1.0, 0.15584415584415584
Loss: 0.4058934450149536
Timestamp: 93.68112727200003
---------------------------------------------------------------
Candidate: 138d3fceaaebd0c3. Changes:25
Mean loss in evaluation epoch: 0.43399778008461, epochs needed: 300
will accept with prob tensor(0.)
rejecting.
Mean loss in evaluation epoch: 0.408783882856369, epochs needed: 300


 Tracking generation 31
------------------------- TRACKING ---------------------------
Matrix Hash: bf34f99b0b049301, num_times_seen_before: 24
ACC: 0.8736842105263158
TPR/FPR: 1.0, 0.15584415584415584
Loss: 0.408783882856369
Timestamp: 96.64103463200001
---------------------------------------------------------------
Candidate: f4445a9b931e0ab5. Changes:24
Mean loss in evaluation epoch: 0.4314015805721283, epochs needed: 300
will accept with prob tensor(0.)
rejecting.
Mean loss in evaluation epoch: 0.4101555049419403, epochs needed: 300


 Tracking generation 32
------------------------- TRACKING ---------------------------
Matrix Hash: bf34f99b0b049301, num_times_seen_before: 25
ACC: 0.8736842105263158
TPR/FPR: 1.0, 0.15584415584415584
Loss: 0.4101555049419403
Timestamp: 99.60288876800001
---------------------------------------------------------------
Candidate: cab9c1f69a6b4487. Changes:19
Mean loss in evaluation epoch: 0.40993452072143555, epochs needed: 300
smaller, so accepting
Mean loss in evaluation epoch: 0.4069456160068512, epochs needed: 300


 Tracking generation 33
------------------------- TRACKING ---------------------------
Matrix Hash: cab9c1f69a6b4487, num_times_seen_before: 0
ACC: 0.9
TPR/FPR: 0.9722222222222222, 0.11688311688311688
Loss: 0.4069456160068512
Timestamp: 102.58378455900004
---------------------------------------------------------------
Candidate: d6c53602fefd9db7. Changes:15
Mean loss in evaluation epoch: 0.42621156573295593, epochs needed: 300
will accept with prob tensor(0.)
rejecting.
Mean loss in evaluation epoch: 0.4096677899360657, epochs needed: 300


 Tracking generation 34
------------------------- TRACKING ---------------------------
Matrix Hash: cab9c1f69a6b4487, num_times_seen_before: 1
ACC: 0.9
TPR/FPR: 0.9722222222222222, 0.11688311688311688
Loss: 0.4096677899360657
Timestamp: 105.52184652700004
---------------------------------------------------------------
Candidate: 3e313f275f6a06c8. Changes:12
Mean loss in evaluation epoch: 0.42552828788757324, epochs needed: 300
will accept with prob tensor(0.)
rejecting.
Mean loss in evaluation epoch: 0.4066646695137024, epochs needed: 300


 Tracking generation 35
------------------------- TRACKING ---------------------------
Matrix Hash: cab9c1f69a6b4487, num_times_seen_before: 2
ACC: 0.9
TPR/FPR: 0.9722222222222222, 0.11688311688311688
Loss: 0.4066646695137024
Timestamp: 108.50293891799998
---------------------------------------------------------------
Candidate: 6d8c4bef827345a3. Changes:13
Mean loss in evaluation epoch: 0.42689552903175354, epochs needed: 300
will accept with prob tensor(0.)
rejecting.
Mean loss in evaluation epoch: 0.4123380482196808, epochs needed: 300


 Tracking generation 36
------------------------- TRACKING ---------------------------
Matrix Hash: cab9c1f69a6b4487, num_times_seen_before: 3
ACC: 0.9
TPR/FPR: 0.9722222222222222, 0.11688311688311688
Loss: 0.4123380482196808
Timestamp: 111.360341866
---------------------------------------------------------------
Candidate: 76c790230064456f. Changes:9
Mean loss in evaluation epoch: 0.4091370403766632, epochs needed: 300
smaller, so accepting
Mean loss in evaluation epoch: 0.4109974801540375, epochs needed: 300


 Tracking generation 37
------------------------- TRACKING ---------------------------
Matrix Hash: 76c790230064456f, num_times_seen_before: 0
ACC: 0.8947368421052632
TPR/FPR: 1.0, 0.12987012987012986
Loss: 0.4109974801540375
Timestamp: 114.21394261500001
---------------------------------------------------------------
Candidate: b5dc5228d885824f. Changes:19
Mean loss in evaluation epoch: 0.4059678912162781, epochs needed: 300
smaller, so accepting
Mean loss in evaluation epoch: 0.40735840797424316, epochs needed: 300


 Tracking generation 38
------------------------- TRACKING ---------------------------
Matrix Hash: b5dc5228d885824f, num_times_seen_before: 0
ACC: 0.9
TPR/FPR: 0.9722222222222222, 0.11688311688311688
Loss: 0.40735840797424316
Timestamp: 117.172293491
---------------------------------------------------------------
Candidate: 11a94fa6c1fba6cc. Changes:14
Mean loss in evaluation epoch: 0.4136196970939636, epochs needed: 300
will accept with prob tensor(0.)
rejecting.
Mean loss in evaluation epoch: 0.40579158067703247, epochs needed: 300


 Tracking generation 39
------------------------- TRACKING ---------------------------
Matrix Hash: b5dc5228d885824f, num_times_seen_before: 1
ACC: 0.9
TPR/FPR: 0.9722222222222222, 0.11688311688311688
Loss: 0.40579158067703247
Timestamp: 120.12597221100003
---------------------------------------------------------------
Candidate: 16eac6ba7a207fa6. Changes:6
Mean loss in evaluation epoch: 0.3999527394771576, epochs needed: 300
smaller, so accepting
Mean loss in evaluation epoch: 0.3972589075565338, epochs needed: 300


 Tracking generation 40
------------------------- TRACKING ---------------------------
Matrix Hash: 16eac6ba7a207fa6, num_times_seen_before: 0
ACC: 0.9105263157894736
TPR/FPR: 1.0, 0.11038961038961038
Loss: 0.3972589075565338
Timestamp: 123.08685189100004
---------------------------------------------------------------
Candidate: 38f50592e8b256c7. Changes:21
Mean loss in evaluation epoch: 0.4251755177974701, epochs needed: 300
will accept with prob tensor(0.)
rejecting.
Mean loss in evaluation epoch: 0.39962396025657654, epochs needed: 300


 Tracking generation 41
------------------------- TRACKING ---------------------------
Matrix Hash: 16eac6ba7a207fa6, num_times_seen_before: 1
ACC: 0.9105263157894736
TPR/FPR: 1.0, 0.11038961038961038
Loss: 0.39962396025657654
Timestamp: 126.306445494
---------------------------------------------------------------
Candidate: 2bbaba6a679d5b2b. Changes:20
Mean loss in evaluation epoch: 0.4152156710624695, epochs needed: 300
will accept with prob tensor(0.)
rejecting.
Mean loss in evaluation epoch: 0.3978874385356903, epochs needed: 300


 Tracking generation 42
------------------------- TRACKING ---------------------------
Matrix Hash: 16eac6ba7a207fa6, num_times_seen_before: 2
ACC: 0.9105263157894736
TPR/FPR: 1.0, 0.11038961038961038
Loss: 0.3978874385356903
Timestamp: 129.406442786
---------------------------------------------------------------
Candidate: 87584971dd8aa4bf. Changes:19
Mean loss in evaluation epoch: 0.4069296717643738, epochs needed: 300
will accept with prob tensor(0.)
rejecting.
Mean loss in evaluation epoch: 0.39975208044052124, epochs needed: 300


 Tracking generation 43
------------------------- TRACKING ---------------------------
Matrix Hash: 16eac6ba7a207fa6, num_times_seen_before: 3
ACC: 0.9105263157894736
TPR/FPR: 1.0, 0.11038961038961038
Loss: 0.39975208044052124
Timestamp: 132.349247037
---------------------------------------------------------------
Candidate: c61d3e4af2fb13fd. Changes:22
Mean loss in evaluation epoch: 0.4020962119102478, epochs needed: 300
will accept with prob tensor(0.)
rejecting.
Mean loss in evaluation epoch: 0.3967739939689636, epochs needed: 300


 Tracking generation 44
------------------------- TRACKING ---------------------------
Matrix Hash: 16eac6ba7a207fa6, num_times_seen_before: 4
ACC: 0.9105263157894736
TPR/FPR: 1.0, 0.11038961038961038
Loss: 0.3967739939689636
Timestamp: 135.29296587800002
---------------------------------------------------------------
Candidate: 3723f46eb6f3db7a. Changes:17
Mean loss in evaluation epoch: 0.4060536324977875, epochs needed: 300
will accept with prob tensor(0.)
rejecting.
------------------------- TRACKING ---------------------------
Matrix Hash: 16eac6ba7a207fa6, num_times_seen_before: 5
ACC: 0.9105263157894736
TPR/FPR: 1.0, 0.11038961038961038
Loss: 0.3967739939689636
Timestamp: 136.81799685100003
---------------------------------------------------------------
Time needed: 138.59337484599996 sec
