../data/final/cml/timeseries_ba20_1k_3.5_restart.pickle
../data/final/edges_ba20.pickle
CONTINUATION: False
CONT_ADDRESS: ./hillclimbing_logs/linear/final/heuristics_comp/deterministic/cml/ba10_1k_restart_3.5_random/2021-03-04T15_54_10.394816
SEED: 1
NUM_DYN_EPOCHS: 200
DETECT_EARLY_CONVERGENCE: False
USE_EVALEPOCH_FOR_GUIDED_MUTATION: False
USE_NODEWISE_LOSS: True
USE_DYNAMIC_STEPS: True
NUM_GEN: 45
DETERMINISTIC_EVAL: False
FREE WALK: False
EXPERIMENTS: 1
FORMAT: standard
num samples: 1000
NUM_TRAIN_SAMPLES: 1000
NUM_TRAIN_BATCHES: 10
NUM_TEST_SAMPLES: 1000
NUM_TEST_BATCHES: 10
BATCH_SIZE: 100
HIDDEN_SIZE: 128
NUM_DYN_EPOCHS: 200
IS_CONTINUOUS: True
USE_MAX: False

Generation 0
Mean loss in evaluation epoch: [[0.03198842331767082], [0.08023933321237564], [0.04354998469352722], [0.024866998195648193], [0.03155505657196045], [0.0530766025185585], [0.03589482232928276], [0.04330262914299965], [0.037977591156959534], [0.043847836554050446], [0.0473409965634346], [0.05774020776152611], [0.05146421119570732], [0.057555802166461945], [0.061579156666994095], [0.06710651516914368], [0.059574972838163376], [0.06867388635873795], [0.04902305826544762], [0.07400055974721909]], epochs needed: 200
------------------------- TRACKING ---------------------------
Matrix Hash: ec0cb6f2b6de5684, num_times_seen_before: 0
ACC: 0.5157894736842106
TPR/FPR: 0.4166666666666667, 0.461038961038961
Loss: [[0.03198842331767082], [0.08023933321237564], [0.04354998469352722], [0.024866998195648193], [0.03155505657196045], [0.0530766025185585], [0.03589482232928276], [0.04330262914299965], [0.037977591156959534], [0.043847836554050446], [0.0473409965634346], [0.05774020776152611], [0.05146421119570732], [0.057555802166461945], [0.061579156666994095], [0.06710651516914368], [0.059574972838163376], [0.06867388635873795], [0.04902305826544762], [0.07400055974721909]]
Timestamp: 0
---------------------------------------------------------------
[tensor([0, 3]), tensor([0, 5]), tensor([ 0, 12]), tensor([ 0, 18]), tensor([ 1, 19]), tensor([2, 5]), tensor([ 2, 15]), tensor([3, 7]), tensor([3, 8]), tensor([ 3, 15]), tensor([ 3, 17]), tensor([ 4, 10]), tensor([5, 6]), tensor([5, 8]), tensor([5, 9]), tensor([ 5, 11]), tensor([ 5, 12]), tensor([ 5, 15]), tensor([ 5, 16]), tensor([ 5, 17]), tensor([6, 9]), tensor([ 6, 14]), tensor([ 8, 12]), tensor([ 8, 16]), tensor([ 8, 19]), tensor([ 9, 13]), tensor([10, 15]), tensor([10, 16]), tensor([11, 12]), tensor([11, 17]), tensor([15, 18]), tensor([16, 19])]
Mean loss in evaluation epoch: [[0.039756596088409424], [0.09655596315860748], [0.04890754446387291], [0.018894633278250694], [0.044607143849134445], [0.07183031737804413], [0.031391214579343796], [0.04511655867099762], [0.03939021751284599], [0.043670978397130966], [0.04734783247113228], [0.05522054061293602], [0.055497974157333374], [0.05816543847322464], [0.0574851892888546], [0.07655747979879379], [0.057403262704610825], [0.06081707403063774], [0.05065428838133812], [0.0704805850982666]], epochs needed: 200
count_changes: 10

Generation 1
Mean loss in evaluation epoch: [[0.03150724992156029], [0.07563360780477524], [0.04271271452307701], [0.020335238426923752], [0.043732404708862305], [0.06818541139364243], [0.0317721962928772], [0.03978191688656807], [0.035441696643829346], [0.042821526527404785], [0.05054744705557823], [0.05418608337640762], [0.06439697742462158], [0.05886975675821304], [0.05829440429806709], [0.0684422180056572], [0.054449211806058884], [0.05992382764816284], [0.048469897359609604], [0.07003404945135117]], epochs needed: 200
------------------------- TRACKING ---------------------------
Matrix Hash: 244a763be253f91d, num_times_seen_before: 0
ACC: 0.5368421052631579
TPR/FPR: 0.5833333333333334, 0.474025974025974
Loss: [[0.03150724992156029], [0.07563360780477524], [0.04271271452307701], [0.020335238426923752], [0.043732404708862305], [0.06818541139364243], [0.0317721962928772], [0.03978191688656807], [0.035441696643829346], [0.042821526527404785], [0.05054744705557823], [0.05418608337640762], [0.06439697742462158], [0.05886975675821304], [0.05829440429806709], [0.0684422180056572], [0.054449211806058884], [0.05992382764816284], [0.048469897359609604], [0.07003404945135117]]
Timestamp: 105.60210780900002
---------------------------------------------------------------
[tensor([0, 3]), tensor([0, 5]), tensor([0, 8]), tensor([ 0, 10]), tensor([ 0, 18]), tensor([1, 4]), tensor([ 1, 12]), tensor([ 1, 13]), tensor([ 1, 14]), tensor([ 1, 18]), tensor([2, 6]), tensor([ 2, 18]), tensor([3, 8]), tensor([ 3, 10]), tensor([ 3, 12]), tensor([ 3, 15]), tensor([ 3, 16]), tensor([ 4, 14]), tensor([ 4, 19]), tensor([5, 6]), tensor([5, 7]), tensor([5, 8]), tensor([5, 9]), tensor([ 5, 10]), tensor([ 5, 11]), tensor([ 5, 12]), tensor([ 5, 14]), tensor([ 5, 15]), tensor([6, 8]), tensor([ 6, 12]), tensor([ 6, 19]), tensor([ 7, 19]), tensor([ 8, 15]), tensor([ 9, 10]), tensor([ 9, 14]), tensor([ 9, 19]), tensor([10, 11]), tensor([10, 15]), tensor([11, 19]), tensor([13, 14]), tensor([13, 16]), tensor([13, 17]), tensor([14, 16]), tensor([14, 19]), tensor([15, 17]), tensor([16, 19]), tensor([17, 19])]
Mean loss in evaluation epoch: [[0.025291437283158302], [0.07508020848035812], [0.03958756849169731], [0.018223106861114502], [0.026641247794032097], [0.044890981167554855], [0.023972243070602417], [0.037168778479099274], [0.03063529171049595], [0.036363352090120316], [0.03771175816655159], [0.046730171889066696], [0.042707473039627075], [0.05543389543890953], [0.04703202471137047], [0.057089030742645264], [0.054139137268066406], [0.053407587110996246], [0.047124024480581284], [0.06865885108709335]], epochs needed: 200
count_changes: 47

Generation 2
Mean loss in evaluation epoch: [[0.042500946670770645], [0.0893508642911911], [0.04852732643485069], [0.043985988944768906], [0.03954387456178665], [0.06581339985132217], [0.037414874881505966], [0.047345489263534546], [0.04513293877243996], [0.04572577401995659], [0.05176292732357979], [0.05348001793026924], [0.05119900032877922], [0.08130090683698654], [0.068142369389534], [0.06937267631292343], [0.07074274867773056], [0.06383977085351944], [0.05418722704052925], [0.14308658242225647]], epochs needed: 200
------------------------- TRACKING ---------------------------
Matrix Hash: f3ef043971ce257c, num_times_seen_before: 0
ACC: 0.5842105263157895
TPR/FPR: 0.8888888888888888, 0.487012987012987
Loss: [[0.042500946670770645], [0.0893508642911911], [0.04852732643485069], [0.043985988944768906], [0.03954387456178665], [0.06581339985132217], [0.037414874881505966], [0.047345489263534546], [0.04513293877243996], [0.04572577401995659], [0.05176292732357979], [0.05348001793026924], [0.05119900032877922], [0.08130090683698654], [0.068142369389534], [0.06937267631292343], [0.07074274867773056], [0.06383977085351944], [0.05418722704052925], [0.14308658242225647]]
Timestamp: 211.29967189200002
---------------------------------------------------------------
[tensor([0, 3]), tensor([0, 5]), tensor([0, 9]), tensor([ 0, 14]), tensor([ 1, 11]), tensor([ 1, 13]), tensor([ 1, 14]), tensor([ 2, 19]), tensor([3, 8]), tensor([ 3, 15]), tensor([ 3, 16]), tensor([ 4, 14]), tensor([ 4, 16]), tensor([ 4, 19]), tensor([5, 8]), tensor([ 5, 10]), tensor([ 5, 11]), tensor([ 5, 15]), tensor([ 6, 10]), tensor([ 6, 13]), tensor([ 6, 16]), tensor([ 6, 17]), tensor([ 7, 15]), tensor([ 7, 19]), tensor([ 8, 10]), tensor([ 8, 13]), tensor([ 8, 15]), tensor([ 9, 10]), tensor([ 9, 19]), tensor([10, 13]), tensor([10, 15]), tensor([10, 18]), tensor([10, 19]), tensor([11, 19]), tensor([12, 13]), tensor([12, 15]), tensor([13, 14]), tensor([13, 16]), tensor([13, 19]), tensor([14, 19]), tensor([15, 16]), tensor([15, 17]), tensor([16, 19]), tensor([17, 19]), tensor([18, 19])]
Mean loss in evaluation epoch: [[0.03192228823900223], [0.07603372633457184], [0.042678218334913254], [0.01738276332616806], [0.03138523921370506], [0.043674536049366], [0.02837415039539337], [0.03731362149119377], [0.028642458841204643], [0.041625089943408966], [0.042974796146154404], [0.04945499077439308], [0.037900131195783615], [0.05811760574579239], [0.05092136189341545], [0.07826576381921768], [0.051491547375917435], [0.058597173541784286], [0.04517776891589165], [0.06652691215276718]], epochs needed: 200
count_changes: 43

Generation 3
Mean loss in evaluation epoch: [[0.04024180769920349], [0.07971500605344772], [0.04926913604140282], [0.027618199586868286], [0.03990080952644348], [0.050370898097753525], [0.03871485963463783], [0.045638252049684525], [0.03783063963055611], [0.04932684078812599], [0.047018084675073624], [0.05434948951005936], [0.0461222343146801], [0.07409470528364182], [0.05649783834815025], [0.08655992895364761], [0.05753282457590103], [0.06171141192317009], [0.05158910155296326], [0.08357086032629013]], epochs needed: 200
------------------------- TRACKING ---------------------------
Matrix Hash: ff27b36784021225, num_times_seen_before: 0
ACC: 0.5368421052631579
TPR/FPR: 0.8333333333333334, 0.5324675324675324
Loss: [[0.04024180769920349], [0.07971500605344772], [0.04926913604140282], [0.027618199586868286], [0.03990080952644348], [0.050370898097753525], [0.03871485963463783], [0.045638252049684525], [0.03783063963055611], [0.04932684078812599], [0.047018084675073624], [0.05434948951005936], [0.0461222343146801], [0.07409470528364182], [0.05649783834815025], [0.08655992895364761], [0.05753282457590103], [0.06171141192317009], [0.05158910155296326], [0.08357086032629013]]
Timestamp: 317.466608476
---------------------------------------------------------------
[tensor([0, 3]), tensor([0, 5]), tensor([0, 9]), tensor([ 0, 12]), tensor([ 0, 16]), tensor([ 2, 15]), tensor([ 3, 15]), tensor([ 3, 16]), tensor([ 4, 19]), tensor([ 5, 15]), tensor([ 5, 19]), tensor([ 6, 15]), tensor([ 6, 16]), tensor([7, 8]), tensor([ 7, 11]), tensor([ 7, 13]), tensor([ 8, 10]), tensor([ 8, 14]), tensor([ 8, 15]), tensor([ 9, 10]), tensor([ 9, 16]), tensor([10, 13]), tensor([10, 19]), tensor([11, 12]), tensor([12, 14]), tensor([12, 15]), tensor([13, 14]), tensor([13, 18]), tensor([14, 16]), tensor([14, 19]), tensor([15, 16]), tensor([15, 18]), tensor([16, 18]), tensor([17, 19])]
Mean loss in evaluation epoch: [[0.031342387199401855], [0.08114033192396164], [0.04333877190947533], [0.01870647259056568], [0.03293716907501221], [0.042051173746585846], [0.028422323986887932], [0.04074186459183693], [0.032605405896902084], [0.040872443467378616], [0.0439479760825634], [0.05116390064358711], [0.041434627026319504], [0.053315866738557816], [0.053117621690034866], [0.06590216606855392], [0.05538072809576988], [0.06459585577249527], [0.04503767564892769], [0.07318601757287979]], epochs needed: 200
count_changes: 34

Generation 4
Mean loss in evaluation epoch: [[0.03620567545294762], [0.08104751259088516], [0.04717450216412544], [0.024406084790825844], [0.03543418273329735], [0.04394727945327759], [0.03427394852042198], [0.043149806559085846], [0.03782663121819496], [0.04536411166191101], [0.04584891349077225], [0.054238032549619675], [0.045871179550886154], [0.05478833243250847], [0.05620687082409859], [0.07065220177173615], [0.05873764678835869], [0.06439672410488129], [0.04877585917711258], [0.07400069385766983]], epochs needed: 200
------------------------- TRACKING ---------------------------
Matrix Hash: b5dfa59efebcdb18, num_times_seen_before: 0
ACC: 0.5052631578947369
TPR/FPR: 0.9444444444444444, 0.5974025974025974
Loss: [[0.03620567545294762], [0.08104751259088516], [0.04717450216412544], [0.024406084790825844], [0.03543418273329735], [0.04394727945327759], [0.03427394852042198], [0.043149806559085846], [0.03782663121819496], [0.04536411166191101], [0.04584891349077225], [0.054238032549619675], [0.045871179550886154], [0.05478833243250847], [0.05620687082409859], [0.07065220177173615], [0.05873764678835869], [0.06439672410488129], [0.04877585917711258], [0.07400069385766983]]
Timestamp: 422.837897689
---------------------------------------------------------------
[tensor([ 0, 12]), tensor([ 0, 15]), tensor([ 0, 19]), tensor([2, 6]), tensor([2, 7]), tensor([ 2, 15]), tensor([ 2, 18]), tensor([ 3, 16]), tensor([ 3, 19]), tensor([4, 7]), tensor([4, 9]), tensor([ 4, 10]), tensor([ 4, 13]), tensor([ 4, 17]), tensor([ 5, 17]), tensor([6, 8]), tensor([ 6, 10]), tensor([ 8, 15]), tensor([ 8, 17]), tensor([ 9, 11]), tensor([ 9, 13]), tensor([ 9, 15]), tensor([ 9, 16]), tensor([ 9, 17]), tensor([10, 13]), tensor([10, 18]), tensor([10, 19]), tensor([12, 15]), tensor([12, 17]), tensor([13, 18]), tensor([14, 15]), tensor([15, 16]), tensor([17, 19])]
Mean loss in evaluation epoch: [[0.02820718102157116], [0.08383387327194214], [0.04529063031077385], [0.017654985189437866], [0.039818063378334045], [0.04180508479475975], [0.029744720086455345], [0.03981883451342583], [0.03334159776568413], [0.04114391282200813], [0.04593271017074585], [0.0526106171309948], [0.04183354601264], [0.05358177050948143], [0.061184030026197433], [0.08002718538045883], [0.05469774827361107], [0.06500055640935898], [0.04521758109331131], [0.0649145245552063]], epochs needed: 200
count_changes: 21

Generation 5
Mean loss in evaluation epoch: [[0.037917520850896835], [0.08597387373447418], [0.04325313866138458], [0.01935414969921112], [0.0470399484038353], [0.044747453182935715], [0.0302327461540699], [0.04543658718466759], [0.03409910947084427], [0.042791735380887985], [0.04652578756213188], [0.05521535500884056], [0.04399755224585533], [0.05276701599359512], [0.05868114158511162], [0.07432864606380463], [0.054639287292957306], [0.06531563401222229], [0.04578467831015587], [0.06486096233129501]], epochs needed: 200
------------------------- TRACKING ---------------------------
Matrix Hash: bfe011a5c9ab845c, num_times_seen_before: 0
ACC: 0.45789473684210524
TPR/FPR: 0.9444444444444444, 0.6558441558441559
Loss: [[0.037917520850896835], [0.08597387373447418], [0.04325313866138458], [0.01935414969921112], [0.0470399484038353], [0.044747453182935715], [0.0302327461540699], [0.04543658718466759], [0.03409910947084427], [0.042791735380887985], [0.04652578756213188], [0.05521535500884056], [0.04399755224585533], [0.05276701599359512], [0.05868114158511162], [0.07432864606380463], [0.054639287292957306], [0.06531563401222229], [0.04578467831015587], [0.06486096233129501]]
Timestamp: 528.3989035330001
---------------------------------------------------------------
[tensor([0, 3]), tensor([ 0, 15]), tensor([ 0, 17]), tensor([ 0, 18]), tensor([1, 4]), tensor([1, 7]), tensor([ 2, 14]), tensor([ 3, 10]), tensor([ 3, 12]), tensor([ 3, 15]), tensor([ 3, 19]), tensor([4, 7]), tensor([ 4, 10]), tensor([ 4, 12]), tensor([ 4, 19]), tensor([ 5, 11]), tensor([ 6, 15]), tensor([8, 9]), tensor([ 9, 17]), tensor([10, 12]), tensor([10, 13]), tensor([10, 15]), tensor([10, 19]), tensor([12, 15]), tensor([12, 17]), tensor([12, 18]), tensor([12, 19]), tensor([13, 15]), tensor([13, 16]), tensor([15, 18])]
Mean loss in evaluation epoch: [[0.03053875081241131], [0.07797281444072723], [0.05695367977023125], [0.03213236480951309], [0.05984809994697571], [0.04788755998015404], [0.031453512609004974], [0.04806330054998398], [0.03671112284064293], [0.04117335006594658], [0.04583905637264252], [0.05375458672642708], [0.04909152910113335], [0.05162539705634117], [0.05494816228747368], [0.07486124336719513], [0.0556892454624176], [0.061938781291246414], [0.047446105629205704], [0.06457240134477615]], epochs needed: 200
count_changes: 10

Generation 6
Mean loss in evaluation epoch: [[0.024203423410654068], [0.07828893512487411], [0.04621174558997154], [0.029206329956650734], [0.03442450985312462], [0.04027572274208069], [0.034718867391347885], [0.039919495582580566], [0.039011918008327484], [0.04029492288827896], [0.042057670652866364], [0.05041949078440666], [0.048227228224277496], [0.054279208183288574], [0.052106231451034546], [0.06475962698459625], [0.05215341970324516], [0.061158664524555206], [0.044477444142103195], [0.06301958858966827]], epochs needed: 200
------------------------- TRACKING ---------------------------
Matrix Hash: 303d4e283a0b35bf, num_times_seen_before: 0
ACC: 0.4894736842105263
TPR/FPR: 0.9166666666666666, 0.6103896103896104
Loss: [[0.024203423410654068], [0.07828893512487411], [0.04621174558997154], [0.029206329956650734], [0.03442450985312462], [0.04027572274208069], [0.034718867391347885], [0.039919495582580566], [0.039011918008327484], [0.04029492288827896], [0.042057670652866364], [0.05041949078440666], [0.048227228224277496], [0.054279208183288574], [0.052106231451034546], [0.06475962698459625], [0.05215341970324516], [0.061158664524555206], [0.044477444142103195], [0.06301958858966827]]
Timestamp: 632.9192909740001
---------------------------------------------------------------
[tensor([0, 6]), tensor([1, 4]), tensor([1, 7]), tensor([1, 8]), tensor([ 1, 12]), tensor([ 1, 15]), tensor([2, 6]), tensor([2, 8]), tensor([ 2, 15]), tensor([ 2, 16]), tensor([ 2, 17]), tensor([3, 6]), tensor([3, 7]), tensor([ 3, 12]), tensor([ 3, 18]), tensor([ 3, 19]), tensor([4, 7]), tensor([4, 9]), tensor([ 4, 10]), tensor([ 4, 13]), tensor([ 4, 17]), tensor([ 4, 19]), tensor([6, 9]), tensor([ 6, 12]), tensor([ 6, 15]), tensor([ 6, 18]), tensor([ 7, 10]), tensor([ 7, 12]), tensor([ 7, 14]), tensor([ 8, 15]), tensor([ 8, 17]), tensor([ 8, 19]), tensor([10, 13]), tensor([12, 17]), tensor([13, 14]), tensor([15, 16]), tensor([15, 17])]
Mean loss in evaluation epoch: [[0.0288627240806818], [0.08495780825614929], [0.05343243479728699], [0.03157207742333412], [0.09131021797657013], [0.04625273868441582], [0.05730748176574707], [0.05128970369696617], [0.044304993003606796], [0.043935488909482956], [0.051805347204208374], [0.0537683367729187], [0.05633541941642761], [0.06459426134824753], [0.05478958413004875], [0.08202258497476578], [0.05482856556773186], [0.06492570787668228], [0.05011620745062828], [0.0713290348649025]], epochs needed: 200
count_changes: 0

Generation 7
Mean loss in evaluation epoch: [[0.02455093339085579], [0.07652659714221954], [0.04370500519871712], [0.024088185280561447], [0.036738794296979904], [0.039027269929647446], [0.031960468739271164], [0.038752008229494095], [0.03544003516435623], [0.04063349589705467], [0.043375544250011444], [0.050516944378614426], [0.045145001262426376], [0.05609016492962837], [0.0539533756673336], [0.06307149678468704], [0.05216085910797119], [0.05933569744229317], [0.04313402250409126], [0.06227085739374161]], epochs needed: 200
------------------------- TRACKING ---------------------------
Matrix Hash: 303d4e283a0b35bf, num_times_seen_before: 1
ACC: 0.4894736842105263
TPR/FPR: 0.9166666666666666, 0.6103896103896104
Loss: [[0.02455093339085579], [0.07652659714221954], [0.04370500519871712], [0.024088185280561447], [0.036738794296979904], [0.039027269929647446], [0.031960468739271164], [0.038752008229494095], [0.03544003516435623], [0.04063349589705467], [0.043375544250011444], [0.050516944378614426], [0.045145001262426376], [0.05609016492962837], [0.0539533756673336], [0.06307149678468704], [0.05216085910797119], [0.05933569744229317], [0.04313402250409126], [0.06227085739374161]]
Timestamp: 736.827023866
---------------------------------------------------------------
[tensor([ 0, 11]), tensor([ 0, 12]), tensor([1, 4]), tensor([1, 7]), tensor([1, 8]), tensor([1, 9]), tensor([ 1, 17]), tensor([ 2, 15]), tensor([ 3, 12]), tensor([ 3, 18]), tensor([ 4, 10]), tensor([ 4, 12]), tensor([ 4, 13]), tensor([ 4, 17]), tensor([ 7, 12]), tensor([ 8, 17]), tensor([10, 14]), tensor([10, 15]), tensor([12, 15]), tensor([13, 14]), tensor([13, 16]), tensor([15, 16])]
Mean loss in evaluation epoch: [[0.03653496131300926], [0.08346157521009445], [0.04492270573973656], [0.023070409893989563], [0.0649714320898056], [0.0435042567551136], [0.03417663276195526], [0.05595231056213379], [0.03619144484400749], [0.04177555441856384], [0.05603150278329849], [0.053592145442962646], [0.045784588903188705], [0.05634921416640282], [0.056971218436956406], [0.07016488164663315], [0.05749011039733887], [0.0632932186126709], [0.05276766046881676], [0.06652119755744934]], epochs needed: 200
count_changes: 1

Generation 8
Mean loss in evaluation epoch: [[0.028513098135590553], [0.07934459298849106], [0.05153128132224083], [0.022184770554304123], [0.05360686406493187], [0.04193327948451042], [0.042723577469587326], [0.04168911278247833], [0.04632556438446045], [0.043517131358385086], [0.046336811035871506], [0.052824001759290695], [0.04798812419176102], [0.07010551542043686], [0.05574650317430496], [0.06653272360563278], [0.05449020862579346], [0.06345512717962265], [0.04640975221991539], [0.06436699628829956]], epochs needed: 200
------------------------- TRACKING ---------------------------
Matrix Hash: 0348374e371c4107, num_times_seen_before: 0
ACC: 0.4842105263157894
TPR/FPR: 0.8888888888888888, 0.6103896103896104
Loss: [[0.028513098135590553], [0.07934459298849106], [0.05153128132224083], [0.022184770554304123], [0.05360686406493187], [0.04193327948451042], [0.042723577469587326], [0.04168911278247833], [0.04632556438446045], [0.043517131358385086], [0.046336811035871506], [0.052824001759290695], [0.04798812419176102], [0.07010551542043686], [0.05574650317430496], [0.06653272360563278], [0.05449020862579346], [0.06345512717962265], [0.04640975221991539], [0.06436699628829956]]
Timestamp: 840.701909988
---------------------------------------------------------------
[tensor([ 0, 14]), tensor([1, 4]), tensor([ 1, 17]), tensor([2, 7]), tensor([2, 8]), tensor([ 2, 17]), tensor([ 3, 19]), tensor([ 4, 10]), tensor([ 4, 13]), tensor([ 5, 18]), tensor([6, 7]), tensor([ 6, 15]), tensor([ 6, 18]), tensor([7, 8]), tensor([ 7, 12]), tensor([ 7, 13]), tensor([ 7, 19]), tensor([ 9, 11]), tensor([10, 13]), tensor([10, 14]), tensor([12, 17]), tensor([13, 14]), tensor([13, 16]), tensor([14, 19]), tensor([15, 17]), tensor([15, 18])]
Mean loss in evaluation epoch: [[0.026846179738640785], [0.07611693441867828], [0.042757272720336914], [0.015696747228503227], [0.034974075853824615], [0.03973337635397911], [0.029046490788459778], [0.047858331352472305], [0.03138322755694389], [0.040756672620773315], [0.04749071225523949], [0.05052235350012779], [0.04578198865056038], [0.060936927795410156], [0.059310656040906906], [0.06579115986824036], [0.05390407517552376], [0.06329397112131119], [0.04498140141367912], [0.06271499395370483]], epochs needed: 200
count_changes: 21

Generation 9
Mean loss in evaluation epoch: [[0.026124805212020874], [0.07929391413927078], [0.04738618806004524], [0.018631337210536003], [0.04008212313055992], [0.04108625650405884], [0.03364380821585655], [0.046318769454956055], [0.033426329493522644], [0.042501624673604965], [0.04800289496779442], [0.05278022214770317], [0.045149803161621094], [0.06729026138782501], [0.053209949284791946], [0.07093280553817749], [0.05536338686943054], [0.07854608446359634], [0.054185666143894196], [0.06577908992767334]], epochs needed: 200
------------------------- TRACKING ---------------------------
Matrix Hash: 43f01c3f1872f688, num_times_seen_before: 0
ACC: 0.5105263157894737
TPR/FPR: 0.8888888888888888, 0.577922077922078
Loss: [[0.026124805212020874], [0.07929391413927078], [0.04738618806004524], [0.018631337210536003], [0.04008212313055992], [0.04108625650405884], [0.03364380821585655], [0.046318769454956055], [0.033426329493522644], [0.042501624673604965], [0.04800289496779442], [0.05278022214770317], [0.045149803161621094], [0.06729026138782501], [0.053209949284791946], [0.07093280553817749], [0.05536338686943054], [0.07854608446359634], [0.054185666143894196], [0.06577908992767334]]
Timestamp: 944.663526851
---------------------------------------------------------------
[tensor([ 0, 13]), tensor([ 0, 15]), tensor([ 0, 17]), tensor([1, 4]), tensor([ 1, 17]), tensor([2, 3]), tensor([2, 5]), tensor([2, 7]), tensor([2, 8]), tensor([ 2, 14]), tensor([ 2, 17]), tensor([ 2, 18]), tensor([ 4, 14]), tensor([ 5, 18]), tensor([ 6, 15]), tensor([7, 8]), tensor([ 7, 15]), tensor([ 7, 18]), tensor([ 8, 13]), tensor([ 9, 13]), tensor([ 9, 17]), tensor([ 9, 18]), tensor([10, 13]), tensor([10, 16]), tensor([11, 12]), tensor([12, 17]), tensor([15, 17]), tensor([15, 19]), tensor([17, 18])]
Mean loss in evaluation epoch: [[0.032239966094493866], [0.08468565344810486], [0.08251793682575226], [0.01906229369342327], [0.03281896933913231], [0.045745354145765305], [0.038970574736595154], [0.055834949016571045], [0.03618400916457176], [0.04786837100982666], [0.04744505509734154], [0.05616596341133118], [0.05116996169090271], [0.06190028414130211], [0.05520442873239517], [0.07505970448255539], [0.058630283921957016], [0.07969560474157333], [0.057847894728183746], [0.06789600849151611]], epochs needed: 200
count_changes: 5

Generation 10
Mean loss in evaluation epoch: [[0.027642637491226196], [0.07785194367170334], [0.04332684352993965], [0.018793119117617607], [0.030321478843688965], [0.04041557013988495], [0.02953472174704075], [0.04414857178926468], [0.032285839319229126], [0.041465915739536285], [0.04455085098743439], [0.05451293662190437], [0.04587472602725029], [0.05572610720992088], [0.053368259221315384], [0.06642287224531174], [0.05695851519703865], [0.06762778759002686], [0.04725128784775734], [0.06424437463283539]], epochs needed: 200
------------------------- TRACKING ---------------------------
Matrix Hash: 1accce06ff2c41f2, num_times_seen_before: 0
ACC: 0.5368421052631579
TPR/FPR: 0.8888888888888888, 0.5454545454545454
Loss: [[0.027642637491226196], [0.07785194367170334], [0.04332684352993965], [0.018793119117617607], [0.030321478843688965], [0.04041557013988495], [0.02953472174704075], [0.04414857178926468], [0.032285839319229126], [0.041465915739536285], [0.04455085098743439], [0.05451293662190437], [0.04587472602725029], [0.05572610720992088], [0.053368259221315384], [0.06642287224531174], [0.05695851519703865], [0.06762778759002686], [0.04725128784775734], [0.06424437463283539]]
Timestamp: 1048.627256816
---------------------------------------------------------------
[tensor([0, 3]), tensor([0, 6]), tensor([ 0, 10]), tensor([ 0, 19]), tensor([ 1, 11]), tensor([ 1, 14]), tensor([ 1, 19]), tensor([2, 4]), tensor([ 2, 10]), tensor([ 2, 11]), tensor([ 2, 17]), tensor([ 2, 18]), tensor([3, 5]), tensor([3, 7]), tensor([3, 9]), tensor([ 3, 11]), tensor([4, 5]), tensor([ 4, 11]), tensor([ 4, 13]), tensor([ 4, 16]), tensor([ 5, 12]), tensor([ 5, 13]), tensor([6, 8]), tensor([ 6, 18]), tensor([7, 8]), tensor([ 7, 18]), tensor([8, 9]), tensor([ 9, 10]), tensor([ 9, 11]), tensor([ 9, 12]), tensor([ 9, 19]), tensor([10, 11]), tensor([10, 15]), tensor([10, 16]), tensor([11, 12]), tensor([12, 13]), tensor([12, 19]), tensor([13, 14]), tensor([13, 16]), tensor([13, 17]), tensor([13, 19]), tensor([15, 16]), tensor([15, 17]), tensor([15, 18]), tensor([17, 18])]
Mean loss in evaluation epoch: [[0.026332050561904907], [0.07679928094148636], [0.042727869004011154], [0.02428731694817543], [0.024296075105667114], [0.04422226920723915], [0.0335397869348526], [0.04708511382341385], [0.03398972377181053], [0.04014837369322777], [0.03816215693950653], [0.06069634482264519], [0.046855758875608444], [0.055417414754629135], [0.05237387493252754], [0.05791020393371582], [0.050148140639066696], [0.06157201528549194], [0.04889928922057152], [0.060468949377536774]], epochs needed: 200
count_changes: 25

Generation 11
Mean loss in evaluation epoch: [[0.023165425285696983], [0.07937269657850266], [0.04277264326810837], [0.027353692799806595], [0.03831547126173973], [0.04107792675495148], [0.030349716544151306], [0.04409124329686165], [0.03354918211698532], [0.04205242916941643], [0.043615732342004776], [0.056373078376054764], [0.04343419894576073], [0.051629435271024704], [0.052747756242752075], [0.06283003836870193], [0.05531752109527588], [0.06959198415279388], [0.048965733498334885], [0.08406651765108109]], epochs needed: 200
------------------------- TRACKING ---------------------------
Matrix Hash: 0d2592ba1b630b5f, num_times_seen_before: 0
ACC: 0.6052631578947368
TPR/FPR: 0.8888888888888888, 0.461038961038961
Loss: [[0.023165425285696983], [0.07937269657850266], [0.04277264326810837], [0.027353692799806595], [0.03831547126173973], [0.04107792675495148], [0.030349716544151306], [0.04409124329686165], [0.03354918211698532], [0.04205242916941643], [0.043615732342004776], [0.056373078376054764], [0.04343419894576073], [0.051629435271024704], [0.052747756242752075], [0.06283003836870193], [0.05531752109527588], [0.06959198415279388], [0.048965733498334885], [0.08406651765108109]]
Timestamp: 1152.484353588
---------------------------------------------------------------
[tensor([ 0, 10]), tensor([ 0, 12]), tensor([ 0, 19]), tensor([1, 4]), tensor([ 1, 14]), tensor([ 1, 15]), tensor([ 1, 19]), tensor([2, 7]), tensor([ 2, 10]), tensor([ 2, 11]), tensor([ 2, 17]), tensor([3, 5]), tensor([ 3, 17]), tensor([ 3, 18]), tensor([4, 5]), tensor([4, 7]), tensor([4, 9]), tensor([ 4, 13]), tensor([ 4, 16]), tensor([ 4, 19]), tensor([ 5, 15]), tensor([ 5, 16]), tensor([ 5, 19]), tensor([ 6, 16]), tensor([ 6, 17]), tensor([ 7, 13]), tensor([ 7, 17]), tensor([ 8, 15]), tensor([ 8, 17]), tensor([ 9, 10]), tensor([ 9, 13]), tensor([ 9, 19]), tensor([10, 14]), tensor([10, 19]), tensor([11, 14]), tensor([12, 19]), tensor([13, 14]), tensor([14, 15]), tensor([14, 19]), tensor([15, 17]), tensor([15, 18]), tensor([15, 19]), tensor([17, 18])]
Mean loss in evaluation epoch: [[0.025059271603822708], [0.0756966844201088], [0.04002948850393295], [0.019217008724808693], [0.034998416900634766], [0.0445667989552021], [0.02572903409600258], [0.041191983968019485], [0.02900678478181362], [0.03934303671121597], [0.041614435613155365], [0.05109044536948204], [0.042374785989522934], [0.04914894327521324], [0.051246073096990585], [0.05771654471755028], [0.048662569373846054], [0.0699525848031044], [0.04574902728199959], [0.06590434163808823]], epochs needed: 200
count_changes: 41

Generation 12
Mean loss in evaluation epoch: [[0.022188154980540276], [0.07535915821790695], [0.039577532559633255], [0.018175220116972923], [0.02985996939241886], [0.04523453116416931], [0.02506125532090664], [0.03996746614575386], [0.02757912315428257], [0.037525396794080734], [0.03970177099108696], [0.049868445843458176], [0.042090777307748795], [0.0481143519282341], [0.05083088204264641], [0.054796066135168076], [0.04719696193933487], [0.06662970781326294], [0.044197242707014084], [0.061725880950689316]], epochs needed: 200
------------------------- TRACKING ---------------------------
Matrix Hash: fed06bc248b921e2, num_times_seen_before: 0
ACC: 0.5368421052631579
TPR/FPR: 0.8055555555555556, 0.525974025974026
Loss: [[0.022188154980540276], [0.07535915821790695], [0.039577532559633255], [0.018175220116972923], [0.02985996939241886], [0.04523453116416931], [0.02506125532090664], [0.03996746614575386], [0.02757912315428257], [0.037525396794080734], [0.03970177099108696], [0.049868445843458176], [0.042090777307748795], [0.0481143519282341], [0.05083088204264641], [0.054796066135168076], [0.04719696193933487], [0.06662970781326294], [0.044197242707014084], [0.061725880950689316]]
Timestamp: 1256.39635698
---------------------------------------------------------------
[tensor([ 0, 14]), tensor([ 0, 18]), tensor([1, 7]), tensor([2, 3]), tensor([2, 5]), tensor([ 2, 17]), tensor([ 3, 12]), tensor([ 3, 17]), tensor([ 3, 18]), tensor([ 7, 17]), tensor([8, 9]), tensor([10, 11]), tensor([12, 17]), tensor([12, 19]), tensor([14, 18])]
Mean loss in evaluation epoch: [[0.02657935582101345], [0.07752839475870132], [0.03715425729751587], [0.014821787364780903], [0.031435538083314896], [0.04327565059065819], [0.027103489264845848], [0.04003329947590828], [0.030129099264740944], [0.03739076852798462], [0.04016519710421562], [0.04705251380801201], [0.03825121372938156], [0.04827158525586128], [0.04958321526646614], [0.05652008578181267], [0.048979319632053375], [0.057648129761219025], [0.042193036526441574], [0.06350677460432053]], epochs needed: 200
count_changes: 11

Generation 13
Mean loss in evaluation epoch: [[0.02546743117272854], [0.07851890474557877], [0.039691146463155746], [0.020366502925753593], [0.04040150344371796], [0.046222537755966187], [0.03099782206118107], [0.04340510442852974], [0.04402075335383415], [0.04189818352460861], [0.05257713794708252], [0.049397196620702744], [0.040219731628894806], [0.04957612603902817], [0.053311627358198166], [0.07552238553762436], [0.050532128661870956], [0.06256884336471558], [0.05458245426416397], [0.07385213673114777]], epochs needed: 200
------------------------- TRACKING ---------------------------
Matrix Hash: e2288e328eafd404, num_times_seen_before: 0
ACC: 0.5526315789473684
TPR/FPR: 0.9444444444444444, 0.538961038961039
Loss: [[0.02546743117272854], [0.07851890474557877], [0.039691146463155746], [0.020366502925753593], [0.04040150344371796], [0.046222537755966187], [0.03099782206118107], [0.04340510442852974], [0.04402075335383415], [0.04189818352460861], [0.05257713794708252], [0.049397196620702744], [0.040219731628894806], [0.04957612603902817], [0.053311627358198166], [0.07552238553762436], [0.050532128661870956], [0.06256884336471558], [0.05458245426416397], [0.07385213673114777]]
Timestamp: 1360.306182004
---------------------------------------------------------------
[tensor([0, 3]), tensor([ 0, 10]), tensor([ 0, 16]), tensor([1, 5]), tensor([ 1, 15]), tensor([ 1, 17]), tensor([2, 9]), tensor([ 2, 10]), tensor([ 2, 16]), tensor([ 2, 19]), tensor([3, 5]), tensor([3, 8]), tensor([ 3, 10]), tensor([4, 7]), tensor([4, 9]), tensor([ 4, 10]), tensor([ 4, 13]), tensor([ 4, 16]), tensor([ 4, 19]), tensor([5, 8]), tensor([6, 7]), tensor([6, 8]), tensor([ 6, 10]), tensor([ 6, 15]), tensor([7, 8]), tensor([ 7, 18]), tensor([ 8, 11]), tensor([ 8, 13]), tensor([ 8, 15]), tensor([ 8, 17]), tensor([ 9, 10]), tensor([10, 14]), tensor([10, 19]), tensor([11, 13]), tensor([11, 15]), tensor([11, 18]), tensor([14, 15]), tensor([14, 18]), tensor([14, 19]), tensor([15, 16]), tensor([15, 17]), tensor([15, 18])]
Mean loss in evaluation epoch: [[0.03134342283010483], [0.08207870274782181], [0.037653982639312744], [0.03204609081149101], [0.0348370186984539], [0.055771198123693466], [0.03351625055074692], [0.04951552674174309], [0.054371293634176254], [0.041384343057870865], [0.0460771881043911], [0.05411435291171074], [0.045794762670993805], [0.05168023705482483], [0.053636353462934494], [0.07187064737081528], [0.0521225705742836], [0.0639977976679802], [0.049944113940000534], [0.06185077503323555]], epochs needed: 200
count_changes: 22

Generation 14
Mean loss in evaluation epoch: [[0.02314493991434574], [0.07471426576375961], [0.03759556636214256], [0.026440000161528587], [0.03131259232759476], [0.04422573000192642], [0.02725263312458992], [0.04290468618273735], [0.03075282648205757], [0.03803270682692528], [0.04035111889243126], [0.046382155269384384], [0.04132159426808357], [0.04920561984181404], [0.05102519318461418], [0.06120584160089493], [0.04979563504457474], [0.056372154504060745], [0.04208589717745781], [0.06088845804333687]], epochs needed: 200
------------------------- TRACKING ---------------------------
Matrix Hash: 42a95835e1d85702, num_times_seen_before: 0
ACC: 0.5842105263157895
TPR/FPR: 0.9166666666666666, 0.4935064935064935
Loss: [[0.02314493991434574], [0.07471426576375961], [0.03759556636214256], [0.026440000161528587], [0.03131259232759476], [0.04422573000192642], [0.02725263312458992], [0.04290468618273735], [0.03075282648205757], [0.03803270682692528], [0.04035111889243126], [0.046382155269384384], [0.04132159426808357], [0.04920561984181404], [0.05102519318461418], [0.06120584160089493], [0.04979563504457474], [0.056372154504060745], [0.04208589717745781], [0.06088845804333687]]
Timestamp: 1464.21330476
---------------------------------------------------------------
[tensor([0, 6]), tensor([1, 3]), tensor([1, 7]), tensor([ 1, 11]), tensor([ 1, 18]), tensor([ 1, 19]), tensor([2, 8]), tensor([2, 9]), tensor([ 2, 10]), tensor([3, 6]), tensor([ 3, 15]), tensor([4, 9]), tensor([ 4, 10]), tensor([ 4, 13]), tensor([ 4, 14]), tensor([ 4, 19]), tensor([6, 7]), tensor([ 6, 10]), tensor([ 6, 13]), tensor([ 6, 15]), tensor([ 7, 12]), tensor([ 8, 17]), tensor([ 9, 10]), tensor([12, 15]), tensor([15, 16]), tensor([15, 18]), tensor([17, 19])]
Mean loss in evaluation epoch: [[0.026497120037674904], [0.09420043230056763], [0.04182249307632446], [0.0187345203012228], [0.06270599365234375], [0.04875209927558899], [0.03377199172973633], [0.040595512837171555], [0.03298145532608032], [0.05558350309729576], [0.041837580502033234], [0.049676503986120224], [0.04234173521399498], [0.05167270824313164], [0.05507516860961914], [0.07506334036588669], [0.050878506153821945], [0.05831260606646538], [0.04988781735301018], [0.06258495151996613]], epochs needed: 200
count_changes: 2

Generation 15
Mean loss in evaluation epoch: [[0.025427106767892838], [0.08098072558641434], [0.04602370783686638], [0.02675475738942623], [0.037202123552560806], [0.046487558633089066], [0.030964041128754616], [0.04366949945688248], [0.03782172501087189], [0.040103014558553696], [0.054130859673023224], [0.0481538288295269], [0.04194263368844986], [0.05044637247920036], [0.05109868571162224], [0.07119929045438766], [0.051529061049222946], [0.05885216221213341], [0.043845128268003464], [0.06251740455627441]], epochs needed: 200
------------------------- TRACKING ---------------------------
Matrix Hash: 86433853015854d6, num_times_seen_before: 0
ACC: 0.5947368421052632
TPR/FPR: 0.9166666666666666, 0.4805194805194805
Loss: [[0.025427106767892838], [0.08098072558641434], [0.04602370783686638], [0.02675475738942623], [0.037202123552560806], [0.046487558633089066], [0.030964041128754616], [0.04366949945688248], [0.03782172501087189], [0.040103014558553696], [0.054130859673023224], [0.0481538288295269], [0.04194263368844986], [0.05044637247920036], [0.05109868571162224], [0.07119929045438766], [0.051529061049222946], [0.05885216221213341], [0.043845128268003464], [0.06251740455627441]]
Timestamp: 1568.474104188
---------------------------------------------------------------
[tensor([0, 3]), tensor([1, 3]), tensor([ 1, 15]), tensor([2, 4]), tensor([ 2, 11]), tensor([ 2, 14]), tensor([ 2, 16]), tensor([ 3, 15]), tensor([ 3, 17]), tensor([4, 9]), tensor([ 4, 10]), tensor([ 4, 12]), tensor([ 5, 13]), tensor([ 5, 16]), tensor([ 5, 19]), tensor([6, 8]), tensor([ 6, 10]), tensor([ 8, 11]), tensor([ 8, 12]), tensor([ 9, 10]), tensor([ 9, 15]), tensor([10, 13]), tensor([10, 14]), tensor([14, 15]), tensor([15, 16]), tensor([15, 17]), tensor([15, 18]), tensor([15, 19]), tensor([16, 17])]
Mean loss in evaluation epoch: [[0.029186641797423363], [0.07913967967033386], [0.0397544763982296], [0.025739414617419243], [0.03000323288142681], [0.046908196061849594], [0.03221360594034195], [0.04436009004712105], [0.03369325399398804], [0.03967920318245888], [0.0386686734855175], [0.04933697357773781], [0.04194251447916031], [0.05077902227640152], [0.05160390958189964], [0.07342775911092758], [0.05123262479901314], [0.06743558496236801], [0.04576880857348442], [0.06506358832120895]], epochs needed: 200
count_changes: 15

Generation 16
Mean loss in evaluation epoch: [[0.029550958424806595], [0.08064373582601547], [0.045729707926511765], [0.02313748002052307], [0.04146687313914299], [0.04990097135305405], [0.03203941509127617], [0.04973427578806877], [0.03490845113992691], [0.042777832597494125], [0.04706653952598572], [0.05749325081706047], [0.05100211128592491], [0.05252267047762871], [0.05881735309958458], [0.06657790392637253], [0.05422480031847954], [0.06280802935361862], [0.05024207755923271], [0.06867317110300064]], epochs needed: 200
------------------------- TRACKING ---------------------------
Matrix Hash: 6f045988d34714aa, num_times_seen_before: 0
ACC: 0.5368421052631579
TPR/FPR: 0.9444444444444444, 0.5584415584415584
Loss: [[0.029550958424806595], [0.08064373582601547], [0.045729707926511765], [0.02313748002052307], [0.04146687313914299], [0.04990097135305405], [0.03203941509127617], [0.04973427578806877], [0.03490845113992691], [0.042777832597494125], [0.04706653952598572], [0.05749325081706047], [0.05100211128592491], [0.05252267047762871], [0.05881735309958458], [0.06657790392637253], [0.05422480031847954], [0.06280802935361862], [0.05024207755923271], [0.06867317110300064]]
Timestamp: 1672.613690893
---------------------------------------------------------------
[tensor([0, 7]), tensor([ 0, 12]), tensor([ 0, 14]), tensor([ 0, 18]), tensor([1, 4]), tensor([1, 8]), tensor([ 1, 12]), tensor([2, 6]), tensor([ 2, 15]), tensor([3, 5]), tensor([3, 8]), tensor([ 3, 14]), tensor([ 3, 16]), tensor([ 3, 19]), tensor([4, 6]), tensor([ 4, 10]), tensor([ 4, 12]), tensor([6, 7]), tensor([ 6, 14]), tensor([ 6, 15]), tensor([ 6, 17]), tensor([ 6, 19]), tensor([7, 8]), tensor([ 7, 15]), tensor([ 9, 18]), tensor([10, 11]), tensor([10, 12]), tensor([10, 15]), tensor([11, 12]), tensor([11, 13]), tensor([12, 15]), tensor([13, 14]), tensor([14, 15])]
Mean loss in evaluation epoch: [[0.04661896824836731], [0.09508528560400009], [0.04446355625987053], [0.04977312684059143], [0.04658719152212143], [0.046175092458724976], [0.03926834464073181], [0.0536782406270504], [0.03754529356956482], [0.044563665986061096], [0.059511005878448486], [0.06027058884501457], [0.052643705159425735], [0.05589457228779793], [0.05899359658360481], [0.07408884912729263], [0.056910332292318344], [0.06477760523557663], [0.04782341420650482], [0.06714433431625366]], epochs needed: 200
count_changes: 1

Generation 17
Mean loss in evaluation epoch: [[0.028045132756233215], [0.0798596516251564], [0.04212323948740959], [0.020976563915610313], [0.03705931827425957], [0.04869609698653221], [0.030444754287600517], [0.04814475402235985], [0.03295431658625603], [0.04532846435904503], [0.04315667599439621], [0.05377110466361046], [0.046959083527326584], [0.051394857466220856], [0.05450558662414551], [0.06380166113376617], [0.052874136716127396], [0.06182384118437767], [0.04514707252383232], [0.06792635470628738]], epochs needed: 200
------------------------- TRACKING ---------------------------
Matrix Hash: 98c26ac772909b46, num_times_seen_before: 0
ACC: 0.531578947368421
TPR/FPR: 0.9444444444444444, 0.564935064935065
Loss: [[0.028045132756233215], [0.0798596516251564], [0.04212323948740959], [0.020976563915610313], [0.03705931827425957], [0.04869609698653221], [0.030444754287600517], [0.04814475402235985], [0.03295431658625603], [0.04532846435904503], [0.04315667599439621], [0.05377110466361046], [0.046959083527326584], [0.051394857466220856], [0.05450558662414551], [0.06380166113376617], [0.052874136716127396], [0.06182384118437767], [0.04514707252383232], [0.06792635470628738]]
Timestamp: 1776.702436693
---------------------------------------------------------------
[tensor([0, 7]), tensor([ 0, 11]), tensor([ 0, 17]), tensor([ 0, 18]), tensor([1, 3]), tensor([1, 6]), tensor([ 1, 17]), tensor([2, 4]), tensor([ 2, 19]), tensor([3, 5]), tensor([3, 6]), tensor([ 3, 13]), tensor([ 3, 16]), tensor([ 3, 19]), tensor([ 4, 10]), tensor([ 4, 11]), tensor([6, 9]), tensor([ 8, 11]), tensor([ 8, 12]), tensor([ 9, 15]), tensor([10, 12]), tensor([10, 14]), tensor([10, 19]), tensor([12, 13]), tensor([12, 18]), tensor([12, 19]), tensor([13, 19]), tensor([14, 16])]
Mean loss in evaluation epoch: [[0.045674506574869156], [0.0819326639175415], [0.040731340646743774], [0.05375267192721367], [0.040485404431819916], [0.04248272255063057], [0.036335378885269165], [0.04522699862718582], [0.04404830560088158], [0.04386573284864426], [0.04268243536353111], [0.05129828676581383], [0.05373673513531685], [0.05718867853283882], [0.05541778355836868], [0.06109295412898064], [0.05614427849650383], [0.06151394918560982], [0.04552173614501953], [0.07875999808311462]], epochs needed: 200
count_changes: 1

Generation 18
Mean loss in evaluation epoch: [[0.02834434248507023], [0.07930205017328262], [0.046695318073034286], [0.021952776238322258], [0.042722318321466446], [0.04943490028381348], [0.03141720965504646], [0.0488707572221756], [0.03458858281373978], [0.04238147288560867], [0.04804249480366707], [0.05824815109372139], [0.051891472190618515], [0.05241153761744499], [0.059325169771909714], [0.06157536432147026], [0.054101552814245224], [0.06182141974568367], [0.046511780470609665], [0.06785672158002853]], epochs needed: 200
------------------------- TRACKING ---------------------------
Matrix Hash: 94463f1ac66b2072, num_times_seen_before: 0
ACC: 0.5368421052631579
TPR/FPR: 0.9444444444444444, 0.5584415584415584
Loss: [[0.02834434248507023], [0.07930205017328262], [0.046695318073034286], [0.021952776238322258], [0.042722318321466446], [0.04943490028381348], [0.03141720965504646], [0.0488707572221756], [0.03458858281373978], [0.04238147288560867], [0.04804249480366707], [0.05824815109372139], [0.051891472190618515], [0.05241153761744499], [0.059325169771909714], [0.06157536432147026], [0.054101552814245224], [0.06182141974568367], [0.046511780470609665], [0.06785672158002853]]
Timestamp: 1881.207130641
---------------------------------------------------------------
[tensor([0, 7]), tensor([ 0, 15]), tensor([ 0, 17]), tensor([ 0, 18]), tensor([1, 3]), tensor([2, 4]), tensor([ 2, 14]), tensor([3, 5]), tensor([3, 6]), tensor([ 3, 13]), tensor([ 3, 16]), tensor([ 3, 19]), tensor([ 4, 10]), tensor([ 4, 11]), tensor([ 4, 15]), tensor([ 4, 18]), tensor([ 5, 18]), tensor([ 6, 13]), tensor([ 6, 19]), tensor([ 7, 15]), tensor([10, 13]), tensor([11, 13]), tensor([13, 19]), tensor([14, 16]), tensor([17, 18])]
Mean loss in evaluation epoch: [[0.056586701422929764], [0.08187315613031387], [0.04898825287818909], [0.07452636957168579], [0.10935650020837784], [0.047134630382061005], [0.036768414080142975], [0.04709814861416817], [0.036144107580184937], [0.041625894606113434], [0.04775950312614441], [0.05497341975569725], [0.04653264209628105], [0.05805259943008423], [0.06041515991091728], [0.06532874703407288], [0.057054467499256134], [0.062475014477968216], [0.05447600036859512], [0.07150500267744064]], epochs needed: 200
count_changes: 0

Generation 19
Mean loss in evaluation epoch: [[0.03042653203010559], [0.0796806737780571], [0.045435503125190735], [0.025293607264757156], [0.04083072021603584], [0.049999624490737915], [0.03108086623251438], [0.049806851893663406], [0.03362913057208061], [0.04160691425204277], [0.04618655890226364], [0.056941743940114975], [0.05027109012007713], [0.051761824637651443], [0.05697695165872574], [0.06083666905760765], [0.05370785668492317], [0.06294857710599899], [0.045914653688669205], [0.06904076039791107]], epochs needed: 200
------------------------- TRACKING ---------------------------
Matrix Hash: 94463f1ac66b2072, num_times_seen_before: 1
ACC: 0.5368421052631579
TPR/FPR: 0.9444444444444444, 0.5584415584415584
Loss: [[0.03042653203010559], [0.0796806737780571], [0.045435503125190735], [0.025293607264757156], [0.04083072021603584], [0.049999624490737915], [0.03108086623251438], [0.049806851893663406], [0.03362913057208061], [0.04160691425204277], [0.04618655890226364], [0.056941743940114975], [0.05027109012007713], [0.051761824637651443], [0.05697695165872574], [0.06083666905760765], [0.05370785668492317], [0.06294857710599899], [0.045914653688669205], [0.06904076039791107]]
Timestamp: 1985.231434152
---------------------------------------------------------------
[tensor([0, 7]), tensor([ 0, 17]), tensor([1, 4]), tensor([ 2, 11]), tensor([3, 5]), tensor([3, 6]), tensor([ 3, 14]), tensor([ 3, 19]), tensor([4, 6]), tensor([4, 9]), tensor([ 4, 11]), tensor([ 4, 15]), tensor([ 6, 15]), tensor([ 6, 19]), tensor([ 9, 10]), tensor([ 9, 11]), tensor([ 9, 13]), tensor([10, 12]), tensor([10, 14]), tensor([10, 18]), tensor([11, 16]), tensor([12, 14]), tensor([12, 18]), tensor([12, 19]), tensor([13, 14]), tensor([13, 19]), tensor([14, 15])]
Mean loss in evaluation epoch: [[0.029755497351288795], [0.07881912589073181], [0.03674066811800003], [0.03047811985015869], [0.03661090135574341], [0.040239572525024414], [0.032609790563583374], [0.042810361832380295], [0.03082779422402382], [0.0476321205496788], [0.03960670158267021], [0.051894690841436386], [0.041341762989759445], [0.04999933019280434], [0.05369741469621658], [0.0614706389605999], [0.05036133527755737], [0.057258524000644684], [0.042620982974767685], [0.0686839297413826]], epochs needed: 200
count_changes: 19

Generation 20
Mean loss in evaluation epoch: [[0.03705845773220062], [0.079670250415802], [0.039188187569379807], [0.019214877858757973], [0.03292066231369972], [0.044613067060709], [0.03274356201291084], [0.045295413583517075], [0.03338131681084633], [0.039150215685367584], [0.04018232598900795], [0.05003858730196953], [0.04202498868107796], [0.051986850798130035], [0.05630010366439819], [0.06145746260881424], [0.051840413361787796], [0.06055569276213646], [0.04432738944888115], [0.06528779119253159]], epochs needed: 200
------------------------- TRACKING ---------------------------
Matrix Hash: e07f47d8d8c34649, num_times_seen_before: 0
ACC: 0.5842105263157895
TPR/FPR: 0.9444444444444444, 0.5
Loss: [[0.03705845773220062], [0.079670250415802], [0.039188187569379807], [0.019214877858757973], [0.03292066231369972], [0.044613067060709], [0.03274356201291084], [0.045295413583517075], [0.03338131681084633], [0.039150215685367584], [0.04018232598900795], [0.05003858730196953], [0.04202498868107796], [0.051986850798130035], [0.05630010366439819], [0.06145746260881424], [0.051840413361787796], [0.06055569276213646], [0.04432738944888115], [0.06528779119253159]]
Timestamp: 2089.618487243
---------------------------------------------------------------
[tensor([0, 1]), tensor([0, 5]), tensor([0, 6]), tensor([0, 7]), tensor([ 0, 17]), tensor([ 0, 19]), tensor([1, 4]), tensor([ 1, 10]), tensor([2, 7]), tensor([ 2, 13]), tensor([ 2, 15]), tensor([ 2, 16]), tensor([4, 6]), tensor([ 4, 11]), tensor([ 4, 13]), tensor([ 4, 14]), tensor([ 4, 15]), tensor([ 4, 16]), tensor([ 5, 12]), tensor([ 5, 13]), tensor([ 5, 16]), tensor([ 5, 17]), tensor([ 5, 19]), tensor([ 7, 17]), tensor([ 7, 19]), tensor([8, 9]), tensor([10, 14]), tensor([11, 14]), tensor([12, 14]), tensor([12, 19]), tensor([13, 14]), tensor([13, 19]), tensor([14, 17]), tensor([17, 19])]
Mean loss in evaluation epoch: [[0.04208768531680107], [0.08266154676675797], [0.052078891545534134], [0.021438365802168846], [0.06569413095712662], [0.06504825502634048], [0.032218653708696365], [0.05312461405992508], [0.03322523087263107], [0.03964933380484581], [0.03906416520476341], [0.05058206990361214], [0.042746227234601974], [0.05277060344815254], [0.06780464947223663], [0.05954683944582939], [0.05167243629693985], [0.06329130381345749], [0.046308483928442], [0.07617165893316269]], epochs needed: 200
count_changes: 0

Generation 21
Mean loss in evaluation epoch: [[0.042496662586927414], [0.08097069710493088], [0.040676433593034744], [0.021063147112727165], [0.03977189585566521], [0.046605758368968964], [0.034738875925540924], [0.04742451012134552], [0.03468911722302437], [0.04131525382399559], [0.047922130674123764], [0.053063489496707916], [0.043687015771865845], [0.05286813899874687], [0.06307093799114227], [0.06369895488023758], [0.0533476360142231], [0.06188920885324478], [0.04653870686888695], [0.06966956704854965]], epochs needed: 200
------------------------- TRACKING ---------------------------
Matrix Hash: e07f47d8d8c34649, num_times_seen_before: 1
ACC: 0.5842105263157895
TPR/FPR: 0.9444444444444444, 0.5
Loss: [[0.042496662586927414], [0.08097069710493088], [0.040676433593034744], [0.021063147112727165], [0.03977189585566521], [0.046605758368968964], [0.034738875925540924], [0.04742451012134552], [0.03468911722302437], [0.04131525382399559], [0.047922130674123764], [0.053063489496707916], [0.043687015771865845], [0.05286813899874687], [0.06307093799114227], [0.06369895488023758], [0.0533476360142231], [0.06188920885324478], [0.04653870686888695], [0.06966956704854965]]
Timestamp: 2194.036536668
---------------------------------------------------------------
[tensor([0, 3]), tensor([0, 7]), tensor([0, 8]), tensor([ 0, 16]), tensor([ 0, 17]), tensor([ 2, 17]), tensor([3, 5]), tensor([4, 5]), tensor([4, 6]), tensor([ 4, 14]), tensor([ 4, 16]), tensor([5, 7]), tensor([ 5, 10]), tensor([ 5, 16]), tensor([ 5, 17]), tensor([ 5, 19]), tensor([6, 7]), tensor([ 6, 18]), tensor([ 7, 19]), tensor([ 9, 10]), tensor([10, 18]), tensor([11, 13]), tensor([11, 15]), tensor([11, 18]), tensor([11, 19]), tensor([12, 14]), tensor([13, 17]), tensor([14, 17]), tensor([16, 19]), tensor([17, 19])]
Mean loss in evaluation epoch: [[0.04174571484327316], [0.08100628852844238], [0.041856445372104645], [0.021032189950346947], [0.04147406294941902], [0.050449032336473465], [0.04387326166033745], [0.04189272224903107], [0.036313947290182114], [0.04342387616634369], [0.03946767374873161], [0.04914289340376854], [0.043854326009750366], [0.05043281987309456], [0.05157357454299927], [0.06035393103957176], [0.05719023942947388], [0.06887855380773544], [0.051234301179647446], [0.07570166885852814]], epochs needed: 200
count_changes: 11

Generation 22
Mean loss in evaluation epoch: [[0.029721612110733986], [0.0804174467921257], [0.04045608267188072], [0.017938105389475822], [0.04104916378855705], [0.04783682897686958], [0.03523166850209236], [0.05707883462309837], [0.03472449257969856], [0.04316726326942444], [0.04024013876914978], [0.056144386529922485], [0.04624989628791809], [0.05036774277687073], [0.054403167217969894], [0.059581976383924484], [0.05356549844145775], [0.06923618167638779], [0.04428189620375633], [0.0692015141248703]], epochs needed: 200
------------------------- TRACKING ---------------------------
Matrix Hash: 86d5e44c1514b015, num_times_seen_before: 0
ACC: 0.5578947368421052
TPR/FPR: 0.9166666666666666, 0.525974025974026
Loss: [[0.029721612110733986], [0.0804174467921257], [0.04045608267188072], [0.017938105389475822], [0.04104916378855705], [0.04783682897686958], [0.03523166850209236], [0.05707883462309837], [0.03472449257969856], [0.04316726326942444], [0.04024013876914978], [0.056144386529922485], [0.04624989628791809], [0.05036774277687073], [0.054403167217969894], [0.059581976383924484], [0.05356549844145775], [0.06923618167638779], [0.04428189620375633], [0.0692015141248703]]
Timestamp: 2298.253819074
---------------------------------------------------------------
[tensor([0, 3]), tensor([1, 3]), tensor([1, 4]), tensor([2, 5]), tensor([3, 6]), tensor([ 3, 16]), tensor([4, 5]), tensor([ 4, 11]), tensor([ 4, 13]), tensor([ 5, 19]), tensor([6, 7]), tensor([ 6, 11]), tensor([7, 8]), tensor([ 7, 12]), tensor([ 7, 13]), tensor([8, 9]), tensor([ 9, 18]), tensor([11, 13]), tensor([11, 18]), tensor([12, 15]), tensor([12, 17]), tensor([13, 17]), tensor([14, 16]), tensor([15, 17]), tensor([17, 19])]
Mean loss in evaluation epoch: [[0.023446252569556236], [0.07697411626577377], [0.03985009714961052], [0.027561986818909645], [0.034482523798942566], [0.039436858147382736], [0.03135758638381958], [0.04114493355154991], [0.03205189108848572], [0.04112120717763901], [0.03598165512084961], [0.0513080470263958], [0.03929177671670914], [0.050350356847047806], [0.051642049103975296], [0.061417628079652786], [0.05017177015542984], [0.062176771461963654], [0.0444478914141655], [0.06273388117551804]], epochs needed: 200
count_changes: 21

Generation 23
Mean loss in evaluation epoch: [[0.028868017718195915], [0.08090203255414963], [0.04198655113577843], [0.01756518892943859], [0.05092671141028404], [0.04110071063041687], [0.03727997466921806], [0.05448725447058678], [0.034265030175447464], [0.04682915285229683], [0.03937223181128502], [0.06350533664226532], [0.04142547398805618], [0.05657031014561653], [0.0525997057557106], [0.07371604442596436], [0.055136144161224365], [0.07578795403242111], [0.04554535821080208], [0.0637563094496727]], epochs needed: 200
------------------------- TRACKING ---------------------------
Matrix Hash: 952a226d10a2dd26, num_times_seen_before: 0
ACC: 0.5631578947368421
TPR/FPR: 0.9444444444444444, 0.525974025974026
Loss: [[0.028868017718195915], [0.08090203255414963], [0.04198655113577843], [0.01756518892943859], [0.05092671141028404], [0.04110071063041687], [0.03727997466921806], [0.05448725447058678], [0.034265030175447464], [0.04682915285229683], [0.03937223181128502], [0.06350533664226532], [0.04142547398805618], [0.05657031014561653], [0.0525997057557106], [0.07371604442596436], [0.055136144161224365], [0.07578795403242111], [0.04554535821080208], [0.0637563094496727]]
Timestamp: 2402.614549786
---------------------------------------------------------------
[tensor([0, 3]), tensor([ 0, 14]), tensor([ 0, 15]), tensor([ 1, 11]), tensor([ 2, 18]), tensor([ 2, 19]), tensor([ 3, 14]), tensor([ 3, 19]), tensor([4, 7]), tensor([4, 8]), tensor([ 4, 10]), tensor([ 4, 11]), tensor([ 4, 13]), tensor([ 5, 10]), tensor([ 5, 15]), tensor([6, 8]), tensor([ 6, 10]), tensor([ 7, 10]), tensor([ 7, 11]), tensor([ 7, 12]), tensor([ 7, 19]), tensor([8, 9]), tensor([ 8, 15]), tensor([ 8, 17]), tensor([ 9, 15]), tensor([ 9, 17]), tensor([11, 12]), tensor([13, 17]), tensor([14, 15]), tensor([14, 16]), tensor([15, 17]), tensor([17, 18]), tensor([17, 19])]
Mean loss in evaluation epoch: [[0.026363391429185867], [0.07786153256893158], [0.038860101252794266], [0.016852138563990593], [0.037712033838033676], [0.03864949941635132], [0.03097805194556713], [0.040732380002737045], [0.035581789910793304], [0.03891773894429207], [0.041662778705358505], [0.049387771636247635], [0.04164667800068855], [0.05049266293644905], [0.052541255950927734], [0.0609310045838356], [0.05073137208819389], [0.05980227515101433], [0.043823953717947006], [0.06115027889609337]], epochs needed: 200
count_changes: 33

Generation 24
Mean loss in evaluation epoch: [[0.036868866533041], [0.08091837912797928], [0.040193378925323486], [0.02834019623696804], [0.044554270803928375], [0.04596243426203728], [0.03248302638530731], [0.0469246469438076], [0.03808872029185295], [0.04342145100235939], [0.049872200936079025], [0.054638177156448364], [0.049827516078948975], [0.05504614859819412], [0.06107104942202568], [0.07248751074075699], [0.054806794971227646], [0.06997046619653702], [0.04857860133051872], [0.06400137394666672]], epochs needed: 200
------------------------- TRACKING ---------------------------
Matrix Hash: 708aedeb943c907d, num_times_seen_before: 0
ACC: 0.5263157894736843
TPR/FPR: 0.9166666666666666, 0.564935064935065
Loss: [[0.036868866533041], [0.08091837912797928], [0.040193378925323486], [0.02834019623696804], [0.044554270803928375], [0.04596243426203728], [0.03248302638530731], [0.0469246469438076], [0.03808872029185295], [0.04342145100235939], [0.049872200936079025], [0.054638177156448364], [0.049827516078948975], [0.05504614859819412], [0.06107104942202568], [0.07248751074075699], [0.054806794971227646], [0.06997046619653702], [0.04857860133051872], [0.06400137394666672]]
Timestamp: 2506.815003998
---------------------------------------------------------------
[tensor([0, 2]), tensor([0, 6]), tensor([0, 9]), tensor([ 0, 14]), tensor([ 0, 15]), tensor([ 0, 17]), tensor([ 0, 19]), tensor([1, 6]), tensor([ 1, 10]), tensor([ 1, 19]), tensor([2, 3]), tensor([ 2, 10]), tensor([ 2, 14]), tensor([ 2, 15]), tensor([ 2, 17]), tensor([3, 9]), tensor([ 3, 15]), tensor([ 3, 17]), tensor([4, 6]), tensor([ 4, 10]), tensor([ 4, 11]), tensor([ 4, 16]), tensor([ 5, 10]), tensor([ 5, 11]), tensor([ 5, 14]), tensor([ 5, 17]), tensor([ 7, 10]), tensor([ 7, 11]), tensor([8, 9]), tensor([ 8, 15]), tensor([ 9, 19]), tensor([10, 12]), tensor([13, 17]), tensor([13, 19]), tensor([14, 15]), tensor([14, 17]), tensor([15, 17]), tensor([15, 18])]
Mean loss in evaluation epoch: [[0.04069311544299126], [0.07857447117567062], [0.05222463235259056], [0.022534355521202087], [0.03567111864686012], [0.041274648159742355], [0.031093329191207886], [0.03926515206694603], [0.03508686646819115], [0.05031926557421684], [0.044825103133916855], [0.050328683108091354], [0.04080597683787346], [0.05051615834236145], [0.05202637240290642], [0.06901120394468307], [0.049668438732624054], [0.07170963287353516], [0.04478828236460686], [0.06498488038778305]], epochs needed: 200
count_changes: 24

Generation 25
Mean loss in evaluation epoch: [[0.02902880869805813], [0.07788147777318954], [0.038897302001714706], [0.016727706417441368], [0.03502007946372032], [0.043375205248594284], [0.03112844191491604], [0.04253314435482025], [0.0331205278635025], [0.042168594896793365], [0.039085373282432556], [0.051046039909124374], [0.04859497770667076], [0.05216732248663902], [0.0539717860519886], [0.06986619532108307], [0.04987836629152298], [0.07111730426549911], [0.04440005496144295], [0.06351228058338165]], epochs needed: 200
------------------------- TRACKING ---------------------------
Matrix Hash: 9054135b291792a3, num_times_seen_before: 0
ACC: 0.5368421052631579
TPR/FPR: 0.9166666666666666, 0.551948051948052
Loss: [[0.02902880869805813], [0.07788147777318954], [0.038897302001714706], [0.016727706417441368], [0.03502007946372032], [0.043375205248594284], [0.03112844191491604], [0.04253314435482025], [0.0331205278635025], [0.042168594896793365], [0.039085373282432556], [0.051046039909124374], [0.04859497770667076], [0.05216732248663902], [0.0539717860519886], [0.06986619532108307], [0.04987836629152298], [0.07111730426549911], [0.04440005496144295], [0.06351228058338165]]
Timestamp: 2610.92604715
---------------------------------------------------------------
[tensor([0, 6]), tensor([0, 9]), tensor([ 0, 15]), tensor([ 0, 16]), tensor([1, 4]), tensor([1, 5]), tensor([1, 6]), tensor([ 1, 10]), tensor([2, 4]), tensor([2, 6]), tensor([ 2, 12]), tensor([ 2, 18]), tensor([3, 4]), tensor([3, 9]), tensor([ 3, 15]), tensor([ 3, 16]), tensor([ 3, 17]), tensor([4, 6]), tensor([ 4, 10]), tensor([ 4, 11]), tensor([ 4, 16]), tensor([ 5, 10]), tensor([ 5, 17]), tensor([ 5, 19]), tensor([6, 9]), tensor([ 7, 12]), tensor([ 7, 15]), tensor([8, 9]), tensor([ 8, 13]), tensor([ 9, 11]), tensor([12, 15]), tensor([12, 16]), tensor([12, 17]), tensor([12, 18]), tensor([13, 15]), tensor([13, 17]), tensor([14, 15]), tensor([15, 17])]
