../data/final/netrd/SIS/timeseries_ba10_1k_0.15.pickle
../data/final/edges_ba10.pickle
SEED: 0
NUM_DYN_EPOCHS: 30
DETECT_EARLY_CONVERGENCE: False
CONTINUATION: False
CONT_ADDRESS: /content/drive/MyDrive/BA_Code/hillclimbing_logs/annealing/first/2021-01-27T18_56_40.854852
USE_EVALEPOCH_FOR_GUIDED_MUTATION: False
NUM_GEN: 30
num samples: 1000
NUM_TRAIN_SAMPLES: 999
NUM_TRAIN_BATCHES: 10
NUM_TEST_SAMPLES: 999
NUM_TEST_BATCHES: 10
BATCH_SIZE: 100
HIDDEN_SIZE: 128
NUM_DYN_EPOCHS: 30
IS_CONTINUOUS: False
USE_MAX: False
Mean loss in evaluation epoch: 0.3788035809993744, epochs needed: 30


 Tracking generation 0
------------------------- TRACKING ---------------------------
Matrix Hash: 2e2880a5772990a1, num_times_seen_before: 0
ACC: 0.4222222222222223
TPR/FPR: 0.5, 0.6206896551724138
Loss: 0.3788035809993744
Timestamp: 0
---------------------------------------------------------------
Candidate: 767b0e9517b23e10. Changes:10
Mean loss in evaluation epoch: 0.37914377450942993, epochs needed: 30
will accept with prob tensor(0.9654)
accepting!
Mean loss in evaluation epoch: 0.3800877034664154, epochs needed: 30


 Tracking generation 1
------------------------- TRACKING ---------------------------
Matrix Hash: 767b0e9517b23e10, num_times_seen_before: 0
ACC: 0.4222222222222223
TPR/FPR: 0.5625, 0.6551724137931034
Loss: 0.3800877034664154
Timestamp: 3.0016197639999973
---------------------------------------------------------------
Candidate: 00dfb17858681fbf. Changes:10
Mean loss in evaluation epoch: 0.37690719962120056, epochs needed: 30
smaller, so accepting
Mean loss in evaluation epoch: 0.37921521067619324, epochs needed: 30


 Tracking generation 2
------------------------- TRACKING ---------------------------
Matrix Hash: 00dfb17858681fbf, num_times_seen_before: 0
ACC: 0.6
TPR/FPR: 0.75, 0.4827586206896552
Loss: 0.37921521067619324
Timestamp: 5.973347732999969
---------------------------------------------------------------
Candidate: 7c293f3d1809c184. Changes:12
Mean loss in evaluation epoch: 0.3842122256755829, epochs needed: 30
will accept with prob tensor(0.5739)
accepting!
Mean loss in evaluation epoch: 0.3844166696071625, epochs needed: 30


 Tracking generation 3
------------------------- TRACKING ---------------------------
Matrix Hash: 7c293f3d1809c184, num_times_seen_before: 0
ACC: 0.6888888888888889
TPR/FPR: 0.75, 0.3448275862068966
Loss: 0.3844166696071625
Timestamp: 8.907651009000006
---------------------------------------------------------------
Candidate: 124d5fba2fbec688. Changes:11
Mean loss in evaluation epoch: 0.3878127634525299, epochs needed: 30
will accept with prob tensor(0.6758)
accepting!
Mean loss in evaluation epoch: 0.3856383264064789, epochs needed: 30


 Tracking generation 4
------------------------- TRACKING ---------------------------
Matrix Hash: 124d5fba2fbec688, num_times_seen_before: 0
ACC: 0.5333333333333333
TPR/FPR: 0.75, 0.5862068965517241
Loss: 0.3856383264064789
Timestamp: 11.86568992499997
---------------------------------------------------------------
Candidate: 46d18aa07a16e4b5. Changes:8
Mean loss in evaluation epoch: 0.38384491205215454, epochs needed: 30
smaller, so accepting
Mean loss in evaluation epoch: 0.3835281431674957, epochs needed: 30


 Tracking generation 5
------------------------- TRACKING ---------------------------
Matrix Hash: 46d18aa07a16e4b5, num_times_seen_before: 0
ACC: 0.5777777777777777
TPR/FPR: 0.8125, 0.5517241379310345
Loss: 0.3835281431674957
Timestamp: 14.869513652000023
---------------------------------------------------------------
Candidate: e19258d97eacdca3. Changes:10
Mean loss in evaluation epoch: 0.3859758675098419, epochs needed: 30
will accept with prob tensor(0.7364)
rejecting.
Mean loss in evaluation epoch: 0.38272055983543396, epochs needed: 30


 Tracking generation 6
------------------------- TRACKING ---------------------------
Matrix Hash: 46d18aa07a16e4b5, num_times_seen_before: 1
ACC: 0.5777777777777777
TPR/FPR: 0.8125, 0.5517241379310345
Loss: 0.38272055983543396
Timestamp: 17.84582800999999
---------------------------------------------------------------
Candidate: ecc37ca1e0fb9f3f. Changes:9
Mean loss in evaluation epoch: 0.38238605856895447, epochs needed: 30
smaller, so accepting
Mean loss in evaluation epoch: 0.38533565402030945, epochs needed: 30


 Tracking generation 7
------------------------- TRACKING ---------------------------
Matrix Hash: ecc37ca1e0fb9f3f, num_times_seen_before: 0
ACC: 0.6888888888888889
TPR/FPR: 0.75, 0.3448275862068966
Loss: 0.38533565402030945
Timestamp: 20.73032618800005
---------------------------------------------------------------
Candidate: 00e88ad6af9c72ad. Changes:10
Mean loss in evaluation epoch: 0.3775051236152649, epochs needed: 30
smaller, so accepting
Mean loss in evaluation epoch: 0.37941884994506836, epochs needed: 30


 Tracking generation 8
------------------------- TRACKING ---------------------------
Matrix Hash: 00e88ad6af9c72ad, num_times_seen_before: 0
ACC: 0.5555555555555556
TPR/FPR: 0.625, 0.4827586206896552
Loss: 0.37941884994506836
Timestamp: 23.664563389000023
---------------------------------------------------------------
Candidate: 81e5c074ddd250df. Changes:7
Mean loss in evaluation epoch: 0.37585577368736267, epochs needed: 30
smaller, so accepting
Mean loss in evaluation epoch: 0.3755089044570923, epochs needed: 30


 Tracking generation 9
------------------------- TRACKING ---------------------------
Matrix Hash: 81e5c074ddd250df, num_times_seen_before: 0
ACC: 0.48888888888888893
TPR/FPR: 0.5625, 0.5517241379310345
Loss: 0.3755089044570923
Timestamp: 26.659739998000077
---------------------------------------------------------------
Candidate: 640948115afe59f3. Changes:11
Mean loss in evaluation epoch: 0.37703725695610046, epochs needed: 30
will accept with prob tensor(0.7951)
rejecting.
Mean loss in evaluation epoch: 0.3748638331890106, epochs needed: 30


 Tracking generation 10
------------------------- TRACKING ---------------------------
Matrix Hash: 81e5c074ddd250df, num_times_seen_before: 1
ACC: 0.48888888888888893
TPR/FPR: 0.5625, 0.5517241379310345
Loss: 0.3748638331890106
Timestamp: 29.600960909000037
---------------------------------------------------------------
Candidate: a498adb11a400a69. Changes:7
Mean loss in evaluation epoch: 0.375813364982605, epochs needed: 30
will accept with prob tensor(0.8608)
accepting!
Mean loss in evaluation epoch: 0.37626996636390686, epochs needed: 30


 Tracking generation 11
------------------------- TRACKING ---------------------------
Matrix Hash: a498adb11a400a69, num_times_seen_before: 0
ACC: 0.4666666666666667
TPR/FPR: 0.5, 0.5517241379310345
Loss: 0.37626996636390686
Timestamp: 32.80661808299999
---------------------------------------------------------------
Candidate: f801721d5648605e. Changes:9
Mean loss in evaluation epoch: 0.3759889304637909, epochs needed: 30
smaller, so accepting
Mean loss in evaluation epoch: 0.37838777899742126, epochs needed: 30


 Tracking generation 12
------------------------- TRACKING ---------------------------
Matrix Hash: f801721d5648605e, num_times_seen_before: 0
ACC: 0.48888888888888893
TPR/FPR: 0.5, 0.5172413793103449
Loss: 0.37838777899742126
Timestamp: 35.90160306200005
---------------------------------------------------------------
Candidate: 87b586ef579566c2. Changes:13
Mean loss in evaluation epoch: 0.3796970248222351, epochs needed: 30
will accept with prob tensor(0.7937)
accepting!
Mean loss in evaluation epoch: 0.3787461817264557, epochs needed: 30


 Tracking generation 13
------------------------- TRACKING ---------------------------
Matrix Hash: 87b586ef579566c2, num_times_seen_before: 0
ACC: 0.5555555555555556
TPR/FPR: 0.1875, 0.2413793103448276
Loss: 0.3787461817264557
Timestamp: 38.96924573600006
---------------------------------------------------------------
Candidate: 15a49001c5dec01a. Changes:5
Mean loss in evaluation epoch: 0.3856489360332489, epochs needed: 30
will accept with prob tensor(0.2741)
rejecting.
Mean loss in evaluation epoch: 0.37863972783088684, epochs needed: 30


 Tracking generation 14
------------------------- TRACKING ---------------------------
Matrix Hash: 87b586ef579566c2, num_times_seen_before: 1
ACC: 0.5555555555555556
TPR/FPR: 0.1875, 0.2413793103448276
Loss: 0.37863972783088684
Timestamp: 41.95348557900002
---------------------------------------------------------------
Candidate: 93174ac9943a4f5d. Changes:6
Mean loss in evaluation epoch: 0.3753218650817871, epochs needed: 30
smaller, so accepting
Mean loss in evaluation epoch: 0.3748755156993866, epochs needed: 30


 Tracking generation 15
------------------------- TRACKING ---------------------------
Matrix Hash: 93174ac9943a4f5d, num_times_seen_before: 0
ACC: 0.5111111111111111
TPR/FPR: 0.25, 0.3448275862068966
Loss: 0.3748755156993866
Timestamp: 44.92676153800005
---------------------------------------------------------------
Candidate: 42eaad96d8914765. Changes:9
Mean loss in evaluation epoch: 0.38116326928138733, epochs needed: 30
will accept with prob tensor(0.2599)
accepting!
Mean loss in evaluation epoch: 0.38397547602653503, epochs needed: 30


 Tracking generation 16
------------------------- TRACKING ---------------------------
Matrix Hash: 42eaad96d8914765, num_times_seen_before: 0
ACC: 0.4444444444444444
TPR/FPR: 0.3125, 0.4827586206896552
Loss: 0.38397547602653503
Timestamp: 47.906146379000006
---------------------------------------------------------------
Candidate: 553d3753f346d5df. Changes:11
Mean loss in evaluation epoch: 0.3804468810558319, epochs needed: 30
smaller, so accepting
Mean loss in evaluation epoch: 0.3818971514701843, epochs needed: 30


 Tracking generation 17
------------------------- TRACKING ---------------------------
Matrix Hash: 553d3753f346d5df, num_times_seen_before: 0
ACC: 0.5111111111111111
TPR/FPR: 0.6875, 0.5862068965517241
Loss: 0.3818971514701843
Timestamp: 50.88143913800002
---------------------------------------------------------------
Candidate: 628ec0e441f8eb65. Changes:13
Mean loss in evaluation epoch: 0.38412901759147644, epochs needed: 30
will accept with prob tensor(0.5724)
accepting!
Mean loss in evaluation epoch: 0.38909250497817993, epochs needed: 30


 Tracking generation 18
------------------------- TRACKING ---------------------------
Matrix Hash: 628ec0e441f8eb65, num_times_seen_before: 0
ACC: 0.5333333333333333
TPR/FPR: 0.75, 0.5862068965517241
Loss: 0.38909250497817993
Timestamp: 54.11679767099997
---------------------------------------------------------------
Candidate: c9cae07881cc4523. Changes:10
Mean loss in evaluation epoch: 0.3880508542060852, epochs needed: 30
smaller, so accepting
Mean loss in evaluation epoch: 0.38570842146873474, epochs needed: 30


 Tracking generation 19
------------------------- TRACKING ---------------------------
Matrix Hash: c9cae07881cc4523, num_times_seen_before: 0
ACC: 0.5333333333333333
TPR/FPR: 0.75, 0.5862068965517241
Loss: 0.38570842146873474
Timestamp: 57.337867295000024
---------------------------------------------------------------
Candidate: 935a3d491446e779. Changes:9
Mean loss in evaluation epoch: 0.3830631673336029, epochs needed: 30
smaller, so accepting
Mean loss in evaluation epoch: 0.38241320848464966, epochs needed: 30


 Tracking generation 20
------------------------- TRACKING ---------------------------
Matrix Hash: 935a3d491446e779, num_times_seen_before: 0
ACC: 0.4666666666666667
TPR/FPR: 0.75, 0.6896551724137931
Loss: 0.38241320848464966
Timestamp: 60.320939131000046
---------------------------------------------------------------
Candidate: 570e3387475abe95. Changes:10
Mean loss in evaluation epoch: 0.38479337096214294, epochs needed: 30
will accept with prob tensor(0.4523)
rejecting.
Mean loss in evaluation epoch: 0.38260960578918457, epochs needed: 30


 Tracking generation 21
------------------------- TRACKING ---------------------------
Matrix Hash: 935a3d491446e779, num_times_seen_before: 1
ACC: 0.4666666666666667
TPR/FPR: 0.75, 0.6896551724137931
Loss: 0.38260960578918457
Timestamp: 63.370923491999974
---------------------------------------------------------------
Candidate: c6915cdc252eca3e. Changes:14
Mean loss in evaluation epoch: 0.3767242133617401, epochs needed: 30
smaller, so accepting
Mean loss in evaluation epoch: 0.37955939769744873, epochs needed: 30


 Tracking generation 22
------------------------- TRACKING ---------------------------
Matrix Hash: c6915cdc252eca3e, num_times_seen_before: 0
ACC: 0.5111111111111111
TPR/FPR: 0.4375, 0.4482758620689655
Loss: 0.37955939769744873
Timestamp: 66.47285505800005
---------------------------------------------------------------
Candidate: 129cdce539e31f02. Changes:10
Mean loss in evaluation epoch: 0.3774847984313965, epochs needed: 30
smaller, so accepting
Mean loss in evaluation epoch: 0.375148206949234, epochs needed: 30


 Tracking generation 23
------------------------- TRACKING ---------------------------
Matrix Hash: 129cdce539e31f02, num_times_seen_before: 0
ACC: 0.37777777777777777
TPR/FPR: 0.5, 0.6896551724137931
Loss: 0.375148206949234
Timestamp: 69.44556809300002
---------------------------------------------------------------
Candidate: 8542c15668da90ad. Changes:9
Mean loss in evaluation epoch: 0.37600862979888916, epochs needed: 30
will accept with prob tensor(0.6504)
accepting!
Mean loss in evaluation epoch: 0.37709614634513855, epochs needed: 30


 Tracking generation 24
------------------------- TRACKING ---------------------------
Matrix Hash: 8542c15668da90ad, num_times_seen_before: 0
ACC: 0.3555555555555555
TPR/FPR: 0.375, 0.6551724137931034
Loss: 0.37709614634513855
Timestamp: 72.42548125100006
---------------------------------------------------------------
Candidate: e3df51c52e5ddfdf. Changes:13
Mean loss in evaluation epoch: 0.3798249661922455, epochs needed: 30
will accept with prob tensor(0.1945)
rejecting.
Mean loss in evaluation epoch: 0.377278208732605, epochs needed: 30


 Tracking generation 25
------------------------- TRACKING ---------------------------
Matrix Hash: 8542c15668da90ad, num_times_seen_before: 1
ACC: 0.3555555555555555
TPR/FPR: 0.375, 0.6551724137931034
Loss: 0.377278208732605
Timestamp: 75.47420072700004
---------------------------------------------------------------
Candidate: 62b4980c60c6ded2. Changes:8
Mean loss in evaluation epoch: 0.3783726692199707, epochs needed: 30
will accept with prob tensor(0.4401)
accepting!
Mean loss in evaluation epoch: 0.38177886605262756, epochs needed: 30


 Tracking generation 26
------------------------- TRACKING ---------------------------
Matrix Hash: 62b4980c60c6ded2, num_times_seen_before: 0
ACC: 0.3555555555555555
TPR/FPR: 0.5625, 0.7586206896551724
Loss: 0.38177886605262756
Timestamp: 78.56943806900006
---------------------------------------------------------------
Candidate: d4fa4b8d6050af41. Changes:9
Mean loss in evaluation epoch: 0.38770291209220886, epochs needed: 30
will accept with prob tensor(0.0027)
rejecting.
Mean loss in evaluation epoch: 0.37843936681747437, epochs needed: 30


 Tracking generation 27
------------------------- TRACKING ---------------------------
Matrix Hash: 62b4980c60c6ded2, num_times_seen_before: 1
ACC: 0.3555555555555555
TPR/FPR: 0.5625, 0.7586206896551724
Loss: 0.37843936681747437
Timestamp: 81.44019758900004
---------------------------------------------------------------
Candidate: 930b0dc195a8b118. Changes:6
Mean loss in evaluation epoch: 0.3837258815765381, epochs needed: 30
will accept with prob tensor(0.0004)
rejecting.
Mean loss in evaluation epoch: 0.3768410384654999, epochs needed: 30


 Tracking generation 28
------------------------- TRACKING ---------------------------
Matrix Hash: 62b4980c60c6ded2, num_times_seen_before: 2
ACC: 0.3555555555555555
TPR/FPR: 0.5625, 0.7586206896551724
Loss: 0.3768410384654999
Timestamp: 84.24400038600004
---------------------------------------------------------------
Candidate: c88ad61e9b41974e. Changes:12
Mean loss in evaluation epoch: 0.3765217661857605, epochs needed: 30
smaller, so accepting
Mean loss in evaluation epoch: 0.37728169560432434, epochs needed: 30


 Tracking generation 29
------------------------- TRACKING ---------------------------
Matrix Hash: c88ad61e9b41974e, num_times_seen_before: 0
ACC: 0.3555555555555555
TPR/FPR: 0.375, 0.6551724137931034
Loss: 0.37728169560432434
Timestamp: 87.09427534400004
---------------------------------------------------------------
Candidate: 751b0933dcf9b30a. Changes:6
Mean loss in evaluation epoch: 0.374549925327301, epochs needed: 30
smaller, so accepting
Mean loss in evaluation epoch: 0.3739999830722809, epochs needed: 30


 Tracking generation 30
------------------------- TRACKING ---------------------------
Matrix Hash: 751b0933dcf9b30a, num_times_seen_before: 0
ACC: 0.3111111111111111
TPR/FPR: 0.375, 0.7241379310344828
Loss: 0.3739999830722809
Timestamp: 89.99703794200002
---------------------------------------------------------------
Candidate: 0858f85b781dfda8. Changes:9
Mean loss in evaluation epoch: 0.3831577003002167, epochs needed: 30
will accept with prob tensor(0.)
rejecting.
Mean loss in evaluation epoch: 0.37419387698173523, epochs needed: 30


 Tracking generation 31
------------------------- TRACKING ---------------------------
Matrix Hash: 751b0933dcf9b30a, num_times_seen_before: 1
ACC: 0.3111111111111111
TPR/FPR: 0.375, 0.7241379310344828
Loss: 0.37419387698173523
Timestamp: 92.96950784800003
---------------------------------------------------------------
Candidate: fcf741bb1b6e554b. Changes:9
Mean loss in evaluation epoch: 0.3838859498500824, epochs needed: 30
will accept with prob tensor(0.)
rejecting.
Mean loss in evaluation epoch: 0.3758109509944916, epochs needed: 30


 Tracking generation 32
------------------------- TRACKING ---------------------------
Matrix Hash: 751b0933dcf9b30a, num_times_seen_before: 2
ACC: 0.3111111111111111
TPR/FPR: 0.375, 0.7241379310344828
Loss: 0.3758109509944916
Timestamp: 95.92370653600005
---------------------------------------------------------------
Candidate: 2aeba672281e75ee. Changes:9
Mean loss in evaluation epoch: 0.3750355541706085, epochs needed: 30
smaller, so accepting
Mean loss in evaluation epoch: 0.3772585988044739, epochs needed: 30


 Tracking generation 33
------------------------- TRACKING ---------------------------
Matrix Hash: 2aeba672281e75ee, num_times_seen_before: 0
ACC: 0.4222222222222223
TPR/FPR: 0.25, 0.4827586206896552
Loss: 0.3772585988044739
Timestamp: 98.84158848000004
---------------------------------------------------------------
Candidate: e2e2f3eb995f370b. Changes:11
Mean loss in evaluation epoch: 0.38261088728904724, epochs needed: 30
will accept with prob tensor(0.)
rejecting.
Mean loss in evaluation epoch: 0.3752386271953583, epochs needed: 30


 Tracking generation 34
------------------------- TRACKING ---------------------------
Matrix Hash: 2aeba672281e75ee, num_times_seen_before: 1
ACC: 0.4222222222222223
TPR/FPR: 0.25, 0.4827586206896552
Loss: 0.3752386271953583
Timestamp: 101.78463689700004
---------------------------------------------------------------
Candidate: b5ca46c5f2575148. Changes:10
Mean loss in evaluation epoch: 0.37929362058639526, epochs needed: 30
will accept with prob tensor(0.)
rejecting.
Mean loss in evaluation epoch: 0.3761723041534424, epochs needed: 30


 Tracking generation 35
------------------------- TRACKING ---------------------------
Matrix Hash: 2aeba672281e75ee, num_times_seen_before: 2
ACC: 0.4222222222222223
TPR/FPR: 0.25, 0.4827586206896552
Loss: 0.3761723041534424
Timestamp: 104.80262352500006
---------------------------------------------------------------
Candidate: 7f585d9cb40c2959. Changes:8
Mean loss in evaluation epoch: 0.38062819838523865, epochs needed: 30
will accept with prob tensor(0.)
rejecting.
Mean loss in evaluation epoch: 0.37576577067375183, epochs needed: 30


 Tracking generation 36
------------------------- TRACKING ---------------------------
Matrix Hash: 2aeba672281e75ee, num_times_seen_before: 3
ACC: 0.4222222222222223
TPR/FPR: 0.25, 0.4827586206896552
Loss: 0.37576577067375183
Timestamp: 107.99821498699998
---------------------------------------------------------------
Candidate: 20d5efcd4ebdba57. Changes:10
Mean loss in evaluation epoch: 0.3751925826072693, epochs needed: 30
smaller, so accepting
Mean loss in evaluation epoch: 0.3745882511138916, epochs needed: 30


 Tracking generation 37
------------------------- TRACKING ---------------------------
Matrix Hash: 20d5efcd4ebdba57, num_times_seen_before: 0
ACC: 0.4666666666666667
TPR/FPR: 0.5, 0.5517241379310345
Loss: 0.3745882511138916
Timestamp: 111.20741440200004
---------------------------------------------------------------
Candidate: a04d40901abcceab. Changes:11
Mean loss in evaluation epoch: 0.3780800402164459, epochs needed: 30
will accept with prob tensor(0.)
rejecting.
Mean loss in evaluation epoch: 0.3762686252593994, epochs needed: 30


 Tracking generation 38
------------------------- TRACKING ---------------------------
Matrix Hash: 20d5efcd4ebdba57, num_times_seen_before: 1
ACC: 0.4666666666666667
TPR/FPR: 0.5, 0.5517241379310345
Loss: 0.3762686252593994
Timestamp: 114.239313401
---------------------------------------------------------------
Candidate: 334ea81db40bf593. Changes:9
Mean loss in evaluation epoch: 0.379578560590744, epochs needed: 30
will accept with prob tensor(0.)
rejecting.
Mean loss in evaluation epoch: 0.3745105564594269, epochs needed: 30


 Tracking generation 39
------------------------- TRACKING ---------------------------
Matrix Hash: 20d5efcd4ebdba57, num_times_seen_before: 2
ACC: 0.4666666666666667
TPR/FPR: 0.5, 0.5517241379310345
Loss: 0.3745105564594269
Timestamp: 117.29722874499998
---------------------------------------------------------------
Candidate: 011df650b347c28f. Changes:9
Mean loss in evaluation epoch: 0.37679654359817505, epochs needed: 30
will accept with prob tensor(0.)
rejecting.
Mean loss in evaluation epoch: 0.376207560300827, epochs needed: 30


 Tracking generation 40
------------------------- TRACKING ---------------------------
Matrix Hash: 20d5efcd4ebdba57, num_times_seen_before: 3
ACC: 0.4666666666666667
TPR/FPR: 0.5, 0.5517241379310345
Loss: 0.376207560300827
Timestamp: 120.39806306800006
---------------------------------------------------------------
Candidate: ba5e5512687ce40b. Changes:10
Mean loss in evaluation epoch: 0.3849702775478363, epochs needed: 30
will accept with prob tensor(0.)
rejecting.
Mean loss in evaluation epoch: 0.37937185168266296, epochs needed: 30


 Tracking generation 41
------------------------- TRACKING ---------------------------
Matrix Hash: 20d5efcd4ebdba57, num_times_seen_before: 4
ACC: 0.4666666666666667
TPR/FPR: 0.5, 0.5517241379310345
Loss: 0.37937185168266296
Timestamp: 123.93747202700001
---------------------------------------------------------------
Candidate: 28e079619816e5eb. Changes:11
Mean loss in evaluation epoch: 0.3785756230354309, epochs needed: 30
smaller, so accepting
Mean loss in evaluation epoch: 0.3784773647785187, epochs needed: 30


 Tracking generation 42
------------------------- TRACKING ---------------------------
Matrix Hash: 28e079619816e5eb, num_times_seen_before: 0
ACC: 0.4
TPR/FPR: 0.4375, 0.6206896551724138
Loss: 0.3784773647785187
Timestamp: 127.03504826699998
---------------------------------------------------------------
Candidate: c6809de11160232d. Changes:10
Mean loss in evaluation epoch: 0.37819668650627136, epochs needed: 30
smaller, so accepting
Mean loss in evaluation epoch: 0.37702637910842896, epochs needed: 30


 Tracking generation 43
------------------------- TRACKING ---------------------------
Matrix Hash: c6809de11160232d, num_times_seen_before: 0
ACC: 0.4
TPR/FPR: 0.375, 0.5862068965517241
Loss: 0.37702637910842896
Timestamp: 130.29031286200006
---------------------------------------------------------------
Candidate: 1f29a2901a64f10a. Changes:8
Mean loss in evaluation epoch: 0.3732490539550781, epochs needed: 30
smaller, so accepting
Mean loss in evaluation epoch: 0.37408432364463806, epochs needed: 30


 Tracking generation 44
------------------------- TRACKING ---------------------------
Matrix Hash: 1f29a2901a64f10a, num_times_seen_before: 0
ACC: 0.3111111111111111
TPR/FPR: 0.4375, 0.7586206896551724
Loss: 0.37408432364463806
Timestamp: 134.00949111800003
---------------------------------------------------------------
Candidate: 1344931414583c0d. Changes:6
Mean loss in evaluation epoch: 0.3787551522254944, epochs needed: 30
will accept with prob tensor(0.)
rejecting.
------------------------- TRACKING ---------------------------
Matrix Hash: 1f29a2901a64f10a, num_times_seen_before: 1
ACC: 0.3111111111111111
TPR/FPR: 0.4375, 0.7586206896551724
Loss: 0.37408432364463806
Timestamp: 135.53445048700007
---------------------------------------------------------------
Time needed: 137.02861800699998 sec
----------------- Final results across all experiments ---------------
accs: [0.5111111111111111, 0.4444444444444444, 0.5333333333333333, 0.48888888888888893, 0.3111111111111111]
tprs: [0.375, 0.625, 0.625, 0.375, 0.4375]
fprs: [0.41379310344827586, 0.6551724137931034, 0.5172413793103449, 0.4482758620689655, 0.7586206896551724]
mean acc: 0.45777779817581177
mean tpr: 0.48750001192092896
mean fpr: 0.5586206912994385
