num samples: 5000
NUM_TRAIN_SAMPLES: 4999
NUM_TRAIN_BATCHES: 50
NUM_TEST_SAMPLES: 4999
NUM_TEST_BATCHES: 50
BATCH_SIZE: 100
HIDDEN_SIZE: 128
NUM_DYN_EPOCHS: 20
IS_CONTINUOUS: False
USE_MAX: False
../data/final/netrd/SIS/timeseries_ba20_5k_0.1.pickle
../data/final/edges_ba20.pickle
CONTINUATION: False
CONT_ADDRESS: D:\Uni\BA\ColabOutputs\ba20\2020-12-10T22_50_22.113418
SEED: 0
NUM_DYN_EPOCHS: 20
NUM_DYN_EPOCHS_INIT: 20
DETECT_EARLY_CONVERGENCE: False
RESET_DYN_LEARNER_EVERY_NTH_GEN: 100
POP_SIZE: 8
NEWPOP_SIZE: 16
NUM_GEN: 20
USE_NODEWISE_EVALUATION: False
USE_EVALEPOCH_FOR_GUIDED_MUTATION: False
USE_DETERMINISTIC_EVAL: False
--------------------- Start training ------------------------
evaluating individudal 0 - bcfde9534d3bfd59. Mean loss in evaluation epoch: 0.3263320028781891, epochs needed: 20
evaluating individudal 1 - e653c9d83091eaf2. Mean loss in evaluation epoch: 0.32515203952789307, epochs needed: 20
evaluating individudal 2 - 72f998262bbfe450. Mean loss in evaluation epoch: 0.32471999526023865, epochs needed: 20
evaluating individudal 3 - 69390fc8c80db59e. Mean loss in evaluation epoch: 0.3247039318084717, epochs needed: 20
evaluating individudal 4 - 9b2d78cf0e6453cb. Mean loss in evaluation epoch: 0.3245484232902527, epochs needed: 20
evaluating individudal 5 - 6792c0317c2b3f18. Mean loss in evaluation epoch: 0.3253914713859558, epochs needed: 20
evaluating individudal 6 - 1571397118f4ddec. Mean loss in evaluation epoch: 0.3249291479587555, epochs needed: 20
evaluating individudal 7 - f7d7d55008e33627. Mean loss in evaluation epoch: 0.3241068124771118, epochs needed: 20
Round 0 done. -----------------------------------------
------------------------- TRACKING ---------------------------
Matrix Hash: f7d7d55008e33627, num_times_seen_before: 0
ACC: 0.4631578947368421
TPR/FPR: 0.4166666666666667, 0.525974025974026
Loss: 0.3241068124771118
Timestamp: 0
---------------------------------------------------------------
evaluating individudal 0 - b24d9517a27ce120. Mean loss in evaluation epoch: 0.32025548815727234, epochs needed: 20
evaluating individudal 1 - 0e30fdb2c84fa1f9. Mean loss in evaluation epoch: 0.3236505091190338, epochs needed: 20
evaluating individudal 2 - f4c15542094cc6e0. Mean loss in evaluation epoch: 0.32524508237838745, epochs needed: 20
evaluating individudal 3 - 4637e3160ab87290. Mean loss in evaluation epoch: 0.319504052400589, epochs needed: 20
evaluating individudal 4 - 901e438f75ff8069. Mean loss in evaluation epoch: 0.32187506556510925, epochs needed: 20
evaluating individudal 5 - fe2e90ee860d3ca9. Mean loss in evaluation epoch: 0.32288727164268494, epochs needed: 20
evaluating individudal 6 - 3eb12ac70d6b2ff1. Mean loss in evaluation epoch: 0.320356547832489, epochs needed: 20
evaluating individudal 7 - ed3458596d2deb32. Mean loss in evaluation epoch: 0.323720246553421, epochs needed: 20
evaluating individudal 8 - f2d54a3d4e481fde. Mean loss in evaluation epoch: 0.3240204155445099, epochs needed: 20
evaluating individudal 9 - f7453fdce1496e37. Mean loss in evaluation epoch: 0.3224307894706726, epochs needed: 20
evaluating individudal 10 - f09c6a54b4c869fd. Mean loss in evaluation epoch: 0.3232917785644531, epochs needed: 20
evaluating individudal 11 - bf75fd7e5ad88582. Mean loss in evaluation epoch: 0.32077524065971375, epochs needed: 20
evaluating individudal 12 - ecf63149fa2272e8. Mean loss in evaluation epoch: 0.32228508591651917, epochs needed: 20
evaluating individudal 13 - 8326938594886dc8. Mean loss in evaluation epoch: 0.3196023404598236, epochs needed: 20
evaluating individudal 14 - 62daaa01c19dbb89. Mean loss in evaluation epoch: 0.3226567804813385, epochs needed: 20
evaluating individudal 15 - d048bb91f8764607. Mean loss in evaluation epoch: 0.3235907554626465, epochs needed: 20
evaluating individudal 0 - bcfde9534d3bfd59. Mean loss in evaluation epoch: 0.32545286417007446, epochs needed: 20
evaluating individudal 1 - e653c9d83091eaf2. Mean loss in evaluation epoch: 0.325460821390152, epochs needed: 20
evaluating individudal 2 - 72f998262bbfe450. Mean loss in evaluation epoch: 0.32466375827789307, epochs needed: 20
evaluating individudal 3 - 69390fc8c80db59e. Mean loss in evaluation epoch: 0.3253556787967682, epochs needed: 20
evaluating individudal 4 - 9b2d78cf0e6453cb. Mean loss in evaluation epoch: 0.3247111737728119, epochs needed: 20
evaluating individudal 5 - 6792c0317c2b3f18. Mean loss in evaluation epoch: 0.3262200951576233, epochs needed: 20
evaluating individudal 6 - 1571397118f4ddec. Mean loss in evaluation epoch: 0.32561835646629333, epochs needed: 20
evaluating individudal 7 - f7d7d55008e33627. Mean loss in evaluation epoch: 0.3255152702331543, epochs needed: 20
Round 1 done. -----------------------------------------
------------------------- TRACKING ---------------------------
Matrix Hash: 4637e3160ab87290, num_times_seen_before: 0
ACC: 0.6210526315789473
TPR/FPR: 0.8611111111111112, 0.43506493506493504
Loss: 0.319504052400589
Timestamp: 125.03920838800002
---------------------------------------------------------------
evaluating individudal 0 - 969c02c0401d276d. Mean loss in evaluation epoch: 0.32042887806892395, epochs needed: 20
evaluating individudal 1 - 4353f306736b0d39. Mean loss in evaluation epoch: 0.32097405195236206, epochs needed: 20
evaluating individudal 2 - d5f0d699bb10c77a. Mean loss in evaluation epoch: 0.32027795910835266, epochs needed: 20
evaluating individudal 3 - f363e2cb46cccac6. Mean loss in evaluation epoch: 0.3206392526626587, epochs needed: 20
evaluating individudal 4 - 642608fe23463f70. Mean loss in evaluation epoch: 0.32150694727897644, epochs needed: 20
evaluating individudal 5 - 72bdc479e148b269. Mean loss in evaluation epoch: 0.32095611095428467, epochs needed: 20
evaluating individudal 6 - ed68d96c74826854. Mean loss in evaluation epoch: 0.3211910128593445, epochs needed: 20
evaluating individudal 7 - 5bf6e77d231c5e6f. Mean loss in evaluation epoch: 0.3223266005516052, epochs needed: 20
evaluating individudal 8 - 2c6db7c4710ebac8. Mean loss in evaluation epoch: 0.3198700249195099, epochs needed: 20
evaluating individudal 9 - 4a2bd2dad2a07bcf. Mean loss in evaluation epoch: 0.32036733627319336, epochs needed: 20
evaluating individudal 10 - f7fca22dfc6794ac. Mean loss in evaluation epoch: 0.3182195723056793, epochs needed: 20
evaluating individudal 11 - 61c73833f0f81dd5. Mean loss in evaluation epoch: 0.31738266348838806, epochs needed: 20
evaluating individudal 12 - 49e378ba48653c17. Mean loss in evaluation epoch: 0.3196536898612976, epochs needed: 20
evaluating individudal 13 - 1e3217d84968c578. Mean loss in evaluation epoch: 0.31949567794799805, epochs needed: 20
evaluating individudal 14 - 7a96abd5e6356036. Mean loss in evaluation epoch: 0.3200688362121582, epochs needed: 20
evaluating individudal 15 - 1ab41b69e6c53c32. Mean loss in evaluation epoch: 0.3200235962867737, epochs needed: 20
evaluating individudal 0 - 4637e3160ab87290. Mean loss in evaluation epoch: 0.3201328217983246, epochs needed: 20
evaluating individudal 1 - 8326938594886dc8. Mean loss in evaluation epoch: 0.3195268511772156, epochs needed: 20
evaluating individudal 2 - b24d9517a27ce120. Mean loss in evaluation epoch: 0.32047519087791443, epochs needed: 20
evaluating individudal 3 - 3eb12ac70d6b2ff1. Mean loss in evaluation epoch: 0.3204411566257477, epochs needed: 20
evaluating individudal 4 - bf75fd7e5ad88582. Mean loss in evaluation epoch: 0.3207661509513855, epochs needed: 20
evaluating individudal 5 - 901e438f75ff8069. Mean loss in evaluation epoch: 0.320435106754303, epochs needed: 20
evaluating individudal 6 - ecf63149fa2272e8. Mean loss in evaluation epoch: 0.3211425244808197, epochs needed: 20
evaluating individudal 7 - f7453fdce1496e37. Mean loss in evaluation epoch: 0.32175350189208984, epochs needed: 20
Round 2 done. -----------------------------------------
------------------------- TRACKING ---------------------------
Matrix Hash: 61c73833f0f81dd5, num_times_seen_before: 0
ACC: 0.668421052631579
TPR/FPR: 0.9444444444444444, 0.3961038961038961
Loss: 0.31738266348838806
Timestamp: 257.506158026
---------------------------------------------------------------
evaluating individudal 0 - c6e92f3c035f6224. Mean loss in evaluation epoch: 0.3199544847011566, epochs needed: 20
evaluating individudal 1 - 59bf8a23047ee210. Mean loss in evaluation epoch: 0.3194160461425781, epochs needed: 20
evaluating individudal 2 - e841f0981acc1bce. Mean loss in evaluation epoch: 0.32086700201034546, epochs needed: 20
evaluating individudal 3 - 168f5e824d759951. Mean loss in evaluation epoch: 0.31685030460357666, epochs needed: 20
evaluating individudal 4 - 8cc093da89b3d606. Mean loss in evaluation epoch: 0.31970587372779846, epochs needed: 20
evaluating individudal 5 - 62bfcc8f12e3f083. Mean loss in evaluation epoch: 0.32089096307754517, epochs needed: 20
evaluating individudal 6 - 492e1397a96b133c. Mean loss in evaluation epoch: 0.31644171476364136, epochs needed: 20
evaluating individudal 7 - 6347642c007a7528. Mean loss in evaluation epoch: 0.3166482150554657, epochs needed: 20
evaluating individudal 8 - e37228f3257dc796. Mean loss in evaluation epoch: 0.3187127113342285, epochs needed: 20
evaluating individudal 9 - 8f64e1f576ee0857. Mean loss in evaluation epoch: 0.31718552112579346, epochs needed: 20
evaluating individudal 10 - 86fd7b0bebf25cfd. Mean loss in evaluation epoch: 0.31931406259536743, epochs needed: 20
evaluating individudal 11 - 7a17fd2d53026119. Mean loss in evaluation epoch: 0.32029807567596436, epochs needed: 20
evaluating individudal 12 - b3cde094d76a20bd. Mean loss in evaluation epoch: 0.31929412484169006, epochs needed: 20
evaluating individudal 13 - 1bd62426cb0f7617. Mean loss in evaluation epoch: 0.31928589940071106, epochs needed: 20
evaluating individudal 14 - 1bc749830008eb8d. Mean loss in evaluation epoch: 0.3202863335609436, epochs needed: 20
evaluating individudal 15 - 24ece7aaba4931bb. Mean loss in evaluation epoch: 0.31775182485580444, epochs needed: 20
evaluating individudal 0 - 61c73833f0f81dd5. Mean loss in evaluation epoch: 0.3168632984161377, epochs needed: 20
evaluating individudal 1 - f7fca22dfc6794ac. Mean loss in evaluation epoch: 0.31760910153388977, epochs needed: 20
evaluating individudal 2 - 1e3217d84968c578. Mean loss in evaluation epoch: 0.3181993365287781, epochs needed: 20
evaluating individudal 3 - 8326938594886dc8. Mean loss in evaluation epoch: 0.31947630643844604, epochs needed: 20
evaluating individudal 4 - 49e378ba48653c17. Mean loss in evaluation epoch: 0.31924402713775635, epochs needed: 20
evaluating individudal 5 - 2c6db7c4710ebac8. Mean loss in evaluation epoch: 0.31946220993995667, epochs needed: 20
evaluating individudal 6 - 1ab41b69e6c53c32. Mean loss in evaluation epoch: 0.31924691796302795, epochs needed: 20
evaluating individudal 7 - 7a96abd5e6356036. Mean loss in evaluation epoch: 0.3194229006767273, epochs needed: 20
Round 3 done. -----------------------------------------
------------------------- TRACKING ---------------------------
Matrix Hash: 492e1397a96b133c, num_times_seen_before: 0
ACC: 0.668421052631579
TPR/FPR: 1.0, 0.4090909090909091
Loss: 0.31644171476364136
Timestamp: 382.708114392
---------------------------------------------------------------
evaluating individudal 0 - 15887f27f574acb7. Mean loss in evaluation epoch: 0.3171999752521515, epochs needed: 20
evaluating individudal 1 - 0a993721e927ea44. Mean loss in evaluation epoch: 0.31684333086013794, epochs needed: 20
evaluating individudal 2 - f8d3b73abfe5fd14. Mean loss in evaluation epoch: 0.3171508014202118, epochs needed: 20
evaluating individudal 3 - 7e34925c7d1800fa. Mean loss in evaluation epoch: 0.3174344003200531, epochs needed: 20
evaluating individudal 4 - 28970ac5fcd5e4b3. Mean loss in evaluation epoch: 0.31878861784935, epochs needed: 20
evaluating individudal 5 - 4c4c476f0a0b3c7e. Mean loss in evaluation epoch: 0.3180677592754364, epochs needed: 20
evaluating individudal 6 - 5d5bac4f1dd742a8. Mean loss in evaluation epoch: 0.3171643614768982, epochs needed: 20
evaluating individudal 7 - d57b7c1f70c5fb0f. Mean loss in evaluation epoch: 0.31725460290908813, epochs needed: 20
evaluating individudal 8 - f327fb092642f5c3. Mean loss in evaluation epoch: 0.31776851415634155, epochs needed: 20
evaluating individudal 9 - fb287025c8fb891d. Mean loss in evaluation epoch: 0.31736457347869873, epochs needed: 20
evaluating individudal 10 - 996bc7ed507fd1c4. Mean loss in evaluation epoch: 0.3167223334312439, epochs needed: 20
evaluating individudal 11 - 98f1f4b6fac2b036. Mean loss in evaluation epoch: 0.3166945278644562, epochs needed: 20
evaluating individudal 12 - d70f996d23a942db. Mean loss in evaluation epoch: 0.31815993785858154, epochs needed: 20
evaluating individudal 13 - dce9138f5816d826. Mean loss in evaluation epoch: 0.31575441360473633, epochs needed: 20
evaluating individudal 14 - dcdc5608198de88e. Mean loss in evaluation epoch: 0.31709104776382446, epochs needed: 20
evaluating individudal 15 - 799c5ae54eb90097. Mean loss in evaluation epoch: 0.3162379860877991, epochs needed: 20
evaluating individudal 0 - 492e1397a96b133c. Mean loss in evaluation epoch: 0.3165450990200043, epochs needed: 20
evaluating individudal 1 - 6347642c007a7528. Mean loss in evaluation epoch: 0.3163481056690216, epochs needed: 20
evaluating individudal 2 - 168f5e824d759951. Mean loss in evaluation epoch: 0.31647223234176636, epochs needed: 20
evaluating individudal 3 - 61c73833f0f81dd5. Mean loss in evaluation epoch: 0.31713011860847473, epochs needed: 20
evaluating individudal 4 - 8f64e1f576ee0857. Mean loss in evaluation epoch: 0.31668660044670105, epochs needed: 20
evaluating individudal 5 - f7fca22dfc6794ac. Mean loss in evaluation epoch: 0.3177492022514343, epochs needed: 20
evaluating individudal 6 - 24ece7aaba4931bb. Mean loss in evaluation epoch: 0.3173471689224243, epochs needed: 20
evaluating individudal 7 - 1e3217d84968c578. Mean loss in evaluation epoch: 0.3173831105232239, epochs needed: 20
Round 4 done. -----------------------------------------
------------------------- TRACKING ---------------------------
Matrix Hash: dce9138f5816d826, num_times_seen_before: 0
ACC: 0.7473684210526316
TPR/FPR: 0.8055555555555556, 0.2662337662337662
Loss: 0.31575441360473633
Timestamp: 513.1146837299999
---------------------------------------------------------------
evaluating individudal 0 - 584fdf3f917047da. Mean loss in evaluation epoch: 0.31589359045028687, epochs needed: 20
evaluating individudal 1 - a09e6116f6b23763. Mean loss in evaluation epoch: 0.3160285949707031, epochs needed: 20
evaluating individudal 2 - d29925ad5fbe881b. Mean loss in evaluation epoch: 0.3168802857398987, epochs needed: 20
evaluating individudal 3 - b32c64f75ac1d88f. Mean loss in evaluation epoch: 0.3174837529659271, epochs needed: 20
evaluating individudal 4 - 6be3a369c493cb4c. Mean loss in evaluation epoch: 0.3173520267009735, epochs needed: 20
evaluating individudal 5 - 6768059b9776157d. Mean loss in evaluation epoch: 0.31674647331237793, epochs needed: 20
evaluating individudal 6 - 1d4f51fb9efc8379. Mean loss in evaluation epoch: 0.3177560865879059, epochs needed: 20
evaluating individudal 7 - 01bb4fa51f991acd. Mean loss in evaluation epoch: 0.31754162907600403, epochs needed: 20
evaluating individudal 8 - b3be0f1bf7bb65e5. Mean loss in evaluation epoch: 0.3178198039531708, epochs needed: 20
evaluating individudal 9 - 935535a40a99329a. Mean loss in evaluation epoch: 0.3171347677707672, epochs needed: 20
evaluating individudal 10 - 65d18f8305b557c3. Mean loss in evaluation epoch: 0.31709766387939453, epochs needed: 20
evaluating individudal 11 - 1968cc23bcfba771. Mean loss in evaluation epoch: 0.3164080083370209, epochs needed: 20
evaluating individudal 12 - cb08f96c597a7e13. Mean loss in evaluation epoch: 0.31867000460624695, epochs needed: 20
evaluating individudal 13 - b468ea8dbb48ff74. Mean loss in evaluation epoch: 0.31651902198791504, epochs needed: 20
evaluating individudal 14 - c110a47ae5e31e1d. Mean loss in evaluation epoch: 0.31588542461395264, epochs needed: 20
evaluating individudal 15 - 4688a7c6f7435e05. Mean loss in evaluation epoch: 0.3187353014945984, epochs needed: 20
evaluating individudal 0 - dce9138f5816d826. Mean loss in evaluation epoch: 0.3155181109905243, epochs needed: 20
evaluating individudal 1 - 799c5ae54eb90097. Mean loss in evaluation epoch: 0.3162919878959656, epochs needed: 20
evaluating individudal 2 - 6347642c007a7528. Mean loss in evaluation epoch: 0.3163888156414032, epochs needed: 20
evaluating individudal 3 - 168f5e824d759951. Mean loss in evaluation epoch: 0.31617701053619385, epochs needed: 20
evaluating individudal 4 - 492e1397a96b133c. Mean loss in evaluation epoch: 0.31598201394081116, epochs needed: 20
evaluating individudal 5 - 8f64e1f576ee0857. Mean loss in evaluation epoch: 0.3166201114654541, epochs needed: 20
evaluating individudal 6 - 98f1f4b6fac2b036. Mean loss in evaluation epoch: 0.316937655210495, epochs needed: 20
evaluating individudal 7 - 996bc7ed507fd1c4. Mean loss in evaluation epoch: 0.31656014919281006, epochs needed: 20
Round 5 done. -----------------------------------------
------------------------- TRACKING ---------------------------
Matrix Hash: dce9138f5816d826, num_times_seen_before: 1
ACC: 0.7473684210526316
TPR/FPR: 0.8055555555555556, 0.2662337662337662
Loss: 0.3155181109905243
Timestamp: 641.8127703099999
---------------------------------------------------------------
evaluating individudal 0 - 55ff96087c29edb1. Mean loss in evaluation epoch: 0.3178923428058624, epochs needed: 20
evaluating individudal 1 - ee448f5f85ec04b9. Mean loss in evaluation epoch: 0.31901782751083374, epochs needed: 20
evaluating individudal 2 - e11ff5456ac0f729. Mean loss in evaluation epoch: 0.3159102201461792, epochs needed: 20
evaluating individudal 3 - 26d793b76794d220. Mean loss in evaluation epoch: 0.316279798746109, epochs needed: 20
evaluating individudal 4 - 71649a98b1b8db97. Mean loss in evaluation epoch: 0.31605789065361023, epochs needed: 20
evaluating individudal 5 - 443846838e226c56. Mean loss in evaluation epoch: 0.3161605894565582, epochs needed: 20
evaluating individudal 6 - c05898c0f14d9159. Mean loss in evaluation epoch: 0.31544873118400574, epochs needed: 20
evaluating individudal 7 - 7ee069e17041539e. Mean loss in evaluation epoch: 0.3157096803188324, epochs needed: 20
evaluating individudal 8 - 74f0ef6747f9e107. Mean loss in evaluation epoch: 0.31655341386795044, epochs needed: 20
evaluating individudal 9 - 782398ff42f2af49. Mean loss in evaluation epoch: 0.31607723236083984, epochs needed: 20
evaluating individudal 10 - 07e63aaa1f4f4cb1. Mean loss in evaluation epoch: 0.3196796774864197, epochs needed: 20
evaluating individudal 11 - 05347dedff900ea2. Mean loss in evaluation epoch: 0.31548619270324707, epochs needed: 20
evaluating individudal 12 - 5c613e41ed994946. Mean loss in evaluation epoch: 0.31756100058555603, epochs needed: 20
evaluating individudal 13 - cde0ea1b57d8fa5a. Mean loss in evaluation epoch: 0.31853824853897095, epochs needed: 20
evaluating individudal 14 - dadfd9ff8eacda66. Mean loss in evaluation epoch: 0.31581056118011475, epochs needed: 20
evaluating individudal 15 - 1ce5ef2fbda05377. Mean loss in evaluation epoch: 0.3162921965122223, epochs needed: 20
evaluating individudal 0 - dce9138f5816d826. Mean loss in evaluation epoch: 0.3157302737236023, epochs needed: 20
evaluating individudal 1 - c110a47ae5e31e1d. Mean loss in evaluation epoch: 0.3161376118659973, epochs needed: 20
evaluating individudal 2 - 584fdf3f917047da. Mean loss in evaluation epoch: 0.3159095346927643, epochs needed: 20
evaluating individudal 3 - 492e1397a96b133c. Mean loss in evaluation epoch: 0.31594380736351013, epochs needed: 20
evaluating individudal 4 - a09e6116f6b23763. Mean loss in evaluation epoch: 0.3158620297908783, epochs needed: 20
evaluating individudal 5 - 168f5e824d759951. Mean loss in evaluation epoch: 0.3164585828781128, epochs needed: 20
evaluating individudal 6 - 799c5ae54eb90097. Mean loss in evaluation epoch: 0.3162635862827301, epochs needed: 20
evaluating individudal 7 - 6347642c007a7528. Mean loss in evaluation epoch: 0.31640833616256714, epochs needed: 20
Round 6 done. -----------------------------------------
------------------------- TRACKING ---------------------------
Matrix Hash: c05898c0f14d9159, num_times_seen_before: 0
ACC: 0.7
TPR/FPR: 1.0, 0.37012987012987014
Loss: 0.31544873118400574
Timestamp: 774.7949745359999
---------------------------------------------------------------
evaluating individudal 0 - 3c96f0d194d0b30f. Mean loss in evaluation epoch: 0.31725290417671204, epochs needed: 20
evaluating individudal 1 - 179458bcc35942cd. Mean loss in evaluation epoch: 0.3180498480796814, epochs needed: 20
evaluating individudal 2 - 282643d9f93ac1d0. Mean loss in evaluation epoch: 0.3174718916416168, epochs needed: 20
evaluating individudal 3 - fa4fcbdabd03ad89. Mean loss in evaluation epoch: 0.31908994913101196, epochs needed: 20
evaluating individudal 4 - f80c45edc0aed61d. Mean loss in evaluation epoch: 0.31852397322654724, epochs needed: 20
evaluating individudal 5 - a0722c4f01175d45. Mean loss in evaluation epoch: 0.31876078248023987, epochs needed: 20
evaluating individudal 6 - d5ed2956e26054ef. Mean loss in evaluation epoch: 0.31604328751564026, epochs needed: 20
evaluating individudal 7 - f661493cda53ea01. Mean loss in evaluation epoch: 0.3178658187389374, epochs needed: 20
evaluating individudal 8 - 7fa70f1f42ffec6e. Mean loss in evaluation epoch: 0.3162659704685211, epochs needed: 20
evaluating individudal 9 - 543e422b441a2b98. Mean loss in evaluation epoch: 0.3169228434562683, epochs needed: 20
evaluating individudal 10 - 79007ac08d4a61c0. Mean loss in evaluation epoch: 0.3163723647594452, epochs needed: 20
evaluating individudal 11 - ec012f91b602d78c. Mean loss in evaluation epoch: 0.315294474363327, epochs needed: 20
evaluating individudal 12 - c14ebd0e73615a65. Mean loss in evaluation epoch: 0.3168398439884186, epochs needed: 20
evaluating individudal 13 - 40f6e23f3b357eb5. Mean loss in evaluation epoch: 0.3195189833641052, epochs needed: 20
evaluating individudal 14 - 975867890c21d957. Mean loss in evaluation epoch: 0.3171454966068268, epochs needed: 20
evaluating individudal 15 - 1525e779827edcfb. Mean loss in evaluation epoch: 0.31631797552108765, epochs needed: 20
evaluating individudal 0 - c05898c0f14d9159. Mean loss in evaluation epoch: 0.31548625230789185, epochs needed: 20
evaluating individudal 1 - 05347dedff900ea2. Mean loss in evaluation epoch: 0.31556814908981323, epochs needed: 20
evaluating individudal 2 - 7ee069e17041539e. Mean loss in evaluation epoch: 0.31578516960144043, epochs needed: 20
evaluating individudal 3 - dce9138f5816d826. Mean loss in evaluation epoch: 0.3155710697174072, epochs needed: 20
evaluating individudal 4 - dadfd9ff8eacda66. Mean loss in evaluation epoch: 0.3160456717014313, epochs needed: 20
evaluating individudal 5 - a09e6116f6b23763. Mean loss in evaluation epoch: 0.31584689021110535, epochs needed: 20
evaluating individudal 6 - 584fdf3f917047da. Mean loss in evaluation epoch: 0.31593531370162964, epochs needed: 20
evaluating individudal 7 - e11ff5456ac0f729. Mean loss in evaluation epoch: 0.31590643525123596, epochs needed: 20
Round 7 done. -----------------------------------------
------------------------- TRACKING ---------------------------
Matrix Hash: ec012f91b602d78c, num_times_seen_before: 0
ACC: 0.7263157894736842
TPR/FPR: 0.9722222222222222, 0.33116883116883117
Loss: 0.315294474363327
Timestamp: 911.0143565899999
---------------------------------------------------------------
evaluating individudal 0 - 1761ad239497f209. Mean loss in evaluation epoch: 0.3158961534500122, epochs needed: 20
evaluating individudal 1 - c2bc3a70159967c7. Mean loss in evaluation epoch: 0.3157643973827362, epochs needed: 20
evaluating individudal 2 - 19c92090228c456d. Mean loss in evaluation epoch: 0.3172244131565094, epochs needed: 20
evaluating individudal 3 - bb5962d797f27ce3. Mean loss in evaluation epoch: 0.3174439072608948, epochs needed: 20
evaluating individudal 4 - 9687be07f9989a09. Mean loss in evaluation epoch: 0.31801822781562805, epochs needed: 20
evaluating individudal 5 - 635ea777cff22b0b. Mean loss in evaluation epoch: 0.3164880573749542, epochs needed: 20
evaluating individudal 6 - 9f29051fb5f0e556. Mean loss in evaluation epoch: 0.3169233202934265, epochs needed: 20
evaluating individudal 7 - 213138bfcb0e6e29. Mean loss in evaluation epoch: 0.3165964186191559, epochs needed: 20
evaluating individudal 8 - 3d9630d75f764e36. Mean loss in evaluation epoch: 0.31549036502838135, epochs needed: 20
evaluating individudal 9 - f9c6eef0b20de37f. Mean loss in evaluation epoch: 0.3172449469566345, epochs needed: 20
evaluating individudal 10 - 44a10da62811be15. Mean loss in evaluation epoch: 0.31626367568969727, epochs needed: 20
evaluating individudal 11 - 2898ec8ba8069f61. Mean loss in evaluation epoch: 0.31615984439849854, epochs needed: 20
evaluating individudal 12 - 6145f97c217d0c88. Mean loss in evaluation epoch: 0.3168891966342926, epochs needed: 20
evaluating individudal 13 - 56a08dea91a506d3. Mean loss in evaluation epoch: 0.3168708086013794, epochs needed: 20
evaluating individudal 14 - e2b8484c18b72d62. Mean loss in evaluation epoch: 0.31599506735801697, epochs needed: 20
evaluating individudal 15 - 9ceb3085b183cf39. Mean loss in evaluation epoch: 0.31671637296676636, epochs needed: 20
evaluating individudal 0 - ec012f91b602d78c. Mean loss in evaluation epoch: 0.3152450919151306, epochs needed: 20
evaluating individudal 1 - c05898c0f14d9159. Mean loss in evaluation epoch: 0.31562507152557373, epochs needed: 20
evaluating individudal 2 - 05347dedff900ea2. Mean loss in evaluation epoch: 0.3154260814189911, epochs needed: 20
evaluating individudal 3 - dce9138f5816d826. Mean loss in evaluation epoch: 0.3156953752040863, epochs needed: 20
evaluating individudal 4 - 7ee069e17041539e. Mean loss in evaluation epoch: 0.31601911783218384, epochs needed: 20
evaluating individudal 5 - a09e6116f6b23763. Mean loss in evaluation epoch: 0.3158448040485382, epochs needed: 20
evaluating individudal 6 - e11ff5456ac0f729. Mean loss in evaluation epoch: 0.3159281015396118, epochs needed: 20
evaluating individudal 7 - 584fdf3f917047da. Mean loss in evaluation epoch: 0.3160078227519989, epochs needed: 20
Round 8 done. -----------------------------------------
------------------------- TRACKING ---------------------------
Matrix Hash: ec012f91b602d78c, num_times_seen_before: 1
ACC: 0.7263157894736842
TPR/FPR: 0.9722222222222222, 0.33116883116883117
Loss: 0.3152450919151306
Timestamp: 1046.233480756
---------------------------------------------------------------
evaluating individudal 0 - fbf8d7c5acf1fd9d. Mean loss in evaluation epoch: 0.31677159667015076, epochs needed: 20
evaluating individudal 1 - 2fc2078df0f81cf1. Mean loss in evaluation epoch: 0.31828969717025757, epochs needed: 20
evaluating individudal 2 - 3655b04652874cb8. Mean loss in evaluation epoch: 0.31954675912857056, epochs needed: 20
evaluating individudal 3 - a2da7e1bbc84ed11. Mean loss in evaluation epoch: 0.31590741872787476, epochs needed: 20
evaluating individudal 4 - b59adaee86357222. Mean loss in evaluation epoch: 0.3191553056240082, epochs needed: 20
evaluating individudal 5 - 4b9558aa48660727. Mean loss in evaluation epoch: 0.3177768886089325, epochs needed: 20
evaluating individudal 6 - e5316e9f16378a3e. Mean loss in evaluation epoch: 0.31715789437294006, epochs needed: 20
evaluating individudal 7 - 43a501c59e97a3b3. Mean loss in evaluation epoch: 0.31845617294311523, epochs needed: 20
evaluating individudal 8 - d63122c296207a73. Mean loss in evaluation epoch: 0.3175049424171448, epochs needed: 20
evaluating individudal 9 - 5c7ff7fcfe846d13. Mean loss in evaluation epoch: 0.3185001611709595, epochs needed: 20
evaluating individudal 10 - a087db64c3b600f5. Mean loss in evaluation epoch: 0.31628531217575073, epochs needed: 20
evaluating individudal 11 - e2c49b011082d112. Mean loss in evaluation epoch: 0.31598931550979614, epochs needed: 20
evaluating individudal 12 - 55f6be48b1ea2515. Mean loss in evaluation epoch: 0.31524500250816345, epochs needed: 20
evaluating individudal 13 - 0e36bb4bc516d56a. Mean loss in evaluation epoch: 0.3170775771141052, epochs needed: 20
evaluating individudal 14 - 3a8b530c5176f9d2. Mean loss in evaluation epoch: 0.3182382881641388, epochs needed: 20
evaluating individudal 15 - e65a9f9bdca7aae5. Mean loss in evaluation epoch: 0.3182775676250458, epochs needed: 20
evaluating individudal 0 - ec012f91b602d78c. Mean loss in evaluation epoch: 0.3152715563774109, epochs needed: 20
evaluating individudal 1 - 05347dedff900ea2. Mean loss in evaluation epoch: 0.31556567549705505, epochs needed: 20
evaluating individudal 2 - 3d9630d75f764e36. Mean loss in evaluation epoch: 0.31563812494277954, epochs needed: 20
evaluating individudal 3 - c05898c0f14d9159. Mean loss in evaluation epoch: 0.3155307471752167, epochs needed: 20
evaluating individudal 4 - dce9138f5816d826. Mean loss in evaluation epoch: 0.31567031145095825, epochs needed: 20
evaluating individudal 5 - c2bc3a70159967c7. Mean loss in evaluation epoch: 0.31587058305740356, epochs needed: 20
evaluating individudal 6 - a09e6116f6b23763. Mean loss in evaluation epoch: 0.316094309091568, epochs needed: 20
evaluating individudal 7 - 1761ad239497f209. Mean loss in evaluation epoch: 0.3160749673843384, epochs needed: 20
Round 9 done. -----------------------------------------
------------------------- TRACKING ---------------------------
Matrix Hash: 55f6be48b1ea2515, num_times_seen_before: 0
ACC: 0.7157894736842105
TPR/FPR: 1.0, 0.35064935064935066
Loss: 0.31524500250816345
Timestamp: 1178.8746510570002
---------------------------------------------------------------
evaluating individudal 0 - 9f472c371c0c51ed. Mean loss in evaluation epoch: 0.31635308265686035, epochs needed: 20
evaluating individudal 1 - fd6f1e64d6733f8f. Mean loss in evaluation epoch: 0.31561604142189026, epochs needed: 20
evaluating individudal 2 - fe07e987d1c9cc43. Mean loss in evaluation epoch: 0.3170892000198364, epochs needed: 20
evaluating individudal 3 - 3997884363e7d91d. Mean loss in evaluation epoch: 0.3176945745944977, epochs needed: 20
evaluating individudal 4 - c9e2cf699194ed89. Mean loss in evaluation epoch: 0.31633254885673523, epochs needed: 20
evaluating individudal 5 - 0ff86b44f60c2bee. Mean loss in evaluation epoch: 0.3191227912902832, epochs needed: 20
evaluating individudal 6 - 78ce499241283101. Mean loss in evaluation epoch: 0.3169098496437073, epochs needed: 20
evaluating individudal 7 - 45521471eec7f8c5. Mean loss in evaluation epoch: 0.31716594099998474, epochs needed: 20
evaluating individudal 8 - e37625e9b963c106. Mean loss in evaluation epoch: 0.3159019947052002, epochs needed: 20
evaluating individudal 9 - 37741522680ad39e. Mean loss in evaluation epoch: 0.3162742257118225, epochs needed: 20
evaluating individudal 10 - 16f168cfeb28e51f. Mean loss in evaluation epoch: 0.315826416015625, epochs needed: 20
evaluating individudal 11 - 0b369345178be8aa. Mean loss in evaluation epoch: 0.3158644437789917, epochs needed: 20
evaluating individudal 12 - fc5d702e444e3e1c. Mean loss in evaluation epoch: 0.31587910652160645, epochs needed: 20
evaluating individudal 13 - 4b355c535d9fb686. Mean loss in evaluation epoch: 0.3202023506164551, epochs needed: 20
evaluating individudal 14 - ccbfd42bce1c910f. Mean loss in evaluation epoch: 0.3178686499595642, epochs needed: 20
evaluating individudal 15 - 98a9664e9e4e4ad7. Mean loss in evaluation epoch: 0.3208845853805542, epochs needed: 20
evaluating individudal 0 - 55f6be48b1ea2515. Mean loss in evaluation epoch: 0.31511667370796204, epochs needed: 20
evaluating individudal 1 - ec012f91b602d78c. Mean loss in evaluation epoch: 0.31533926725387573, epochs needed: 20
evaluating individudal 2 - c05898c0f14d9159. Mean loss in evaluation epoch: 0.3155292272567749, epochs needed: 20
evaluating individudal 3 - 05347dedff900ea2. Mean loss in evaluation epoch: 0.31551435589790344, epochs needed: 20
evaluating individudal 4 - 3d9630d75f764e36. Mean loss in evaluation epoch: 0.31548839807510376, epochs needed: 20
evaluating individudal 5 - dce9138f5816d826. Mean loss in evaluation epoch: 0.31559261679649353, epochs needed: 20
evaluating individudal 6 - c2bc3a70159967c7. Mean loss in evaluation epoch: 0.3157517910003662, epochs needed: 20
evaluating individudal 7 - a2da7e1bbc84ed11. Mean loss in evaluation epoch: 0.3160572052001953, epochs needed: 20
Round 10 done. -----------------------------------------
------------------------- TRACKING ---------------------------
Matrix Hash: 55f6be48b1ea2515, num_times_seen_before: 1
ACC: 0.7157894736842105
TPR/FPR: 1.0, 0.35064935064935066
Loss: 0.31511667370796204
Timestamp: 1305.809078641
---------------------------------------------------------------
evaluating individudal 0 - 1d7a6fc8069f2269. Mean loss in evaluation epoch: 0.3163490295410156, epochs needed: 20
evaluating individudal 1 - 3f93e1185d8a9fbd. Mean loss in evaluation epoch: 0.31824710965156555, epochs needed: 20
evaluating individudal 2 - 60fa6dd8ef991b62. Mean loss in evaluation epoch: 0.31980007886886597, epochs needed: 20
evaluating individudal 3 - 85d9ffd802bb3c3a. Mean loss in evaluation epoch: 0.316692054271698, epochs needed: 20
evaluating individudal 4 - d72f502190d00f35. Mean loss in evaluation epoch: 0.31671077013015747, epochs needed: 20
evaluating individudal 5 - 9d97c3ebe415b6e5. Mean loss in evaluation epoch: 0.3164299428462982, epochs needed: 20
evaluating individudal 6 - 0e8122db79a2a00d. Mean loss in evaluation epoch: 0.3170355558395386, epochs needed: 20
evaluating individudal 7 - 60e52559a9a25a38. Mean loss in evaluation epoch: 0.3168956935405731, epochs needed: 20
evaluating individudal 8 - 5ddc05daae3e418d. Mean loss in evaluation epoch: 0.3169897794723511, epochs needed: 20
evaluating individudal 9 - c06592cec20155b0. Mean loss in evaluation epoch: 0.31586754322052, epochs needed: 20
evaluating individudal 10 - 602a6bf4214aa327. Mean loss in evaluation epoch: 0.31691333651542664, epochs needed: 20
evaluating individudal 11 - 6683b4f3a20fbff3. Mean loss in evaluation epoch: 0.3166811764240265, epochs needed: 20
evaluating individudal 12 - 91ca56d439676998. Mean loss in evaluation epoch: 0.3158629834651947, epochs needed: 20
evaluating individudal 13 - 3e6cf9e9874849e0. Mean loss in evaluation epoch: 0.31591805815696716, epochs needed: 20
evaluating individudal 14 - d7b8e54b071866eb. Mean loss in evaluation epoch: 0.31507182121276855, epochs needed: 20
evaluating individudal 15 - e207e6312c907e9e. Mean loss in evaluation epoch: 0.3186146020889282, epochs needed: 20
evaluating individudal 0 - 55f6be48b1ea2515. Mean loss in evaluation epoch: 0.31512993574142456, epochs needed: 20
evaluating individudal 1 - ec012f91b602d78c. Mean loss in evaluation epoch: 0.3153599798679352, epochs needed: 20
evaluating individudal 2 - 3d9630d75f764e36. Mean loss in evaluation epoch: 0.3154321014881134, epochs needed: 20
evaluating individudal 3 - 05347dedff900ea2. Mean loss in evaluation epoch: 0.31548717617988586, epochs needed: 20
evaluating individudal 4 - c05898c0f14d9159. Mean loss in evaluation epoch: 0.3154850900173187, epochs needed: 20
evaluating individudal 5 - dce9138f5816d826. Mean loss in evaluation epoch: 0.3158116340637207, epochs needed: 20
evaluating individudal 6 - fd6f1e64d6733f8f. Mean loss in evaluation epoch: 0.3156510591506958, epochs needed: 20
evaluating individudal 7 - c2bc3a70159967c7. Mean loss in evaluation epoch: 0.31573620438575745, epochs needed: 20
Round 11 done. -----------------------------------------
------------------------- TRACKING ---------------------------
Matrix Hash: d7b8e54b071866eb, num_times_seen_before: 0
ACC: 0.7684210526315789
TPR/FPR: 0.9722222222222222, 0.2792207792207792
Loss: 0.31507182121276855
Timestamp: 1435.943584451
---------------------------------------------------------------
evaluating individudal 0 - b3ce87765f486514. Mean loss in evaluation epoch: 0.3158975839614868, epochs needed: 20
evaluating individudal 1 - 5cea6091b52a9c4e. Mean loss in evaluation epoch: 0.31649917364120483, epochs needed: 20
evaluating individudal 2 - 68e332f1a85c9d46. Mean loss in evaluation epoch: 0.31793874502182007, epochs needed: 20
evaluating individudal 3 - 827198b2d24bcdcd. Mean loss in evaluation epoch: 0.31666848063468933, epochs needed: 20
evaluating individudal 4 - c2326766c20064b4. Mean loss in evaluation epoch: 0.31773853302001953, epochs needed: 20
evaluating individudal 5 - b616542fc4bf97cd. Mean loss in evaluation epoch: 0.3170628547668457, epochs needed: 20
evaluating individudal 6 - 921a65cfbddf4477. Mean loss in evaluation epoch: 0.3160911202430725, epochs needed: 20
evaluating individudal 7 - 1b40e6f5d23e3f88. Mean loss in evaluation epoch: 0.31675606966018677, epochs needed: 20
evaluating individudal 8 - 44f7688542e36a2d. Mean loss in evaluation epoch: 0.3156565725803375, epochs needed: 20
evaluating individudal 9 - b01b7bcf61c33c52. Mean loss in evaluation epoch: 0.31649699807167053, epochs needed: 20
evaluating individudal 10 - e5198cf37e0b6cfe. Mean loss in evaluation epoch: 0.316482812166214, epochs needed: 20
evaluating individudal 11 - cd0789b9bfdae12f. Mean loss in evaluation epoch: 0.317218542098999, epochs needed: 20
evaluating individudal 12 - e99ddbf7f5b28aef. Mean loss in evaluation epoch: 0.31755053997039795, epochs needed: 20
evaluating individudal 13 - 8b517195f76dc18c. Mean loss in evaluation epoch: 0.31596025824546814, epochs needed: 20
evaluating individudal 14 - 52584cd15029f749. Mean loss in evaluation epoch: 0.31717032194137573, epochs needed: 20
evaluating individudal 15 - 85107cf92aa2b064. Mean loss in evaluation epoch: 0.3178721070289612, epochs needed: 20
evaluating individudal 0 - d7b8e54b071866eb. Mean loss in evaluation epoch: 0.31490761041641235, epochs needed: 20
evaluating individudal 1 - 55f6be48b1ea2515. Mean loss in evaluation epoch: 0.3150952160358429, epochs needed: 20
evaluating individudal 2 - ec012f91b602d78c. Mean loss in evaluation epoch: 0.3154364228248596, epochs needed: 20
evaluating individudal 3 - 3d9630d75f764e36. Mean loss in evaluation epoch: 0.31541743874549866, epochs needed: 20
evaluating individudal 4 - c05898c0f14d9159. Mean loss in evaluation epoch: 0.3157734274864197, epochs needed: 20
evaluating individudal 5 - 05347dedff900ea2. Mean loss in evaluation epoch: 0.31555601954460144, epochs needed: 20
evaluating individudal 6 - fd6f1e64d6733f8f. Mean loss in evaluation epoch: 0.31557559967041016, epochs needed: 20
evaluating individudal 7 - c2bc3a70159967c7. Mean loss in evaluation epoch: 0.31579020619392395, epochs needed: 20
Round 12 done. -----------------------------------------
------------------------- TRACKING ---------------------------
Matrix Hash: d7b8e54b071866eb, num_times_seen_before: 1
ACC: 0.7684210526315789
TPR/FPR: 0.9722222222222222, 0.2792207792207792
Loss: 0.31490761041641235
Timestamp: 1564.751413063
---------------------------------------------------------------
evaluating individudal 0 - 6feffe0bd4177fe7. Mean loss in evaluation epoch: 0.31720754504203796, epochs needed: 20
evaluating individudal 1 - 54d22d255977af2f. Mean loss in evaluation epoch: 0.3148973882198334, epochs needed: 20
evaluating individudal 2 - 8c66e2138a65e9ca. Mean loss in evaluation epoch: 0.31756454706192017, epochs needed: 20
evaluating individudal 3 - 9500204732f59aaf. Mean loss in evaluation epoch: 0.3150327801704407, epochs needed: 20
evaluating individudal 4 - dd1f88fab02349be. Mean loss in evaluation epoch: 0.31565040349960327, epochs needed: 20
evaluating individudal 5 - 833125aee69ba555. Mean loss in evaluation epoch: 0.31732839345932007, epochs needed: 20
evaluating individudal 6 - b7a08a21209b086e. Mean loss in evaluation epoch: 0.318241149187088, epochs needed: 20
evaluating individudal 7 - 5c6d7be96c31f721. Mean loss in evaluation epoch: 0.31528255343437195, epochs needed: 20
evaluating individudal 8 - 2a5d7ec0b97c122b. Mean loss in evaluation epoch: 0.31567448377609253, epochs needed: 20
evaluating individudal 9 - 6af08e3fd884b474. Mean loss in evaluation epoch: 0.31541451811790466, epochs needed: 20
evaluating individudal 10 - fa3531c39fa4ac3b. Mean loss in evaluation epoch: 0.3148312568664551, epochs needed: 20
evaluating individudal 11 - ffff360f53d1183e. Mean loss in evaluation epoch: 0.31607571244239807, epochs needed: 20
evaluating individudal 12 - 4d714430743fa45b. Mean loss in evaluation epoch: 0.31490379571914673, epochs needed: 20
evaluating individudal 13 - d28852c950796240. Mean loss in evaluation epoch: 0.3150441646575928, epochs needed: 20
evaluating individudal 14 - e9cbcba50e3a30c0. Mean loss in evaluation epoch: 0.31653985381126404, epochs needed: 20
evaluating individudal 15 - b4d54ddfea797a4c. Mean loss in evaluation epoch: 0.3148893713951111, epochs needed: 20
evaluating individudal 0 - d7b8e54b071866eb. Mean loss in evaluation epoch: 0.31487971544265747, epochs needed: 20
evaluating individudal 1 - 55f6be48b1ea2515. Mean loss in evaluation epoch: 0.3150976002216339, epochs needed: 20
evaluating individudal 2 - 3d9630d75f764e36. Mean loss in evaluation epoch: 0.3154537081718445, epochs needed: 20
evaluating individudal 3 - ec012f91b602d78c. Mean loss in evaluation epoch: 0.31527382135391235, epochs needed: 20
evaluating individudal 4 - 05347dedff900ea2. Mean loss in evaluation epoch: 0.31552135944366455, epochs needed: 20
evaluating individudal 5 - fd6f1e64d6733f8f. Mean loss in evaluation epoch: 0.31565237045288086, epochs needed: 20
evaluating individudal 6 - 44f7688542e36a2d. Mean loss in evaluation epoch: 0.3156578838825226, epochs needed: 20
evaluating individudal 7 - c05898c0f14d9159. Mean loss in evaluation epoch: 0.315476655960083, epochs needed: 20
Round 13 done. -----------------------------------------
------------------------- TRACKING ---------------------------
Matrix Hash: fa3531c39fa4ac3b, num_times_seen_before: 0
ACC: 0.7157894736842105
TPR/FPR: 0.9444444444444444, 0.33766233766233766
Loss: 0.3148312568664551
Timestamp: 1694.839569968
---------------------------------------------------------------
evaluating individudal 0 - 5be34fd4e12ca9b1. Mean loss in evaluation epoch: 0.3183070123195648, epochs needed: 20
evaluating individudal 1 - 13613eb48315d421. Mean loss in evaluation epoch: 0.316783607006073, epochs needed: 20
evaluating individudal 2 - 939e481d9042e8c6. Mean loss in evaluation epoch: 0.3168011009693146, epochs needed: 20
evaluating individudal 3 - 4b3df10283647d19. Mean loss in evaluation epoch: 0.31445586681365967, epochs needed: 20
evaluating individudal 4 - e44e584996ae96c6. Mean loss in evaluation epoch: 0.31540510058403015, epochs needed: 20
evaluating individudal 5 - a31ba03e691b5a77. Mean loss in evaluation epoch: 0.315186083316803, epochs needed: 20
evaluating individudal 6 - 3c0b83b44fb0e79b. Mean loss in evaluation epoch: 0.3161388337612152, epochs needed: 20
evaluating individudal 7 - 8643ed8c3c132c21. Mean loss in evaluation epoch: 0.3168892562389374, epochs needed: 20
evaluating individudal 8 - a49e76604647d1be. Mean loss in evaluation epoch: 0.31745827198028564, epochs needed: 20
evaluating individudal 9 - a8fe030e2193e8b8. Mean loss in evaluation epoch: 0.3164824843406677, epochs needed: 20
evaluating individudal 10 - ef11df4de479d4d3. Mean loss in evaluation epoch: 0.3158440589904785, epochs needed: 20
evaluating individudal 11 - 93089e5c3a02dc51. Mean loss in evaluation epoch: 0.316179484128952, epochs needed: 20
evaluating individudal 12 - 397d5d21b2420c07. Mean loss in evaluation epoch: 0.3159155547618866, epochs needed: 20
evaluating individudal 13 - 4490ee011e25b813. Mean loss in evaluation epoch: 0.31617119908332825, epochs needed: 20
evaluating individudal 14 - 911c0f7dcb22c858. Mean loss in evaluation epoch: 0.31630992889404297, epochs needed: 20
evaluating individudal 15 - 7683662d0b1ec4bb. Mean loss in evaluation epoch: 0.31701987981796265, epochs needed: 20
evaluating individudal 0 - fa3531c39fa4ac3b. Mean loss in evaluation epoch: 0.31474658846855164, epochs needed: 20
evaluating individudal 1 - d7b8e54b071866eb. Mean loss in evaluation epoch: 0.31501296162605286, epochs needed: 20
evaluating individudal 2 - b4d54ddfea797a4c. Mean loss in evaluation epoch: 0.3148430287837982, epochs needed: 20
evaluating individudal 3 - 54d22d255977af2f. Mean loss in evaluation epoch: 0.31486454606056213, epochs needed: 20
evaluating individudal 4 - 4d714430743fa45b. Mean loss in evaluation epoch: 0.3149392306804657, epochs needed: 20
evaluating individudal 5 - 9500204732f59aaf. Mean loss in evaluation epoch: 0.3150102496147156, epochs needed: 20
evaluating individudal 6 - d28852c950796240. Mean loss in evaluation epoch: 0.3150467872619629, epochs needed: 20
evaluating individudal 7 - 55f6be48b1ea2515. Mean loss in evaluation epoch: 0.31521570682525635, epochs needed: 20
Round 14 done. -----------------------------------------
------------------------- TRACKING ---------------------------
Matrix Hash: 4b3df10283647d19, num_times_seen_before: 0
ACC: 0.7947368421052632
TPR/FPR: 0.9166666666666666, 0.23376623376623376
Loss: 0.31445586681365967
Timestamp: 1823.6079444040001
---------------------------------------------------------------
evaluating individudal 0 - 67740127f361f3b6. Mean loss in evaluation epoch: 0.3181847929954529, epochs needed: 20
evaluating individudal 1 - 8c63683af804f5cc. Mean loss in evaluation epoch: 0.31487756967544556, epochs needed: 20
evaluating individudal 2 - 312d75d6cb2c5578. Mean loss in evaluation epoch: 0.316754013299942, epochs needed: 20
evaluating individudal 3 - 755dd5e89fe339c6. Mean loss in evaluation epoch: 0.3181746304035187, epochs needed: 20
evaluating individudal 4 - c35be5dd90de64b0. Mean loss in evaluation epoch: 0.3161487281322479, epochs needed: 20
evaluating individudal 5 - 60ccf57d60fbd0ea. Mean loss in evaluation epoch: 0.3151576817035675, epochs needed: 20
evaluating individudal 6 - f9405ef25fd43316. Mean loss in evaluation epoch: 0.3171698749065399, epochs needed: 20
evaluating individudal 7 - 804662f83616beb5. Mean loss in evaluation epoch: 0.3166557550430298, epochs needed: 20
evaluating individudal 8 - 83ea672f7b718d2c. Mean loss in evaluation epoch: 0.3187806308269501, epochs needed: 20
evaluating individudal 9 - b580df3430bbbce3. Mean loss in evaluation epoch: 0.31705543398857117, epochs needed: 20
evaluating individudal 10 - 76e38dba3ef54ed7. Mean loss in evaluation epoch: 0.3161659240722656, epochs needed: 20
evaluating individudal 11 - ce5b94445a7f3ccf. Mean loss in evaluation epoch: 0.31989210844039917, epochs needed: 20
evaluating individudal 12 - 6c8e98b0f3666171. Mean loss in evaluation epoch: 0.31669288873672485, epochs needed: 20
evaluating individudal 13 - b4a901d9cd77beaf. Mean loss in evaluation epoch: 0.3159887194633484, epochs needed: 20
evaluating individudal 14 - dd4063e5ac6d3825. Mean loss in evaluation epoch: 0.31631365418434143, epochs needed: 20
evaluating individudal 15 - 5d9a5373a96459d0. Mean loss in evaluation epoch: 0.31695303320884705, epochs needed: 20
evaluating individudal 0 - 4b3df10283647d19. Mean loss in evaluation epoch: 0.3146341145038605, epochs needed: 20
evaluating individudal 1 - fa3531c39fa4ac3b. Mean loss in evaluation epoch: 0.31477680802345276, epochs needed: 20
evaluating individudal 2 - b4d54ddfea797a4c. Mean loss in evaluation epoch: 0.3148411810398102, epochs needed: 20
evaluating individudal 3 - 54d22d255977af2f. Mean loss in evaluation epoch: 0.314831405878067, epochs needed: 20
evaluating individudal 4 - 4d714430743fa45b. Mean loss in evaluation epoch: 0.3149457275867462, epochs needed: 20
evaluating individudal 5 - 9500204732f59aaf. Mean loss in evaluation epoch: 0.31498393416404724, epochs needed: 20
evaluating individudal 6 - d7b8e54b071866eb. Mean loss in evaluation epoch: 0.31496837735176086, epochs needed: 20
evaluating individudal 7 - d28852c950796240. Mean loss in evaluation epoch: 0.3149603307247162, epochs needed: 20
Round 15 done. -----------------------------------------
------------------------- TRACKING ---------------------------
Matrix Hash: 4b3df10283647d19, num_times_seen_before: 1
ACC: 0.7947368421052632
TPR/FPR: 0.9166666666666666, 0.23376623376623376
Loss: 0.3146341145038605
Timestamp: 1954.017282961
---------------------------------------------------------------
evaluating individudal 0 - 83b1e567557bd65d. Mean loss in evaluation epoch: 0.31661948561668396, epochs needed: 20
evaluating individudal 1 - d3aa36c8508ef282. Mean loss in evaluation epoch: 0.3158535957336426, epochs needed: 20
evaluating individudal 2 - d446422780c6a074. Mean loss in evaluation epoch: 0.31613731384277344, epochs needed: 20
evaluating individudal 3 - d396b1a92f1e13a5. Mean loss in evaluation epoch: 0.31517845392227173, epochs needed: 20
evaluating individudal 4 - 290441ca2543e19d. Mean loss in evaluation epoch: 0.31858256459236145, epochs needed: 20
evaluating individudal 5 - bf1d0fc98c8df9bb. Mean loss in evaluation epoch: 0.31535816192626953, epochs needed: 20
evaluating individudal 6 - 6ba64298fe7a411b. Mean loss in evaluation epoch: 0.31504112482070923, epochs needed: 20
evaluating individudal 7 - beabecda4e4c3c2e. Mean loss in evaluation epoch: 0.3151121139526367, epochs needed: 20
evaluating individudal 8 - 1fa462a3603a3f6d. Mean loss in evaluation epoch: 0.3150465786457062, epochs needed: 20
evaluating individudal 9 - 6fe79b78240ebbf7. Mean loss in evaluation epoch: 0.315911203622818, epochs needed: 20
evaluating individudal 10 - 6f2e27e0308ffab9. Mean loss in evaluation epoch: 0.3162072002887726, epochs needed: 20
evaluating individudal 11 - 5288c9cd205c5b2a. Mean loss in evaluation epoch: 0.3151084780693054, epochs needed: 20
evaluating individudal 12 - 58e5dad79f41b561. Mean loss in evaluation epoch: 0.3152618408203125, epochs needed: 20
evaluating individudal 13 - e93625b90454ec02. Mean loss in evaluation epoch: 0.31523779034614563, epochs needed: 20
evaluating individudal 14 - a29db03c7396f9cb. Mean loss in evaluation epoch: 0.3168322443962097, epochs needed: 20
evaluating individudal 15 - 6ed48747a09c07f7. Mean loss in evaluation epoch: 0.3161405026912689, epochs needed: 20
evaluating individudal 0 - 4b3df10283647d19. Mean loss in evaluation epoch: 0.3145850896835327, epochs needed: 20
evaluating individudal 1 - fa3531c39fa4ac3b. Mean loss in evaluation epoch: 0.3148314356803894, epochs needed: 20
evaluating individudal 2 - 54d22d255977af2f. Mean loss in evaluation epoch: 0.3149137794971466, epochs needed: 20
evaluating individudal 3 - b4d54ddfea797a4c. Mean loss in evaluation epoch: 0.3147943615913391, epochs needed: 20
evaluating individudal 4 - 8c63683af804f5cc. Mean loss in evaluation epoch: 0.31488466262817383, epochs needed: 20
evaluating individudal 5 - 4d714430743fa45b. Mean loss in evaluation epoch: 0.3149496912956238, epochs needed: 20
evaluating individudal 6 - d28852c950796240. Mean loss in evaluation epoch: 0.31493616104125977, epochs needed: 20
evaluating individudal 7 - d7b8e54b071866eb. Mean loss in evaluation epoch: 0.3149648904800415, epochs needed: 20
Round 16 done. -----------------------------------------
------------------------- TRACKING ---------------------------
Matrix Hash: 4b3df10283647d19, num_times_seen_before: 2
ACC: 0.7947368421052632
TPR/FPR: 0.9166666666666666, 0.23376623376623376
Loss: 0.3145850896835327
Timestamp: 2080.539652687
---------------------------------------------------------------
evaluating individudal 0 - 98f832feec0912ea. Mean loss in evaluation epoch: 0.3159673511981964, epochs needed: 20
evaluating individudal 1 - fa39f0e999ce0aee. Mean loss in evaluation epoch: 0.31805220246315, epochs needed: 20
evaluating individudal 2 - c8810258d4704104. Mean loss in evaluation epoch: 0.31753551959991455, epochs needed: 20
evaluating individudal 3 - 5a56bbd7d1492280. Mean loss in evaluation epoch: 0.3158179521560669, epochs needed: 20
evaluating individudal 4 - a4a2f1cea4f76aaf. Mean loss in evaluation epoch: 0.3160763084888458, epochs needed: 20
evaluating individudal 5 - bf1ec3e55719477f. Mean loss in evaluation epoch: 0.3152531087398529, epochs needed: 20
evaluating individudal 6 - 4a2a807fd0ce26ca. Mean loss in evaluation epoch: 0.3153749704360962, epochs needed: 20
evaluating individudal 7 - aefa39176c520234. Mean loss in evaluation epoch: 0.316653847694397, epochs needed: 20
evaluating individudal 8 - 396c96b77258043b. Mean loss in evaluation epoch: 0.3165249228477478, epochs needed: 20
evaluating individudal 9 - a58a0e022e06afaf. Mean loss in evaluation epoch: 0.3163355886936188, epochs needed: 20
evaluating individudal 10 - 26f51a72e6199864. Mean loss in evaluation epoch: 0.31847721338272095, epochs needed: 20
evaluating individudal 11 - 33ad5c53e85b1999. Mean loss in evaluation epoch: 0.31679293513298035, epochs needed: 20
evaluating individudal 12 - cc110cb0da764b65. Mean loss in evaluation epoch: 0.3156857490539551, epochs needed: 20
evaluating individudal 13 - 14b5f26b036011c6. Mean loss in evaluation epoch: 0.31641659140586853, epochs needed: 20
evaluating individudal 14 - e4354d4d9836b59f. Mean loss in evaluation epoch: 0.3181621730327606, epochs needed: 20
evaluating individudal 15 - 1ee2cb7110279864. Mean loss in evaluation epoch: 0.3171699643135071, epochs needed: 20
evaluating individudal 0 - 4b3df10283647d19. Mean loss in evaluation epoch: 0.31457746028900146, epochs needed: 20
evaluating individudal 1 - b4d54ddfea797a4c. Mean loss in evaluation epoch: 0.3149746358394623, epochs needed: 20
evaluating individudal 2 - fa3531c39fa4ac3b. Mean loss in evaluation epoch: 0.315032958984375, epochs needed: 20
evaluating individudal 3 - 8c63683af804f5cc. Mean loss in evaluation epoch: 0.31494274735450745, epochs needed: 20
evaluating individudal 4 - 54d22d255977af2f. Mean loss in evaluation epoch: 0.3149561583995819, epochs needed: 20
evaluating individudal 5 - d28852c950796240. Mean loss in evaluation epoch: 0.31540393829345703, epochs needed: 20
evaluating individudal 6 - 4d714430743fa45b. Mean loss in evaluation epoch: 0.31508487462997437, epochs needed: 20
evaluating individudal 7 - d7b8e54b071866eb. Mean loss in evaluation epoch: 0.3151625990867615, epochs needed: 20
Round 17 done. -----------------------------------------
------------------------- TRACKING ---------------------------
Matrix Hash: 4b3df10283647d19, num_times_seen_before: 3
ACC: 0.7947368421052632
TPR/FPR: 0.9166666666666666, 0.23376623376623376
Loss: 0.31457746028900146
Timestamp: 2212.245424554
---------------------------------------------------------------
evaluating individudal 0 - 35ed05d8cf05675c. Mean loss in evaluation epoch: 0.31594711542129517, epochs needed: 20
evaluating individudal 1 - 6e203626bcac342f. Mean loss in evaluation epoch: 0.31653961539268494, epochs needed: 20
evaluating individudal 2 - e19009ca5eff38b3. Mean loss in evaluation epoch: 0.3160712420940399, epochs needed: 20
evaluating individudal 3 - 34fc9f0963297a1e. Mean loss in evaluation epoch: 0.3162038326263428, epochs needed: 20
evaluating individudal 4 - 5026301e39f2c2fc. Mean loss in evaluation epoch: 0.31665685772895813, epochs needed: 20
evaluating individudal 5 - 92b5280e97cb4573. Mean loss in evaluation epoch: 0.3159853518009186, epochs needed: 20
evaluating individudal 6 - 7e2a24fd38df2fff. Mean loss in evaluation epoch: 0.316609650850296, epochs needed: 20
evaluating individudal 7 - 9f0c7ce63a259dce. Mean loss in evaluation epoch: 0.3163738250732422, epochs needed: 20
evaluating individudal 8 - b9893ead8d6d35a8. Mean loss in evaluation epoch: 0.31715843081474304, epochs needed: 20
evaluating individudal 9 - 3632c758d0a5ac48. Mean loss in evaluation epoch: 0.316954106092453, epochs needed: 20
evaluating individudal 10 - af4006f1f52f864c. Mean loss in evaluation epoch: 0.31657105684280396, epochs needed: 20
evaluating individudal 11 - 68d44eff9f4de94d. Mean loss in evaluation epoch: 0.3178759813308716, epochs needed: 20
evaluating individudal 12 - 6b7f2910239f900b. Mean loss in evaluation epoch: 0.3157845139503479, epochs needed: 20
evaluating individudal 13 - c6ef4678a842d92c. Mean loss in evaluation epoch: 0.3172168731689453, epochs needed: 20
evaluating individudal 14 - 7ca7052b07416098. Mean loss in evaluation epoch: 0.31680142879486084, epochs needed: 20
evaluating individudal 15 - 36113ff5c16268b0. Mean loss in evaluation epoch: 0.3178642988204956, epochs needed: 20
evaluating individudal 0 - 4b3df10283647d19. Mean loss in evaluation epoch: 0.3147501051425934, epochs needed: 20
evaluating individudal 1 - 8c63683af804f5cc. Mean loss in evaluation epoch: 0.31520146131515503, epochs needed: 20
evaluating individudal 2 - 54d22d255977af2f. Mean loss in evaluation epoch: 0.3151763379573822, epochs needed: 20
evaluating individudal 3 - b4d54ddfea797a4c. Mean loss in evaluation epoch: 0.3149506747722626, epochs needed: 20
evaluating individudal 4 - fa3531c39fa4ac3b. Mean loss in evaluation epoch: 0.3149089217185974, epochs needed: 20
evaluating individudal 5 - 4d714430743fa45b. Mean loss in evaluation epoch: 0.3151327073574066, epochs needed: 20
evaluating individudal 6 - d7b8e54b071866eb. Mean loss in evaluation epoch: 0.3150637447834015, epochs needed: 20
evaluating individudal 7 - bf1ec3e55719477f. Mean loss in evaluation epoch: 0.31564781069755554, epochs needed: 20
Round 18 done. -----------------------------------------
------------------------- TRACKING ---------------------------
Matrix Hash: 4b3df10283647d19, num_times_seen_before: 4
ACC: 0.7947368421052632
TPR/FPR: 0.9166666666666666, 0.23376623376623376
Loss: 0.3147501051425934
Timestamp: 2339.2792547149998
---------------------------------------------------------------
evaluating individudal 0 - 57adbd6284306ef7. Mean loss in evaluation epoch: 0.31589269638061523, epochs needed: 20
evaluating individudal 1 - 705f5529bc4148e3. Mean loss in evaluation epoch: 0.31748974323272705, epochs needed: 20
evaluating individudal 2 - 3e5dd9c3982a3e52. Mean loss in evaluation epoch: 0.3157891631126404, epochs needed: 20
evaluating individudal 3 - 63125128930ec088. Mean loss in evaluation epoch: 0.31688347458839417, epochs needed: 20
evaluating individudal 4 - a177ab1a6c500fe0. Mean loss in evaluation epoch: 0.3158511221408844, epochs needed: 20
evaluating individudal 5 - dce2bd8d268f1edc. Mean loss in evaluation epoch: 0.31568220257759094, epochs needed: 20
evaluating individudal 6 - c9a6f6c7d9dac01d. Mean loss in evaluation epoch: 0.31758686900138855, epochs needed: 20
evaluating individudal 7 - a9412e30641e44af. Mean loss in evaluation epoch: 0.31755003333091736, epochs needed: 20
evaluating individudal 8 - 1e230cfe126a17cd. Mean loss in evaluation epoch: 0.3157968521118164, epochs needed: 20
evaluating individudal 9 - d4028d6ece916fbb. Mean loss in evaluation epoch: 0.3176928758621216, epochs needed: 20
evaluating individudal 10 - ea8177224008b210. Mean loss in evaluation epoch: 0.3176148533821106, epochs needed: 20
evaluating individudal 11 - 724528a4157c134b. Mean loss in evaluation epoch: 0.31638970971107483, epochs needed: 20
evaluating individudal 12 - 733af53aa8c35aa8. Mean loss in evaluation epoch: 0.3165479004383087, epochs needed: 20
evaluating individudal 13 - 1e2bfdb6ccd44a94. Mean loss in evaluation epoch: 0.31719449162483215, epochs needed: 20
evaluating individudal 14 - 101189d686d96177. Mean loss in evaluation epoch: 0.31724876165390015, epochs needed: 20
evaluating individudal 15 - 7e3094addfa6823d. Mean loss in evaluation epoch: 0.3160765767097473, epochs needed: 20
evaluating individudal 0 - 4b3df10283647d19. Mean loss in evaluation epoch: 0.31474146246910095, epochs needed: 20
evaluating individudal 1 - fa3531c39fa4ac3b. Mean loss in evaluation epoch: 0.3148546516895294, epochs needed: 20
evaluating individudal 2 - b4d54ddfea797a4c. Mean loss in evaluation epoch: 0.3148925006389618, epochs needed: 20
evaluating individudal 3 - d7b8e54b071866eb. Mean loss in evaluation epoch: 0.31514179706573486, epochs needed: 20
evaluating individudal 4 - 4d714430743fa45b. Mean loss in evaluation epoch: 0.31514397263526917, epochs needed: 20
evaluating individudal 5 - 54d22d255977af2f. Mean loss in evaluation epoch: 0.31492096185684204, epochs needed: 20
evaluating individudal 6 - 8c63683af804f5cc. Mean loss in evaluation epoch: 0.3147878050804138, epochs needed: 20
evaluating individudal 7 - bf1ec3e55719477f. Mean loss in evaluation epoch: 0.3152743875980377, epochs needed: 20
Round 19 done. -----------------------------------------
------------------------- TRACKING ---------------------------
Matrix Hash: 4b3df10283647d19, num_times_seen_before: 5
ACC: 0.7947368421052632
TPR/FPR: 0.9166666666666666, 0.23376623376623376
Loss: 0.31474146246910095
Timestamp: 2465.15050687
---------------------------------------------------------------
evaluating individudal 0 - 0b6ed87e179cb761. Mean loss in evaluation epoch: 0.31783565878868103, epochs needed: 20
evaluating individudal 1 - 22d5e10e4c3d5a04. Mean loss in evaluation epoch: 0.3161756992340088, epochs needed: 20
evaluating individudal 2 - 3837ffe2dd50ef2d. Mean loss in evaluation epoch: 0.317229300737381, epochs needed: 20
evaluating individudal 3 - fc38f9391d8e7395. Mean loss in evaluation epoch: 0.3183296024799347, epochs needed: 20
evaluating individudal 4 - 9f890b63cd6df794. Mean loss in evaluation epoch: 0.3184618055820465, epochs needed: 20
evaluating individudal 5 - 35e46edae15361f0. Mean loss in evaluation epoch: 0.3174821436405182, epochs needed: 20
evaluating individudal 6 - ad0029acb68f4790. Mean loss in evaluation epoch: 0.31687286496162415, epochs needed: 20
evaluating individudal 7 - aee2eba4b24f5d0d. Mean loss in evaluation epoch: 0.3191208839416504, epochs needed: 20
evaluating individudal 8 - f9a6699c6594f303. Mean loss in evaluation epoch: 0.3172859251499176, epochs needed: 20
evaluating individudal 9 - 98f176abc0667968. Mean loss in evaluation epoch: 0.3159337639808655, epochs needed: 20
evaluating individudal 10 - 54b777c5d3c7117b. Mean loss in evaluation epoch: 0.3166000247001648, epochs needed: 20
evaluating individudal 11 - 4c1fec506b5a66fc. Mean loss in evaluation epoch: 0.3176025152206421, epochs needed: 20
evaluating individudal 12 - ccb628d1a898b686. Mean loss in evaluation epoch: 0.3165719211101532, epochs needed: 20
evaluating individudal 13 - 04c10023c203a9eb. Mean loss in evaluation epoch: 0.31704187393188477, epochs needed: 20
evaluating individudal 14 - 54b63753cb7d5247. Mean loss in evaluation epoch: 0.31602907180786133, epochs needed: 20
evaluating individudal 15 - a7674ff262d7e3a9. Mean loss in evaluation epoch: 0.3151876628398895, epochs needed: 20
evaluating individudal 0 - 4b3df10283647d19. Mean loss in evaluation epoch: 0.31460967659950256, epochs needed: 20
evaluating individudal 1 - 8c63683af804f5cc. Mean loss in evaluation epoch: 0.31495147943496704, epochs needed: 20
evaluating individudal 2 - fa3531c39fa4ac3b. Mean loss in evaluation epoch: 0.3149532377719879, epochs needed: 20
evaluating individudal 3 - b4d54ddfea797a4c. Mean loss in evaluation epoch: 0.31497645378112793, epochs needed: 20
evaluating individudal 4 - 54d22d255977af2f. Mean loss in evaluation epoch: 0.3149507939815521, epochs needed: 20
evaluating individudal 5 - d7b8e54b071866eb. Mean loss in evaluation epoch: 0.315070778131485, epochs needed: 20
evaluating individudal 6 - 4d714430743fa45b. Mean loss in evaluation epoch: 0.31501305103302, epochs needed: 20
evaluating individudal 7 - bf1ec3e55719477f. Mean loss in evaluation epoch: 0.3153364956378937, epochs needed: 20
------------------------- TRACKING ---------------------------
Matrix Hash: 4b3df10283647d19, num_times_seen_before: 6
ACC: 0.7947368421052632
TPR/FPR: 0.9166666666666666, 0.23376623376623376
Loss: 0.31460967659950256
Timestamp: 2599.2435318569997
---------------------------------------------------------------
