../data/final/cml/timeseries_ba20_5k_4_onetake.pickle
../data/final/edges_ba20.pickle
CONTINUATION: False
CONT_ADDRESS: ./hill_climbing_logs/voter_ba20_100_CONT_8ep
SEED: 0
NUM_DYN_EPOCHS: 40
DETECT_EARLY_CONVERGENCE: False
USE_EVALEPOCH_FOR_GUIDED_MUTATION: False
USE_NODEWISE_LOSS: False
USE_DYNAMIC_STEPS: True
NUM_GEN: 100
DETERMINISTIC_EVAL: True
FREE WALK: False
num samples: 4991
NUM_TRAIN_SAMPLES: 4991
NUM_TRAIN_BATCHES: 50
NUM_TEST_SAMPLES: 4991
NUM_TEST_BATCHES: 50
BATCH_SIZE: 100
HIDDEN_SIZE: 128
NUM_DYN_EPOCHS: 40
IS_CONTINUOUS: True
USE_MAX: False
Mean loss in evaluation epoch: 0.08622556179761887, epochs needed: 40

Generation 0
------------------------- TRACKING ---------------------------
Matrix Hash: bcfde9534d3bfd59, num_times_seen_before: 0
ACC: 0.4789473684210527
TPR/FPR: 0.5833333333333334, 0.5454545454545454
Loss: 0.08622556179761887
Timestamp: 0
---------------------------------------------------------------
[tensor([ 0, 16]), tensor([1, 3]), tensor([1, 8]), tensor([ 1, 11]), tensor([ 1, 17]), tensor([ 1, 18]), tensor([2, 6]), tensor([ 2, 15]), tensor([3, 4]), tensor([3, 8]), tensor([ 3, 13]), tensor([ 3, 16]), tensor([ 3, 18]), tensor([ 4, 11]), tensor([ 4, 13]), tensor([ 4, 15]), tensor([ 4, 16]), tensor([ 5, 11]), tensor([ 5, 13]), tensor([ 5, 14]), tensor([ 5, 17]), tensor([ 5, 18]), tensor([6, 8]), tensor([ 6, 16]), tensor([7, 8]), tensor([7, 9]), tensor([ 7, 10]), tensor([ 7, 12]), tensor([ 7, 15]), tensor([ 7, 17]), tensor([ 7, 19]), tensor([8, 9]), tensor([ 8, 14]), tensor([ 8, 18]), tensor([ 9, 12]), tensor([ 9, 15]), tensor([11, 13]), tensor([11, 19]), tensor([12, 15]), tensor([13, 16]), tensor([13, 19]), tensor([14, 16]), tensor([16, 17]), tensor([16, 18])]
Mean loss in evaluation epoch: 0.08738002926111221, epochs needed: 40
Rejecting!

Generation 1
------------------------- TRACKING ---------------------------
Matrix Hash: bcfde9534d3bfd59, num_times_seen_before: 1
ACC: 0.4789473684210527
TPR/FPR: 0.5833333333333334, 0.5454545454545454
Loss: 0.08622556179761887
Timestamp: 53.659710237
---------------------------------------------------------------
[tensor([ 0, 12]), tensor([ 0, 16]), tensor([1, 3]), tensor([ 1, 18]), tensor([2, 4]), tensor([ 2, 13]), tensor([ 2, 16]), tensor([3, 4]), tensor([3, 6]), tensor([3, 8]), tensor([ 3, 13]), tensor([ 3, 14]), tensor([ 3, 16]), tensor([ 3, 18]), tensor([ 4, 13]), tensor([ 4, 15]), tensor([ 5, 13]), tensor([ 5, 18]), tensor([6, 9]), tensor([ 6, 15]), tensor([ 6, 18]), tensor([7, 8]), tensor([7, 9]), tensor([ 7, 10]), tensor([ 7, 12]), tensor([ 7, 15]), tensor([ 7, 17]), tensor([ 7, 18]), tensor([ 7, 19]), tensor([ 9, 12]), tensor([ 9, 15]), tensor([11, 16]), tensor([12, 15]), tensor([13, 16]), tensor([13, 19]), tensor([14, 15]), tensor([14, 18]), tensor([16, 18]), tensor([18, 19])]
Mean loss in evaluation epoch: 0.08603416383266449, epochs needed: 40
Accepting!

Generation 2
------------------------- TRACKING ---------------------------
Matrix Hash: 6d05aab92c06d39d, num_times_seen_before: 0
ACC: 0.4842105263157894
TPR/FPR: 0.6666666666666666, 0.5584415584415584
Loss: 0.08603416383266449
Timestamp: 107.577721949
---------------------------------------------------------------
[tensor([0, 1]), tensor([ 0, 17]), tensor([ 0, 18]), tensor([1, 6]), tensor([ 1, 17]), tensor([ 1, 19]), tensor([ 2, 12]), tensor([ 2, 14]), tensor([3, 4]), tensor([3, 8]), tensor([ 3, 10]), tensor([ 3, 13]), tensor([4, 8]), tensor([ 5, 13]), tensor([ 5, 19]), tensor([6, 9]), tensor([ 6, 14]), tensor([ 6, 15]), tensor([ 7, 12]), tensor([ 8, 12]), tensor([ 9, 11]), tensor([ 9, 12]), tensor([ 9, 17]), tensor([10, 11]), tensor([10, 13]), tensor([11, 19]), tensor([12, 15]), tensor([12, 17]), tensor([12, 18]), tensor([13, 15]), tensor([13, 16]), tensor([13, 18]), tensor([15, 17]), tensor([15, 19]), tensor([16, 17]), tensor([17, 19])]
Mean loss in evaluation epoch: 0.08946636319160461, epochs needed: 40
Rejecting!

Generation 3
------------------------- TRACKING ---------------------------
Matrix Hash: 6d05aab92c06d39d, num_times_seen_before: 1
ACC: 0.4842105263157894
TPR/FPR: 0.6666666666666666, 0.5584415584415584
Loss: 0.08603416383266449
Timestamp: 161.015964559
---------------------------------------------------------------
[tensor([0, 9]), tensor([ 0, 12]), tensor([ 0, 16]), tensor([ 0, 17]), tensor([ 0, 18]), tensor([1, 6]), tensor([ 1, 17]), tensor([ 1, 19]), tensor([2, 4]), tensor([2, 6]), tensor([ 2, 14]), tensor([3, 6]), tensor([3, 8]), tensor([ 3, 13]), tensor([ 3, 16]), tensor([ 3, 18]), tensor([4, 5]), tensor([4, 8]), tensor([ 4, 13]), tensor([ 5, 17]), tensor([ 5, 18]), tensor([6, 9]), tensor([ 6, 11]), tensor([ 6, 13]), tensor([ 6, 14]), tensor([ 6, 19]), tensor([7, 9]), tensor([ 7, 14]), tensor([ 7, 15]), tensor([ 7, 16]), tensor([ 8, 12]), tensor([ 9, 11]), tensor([ 9, 12]), tensor([ 9, 15]), tensor([ 9, 17]), tensor([10, 11]), tensor([10, 13]), tensor([11, 12]), tensor([11, 14]), tensor([11, 18]), tensor([12, 15]), tensor([12, 17]), tensor([13, 14]), tensor([13, 18]), tensor([14, 15]), tensor([15, 17]), tensor([15, 19]), tensor([16, 18]), tensor([16, 19]), tensor([17, 19])]
Mean loss in evaluation epoch: 0.0971410796046257, epochs needed: 40
Rejecting!

Generation 4
------------------------- TRACKING ---------------------------
Matrix Hash: 6d05aab92c06d39d, num_times_seen_before: 2
ACC: 0.4842105263157894
TPR/FPR: 0.6666666666666666, 0.5584415584415584
Loss: 0.08603416383266449
Timestamp: 214.061335684
---------------------------------------------------------------
[tensor([0, 1]), tensor([0, 3]), tensor([ 0, 10]), tensor([ 0, 13]), tensor([ 0, 18]), tensor([1, 6]), tensor([ 1, 17]), tensor([ 1, 19]), tensor([ 2, 10]), tensor([ 2, 12]), tensor([ 2, 14]), tensor([3, 4]), tensor([3, 8]), tensor([ 3, 13]), tensor([ 3, 16]), tensor([ 4, 15]), tensor([ 4, 18]), tensor([ 5, 14]), tensor([ 5, 18]), tensor([ 6, 11]), tensor([ 6, 14]), tensor([7, 8]), tensor([7, 9]), tensor([ 7, 16]), tensor([ 7, 17]), tensor([ 9, 10]), tensor([ 9, 12]), tensor([ 9, 15]), tensor([10, 13]), tensor([11, 14]), tensor([11, 18]), tensor([12, 15]), tensor([12, 17]), tensor([13, 14]), tensor([13, 16]), tensor([13, 18]), tensor([14, 15]), tensor([15, 17]), tensor([16, 17]), tensor([17, 19])]
Mean loss in evaluation epoch: 0.09752826392650604, epochs needed: 40
Rejecting!

Generation 5
------------------------- TRACKING ---------------------------
Matrix Hash: 6d05aab92c06d39d, num_times_seen_before: 3
ACC: 0.4842105263157894
TPR/FPR: 0.6666666666666666, 0.5584415584415584
Loss: 0.08603416383266449
Timestamp: 267.931551992
---------------------------------------------------------------
[tensor([ 0, 13]), tensor([ 0, 18]), tensor([1, 5]), tensor([1, 6]), tensor([ 1, 17]), tensor([ 1, 19]), tensor([2, 4]), tensor([2, 6]), tensor([ 2, 11]), tensor([ 2, 12]), tensor([ 2, 14]), tensor([ 2, 18]), tensor([ 3, 18]), tensor([ 4, 13]), tensor([ 4, 15]), tensor([ 4, 18]), tensor([5, 9]), tensor([ 5, 13]), tensor([ 5, 14]), tensor([ 5, 17]), tensor([ 6, 13]), tensor([ 6, 14]), tensor([ 6, 19]), tensor([7, 9]), tensor([ 7, 15]), tensor([ 7, 17]), tensor([ 8, 12]), tensor([ 9, 12]), tensor([ 9, 18]), tensor([10, 13]), tensor([11, 14]), tensor([12, 15]), tensor([12, 17]), tensor([13, 18]), tensor([14, 16]), tensor([15, 17]), tensor([15, 19]), tensor([16, 17]), tensor([16, 18]), tensor([16, 19]), tensor([17, 19])]
Mean loss in evaluation epoch: 0.10011786967515945, epochs needed: 40
Rejecting!

Generation 6
------------------------- TRACKING ---------------------------
Matrix Hash: 6d05aab92c06d39d, num_times_seen_before: 4
ACC: 0.4842105263157894
TPR/FPR: 0.6666666666666666, 0.5584415584415584
Loss: 0.08603416383266449
Timestamp: 321.721853536
---------------------------------------------------------------
[tensor([0, 9]), tensor([ 0, 17]), tensor([ 0, 18]), tensor([1, 5]), tensor([1, 6]), tensor([ 1, 11]), tensor([ 1, 13]), tensor([ 1, 17]), tensor([ 1, 19]), tensor([2, 6]), tensor([ 2, 12]), tensor([3, 6]), tensor([ 3, 10]), tensor([ 3, 13]), tensor([ 3, 18]), tensor([ 4, 13]), tensor([ 4, 17]), tensor([6, 9]), tensor([ 6, 11]), tensor([ 6, 14]), tensor([ 6, 19]), tensor([7, 8]), tensor([7, 9]), tensor([ 7, 12]), tensor([ 7, 16]), tensor([ 7, 17]), tensor([ 9, 12]), tensor([ 9, 15]), tensor([ 9, 17]), tensor([ 9, 18]), tensor([11, 19]), tensor([12, 15]), tensor([12, 17]), tensor([12, 18]), tensor([13, 16]), tensor([13, 18]), tensor([15, 17]), tensor([15, 19]), tensor([16, 17]), tensor([17, 19])]
Mean loss in evaluation epoch: 0.09535037726163864, epochs needed: 40
Rejecting!

Generation 7
------------------------- TRACKING ---------------------------
Matrix Hash: 6d05aab92c06d39d, num_times_seen_before: 5
ACC: 0.4842105263157894
TPR/FPR: 0.6666666666666666, 0.5584415584415584
Loss: 0.08603416383266449
Timestamp: 375.17391659400005
---------------------------------------------------------------
[tensor([ 0, 11]), tensor([ 0, 13]), tensor([ 0, 18]), tensor([1, 6]), tensor([ 1, 11]), tensor([ 1, 17]), tensor([ 1, 19]), tensor([2, 6]), tensor([2, 7]), tensor([ 2, 12]), tensor([ 2, 14]), tensor([3, 8]), tensor([ 3, 13]), tensor([ 4, 13]), tensor([ 4, 15]), tensor([ 5, 14]), tensor([ 5, 19]), tensor([6, 9]), tensor([ 6, 13]), tensor([ 6, 19]), tensor([ 7, 10]), tensor([ 7, 15]), tensor([ 7, 17]), tensor([ 7, 19]), tensor([ 9, 17]), tensor([10, 13]), tensor([12, 15]), tensor([12, 17]), tensor([13, 18]), tensor([14, 15]), tensor([14, 18]), tensor([15, 17]), tensor([15, 19]), tensor([17, 19])]
Mean loss in evaluation epoch: 0.09374473243951797, epochs needed: 40
Rejecting!

Generation 8
------------------------- TRACKING ---------------------------
Matrix Hash: 6d05aab92c06d39d, num_times_seen_before: 6
ACC: 0.4842105263157894
TPR/FPR: 0.6666666666666666, 0.5584415584415584
Loss: 0.08603416383266449
Timestamp: 429.06932564299996
---------------------------------------------------------------
[tensor([ 0, 11]), tensor([ 0, 12]), tensor([ 0, 18]), tensor([1, 5]), tensor([1, 6]), tensor([ 1, 17]), tensor([ 1, 19]), tensor([2, 4]), tensor([ 2, 12]), tensor([ 2, 13]), tensor([ 2, 14]), tensor([ 3, 10]), tensor([ 3, 11]), tensor([ 3, 13]), tensor([4, 5]), tensor([ 4, 13]), tensor([5, 9]), tensor([ 5, 13]), tensor([ 5, 17]), tensor([ 5, 19]), tensor([6, 9]), tensor([ 6, 15]), tensor([7, 8]), tensor([7, 9]), tensor([ 7, 16]), tensor([ 7, 17]), tensor([ 8, 12]), tensor([ 9, 17]), tensor([10, 12]), tensor([10, 13]), tensor([11, 18]), tensor([11, 19]), tensor([12, 15]), tensor([12, 17]), tensor([13, 15]), tensor([13, 16]), tensor([13, 18]), tensor([14, 15]), tensor([15, 17]), tensor([15, 19]), tensor([17, 19])]
Mean loss in evaluation epoch: 0.08817268162965775, epochs needed: 40
Rejecting!

Generation 9
------------------------- TRACKING ---------------------------
Matrix Hash: 6d05aab92c06d39d, num_times_seen_before: 7
ACC: 0.4842105263157894
TPR/FPR: 0.6666666666666666, 0.5584415584415584
Loss: 0.08603416383266449
Timestamp: 482.511942759
---------------------------------------------------------------
[tensor([ 0, 13]), tensor([1, 5]), tensor([ 1, 17]), tensor([ 1, 19]), tensor([2, 4]), tensor([ 2, 11]), tensor([ 2, 12]), tensor([ 2, 13]), tensor([ 2, 14]), tensor([3, 4]), tensor([ 3, 10]), tensor([ 3, 11]), tensor([ 3, 13]), tensor([ 3, 18]), tensor([4, 8]), tensor([ 4, 17]), tensor([ 4, 18]), tensor([ 5, 17]), tensor([ 5, 19]), tensor([6, 9]), tensor([ 6, 11]), tensor([ 6, 16]), tensor([ 6, 19]), tensor([7, 9]), tensor([ 7, 15]), tensor([ 7, 16]), tensor([ 7, 17]), tensor([ 7, 19]), tensor([ 9, 12]), tensor([10, 13]), tensor([12, 15]), tensor([12, 17]), tensor([13, 16]), tensor([13, 18]), tensor([14, 15]), tensor([14, 16]), tensor([15, 17]), tensor([17, 19])]
Mean loss in evaluation epoch: 0.09312234818935394, epochs needed: 40
Rejecting!

Generation 10
------------------------- TRACKING ---------------------------
Matrix Hash: 6d05aab92c06d39d, num_times_seen_before: 8
ACC: 0.4842105263157894
TPR/FPR: 0.6666666666666666, 0.5584415584415584
Loss: 0.08603416383266449
Timestamp: 535.814945414
---------------------------------------------------------------
[tensor([0, 3]), tensor([0, 5]), tensor([0, 6]), tensor([ 0, 13]), tensor([ 0, 16]), tensor([ 0, 18]), tensor([1, 6]), tensor([ 1, 17]), tensor([ 1, 19]), tensor([2, 6]), tensor([ 2, 12]), tensor([ 3, 10]), tensor([ 3, 13]), tensor([ 3, 16]), tensor([4, 5]), tensor([ 4, 12]), tensor([ 4, 17]), tensor([ 4, 18]), tensor([5, 9]), tensor([ 5, 13]), tensor([ 5, 16]), tensor([ 5, 19]), tensor([6, 9]), tensor([ 6, 14]), tensor([ 6, 15]), tensor([ 6, 16]), tensor([ 6, 18]), tensor([7, 9]), tensor([ 7, 12]), tensor([ 7, 14]), tensor([ 7, 17]), tensor([ 8, 12]), tensor([ 9, 12]), tensor([ 9, 17]), tensor([ 9, 18]), tensor([10, 13]), tensor([11, 14]), tensor([12, 17]), tensor([13, 16]), tensor([13, 18]), tensor([14, 15]), tensor([14, 18]), tensor([15, 17]), tensor([15, 19]), tensor([16, 17]), tensor([16, 18]), tensor([17, 19])]
Mean loss in evaluation epoch: 0.08769866079092026, epochs needed: 40
Rejecting!

Generation 11
------------------------- TRACKING ---------------------------
Matrix Hash: 6d05aab92c06d39d, num_times_seen_before: 9
ACC: 0.4842105263157894
TPR/FPR: 0.6666666666666666, 0.5584415584415584
Loss: 0.08603416383266449
Timestamp: 589.527630583
---------------------------------------------------------------
[tensor([0, 1]), tensor([0, 5]), tensor([0, 9]), tensor([ 0, 13]), tensor([ 0, 16]), tensor([ 1, 17]), tensor([ 1, 18]), tensor([ 1, 19]), tensor([2, 7]), tensor([ 2, 11]), tensor([ 2, 12]), tensor([ 2, 14]), tensor([3, 4]), tensor([3, 8]), tensor([ 3, 12]), tensor([ 3, 13]), tensor([ 3, 16]), tensor([4, 5]), tensor([ 5, 13]), tensor([ 5, 19]), tensor([ 6, 19]), tensor([7, 8]), tensor([7, 9]), tensor([ 7, 14]), tensor([ 7, 15]), tensor([ 7, 16]), tensor([ 7, 17]), tensor([ 8, 12]), tensor([ 9, 10]), tensor([ 9, 12]), tensor([ 9, 15]), tensor([ 9, 17]), tensor([12, 17]), tensor([13, 15]), tensor([13, 18]), tensor([15, 17]), tensor([16, 17]), tensor([17, 19])]
Mean loss in evaluation epoch: 0.08903323113918304, epochs needed: 40
Rejecting!

Generation 12
------------------------- TRACKING ---------------------------
Matrix Hash: 6d05aab92c06d39d, num_times_seen_before: 10
ACC: 0.4842105263157894
TPR/FPR: 0.6666666666666666, 0.5584415584415584
Loss: 0.08603416383266449
Timestamp: 642.650436882
---------------------------------------------------------------
[tensor([0, 1]), tensor([0, 3]), tensor([0, 5]), tensor([ 0, 10]), tensor([ 0, 13]), tensor([ 0, 18]), tensor([1, 6]), tensor([ 1, 17]), tensor([ 1, 18]), tensor([ 1, 19]), tensor([2, 4]), tensor([2, 6]), tensor([ 2, 12]), tensor([ 2, 13]), tensor([ 2, 14]), tensor([3, 4]), tensor([3, 6]), tensor([ 3, 11]), tensor([ 3, 13]), tensor([ 4, 13]), tensor([ 4, 18]), tensor([ 5, 13]), tensor([ 6, 13]), tensor([ 6, 14]), tensor([ 6, 16]), tensor([ 6, 19]), tensor([7, 8]), tensor([7, 9]), tensor([ 7, 12]), tensor([ 7, 15]), tensor([ 7, 16]), tensor([ 7, 17]), tensor([ 7, 19]), tensor([ 8, 12]), tensor([ 9, 11]), tensor([ 9, 12]), tensor([ 9, 15]), tensor([ 9, 17]), tensor([10, 13]), tensor([11, 19]), tensor([12, 15]), tensor([12, 17]), tensor([13, 16]), tensor([13, 18]), tensor([16, 18]), tensor([17, 19])]
Mean loss in evaluation epoch: 0.08596637845039368, epochs needed: 40
Accepting!

Generation 13
------------------------- TRACKING ---------------------------
Matrix Hash: 91548437ec09c788, num_times_seen_before: 0
ACC: 0.42105263157894735
TPR/FPR: 0.6388888888888888, 0.6298701298701299
Loss: 0.08596637845039368
Timestamp: 696.0355211149999
---------------------------------------------------------------
[tensor([0, 3]), tensor([ 0, 10]), tensor([ 0, 15]), tensor([1, 5]), tensor([2, 7]), tensor([3, 4]), tensor([ 3, 11]), tensor([ 3, 15]), tensor([ 4, 10]), tensor([ 4, 13]), tensor([ 4, 15]), tensor([ 4, 16]), tensor([ 4, 18]), tensor([ 5, 14]), tensor([ 6, 15]), tensor([ 7, 10]), tensor([ 7, 13]), tensor([ 7, 14]), tensor([ 8, 10]), tensor([ 8, 15]), tensor([ 9, 10]), tensor([ 9, 19]), tensor([10, 13]), tensor([11, 13]), tensor([13, 18]), tensor([14, 15]), tensor([15, 18]), tensor([17, 19])]
Mean loss in evaluation epoch: 0.09569127857685089, epochs needed: 40
Rejecting!

Generation 14
------------------------- TRACKING ---------------------------
Matrix Hash: 91548437ec09c788, num_times_seen_before: 1
ACC: 0.42105263157894735
TPR/FPR: 0.6388888888888888, 0.6298701298701299
Loss: 0.08596637845039368
Timestamp: 749.7839591549999
---------------------------------------------------------------
[tensor([ 0, 15]), tensor([ 0, 18]), tensor([ 1, 11]), tensor([ 1, 19]), tensor([2, 7]), tensor([3, 7]), tensor([3, 9]), tensor([ 3, 11]), tensor([ 3, 12]), tensor([ 3, 13]), tensor([ 3, 15]), tensor([4, 8]), tensor([ 4, 12]), tensor([ 4, 13]), tensor([ 4, 15]), tensor([5, 9]), tensor([ 5, 11]), tensor([ 5, 13]), tensor([ 5, 14]), tensor([ 6, 15]), tensor([ 7, 14]), tensor([ 7, 18]), tensor([ 9, 19]), tensor([10, 12]), tensor([10, 13]), tensor([10, 15]), tensor([10, 18]), tensor([11, 12]), tensor([11, 14]), tensor([13, 18]), tensor([14, 15]), tensor([14, 16]), tensor([15, 17]), tensor([15, 18]), tensor([16, 18]), tensor([17, 19])]
Mean loss in evaluation epoch: 0.09872791171073914, epochs needed: 40
Rejecting!

Generation 15
------------------------- TRACKING ---------------------------
Matrix Hash: 91548437ec09c788, num_times_seen_before: 2
ACC: 0.42105263157894735
TPR/FPR: 0.6388888888888888, 0.6298701298701299
Loss: 0.08596637845039368
Timestamp: 802.910723753
---------------------------------------------------------------
[tensor([0, 3]), tensor([0, 7]), tensor([0, 9]), tensor([ 0, 12]), tensor([ 0, 13]), tensor([ 0, 17]), tensor([ 0, 18]), tensor([ 0, 19]), tensor([1, 5]), tensor([ 1, 18]), tensor([ 2, 19]), tensor([3, 7]), tensor([ 3, 15]), tensor([ 3, 19]), tensor([ 4, 10]), tensor([ 4, 12]), tensor([ 4, 13]), tensor([ 4, 15]), tensor([ 4, 18]), tensor([ 4, 19]), tensor([ 5, 13]), tensor([ 5, 14]), tensor([ 6, 19]), tensor([ 7, 10]), tensor([ 7, 13]), tensor([ 7, 14]), tensor([ 7, 18]), tensor([ 8, 19]), tensor([10, 12]), tensor([10, 15]), tensor([10, 18]), tensor([11, 14]), tensor([12, 19]), tensor([13, 16]), tensor([13, 18]), tensor([14, 15]), tensor([14, 16]), tensor([15, 18]), tensor([17, 19])]
Mean loss in evaluation epoch: 0.0949905663728714, epochs needed: 40
Rejecting!

Generation 16
------------------------- TRACKING ---------------------------
Matrix Hash: 91548437ec09c788, num_times_seen_before: 3
ACC: 0.42105263157894735
TPR/FPR: 0.6388888888888888, 0.6298701298701299
Loss: 0.08596637845039368
Timestamp: 856.681779625
---------------------------------------------------------------
[tensor([0, 9]), tensor([ 0, 12]), tensor([ 0, 13]), tensor([ 0, 15]), tensor([ 0, 18]), tensor([ 0, 19]), tensor([1, 5]), tensor([2, 7]), tensor([ 2, 11]), tensor([ 2, 13]), tensor([3, 4]), tensor([3, 9]), tensor([ 3, 12]), tensor([ 3, 13]), tensor([ 3, 15]), tensor([4, 8]), tensor([ 4, 10]), tensor([ 4, 11]), tensor([ 4, 17]), tensor([ 4, 18]), tensor([ 5, 11]), tensor([ 5, 13]), tensor([ 5, 14]), tensor([ 5, 17]), tensor([ 7, 10]), tensor([ 7, 13]), tensor([ 7, 14]), tensor([ 7, 18]), tensor([ 8, 15]), tensor([ 8, 19]), tensor([ 9, 10]), tensor([ 9, 19]), tensor([10, 12]), tensor([10, 13]), tensor([10, 15]), tensor([11, 13]), tensor([11, 14]), tensor([12, 19]), tensor([13, 16]), tensor([13, 18]), tensor([14, 15]), tensor([14, 16]), tensor([15, 18]), tensor([16, 18]), tensor([17, 19])]
Mean loss in evaluation epoch: 0.09565269947052002, epochs needed: 40
Rejecting!

Generation 17
------------------------- TRACKING ---------------------------
Matrix Hash: 91548437ec09c788, num_times_seen_before: 4
ACC: 0.42105263157894735
TPR/FPR: 0.6388888888888888, 0.6298701298701299
Loss: 0.08596637845039368
Timestamp: 910.281605378
---------------------------------------------------------------
[tensor([0, 7]), tensor([0, 9]), tensor([ 0, 10]), tensor([ 0, 13]), tensor([ 0, 18]), tensor([2, 7]), tensor([ 2, 10]), tensor([ 2, 19]), tensor([ 3, 11]), tensor([ 3, 12]), tensor([ 3, 19]), tensor([4, 8]), tensor([ 4, 10]), tensor([ 4, 13]), tensor([ 4, 15]), tensor([ 4, 18]), tensor([5, 9]), tensor([ 5, 14]), tensor([ 7, 10]), tensor([ 7, 13]), tensor([ 7, 14]), tensor([ 7, 18]), tensor([ 8, 15]), tensor([ 9, 10]), tensor([10, 12]), tensor([10, 13]), tensor([10, 15]), tensor([10, 18]), tensor([11, 12]), tensor([11, 13]), tensor([11, 14]), tensor([11, 19]), tensor([12, 19]), tensor([13, 18]), tensor([13, 19]), tensor([14, 15]), tensor([14, 16]), tensor([15, 17]), tensor([15, 18])]
Mean loss in evaluation epoch: 0.09270371496677399, epochs needed: 40
Rejecting!

Generation 18
------------------------- TRACKING ---------------------------
Matrix Hash: 91548437ec09c788, num_times_seen_before: 5
ACC: 0.42105263157894735
TPR/FPR: 0.6388888888888888, 0.6298701298701299
Loss: 0.08596637845039368
Timestamp: 963.458225331
---------------------------------------------------------------
[tensor([0, 3]), tensor([0, 7]), tensor([0, 9]), tensor([ 0, 13]), tensor([ 0, 15]), tensor([ 0, 19]), tensor([1, 5]), tensor([2, 7]), tensor([3, 4]), tensor([3, 7]), tensor([3, 9]), tensor([ 3, 15]), tensor([4, 8]), tensor([ 4, 10]), tensor([ 4, 11]), tensor([ 4, 13]), tensor([5, 9]), tensor([ 5, 11]), tensor([ 5, 14]), tensor([ 5, 17]), tensor([6, 8]), tensor([6, 9]), tensor([ 6, 11]), tensor([ 6, 15]), tensor([ 6, 19]), tensor([ 7, 10]), tensor([ 7, 14]), tensor([ 7, 18]), tensor([ 9, 10]), tensor([ 9, 13]), tensor([10, 12]), tensor([10, 13]), tensor([10, 15]), tensor([10, 18]), tensor([11, 13]), tensor([12, 19]), tensor([13, 16]), tensor([14, 15]), tensor([15, 17]), tensor([15, 19])]
Mean loss in evaluation epoch: 0.09775189310312271, epochs needed: 40
Rejecting!

Generation 19
------------------------- TRACKING ---------------------------
Matrix Hash: 91548437ec09c788, num_times_seen_before: 6
ACC: 0.42105263157894735
TPR/FPR: 0.6388888888888888, 0.6298701298701299
Loss: 0.08596637845039368
Timestamp: 1016.8684797639999
---------------------------------------------------------------
[tensor([ 0, 10]), tensor([ 0, 15]), tensor([ 0, 17]), tensor([1, 5]), tensor([2, 7]), tensor([ 2, 11]), tensor([3, 4]), tensor([3, 7]), tensor([3, 9]), tensor([ 3, 13]), tensor([ 3, 15]), tensor([ 4, 13]), tensor([ 4, 15]), tensor([ 4, 16]), tensor([5, 9]), tensor([ 5, 11]), tensor([ 5, 14]), tensor([ 5, 19]), tensor([6, 8]), tensor([6, 9]), tensor([ 7, 10]), tensor([ 7, 14]), tensor([ 7, 18]), tensor([ 8, 18]), tensor([ 8, 19]), tensor([10, 12]), tensor([10, 13]), tensor([10, 15]), tensor([10, 18]), tensor([11, 14]), tensor([11, 19]), tensor([13, 19]), tensor([14, 15]), tensor([15, 18]), tensor([16, 17]), tensor([16, 18])]
Mean loss in evaluation epoch: 0.0928938239812851, epochs needed: 40
Rejecting!

Generation 20
------------------------- TRACKING ---------------------------
Matrix Hash: 91548437ec09c788, num_times_seen_before: 7
ACC: 0.42105263157894735
TPR/FPR: 0.6388888888888888, 0.6298701298701299
Loss: 0.08596637845039368
Timestamp: 1070.064382604
---------------------------------------------------------------
[tensor([0, 3]), tensor([ 0, 15]), tensor([ 0, 17]), tensor([1, 5]), tensor([ 1, 11]), tensor([ 1, 19]), tensor([ 2, 10]), tensor([ 2, 19]), tensor([3, 4]), tensor([3, 7]), tensor([ 3, 11]), tensor([ 3, 15]), tensor([ 4, 10]), tensor([ 4, 11]), tensor([ 4, 12]), tensor([ 4, 15]), tensor([ 4, 17]), tensor([ 4, 18]), tensor([5, 9]), tensor([ 5, 14]), tensor([ 5, 17]), tensor([6, 9]), tensor([ 6, 13]), tensor([ 6, 15]), tensor([ 7, 14]), tensor([ 9, 19]), tensor([10, 13]), tensor([10, 15]), tensor([10, 18]), tensor([11, 14]), tensor([11, 19]), tensor([12, 19]), tensor([13, 18]), tensor([14, 15]), tensor([14, 16]), tensor([16, 18]), tensor([17, 19])]
Mean loss in evaluation epoch: 0.09496120363473892, epochs needed: 40
Rejecting!

Generation 21
------------------------- TRACKING ---------------------------
Matrix Hash: 91548437ec09c788, num_times_seen_before: 8
ACC: 0.42105263157894735
TPR/FPR: 0.6388888888888888, 0.6298701298701299
Loss: 0.08596637845039368
Timestamp: 1125.628621343
---------------------------------------------------------------
[tensor([0, 7]), tensor([0, 9]), tensor([ 0, 10]), tensor([ 0, 12]), tensor([ 0, 18]), tensor([1, 5]), tensor([ 1, 18]), tensor([ 1, 19]), tensor([3, 6]), tensor([3, 7]), tensor([3, 9]), tensor([ 3, 12]), tensor([ 3, 13]), tensor([4, 8]), tensor([ 4, 12]), tensor([ 4, 15]), tensor([ 4, 16]), tensor([ 4, 18]), tensor([5, 9]), tensor([ 5, 11]), tensor([ 5, 13]), tensor([ 5, 14]), tensor([ 7, 14]), tensor([ 7, 18]), tensor([ 7, 19]), tensor([ 9, 13]), tensor([10, 12]), tensor([10, 13]), tensor([10, 15]), tensor([10, 18]), tensor([11, 12]), tensor([11, 14]), tensor([13, 18]), tensor([13, 19]), tensor([14, 15]), tensor([14, 16]), tensor([15, 17])]
Mean loss in evaluation epoch: 0.09702564030885696, epochs needed: 40
Rejecting!

Generation 22
------------------------- TRACKING ---------------------------
Matrix Hash: 91548437ec09c788, num_times_seen_before: 9
ACC: 0.42105263157894735
TPR/FPR: 0.6388888888888888, 0.6298701298701299
Loss: 0.08596637845039368
Timestamp: 1179.451819419
---------------------------------------------------------------
[tensor([0, 3]), tensor([0, 9]), tensor([ 0, 13]), tensor([ 0, 15]), tensor([ 0, 19]), tensor([1, 5]), tensor([ 1, 19]), tensor([2, 7]), tensor([ 2, 10]), tensor([3, 4]), tensor([ 3, 15]), tensor([4, 8]), tensor([ 4, 10]), tensor([ 4, 11]), tensor([ 4, 12]), tensor([ 4, 13]), tensor([ 4, 15]), tensor([ 4, 17]), tensor([ 4, 18]), tensor([ 5, 11]), tensor([ 5, 14]), tensor([6, 9]), tensor([ 6, 11]), tensor([ 7, 10]), tensor([ 7, 13]), tensor([ 7, 14]), tensor([ 8, 15]), tensor([ 9, 10]), tensor([ 9, 13]), tensor([10, 12]), tensor([10, 13]), tensor([10, 15]), tensor([10, 18]), tensor([11, 14]), tensor([11, 19]), tensor([14, 15]), tensor([14, 16]), tensor([16, 18]), tensor([17, 19])]
Mean loss in evaluation epoch: 0.09737329185009003, epochs needed: 40
Rejecting!

Generation 23
------------------------- TRACKING ---------------------------
Matrix Hash: 91548437ec09c788, num_times_seen_before: 10
ACC: 0.42105263157894735
TPR/FPR: 0.6388888888888888, 0.6298701298701299
Loss: 0.08596637845039368
Timestamp: 1232.896311543
---------------------------------------------------------------
[tensor([ 0, 12]), tensor([ 0, 15]), tensor([1, 5]), tensor([2, 7]), tensor([ 2, 19]), tensor([3, 4]), tensor([3, 7]), tensor([3, 9]), tensor([ 3, 12]), tensor([ 3, 13]), tensor([ 4, 10]), tensor([ 4, 12]), tensor([ 4, 13]), tensor([ 4, 15]), tensor([5, 9]), tensor([ 5, 11]), tensor([ 5, 14]), tensor([ 5, 17]), tensor([ 6, 15]), tensor([ 6, 19]), tensor([ 7, 14]), tensor([ 7, 18]), tensor([ 8, 19]), tensor([ 9, 10]), tensor([ 9, 19]), tensor([10, 12]), tensor([10, 13]), tensor([10, 15]), tensor([11, 19]), tensor([13, 16]), tensor([14, 15]), tensor([15, 17]), tensor([15, 18]), tensor([16, 18])]
Mean loss in evaluation epoch: 0.09105118364095688, epochs needed: 40
Rejecting!

Generation 24
------------------------- TRACKING ---------------------------
Matrix Hash: 91548437ec09c788, num_times_seen_before: 11
ACC: 0.42105263157894735
TPR/FPR: 0.6388888888888888, 0.6298701298701299
Loss: 0.08596637845039368
Timestamp: 1286.078330035
---------------------------------------------------------------
[tensor([0, 3]), tensor([0, 7]), tensor([0, 9]), tensor([ 0, 12]), tensor([ 0, 15]), tensor([ 0, 19]), tensor([1, 5]), tensor([1, 8]), tensor([ 1, 19]), tensor([2, 7]), tensor([ 2, 10]), tensor([ 2, 13]), tensor([3, 6]), tensor([3, 9]), tensor([ 3, 12]), tensor([ 3, 15]), tensor([ 4, 10]), tensor([ 4, 12]), tensor([ 4, 13]), tensor([ 4, 15]), tensor([ 4, 16]), tensor([5, 9]), tensor([ 5, 11]), tensor([ 5, 13]), tensor([ 5, 14]), tensor([ 6, 15]), tensor([ 7, 10]), tensor([ 7, 13]), tensor([ 7, 14]), tensor([ 7, 19]), tensor([ 8, 10]), tensor([10, 12]), tensor([10, 13]), tensor([10, 15]), tensor([10, 18]), tensor([11, 13]), tensor([11, 14]), tensor([11, 19]), tensor([12, 19]), tensor([14, 15]), tensor([16, 18])]
Mean loss in evaluation epoch: 0.09689906984567642, epochs needed: 40
Rejecting!

Generation 25
------------------------- TRACKING ---------------------------
Matrix Hash: 91548437ec09c788, num_times_seen_before: 12
ACC: 0.42105263157894735
TPR/FPR: 0.6388888888888888, 0.6298701298701299
Loss: 0.08596637845039368
Timestamp: 1339.0030613
---------------------------------------------------------------
[tensor([0, 9]), tensor([ 0, 15]), tensor([ 1, 11]), tensor([ 2, 11]), tensor([3, 7]), tensor([3, 9]), tensor([ 3, 12]), tensor([ 3, 15]), tensor([4, 8]), tensor([ 4, 10]), tensor([ 4, 12]), tensor([ 4, 13]), tensor([ 4, 15]), tensor([ 4, 16]), tensor([ 4, 18]), tensor([ 5, 13]), tensor([ 5, 14]), tensor([ 5, 17]), tensor([ 5, 19]), tensor([6, 8]), tensor([ 6, 13]), tensor([ 6, 15]), tensor([ 6, 19]), tensor([ 7, 10]), tensor([ 7, 13]), tensor([ 7, 14]), tensor([ 7, 18]), tensor([ 8, 15]), tensor([ 8, 18]), tensor([ 9, 10]), tensor([10, 12]), tensor([10, 13]), tensor([10, 15]), tensor([10, 18]), tensor([11, 19]), tensor([14, 15]), tensor([14, 16]), tensor([15, 18]), tensor([16, 18]), tensor([17, 19])]
Mean loss in evaluation epoch: 0.09982071816921234, epochs needed: 40
Rejecting!

Generation 26
------------------------- TRACKING ---------------------------
Matrix Hash: 91548437ec09c788, num_times_seen_before: 13
ACC: 0.42105263157894735
TPR/FPR: 0.6388888888888888, 0.6298701298701299
Loss: 0.08596637845039368
Timestamp: 1392.162879506
---------------------------------------------------------------
[tensor([0, 7]), tensor([0, 9]), tensor([ 0, 10]), tensor([ 0, 13]), tensor([ 0, 15]), tensor([ 1, 11]), tensor([ 2, 10]), tensor([ 2, 19]), tensor([3, 7]), tensor([3, 9]), tensor([ 3, 11]), tensor([ 3, 12]), tensor([ 3, 15]), tensor([ 4, 10]), tensor([ 4, 11]), tensor([ 4, 12]), tensor([ 4, 13]), tensor([ 4, 15]), tensor([ 4, 16]), tensor([ 4, 19]), tensor([5, 9]), tensor([ 5, 14]), tensor([6, 9]), tensor([ 6, 13]), tensor([ 6, 19]), tensor([ 7, 13]), tensor([ 7, 14]), tensor([ 7, 18]), tensor([ 8, 10]), tensor([ 9, 19]), tensor([10, 12]), tensor([10, 15]), tensor([10, 18]), tensor([12, 19]), tensor([14, 15]), tensor([14, 16]), tensor([15, 18]), tensor([17, 19])]
Mean loss in evaluation epoch: 0.09157940000295639, epochs needed: 40
Rejecting!

Generation 27
------------------------- TRACKING ---------------------------
Matrix Hash: 91548437ec09c788, num_times_seen_before: 14
ACC: 0.42105263157894735
TPR/FPR: 0.6388888888888888, 0.6298701298701299
Loss: 0.08596637845039368
Timestamp: 1446.328238436
---------------------------------------------------------------
[tensor([0, 3]), tensor([ 0, 19]), tensor([1, 5]), tensor([ 2, 10]), tensor([3, 7]), tensor([3, 9]), tensor([ 3, 11]), tensor([ 3, 15]), tensor([4, 8]), tensor([ 4, 10]), tensor([ 4, 15]), tensor([ 4, 16]), tensor([ 4, 17]), tensor([ 4, 18]), tensor([5, 9]), tensor([ 5, 11]), tensor([ 5, 14]), tensor([ 6, 15]), tensor([ 7, 10]), tensor([ 7, 14]), tensor([ 8, 15]), tensor([ 8, 19]), tensor([ 9, 10]), tensor([ 9, 13]), tensor([ 9, 19]), tensor([10, 12]), tensor([10, 13]), tensor([10, 15]), tensor([11, 14]), tensor([13, 16]), tensor([13, 19]), tensor([14, 15]), tensor([14, 16]), tensor([15, 17]), tensor([15, 18]), tensor([16, 18]), tensor([17, 19])]
Mean loss in evaluation epoch: 0.09568168222904205, epochs needed: 40
Rejecting!

Generation 28
------------------------- TRACKING ---------------------------
Matrix Hash: 91548437ec09c788, num_times_seen_before: 15
ACC: 0.42105263157894735
TPR/FPR: 0.6388888888888888, 0.6298701298701299
Loss: 0.08596637845039368
Timestamp: 1499.3606785289999
---------------------------------------------------------------
[tensor([0, 3]), tensor([ 0, 13]), tensor([ 0, 15]), tensor([1, 5]), tensor([ 1, 18]), tensor([ 1, 19]), tensor([3, 4]), tensor([3, 7]), tensor([ 3, 11]), tensor([ 3, 15]), tensor([ 3, 19]), tensor([ 4, 10]), tensor([ 4, 12]), tensor([ 4, 15]), tensor([ 4, 16]), tensor([ 4, 18]), tensor([5, 9]), tensor([ 5, 11]), tensor([ 5, 13]), tensor([ 5, 17]), tensor([ 6, 15]), tensor([ 7, 10]), tensor([ 7, 14]), tensor([ 7, 18]), tensor([10, 12]), tensor([10, 13]), tensor([10, 15]), tensor([11, 12]), tensor([11, 14]), tensor([12, 19]), tensor([13, 16]), tensor([13, 19]), tensor([14, 15]), tensor([15, 17])]
Mean loss in evaluation epoch: 0.09665555506944656, epochs needed: 40
Rejecting!

Generation 29
------------------------- TRACKING ---------------------------
Matrix Hash: 91548437ec09c788, num_times_seen_before: 16
ACC: 0.42105263157894735
TPR/FPR: 0.6388888888888888, 0.6298701298701299
Loss: 0.08596637845039368
Timestamp: 1552.308501685
---------------------------------------------------------------
[tensor([0, 3]), tensor([0, 7]), tensor([ 0, 15]), tensor([1, 5]), tensor([2, 7]), tensor([ 2, 10]), tensor([3, 4]), tensor([ 3, 11]), tensor([ 3, 15]), tensor([ 3, 19]), tensor([ 4, 11]), tensor([ 4, 12]), tensor([ 4, 15]), tensor([ 4, 16]), tensor([5, 9]), tensor([ 5, 13]), tensor([ 5, 14]), tensor([ 5, 19]), tensor([ 6, 13]), tensor([ 6, 15]), tensor([ 6, 19]), tensor([ 7, 14]), tensor([ 7, 18]), tensor([ 8, 18]), tensor([10, 12]), tensor([10, 15]), tensor([11, 13]), tensor([11, 14]), tensor([13, 18]), tensor([14, 15]), tensor([14, 16]), tensor([15, 18]), tensor([17, 19])]
Mean loss in evaluation epoch: 0.09937485307455063, epochs needed: 40
Rejecting!

Generation 30
------------------------- TRACKING ---------------------------
Matrix Hash: 91548437ec09c788, num_times_seen_before: 17
ACC: 0.42105263157894735
TPR/FPR: 0.6388888888888888, 0.6298701298701299
Loss: 0.08596637845039368
Timestamp: 1605.3578233169999
---------------------------------------------------------------
[tensor([0, 9]), tensor([ 0, 15]), tensor([ 0, 17]), tensor([ 0, 19]), tensor([1, 5]), tensor([ 1, 18]), tensor([ 1, 19]), tensor([2, 7]), tensor([ 2, 10]), tensor([ 2, 19]), tensor([3, 7]), tensor([ 3, 12]), tensor([ 3, 13]), tensor([ 3, 15]), tensor([ 3, 19]), tensor([4, 8]), tensor([ 4, 10]), tensor([ 4, 11]), tensor([ 4, 13]), tensor([ 4, 15]), tensor([ 4, 17]), tensor([5, 9]), tensor([ 5, 11]), tensor([ 5, 14]), tensor([ 5, 17]), tensor([ 6, 15]), tensor([ 7, 10]), tensor([ 7, 13]), tensor([ 7, 14]), tensor([ 8, 15]), tensor([ 9, 13]), tensor([10, 12]), tensor([10, 15]), tensor([11, 12]), tensor([11, 13]), tensor([11, 14]), tensor([11, 19]), tensor([13, 18]), tensor([13, 19]), tensor([14, 15]), tensor([14, 16]), tensor([15, 18]), tensor([16, 18])]
Mean loss in evaluation epoch: 0.09886643290519714, epochs needed: 40
Rejecting!

Generation 31
------------------------- TRACKING ---------------------------
Matrix Hash: 91548437ec09c788, num_times_seen_before: 18
ACC: 0.42105263157894735
TPR/FPR: 0.6388888888888888, 0.6298701298701299
Loss: 0.08596637845039368
Timestamp: 1658.30080621
---------------------------------------------------------------
[tensor([ 0, 15]), tensor([1, 8]), tensor([ 1, 11]), tensor([2, 7]), tensor([ 2, 13]), tensor([3, 4]), tensor([3, 7]), tensor([ 3, 12]), tensor([ 3, 13]), tensor([ 3, 15]), tensor([ 3, 19]), tensor([ 4, 10]), tensor([ 4, 12]), tensor([ 4, 15]), tensor([ 4, 16]), tensor([ 4, 18]), tensor([ 5, 11]), tensor([ 5, 14]), tensor([6, 9]), tensor([ 6, 13]), tensor([ 6, 19]), tensor([ 7, 10]), tensor([ 8, 10]), tensor([ 8, 15]), tensor([ 9, 10]), tensor([ 9, 19]), tensor([10, 12]), tensor([10, 13]), tensor([10, 15]), tensor([11, 14]), tensor([11, 19]), tensor([14, 15]), tensor([14, 16]), tensor([15, 18]), tensor([17, 19])]
Mean loss in evaluation epoch: 0.09250499308109283, epochs needed: 40
Rejecting!

Generation 32
------------------------- TRACKING ---------------------------
Matrix Hash: 91548437ec09c788, num_times_seen_before: 19
ACC: 0.42105263157894735
TPR/FPR: 0.6388888888888888, 0.6298701298701299
Loss: 0.08596637845039368
Timestamp: 1711.429340215
---------------------------------------------------------------
[tensor([0, 7]), tensor([0, 9]), tensor([ 0, 10]), tensor([ 0, 13]), tensor([ 0, 17]), tensor([ 0, 18]), tensor([ 1, 11]), tensor([ 1, 19]), tensor([ 2, 10]), tensor([ 2, 19]), tensor([3, 4]), tensor([ 3, 12]), tensor([ 3, 15]), tensor([4, 8]), tensor([ 4, 10]), tensor([ 4, 11]), tensor([ 4, 15]), tensor([ 4, 18]), tensor([5, 9]), tensor([ 5, 14]), tensor([ 6, 11]), tensor([ 6, 13]), tensor([ 6, 15]), tensor([ 6, 19]), tensor([ 7, 10]), tensor([ 7, 13]), tensor([ 7, 18]), tensor([ 8, 15]), tensor([ 9, 10]), tensor([ 9, 13]), tensor([10, 12]), tensor([10, 13]), tensor([10, 15]), tensor([11, 14]), tensor([12, 19]), tensor([14, 15]), tensor([15, 17]), tensor([15, 18]), tensor([16, 17]), tensor([17, 19])]
Mean loss in evaluation epoch: 0.09277322888374329, epochs needed: 40
Rejecting!

Generation 33
------------------------- TRACKING ---------------------------
Matrix Hash: 91548437ec09c788, num_times_seen_before: 20
ACC: 0.42105263157894735
TPR/FPR: 0.6388888888888888, 0.6298701298701299
Loss: 0.08596637845039368
Timestamp: 1764.563663989
---------------------------------------------------------------
[tensor([0, 3]), tensor([0, 9]), tensor([ 0, 12]), tensor([ 0, 15]), tensor([ 1, 11]), tensor([ 2, 11]), tensor([ 2, 13]), tensor([3, 7]), tensor([ 3, 13]), tensor([ 4, 10]), tensor([ 4, 11]), tensor([ 4, 12]), tensor([ 4, 15]), tensor([ 4, 16]), tensor([ 4, 17]), tensor([ 4, 18]), tensor([ 5, 14]), tensor([ 6, 15]), tensor([ 7, 10]), tensor([ 7, 13]), tensor([ 7, 14]), tensor([ 9, 19]), tensor([10, 12]), tensor([10, 13]), tensor([10, 15]), tensor([11, 12]), tensor([13, 16]), tensor([13, 18]), tensor([13, 19]), tensor([14, 15]), tensor([14, 16]), tensor([15, 17]), tensor([15, 18]), tensor([16, 18]), tensor([17, 19])]
Mean loss in evaluation epoch: 0.09872566163539886, epochs needed: 40
Rejecting!

Generation 34
------------------------- TRACKING ---------------------------
Matrix Hash: 91548437ec09c788, num_times_seen_before: 21
ACC: 0.42105263157894735
TPR/FPR: 0.6388888888888888, 0.6298701298701299
Loss: 0.08596637845039368
Timestamp: 1817.539019979
---------------------------------------------------------------
[tensor([0, 3]), tensor([0, 9]), tensor([ 0, 19]), tensor([1, 5]), tensor([ 1, 19]), tensor([ 2, 10]), tensor([3, 4]), tensor([3, 7]), tensor([ 3, 12]), tensor([ 3, 15]), tensor([ 4, 10]), tensor([ 4, 11]), tensor([ 4, 13]), tensor([ 4, 15]), tensor([ 4, 18]), tensor([ 5, 11]), tensor([ 5, 13]), tensor([ 5, 14]), tensor([ 5, 17]), tensor([ 6, 11]), tensor([ 6, 19]), tensor([ 7, 10]), tensor([ 7, 13]), tensor([ 8, 19]), tensor([10, 15]), tensor([10, 18]), tensor([11, 14]), tensor([13, 19]), tensor([14, 15]), tensor([15, 18])]
Mean loss in evaluation epoch: 0.09046659618616104, epochs needed: 40
Rejecting!

Generation 35
------------------------- TRACKING ---------------------------
Matrix Hash: 91548437ec09c788, num_times_seen_before: 22
ACC: 0.42105263157894735
TPR/FPR: 0.6388888888888888, 0.6298701298701299
Loss: 0.08596637845039368
Timestamp: 1870.5216366289999
---------------------------------------------------------------
[tensor([0, 7]), tensor([ 0, 12]), tensor([ 0, 13]), tensor([ 0, 15]), tensor([ 0, 19]), tensor([1, 5]), tensor([ 1, 11]), tensor([ 1, 19]), tensor([2, 7]), tensor([ 2, 10]), tensor([3, 4]), tensor([3, 7]), tensor([ 3, 11]), tensor([ 3, 15]), tensor([ 3, 19]), tensor([ 4, 10]), tensor([ 4, 11]), tensor([ 4, 13]), tensor([ 4, 15]), tensor([5, 9]), tensor([ 5, 11]), tensor([ 5, 14]), tensor([ 6, 15]), tensor([ 7, 10]), tensor([ 7, 14]), tensor([ 8, 15]), tensor([ 8, 19]), tensor([ 9, 10]), tensor([ 9, 13]), tensor([10, 12]), tensor([10, 15]), tensor([10, 18]), tensor([11, 13]), tensor([11, 14]), tensor([13, 16]), tensor([13, 18]), tensor([14, 15]), tensor([16, 18])]
Mean loss in evaluation epoch: 0.09679828584194183, epochs needed: 40
Rejecting!

Generation 36
------------------------- TRACKING ---------------------------
Matrix Hash: 91548437ec09c788, num_times_seen_before: 23
ACC: 0.42105263157894735
TPR/FPR: 0.6388888888888888, 0.6298701298701299
Loss: 0.08596637845039368
Timestamp: 1923.487346285
---------------------------------------------------------------
[tensor([0, 7]), tensor([ 0, 10]), tensor([ 0, 12]), tensor([ 0, 15]), tensor([2, 7]), tensor([ 2, 10]), tensor([ 2, 11]), tensor([3, 4]), tensor([3, 7]), tensor([ 3, 12]), tensor([ 3, 15]), tensor([ 3, 19]), tensor([ 4, 12]), tensor([ 4, 15]), tensor([ 4, 16]), tensor([ 4, 18]), tensor([ 5, 11]), tensor([ 5, 13]), tensor([ 5, 14]), tensor([ 5, 17]), tensor([ 6, 15]), tensor([ 6, 19]), tensor([ 7, 10]), tensor([ 7, 13]), tensor([ 7, 14]), tensor([ 7, 18]), tensor([ 8, 15]), tensor([ 9, 10]), tensor([10, 12]), tensor([10, 13]), tensor([10, 15]), tensor([10, 18]), tensor([12, 19]), tensor([13, 18]), tensor([14, 15]), tensor([14, 16])]
Mean loss in evaluation epoch: 0.09650853276252747, epochs needed: 40
Rejecting!

Generation 37
------------------------- TRACKING ---------------------------
Matrix Hash: 91548437ec09c788, num_times_seen_before: 24
ACC: 0.42105263157894735
TPR/FPR: 0.6388888888888888, 0.6298701298701299
Loss: 0.08596637845039368
Timestamp: 1976.442680056
---------------------------------------------------------------
[tensor([0, 7]), tensor([ 0, 10]), tensor([1, 5]), tensor([ 2, 10]), tensor([ 2, 11]), tensor([3, 4]), tensor([3, 7]), tensor([ 3, 11]), tensor([ 3, 15]), tensor([ 4, 11]), tensor([ 4, 13]), tensor([ 4, 15]), tensor([ 4, 18]), tensor([ 5, 11]), tensor([ 5, 13]), tensor([ 5, 14]), tensor([6, 9]), tensor([ 6, 15]), tensor([ 6, 19]), tensor([ 7, 10]), tensor([ 7, 13]), tensor([ 7, 14]), tensor([ 8, 15]), tensor([ 8, 19]), tensor([ 9, 10]), tensor([10, 12]), tensor([10, 15]), tensor([11, 14]), tensor([13, 16]), tensor([14, 15]), tensor([14, 16]), tensor([15, 17]), tensor([15, 18])]
Mean loss in evaluation epoch: 0.09466364979743958, epochs needed: 40
Rejecting!

Generation 38
------------------------- TRACKING ---------------------------
Matrix Hash: 91548437ec09c788, num_times_seen_before: 25
ACC: 0.42105263157894735
TPR/FPR: 0.6388888888888888, 0.6298701298701299
Loss: 0.08596637845039368
Timestamp: 2029.387409426
---------------------------------------------------------------
[tensor([0, 3]), tensor([0, 9]), tensor([ 0, 13]), tensor([ 0, 15]), tensor([ 0, 19]), tensor([1, 5]), tensor([ 1, 11]), tensor([ 1, 19]), tensor([2, 7]), tensor([ 2, 10]), tensor([ 2, 11]), tensor([ 2, 13]), tensor([3, 7]), tensor([ 3, 13]), tensor([ 3, 15]), tensor([ 4, 10]), tensor([ 4, 13]), tensor([ 4, 15]), tensor([ 4, 16]), tensor([ 4, 17]), tensor([ 4, 18]), tensor([5, 9]), tensor([ 5, 11]), tensor([ 5, 13]), tensor([ 5, 14]), tensor([6, 8]), tensor([ 6, 15]), tensor([ 6, 19]), tensor([ 7, 10]), tensor([ 7, 13]), tensor([ 7, 14]), tensor([ 8, 10]), tensor([ 9, 19]), tensor([10, 12]), tensor([10, 13]), tensor([10, 15]), tensor([11, 12]), tensor([11, 14]), tensor([14, 15]), tensor([14, 16]), tensor([15, 18])]
Mean loss in evaluation epoch: 0.09790144115686417, epochs needed: 40
Rejecting!

Generation 39
------------------------- TRACKING ---------------------------
Matrix Hash: 91548437ec09c788, num_times_seen_before: 26
ACC: 0.42105263157894735
TPR/FPR: 0.6388888888888888, 0.6298701298701299
Loss: 0.08596637845039368
Timestamp: 2082.474321234
---------------------------------------------------------------
[tensor([0, 9]), tensor([ 0, 13]), tensor([ 0, 15]), tensor([2, 7]), tensor([ 2, 10]), tensor([ 2, 19]), tensor([3, 4]), tensor([3, 9]), tensor([ 3, 12]), tensor([4, 8]), tensor([ 4, 11]), tensor([ 4, 12]), tensor([ 4, 13]), tensor([ 4, 15]), tensor([ 4, 16]), tensor([ 4, 18]), tensor([ 5, 11]), tensor([ 5, 13]), tensor([ 5, 14]), tensor([ 5, 17]), tensor([ 6, 17]), tensor([ 7, 14]), tensor([ 7, 18]), tensor([ 8, 15]), tensor([10, 13]), tensor([10, 15]), tensor([11, 13]), tensor([11, 14]), tensor([13, 19]), tensor([14, 15]), tensor([14, 16]), tensor([15, 17]), tensor([15, 18]), tensor([16, 18])]
Mean loss in evaluation epoch: 0.09744954109191895, epochs needed: 40
Rejecting!

Generation 40
------------------------- TRACKING ---------------------------
Matrix Hash: 91548437ec09c788, num_times_seen_before: 27
ACC: 0.42105263157894735
TPR/FPR: 0.6388888888888888, 0.6298701298701299
Loss: 0.08596637845039368
Timestamp: 2135.532949326
---------------------------------------------------------------
[tensor([0, 3]), tensor([ 0, 13]), tensor([1, 5]), tensor([ 1, 19]), tensor([2, 7]), tensor([3, 7]), tensor([ 3, 12]), tensor([ 3, 15]), tensor([ 4, 10]), tensor([ 4, 11]), tensor([ 4, 15]), tensor([ 4, 16]), tensor([ 4, 17]), tensor([ 4, 18]), tensor([ 5, 17]), tensor([6, 8]), tensor([6, 9]), tensor([ 6, 11]), tensor([ 6, 13]), tensor([ 7, 14]), tensor([ 7, 18]), tensor([ 8, 19]), tensor([ 9, 13]), tensor([10, 12]), tensor([10, 15]), tensor([11, 13]), tensor([11, 14]), tensor([13, 16]), tensor([13, 18]), tensor([13, 19]), tensor([14, 15]), tensor([14, 16]), tensor([15, 17]), tensor([15, 18]), tensor([17, 19])]
Mean loss in evaluation epoch: 0.09213190525770187, epochs needed: 40
Rejecting!

Generation 41
------------------------- TRACKING ---------------------------
Matrix Hash: 91548437ec09c788, num_times_seen_before: 28
ACC: 0.42105263157894735
TPR/FPR: 0.6388888888888888, 0.6298701298701299
Loss: 0.08596637845039368
Timestamp: 2188.462165673
---------------------------------------------------------------
[tensor([0, 7]), tensor([ 0, 13]), tensor([ 0, 15]), tensor([ 2, 10]), tensor([ 2, 11]), tensor([3, 4]), tensor([3, 9]), tensor([ 3, 11]), tensor([ 3, 12]), tensor([ 3, 15]), tensor([ 4, 16]), tensor([ 4, 17]), tensor([ 5, 11]), tensor([ 5, 13]), tensor([ 5, 14]), tensor([ 5, 17]), tensor([6, 9]), tensor([ 6, 13]), tensor([ 6, 15]), tensor([ 7, 10]), tensor([ 7, 13]), tensor([ 7, 14]), tensor([ 7, 18]), tensor([ 8, 18]), tensor([ 8, 19]), tensor([10, 12]), tensor([10, 15]), tensor([11, 12]), tensor([11, 14]), tensor([13, 19]), tensor([14, 15]), tensor([15, 17]), tensor([15, 18]), tensor([17, 19])]
Mean loss in evaluation epoch: 0.09915188699960709, epochs needed: 40
Rejecting!

Generation 42
------------------------- TRACKING ---------------------------
Matrix Hash: 91548437ec09c788, num_times_seen_before: 29
ACC: 0.42105263157894735
TPR/FPR: 0.6388888888888888, 0.6298701298701299
Loss: 0.08596637845039368
Timestamp: 2241.37471243
---------------------------------------------------------------
[tensor([0, 7]), tensor([ 0, 10]), tensor([ 0, 13]), tensor([1, 5]), tensor([ 1, 18]), tensor([2, 7]), tensor([ 2, 10]), tensor([ 2, 13]), tensor([3, 4]), tensor([ 3, 11]), tensor([ 3, 12]), tensor([4, 8]), tensor([ 4, 10]), tensor([ 4, 13]), tensor([ 4, 15]), tensor([ 4, 16]), tensor([ 4, 18]), tensor([5, 9]), tensor([ 5, 13]), tensor([ 5, 14]), tensor([ 6, 19]), tensor([ 7, 13]), tensor([ 7, 14]), tensor([ 7, 18]), tensor([ 8, 15]), tensor([ 8, 18]), tensor([10, 13]), tensor([10, 15]), tensor([11, 19]), tensor([13, 16]), tensor([14, 15]), tensor([14, 16]), tensor([15, 18]), tensor([16, 18])]
Mean loss in evaluation epoch: 0.1021539494395256, epochs needed: 40
Rejecting!

Generation 43
------------------------- TRACKING ---------------------------
Matrix Hash: 91548437ec09c788, num_times_seen_before: 30
ACC: 0.42105263157894735
TPR/FPR: 0.6388888888888888, 0.6298701298701299
Loss: 0.08596637845039368
Timestamp: 2295.003857518
---------------------------------------------------------------
[tensor([0, 9]), tensor([ 0, 10]), tensor([ 0, 15]), tensor([ 0, 17]), tensor([ 0, 18]), tensor([2, 7]), tensor([3, 7]), tensor([ 3, 12]), tensor([ 3, 15]), tensor([ 4, 10]), tensor([ 4, 11]), tensor([ 4, 12]), tensor([ 4, 13]), tensor([ 4, 15]), tensor([ 4, 16]), tensor([ 4, 18]), tensor([ 5, 14]), tensor([6, 8]), tensor([6, 9]), tensor([ 6, 11]), tensor([ 6, 19]), tensor([ 7, 10]), tensor([ 7, 13]), tensor([ 7, 14]), tensor([ 9, 10]), tensor([10, 13]), tensor([10, 15]), tensor([10, 18]), tensor([11, 14]), tensor([14, 15]), tensor([15, 17]), tensor([16, 17]), tensor([17, 19])]
Mean loss in evaluation epoch: 0.09159688651561737, epochs needed: 40
Rejecting!

Generation 44
------------------------- TRACKING ---------------------------
Matrix Hash: 91548437ec09c788, num_times_seen_before: 31
ACC: 0.42105263157894735
TPR/FPR: 0.6388888888888888, 0.6298701298701299
Loss: 0.08596637845039368
Timestamp: 2349.247147645
---------------------------------------------------------------
[tensor([0, 7]), tensor([ 0, 12]), tensor([ 0, 18]), tensor([1, 5]), tensor([ 1, 11]), tensor([ 1, 19]), tensor([2, 7]), tensor([3, 4]), tensor([3, 6]), tensor([3, 9]), tensor([ 3, 15]), tensor([ 3, 19]), tensor([ 4, 10]), tensor([ 4, 11]), tensor([ 4, 13]), tensor([ 4, 15]), tensor([ 4, 16]), tensor([ 4, 18]), tensor([5, 9]), tensor([ 5, 11]), tensor([ 5, 14]), tensor([ 6, 11]), tensor([ 6, 15]), tensor([ 6, 19]), tensor([ 7, 10]), tensor([ 7, 14]), tensor([ 8, 15]), tensor([ 8, 18]), tensor([ 9, 10]), tensor([ 9, 13]), tensor([ 9, 19]), tensor([10, 15]), tensor([13, 16]), tensor([13, 18]), tensor([14, 15]), tensor([14, 16]), tensor([15, 17]), tensor([15, 18]), tensor([16, 18])]
Mean loss in evaluation epoch: 0.09100989252328873, epochs needed: 40
Rejecting!

Generation 45
------------------------- TRACKING ---------------------------
Matrix Hash: 91548437ec09c788, num_times_seen_before: 32
ACC: 0.42105263157894735
TPR/FPR: 0.6388888888888888, 0.6298701298701299
Loss: 0.08596637845039368
Timestamp: 2402.588566456
---------------------------------------------------------------
[tensor([0, 9]), tensor([ 0, 10]), tensor([ 0, 12]), tensor([ 0, 15]), tensor([1, 5]), tensor([ 1, 18]), tensor([2, 7]), tensor([ 2, 10]), tensor([ 2, 13]), tensor([3, 9]), tensor([ 3, 15]), tensor([ 4, 13]), tensor([ 4, 15]), tensor([ 4, 16]), tensor([5, 9]), tensor([ 5, 11]), tensor([ 5, 13]), tensor([ 5, 14]), tensor([6, 9]), tensor([ 6, 15]), tensor([ 7, 13]), tensor([ 7, 14]), tensor([ 8, 15]), tensor([ 9, 10]), tensor([ 9, 13]), tensor([10, 12]), tensor([10, 15]), tensor([11, 14]), tensor([12, 19]), tensor([13, 16]), tensor([13, 18]), tensor([14, 15]), tensor([14, 16]), tensor([15, 17])]
Mean loss in evaluation epoch: 0.09792061895132065, epochs needed: 40
Rejecting!

Generation 46
------------------------- TRACKING ---------------------------
Matrix Hash: 91548437ec09c788, num_times_seen_before: 33
ACC: 0.42105263157894735
TPR/FPR: 0.6388888888888888, 0.6298701298701299
Loss: 0.08596637845039368
Timestamp: 2455.999424741
---------------------------------------------------------------
[tensor([0, 7]), tensor([0, 9]), tensor([ 0, 12]), tensor([ 0, 15]), tensor([ 1, 11]), tensor([2, 7]), tensor([ 2, 10]), tensor([ 2, 19]), tensor([3, 7]), tensor([ 3, 12]), tensor([ 3, 19]), tensor([ 4, 10]), tensor([ 4, 11]), tensor([ 4, 13]), tensor([ 4, 15]), tensor([ 4, 16]), tensor([5, 9]), tensor([ 5, 13]), tensor([ 5, 14]), tensor([ 5, 17]), tensor([6, 8]), tensor([ 7, 14]), tensor([ 9, 10]), tensor([ 9, 19]), tensor([10, 12]), tensor([10, 13]), tensor([10, 15]), tensor([10, 18]), tensor([11, 14]), tensor([13, 19]), tensor([14, 15]), tensor([14, 16]), tensor([15, 18]), tensor([16, 18])]
Mean loss in evaluation epoch: 0.09787672013044357, epochs needed: 40
Rejecting!

Generation 47
------------------------- TRACKING ---------------------------
Matrix Hash: 91548437ec09c788, num_times_seen_before: 34
ACC: 0.42105263157894735
TPR/FPR: 0.6388888888888888, 0.6298701298701299
Loss: 0.08596637845039368
Timestamp: 2509.023359424
---------------------------------------------------------------
[tensor([0, 9]), tensor([ 0, 13]), tensor([ 2, 10]), tensor([ 2, 13]), tensor([3, 7]), tensor([ 3, 12]), tensor([ 3, 15]), tensor([ 4, 10]), tensor([ 4, 11]), tensor([ 4, 15]), tensor([ 4, 17]), tensor([ 4, 18]), tensor([ 4, 19]), tensor([5, 9]), tensor([ 5, 14]), tensor([ 6, 15]), tensor([ 7, 10]), tensor([ 7, 14]), tensor([ 7, 18]), tensor([ 8, 15]), tensor([ 8, 19]), tensor([ 9, 13]), tensor([10, 12]), tensor([10, 15]), tensor([11, 12]), tensor([11, 13]), tensor([11, 14]), tensor([11, 19]), tensor([14, 15]), tensor([14, 16]), tensor([15, 18]), tensor([17, 19])]
Mean loss in evaluation epoch: 0.09750952571630478, epochs needed: 40
Rejecting!

Generation 48
------------------------- TRACKING ---------------------------
Matrix Hash: 91548437ec09c788, num_times_seen_before: 35
ACC: 0.42105263157894735
TPR/FPR: 0.6388888888888888, 0.6298701298701299
Loss: 0.08596637845039368
Timestamp: 2561.985058266
---------------------------------------------------------------
[tensor([ 0, 18]), tensor([ 0, 19]), tensor([1, 5]), tensor([ 2, 10]), tensor([ 2, 19]), tensor([3, 4]), tensor([3, 7]), tensor([3, 9]), tensor([ 3, 15]), tensor([ 4, 10]), tensor([ 4, 11]), tensor([ 4, 12]), tensor([5, 9]), tensor([ 5, 11]), tensor([ 5, 14]), tensor([6, 8]), tensor([ 6, 11]), tensor([ 6, 13]), tensor([ 7, 13]), tensor([ 7, 14]), tensor([ 8, 19]), tensor([ 9, 10]), tensor([10, 12]), tensor([10, 13]), tensor([10, 15]), tensor([11, 12]), tensor([11, 14]), tensor([12, 19]), tensor([13, 18]), tensor([14, 15]), tensor([14, 16]), tensor([15, 17]), tensor([15, 18]), tensor([16, 18]), tensor([17, 19])]
Mean loss in evaluation epoch: 0.0894949734210968, epochs needed: 40
Rejecting!

Generation 49
------------------------- TRACKING ---------------------------
Matrix Hash: 91548437ec09c788, num_times_seen_before: 36
ACC: 0.42105263157894735
TPR/FPR: 0.6388888888888888, 0.6298701298701299
Loss: 0.08596637845039368
Timestamp: 2615.038822936
---------------------------------------------------------------
[tensor([0, 7]), tensor([ 0, 15]), tensor([ 1, 19]), tensor([2, 7]), tensor([ 2, 11]), tensor([3, 4]), tensor([ 3, 11]), tensor([ 3, 12]), tensor([ 3, 15]), tensor([ 3, 19]), tensor([4, 8]), tensor([ 4, 10]), tensor([ 4, 11]), tensor([ 4, 16]), tensor([ 5, 11]), tensor([ 5, 13]), tensor([ 5, 14]), tensor([ 5, 17]), tensor([ 6, 15]), tensor([ 7, 13]), tensor([ 7, 18]), tensor([ 8, 18]), tensor([ 9, 13]), tensor([10, 12]), tensor([10, 13]), tensor([10, 15]), tensor([11, 14]), tensor([12, 19]), tensor([14, 15]), tensor([14, 16]), tensor([15, 18]), tensor([16, 18]), tensor([17, 19])]
Mean loss in evaluation epoch: 0.09411267191171646, epochs needed: 40
Rejecting!

Generation 50
------------------------- TRACKING ---------------------------
Matrix Hash: 91548437ec09c788, num_times_seen_before: 37
ACC: 0.42105263157894735
TPR/FPR: 0.6388888888888888, 0.6298701298701299
Loss: 0.08596637845039368
Timestamp: 2668.008144717
---------------------------------------------------------------
[tensor([1, 5]), tensor([ 1, 11]), tensor([2, 7]), tensor([ 2, 13]), tensor([3, 4]), tensor([ 3, 12]), tensor([ 3, 19]), tensor([4, 8]), tensor([ 4, 10]), tensor([ 4, 12]), tensor([ 4, 15]), tensor([ 4, 18]), tensor([5, 9]), tensor([ 5, 13]), tensor([ 5, 14]), tensor([ 5, 17]), tensor([ 6, 19]), tensor([ 7, 14]), tensor([ 8, 19]), tensor([ 9, 10]), tensor([10, 12]), tensor([10, 13]), tensor([10, 15]), tensor([11, 14]), tensor([13, 16]), tensor([14, 15]), tensor([14, 16]), tensor([15, 17]), tensor([15, 18]), tensor([16, 18])]
Mean loss in evaluation epoch: 0.09305910766124725, epochs needed: 40
Rejecting!

Generation 51
------------------------- TRACKING ---------------------------
Matrix Hash: 91548437ec09c788, num_times_seen_before: 38
ACC: 0.42105263157894735
TPR/FPR: 0.6388888888888888, 0.6298701298701299
Loss: 0.08596637845039368
Timestamp: 2720.9428353089997
---------------------------------------------------------------
[tensor([0, 3]), tensor([0, 7]), tensor([0, 9]), tensor([ 0, 12]), tensor([ 0, 13]), tensor([ 0, 15]), tensor([ 0, 19]), tensor([1, 5]), tensor([ 1, 11]), tensor([ 1, 19]), tensor([2, 7]), tensor([ 2, 11]), tensor([ 3, 13]), tensor([ 3, 15]), tensor([ 4, 11]), tensor([ 4, 15]), tensor([ 4, 16]), tensor([ 4, 18]), tensor([5, 9]), tensor([ 5, 11]), tensor([ 5, 14]), tensor([ 6, 19]), tensor([ 7, 10]), tensor([ 7, 13]), tensor([ 7, 14]), tensor([ 7, 19]), tensor([ 8, 15]), tensor([ 8, 19]), tensor([ 9, 10]), tensor([ 9, 13]), tensor([10, 12]), tensor([10, 15]), tensor([10, 18]), tensor([11, 13]), tensor([11, 14]), tensor([13, 18]), tensor([14, 15]), tensor([14, 16]), tensor([15, 17]), tensor([15, 18]), tensor([16, 18])]
Mean loss in evaluation epoch: 0.09507574141025543, epochs needed: 40
Rejecting!

Generation 52
------------------------- TRACKING ---------------------------
Matrix Hash: 91548437ec09c788, num_times_seen_before: 39
ACC: 0.42105263157894735
TPR/FPR: 0.6388888888888888, 0.6298701298701299
Loss: 0.08596637845039368
Timestamp: 2773.966128253
---------------------------------------------------------------
[tensor([0, 9]), tensor([ 0, 12]), tensor([ 0, 13]), tensor([ 0, 15]), tensor([ 0, 18]), tensor([ 0, 19]), tensor([1, 5]), tensor([ 1, 19]), tensor([ 2, 10]), tensor([ 3, 11]), tensor([ 3, 15]), tensor([ 3, 19]), tensor([4, 8]), tensor([ 4, 11]), tensor([ 4, 12]), tensor([ 4, 13]), tensor([ 4, 15]), tensor([ 4, 17]), tensor([ 5, 13]), tensor([ 5, 14]), tensor([ 5, 17]), tensor([6, 8]), tensor([ 6, 15]), tensor([ 7, 14]), tensor([ 7, 18]), tensor([ 8, 10]), tensor([ 8, 15]), tensor([ 9, 10]), tensor([10, 12]), tensor([10, 13]), tensor([10, 15]), tensor([10, 18]), tensor([11, 12]), tensor([14, 15]), tensor([14, 16]), tensor([15, 18]), tensor([16, 18]), tensor([17, 19])]
Mean loss in evaluation epoch: 0.09041216969490051, epochs needed: 40
Rejecting!

Generation 53
------------------------- TRACKING ---------------------------
Matrix Hash: 91548437ec09c788, num_times_seen_before: 40
ACC: 0.42105263157894735
TPR/FPR: 0.6388888888888888, 0.6298701298701299
Loss: 0.08596637845039368
Timestamp: 2827.37708585
---------------------------------------------------------------
[tensor([0, 7]), tensor([0, 9]), tensor([ 0, 13]), tensor([ 0, 18]), tensor([ 1, 11]), tensor([ 1, 18]), tensor([ 1, 19]), tensor([2, 7]), tensor([ 2, 10]), tensor([ 2, 19]), tensor([3, 4]), tensor([3, 7]), tensor([ 3, 15]), tensor([4, 8]), tensor([ 4, 10]), tensor([ 4, 11]), tensor([ 4, 12]), tensor([ 4, 13]), tensor([ 4, 15]), tensor([ 4, 17]), tensor([ 5, 13]), tensor([ 5, 14]), tensor([ 6, 13]), tensor([ 6, 19]), tensor([ 7, 10]), tensor([ 7, 14]), tensor([ 7, 18]), tensor([ 8, 18]), tensor([ 8, 19]), tensor([10, 13]), tensor([10, 15]), tensor([13, 18]), tensor([14, 15]), tensor([14, 16]), tensor([15, 18])]
Mean loss in evaluation epoch: 0.09828228503465652, epochs needed: 40
Rejecting!

Generation 54
------------------------- TRACKING ---------------------------
Matrix Hash: 91548437ec09c788, num_times_seen_before: 41
ACC: 0.42105263157894735
TPR/FPR: 0.6388888888888888, 0.6298701298701299
Loss: 0.08596637845039368
Timestamp: 2880.769490583
---------------------------------------------------------------
[tensor([0, 3]), tensor([0, 9]), tensor([ 0, 12]), tensor([ 1, 19]), tensor([2, 7]), tensor([ 2, 10]), tensor([3, 4]), tensor([3, 7]), tensor([3, 9]), tensor([ 3, 13]), tensor([4, 8]), tensor([ 4, 10]), tensor([ 4, 11]), tensor([ 4, 15]), tensor([5, 9]), tensor([ 5, 11]), tensor([ 5, 13]), tensor([ 5, 14]), tensor([ 5, 17]), tensor([ 6, 15]), tensor([ 7, 10]), tensor([ 7, 14]), tensor([ 7, 18]), tensor([ 8, 10]), tensor([ 8, 19]), tensor([ 9, 10]), tensor([ 9, 13]), tensor([10, 12]), tensor([10, 13]), tensor([10, 15]), tensor([10, 18]), tensor([11, 13]), tensor([11, 14]), tensor([11, 19]), tensor([12, 19]), tensor([13, 19]), tensor([14, 15]), tensor([14, 16]), tensor([15, 17]), tensor([15, 18])]
Mean loss in evaluation epoch: 0.0913853645324707, epochs needed: 40
Rejecting!

Generation 55
------------------------- TRACKING ---------------------------
Matrix Hash: 91548437ec09c788, num_times_seen_before: 42
ACC: 0.42105263157894735
TPR/FPR: 0.6388888888888888, 0.6298701298701299
Loss: 0.08596637845039368
Timestamp: 2935.228957074
---------------------------------------------------------------
[tensor([0, 9]), tensor([ 0, 10]), tensor([ 0, 12]), tensor([ 0, 15]), tensor([ 1, 11]), tensor([ 2, 10]), tensor([3, 4]), tensor([3, 7]), tensor([ 3, 15]), tensor([ 3, 19]), tensor([ 4, 10]), tensor([ 4, 11]), tensor([ 4, 12]), tensor([ 4, 15]), tensor([ 5, 11]), tensor([ 5, 13]), tensor([ 5, 19]), tensor([6, 8]), tensor([ 7, 13]), tensor([ 7, 14]), tensor([ 7, 18]), tensor([ 8, 10]), tensor([10, 12]), tensor([10, 13]), tensor([10, 15]), tensor([11, 19]), tensor([12, 19]), tensor([14, 15]), tensor([15, 18]), tensor([16, 18])]
Mean loss in evaluation epoch: 0.09645330160856247, epochs needed: 40
Rejecting!

Generation 56
------------------------- TRACKING ---------------------------
Matrix Hash: 91548437ec09c788, num_times_seen_before: 43
ACC: 0.42105263157894735
TPR/FPR: 0.6388888888888888, 0.6298701298701299
Loss: 0.08596637845039368
Timestamp: 2989.33626729
---------------------------------------------------------------
[tensor([0, 9]), tensor([ 0, 13]), tensor([ 2, 10]), tensor([3, 6]), tensor([3, 7]), tensor([3, 9]), tensor([ 3, 12]), tensor([ 3, 15]), tensor([ 4, 10]), tensor([ 4, 11]), tensor([ 4, 12]), tensor([ 4, 15]), tensor([ 4, 16]), tensor([ 4, 18]), tensor([ 4, 19]), tensor([ 5, 13]), tensor([ 5, 14]), tensor([ 7, 10]), tensor([ 7, 14]), tensor([ 8, 15]), tensor([ 9, 13]), tensor([10, 12]), tensor([10, 13]), tensor([10, 15]), tensor([10, 18]), tensor([11, 12]), tensor([11, 13]), tensor([11, 14]), tensor([13, 18]), tensor([14, 15]), tensor([15, 18]), tensor([17, 19])]
Mean loss in evaluation epoch: 0.09663310647010803, epochs needed: 40
Rejecting!

Generation 57
------------------------- TRACKING ---------------------------
Matrix Hash: 91548437ec09c788, num_times_seen_before: 44
ACC: 0.42105263157894735
TPR/FPR: 0.6388888888888888, 0.6298701298701299
Loss: 0.08596637845039368
Timestamp: 3042.871587815
---------------------------------------------------------------
[tensor([ 0, 15]), tensor([ 0, 17]), tensor([ 1, 19]), tensor([ 2, 11]), tensor([3, 4]), tensor([ 3, 12]), tensor([ 3, 13]), tensor([ 3, 15]), tensor([4, 8]), tensor([ 4, 10]), tensor([ 4, 12]), tensor([ 4, 13]), tensor([ 4, 15]), tensor([ 4, 18]), tensor([ 5, 13]), tensor([ 5, 14]), tensor([ 5, 17]), tensor([ 6, 15]), tensor([ 7, 13]), tensor([ 7, 14]), tensor([ 7, 18]), tensor([ 8, 18]), tensor([ 9, 10]), tensor([ 9, 19]), tensor([10, 15]), tensor([10, 18]), tensor([11, 13]), tensor([13, 19]), tensor([14, 15]), tensor([14, 16]), tensor([15, 17]), tensor([15, 18]), tensor([16, 18])]
Mean loss in evaluation epoch: 0.0955950990319252, epochs needed: 40
Rejecting!

Generation 58
------------------------- TRACKING ---------------------------
Matrix Hash: 91548437ec09c788, num_times_seen_before: 45
ACC: 0.42105263157894735
TPR/FPR: 0.6388888888888888, 0.6298701298701299
Loss: 0.08596637845039368
Timestamp: 3096.892353102
---------------------------------------------------------------
[tensor([ 0, 12]), tensor([ 0, 15]), tensor([ 1, 19]), tensor([ 2, 11]), tensor([3, 4]), tensor([ 3, 12]), tensor([ 3, 15]), tensor([4, 8]), tensor([ 4, 10]), tensor([ 4, 11]), tensor([ 4, 15]), tensor([ 4, 17]), tensor([ 4, 18]), tensor([5, 9]), tensor([ 5, 11]), tensor([6, 9]), tensor([ 6, 13]), tensor([ 6, 15]), tensor([ 6, 17]), tensor([ 7, 13]), tensor([ 7, 14]), tensor([ 7, 18]), tensor([ 9, 10]), tensor([10, 12]), tensor([10, 13]), tensor([10, 15]), tensor([11, 12]), tensor([11, 14]), tensor([14, 15]), tensor([14, 16]), tensor([15, 17]), tensor([15, 18]), tensor([16, 18]), tensor([17, 19])]
Mean loss in evaluation epoch: 0.09812795370817184, epochs needed: 40
Rejecting!

Generation 59
------------------------- TRACKING ---------------------------
Matrix Hash: 91548437ec09c788, num_times_seen_before: 46
ACC: 0.42105263157894735
TPR/FPR: 0.6388888888888888, 0.6298701298701299
Loss: 0.08596637845039368
Timestamp: 3150.053016564
---------------------------------------------------------------
[tensor([ 0, 10]), tensor([ 0, 12]), tensor([ 0, 15]), tensor([ 0, 17]), tensor([1, 5]), tensor([ 1, 18]), tensor([ 1, 19]), tensor([2, 7]), tensor([ 2, 10]), tensor([ 2, 11]), tensor([3, 4]), tensor([3, 7]), tensor([ 3, 12]), tensor([ 3, 15]), tensor([4, 8]), tensor([ 4, 10]), tensor([ 4, 11]), tensor([ 4, 15]), tensor([ 4, 16]), tensor([ 4, 18]), tensor([5, 9]), tensor([ 5, 11]), tensor([ 5, 13]), tensor([ 7, 10]), tensor([ 7, 13]), tensor([ 7, 14]), tensor([ 8, 18]), tensor([ 9, 13]), tensor([10, 12]), tensor([10, 15]), tensor([11, 12]), tensor([11, 14]), tensor([13, 18]), tensor([14, 15]), tensor([14, 16]), tensor([15, 17])]
Mean loss in evaluation epoch: 0.09469462931156158, epochs needed: 40
Rejecting!

Generation 60
------------------------- TRACKING ---------------------------
Matrix Hash: 91548437ec09c788, num_times_seen_before: 47
ACC: 0.42105263157894735
TPR/FPR: 0.6388888888888888, 0.6298701298701299
Loss: 0.08596637845039368
Timestamp: 3203.239876783
---------------------------------------------------------------
[tensor([0, 3]), tensor([0, 7]), tensor([ 0, 10]), tensor([ 0, 13]), tensor([ 0, 15]), tensor([2, 7]), tensor([ 2, 10]), tensor([3, 4]), tensor([3, 7]), tensor([ 3, 11]), tensor([ 3, 12]), tensor([ 3, 15]), tensor([ 3, 19]), tensor([4, 8]), tensor([ 4, 11]), tensor([ 4, 15]), tensor([ 4, 16]), tensor([ 4, 18]), tensor([ 4, 19]), tensor([5, 9]), tensor([ 5, 13]), tensor([ 5, 14]), tensor([6, 9]), tensor([ 6, 15]), tensor([ 7, 13]), tensor([ 7, 14]), tensor([ 8, 10]), tensor([ 9, 10]), tensor([10, 15]), tensor([10, 18]), tensor([11, 12]), tensor([11, 13]), tensor([11, 19]), tensor([12, 19]), tensor([13, 18]), tensor([13, 19]), tensor([14, 15]), tensor([15, 18]), tensor([16, 18])]
Mean loss in evaluation epoch: 0.09239039570093155, epochs needed: 40
Rejecting!

Generation 61
------------------------- TRACKING ---------------------------
Matrix Hash: 91548437ec09c788, num_times_seen_before: 48
ACC: 0.42105263157894735
TPR/FPR: 0.6388888888888888, 0.6298701298701299
Loss: 0.08596637845039368
Timestamp: 3256.561895153
---------------------------------------------------------------
[tensor([ 0, 10]), tensor([ 0, 12]), tensor([ 0, 19]), tensor([1, 5]), tensor([ 1, 18]), tensor([ 1, 19]), tensor([2, 7]), tensor([ 2, 10]), tensor([3, 7]), tensor([ 3, 15]), tensor([4, 8]), tensor([ 4, 11]), tensor([ 4, 15]), tensor([ 4, 16]), tensor([ 5, 11]), tensor([ 5, 14]), tensor([ 6, 11]), tensor([ 6, 19]), tensor([ 7, 10]), tensor([ 7, 13]), tensor([ 7, 14]), tensor([ 8, 15]), tensor([ 9, 10]), tensor([ 9, 19]), tensor([10, 12]), tensor([10, 13]), tensor([10, 15]), tensor([10, 18]), tensor([11, 14]), tensor([14, 15]), tensor([14, 16]), tensor([15, 18]), tensor([17, 19])]
Mean loss in evaluation epoch: 0.091170534491539, epochs needed: 40
Rejecting!

Generation 62
------------------------- TRACKING ---------------------------
Matrix Hash: 91548437ec09c788, num_times_seen_before: 49
ACC: 0.42105263157894735
TPR/FPR: 0.6388888888888888, 0.6298701298701299
Loss: 0.08596637845039368
Timestamp: 3309.75085038
---------------------------------------------------------------
[tensor([0, 3]), tensor([0, 9]), tensor([ 0, 13]), tensor([ 0, 15]), tensor([1, 5]), tensor([ 1, 11]), tensor([ 2, 10]), tensor([ 2, 19]), tensor([ 3, 13]), tensor([ 3, 15]), tensor([ 3, 19]), tensor([ 4, 10]), tensor([ 4, 11]), tensor([ 4, 13]), tensor([ 4, 15]), tensor([ 4, 18]), tensor([ 5, 11]), tensor([ 5, 13]), tensor([ 5, 14]), tensor([6, 9]), tensor([ 6, 11]), tensor([ 6, 19]), tensor([ 7, 10]), tensor([ 7, 13]), tensor([ 7, 14]), tensor([ 7, 18]), tensor([ 9, 10]), tensor([ 9, 13]), tensor([ 9, 19]), tensor([10, 12]), tensor([10, 13]), tensor([10, 15]), tensor([10, 18]), tensor([11, 13]), tensor([13, 19]), tensor([14, 15]), tensor([14, 16]), tensor([15, 18])]
