num samples: 1000
NUM_TRAIN_SAMPLES: 999
NUM_TRAIN_BATCHES: 10
NUM_TEST_SAMPLES: 999
NUM_TEST_BATCHES: 10
BATCH_SIZE: 100
HIDDEN_SIZE: 128
NUM_DYN_EPOCHS: 200
IS_CONTINUOUS: False
USE_MAX: False
../data/final/netrd/SIS/timeseries_ba10_1k_0.15.pickle
../data/final/edges_ba10.pickle
CONTINUATION: False
CONT_ADDRESS: D:\Uni\BA\ColabOutputs\ba20\2020-12-10T22_50_22.113418
SEED: 0
NUM_DYN_EPOCHS: 200
NUM_DYN_EPOCHS_INIT: 200
DETECT_EARLY_CONVERGENCE: False
RESET_DYN_LEARNER_EVERY_NTH_GEN: 1
POP_SIZE: 10
NEWPOP_SIZE: 30
NUM_GEN: 45
USE_NODEWISE_EVALUATION: False
USE_EVALEPOCH_FOR_GUIDED_MUTATION: False
USE_DETERMINISTIC_EVAL: False
--------------------- Start training ------------------------
evaluating individudal 0 - 6f1b90fc9c8835ab. Mean loss in evaluation epoch: 0.38143429160118103, epochs needed: 200
evaluating individudal 1 - f5ecf90426d2bdc4. Mean loss in evaluation epoch: 0.3817650377750397, epochs needed: 200
evaluating individudal 2 - 76887c34e0c43ba3. Mean loss in evaluation epoch: 0.3851991295814514, epochs needed: 200
evaluating individudal 3 - 83f9434604512fa3. Mean loss in evaluation epoch: 0.38157376646995544, epochs needed: 200
evaluating individudal 4 - a3e01dd93d9a5005. Mean loss in evaluation epoch: 0.3809894919395447, epochs needed: 200
evaluating individudal 5 - 3199dbcf8f6e925b. Mean loss in evaluation epoch: 0.379567950963974, epochs needed: 200
evaluating individudal 6 - a8aa19e3347354e9. Mean loss in evaluation epoch: 0.3774488568305969, epochs needed: 200
evaluating individudal 7 - 33564f2c6b8cb72d. Mean loss in evaluation epoch: 0.3764597177505493, epochs needed: 200
evaluating individudal 8 - 72a0eae43d83fa66. Mean loss in evaluation epoch: 0.38383299112319946, epochs needed: 200
evaluating individudal 9 - 326f3353587d6685. Mean loss in evaluation epoch: 0.3815193176269531, epochs needed: 200
Round 0 done. -----------------------------------------
------------------------- TRACKING ---------------------------
Matrix Hash: 33564f2c6b8cb72d, num_times_seen_before: 0
ACC: 0.6
TPR/FPR: 0.6875, 0.4482758620689655
Loss: 0.3764597177505493
Timestamp: 0
---------------------------------------------------------------
evaluating individudal 0 - 43c2b469438a68f7. Mean loss in evaluation epoch: 0.37601813673973083, epochs needed: 200
evaluating individudal 1 - aa2dbfb24badb251. Mean loss in evaluation epoch: 0.3765869736671448, epochs needed: 200
evaluating individudal 2 - 7d18ba74f8848f44. Mean loss in evaluation epoch: 0.3755243420600891, epochs needed: 200
evaluating individudal 3 - e6757929638c8dc5. Mean loss in evaluation epoch: 0.3771508038043976, epochs needed: 200
evaluating individudal 4 - 0e481a11f1b81163. Mean loss in evaluation epoch: 0.3784751296043396, epochs needed: 200
evaluating individudal 5 - 79141e7c8fef5693. Mean loss in evaluation epoch: 0.3739433288574219, epochs needed: 200
evaluating individudal 6 - 6aa04e5e9155d126. Mean loss in evaluation epoch: 0.3750666379928589, epochs needed: 200
evaluating individudal 7 - 677e6ea3fd8df27f. Mean loss in evaluation epoch: 0.3759709298610687, epochs needed: 200
evaluating individudal 8 - 6df29ee5746a06e1. Mean loss in evaluation epoch: 0.37919023633003235, epochs needed: 200
evaluating individudal 9 - 8030bc09869e069b. Mean loss in evaluation epoch: 0.3770153820514679, epochs needed: 200
evaluating individudal 10 - ae129799f7bd2a4d. Mean loss in evaluation epoch: 0.37714269757270813, epochs needed: 200
evaluating individudal 11 - 55fcebdf44953e4d. Mean loss in evaluation epoch: 0.37617895007133484, epochs needed: 200
evaluating individudal 12 - 913fe81d0570108b. Mean loss in evaluation epoch: 0.37795159220695496, epochs needed: 200
evaluating individudal 13 - b4bc89a3826690d7. Mean loss in evaluation epoch: 0.37559738755226135, epochs needed: 200
evaluating individudal 14 - f2905c3d4a9ebb42. Mean loss in evaluation epoch: 0.37480270862579346, epochs needed: 200
evaluating individudal 15 - 7e6294c0997ba843. Mean loss in evaluation epoch: 0.37592586874961853, epochs needed: 200
evaluating individudal 16 - 628a7f2792cda582. Mean loss in evaluation epoch: 0.3752579689025879, epochs needed: 200
evaluating individudal 17 - 2b5ed01435837e0a. Mean loss in evaluation epoch: 0.3773484230041504, epochs needed: 200
evaluating individudal 18 - f9b1b1b563f2b50c. Mean loss in evaluation epoch: 0.37608352303504944, epochs needed: 200
evaluating individudal 19 - 0e25be6f8012085e. Mean loss in evaluation epoch: 0.3744571805000305, epochs needed: 200
evaluating individudal 20 - 5a32085fa58b4ca4. Mean loss in evaluation epoch: 0.37347355484962463, epochs needed: 200
evaluating individudal 21 - ac7f0906d0c608de. Mean loss in evaluation epoch: 0.376587837934494, epochs needed: 200
evaluating individudal 22 - 97ad5378a270e068. Mean loss in evaluation epoch: 0.3762679398059845, epochs needed: 200
evaluating individudal 23 - 54a8f3f7f8240817. Mean loss in evaluation epoch: 0.3761124312877655, epochs needed: 200
evaluating individudal 24 - c38ff9d5cc4207a3. Mean loss in evaluation epoch: 0.37859275937080383, epochs needed: 200
evaluating individudal 25 - f45c39a4659f33b7. Mean loss in evaluation epoch: 0.37706294655799866, epochs needed: 200
evaluating individudal 26 - 888cd2d9761b369a. Mean loss in evaluation epoch: 0.3781089186668396, epochs needed: 200
evaluating individudal 27 - c08d00c843d0752b. Mean loss in evaluation epoch: 0.37793999910354614, epochs needed: 200
evaluating individudal 28 - d9fb7077f7a936ae. Mean loss in evaluation epoch: 0.3757188320159912, epochs needed: 200
evaluating individudal 29 - 29f5ebb65813b1da. Mean loss in evaluation epoch: 0.37662649154663086, epochs needed: 200
evaluating individudal 0 - 6f1b90fc9c8835ab. Mean loss in evaluation epoch: 0.3813961446285248, epochs needed: 200
evaluating individudal 1 - f5ecf90426d2bdc4. Mean loss in evaluation epoch: 0.38182517886161804, epochs needed: 200
evaluating individudal 2 - 76887c34e0c43ba3. Mean loss in evaluation epoch: 0.38476234674453735, epochs needed: 200
evaluating individudal 3 - 83f9434604512fa3. Mean loss in evaluation epoch: 0.38152700662612915, epochs needed: 200
evaluating individudal 4 - a3e01dd93d9a5005. Mean loss in evaluation epoch: 0.38097092509269714, epochs needed: 200
evaluating individudal 5 - 3199dbcf8f6e925b. Mean loss in evaluation epoch: 0.37836459279060364, epochs needed: 200
evaluating individudal 6 - a8aa19e3347354e9. Mean loss in evaluation epoch: 0.37706586718559265, epochs needed: 200
evaluating individudal 7 - 33564f2c6b8cb72d. Mean loss in evaluation epoch: 0.37626463174819946, epochs needed: 200
evaluating individudal 8 - 72a0eae43d83fa66. Mean loss in evaluation epoch: 0.38322994112968445, epochs needed: 200
evaluating individudal 9 - 326f3353587d6685. Mean loss in evaluation epoch: 0.38103169202804565, epochs needed: 200
Round 1 done. -----------------------------------------
------------------------- TRACKING ---------------------------
Matrix Hash: 5a32085fa58b4ca4, num_times_seen_before: 0
ACC: 0.7111111111111111
TPR/FPR: 0.5625, 0.20689655172413793
Loss: 0.37347355484962463
Timestamp: 386.17654342799995
---------------------------------------------------------------
evaluating individudal 0 - 8805dc82e6b1b68b. Mean loss in evaluation epoch: 0.38083159923553467, epochs needed: 200
evaluating individudal 1 - cfd34aee893e7fa2. Mean loss in evaluation epoch: 0.37398627400398254, epochs needed: 200
evaluating individudal 2 - ba514c95d3568e73. Mean loss in evaluation epoch: 0.37304019927978516, epochs needed: 200
evaluating individudal 3 - 9024ea2ef642b63c. Mean loss in evaluation epoch: 0.37057629227638245, epochs needed: 200
evaluating individudal 4 - 77cc3e5e9f4aeef2. Mean loss in evaluation epoch: 0.3696785867214203, epochs needed: 200
evaluating individudal 5 - eb645a1b00d583ff. Mean loss in evaluation epoch: 0.37068769335746765, epochs needed: 200
evaluating individudal 6 - e08408ee9a7ba490. Mean loss in evaluation epoch: 0.3793156147003174, epochs needed: 200
evaluating individudal 7 - 785d868624647a05. Mean loss in evaluation epoch: 0.37867245078086853, epochs needed: 200
evaluating individudal 8 - 5bef6561ae9795ce. Mean loss in evaluation epoch: 0.37160882353782654, epochs needed: 200
evaluating individudal 9 - f01230610cd4ee36. Mean loss in evaluation epoch: 0.3769541084766388, epochs needed: 200
evaluating individudal 10 - 507b17abd47c7b0b. Mean loss in evaluation epoch: 0.3801034390926361, epochs needed: 200
evaluating individudal 11 - 9b9b88bbf36f1acf. Mean loss in evaluation epoch: 0.3817274272441864, epochs needed: 200
evaluating individudal 12 - b19fcf31f2667d81. Mean loss in evaluation epoch: 0.37120863795280457, epochs needed: 200
evaluating individudal 13 - 3dcab96f1edc9c15. Mean loss in evaluation epoch: 0.3729993999004364, epochs needed: 200
evaluating individudal 14 - ebf2029b949a86c6. Mean loss in evaluation epoch: 0.37282392382621765, epochs needed: 200
evaluating individudal 15 - a8defd348681e972. Mean loss in evaluation epoch: 0.3790833353996277, epochs needed: 200
evaluating individudal 16 - 09e2b57aaa689287. Mean loss in evaluation epoch: 0.3738848567008972, epochs needed: 200
evaluating individudal 17 - 83b764071b87c145. Mean loss in evaluation epoch: 0.3714122474193573, epochs needed: 200
evaluating individudal 18 - 34faeb7f79c03729. Mean loss in evaluation epoch: 0.3728039860725403, epochs needed: 200
evaluating individudal 19 - 65d7a7a281697a39. Mean loss in evaluation epoch: 0.3703289330005646, epochs needed: 200
evaluating individudal 20 - 9d9935f91a52445b. Mean loss in evaluation epoch: 0.37917110323905945, epochs needed: 200
evaluating individudal 21 - 0e9a51d1d9c67bc5. Mean loss in evaluation epoch: 0.37812966108322144, epochs needed: 200
evaluating individudal 22 - b778b4f9aca270f4. Mean loss in evaluation epoch: 0.37673917412757874, epochs needed: 200
evaluating individudal 23 - 774b5247dd8e2800. Mean loss in evaluation epoch: 0.37005385756492615, epochs needed: 200
evaluating individudal 24 - ab7bc75ec1cb0be0. Mean loss in evaluation epoch: 0.37982872128486633, epochs needed: 200
evaluating individudal 25 - ef3c52206a2d443f. Mean loss in evaluation epoch: 0.3759514391422272, epochs needed: 200
evaluating individudal 26 - 03bca34abd803a04. Mean loss in evaluation epoch: 0.37851840257644653, epochs needed: 200
evaluating individudal 27 - 926200c84ab4df39. Mean loss in evaluation epoch: 0.3717758357524872, epochs needed: 200
evaluating individudal 28 - 5b7f510350bf471c. Mean loss in evaluation epoch: 0.36884838342666626, epochs needed: 200
evaluating individudal 29 - aebb49eb0a1d5608. Mean loss in evaluation epoch: 0.37597599625587463, epochs needed: 200
evaluating individudal 0 - 5a32085fa58b4ca4. Mean loss in evaluation epoch: 0.3734796941280365, epochs needed: 200
evaluating individudal 1 - 79141e7c8fef5693. Mean loss in evaluation epoch: 0.3738553822040558, epochs needed: 200
evaluating individudal 2 - 0e25be6f8012085e. Mean loss in evaluation epoch: 0.37482258677482605, epochs needed: 200
evaluating individudal 3 - f2905c3d4a9ebb42. Mean loss in evaluation epoch: 0.37406042218208313, epochs needed: 200
evaluating individudal 4 - 6aa04e5e9155d126. Mean loss in evaluation epoch: 0.3750634789466858, epochs needed: 200
evaluating individudal 5 - 628a7f2792cda582. Mean loss in evaluation epoch: 0.3733312785625458, epochs needed: 200
evaluating individudal 6 - 7d18ba74f8848f44. Mean loss in evaluation epoch: 0.3753378391265869, epochs needed: 200
evaluating individudal 7 - b4bc89a3826690d7. Mean loss in evaluation epoch: 0.3752618432044983, epochs needed: 200
evaluating individudal 8 - d9fb7077f7a936ae. Mean loss in evaluation epoch: 0.375470370054245, epochs needed: 200
evaluating individudal 9 - 7e6294c0997ba843. Mean loss in evaluation epoch: 0.3754016160964966, epochs needed: 200
Round 2 done. -----------------------------------------
------------------------- TRACKING ---------------------------
Matrix Hash: 5b7f510350bf471c, num_times_seen_before: 0
ACC: 0.6222222222222222
TPR/FPR: 0.8125, 0.4827586206896552
Loss: 0.36884838342666626
Timestamp: 775.863977555
---------------------------------------------------------------
evaluating individudal 0 - 61d3332b8055bda5. Mean loss in evaluation epoch: 0.37094947695732117, epochs needed: 200
evaluating individudal 1 - 5c83a9151bd013f5. Mean loss in evaluation epoch: 0.37009236216545105, epochs needed: 200
evaluating individudal 2 - 1208485aa8df4175. Mean loss in evaluation epoch: 0.3770274519920349, epochs needed: 200
evaluating individudal 3 - a7ad360019f363ba. Mean loss in evaluation epoch: 0.36738792061805725, epochs needed: 200
evaluating individudal 4 - f3151ec85915db57. Mean loss in evaluation epoch: 0.3686330020427704, epochs needed: 200
evaluating individudal 5 - b047917b829c46bb. Mean loss in evaluation epoch: 0.3769441545009613, epochs needed: 200
evaluating individudal 6 - c95711326638bcea. Mean loss in evaluation epoch: 0.37103039026260376, epochs needed: 200
evaluating individudal 7 - 0d0e3072a2ae2b3b. Mean loss in evaluation epoch: 0.37073564529418945, epochs needed: 200
evaluating individudal 8 - a85d87f9853d1850. Mean loss in evaluation epoch: 0.36917844414711, epochs needed: 200
evaluating individudal 9 - 93b3d0fda5dc8f88. Mean loss in evaluation epoch: 0.3752603232860565, epochs needed: 200
evaluating individudal 10 - 97e58b070a580d5e. Mean loss in evaluation epoch: 0.3686496913433075, epochs needed: 200
evaluating individudal 11 - 563d7ca10b13bc20. Mean loss in evaluation epoch: 0.36733925342559814, epochs needed: 200
evaluating individudal 12 - 602a8a89f6bf0396. Mean loss in evaluation epoch: 0.3706783950328827, epochs needed: 200
evaluating individudal 13 - d46d353a4d3b8f2f. Mean loss in evaluation epoch: 0.36785492300987244, epochs needed: 200
evaluating individudal 14 - aef6d95bcd338d70. Mean loss in evaluation epoch: 0.3698250949382782, epochs needed: 200
evaluating individudal 15 - 670a79d9066b4214. Mean loss in evaluation epoch: 0.3692149221897125, epochs needed: 200
evaluating individudal 16 - fdf7c086552fcc11. Mean loss in evaluation epoch: 0.36449190974235535, epochs needed: 200
evaluating individudal 17 - 0c057909e1577d57. Mean loss in evaluation epoch: 0.38233059644699097, epochs needed: 200
evaluating individudal 18 - 777fb70cb28c2ee8. Mean loss in evaluation epoch: 0.37019017338752747, epochs needed: 200
evaluating individudal 19 - acb8300441f9fcb0. Mean loss in evaluation epoch: 0.3763498365879059, epochs needed: 200
evaluating individudal 20 - 25dfeeb2230fb933. Mean loss in evaluation epoch: 0.36862632632255554, epochs needed: 200
evaluating individudal 21 - 6c76799b5caff720. Mean loss in evaluation epoch: 0.36875635385513306, epochs needed: 200
evaluating individudal 22 - af373c42b80a1fe2. Mean loss in evaluation epoch: 0.3771716058254242, epochs needed: 200
evaluating individudal 23 - c92490102c2b83e5. Mean loss in evaluation epoch: 0.36657679080963135, epochs needed: 200
evaluating individudal 24 - 96743a2e35dc4268. Mean loss in evaluation epoch: 0.37017154693603516, epochs needed: 200
evaluating individudal 25 - c30ef581507f4e7a. Mean loss in evaluation epoch: 0.3708656430244446, epochs needed: 200
evaluating individudal 26 - 25d98ec7bd90da36. Mean loss in evaluation epoch: 0.367546409368515, epochs needed: 200
evaluating individudal 27 - f2f14c0b9c8331e0. Mean loss in evaluation epoch: 0.37221860885620117, epochs needed: 200
evaluating individudal 28 - 2a90c24e3b80a7d1. Mean loss in evaluation epoch: 0.36772671341896057, epochs needed: 200
evaluating individudal 29 - f900dc298e9f7c05. Mean loss in evaluation epoch: 0.37074214220046997, epochs needed: 200
evaluating individudal 0 - 5b7f510350bf471c. Mean loss in evaluation epoch: 0.36898934841156006, epochs needed: 200
evaluating individudal 1 - 77cc3e5e9f4aeef2. Mean loss in evaluation epoch: 0.36944279074668884, epochs needed: 200
evaluating individudal 2 - 774b5247dd8e2800. Mean loss in evaluation epoch: 0.3709147572517395, epochs needed: 200
evaluating individudal 3 - 65d7a7a281697a39. Mean loss in evaluation epoch: 0.3703843057155609, epochs needed: 200
evaluating individudal 4 - 9024ea2ef642b63c. Mean loss in evaluation epoch: 0.371916264295578, epochs needed: 200
evaluating individudal 5 - eb645a1b00d583ff. Mean loss in evaluation epoch: 0.3710649609565735, epochs needed: 200
evaluating individudal 6 - b19fcf31f2667d81. Mean loss in evaluation epoch: 0.37182387709617615, epochs needed: 200
evaluating individudal 7 - 83b764071b87c145. Mean loss in evaluation epoch: 0.3713173568248749, epochs needed: 200
evaluating individudal 8 - 5bef6561ae9795ce. Mean loss in evaluation epoch: 0.3711077868938446, epochs needed: 200
evaluating individudal 9 - 926200c84ab4df39. Mean loss in evaluation epoch: 0.37206968665122986, epochs needed: 200
Round 3 done. -----------------------------------------
------------------------- TRACKING ---------------------------
Matrix Hash: fdf7c086552fcc11, num_times_seen_before: 0
ACC: 0.9111111111111111
TPR/FPR: 0.9375, 0.10344827586206896
Loss: 0.36449190974235535
Timestamp: 1167.059255537
---------------------------------------------------------------
evaluating individudal 0 - 363808bbce8c7978. Mean loss in evaluation epoch: 0.365914523601532, epochs needed: 200
evaluating individudal 1 - e79e6cc7850d0e3e. Mean loss in evaluation epoch: 0.3710160255432129, epochs needed: 200
evaluating individudal 2 - 824e6e9be8b23d2e. Mean loss in evaluation epoch: 0.36674273014068604, epochs needed: 200
evaluating individudal 3 - a3b6247853ab508b. Mean loss in evaluation epoch: 0.3671853840351105, epochs needed: 200
evaluating individudal 4 - 9e5c969266cfe20d. Mean loss in evaluation epoch: 0.36906394362449646, epochs needed: 200
evaluating individudal 5 - 9dec464eade4e855. Mean loss in evaluation epoch: 0.3658001124858856, epochs needed: 200
evaluating individudal 6 - cf1168f357383dc9. Mean loss in evaluation epoch: 0.3645387589931488, epochs needed: 200
evaluating individudal 7 - d4d9562e88222866. Mean loss in evaluation epoch: 0.36501187086105347, epochs needed: 200
evaluating individudal 8 - b903ffa44188b1f4. Mean loss in evaluation epoch: 0.3686845898628235, epochs needed: 200
evaluating individudal 9 - 5895b77e10d88615. Mean loss in evaluation epoch: 0.37017959356307983, epochs needed: 200
evaluating individudal 10 - 0d17a6f6c5d7e337. Mean loss in evaluation epoch: 0.3686407506465912, epochs needed: 200
evaluating individudal 11 - fd7343271d1de06c. Mean loss in evaluation epoch: 0.3656845986843109, epochs needed: 200
evaluating individudal 12 - 04bee5c6ab4ed293. Mean loss in evaluation epoch: 0.3694777190685272, epochs needed: 200
evaluating individudal 13 - 328a98fa701e4168. Mean loss in evaluation epoch: 0.36656102538108826, epochs needed: 200
evaluating individudal 14 - 249ab06b6add267f. Mean loss in evaluation epoch: 0.36682820320129395, epochs needed: 200
evaluating individudal 15 - fb267f89995ed094. Mean loss in evaluation epoch: 0.36826276779174805, epochs needed: 200
evaluating individudal 16 - a9d6fca3a1d977a7. Mean loss in evaluation epoch: 0.36641016602516174, epochs needed: 200
evaluating individudal 17 - 0fa22d5f885874e0. Mean loss in evaluation epoch: 0.36606380343437195, epochs needed: 200
evaluating individudal 18 - 03620a282f90189a. Mean loss in evaluation epoch: 0.3652972877025604, epochs needed: 200
evaluating individudal 19 - 956a4d6d50fd393c. Mean loss in evaluation epoch: 0.3665010929107666, epochs needed: 200
evaluating individudal 20 - 821f7a121411162e. Mean loss in evaluation epoch: 0.3696567118167877, epochs needed: 200
evaluating individudal 21 - b5209c3013efd837. Mean loss in evaluation epoch: 0.3687903583049774, epochs needed: 200
evaluating individudal 22 - e9a4ba0f5dc4eeed. Mean loss in evaluation epoch: 0.37286755442619324, epochs needed: 200
evaluating individudal 23 - 03cbb48a035c2a68. Mean loss in evaluation epoch: 0.3671278655529022, epochs needed: 200
evaluating individudal 24 - 4a284095510cc62a. Mean loss in evaluation epoch: 0.3674873411655426, epochs needed: 200
evaluating individudal 25 - 96ad8f185bed2798. Mean loss in evaluation epoch: 0.37164026498794556, epochs needed: 200
evaluating individudal 26 - eaab9b502041548a. Mean loss in evaluation epoch: 0.3736635744571686, epochs needed: 200
evaluating individudal 27 - b2c31ecd79bcc128. Mean loss in evaluation epoch: 0.3692741096019745, epochs needed: 200
evaluating individudal 28 - 46ca7bef418eb8fc. Mean loss in evaluation epoch: 0.3669070899486542, epochs needed: 200
evaluating individudal 29 - 39cf3c6d60b7a05d. Mean loss in evaluation epoch: 0.36650973558425903, epochs needed: 200
evaluating individudal 0 - fdf7c086552fcc11. Mean loss in evaluation epoch: 0.3645009398460388, epochs needed: 200
evaluating individudal 1 - c92490102c2b83e5. Mean loss in evaluation epoch: 0.36714649200439453, epochs needed: 200
evaluating individudal 2 - 563d7ca10b13bc20. Mean loss in evaluation epoch: 0.36887606978416443, epochs needed: 200
evaluating individudal 3 - a7ad360019f363ba. Mean loss in evaluation epoch: 0.36643606424331665, epochs needed: 200
evaluating individudal 4 - 25d98ec7bd90da36. Mean loss in evaluation epoch: 0.36790114641189575, epochs needed: 200
evaluating individudal 5 - 2a90c24e3b80a7d1. Mean loss in evaluation epoch: 0.3683302700519562, epochs needed: 200
evaluating individudal 6 - d46d353a4d3b8f2f. Mean loss in evaluation epoch: 0.368142306804657, epochs needed: 200
evaluating individudal 7 - 25dfeeb2230fb933. Mean loss in evaluation epoch: 0.36833053827285767, epochs needed: 200
evaluating individudal 8 - f3151ec85915db57. Mean loss in evaluation epoch: 0.368914395570755, epochs needed: 200
evaluating individudal 9 - 97e58b070a580d5e. Mean loss in evaluation epoch: 0.36849093437194824, epochs needed: 200
Round 4 done. -----------------------------------------
------------------------- TRACKING ---------------------------
Matrix Hash: fdf7c086552fcc11, num_times_seen_before: 1
ACC: 0.9111111111111111
TPR/FPR: 0.9375, 0.10344827586206896
Loss: 0.3645009398460388
Timestamp: 1559.689868465
---------------------------------------------------------------
evaluating individudal 0 - 68434f20e2d393fa. Mean loss in evaluation epoch: 0.3664163053035736, epochs needed: 200
evaluating individudal 1 - 27e97ab29fb7c1ef. Mean loss in evaluation epoch: 0.3713388442993164, epochs needed: 200
evaluating individudal 2 - 0c3e23ff177f3401. Mean loss in evaluation epoch: 0.3695216178894043, epochs needed: 200
evaluating individudal 3 - 5d87f7a4f2b4ac64. Mean loss in evaluation epoch: 0.37087497115135193, epochs needed: 200
evaluating individudal 4 - 9b6855df8df1a3ff. Mean loss in evaluation epoch: 0.37179863452911377, epochs needed: 200
evaluating individudal 5 - fb3e793c4e88dbe5. Mean loss in evaluation epoch: 0.37301167845726013, epochs needed: 200
evaluating individudal 6 - eebc9c6f98625e34. Mean loss in evaluation epoch: 0.36791959404945374, epochs needed: 200
evaluating individudal 7 - e66346cd9b2b804e. Mean loss in evaluation epoch: 0.36710360646247864, epochs needed: 200
evaluating individudal 8 - 75d9f577cad76997. Mean loss in evaluation epoch: 0.36827850341796875, epochs needed: 200
evaluating individudal 9 - 2d78028f1a86a569. Mean loss in evaluation epoch: 0.37106117606163025, epochs needed: 200
evaluating individudal 10 - 6555e0a39e4ffdcb. Mean loss in evaluation epoch: 0.36558642983436584, epochs needed: 200
evaluating individudal 11 - 59f9260a054ab4d2. Mean loss in evaluation epoch: 0.3676397204399109, epochs needed: 200
evaluating individudal 12 - 3e5472e6093c883e. Mean loss in evaluation epoch: 0.36459895968437195, epochs needed: 200
evaluating individudal 13 - 50eadd485eb9421d. Mean loss in evaluation epoch: 0.37168869376182556, epochs needed: 200
evaluating individudal 14 - 5a170e21afc7d406. Mean loss in evaluation epoch: 0.369690865278244, epochs needed: 200
evaluating individudal 15 - 5405efee0bb8c95b. Mean loss in evaluation epoch: 0.3660733699798584, epochs needed: 200
evaluating individudal 16 - 7a465cf7bb893097. Mean loss in evaluation epoch: 0.3695177733898163, epochs needed: 200
evaluating individudal 17 - 0244455b7cb54323. Mean loss in evaluation epoch: 0.36820998787879944, epochs needed: 200
evaluating individudal 18 - b58de8984bb4cbb9. Mean loss in evaluation epoch: 0.36794397234916687, epochs needed: 200
evaluating individudal 19 - c46e65393a41dcb8. Mean loss in evaluation epoch: 0.37292081117630005, epochs needed: 200
evaluating individudal 20 - 08142097f50e9b0b. Mean loss in evaluation epoch: 0.36553844809532166, epochs needed: 200
evaluating individudal 21 - d2594003765198a2. Mean loss in evaluation epoch: 0.37103796005249023, epochs needed: 200
evaluating individudal 22 - 67f7e1aa5d4b47cd. Mean loss in evaluation epoch: 0.36600303649902344, epochs needed: 200
evaluating individudal 23 - 63ea0fe6b78baabe. Mean loss in evaluation epoch: 0.3658144474029541, epochs needed: 200
evaluating individudal 24 - 94bee67714dddc22. Mean loss in evaluation epoch: 0.3675684630870819, epochs needed: 200
evaluating individudal 25 - fd9b6863ff17cf9b. Mean loss in evaluation epoch: 0.3661932647228241, epochs needed: 200
evaluating individudal 26 - 875b6c863d55a696. Mean loss in evaluation epoch: 0.3710540235042572, epochs needed: 200
evaluating individudal 27 - 81fb6be9652d8c60. Mean loss in evaluation epoch: 0.3732541501522064, epochs needed: 200
evaluating individudal 28 - 37e1a6712e13ceed. Mean loss in evaluation epoch: 0.36782270669937134, epochs needed: 200
evaluating individudal 29 - 3e513aab5461fcd7. Mean loss in evaluation epoch: 0.3726545572280884, epochs needed: 200
evaluating individudal 0 - fdf7c086552fcc11. Mean loss in evaluation epoch: 0.3653711974620819, epochs needed: 200
evaluating individudal 1 - cf1168f357383dc9. Mean loss in evaluation epoch: 0.3645084500312805, epochs needed: 200
evaluating individudal 2 - d4d9562e88222866. Mean loss in evaluation epoch: 0.3657742440700531, epochs needed: 200
evaluating individudal 3 - 03620a282f90189a. Mean loss in evaluation epoch: 0.3653268814086914, epochs needed: 200
evaluating individudal 4 - fd7343271d1de06c. Mean loss in evaluation epoch: 0.3661203384399414, epochs needed: 200
evaluating individudal 5 - 9dec464eade4e855. Mean loss in evaluation epoch: 0.36553072929382324, epochs needed: 200
evaluating individudal 6 - 363808bbce8c7978. Mean loss in evaluation epoch: 0.36655935645103455, epochs needed: 200
evaluating individudal 7 - 0fa22d5f885874e0. Mean loss in evaluation epoch: 0.3656616806983948, epochs needed: 200
evaluating individudal 8 - a9d6fca3a1d977a7. Mean loss in evaluation epoch: 0.367683082818985, epochs needed: 200
evaluating individudal 9 - a7ad360019f363ba. Mean loss in evaluation epoch: 0.36589476466178894, epochs needed: 200
Round 5 done. -----------------------------------------
------------------------- TRACKING ---------------------------
Matrix Hash: cf1168f357383dc9, num_times_seen_before: 0
ACC: 0.8222222222222222
TPR/FPR: 1.0, 0.27586206896551724
Loss: 0.3645084500312805
Timestamp: 1979.759597762
---------------------------------------------------------------
evaluating individudal 0 - 884e222bb5cc6ec9. Mean loss in evaluation epoch: 0.3678567111492157, epochs needed: 200
evaluating individudal 1 - 426278755dc385eb. Mean loss in evaluation epoch: 0.3647625744342804, epochs needed: 200
evaluating individudal 2 - 146220d269cc3830. Mean loss in evaluation epoch: 0.3726721704006195, epochs needed: 200
evaluating individudal 3 - e075d277cdb68bc6. Mean loss in evaluation epoch: 0.371089905500412, epochs needed: 200
evaluating individudal 4 - df00942326e8bb44. Mean loss in evaluation epoch: 0.3690814971923828, epochs needed: 200
evaluating individudal 5 - 0036b6861be176b7. Mean loss in evaluation epoch: 0.369983434677124, epochs needed: 200
evaluating individudal 6 - a7894513939f1a76. Mean loss in evaluation epoch: 0.3675265312194824, epochs needed: 200
evaluating individudal 7 - 773d84bbfa489520. Mean loss in evaluation epoch: 0.37323856353759766, epochs needed: 200
evaluating individudal 8 - cc00d974457fdfda. Mean loss in evaluation epoch: 0.3658864200115204, epochs needed: 200
evaluating individudal 9 - 5cc306f092adfa48. Mean loss in evaluation epoch: 0.3715836703777313, epochs needed: 200
evaluating individudal 10 - 5f5876f7cc25747a. Mean loss in evaluation epoch: 0.3716357350349426, epochs needed: 200
evaluating individudal 11 - a274ba13accea6d9. Mean loss in evaluation epoch: 0.37041518092155457, epochs needed: 200
evaluating individudal 12 - 64967a66f22fad44. Mean loss in evaluation epoch: 0.36625340580940247, epochs needed: 200
evaluating individudal 13 - 831eaceb95f7c85c. Mean loss in evaluation epoch: 0.36858922243118286, epochs needed: 200
evaluating individudal 14 - 60a537c7f70787aa. Mean loss in evaluation epoch: 0.366182416677475, epochs needed: 200
evaluating individudal 15 - 7a9472cbdf90fde7. Mean loss in evaluation epoch: 0.3666706681251526, epochs needed: 200
evaluating individudal 16 - f3174604611f5d92. Mean loss in evaluation epoch: 0.3695841431617737, epochs needed: 200
evaluating individudal 17 - d5f1f49af4d361ec. Mean loss in evaluation epoch: 0.37132054567337036, epochs needed: 200
evaluating individudal 18 - 8d441968a79ebdb4. Mean loss in evaluation epoch: 0.36829674243927, epochs needed: 200
evaluating individudal 19 - 281840ffa3ed837d. Mean loss in evaluation epoch: 0.36884522438049316, epochs needed: 200
evaluating individudal 20 - 93ba83055b7c76cc. Mean loss in evaluation epoch: 0.36980167031288147, epochs needed: 200
evaluating individudal 21 - f01fc39a0d55048c. Mean loss in evaluation epoch: 0.36614733934402466, epochs needed: 200
evaluating individudal 22 - 415f494458a2ef1e. Mean loss in evaluation epoch: 0.36608386039733887, epochs needed: 200
evaluating individudal 23 - c97905d210d5603f. Mean loss in evaluation epoch: 0.36732879281044006, epochs needed: 200
evaluating individudal 24 - 5e6a27064ef47555. Mean loss in evaluation epoch: 0.37035316228866577, epochs needed: 200
evaluating individudal 25 - f118e4a76c81e9c0. Mean loss in evaluation epoch: 0.3648897111415863, epochs needed: 200
evaluating individudal 26 - 989a4445e7928265. Mean loss in evaluation epoch: 0.36913320422172546, epochs needed: 200
evaluating individudal 27 - 4d6fa64de2308a79. Mean loss in evaluation epoch: 0.3654654920101166, epochs needed: 200
evaluating individudal 28 - ccfced3b667a77b6. Mean loss in evaluation epoch: 0.3702182471752167, epochs needed: 200
evaluating individudal 29 - 6c01f6b09d805585. Mean loss in evaluation epoch: 0.37046581506729126, epochs needed: 200
evaluating individudal 0 - cf1168f357383dc9. Mean loss in evaluation epoch: 0.3643399775028229, epochs needed: 200
evaluating individudal 1 - 3e5472e6093c883e. Mean loss in evaluation epoch: 0.3647863268852234, epochs needed: 200
evaluating individudal 2 - 03620a282f90189a. Mean loss in evaluation epoch: 0.36511072516441345, epochs needed: 200
evaluating individudal 3 - fdf7c086552fcc11. Mean loss in evaluation epoch: 0.36469829082489014, epochs needed: 200
evaluating individudal 4 - 9dec464eade4e855. Mean loss in evaluation epoch: 0.3661143481731415, epochs needed: 200
evaluating individudal 5 - 08142097f50e9b0b. Mean loss in evaluation epoch: 0.3655652701854706, epochs needed: 200
evaluating individudal 6 - 6555e0a39e4ffdcb. Mean loss in evaluation epoch: 0.3658747673034668, epochs needed: 200
evaluating individudal 7 - 0fa22d5f885874e0. Mean loss in evaluation epoch: 0.36557430028915405, epochs needed: 200
evaluating individudal 8 - d4d9562e88222866. Mean loss in evaluation epoch: 0.36486196517944336, epochs needed: 200
evaluating individudal 9 - 63ea0fe6b78baabe. Mean loss in evaluation epoch: 0.3655759394168854, epochs needed: 200
Round 6 done. -----------------------------------------
------------------------- TRACKING ---------------------------
Matrix Hash: cf1168f357383dc9, num_times_seen_before: 1
ACC: 0.8222222222222222
TPR/FPR: 1.0, 0.27586206896551724
Loss: 0.3643399775028229
Timestamp: 2383.4211844730003
---------------------------------------------------------------
evaluating individudal 0 - 64e38ac21de240a5. Mean loss in evaluation epoch: 0.36786526441574097, epochs needed: 200
evaluating individudal 1 - 6996da8e265b678d. Mean loss in evaluation epoch: 0.36764368414878845, epochs needed: 200
evaluating individudal 2 - 6af930a51403da29. Mean loss in evaluation epoch: 0.37156468629837036, epochs needed: 200
evaluating individudal 3 - 667d7b76eb6e8ef4. Mean loss in evaluation epoch: 0.3724592626094818, epochs needed: 200
evaluating individudal 4 - 971156d508f4e7d2. Mean loss in evaluation epoch: 0.3669399917125702, epochs needed: 200
evaluating individudal 5 - c0fc36cf688e397e. Mean loss in evaluation epoch: 0.3697371482849121, epochs needed: 200
evaluating individudal 6 - bf4167c4817bf5df. Mean loss in evaluation epoch: 0.3732181787490845, epochs needed: 200
evaluating individudal 7 - 214162f2e0ca0392. Mean loss in evaluation epoch: 0.370125949382782, epochs needed: 200
evaluating individudal 8 - dc6b2ca2e7e18795. Mean loss in evaluation epoch: 0.3691083490848541, epochs needed: 200
evaluating individudal 9 - 2ff6c8c3a7e8c6ce. Mean loss in evaluation epoch: 0.3685671389102936, epochs needed: 200
evaluating individudal 10 - e1257d6938bcb325. Mean loss in evaluation epoch: 0.3670623004436493, epochs needed: 200
evaluating individudal 11 - fed1c316fa6fa236. Mean loss in evaluation epoch: 0.3729991912841797, epochs needed: 200
evaluating individudal 12 - 302f9789f81e6e7d. Mean loss in evaluation epoch: 0.3721204698085785, epochs needed: 200
evaluating individudal 13 - 76123e531c657912. Mean loss in evaluation epoch: 0.37068626284599304, epochs needed: 200
evaluating individudal 14 - afbd32061bfe91e4. Mean loss in evaluation epoch: 0.36465927958488464, epochs needed: 200
evaluating individudal 15 - e67d9d0fef1aed95. Mean loss in evaluation epoch: 0.36964151263237, epochs needed: 200
evaluating individudal 16 - 81a0db591de52b28. Mean loss in evaluation epoch: 0.3681541383266449, epochs needed: 200
evaluating individudal 17 - e9e07f026193bba0. Mean loss in evaluation epoch: 0.3659919798374176, epochs needed: 200
evaluating individudal 18 - b58ce55ccb6fca62. Mean loss in evaluation epoch: 0.36658671498298645, epochs needed: 200
evaluating individudal 19 - 4cffc940344c0c33. Mean loss in evaluation epoch: 0.36879411339759827, epochs needed: 200
evaluating individudal 20 - fd44949282413eb1. Mean loss in evaluation epoch: 0.36772894859313965, epochs needed: 200
evaluating individudal 21 - 49f8f918d4ce4094. Mean loss in evaluation epoch: 0.36927342414855957, epochs needed: 200
evaluating individudal 22 - ed193411f4f8a11f. Mean loss in evaluation epoch: 0.37113285064697266, epochs needed: 200
evaluating individudal 23 - 5255550d1df831a8. Mean loss in evaluation epoch: 0.37028592824935913, epochs needed: 200
evaluating individudal 24 - 7ca36a8aa08a82ad. Mean loss in evaluation epoch: 0.37085995078086853, epochs needed: 200
evaluating individudal 25 - 3bc8d9b847491967. Mean loss in evaluation epoch: 0.37180328369140625, epochs needed: 200
evaluating individudal 26 - 2adec7b09fda88cc. Mean loss in evaluation epoch: 0.37103062868118286, epochs needed: 200
evaluating individudal 27 - a2d2c6564656a68c. Mean loss in evaluation epoch: 0.36992835998535156, epochs needed: 200
evaluating individudal 28 - 274d669c2ee407de. Mean loss in evaluation epoch: 0.37257543206214905, epochs needed: 200
evaluating individudal 29 - d7b23ac1fd801755. Mean loss in evaluation epoch: 0.36737707257270813, epochs needed: 200
evaluating individudal 0 - cf1168f357383dc9. Mean loss in evaluation epoch: 0.3656024634838104, epochs needed: 200
evaluating individudal 1 - fdf7c086552fcc11. Mean loss in evaluation epoch: 0.36480116844177246, epochs needed: 200
evaluating individudal 2 - 426278755dc385eb. Mean loss in evaluation epoch: 0.3650449216365814, epochs needed: 200
evaluating individudal 3 - 3e5472e6093c883e. Mean loss in evaluation epoch: 0.36454397439956665, epochs needed: 200
evaluating individudal 4 - d4d9562e88222866. Mean loss in evaluation epoch: 0.36487236618995667, epochs needed: 200
evaluating individudal 5 - f118e4a76c81e9c0. Mean loss in evaluation epoch: 0.3660302758216858, epochs needed: 200
evaluating individudal 6 - 03620a282f90189a. Mean loss in evaluation epoch: 0.3658526539802551, epochs needed: 200
evaluating individudal 7 - 4d6fa64de2308a79. Mean loss in evaluation epoch: 0.36521264910697937, epochs needed: 200
evaluating individudal 8 - 08142097f50e9b0b. Mean loss in evaluation epoch: 0.36566877365112305, epochs needed: 200
evaluating individudal 9 - 0fa22d5f885874e0. Mean loss in evaluation epoch: 0.36540427803993225, epochs needed: 200
Round 7 done. -----------------------------------------
------------------------- TRACKING ---------------------------
Matrix Hash: 3e5472e6093c883e, num_times_seen_before: 0
ACC: 0.8888888888888888
TPR/FPR: 0.875, 0.10344827586206896
Loss: 0.36454397439956665
Timestamp: 2793.6046654290003
---------------------------------------------------------------
evaluating individudal 0 - 4e335e6d70876504. Mean loss in evaluation epoch: 0.3689669668674469, epochs needed: 200
evaluating individudal 1 - 4e7bc35465dcd873. Mean loss in evaluation epoch: 0.3680894076824188, epochs needed: 200
evaluating individudal 2 - 42e9537e9473b0d2. Mean loss in evaluation epoch: 0.3680584132671356, epochs needed: 200
evaluating individudal 3 - 30531e48d8fea22c. Mean loss in evaluation epoch: 0.3687449097633362, epochs needed: 200
evaluating individudal 4 - a4287cf9851e88eb. Mean loss in evaluation epoch: 0.36562392115592957, epochs needed: 200
evaluating individudal 5 - 5d0c0cc94958369b. Mean loss in evaluation epoch: 0.3719482123851776, epochs needed: 200
evaluating individudal 6 - 38404142f77ebdda. Mean loss in evaluation epoch: 0.3704480826854706, epochs needed: 200
evaluating individudal 7 - fc70fea72f1e910c. Mean loss in evaluation epoch: 0.3654784858226776, epochs needed: 200
evaluating individudal 8 - a172d837b38d43c6. Mean loss in evaluation epoch: 0.3683684766292572, epochs needed: 200
evaluating individudal 9 - a9c4456cfb222c3c. Mean loss in evaluation epoch: 0.3656063973903656, epochs needed: 200
evaluating individudal 10 - 1f0ee1f89b8ebdf5. Mean loss in evaluation epoch: 0.3649880886077881, epochs needed: 200
evaluating individudal 11 - acd87f535441bd46. Mean loss in evaluation epoch: 0.3646307587623596, epochs needed: 200
evaluating individudal 12 - 095777e3d9ed68fa. Mean loss in evaluation epoch: 0.37113842368125916, epochs needed: 200
evaluating individudal 13 - 97e00768095024bd. Mean loss in evaluation epoch: 0.36451154947280884, epochs needed: 200
evaluating individudal 14 - 8c7de1d87c840cdd. Mean loss in evaluation epoch: 0.36451655626296997, epochs needed: 200
evaluating individudal 15 - b3149a09cb771573. Mean loss in evaluation epoch: 0.36567530035972595, epochs needed: 200
evaluating individudal 16 - f118e4a76c81e9c0. Mean loss in evaluation epoch: 0.3647540509700775, epochs needed: 200
evaluating individudal 17 - cad8a63638a3e0da. Mean loss in evaluation epoch: 0.3657167851924896, epochs needed: 200
evaluating individudal 18 - 5dae6e0575a2c536. Mean loss in evaluation epoch: 0.3663652837276459, epochs needed: 200
evaluating individudal 19 - cfa46c1870147521. Mean loss in evaluation epoch: 0.3663209080696106, epochs needed: 200
evaluating individudal 20 - 34773787d45aa5e0. Mean loss in evaluation epoch: 0.36662784218788147, epochs needed: 200
evaluating individudal 21 - ace765feb11f4b58. Mean loss in evaluation epoch: 0.3669411838054657, epochs needed: 200
evaluating individudal 22 - 58d5ada551020159. Mean loss in evaluation epoch: 0.363420307636261, epochs needed: 200
evaluating individudal 23 - a614e17f4640e6f0. Mean loss in evaluation epoch: 0.36576300859451294, epochs needed: 200
evaluating individudal 24 - 1094c36f1f1d6881. Mean loss in evaluation epoch: 0.36640796065330505, epochs needed: 200
evaluating individudal 25 - 308806e650fca67c. Mean loss in evaluation epoch: 0.37369680404663086, epochs needed: 200
evaluating individudal 26 - bdf760e53e7b22b4. Mean loss in evaluation epoch: 0.3651482164859772, epochs needed: 200
evaluating individudal 27 - 6a5f782da3b096c8. Mean loss in evaluation epoch: 0.3653745651245117, epochs needed: 200
evaluating individudal 28 - e302dc836d2a0ca0. Mean loss in evaluation epoch: 0.36757656931877136, epochs needed: 200
evaluating individudal 29 - 7046615bfe9defd5. Mean loss in evaluation epoch: 0.36736035346984863, epochs needed: 200
evaluating individudal 0 - 3e5472e6093c883e. Mean loss in evaluation epoch: 0.3645183742046356, epochs needed: 200
evaluating individudal 1 - afbd32061bfe91e4. Mean loss in evaluation epoch: 0.3657033145427704, epochs needed: 200
evaluating individudal 2 - fdf7c086552fcc11. Mean loss in evaluation epoch: 0.3647908568382263, epochs needed: 200
evaluating individudal 3 - d4d9562e88222866. Mean loss in evaluation epoch: 0.3647306263446808, epochs needed: 200
evaluating individudal 4 - 426278755dc385eb. Mean loss in evaluation epoch: 0.36546018719673157, epochs needed: 200
evaluating individudal 5 - 4d6fa64de2308a79. Mean loss in evaluation epoch: 0.3656720817089081, epochs needed: 200
evaluating individudal 6 - 0fa22d5f885874e0. Mean loss in evaluation epoch: 0.36544620990753174, epochs needed: 200
evaluating individudal 7 - cf1168f357383dc9. Mean loss in evaluation epoch: 0.36544403433799744, epochs needed: 200
evaluating individudal 8 - 08142097f50e9b0b. Mean loss in evaluation epoch: 0.36601492762565613, epochs needed: 200
evaluating individudal 9 - 03620a282f90189a. Mean loss in evaluation epoch: 0.3650932013988495, epochs needed: 200
Round 8 done. -----------------------------------------
------------------------- TRACKING ---------------------------
Matrix Hash: 58d5ada551020159, num_times_seen_before: 0
ACC: 0.9111111111111111
TPR/FPR: 1.0, 0.13793103448275862
Loss: 0.363420307636261
Timestamp: 3217.012142209
---------------------------------------------------------------
evaluating individudal 0 - 29cb08f94c18b9ba. Mean loss in evaluation epoch: 0.36623772978782654, epochs needed: 200
evaluating individudal 1 - 0d11f40fe706c67e. Mean loss in evaluation epoch: 0.36757633090019226, epochs needed: 200
evaluating individudal 2 - c29b4078d21e5d4b. Mean loss in evaluation epoch: 0.3693026304244995, epochs needed: 200
evaluating individudal 3 - 200b0b052b8e6079. Mean loss in evaluation epoch: 0.3693767488002777, epochs needed: 200
evaluating individudal 4 - 831c3b3601cb0251. Mean loss in evaluation epoch: 0.3658713102340698, epochs needed: 200
evaluating individudal 5 - 0f31c99f611c3110. Mean loss in evaluation epoch: 0.36916470527648926, epochs needed: 200
evaluating individudal 6 - 277efc0b103b674a. Mean loss in evaluation epoch: 0.3721162974834442, epochs needed: 200
evaluating individudal 7 - bdc3bb1a43694087. Mean loss in evaluation epoch: 0.36557015776634216, epochs needed: 200
evaluating individudal 8 - 725012b3edc8d931. Mean loss in evaluation epoch: 0.37311503291130066, epochs needed: 200
evaluating individudal 9 - 8baca89093f1f50c. Mean loss in evaluation epoch: 0.3649647831916809, epochs needed: 200
evaluating individudal 10 - 529daf87967c6f80. Mean loss in evaluation epoch: 0.3655816614627838, epochs needed: 200
evaluating individudal 11 - d4b87e354a911a8f. Mean loss in evaluation epoch: 0.37025830149650574, epochs needed: 200
evaluating individudal 12 - 87c24e61098f8002. Mean loss in evaluation epoch: 0.37230706214904785, epochs needed: 200
evaluating individudal 13 - 363e77f38d48d36d. Mean loss in evaluation epoch: 0.37120649218559265, epochs needed: 200
evaluating individudal 14 - 036d3773d81b4e84. Mean loss in evaluation epoch: 0.36595430970191956, epochs needed: 200
evaluating individudal 15 - 29eb147c097c4037. Mean loss in evaluation epoch: 0.37198886275291443, epochs needed: 200
evaluating individudal 16 - d77cc8444fcb8c93. Mean loss in evaluation epoch: 0.365803062915802, epochs needed: 200
evaluating individudal 17 - cf57a9e49585373e. Mean loss in evaluation epoch: 0.36758729815483093, epochs needed: 200
evaluating individudal 18 - 1dc88c241c4a6b44. Mean loss in evaluation epoch: 0.36952850222587585, epochs needed: 200
evaluating individudal 19 - 828b63e8aaca1bff. Mean loss in evaluation epoch: 0.3707869052886963, epochs needed: 200
evaluating individudal 20 - a5feacb981454814. Mean loss in evaluation epoch: 0.37116512656211853, epochs needed: 200
evaluating individudal 21 - db3a821e32859376. Mean loss in evaluation epoch: 0.37054187059402466, epochs needed: 200
evaluating individudal 22 - 46d7e7ffe7a9478f. Mean loss in evaluation epoch: 0.36529970169067383, epochs needed: 200
evaluating individudal 23 - bd51166b496ce1b6. Mean loss in evaluation epoch: 0.3682458996772766, epochs needed: 200
evaluating individudal 24 - 4f1ddd43c7f4cc7b. Mean loss in evaluation epoch: 0.3681493103504181, epochs needed: 200
evaluating individudal 25 - 31a6b4f2006cf03d. Mean loss in evaluation epoch: 0.36774778366088867, epochs needed: 200
evaluating individudal 26 - cf4ad1bac430b6d3. Mean loss in evaluation epoch: 0.3673799932003021, epochs needed: 200
evaluating individudal 27 - 0f3e7bfea19a0cc6. Mean loss in evaluation epoch: 0.36546120047569275, epochs needed: 200
evaluating individudal 28 - f127655464e5b400. Mean loss in evaluation epoch: 0.36877402663230896, epochs needed: 200
evaluating individudal 29 - 4211b749c4e1856f. Mean loss in evaluation epoch: 0.3688259720802307, epochs needed: 200
evaluating individudal 0 - 58d5ada551020159. Mean loss in evaluation epoch: 0.36422547698020935, epochs needed: 200
evaluating individudal 1 - 97e00768095024bd. Mean loss in evaluation epoch: 0.3644259572029114, epochs needed: 200
evaluating individudal 2 - 8c7de1d87c840cdd. Mean loss in evaluation epoch: 0.36496230959892273, epochs needed: 200
evaluating individudal 3 - 3e5472e6093c883e. Mean loss in evaluation epoch: 0.36466488242149353, epochs needed: 200
evaluating individudal 4 - acd87f535441bd46. Mean loss in evaluation epoch: 0.36580976843833923, epochs needed: 200
evaluating individudal 5 - d4d9562e88222866. Mean loss in evaluation epoch: 0.36460596323013306, epochs needed: 200
evaluating individudal 6 - f118e4a76c81e9c0. Mean loss in evaluation epoch: 0.3655465543270111, epochs needed: 200
evaluating individudal 7 - fdf7c086552fcc11. Mean loss in evaluation epoch: 0.36520102620124817, epochs needed: 200
evaluating individudal 8 - 1f0ee1f89b8ebdf5. Mean loss in evaluation epoch: 0.36733749508857727, epochs needed: 200
evaluating individudal 9 - 03620a282f90189a. Mean loss in evaluation epoch: 0.3648250102996826, epochs needed: 200
Round 9 done. -----------------------------------------
------------------------- TRACKING ---------------------------
Matrix Hash: 58d5ada551020159, num_times_seen_before: 1
ACC: 0.9111111111111111
TPR/FPR: 1.0, 0.13793103448275862
Loss: 0.36422547698020935
Timestamp: 3613.344130926
---------------------------------------------------------------
evaluating individudal 0 - 4c8869a3c0981c55. Mean loss in evaluation epoch: 0.3660695552825928, epochs needed: 200
evaluating individudal 1 - 59902388700a4475. Mean loss in evaluation epoch: 0.368030846118927, epochs needed: 200
evaluating individudal 2 - cfe801617c51a061. Mean loss in evaluation epoch: 0.3676992356777191, epochs needed: 200
evaluating individudal 3 - 5cec80e4f71f957b. Mean loss in evaluation epoch: 0.36375150084495544, epochs needed: 200
evaluating individudal 4 - 16604f46bde6897d. Mean loss in evaluation epoch: 0.3705880641937256, epochs needed: 200
evaluating individudal 5 - c335912b789b0672. Mean loss in evaluation epoch: 0.3669902980327606, epochs needed: 200
evaluating individudal 6 - 6f211aec5f97a06d. Mean loss in evaluation epoch: 0.3654520809650421, epochs needed: 200
evaluating individudal 7 - f1267dadb760f9b4. Mean loss in evaluation epoch: 0.3714294135570526, epochs needed: 200
evaluating individudal 8 - b3766f552e84b775. Mean loss in evaluation epoch: 0.3686129152774811, epochs needed: 200
evaluating individudal 9 - 5d4d99b758597096. Mean loss in evaluation epoch: 0.36548396944999695, epochs needed: 200
evaluating individudal 10 - 1a2857e66089a1ff. Mean loss in evaluation epoch: 0.36753711104393005, epochs needed: 200
evaluating individudal 11 - 7c146b4683c1b740. Mean loss in evaluation epoch: 0.365011990070343, epochs needed: 200
evaluating individudal 12 - 94d875f15539f370. Mean loss in evaluation epoch: 0.37181469798088074, epochs needed: 200
evaluating individudal 13 - 8b7c1074a59230b0. Mean loss in evaluation epoch: 0.3671884536743164, epochs needed: 200
evaluating individudal 14 - 71b694e4ea134f1c. Mean loss in evaluation epoch: 0.36765751242637634, epochs needed: 200
evaluating individudal 15 - 19b8764cd9fdcf98. Mean loss in evaluation epoch: 0.3736288249492645, epochs needed: 200
evaluating individudal 16 - 159ce790d38e8684. Mean loss in evaluation epoch: 0.3700096309185028, epochs needed: 200
evaluating individudal 17 - 2d76693d1dae8cf3. Mean loss in evaluation epoch: 0.3711606562137604, epochs needed: 200
evaluating individudal 18 - 81c7e62d431ddc48. Mean loss in evaluation epoch: 0.3674846589565277, epochs needed: 200
evaluating individudal 19 - 5cec0226d1f34649. Mean loss in evaluation epoch: 0.36371228098869324, epochs needed: 200
evaluating individudal 20 - e474323285a7e3ae. Mean loss in evaluation epoch: 0.3700854480266571, epochs needed: 200
evaluating individudal 21 - 1735a02838700165. Mean loss in evaluation epoch: 0.36782193183898926, epochs needed: 200
evaluating individudal 22 - 7215995227247dec. Mean loss in evaluation epoch: 0.3640245795249939, epochs needed: 200
evaluating individudal 23 - cc42aba93bf3e9d9. Mean loss in evaluation epoch: 0.37035462260246277, epochs needed: 200
evaluating individudal 24 - 861187de25ef5946. Mean loss in evaluation epoch: 0.36868348717689514, epochs needed: 200
evaluating individudal 25 - 614ff010e76881b8. Mean loss in evaluation epoch: 0.36820679903030396, epochs needed: 200
evaluating individudal 26 - ed4fcbd600e199f4. Mean loss in evaluation epoch: 0.36886680126190186, epochs needed: 200
evaluating individudal 27 - 9969cb515a11d5d9. Mean loss in evaluation epoch: 0.3737027645111084, epochs needed: 200
evaluating individudal 28 - e7e0d81fa24f6af2. Mean loss in evaluation epoch: 0.3660305440425873, epochs needed: 200
evaluating individudal 29 - da251db0b0291c92. Mean loss in evaluation epoch: 0.37168294191360474, epochs needed: 200
evaluating individudal 0 - 58d5ada551020159. Mean loss in evaluation epoch: 0.36365213990211487, epochs needed: 200
evaluating individudal 1 - 97e00768095024bd. Mean loss in evaluation epoch: 0.36411795020103455, epochs needed: 200
evaluating individudal 2 - d4d9562e88222866. Mean loss in evaluation epoch: 0.3645535111427307, epochs needed: 200
evaluating individudal 3 - 3e5472e6093c883e. Mean loss in evaluation epoch: 0.36469826102256775, epochs needed: 200
evaluating individudal 4 - 03620a282f90189a. Mean loss in evaluation epoch: 0.3661917746067047, epochs needed: 200
evaluating individudal 5 - 8c7de1d87c840cdd. Mean loss in evaluation epoch: 0.36501461267471313, epochs needed: 200
evaluating individudal 6 - 8baca89093f1f50c. Mean loss in evaluation epoch: 0.36467012763023376, epochs needed: 200
evaluating individudal 7 - fdf7c086552fcc11. Mean loss in evaluation epoch: 0.36432796716690063, epochs needed: 200
evaluating individudal 8 - 46d7e7ffe7a9478f. Mean loss in evaluation epoch: 0.364916056394577, epochs needed: 200
evaluating individudal 9 - 0f3e7bfea19a0cc6. Mean loss in evaluation epoch: 0.36571043729782104, epochs needed: 200
Round 10 done. -----------------------------------------
------------------------- TRACKING ---------------------------
Matrix Hash: 58d5ada551020159, num_times_seen_before: 2
ACC: 0.9111111111111111
TPR/FPR: 1.0, 0.13793103448275862
Loss: 0.36365213990211487
Timestamp: 4006.531813796
---------------------------------------------------------------
evaluating individudal 0 - 6a62b8ca37988289. Mean loss in evaluation epoch: 0.3653813302516937, epochs needed: 200
evaluating individudal 1 - 67fb015c3e83e323. Mean loss in evaluation epoch: 0.36937421560287476, epochs needed: 200
evaluating individudal 2 - a2b86e6a5549a755. Mean loss in evaluation epoch: 0.37160348892211914, epochs needed: 200
evaluating individudal 3 - 0841abd0eee62dff. Mean loss in evaluation epoch: 0.36648067831993103, epochs needed: 200
evaluating individudal 4 - 6debef1a684e757d. Mean loss in evaluation epoch: 0.36455899477005005, epochs needed: 200
evaluating individudal 5 - 5eb550da145dcfe4. Mean loss in evaluation epoch: 0.3653784394264221, epochs needed: 200
evaluating individudal 6 - deb20ec449576e30. Mean loss in evaluation epoch: 0.36833322048187256, epochs needed: 200
evaluating individudal 7 - 2df955b99bbb63a1. Mean loss in evaluation epoch: 0.36506351828575134, epochs needed: 200
evaluating individudal 8 - e3011dcfc4f16a83. Mean loss in evaluation epoch: 0.3708115220069885, epochs needed: 200
evaluating individudal 9 - ac786b39d6b93357. Mean loss in evaluation epoch: 0.3691573739051819, epochs needed: 200
evaluating individudal 10 - 92b0463e80eae54f. Mean loss in evaluation epoch: 0.3667561113834381, epochs needed: 200
evaluating individudal 11 - d4217c792b5ba21b. Mean loss in evaluation epoch: 0.37251925468444824, epochs needed: 200
evaluating individudal 12 - 1aacadfa1b0b2897. Mean loss in evaluation epoch: 0.3710249364376068, epochs needed: 200
evaluating individudal 13 - 4221f387139de61a. Mean loss in evaluation epoch: 0.3654070198535919, epochs needed: 200
evaluating individudal 14 - c32572f7fe9f656f. Mean loss in evaluation epoch: 0.3659757673740387, epochs needed: 200
evaluating individudal 15 - 1e90e310baa315ce. Mean loss in evaluation epoch: 0.36721286177635193, epochs needed: 200
evaluating individudal 16 - c0446f7daaf1a069. Mean loss in evaluation epoch: 0.36767029762268066, epochs needed: 200
evaluating individudal 17 - 810212069276107b. Mean loss in evaluation epoch: 0.3652230203151703, epochs needed: 200
evaluating individudal 18 - 2c140ed2c12518bc. Mean loss in evaluation epoch: 0.37344780564308167, epochs needed: 200
evaluating individudal 19 - 6e374bd9ad5f7e39. Mean loss in evaluation epoch: 0.36679425835609436, epochs needed: 200
evaluating individudal 20 - 6a595e7df2a7c6d2. Mean loss in evaluation epoch: 0.36614006757736206, epochs needed: 200
evaluating individudal 21 - ec13afad7cb7ef21. Mean loss in evaluation epoch: 0.3702995479106903, epochs needed: 200
evaluating individudal 22 - 438b2b3104ab01a4. Mean loss in evaluation epoch: 0.36721718311309814, epochs needed: 200
evaluating individudal 23 - c4d175e3e38b97a7. Mean loss in evaluation epoch: 0.36571788787841797, epochs needed: 200
evaluating individudal 24 - a7ffdedb17b53f50. Mean loss in evaluation epoch: 0.36709046363830566, epochs needed: 200
evaluating individudal 25 - 602d22b0a28e05eb. Mean loss in evaluation epoch: 0.36632999777793884, epochs needed: 200
evaluating individudal 26 - 311b5251c3cce4e0. Mean loss in evaluation epoch: 0.3665253818035126, epochs needed: 200
evaluating individudal 27 - f35af46dacb91409. Mean loss in evaluation epoch: 0.36567312479019165, epochs needed: 200
evaluating individudal 28 - 9332488e86fec4f7. Mean loss in evaluation epoch: 0.374992311000824, epochs needed: 200
evaluating individudal 29 - e9b4730141e25a70. Mean loss in evaluation epoch: 0.37200042605400085, epochs needed: 200
evaluating individudal 0 - 58d5ada551020159. Mean loss in evaluation epoch: 0.36515459418296814, epochs needed: 200
evaluating individudal 1 - 5cec0226d1f34649. Mean loss in evaluation epoch: 0.3634573221206665, epochs needed: 200
evaluating individudal 2 - 5cec80e4f71f957b. Mean loss in evaluation epoch: 0.3653164803981781, epochs needed: 200
evaluating individudal 3 - 7215995227247dec. Mean loss in evaluation epoch: 0.3643169105052948, epochs needed: 200
evaluating individudal 4 - 97e00768095024bd. Mean loss in evaluation epoch: 0.36453089118003845, epochs needed: 200
evaluating individudal 5 - fdf7c086552fcc11. Mean loss in evaluation epoch: 0.3647000789642334, epochs needed: 200
evaluating individudal 6 - d4d9562e88222866. Mean loss in evaluation epoch: 0.36687883734703064, epochs needed: 200
evaluating individudal 7 - 8baca89093f1f50c. Mean loss in evaluation epoch: 0.364873468875885, epochs needed: 200
evaluating individudal 8 - 3e5472e6093c883e. Mean loss in evaluation epoch: 0.3652651309967041, epochs needed: 200
evaluating individudal 9 - 46d7e7ffe7a9478f. Mean loss in evaluation epoch: 0.3654789626598358, epochs needed: 200
Round 11 done. -----------------------------------------
------------------------- TRACKING ---------------------------
Matrix Hash: 5cec0226d1f34649, num_times_seen_before: 0
ACC: 0.9111111111111111
TPR/FPR: 1.0, 0.13793103448275862
Loss: 0.3634573221206665
Timestamp: 4400.930144133999
---------------------------------------------------------------
evaluating individudal 0 - c47fc177bf298036. Mean loss in evaluation epoch: 0.36677807569503784, epochs needed: 200
evaluating individudal 1 - 8c1c77c7a7378346. Mean loss in evaluation epoch: 0.3665308654308319, epochs needed: 200
evaluating individudal 2 - a794cc0731ece7b4. Mean loss in evaluation epoch: 0.3685154616832733, epochs needed: 200
evaluating individudal 3 - 4346e23d6e03193b. Mean loss in evaluation epoch: 0.36825963854789734, epochs needed: 200
evaluating individudal 4 - a0284e22d2b97753. Mean loss in evaluation epoch: 0.36751991510391235, epochs needed: 200
evaluating individudal 5 - 281d5595db10e32c. Mean loss in evaluation epoch: 0.3687824606895447, epochs needed: 200
evaluating individudal 6 - 1302acdf91c2e6e8. Mean loss in evaluation epoch: 0.3702041804790497, epochs needed: 200
evaluating individudal 7 - 70c902199b6bbc81. Mean loss in evaluation epoch: 0.3701590597629547, epochs needed: 200
evaluating individudal 8 - 3ca74dfcfb7d3c8c. Mean loss in evaluation epoch: 0.3750789165496826, epochs needed: 200
evaluating individudal 9 - ec3d24e415a27995. Mean loss in evaluation epoch: 0.36710885167121887, epochs needed: 200
evaluating individudal 10 - e559b54b3b80ee5d. Mean loss in evaluation epoch: 0.3798139691352844, epochs needed: 200
evaluating individudal 11 - 3873e199277096ac. Mean loss in evaluation epoch: 0.3656015396118164, epochs needed: 200
evaluating individudal 12 - ebde4b45ebdefd0f. Mean loss in evaluation epoch: 0.3645413815975189, epochs needed: 200
evaluating individudal 13 - 526e2e58980b9150. Mean loss in evaluation epoch: 0.3684646785259247, epochs needed: 200
evaluating individudal 14 - fb4b9fc3d1fcc9a2. Mean loss in evaluation epoch: 0.36792969703674316, epochs needed: 200
evaluating individudal 15 - e9b3f5a323c8d0f9. Mean loss in evaluation epoch: 0.3640024960041046, epochs needed: 200
evaluating individudal 16 - de2118bfaaed0086. Mean loss in evaluation epoch: 0.3664054572582245, epochs needed: 200
evaluating individudal 17 - c3382d53f66601e5. Mean loss in evaluation epoch: 0.36895546317100525, epochs needed: 200
evaluating individudal 18 - 28ee3bc8fa1cd9bc. Mean loss in evaluation epoch: 0.36661431193351746, epochs needed: 200
evaluating individudal 19 - ff91d4613252a195. Mean loss in evaluation epoch: 0.36967310309410095, epochs needed: 200
evaluating individudal 20 - f87c2ebdcac65f45. Mean loss in evaluation epoch: 0.36918362975120544, epochs needed: 200
evaluating individudal 21 - 4051c268e9a5af08. Mean loss in evaluation epoch: 0.3664979338645935, epochs needed: 200
evaluating individudal 22 - 4563e9c8e0ea4734. Mean loss in evaluation epoch: 0.36898261308670044, epochs needed: 200
evaluating individudal 23 - 2d7732fcff48e59b. Mean loss in evaluation epoch: 0.3683149516582489, epochs needed: 200
evaluating individudal 24 - 58ef38bff4d76b3f. Mean loss in evaluation epoch: 0.36670637130737305, epochs needed: 200
evaluating individudal 25 - 4d567fe4ef93e812. Mean loss in evaluation epoch: 0.3675774037837982, epochs needed: 200
evaluating individudal 26 - d78e255076192009. Mean loss in evaluation epoch: 0.3693408966064453, epochs needed: 200
evaluating individudal 27 - 5c9a4183436e93c2. Mean loss in evaluation epoch: 0.3685730993747711, epochs needed: 200
evaluating individudal 28 - a7906f8173c879d6. Mean loss in evaluation epoch: 0.3675782382488251, epochs needed: 200
evaluating individudal 29 - 4c277afa171a7f37. Mean loss in evaluation epoch: 0.3710593283176422, epochs needed: 200
evaluating individudal 0 - 5cec0226d1f34649. Mean loss in evaluation epoch: 0.3630610406398773, epochs needed: 200
evaluating individudal 1 - 7215995227247dec. Mean loss in evaluation epoch: 0.3648318946361542, epochs needed: 200
evaluating individudal 2 - 97e00768095024bd. Mean loss in evaluation epoch: 0.36477336287498474, epochs needed: 200
evaluating individudal 3 - 6debef1a684e757d. Mean loss in evaluation epoch: 0.36470064520835876, epochs needed: 200
evaluating individudal 4 - fdf7c086552fcc11. Mean loss in evaluation epoch: 0.36435267329216003, epochs needed: 200
evaluating individudal 5 - 8baca89093f1f50c. Mean loss in evaluation epoch: 0.36498013138771057, epochs needed: 200
evaluating individudal 6 - 2df955b99bbb63a1. Mean loss in evaluation epoch: 0.3652077615261078, epochs needed: 200
evaluating individudal 7 - 58d5ada551020159. Mean loss in evaluation epoch: 0.3640223443508148, epochs needed: 200
evaluating individudal 8 - 810212069276107b. Mean loss in evaluation epoch: 0.36501726508140564, epochs needed: 200
evaluating individudal 9 - 3e5472e6093c883e. Mean loss in evaluation epoch: 0.36455801129341125, epochs needed: 200
Round 12 done. -----------------------------------------
------------------------- TRACKING ---------------------------
Matrix Hash: 5cec0226d1f34649, num_times_seen_before: 1
ACC: 0.9111111111111111
TPR/FPR: 1.0, 0.13793103448275862
Loss: 0.3630610406398773
Timestamp: 4814.181622687
---------------------------------------------------------------
evaluating individudal 0 - 49f693fdaa0021d1. Mean loss in evaluation epoch: 0.3692739009857178, epochs needed: 200
evaluating individudal 1 - 83926e9a62ce3de4. Mean loss in evaluation epoch: 0.3668603301048279, epochs needed: 200
evaluating individudal 2 - c9fd99f801b2f4f7. Mean loss in evaluation epoch: 0.3641938865184784, epochs needed: 200
evaluating individudal 3 - d7afdb9c4b4b1018. Mean loss in evaluation epoch: 0.36897802352905273, epochs needed: 200
evaluating individudal 4 - cabd19dd92c44c19. Mean loss in evaluation epoch: 0.37162134051322937, epochs needed: 200
evaluating individudal 5 - a6a431a50c439ed5. Mean loss in evaluation epoch: 0.3645506799221039, epochs needed: 200
evaluating individudal 6 - 250f288af193f4a0. Mean loss in evaluation epoch: 0.3658429682254791, epochs needed: 200
evaluating individudal 7 - b1188a074fe8b0f6. Mean loss in evaluation epoch: 0.36800846457481384, epochs needed: 200
evaluating individudal 8 - 2df5ac7cf2436e77. Mean loss in evaluation epoch: 0.3669167160987854, epochs needed: 200
evaluating individudal 9 - f475074c8bb2f299. Mean loss in evaluation epoch: 0.3696819245815277, epochs needed: 200
evaluating individudal 10 - a8701d1601e087ee. Mean loss in evaluation epoch: 0.3678712546825409, epochs needed: 200
evaluating individudal 11 - 95c10a43c85d1130. Mean loss in evaluation epoch: 0.3705170154571533, epochs needed: 200
evaluating individudal 12 - a5693179aac685a5. Mean loss in evaluation epoch: 0.3727218210697174, epochs needed: 200
evaluating individudal 13 - fd3910865c8c33f8. Mean loss in evaluation epoch: 0.36777177453041077, epochs needed: 200
evaluating individudal 14 - a3cf3e56fc2b65cd. Mean loss in evaluation epoch: 0.3694896101951599, epochs needed: 200
evaluating individudal 15 - f4ec8a2a395602c0. Mean loss in evaluation epoch: 0.3671163022518158, epochs needed: 200
evaluating individudal 16 - f30faf7352dacb2b. Mean loss in evaluation epoch: 0.3652152121067047, epochs needed: 200
evaluating individudal 17 - 8078f32916c63da6. Mean loss in evaluation epoch: 0.36820539832115173, epochs needed: 200
evaluating individudal 18 - 583afca13f979c61. Mean loss in evaluation epoch: 0.3704538941383362, epochs needed: 200
evaluating individudal 19 - 900d8a59139c4604. Mean loss in evaluation epoch: 0.36312922835350037, epochs needed: 200
evaluating individudal 20 - 8d0cb5d25e223350. Mean loss in evaluation epoch: 0.37313002347946167, epochs needed: 200
evaluating individudal 21 - 7cab9a66f378c4c2. Mean loss in evaluation epoch: 0.372050404548645, epochs needed: 200
evaluating individudal 22 - 8bc77de2b3eec4dd. Mean loss in evaluation epoch: 0.3687385022640228, epochs needed: 200
evaluating individudal 23 - 529aa789ed5917a1. Mean loss in evaluation epoch: 0.36709490418434143, epochs needed: 200
evaluating individudal 24 - 2276cf99844d6ed7. Mean loss in evaluation epoch: 0.3650263249874115, epochs needed: 200
evaluating individudal 25 - 8d321264b306b9b3. Mean loss in evaluation epoch: 0.3695235848426819, epochs needed: 200
evaluating individudal 26 - c7cc2e5aaa95c0cd. Mean loss in evaluation epoch: 0.3626932203769684, epochs needed: 200
evaluating individudal 27 - 4dd262c478e7832c. Mean loss in evaluation epoch: 0.36581873893737793, epochs needed: 200
evaluating individudal 28 - c97a3775f0803a01. Mean loss in evaluation epoch: 0.3679252862930298, epochs needed: 200
evaluating individudal 29 - 2e1c8aeda3a6958c. Mean loss in evaluation epoch: 0.3642045557498932, epochs needed: 200
evaluating individudal 0 - 5cec0226d1f34649. Mean loss in evaluation epoch: 0.36331456899642944, epochs needed: 200
evaluating individudal 1 - e9b3f5a323c8d0f9. Mean loss in evaluation epoch: 0.36398959159851074, epochs needed: 200
evaluating individudal 2 - 58d5ada551020159. Mean loss in evaluation epoch: 0.36471620202064514, epochs needed: 200
evaluating individudal 3 - fdf7c086552fcc11. Mean loss in evaluation epoch: 0.36481502652168274, epochs needed: 200
evaluating individudal 4 - ebde4b45ebdefd0f. Mean loss in evaluation epoch: 0.36571580171585083, epochs needed: 200
evaluating individudal 5 - 3e5472e6093c883e. Mean loss in evaluation epoch: 0.36459195613861084, epochs needed: 200
evaluating individudal 6 - 6debef1a684e757d. Mean loss in evaluation epoch: 0.36497968435287476, epochs needed: 200
evaluating individudal 7 - 97e00768095024bd. Mean loss in evaluation epoch: 0.3642136752605438, epochs needed: 200
evaluating individudal 8 - 7215995227247dec. Mean loss in evaluation epoch: 0.36461758613586426, epochs needed: 200
evaluating individudal 9 - 8baca89093f1f50c. Mean loss in evaluation epoch: 0.3650403916835785, epochs needed: 200
Round 13 done. -----------------------------------------
------------------------- TRACKING ---------------------------
Matrix Hash: c7cc2e5aaa95c0cd, num_times_seen_before: 0
ACC: 1.0
TPR/FPR: 1.0, 0.0
Loss: 0.3626932203769684
Timestamp: 5228.558058719
---------------------------------------------------------------
evaluating individudal 0 - d0735b8bb3b19152. Mean loss in evaluation epoch: 0.36958780884742737, epochs needed: 200
evaluating individudal 1 - e56ccb1c370c3361. Mean loss in evaluation epoch: 0.3674980700016022, epochs needed: 200
evaluating individudal 2 - e6b368fed8a12c3f. Mean loss in evaluation epoch: 0.36476483941078186, epochs needed: 200
evaluating individudal 3 - 7e2d649b32885653. Mean loss in evaluation epoch: 0.3685327470302582, epochs needed: 200
evaluating individudal 4 - 39cf3c6d60b7a05d. Mean loss in evaluation epoch: 0.3661167025566101, epochs needed: 200
evaluating individudal 5 - 2a1e9db88baeec2c. Mean loss in evaluation epoch: 0.3631690442562103, epochs needed: 200
evaluating individudal 6 - 924dd5292e768d0f. Mean loss in evaluation epoch: 0.3694736957550049, epochs needed: 200
evaluating individudal 7 - d0c82efe2bce08c8. Mean loss in evaluation epoch: 0.36648041009902954, epochs needed: 200
evaluating individudal 8 - 0af37692a4efaf0b. Mean loss in evaluation epoch: 0.3692721128463745, epochs needed: 200
evaluating individudal 9 - 025889d0cdd53b3f. Mean loss in evaluation epoch: 0.3655725121498108, epochs needed: 200
evaluating individudal 10 - f48972880205b26b. Mean loss in evaluation epoch: 0.36754024028778076, epochs needed: 200
evaluating individudal 11 - 6c30cae53034131f. Mean loss in evaluation epoch: 0.3646366596221924, epochs needed: 200
evaluating individudal 12 - 5c0362b0ba28ce7b. Mean loss in evaluation epoch: 0.3691192865371704, epochs needed: 200
evaluating individudal 13 - 6d7248a92f883a96. Mean loss in evaluation epoch: 0.36744198203086853, epochs needed: 200
evaluating individudal 14 - ea615dc40496ede2. Mean loss in evaluation epoch: 0.3738847076892853, epochs needed: 200
evaluating individudal 15 - 5297851f55fb48f7. Mean loss in evaluation epoch: 0.3712923526763916, epochs needed: 200
evaluating individudal 16 - efdbf89bf6e70cca. Mean loss in evaluation epoch: 0.37002649903297424, epochs needed: 200
evaluating individudal 17 - b1d802db9c6807e7. Mean loss in evaluation epoch: 0.3669121265411377, epochs needed: 200
evaluating individudal 18 - 3ce811d702b94b9d. Mean loss in evaluation epoch: 0.3736271560192108, epochs needed: 200
evaluating individudal 19 - db055af51ab64874. Mean loss in evaluation epoch: 0.37366196513175964, epochs needed: 200
evaluating individudal 20 - 01b3f25f737fa9de. Mean loss in evaluation epoch: 0.37037354707717896, epochs needed: 200
evaluating individudal 21 - c9edc3cf8e873775. Mean loss in evaluation epoch: 0.36640414595603943, epochs needed: 200
evaluating individudal 22 - 636ac179af43d32c. Mean loss in evaluation epoch: 0.3663608729839325, epochs needed: 200
evaluating individudal 23 - 35b22d3a4398449a. Mean loss in evaluation epoch: 0.36769652366638184, epochs needed: 200
evaluating individudal 24 - c8aa62162d002fec. Mean loss in evaluation epoch: 0.3661052882671356, epochs needed: 200
evaluating individudal 25 - a1ca4c4f54122e62. Mean loss in evaluation epoch: 0.3701264560222626, epochs needed: 200
evaluating individudal 26 - 5749e17ba35f52c3. Mean loss in evaluation epoch: 0.36665308475494385, epochs needed: 200
evaluating individudal 27 - 37694f916dd07d71. Mean loss in evaluation epoch: 0.3704051077365875, epochs needed: 200
evaluating individudal 28 - da0fd4c0cb35a738. Mean loss in evaluation epoch: 0.366727352142334, epochs needed: 200
evaluating individudal 29 - b2ee3c88dfc5b410. Mean loss in evaluation epoch: 0.37084561586380005, epochs needed: 200
evaluating individudal 0 - c7cc2e5aaa95c0cd. Mean loss in evaluation epoch: 0.3628506362438202, epochs needed: 200
evaluating individudal 1 - 900d8a59139c4604. Mean loss in evaluation epoch: 0.36321374773979187, epochs needed: 200
evaluating individudal 2 - 5cec0226d1f34649. Mean loss in evaluation epoch: 0.36282798647880554, epochs needed: 200
evaluating individudal 3 - e9b3f5a323c8d0f9. Mean loss in evaluation epoch: 0.36411404609680176, epochs needed: 200
evaluating individudal 4 - c9fd99f801b2f4f7. Mean loss in evaluation epoch: 0.3642894923686981, epochs needed: 200
evaluating individudal 5 - 2e1c8aeda3a6958c. Mean loss in evaluation epoch: 0.3659397065639496, epochs needed: 200
evaluating individudal 6 - 97e00768095024bd. Mean loss in evaluation epoch: 0.36524784564971924, epochs needed: 200
evaluating individudal 7 - a6a431a50c439ed5. Mean loss in evaluation epoch: 0.3644423484802246, epochs needed: 200
evaluating individudal 8 - 3e5472e6093c883e. Mean loss in evaluation epoch: 0.3649333715438843, epochs needed: 200
evaluating individudal 9 - 7215995227247dec. Mean loss in evaluation epoch: 0.3637762665748596, epochs needed: 200
Round 14 done. -----------------------------------------
------------------------- TRACKING ---------------------------
Matrix Hash: 5cec0226d1f34649, num_times_seen_before: 2
ACC: 0.9111111111111111
TPR/FPR: 1.0, 0.13793103448275862
Loss: 0.36282798647880554
Timestamp: 5638.799446948
---------------------------------------------------------------
evaluating individudal 0 - c91eef791188656f. Mean loss in evaluation epoch: 0.36905017495155334, epochs needed: 200
evaluating individudal 1 - 650701dc3decbc36. Mean loss in evaluation epoch: 0.3668370544910431, epochs needed: 200
evaluating individudal 2 - b574f82601808750. Mean loss in evaluation epoch: 0.3705878257751465, epochs needed: 200
evaluating individudal 3 - 46225f331b0c2dfd. Mean loss in evaluation epoch: 0.3675537407398224, epochs needed: 200
evaluating individudal 4 - bbd45698605ed95f. Mean loss in evaluation epoch: 0.36837655305862427, epochs needed: 200
evaluating individudal 5 - 716eda45abc17f44. Mean loss in evaluation epoch: 0.37168750166893005, epochs needed: 200
evaluating individudal 6 - 3363f9712487009f. Mean loss in evaluation epoch: 0.36684927344322205, epochs needed: 200
evaluating individudal 7 - ddb36669a80bf1fb. Mean loss in evaluation epoch: 0.37073278427124023, epochs needed: 200
evaluating individudal 8 - 17beac3374c5ec5c. Mean loss in evaluation epoch: 0.3648989796638489, epochs needed: 200
evaluating individudal 9 - 31383d00f9db7577. Mean loss in evaluation epoch: 0.37130051851272583, epochs needed: 200
evaluating individudal 10 - 23fd387e7e1f6d2c. Mean loss in evaluation epoch: 0.3645722568035126, epochs needed: 200
evaluating individudal 11 - 75904f805e6f87b5. Mean loss in evaluation epoch: 0.37242433428764343, epochs needed: 200
evaluating individudal 12 - e8b3ec4ef769e2cd. Mean loss in evaluation epoch: 0.37143322825431824, epochs needed: 200
evaluating individudal 13 - 8b0aebe892a59cac. Mean loss in evaluation epoch: 0.3683583438396454, epochs needed: 200
evaluating individudal 14 - 46a93933e431037a. Mean loss in evaluation epoch: 0.36654597520828247, epochs needed: 200
evaluating individudal 15 - ea6cb77fdd2a1873. Mean loss in evaluation epoch: 0.36581990122795105, epochs needed: 200
evaluating individudal 16 - c6fe9d6ced35c277. Mean loss in evaluation epoch: 0.3694760203361511, epochs needed: 200
evaluating individudal 17 - ce2ff930434f6766. Mean loss in evaluation epoch: 0.3715214431285858, epochs needed: 200
evaluating individudal 18 - 4ff6524ddfedd489. Mean loss in evaluation epoch: 0.36722972989082336, epochs needed: 200
evaluating individudal 19 - 0012656d3d7d311a. Mean loss in evaluation epoch: 0.37457945942878723, epochs needed: 200
evaluating individudal 20 - 818d37ebe9b5ff36. Mean loss in evaluation epoch: 0.3665125072002411, epochs needed: 200
evaluating individudal 21 - 293484cac90b280d. Mean loss in evaluation epoch: 0.36932048201560974, epochs needed: 200
evaluating individudal 22 - 6c92780f51d89e7d. Mean loss in evaluation epoch: 0.364107221364975, epochs needed: 200
evaluating individudal 23 - 0a9e5cf717e3973f. Mean loss in evaluation epoch: 0.366073340177536, epochs needed: 200
evaluating individudal 24 - 6c90f5803b45f980. Mean loss in evaluation epoch: 0.36888837814331055, epochs needed: 200
evaluating individudal 25 - 4b32847ad2fbec97. Mean loss in evaluation epoch: 0.3711911141872406, epochs needed: 200
evaluating individudal 26 - 4ce68688c910cd38. Mean loss in evaluation epoch: 0.36408552527427673, epochs needed: 200
evaluating individudal 27 - 86df48dd08ff1b4f. Mean loss in evaluation epoch: 0.3731560707092285, epochs needed: 200
evaluating individudal 28 - cd918dc9232776fe. Mean loss in evaluation epoch: 0.3660306930541992, epochs needed: 200
evaluating individudal 29 - 6eb6cc260e4952f3. Mean loss in evaluation epoch: 0.36495617032051086, epochs needed: 200
evaluating individudal 0 - 5cec0226d1f34649. Mean loss in evaluation epoch: 0.3627408444881439, epochs needed: 200
evaluating individudal 1 - c7cc2e5aaa95c0cd. Mean loss in evaluation epoch: 0.36255186796188354, epochs needed: 200
evaluating individudal 2 - 2a1e9db88baeec2c. Mean loss in evaluation epoch: 0.3633277416229248, epochs needed: 200
evaluating individudal 3 - 900d8a59139c4604. Mean loss in evaluation epoch: 0.3629496693611145, epochs needed: 200
evaluating individudal 4 - 7215995227247dec. Mean loss in evaluation epoch: 0.36443468928337097, epochs needed: 200
evaluating individudal 5 - e9b3f5a323c8d0f9. Mean loss in evaluation epoch: 0.3638432025909424, epochs needed: 200
evaluating individudal 6 - c9fd99f801b2f4f7. Mean loss in evaluation epoch: 0.3643845319747925, epochs needed: 200
evaluating individudal 7 - a6a431a50c439ed5. Mean loss in evaluation epoch: 0.36439380049705505, epochs needed: 200
evaluating individudal 8 - 6c30cae53034131f. Mean loss in evaluation epoch: 0.3646700084209442, epochs needed: 200
evaluating individudal 9 - e6b368fed8a12c3f. Mean loss in evaluation epoch: 0.3640771508216858, epochs needed: 200
Round 15 done. -----------------------------------------
------------------------- TRACKING ---------------------------
Matrix Hash: c7cc2e5aaa95c0cd, num_times_seen_before: 1
ACC: 1.0
TPR/FPR: 1.0, 0.0
Loss: 0.36255186796188354
Timestamp: 6044.490288026
---------------------------------------------------------------
evaluating individudal 0 - e84b504352c74270. Mean loss in evaluation epoch: 0.3716171085834503, epochs needed: 200
evaluating individudal 1 - 94c1c7c19b16fe60. Mean loss in evaluation epoch: 0.3697308301925659, epochs needed: 200
evaluating individudal 2 - f5ded4c978fc6650. Mean loss in evaluation epoch: 0.3679029047489166, epochs needed: 200
evaluating individudal 3 - 386df88e326b23ed. Mean loss in evaluation epoch: 0.36854952573776245, epochs needed: 200
evaluating individudal 4 - 6c92780f51d89e7d. Mean loss in evaluation epoch: 0.3646547794342041, epochs needed: 200
evaluating individudal 5 - ad44715068424034. Mean loss in evaluation epoch: 0.36532655358314514, epochs needed: 200
evaluating individudal 6 - b6f3f44d8e11daf8. Mean loss in evaluation epoch: 0.37357911467552185, epochs needed: 200
evaluating individudal 7 - f4f4e8f816539f8f. Mean loss in evaluation epoch: 0.374793142080307, epochs needed: 200
evaluating individudal 8 - c6f49c8979f2b6be. Mean loss in evaluation epoch: 0.36990076303482056, epochs needed: 200
evaluating individudal 9 - 00f133d2c5b00686. Mean loss in evaluation epoch: 0.3693419396877289, epochs needed: 200
evaluating individudal 10 - 059c5a908b219ab5. Mean loss in evaluation epoch: 0.3673226535320282, epochs needed: 200
evaluating individudal 11 - 009cbadb4883c51e. Mean loss in evaluation epoch: 0.36619433760643005, epochs needed: 200
evaluating individudal 12 - 47f7b4970b5e02ff. Mean loss in evaluation epoch: 0.3677879273891449, epochs needed: 200
evaluating individudal 13 - 02b81b062513938b. Mean loss in evaluation epoch: 0.3673386573791504, epochs needed: 200
evaluating individudal 14 - 63b3ae167fb77de9. Mean loss in evaluation epoch: 0.3720095753669739, epochs needed: 200
evaluating individudal 15 - 926b384ae0b3c16e. Mean loss in evaluation epoch: 0.37025532126426697, epochs needed: 200
evaluating individudal 16 - 886cca82c0ed27e0. Mean loss in evaluation epoch: 0.36843982338905334, epochs needed: 200
evaluating individudal 17 - 7227600596967a05. Mean loss in evaluation epoch: 0.37678414583206177, epochs needed: 200
evaluating individudal 18 - 5daa11a2b9555c44. Mean loss in evaluation epoch: 0.36847320199012756, epochs needed: 200
evaluating individudal 19 - e3d040a731669f17. Mean loss in evaluation epoch: 0.36571794748306274, epochs needed: 200
evaluating individudal 20 - 1ad69a12e9dc5924. Mean loss in evaluation epoch: 0.36725544929504395, epochs needed: 200
evaluating individudal 21 - 4134e0650a47c60b. Mean loss in evaluation epoch: 0.36494943499565125, epochs needed: 200
evaluating individudal 22 - 7a60a57ac1abfc5a. Mean loss in evaluation epoch: 0.3687363862991333, epochs needed: 200
evaluating individudal 23 - e7881db2a9dd2a93. Mean loss in evaluation epoch: 0.3693679869174957, epochs needed: 200
evaluating individudal 24 - 4cf5a2ba58849fa6. Mean loss in evaluation epoch: 0.36891239881515503, epochs needed: 200
evaluating individudal 25 - 1b90f0485a005d3d. Mean loss in evaluation epoch: 0.3636082112789154, epochs needed: 200
evaluating individudal 26 - e935fe4b596d1d37. Mean loss in evaluation epoch: 0.3665442168712616, epochs needed: 200
evaluating individudal 27 - 8b82d3a8ea27cc32. Mean loss in evaluation epoch: 0.3675008714199066, epochs needed: 200
evaluating individudal 28 - d15886961df501df. Mean loss in evaluation epoch: 0.3663194179534912, epochs needed: 200
evaluating individudal 29 - 876e26e032d4216d. Mean loss in evaluation epoch: 0.36644312739372253, epochs needed: 200
evaluating individudal 0 - c7cc2e5aaa95c0cd. Mean loss in evaluation epoch: 0.3626326620578766, epochs needed: 200
evaluating individudal 1 - 5cec0226d1f34649. Mean loss in evaluation epoch: 0.36471089720726013, epochs needed: 200
evaluating individudal 2 - 900d8a59139c4604. Mean loss in evaluation epoch: 0.36365410685539246, epochs needed: 200
evaluating individudal 3 - 2a1e9db88baeec2c. Mean loss in evaluation epoch: 0.36326202750205994, epochs needed: 200
evaluating individudal 4 - e9b3f5a323c8d0f9. Mean loss in evaluation epoch: 0.3645075261592865, epochs needed: 200
evaluating individudal 5 - e6b368fed8a12c3f. Mean loss in evaluation epoch: 0.36434507369995117, epochs needed: 200
evaluating individudal 6 - 4ce68688c910cd38. Mean loss in evaluation epoch: 0.3641270697116852, epochs needed: 200
evaluating individudal 7 - 6c92780f51d89e7d. Mean loss in evaluation epoch: 0.36365967988967896, epochs needed: 200
evaluating individudal 8 - c9fd99f801b2f4f7. Mean loss in evaluation epoch: 0.3645573556423187, epochs needed: 200
evaluating individudal 9 - a6a431a50c439ed5. Mean loss in evaluation epoch: 0.3642537295818329, epochs needed: 200
Round 16 done. -----------------------------------------
------------------------- TRACKING ---------------------------
Matrix Hash: c7cc2e5aaa95c0cd, num_times_seen_before: 2
ACC: 1.0
TPR/FPR: 1.0, 0.0
Loss: 0.3626326620578766
Timestamp: 6453.401588465
---------------------------------------------------------------
evaluating individudal 0 - 3b39a08c2b4bf8db. Mean loss in evaluation epoch: 0.36475762724876404, epochs needed: 200
evaluating individudal 1 - 3cb5c3bfd4a0df37. Mean loss in evaluation epoch: 0.36989712715148926, epochs needed: 200
evaluating individudal 2 - d30bff9b23640ea2. Mean loss in evaluation epoch: 0.3705388307571411, epochs needed: 200
evaluating individudal 3 - dac11403d4b25025. Mean loss in evaluation epoch: 0.3661060929298401, epochs needed: 200
evaluating individudal 4 - c19db54eeb45fc6c. Mean loss in evaluation epoch: 0.3724915087223053, epochs needed: 200
evaluating individudal 5 - 17e1eed2ea7ade09. Mean loss in evaluation epoch: 0.36750587821006775, epochs needed: 200
evaluating individudal 6 - 8d4e2b6bc273e17b. Mean loss in evaluation epoch: 0.36739030480384827, epochs needed: 200
evaluating individudal 7 - 77e9734622892ff2. Mean loss in evaluation epoch: 0.3660498261451721, epochs needed: 200
evaluating individudal 8 - 31dab605bcd8fbfc. Mean loss in evaluation epoch: 0.364850789308548, epochs needed: 200
evaluating individudal 9 - f2a8c50d057b67fd. Mean loss in evaluation epoch: 0.3711460530757904, epochs needed: 200
evaluating individudal 10 - effc362a687fd76e. Mean loss in evaluation epoch: 0.366339772939682, epochs needed: 200
evaluating individudal 11 - a6bcf2c91670a903. Mean loss in evaluation epoch: 0.3736802935600281, epochs needed: 200
evaluating individudal 12 - a8bd9acc910599f2. Mean loss in evaluation epoch: 0.36940112709999084, epochs needed: 200
evaluating individudal 13 - 5a872d6d8afe9c12. Mean loss in evaluation epoch: 0.3715746998786926, epochs needed: 200
evaluating individudal 14 - 16c4d40ffa72d751. Mean loss in evaluation epoch: 0.3726349472999573, epochs needed: 200
evaluating individudal 15 - e0c10cec90da3a68. Mean loss in evaluation epoch: 0.3670256435871124, epochs needed: 200
evaluating individudal 16 - 7da7cb6adb1c5f7b. Mean loss in evaluation epoch: 0.368236780166626, epochs needed: 200
evaluating individudal 17 - 7df835b61e141097. Mean loss in evaluation epoch: 0.3689102530479431, epochs needed: 200
evaluating individudal 18 - 0814d0801ca9847d. Mean loss in evaluation epoch: 0.3665917217731476, epochs needed: 200
evaluating individudal 19 - af4234c2363e8811. Mean loss in evaluation epoch: 0.37129759788513184, epochs needed: 200
evaluating individudal 20 - 76e6df3f61edb228. Mean loss in evaluation epoch: 0.37286248803138733, epochs needed: 200
evaluating individudal 21 - fede66f557f795ee. Mean loss in evaluation epoch: 0.3706377148628235, epochs needed: 200
evaluating individudal 22 - 8f354b090bda04a3. Mean loss in evaluation epoch: 0.36984992027282715, epochs needed: 200
evaluating individudal 23 - 9ab72d2c4737eed2. Mean loss in evaluation epoch: 0.37074142694473267, epochs needed: 200
evaluating individudal 24 - 204a736d8a1c8328. Mean loss in evaluation epoch: 0.3651740550994873, epochs needed: 200
evaluating individudal 25 - 081b4085e80e65b0. Mean loss in evaluation epoch: 0.3726160526275635, epochs needed: 200
evaluating individudal 26 - dd8411af3c02a4cf. Mean loss in evaluation epoch: 0.36691781878471375, epochs needed: 200
evaluating individudal 27 - afb5eeb891528f54. Mean loss in evaluation epoch: 0.36970141530036926, epochs needed: 200
evaluating individudal 28 - ca0186047eadfe2a. Mean loss in evaluation epoch: 0.3684261441230774, epochs needed: 200
evaluating individudal 29 - 784be8ff5692fc5c. Mean loss in evaluation epoch: 0.3690800368785858, epochs needed: 200
evaluating individudal 0 - c7cc2e5aaa95c0cd. Mean loss in evaluation epoch: 0.3626278340816498, epochs needed: 200
evaluating individudal 1 - 2a1e9db88baeec2c. Mean loss in evaluation epoch: 0.3630920648574829, epochs needed: 200
evaluating individudal 2 - 1b90f0485a005d3d. Mean loss in evaluation epoch: 0.36372026801109314, epochs needed: 200
evaluating individudal 3 - 900d8a59139c4604. Mean loss in evaluation epoch: 0.36394795775413513, epochs needed: 200
evaluating individudal 4 - 6c92780f51d89e7d. Mean loss in evaluation epoch: 0.3644990622997284, epochs needed: 200
evaluating individudal 5 - 4ce68688c910cd38. Mean loss in evaluation epoch: 0.36426469683647156, epochs needed: 200
evaluating individudal 6 - a6a431a50c439ed5. Mean loss in evaluation epoch: 0.36425188183784485, epochs needed: 200
evaluating individudal 7 - e6b368fed8a12c3f. Mean loss in evaluation epoch: 0.3642582595348358, epochs needed: 200
evaluating individudal 8 - e9b3f5a323c8d0f9. Mean loss in evaluation epoch: 0.3637773394584656, epochs needed: 200
evaluating individudal 9 - c9fd99f801b2f4f7. Mean loss in evaluation epoch: 0.3643762171268463, epochs needed: 200
Round 17 done. -----------------------------------------
------------------------- TRACKING ---------------------------
Matrix Hash: c7cc2e5aaa95c0cd, num_times_seen_before: 3
ACC: 1.0
TPR/FPR: 1.0, 0.0
Loss: 0.3626278340816498
Timestamp: 6894.1122058089995
---------------------------------------------------------------
evaluating individudal 0 - c0a1252a2198da6c. Mean loss in evaluation epoch: 0.3706047236919403, epochs needed: 200
evaluating individudal 1 - 323834f23a4086d8. Mean loss in evaluation epoch: 0.3658614456653595, epochs needed: 200
evaluating individudal 2 - 13c8e1b20621365e. Mean loss in evaluation epoch: 0.3678421676158905, epochs needed: 200
evaluating individudal 3 - 45ff4e7c6a78fc2c. Mean loss in evaluation epoch: 0.3648137152194977, epochs needed: 200
evaluating individudal 4 - 70b56dd92bbcf1c8. Mean loss in evaluation epoch: 0.3674110174179077, epochs needed: 200
evaluating individudal 5 - f4f9860bb706d77c. Mean loss in evaluation epoch: 0.3695378005504608, epochs needed: 200
evaluating individudal 6 - c725d015c0ce6fa5. Mean loss in evaluation epoch: 0.3729107975959778, epochs needed: 200
evaluating individudal 7 - c60bdc19355604c0. Mean loss in evaluation epoch: 0.3651145100593567, epochs needed: 200
evaluating individudal 8 - 0485e1f80566a361. Mean loss in evaluation epoch: 0.37274104356765747, epochs needed: 200
evaluating individudal 9 - a8b0bffd20435746. Mean loss in evaluation epoch: 0.37279051542282104, epochs needed: 200
evaluating individudal 10 - 9561b8d8f36f09e6. Mean loss in evaluation epoch: 0.36699149012565613, epochs needed: 200
evaluating individudal 11 - 5f05838f5790d25b. Mean loss in evaluation epoch: 0.3723275661468506, epochs needed: 200
evaluating individudal 12 - 5b3626b02d084b16. Mean loss in evaluation epoch: 0.3666658401489258, epochs needed: 200
evaluating individudal 13 - 1836e3f2c28f7f79. Mean loss in evaluation epoch: 0.371311753988266, epochs needed: 200
evaluating individudal 14 - 6eb6cc260e4952f3. Mean loss in evaluation epoch: 0.36530348658561707, epochs needed: 200
evaluating individudal 15 - 83e48f1bf78bc75e. Mean loss in evaluation epoch: 0.37146517634391785, epochs needed: 200
evaluating individudal 16 - 75a3c863b66ea5dc. Mean loss in evaluation epoch: 0.3728127181529999, epochs needed: 200
evaluating individudal 17 - 0aceb0a7943fb25e. Mean loss in evaluation epoch: 0.3645084798336029, epochs needed: 200
evaluating individudal 18 - 6738bd12d5c8170f. Mean loss in evaluation epoch: 0.36947962641716003, epochs needed: 200
evaluating individudal 19 - 4adb9d7e612d8f5e. Mean loss in evaluation epoch: 0.3695615231990814, epochs needed: 200
evaluating individudal 20 - f436688603414a1f. Mean loss in evaluation epoch: 0.37476542592048645, epochs needed: 200
evaluating individudal 21 - b0ea1bee73b22ee7. Mean loss in evaluation epoch: 0.3680408000946045, epochs needed: 200
evaluating individudal 22 - e6c33501a5c26eb0. Mean loss in evaluation epoch: 0.37137308716773987, epochs needed: 200
evaluating individudal 23 - dbab41708025e0f0. Mean loss in evaluation epoch: 0.3677128851413727, epochs needed: 200
evaluating individudal 24 - eb203373ee14445c. Mean loss in evaluation epoch: 0.3710891306400299, epochs needed: 200
evaluating individudal 25 - 7cfff9f1a1b013be. Mean loss in evaluation epoch: 0.36786797642707825, epochs needed: 200
evaluating individudal 26 - 5cf044d0c47b86af. Mean loss in evaluation epoch: 0.37430819869041443, epochs needed: 200
evaluating individudal 27 - 2d1febc46dce019c. Mean loss in evaluation epoch: 0.3666749894618988, epochs needed: 200
evaluating individudal 28 - 3e405c1c0398f717. Mean loss in evaluation epoch: 0.3688908517360687, epochs needed: 200
evaluating individudal 29 - 2c6dd1abb3fec520. Mean loss in evaluation epoch: 0.36805781722068787, epochs needed: 200
evaluating individudal 0 - c7cc2e5aaa95c0cd. Mean loss in evaluation epoch: 0.3630640208721161, epochs needed: 200
evaluating individudal 1 - 2a1e9db88baeec2c. Mean loss in evaluation epoch: 0.36291295289993286, epochs needed: 200
evaluating individudal 2 - 1b90f0485a005d3d. Mean loss in evaluation epoch: 0.36345091462135315, epochs needed: 200
evaluating individudal 3 - e9b3f5a323c8d0f9. Mean loss in evaluation epoch: 0.3651920557022095, epochs needed: 200
evaluating individudal 4 - 900d8a59139c4604. Mean loss in evaluation epoch: 0.3632608950138092, epochs needed: 200
evaluating individudal 5 - a6a431a50c439ed5. Mean loss in evaluation epoch: 0.36400508880615234, epochs needed: 200
evaluating individudal 6 - e6b368fed8a12c3f. 