../data/final/cml/timeseries_ba20_5k_4_onetake.pickle
../data/final/edges_ba20.pickle
CONTINUATION: False
CONT_ADDRESS: ./hill_climbing_logs/voter_ba20_100_CONT_8ep
SEED: 0
NUM_DYN_EPOCHS: 40
DETECT_EARLY_CONVERGENCE: False
USE_EVALEPOCH_FOR_GUIDED_MUTATION: True
USE_NODEWISE_LOSS: False
USE_DYNAMIC_STEPS: True
NUM_GEN: 100
DETERMINISTIC_EVAL: True
FREE WALK: True
ATTENTIONNNNNNNNNNNNNNNNNNNN RANDOM MUTATIONS
num samples: 4991
NUM_TRAIN_SAMPLES: 4991
NUM_TRAIN_BATCHES: 50
NUM_TEST_SAMPLES: 4991
NUM_TEST_BATCHES: 50
BATCH_SIZE: 100
HIDDEN_SIZE: 128
NUM_DYN_EPOCHS: 40
IS_CONTINUOUS: True
USE_MAX: False
Mean loss in evaluation epoch: 0.08622556179761887, epochs needed: 40

Generation 0
------------------------- TRACKING ---------------------------
Matrix Hash: bcfde9534d3bfd59, num_times_seen_before: 0
ACC: 0.4789473684210527
TPR/FPR: 0.5833333333333334, 0.5454545454545454
Loss: 0.08622556179761887
Timestamp: 0
---------------------------------------------------------------
[tensor([1, 8]), tensor([2, 5]), tensor([2, 6]), tensor([2, 7]), tensor([ 2, 10]), tensor([ 2, 15]), tensor([ 3, 10]), tensor([ 4, 10]), tensor([6, 8]), tensor([10, 16]), tensor([10, 17]), tensor([11, 18]), tensor([14, 17]), tensor([15, 18])]
Mean loss in evaluation epoch: 0.0850321352481842, epochs needed: 40
Accepting!

Generation 1
------------------------- TRACKING ---------------------------
Matrix Hash: 289e10868a9f0ff0, num_times_seen_before: 0
ACC: 0.5
TPR/FPR: 0.5833333333333334, 0.5194805194805194
Loss: 0.0850321352481842
Timestamp: 53.701862019
---------------------------------------------------------------
[tensor([0, 3]), tensor([ 1, 16]), tensor([2, 4]), tensor([ 2, 13]), tensor([ 4, 15]), tensor([ 6, 13]), tensor([ 7, 19]), tensor([13, 17]), tensor([18, 19])]
Mean loss in evaluation epoch: 0.08470099419355392, epochs needed: 40
Accepting!

Generation 2
------------------------- TRACKING ---------------------------
Matrix Hash: 835ec650821b6af8, num_times_seen_before: 0
ACC: 0.5263157894736843
TPR/FPR: 0.5833333333333334, 0.487012987012987
Loss: 0.08470099419355392
Timestamp: 107.33712443600001
---------------------------------------------------------------
[tensor([0, 8]), tensor([ 4, 14]), tensor([ 5, 13]), tensor([6, 9]), tensor([ 9, 16]), tensor([ 9, 17]), tensor([10, 11]), tensor([10, 17]), tensor([10, 18]), tensor([11, 17]), tensor([12, 17]), tensor([12, 18]), tensor([15, 19]), tensor([16, 17])]
Mean loss in evaluation epoch: 0.08524896204471588, epochs needed: 40
Accepting!

Generation 3
------------------------- TRACKING ---------------------------
Matrix Hash: 4163fb0fce115a47, num_times_seen_before: 0
ACC: 0.49473684210526314
TPR/FPR: 0.5, 0.5064935064935064
Loss: 0.08524896204471588
Timestamp: 160.047869496
---------------------------------------------------------------
[tensor([0, 9]), tensor([ 0, 12]), tensor([3, 5]), tensor([ 4, 13]), tensor([ 5, 18]), tensor([ 6, 13]), tensor([ 6, 14]), tensor([ 8, 12]), tensor([ 9, 16]), tensor([ 9, 19]), tensor([10, 11]), tensor([10, 17]), tensor([11, 12]), tensor([13, 14]), tensor([14, 15]), tensor([15, 17])]
Mean loss in evaluation epoch: 0.08613582700490952, epochs needed: 40
Accepting!

Generation 4
------------------------- TRACKING ---------------------------
Matrix Hash: 70c56ebd94bdba77, num_times_seen_before: 0
ACC: 0.49473684210526314
TPR/FPR: 0.5555555555555556, 0.5194805194805194
Loss: 0.08613582700490952
Timestamp: 212.46154288699998
---------------------------------------------------------------
[tensor([0, 1]), tensor([1, 6]), tensor([2, 9]), tensor([3, 4]), tensor([3, 5]), tensor([ 4, 18]), tensor([5, 6]), tensor([ 5, 14]), tensor([ 5, 18]), tensor([6, 8]), tensor([7, 8]), tensor([11, 14]), tensor([12, 15])]
Mean loss in evaluation epoch: 0.08479956537485123, epochs needed: 40
Accepting!

Generation 5
------------------------- TRACKING ---------------------------
Matrix Hash: 8e1d3b2141329f39, num_times_seen_before: 0
ACC: 0.5
TPR/FPR: 0.5833333333333334, 0.5194805194805194
Loss: 0.08479956537485123
Timestamp: 264.787589848
---------------------------------------------------------------
[tensor([1, 5]), tensor([ 3, 17]), tensor([4, 9]), tensor([ 4, 14]), tensor([5, 8]), tensor([6, 7]), tensor([ 6, 13]), tensor([7, 9]), tensor([ 8, 11]), tensor([12, 14]), tensor([12, 16]), tensor([14, 16])]
Mean loss in evaluation epoch: 0.08693777024745941, epochs needed: 40
Accepting!

Generation 6
------------------------- TRACKING ---------------------------
Matrix Hash: 15b2c21b0059ef19, num_times_seen_before: 0
ACC: 0.5105263157894737
TPR/FPR: 0.5277777777777778, 0.4935064935064935
Loss: 0.08693777024745941
Timestamp: 317.20945966799997
---------------------------------------------------------------
[tensor([1, 6]), tensor([ 1, 13]), tensor([6, 9]), tensor([ 6, 11]), tensor([ 9, 15]), tensor([11, 16])]
Mean loss in evaluation epoch: 0.08504430949687958, epochs needed: 40
Accepting!

Generation 7
------------------------- TRACKING ---------------------------
Matrix Hash: e39a0a5257f5eea4, num_times_seen_before: 0
ACC: 0.5105263157894737
TPR/FPR: 0.5277777777777778, 0.4935064935064935
Loss: 0.08504430949687958
Timestamp: 370.245181943
---------------------------------------------------------------
[tensor([ 0, 19]), tensor([3, 8]), tensor([ 5, 15]), tensor([ 5, 19]), tensor([6, 8]), tensor([6, 9]), tensor([10, 17]), tensor([10, 19]), tensor([12, 15]), tensor([14, 18])]
Mean loss in evaluation epoch: 0.08593492209911346, epochs needed: 40
Accepting!

Generation 8
------------------------- TRACKING ---------------------------
Matrix Hash: 1903d04ac2faa07c, num_times_seen_before: 0
ACC: 0.5105263157894737
TPR/FPR: 0.5277777777777778, 0.4935064935064935
Loss: 0.08593492209911346
Timestamp: 423.221667939
---------------------------------------------------------------
[tensor([ 0, 11]), tensor([ 2, 16]), tensor([4, 5]), tensor([10, 12]), tensor([15, 16])]
Mean loss in evaluation epoch: 0.08529806137084961, epochs needed: 40
Accepting!

Generation 9
------------------------- TRACKING ---------------------------
Matrix Hash: 68d3f30c824433a9, num_times_seen_before: 0
ACC: 0.5157894736842106
TPR/FPR: 0.5277777777777778, 0.487012987012987
Loss: 0.08529806137084961
Timestamp: 475.50030982100003
---------------------------------------------------------------
[tensor([2, 4]), tensor([ 2, 13]), tensor([ 5, 17]), tensor([8, 9]), tensor([14, 16]), tensor([18, 19])]
Mean loss in evaluation epoch: 0.08564197272062302, epochs needed: 40
Accepting!

Generation 10
------------------------- TRACKING ---------------------------
Matrix Hash: 3a32e3ee7901f3f8, num_times_seen_before: 0
ACC: 0.5157894736842106
TPR/FPR: 0.5, 0.4805194805194805
Loss: 0.08564197272062302
Timestamp: 527.654463363
---------------------------------------------------------------
[tensor([0, 2]), tensor([0, 5]), tensor([0, 6]), tensor([ 0, 13]), tensor([ 2, 19]), tensor([5, 8]), tensor([ 5, 16]), tensor([ 7, 18]), tensor([13, 17]), tensor([14, 18]), tensor([16, 18])]
Mean loss in evaluation epoch: 0.0846734568476677, epochs needed: 40
Accepting!

Generation 11
------------------------- TRACKING ---------------------------
Matrix Hash: 00ffca8cd5114938, num_times_seen_before: 0
ACC: 0.5210526315789474
TPR/FPR: 0.4722222222222222, 0.4675324675324675
Loss: 0.0846734568476677
Timestamp: 580.466165096
---------------------------------------------------------------
[tensor([0, 1]), tensor([ 1, 18]), tensor([ 3, 16]), tensor([ 5, 11]), tensor([ 6, 12]), tensor([7, 9]), tensor([ 7, 18]), tensor([8, 9]), tensor([ 8, 12]), tensor([ 9, 10]), tensor([12, 14])]
Mean loss in evaluation epoch: 0.08658117055892944, epochs needed: 40
Accepting!

Generation 12
------------------------- TRACKING ---------------------------
Matrix Hash: 25f789162c1ec236, num_times_seen_before: 0
ACC: 0.4842105263157894
TPR/FPR: 0.4444444444444444, 0.5064935064935064
Loss: 0.08658117055892944
Timestamp: 632.920665752
---------------------------------------------------------------
[tensor([0, 5]), tensor([0, 7]), tensor([ 1, 15]), tensor([ 1, 17]), tensor([ 1, 18]), tensor([ 2, 17]), tensor([ 3, 13]), tensor([ 4, 16]), tensor([6, 8]), tensor([7, 9]), tensor([ 9, 11]), tensor([12, 17]), tensor([17, 18])]
Mean loss in evaluation epoch: 0.0861489549279213, epochs needed: 40
Accepting!

Generation 13
------------------------- TRACKING ---------------------------
Matrix Hash: 2c0116437b4da4ef, num_times_seen_before: 0
ACC: 0.4789473684210527
TPR/FPR: 0.4166666666666667, 0.5064935064935064
Loss: 0.0861489549279213
Timestamp: 685.377318357
---------------------------------------------------------------
[tensor([0, 3]), tensor([2, 9]), tensor([ 2, 12]), tensor([ 5, 14]), tensor([ 7, 10])]
Mean loss in evaluation epoch: 0.0861055850982666, epochs needed: 40
Accepting!

Generation 14
------------------------- TRACKING ---------------------------
Matrix Hash: 5b1fc208bda8d4f6, num_times_seen_before: 0
ACC: 0.4842105263157894
TPR/FPR: 0.4444444444444444, 0.5064935064935064
Loss: 0.0861055850982666
Timestamp: 738.05243964
---------------------------------------------------------------
[tensor([2, 6]), tensor([4, 8]), tensor([5, 6]), tensor([5, 9]), tensor([ 5, 10]), tensor([ 5, 13]), tensor([ 5, 14]), tensor([6, 7]), tensor([ 7, 15]), tensor([ 8, 16]), tensor([10, 13]), tensor([16, 18])]
Mean loss in evaluation epoch: 0.08523441851139069, epochs needed: 40
Accepting!

Generation 15
------------------------- TRACKING ---------------------------
Matrix Hash: 885cbf1772e7d14f, num_times_seen_before: 0
ACC: 0.5157894736842106
TPR/FPR: 0.5, 0.4805194805194805
Loss: 0.08523441851139069
Timestamp: 791.218244676
---------------------------------------------------------------
[tensor([0, 4]), tensor([0, 8]), tensor([ 2, 14]), tensor([ 3, 19]), tensor([4, 6]), tensor([ 4, 18]), tensor([ 4, 19]), tensor([ 5, 15]), tensor([ 9, 17]), tensor([10, 17]), tensor([10, 19]), tensor([12, 19]), tensor([18, 19])]
Mean loss in evaluation epoch: 0.085489921271801, epochs needed: 40
Accepting!

Generation 16
------------------------- TRACKING ---------------------------
Matrix Hash: 2fd3ca5c44de5496, num_times_seen_before: 0
ACC: 0.5210526315789474
TPR/FPR: 0.5, 0.474025974025974
Loss: 0.085489921271801
Timestamp: 843.780870045
---------------------------------------------------------------
[tensor([ 0, 12]), tensor([1, 6]), tensor([2, 9]), tensor([ 2, 11]), tensor([ 2, 13]), tensor([ 2, 14]), tensor([4, 5]), tensor([ 5, 16]), tensor([ 7, 15]), tensor([ 7, 17]), tensor([ 9, 15]), tensor([10, 13]), tensor([11, 18]), tensor([12, 19]), tensor([17, 19])]
Mean loss in evaluation epoch: 0.08719778805971146, epochs needed: 40
Accepting!

Generation 17
------------------------- TRACKING ---------------------------
Matrix Hash: 012cd84936a92aab, num_times_seen_before: 0
ACC: 0.4736842105263158
TPR/FPR: 0.5, 0.5324675324675324
Loss: 0.08719778805971146
Timestamp: 896.231096128
---------------------------------------------------------------
[tensor([1, 4]), tensor([ 3, 18]), tensor([ 3, 19]), tensor([ 4, 18]), tensor([12, 19]), tensor([17, 18]), tensor([18, 19])]
Mean loss in evaluation epoch: 0.08666788041591644, epochs needed: 40
Accepting!

Generation 18
------------------------- TRACKING ---------------------------
Matrix Hash: e6e856cdf78db655, num_times_seen_before: 0
ACC: 0.4789473684210527
TPR/FPR: 0.5, 0.525974025974026
Loss: 0.08666788041591644
Timestamp: 949.210876597
---------------------------------------------------------------
[tensor([0, 7]), tensor([ 0, 15]), tensor([ 3, 14]), tensor([6, 8]), tensor([ 7, 15]), tensor([ 7, 16]), tensor([11, 17]), tensor([12, 13]), tensor([12, 17])]
Mean loss in evaluation epoch: 0.08624038845300674, epochs needed: 40
Accepting!

Generation 19
------------------------- TRACKING ---------------------------
Matrix Hash: 4b80a5581c2587a4, num_times_seen_before: 0
ACC: 0.4842105263157894
TPR/FPR: 0.5277777777777778, 0.525974025974026
Loss: 0.08624038845300674
Timestamp: 1001.9413022070001
---------------------------------------------------------------
[tensor([ 0, 10]), tensor([ 0, 17]), tensor([1, 6]), tensor([ 1, 13]), tensor([3, 7]), tensor([ 5, 19]), tensor([6, 8]), tensor([ 7, 12]), tensor([ 8, 11]), tensor([ 9, 14]), tensor([10, 16]), tensor([13, 17])]
Mean loss in evaluation epoch: 0.08620548248291016, epochs needed: 40
Accepting!

Generation 20
------------------------- TRACKING ---------------------------
Matrix Hash: 43dbc2034b653c7d, num_times_seen_before: 0
ACC: 0.4842105263157894
TPR/FPR: 0.5277777777777778, 0.525974025974026
Loss: 0.08620548248291016
Timestamp: 1054.417113631
---------------------------------------------------------------
[tensor([ 1, 17]), tensor([ 2, 19]), tensor([ 3, 16]), tensor([ 4, 12]), tensor([ 5, 17]), tensor([11, 16]), tensor([13, 15]), tensor([13, 18]), tensor([16, 18]), tensor([18, 19])]
Mean loss in evaluation epoch: 0.08577217161655426, epochs needed: 40
Accepting!

Generation 21
------------------------- TRACKING ---------------------------
Matrix Hash: 1d6f4e76224f2150, num_times_seen_before: 0
ACC: 0.5052631578947369
TPR/FPR: 0.5555555555555556, 0.5064935064935064
Loss: 0.08577217161655426
Timestamp: 1107.5100934289999
---------------------------------------------------------------
[tensor([ 1, 16]), tensor([ 1, 18]), tensor([3, 6]), tensor([5, 6]), tensor([6, 7]), tensor([ 7, 11]), tensor([ 9, 15]), tensor([ 9, 16]), tensor([ 9, 17])]
Mean loss in evaluation epoch: 0.08635803312063217, epochs needed: 40
Accepting!

Generation 22
------------------------- TRACKING ---------------------------
Matrix Hash: 08eb02c94154da51, num_times_seen_before: 0
ACC: 0.4894736842105263
TPR/FPR: 0.5, 0.512987012987013
Loss: 0.08635803312063217
Timestamp: 1160.5155706869998
---------------------------------------------------------------
[tensor([0, 3]), tensor([0, 9]), tensor([1, 2]), tensor([4, 8]), tensor([ 4, 17]), tensor([ 5, 14]), tensor([ 6, 11]), tensor([ 7, 13]), tensor([ 7, 17]), tensor([ 8, 15]), tensor([10, 18]), tensor([10, 19]), tensor([16, 18])]
Mean loss in evaluation epoch: 0.08606895059347153, epochs needed: 40
Accepting!

Generation 23
------------------------- TRACKING ---------------------------
Matrix Hash: 0c7a187f53cb2678, num_times_seen_before: 0
ACC: 0.4736842105263158
TPR/FPR: 0.3888888888888889, 0.5064935064935064
Loss: 0.08606895059347153
Timestamp: 1212.70097836
---------------------------------------------------------------
[tensor([4, 5]), tensor([4, 6]), tensor([ 7, 16]), tensor([ 9, 16]), tensor([ 9, 19]), tensor([10, 11]), tensor([10, 13]), tensor([10, 17]), tensor([11, 15]), tensor([11, 19])]
Mean loss in evaluation epoch: 0.08515015244483948, epochs needed: 40
Accepting!

Generation 24
------------------------- TRACKING ---------------------------
Matrix Hash: fbb1f1e863c69751, num_times_seen_before: 0
ACC: 0.4631578947368421
TPR/FPR: 0.3611111111111111, 0.512987012987013
Loss: 0.08515015244483948
Timestamp: 1266.900045463
---------------------------------------------------------------
[tensor([ 0, 14]), tensor([ 0, 19]), tensor([1, 8]), tensor([ 1, 12]), tensor([ 1, 19]), tensor([3, 6]), tensor([ 5, 11]), tensor([ 5, 14]), tensor([ 8, 10]), tensor([11, 19]), tensor([17, 18])]
Mean loss in evaluation epoch: 0.0863536074757576, epochs needed: 40
Accepting!

Generation 25
------------------------- TRACKING ---------------------------
Matrix Hash: c5630512b7792c4f, num_times_seen_before: 0
ACC: 0.46842105263157896
TPR/FPR: 0.3611111111111111, 0.5064935064935064
Loss: 0.0863536074757576
Timestamp: 1321.4428036689999
---------------------------------------------------------------
[tensor([0, 2]), tensor([ 0, 15]), tensor([1, 2]), tensor([ 2, 14]), tensor([ 3, 18]), tensor([4, 9]), tensor([ 5, 19]), tensor([10, 12]), tensor([12, 13]), tensor([15, 16])]
Mean loss in evaluation epoch: 0.08565428853034973, epochs needed: 40
Accepting!

Generation 26
------------------------- TRACKING ---------------------------
Matrix Hash: 071dbb91d0990854, num_times_seen_before: 0
ACC: 0.46842105263157896
TPR/FPR: 0.4166666666666667, 0.5194805194805194
Loss: 0.08565428853034973
Timestamp: 1374.239623103
---------------------------------------------------------------
[tensor([0, 9]), tensor([ 1, 11]), tensor([ 3, 14]), tensor([ 3, 17]), tensor([ 6, 13]), tensor([ 6, 19]), tensor([ 7, 13]), tensor([ 7, 14]), tensor([ 8, 10]), tensor([ 8, 17]), tensor([ 9, 14]), tensor([ 9, 19]), tensor([10, 19]), tensor([14, 18]), tensor([15, 18])]
Mean loss in evaluation epoch: 0.0872006043791771, epochs needed: 40
Accepting!

Generation 27
------------------------- TRACKING ---------------------------
Matrix Hash: d4424efb6734e6f4, num_times_seen_before: 0
ACC: 0.4842105263157894
TPR/FPR: 0.5, 0.5194805194805194
Loss: 0.0872006043791771
Timestamp: 1426.420773783
---------------------------------------------------------------
[tensor([0, 3]), tensor([ 0, 19]), tensor([ 3, 18]), tensor([ 4, 15]), tensor([ 7, 10]), tensor([ 7, 15]), tensor([ 9, 10]), tensor([10, 11]), tensor([12, 15])]
