../data/final/cml/timeseries_ba20_1k_4_restart.pickle
../data/final/edges_ba20.pickle
SEED: 0
BATCH_SIZE: 100
HIDDEN_SIZE: 128
NUM_DYN_EPOCHS_PER_CYCLE: 30
NUM_NET_EPOCHS_PER_CYCLE: 5
NUM_CYCLES: 100
USE_GUMBEL: True
EXPERIMENTS: 5
FORMAT: standard
num samples: 1000
------------------------- TRACKING ---------------------------
Matrix Hash: 7d95f8726517f55d, num_times_seen_before: 0
ACC: 0.4921052631578947
TPR/FPR: 0.4722222222222222, 0.5032467532467533
Loss: 0.9185023903846741
Timestamp: 0
---------------------------------------------------------------
Mean Loss in Dyn Epoch 0: 0.5024237036705017
Mean Loss in Dyn Epoch 1: 0.26436254382133484
Mean Loss in Dyn Epoch 2: 0.22835345566272736
Mean Loss in Dyn Epoch 3: 0.2177363932132721
Mean Loss in Dyn Epoch 4: 0.2160411924123764
Mean Loss in Dyn Epoch 5: 0.21461759507656097
Mean Loss in Dyn Epoch 6: 0.2137439250946045
Mean Loss in Dyn Epoch 7: 0.21303801238536835
Mean Loss in Dyn Epoch 8: 0.21236972510814667
Mean Loss in Dyn Epoch 9: 0.21170668303966522
Mean Loss in Dyn Epoch 10: 0.21102599799633026
Mean Loss in Dyn Epoch 11: 0.21018433570861816
Mean Loss in Dyn Epoch 12: 0.2090332806110382
Mean Loss in Dyn Epoch 13: 0.20771928131580353
Mean Loss in Dyn Epoch 14: 0.20596733689308167
Mean Loss in Dyn Epoch 15: 0.2028059959411621
Mean Loss in Dyn Epoch 16: 0.19357800483703613
Mean Loss in Dyn Epoch 17: 0.18297536671161652
Mean Loss in Dyn Epoch 18: 0.17515860497951508
Mean Loss in Dyn Epoch 19: 0.16777865588665009
Mean Loss in Dyn Epoch 20: 0.16204304993152618
Mean Loss in Dyn Epoch 21: 0.1582932323217392
Mean Loss in Dyn Epoch 22: 0.1557258814573288
Mean Loss in Dyn Epoch 23: 0.1549435704946518
Mean Loss in Dyn Epoch 24: 0.15371467173099518
Mean Loss in Dyn Epoch 25: 0.1532854586839676
Mean Loss in Dyn Epoch 26: 0.15500597655773163
Mean Loss in Dyn Epoch 27: 0.1561705470085144
Mean Loss in Dyn Epoch 28: 0.15282367169857025
Mean Loss in Dyn Epoch 29: 0.15223288536071777
Mean Loss in Net Epoch 0: 0.13682755827903748
Mean Loss in Net Epoch 1: 0.13132290542125702
Mean Loss in Net Epoch 2: 0.12969572842121124
Mean Loss in Net Epoch 3: 0.1296439915895462
Mean Loss in Net Epoch 4: 0.12965989112854004
Tracking cycle 0
------------------------- TRACKING ---------------------------
Matrix Hash: df2e112135a67279, num_times_seen_before: 0
ACC: 0.23421052631578942
TPR/FPR: 0.9861111111111112, 0.9415584415584416
Loss: 0.1314300149679184
Timestamp: 8.723487773000215
---------------------------------------------------------------
Mean Loss in Dyn Epoch 0: 0.22177472710609436
Mean Loss in Dyn Epoch 1: 0.17255032062530518
Mean Loss in Dyn Epoch 2: 0.14602355659008026
Mean Loss in Dyn Epoch 3: 0.13914290070533752
Mean Loss in Dyn Epoch 4: 0.1353001445531845
Mean Loss in Dyn Epoch 5: 0.13290856778621674
Mean Loss in Dyn Epoch 6: 0.1303148716688156
Mean Loss in Dyn Epoch 7: 0.1289529651403427
Mean Loss in Dyn Epoch 8: 0.12726138532161713
Mean Loss in Dyn Epoch 9: 0.12579192221164703
Mean Loss in Dyn Epoch 10: 0.12499957531690598
Mean Loss in Dyn Epoch 11: 0.12460333108901978
Mean Loss in Dyn Epoch 12: 0.12428128719329834
Mean Loss in Dyn Epoch 13: 0.1241159662604332
Mean Loss in Dyn Epoch 14: 0.12387555092573166
Mean Loss in Dyn Epoch 15: 0.12372328341007233
Mean Loss in Dyn Epoch 16: 0.12330301105976105
Mean Loss in Dyn Epoch 17: 0.12301359325647354
Mean Loss in Dyn Epoch 18: 0.12295007705688477
Mean Loss in Dyn Epoch 19: 0.12270213663578033
Mean Loss in Dyn Epoch 20: 0.1228148564696312
Mean Loss in Dyn Epoch 21: 0.12262018024921417
Mean Loss in Dyn Epoch 22: 0.12240590900182724
Mean Loss in Dyn Epoch 23: 0.12292950600385666
Mean Loss in Dyn Epoch 24: 0.12304463237524033
Mean Loss in Dyn Epoch 25: 0.12239091843366623
Mean Loss in Dyn Epoch 26: 0.12203188240528107
Mean Loss in Dyn Epoch 27: 0.12256906181573868
Mean Loss in Dyn Epoch 28: 0.12288250029087067
Mean Loss in Dyn Epoch 29: 0.12224970012903214
Mean Loss in Net Epoch 0: 0.1984417885541916
Mean Loss in Net Epoch 1: 0.19740521907806396
Mean Loss in Net Epoch 2: 0.19550453126430511
Mean Loss in Net Epoch 3: 0.19230182468891144
Mean Loss in Net Epoch 4: 0.18681983649730682
Tracking cycle 1
------------------------- TRACKING ---------------------------
Matrix Hash: d589b4e10999f082, num_times_seen_before: 0
ACC: 0.18947368421052635
TPR/FPR: 1.0, 1.0
Loss: 0.19409464299678802
Timestamp: 17.57862399900023
---------------------------------------------------------------
Mean Loss in Dyn Epoch 0: 0.11356767266988754
Mean Loss in Dyn Epoch 1: 0.11339428275823593
Mean Loss in Dyn Epoch 2: 0.11351940780878067
Mean Loss in Dyn Epoch 3: 0.11318670958280563
Mean Loss in Dyn Epoch 4: 0.11354681104421616
Mean Loss in Dyn Epoch 5: 0.11328299343585968
Mean Loss in Dyn Epoch 6: 0.1135045662522316
Mean Loss in Dyn Epoch 7: 0.11375702917575836
Mean Loss in Dyn Epoch 8: 0.11336846649646759
Mean Loss in Dyn Epoch 9: 0.11330052465200424
Mean Loss in Dyn Epoch 10: 0.1132122278213501
Mean Loss in Dyn Epoch 11: 0.11318501085042953
Mean Loss in Dyn Epoch 12: 0.11306848376989365
Mean Loss in Dyn Epoch 13: 0.11308002471923828
Mean Loss in Dyn Epoch 14: 0.11339565366506577
Mean Loss in Dyn Epoch 15: 0.11318916082382202
Mean Loss in Dyn Epoch 16: 0.11268482357263565
Mean Loss in Dyn Epoch 17: 0.11252667009830475
Mean Loss in Dyn Epoch 18: 0.11252536624670029
Mean Loss in Dyn Epoch 19: 0.11240901052951813
Mean Loss in Dyn Epoch 20: 0.11256581544876099
Mean Loss in Dyn Epoch 21: 0.11238061636686325
Mean Loss in Dyn Epoch 22: 0.11246209591627121
Mean Loss in Dyn Epoch 23: 0.11262565851211548
Mean Loss in Dyn Epoch 24: 0.11339665949344635
Mean Loss in Dyn Epoch 25: 0.11286913603544235
Mean Loss in Dyn Epoch 26: 0.11243301630020142
Mean Loss in Dyn Epoch 27: 0.11230678856372833
Mean Loss in Dyn Epoch 28: 0.11210756748914719
Mean Loss in Dyn Epoch 29: 0.1121775433421135
Mean Loss in Net Epoch 0: 0.18016135692596436
Mean Loss in Net Epoch 1: 0.17109814286231995
Mean Loss in Net Epoch 2: 0.16151610016822815
Mean Loss in Net Epoch 3: 0.15182772278785706
Mean Loss in Net Epoch 4: 0.14353172481060028
Tracking cycle 2
------------------------- TRACKING ---------------------------
Matrix Hash: d589b4e10999f082, num_times_seen_before: 1
ACC: 0.18947368421052635
TPR/FPR: 1.0, 1.0
Loss: 0.16162700951099396
Timestamp: 26.32593362500029
---------------------------------------------------------------
Mean Loss in Dyn Epoch 0: 0.11209145933389664
Mean Loss in Dyn Epoch 1: 0.11193966120481491
Mean Loss in Dyn Epoch 2: 0.11193165928125381
Mean Loss in Dyn Epoch 3: 0.11203854531049728
Mean Loss in Dyn Epoch 4: 0.11240371316671371
Mean Loss in Dyn Epoch 5: 0.11200137436389923
Mean Loss in Dyn Epoch 6: 0.11237146705389023
Mean Loss in Dyn Epoch 7: 0.11197512596845627
Mean Loss in Dyn Epoch 8: 0.11179578304290771
Mean Loss in Dyn Epoch 9: 0.11194758862257004
Mean Loss in Dyn Epoch 10: 0.11183525621891022
Mean Loss in Dyn Epoch 11: 0.11180627346038818
Mean Loss in Dyn Epoch 12: 0.11169176548719406
Mean Loss in Dyn Epoch 13: 0.11160528659820557
Mean Loss in Dyn Epoch 14: 0.11201179027557373
Mean Loss in Dyn Epoch 15: 0.11210610717535019
Mean Loss in Dyn Epoch 16: 0.11172693222761154
Mean Loss in Dyn Epoch 17: 0.11178481578826904
Mean Loss in Dyn Epoch 18: 0.11223918199539185
Mean Loss in Dyn Epoch 19: 0.11272817850112915
Mean Loss in Dyn Epoch 20: 0.11282819509506226
Mean Loss in Dyn Epoch 21: 0.11266165226697922
Mean Loss in Dyn Epoch 22: 0.11184650659561157
Mean Loss in Dyn Epoch 23: 0.11144740879535675
Mean Loss in Dyn Epoch 24: 0.1114354133605957
Mean Loss in Dyn Epoch 25: 0.1117500439286232
Mean Loss in Dyn Epoch 26: 0.1113201379776001
Mean Loss in Dyn Epoch 27: 0.11153741180896759
Mean Loss in Dyn Epoch 28: 0.11159820854663849
Mean Loss in Dyn Epoch 29: 0.11140892654657364
Mean Loss in Net Epoch 0: 0.13583944737911224
Mean Loss in Net Epoch 1: 0.1307525932788849
Mean Loss in Net Epoch 2: 0.1271749883890152
Mean Loss in Net Epoch 3: 0.12459585815668106
Mean Loss in Net Epoch 4: 0.12269258499145508
Tracking cycle 3
------------------------- TRACKING ---------------------------
Matrix Hash: d589b4e10999f082, num_times_seen_before: 2
ACC: 0.18947368421052635
TPR/FPR: 1.0, 1.0
Loss: 0.1282110959291458
Timestamp: 35.07301347800012
---------------------------------------------------------------
Mean Loss in Dyn Epoch 0: 0.111505888402462
Mean Loss in Dyn Epoch 1: 0.11137443035840988
Mean Loss in Dyn Epoch 2: 0.11144745349884033
Mean Loss in Dyn Epoch 3: 0.11115054041147232
Mean Loss in Dyn Epoch 4: 0.1113039031624794
Mean Loss in Dyn Epoch 5: 0.11120624840259552
Mean Loss in Dyn Epoch 6: 0.11110486835241318
Mean Loss in Dyn Epoch 7: 0.11099150031805038
Mean Loss in Dyn Epoch 8: 0.1108364388346672
Mean Loss in Dyn Epoch 9: 0.11091762036085129
Mean Loss in Dyn Epoch 10: 0.11120088398456573
Mean Loss in Dyn Epoch 11: 0.11172404140233994
Mean Loss in Dyn Epoch 12: 0.11204534769058228
Mean Loss in Dyn Epoch 13: 0.11160930246114731
Mean Loss in Dyn Epoch 14: 0.11144690960645676
Mean Loss in Dyn Epoch 15: 0.11129460483789444
Mean Loss in Dyn Epoch 16: 0.111091747879982
Mean Loss in Dyn Epoch 17: 0.110940121114254
Mean Loss in Dyn Epoch 18: 0.1106988713145256
Mean Loss in Dyn Epoch 19: 0.11066540330648422
Mean Loss in Dyn Epoch 20: 0.11109454929828644
Mean Loss in Dyn Epoch 21: 0.11139096319675446
Mean Loss in Dyn Epoch 22: 0.11153614521026611
Mean Loss in Dyn Epoch 23: 0.1113911047577858
Mean Loss in Dyn Epoch 24: 0.11060737818479538
Mean Loss in Dyn Epoch 25: 0.11097393184900284
Mean Loss in Dyn Epoch 26: 0.11092827469110489
Mean Loss in Dyn Epoch 27: 0.11030327528715134
Mean Loss in Dyn Epoch 28: 0.11066305637359619
Mean Loss in Dyn Epoch 29: 0.11066246032714844
Mean Loss in Net Epoch 0: 0.11967768520116806
Mean Loss in Net Epoch 1: 0.11866133660078049
Mean Loss in Net Epoch 2: 0.11770856380462646
Mean Loss in Net Epoch 3: 0.11691153049468994
Mean Loss in Net Epoch 4: 0.11638011783361435
Tracking cycle 4
------------------------- TRACKING ---------------------------
Matrix Hash: d589b4e10999f082, num_times_seen_before: 3
ACC: 0.18947368421052635
TPR/FPR: 1.0, 1.0
Loss: 0.1178678497672081
Timestamp: 43.820771136000076
---------------------------------------------------------------
Mean Loss in Dyn Epoch 0: 0.11044266074895859
Mean Loss in Dyn Epoch 1: 0.1106509193778038
Mean Loss in Dyn Epoch 2: 0.1107650026679039
Mean Loss in Dyn Epoch 3: 0.11075039207935333
Mean Loss in Dyn Epoch 4: 0.11051883548498154
Mean Loss in Dyn Epoch 5: 0.1104712262749672
Mean Loss in Dyn Epoch 6: 0.1101212128996849
Mean Loss in Dyn Epoch 7: 0.11017799377441406
Mean Loss in Dyn Epoch 8: 0.11058159172534943
Mean Loss in Dyn Epoch 9: 0.1106775552034378
Mean Loss in Dyn Epoch 10: 0.11004870384931564
Mean Loss in Dyn Epoch 11: 0.10994837433099747
Mean Loss in Dyn Epoch 12: 0.11009392887353897
Mean Loss in Dyn Epoch 13: 0.11036155372858047
Mean Loss in Dyn Epoch 14: 0.11065506935119629
Mean Loss in Dyn Epoch 15: 0.11045251041650772
Mean Loss in Dyn Epoch 16: 0.11024250090122223
Mean Loss in Dyn Epoch 17: 0.11035721749067307
Mean Loss in Dyn Epoch 18: 0.11075650900602341
Mean Loss in Dyn Epoch 19: 0.11065802723169327
Mean Loss in Dyn Epoch 20: 0.11050617694854736
Mean Loss in Dyn Epoch 21: 0.11115967482328415
Mean Loss in Dyn Epoch 22: 0.11121565103530884
Mean Loss in Dyn Epoch 23: 0.11023246496915817
Mean Loss in Dyn Epoch 24: 0.11038780212402344
Mean Loss in Dyn Epoch 25: 0.11007954925298691
Mean Loss in Dyn Epoch 26: 0.11028315871953964
Mean Loss in Dyn Epoch 27: 0.11015663295984268
Mean Loss in Dyn Epoch 28: 0.1107778549194336
Mean Loss in Dyn Epoch 29: 0.11009272187948227
Mean Loss in Net Epoch 0: 0.11313357204198837
Mean Loss in Net Epoch 1: 0.11270971596240997
Mean Loss in Net Epoch 2: 0.1124177798628807
Mean Loss in Net Epoch 3: 0.11212664097547531
Mean Loss in Net Epoch 4: 0.11189863830804825
Tracking cycle 5
------------------------- TRACKING ---------------------------
Matrix Hash: d589b4e10999f082, num_times_seen_before: 4
ACC: 0.18947368421052635
TPR/FPR: 1.0, 1.0
Loss: 0.1124572679400444
Timestamp: 52.59141836100025
---------------------------------------------------------------
Mean Loss in Dyn Epoch 0: 0.1100652739405632
Mean Loss in Dyn Epoch 1: 0.10999979823827744
Mean Loss in Dyn Epoch 2: 0.1099662110209465
Mean Loss in Dyn Epoch 3: 0.11050311475992203
Mean Loss in Dyn Epoch 4: 0.11107692867517471
Mean Loss in Dyn Epoch 5: 0.11102370172739029
Mean Loss in Dyn Epoch 6: 0.11038942635059357
Mean Loss in Dyn Epoch 7: 0.11061731725931168
Mean Loss in Dyn Epoch 8: 0.11074399203062057
Mean Loss in Dyn Epoch 9: 0.11046545952558517
Mean Loss in Dyn Epoch 10: 0.10982401669025421
Mean Loss in Dyn Epoch 11: 0.10970302671194077
Mean Loss in Dyn Epoch 12: 0.10971792042255402
Mean Loss in Dyn Epoch 13: 0.10980897396802902
Mean Loss in Dyn Epoch 14: 0.10977742820978165
Mean Loss in Dyn Epoch 15: 0.10973749309778214
Mean Loss in Dyn Epoch 16: 0.10989191383123398
Mean Loss in Dyn Epoch 17: 0.10987114906311035
Mean Loss in Dyn Epoch 18: 0.1096615195274353
Mean Loss in Dyn Epoch 19: 0.10974500328302383
Mean Loss in Dyn Epoch 20: 0.11026211827993393
Mean Loss in Dyn Epoch 21: 0.11019187420606613
Mean Loss in Dyn Epoch 22: 0.10993700474500656
Mean Loss in Dyn Epoch 23: 0.10997550934553146
Mean Loss in Dyn Epoch 24: 0.11018913984298706
Mean Loss in Dyn Epoch 25: 0.10996288061141968
Mean Loss in Dyn Epoch 26: 0.10963816940784454
Mean Loss in Dyn Epoch 27: 0.10981287807226181
Mean Loss in Dyn Epoch 28: 0.11022539436817169
Mean Loss in Dyn Epoch 29: 0.10974152386188507
Mean Loss in Net Epoch 0: 0.11421511322259903
Mean Loss in Net Epoch 1: 0.11397804319858551
Mean Loss in Net Epoch 2: 0.11375939846038818
Mean Loss in Net Epoch 3: 0.11357062309980392
Mean Loss in Net Epoch 4: 0.11333532631397247
Tracking cycle 6
------------------------- TRACKING ---------------------------
Matrix Hash: d589b4e10999f082, num_times_seen_before: 5
ACC: 0.18947368421052635
TPR/FPR: 1.0, 1.0
Loss: 0.1137716993689537
Timestamp: 61.3867268150002
---------------------------------------------------------------
Mean Loss in Dyn Epoch 0: 0.11010123789310455
Mean Loss in Dyn Epoch 1: 0.109748974442482
Mean Loss in Dyn Epoch 2: 0.10989146679639816
Mean Loss in Dyn Epoch 3: 0.10954584181308746
Mean Loss in Dyn Epoch 4: 0.10967197269201279
Mean Loss in Dyn Epoch 5: 0.10974248498678207
Mean Loss in Dyn Epoch 6: 0.10960681736469269
Mean Loss in Dyn Epoch 7: 0.10965778678655624
Mean Loss in Dyn Epoch 8: 0.10994227975606918
Mean Loss in Dyn Epoch 9: 0.1095297560095787
Mean Loss in Dyn Epoch 10: 0.11004992574453354
Mean Loss in Dyn Epoch 11: 0.10976729542016983
Mean Loss in Dyn Epoch 12: 0.10948938131332397
Mean Loss in Dyn Epoch 13: 0.11025448143482208
Mean Loss in Dyn Epoch 14: 0.11072744429111481
Mean Loss in Dyn Epoch 15: 0.10977160185575485
Mean Loss in Dyn Epoch 16: 0.1097099781036377
Mean Loss in Dyn Epoch 17: 0.10962080955505371
Mean Loss in Dyn Epoch 18: 0.11002123355865479
Mean Loss in Dyn Epoch 19: 0.11024989932775497
Mean Loss in Dyn Epoch 20: 0.10982369631528854
Mean Loss in Dyn Epoch 21: 0.1094706654548645
Mean Loss in Dyn Epoch 22: 0.10963477939367294
Mean Loss in Dyn Epoch 23: 0.10969505459070206
Mean Loss in Dyn Epoch 24: 0.10964429378509521
Mean Loss in Dyn Epoch 25: 0.10957316309213638
Mean Loss in Dyn Epoch 26: 0.10975322872400284
Mean Loss in Dyn Epoch 27: 0.10965581983327866
Mean Loss in Dyn Epoch 28: 0.10979371517896652
Mean Loss in Dyn Epoch 29: 0.10945551842451096
Mean Loss in Net Epoch 0: 0.11129200458526611
Mean Loss in Net Epoch 1: 0.11114871501922607
Mean Loss in Net Epoch 2: 0.1110728532075882
Mean Loss in Net Epoch 3: 0.11099996417760849
Mean Loss in Net Epoch 4: 0.11091464757919312
Tracking cycle 7
------------------------- TRACKING ---------------------------
Matrix Hash: d589b4e10999f082, num_times_seen_before: 6
ACC: 0.18947368421052635
TPR/FPR: 1.0, 1.0
Loss: 0.11108563095331192
Timestamp: 70.19543718100022
---------------------------------------------------------------
Mean Loss in Dyn Epoch 0: 0.10951676219701767
Mean Loss in Dyn Epoch 1: 0.10944117605686188
Mean Loss in Dyn Epoch 2: 0.10939186066389084
Mean Loss in Dyn Epoch 3: 0.10955215990543365
Mean Loss in Dyn Epoch 4: 0.10938578099012375
Mean Loss in Dyn Epoch 5: 0.10970411449670792
Mean Loss in Dyn Epoch 6: 0.1098487600684166
Mean Loss in Dyn Epoch 7: 0.10973473638296127
Mean Loss in Dyn Epoch 8: 0.10943707078695297
Mean Loss in Dyn Epoch 9: 0.11023415625095367
Mean Loss in Dyn Epoch 10: 0.1092563197016716
Mean Loss in Dyn Epoch 11: 0.10939119011163712
Mean Loss in Dyn Epoch 12: 0.10942267626523972
Mean Loss in Dyn Epoch 13: 0.10955347865819931
Mean Loss in Dyn Epoch 14: 0.10942771285772324
Mean Loss in Dyn Epoch 15: 0.10913562774658203
Mean Loss in Dyn Epoch 16: 0.10921978950500488
Mean Loss in Dyn Epoch 17: 0.10943859070539474
Mean Loss in Dyn Epoch 18: 0.1098896861076355
Mean Loss in Dyn Epoch 19: 0.10981456190347672
Mean Loss in Dyn Epoch 20: 0.10990536212921143
Mean Loss in Dyn Epoch 21: 0.10945629328489304
Mean Loss in Dyn Epoch 22: 0.11039242893457413
Mean Loss in Dyn Epoch 23: 0.11065452545881271
Mean Loss in Dyn Epoch 24: 0.11016895622015
Mean Loss in Dyn Epoch 25: 0.10999186336994171
Mean Loss in Dyn Epoch 26: 0.11106530576944351
Mean Loss in Dyn Epoch 27: 0.11057200282812119
Mean Loss in Dyn Epoch 28: 0.10980170965194702
Mean Loss in Dyn Epoch 29: 0.11028540134429932
Mean Loss in Net Epoch 0: 0.11076553910970688
Mean Loss in Net Epoch 1: 0.11072605103254318
Mean Loss in Net Epoch 2: 0.11068170517683029
Mean Loss in Net Epoch 3: 0.1106569692492485
Mean Loss in Net Epoch 4: 0.11062630265951157
Tracking cycle 8
------------------------- TRACKING ---------------------------
Matrix Hash: d589b4e10999f082, num_times_seen_before: 7
ACC: 0.18947368421052635
TPR/FPR: 1.0, 1.0
Loss: 0.11069130897521973
Timestamp: 78.95095505300014
---------------------------------------------------------------
Mean Loss in Dyn Epoch 0: 0.1096881777048111
Mean Loss in Dyn Epoch 1: 0.10917389392852783
Mean Loss in Dyn Epoch 2: 0.10981668531894684
Mean Loss in Dyn Epoch 3: 0.10935518890619278
Mean Loss in Dyn Epoch 4: 0.10926296561956406
Mean Loss in Dyn Epoch 5: 0.10941624641418457
Mean Loss in Dyn Epoch 6: 0.10942729562520981
Mean Loss in Dyn Epoch 7: 0.1093514934182167
Mean Loss in Dyn Epoch 8: 0.10929261893033981
Mean Loss in Dyn Epoch 9: 0.10951074212789536
Mean Loss in Dyn Epoch 10: 0.10981904715299606
Mean Loss in Dyn Epoch 11: 0.10958259552717209
Mean Loss in Dyn Epoch 12: 0.1097014918923378
Mean Loss in Dyn Epoch 13: 0.10967940092086792
Mean Loss in Dyn Epoch 14: 0.10991690307855606
Mean Loss in Dyn Epoch 15: 0.10944554954767227
Mean Loss in Dyn Epoch 16: 0.10920103639364243
Mean Loss in Dyn Epoch 17: 0.10929699242115021
Mean Loss in Dyn Epoch 18: 0.10922081768512726
Mean Loss in Dyn Epoch 19: 0.1092781350016594
Mean Loss in Dyn Epoch 20: 0.10932550579309464
Mean Loss in Dyn Epoch 21: 0.10914354771375656
Mean Loss in Dyn Epoch 22: 0.10923787206411362
Mean Loss in Dyn Epoch 23: 0.10949402302503586
Mean Loss in Dyn Epoch 24: 0.1090681180357933
Mean Loss in Dyn Epoch 25: 0.10901317745447159
Mean Loss in Dyn Epoch 26: 0.11005145311355591
Mean Loss in Dyn Epoch 27: 0.10973934084177017
Mean Loss in Dyn Epoch 28: 0.10984138399362564
Mean Loss in Dyn Epoch 29: 0.10943438857793808
Mean Loss in Net Epoch 0: 0.10940617322921753
Mean Loss in Net Epoch 1: 0.10936986654996872
Mean Loss in Net Epoch 2: 0.10934056341648102
Mean Loss in Net Epoch 3: 0.10931430011987686
Mean Loss in Net Epoch 4: 0.10929528623819351
Tracking cycle 9
------------------------- TRACKING ---------------------------
Matrix Hash: d589b4e10999f082, num_times_seen_before: 8
ACC: 0.18947368421052635
TPR/FPR: 1.0, 1.0
Loss: 0.10934524983167648
Timestamp: 87.69922199600023
---------------------------------------------------------------
Mean Loss in Dyn Epoch 0: 0.1090308204293251
Mean Loss in Dyn Epoch 1: 0.10898846387863159
Mean Loss in Dyn Epoch 2: 0.10943310707807541
Mean Loss in Dyn Epoch 3: 0.10955854505300522
Mean Loss in Dyn Epoch 4: 0.10943552106618881
Mean Loss in Dyn Epoch 5: 0.10903140157461166
Mean Loss in Dyn Epoch 6: 0.1090342327952385
Mean Loss in Dyn Epoch 7: 0.10947561264038086
Mean Loss in Dyn Epoch 8: 0.10975433886051178
Mean Loss in Dyn Epoch 9: 0.10982003062963486
Mean Loss in Dyn Epoch 10: 0.10978753864765167
Mean Loss in Dyn Epoch 11: 0.10938578099012375
Mean Loss in Dyn Epoch 12: 0.10953515768051147
Mean Loss in Dyn Epoch 13: 0.10892388969659805
Mean Loss in Dyn Epoch 14: 0.10913689434528351
Mean Loss in Dyn Epoch 15: 0.10919713973999023
Mean Loss in Dyn Epoch 16: 0.10965123027563095
Mean Loss in Dyn Epoch 17: 0.10932760685682297
Mean Loss in Dyn Epoch 18: 0.10905732959508896
Mean Loss in Dyn Epoch 19: 0.10914267599582672
Mean Loss in Dyn Epoch 20: 0.10970472544431686
Mean Loss in Dyn Epoch 21: 0.10987980663776398
Mean Loss in Dyn Epoch 22: 0.11032996326684952
Mean Loss in Dyn Epoch 23: 0.10921647399663925
Mean Loss in Dyn Epoch 24: 0.10939504951238632
Mean Loss in Dyn Epoch 25: 0.10931915044784546
Mean Loss in Dyn Epoch 26: 0.10950596630573273
Mean Loss in Dyn Epoch 27: 0.11022672802209854
Mean Loss in Dyn Epoch 28: 0.1097150444984436
Mean Loss in Dyn Epoch 29: 0.10966234654188156
Mean Loss in Net Epoch 0: 0.11044778674840927
Mean Loss in Net Epoch 1: 0.11040257662534714
Mean Loss in Net Epoch 2: 0.11036396026611328
Mean Loss in Net Epoch 3: 0.11033562570810318
Mean Loss in Net Epoch 4: 0.11028120666742325
Tracking cycle 10
------------------------- TRACKING ---------------------------
Matrix Hash: d589b4e10999f082, num_times_seen_before: 9
ACC: 0.18947368421052635
TPR/FPR: 1.0, 1.0
Loss: 0.11036622524261475
Timestamp: 96.4965453069999
---------------------------------------------------------------
Mean Loss in Dyn Epoch 0: 0.10919318348169327
Mean Loss in Dyn Epoch 1: 0.1092953085899353
Mean Loss in Dyn Epoch 2: 0.10991223156452179
Mean Loss in Dyn Epoch 3: 0.10947753489017487
Mean Loss in Dyn Epoch 4: 0.10902595520019531
Mean Loss in Dyn Epoch 5: 0.10944807529449463
Mean Loss in Dyn Epoch 6: 0.10898152738809586
Mean Loss in Dyn Epoch 7: 0.10935264080762863
Mean Loss in Dyn Epoch 8: 0.10929393768310547
Mean Loss in Dyn Epoch 9: 0.10945065319538116
Mean Loss in Dyn Epoch 10: 0.10921470075845718
Mean Loss in Dyn Epoch 11: 0.108833909034729
Mean Loss in Dyn Epoch 12: 0.10893330723047256
Mean Loss in Dyn Epoch 13: 0.10893155634403229
Mean Loss in Dyn Epoch 14: 0.10879653692245483
Mean Loss in Dyn Epoch 15: 0.10926032066345215
Mean Loss in Dyn Epoch 16: 0.10923218727111816
Mean Loss in Dyn Epoch 17: 0.10922584682703018
Mean Loss in Dyn Epoch 18: 0.10904300212860107
Mean Loss in Dyn Epoch 19: 0.10880191624164581
Mean Loss in Dyn Epoch 20: 0.10891425609588623
Mean Loss in Dyn Epoch 21: 0.10904385894536972
Mean Loss in Dyn Epoch 22: 0.10897300392389297
Mean Loss in Dyn Epoch 23: 0.10934608429670334
Mean Loss in Dyn Epoch 24: 0.10920971632003784
Mean Loss in Dyn Epoch 25: 0.10909684002399445
Mean Loss in Dyn Epoch 26: 0.10906660556793213
Mean Loss in Dyn Epoch 27: 0.10961096733808517
Mean Loss in Dyn Epoch 28: 0.10902275890111923
Mean Loss in Dyn Epoch 29: 0.10902892798185349
Mean Loss in Net Epoch 0: 0.10958337783813477
Mean Loss in Net Epoch 1: 0.10956763476133347
Mean Loss in Net Epoch 2: 0.10955639183521271
Mean Loss in Net Epoch 3: 0.10955681651830673
Mean Loss in Net Epoch 4: 0.1095370203256607
Tracking cycle 11
------------------------- TRACKING ---------------------------
Matrix Hash: d589b4e10999f082, num_times_seen_before: 10
ACC: 0.18947368421052635
TPR/FPR: 1.0, 1.0
Loss: 0.10956025123596191
Timestamp: 105.27603203300032
---------------------------------------------------------------
Mean Loss in Dyn Epoch 0: 0.10924281924962997
Mean Loss in Dyn Epoch 1: 0.10912787914276123
Mean Loss in Dyn Epoch 2: 0.1087924987077713
Mean Loss in Dyn Epoch 3: 0.10906409472227097
Mean Loss in Dyn Epoch 4: 0.10901730507612228
Mean Loss in Dyn Epoch 5: 0.10909440368413925
Mean Loss in Dyn Epoch 6: 0.10913357883691788
Mean Loss in Dyn Epoch 7: 0.10923780500888824
Mean Loss in Dyn Epoch 8: 0.10927794128656387
Mean Loss in Dyn Epoch 9: 0.10907973349094391
Mean Loss in Dyn Epoch 10: 0.1096426248550415
Mean Loss in Dyn Epoch 11: 0.10921626538038254
Mean Loss in Dyn Epoch 12: 0.1094886064529419
Mean Loss in Dyn Epoch 13: 0.109156034886837
Mean Loss in Dyn Epoch 14: 0.10896318405866623
Mean Loss in Dyn Epoch 15: 0.10891246795654297
Mean Loss in Dyn Epoch 16: 0.109100840985775
Mean Loss in Dyn Epoch 17: 0.10901538282632828
Mean Loss in Dyn Epoch 18: 0.10904841870069504
Mean Loss in Dyn Epoch 19: 0.10914795845746994
Mean Loss in Dyn Epoch 20: 0.10910449177026749
Mean Loss in Dyn Epoch 21: 0.10950807482004166
Mean Loss in Dyn Epoch 22: 0.10964836925268173
Mean Loss in Dyn Epoch 23: 0.10957920551300049
Mean Loss in Dyn Epoch 24: 0.10942267626523972
Mean Loss in Dyn Epoch 25: 0.10948345810174942
Mean Loss in Dyn Epoch 26: 0.10913226753473282
Mean Loss in Dyn Epoch 27: 0.10904357582330704
Mean Loss in Dyn Epoch 28: 0.10876288264989853
Mean Loss in Dyn Epoch 29: 0.10886146873235703
Mean Loss in Net Epoch 0: 0.10837173461914062
Mean Loss in Net Epoch 1: 0.10834985971450806
Mean Loss in Net Epoch 2: 0.10836147516965866
Mean Loss in Net Epoch 3: 0.10835719108581543
Mean Loss in Net Epoch 4: 0.10834916681051254
Tracking cycle 12
------------------------- TRACKING ---------------------------
Matrix Hash: d589b4e10999f082, num_times_seen_before: 11
ACC: 0.18947368421052635
TPR/FPR: 1.0, 1.0
Loss: 0.10835788398981094
Timestamp: 114.07779148400004
---------------------------------------------------------------
Mean Loss in Dyn Epoch 0: 0.10902661085128784
Mean Loss in Dyn Epoch 1: 0.10896992683410645
Mean Loss in Dyn Epoch 2: 0.10894675552845001
Mean Loss in Dyn Epoch 3: 0.10972664505243301
Mean Loss in Dyn Epoch 4: 0.10920095443725586
Mean Loss in Dyn Epoch 5: 0.10891927778720856
Mean Loss in Dyn Epoch 6: 0.10875705629587173
Mean Loss in Dyn Epoch 7: 0.10870995372533798
Mean Loss in Dyn Epoch 8: 0.10891889780759811
Mean Loss in Dyn Epoch 9: 0.10896731913089752
Mean Loss in Dyn Epoch 10: 0.10885578393936157
Mean Loss in Dyn Epoch 11: 0.10910478979349136
Mean Loss in Dyn Epoch 12: 0.10872756689786911
Mean Loss in Dyn Epoch 13: 0.10898470133543015
Mean Loss in Dyn Epoch 14: 0.10909754037857056
Mean Loss in Dyn Epoch 15: 0.10905276983976364
Mean Loss in Dyn Epoch 16: 0.1089577004313469
Mean Loss in Dyn Epoch 17: 0.10921771824359894
Mean Loss in Dyn Epoch 18: 0.1092507615685463
Mean Loss in Dyn Epoch 19: 0.10974454879760742
Mean Loss in Dyn Epoch 20: 0.10929721593856812
Mean Loss in Dyn Epoch 21: 0.10898219794034958
Mean Loss in Dyn Epoch 22: 0.10876017063856125
Mean Loss in Dyn Epoch 23: 0.10909848660230637
Mean Loss in Dyn Epoch 24: 0.10879794508218765
Mean Loss in Dyn Epoch 25: 0.10905379056930542
Mean Loss in Dyn Epoch 26: 0.10911740362644196
Mean Loss in Dyn Epoch 27: 0.10879655182361603
Mean Loss in Dyn Epoch 28: 0.10874032974243164
Mean Loss in Dyn Epoch 29: 0.10958387702703476
Mean Loss in Net Epoch 0: 0.10941723734140396
Mean Loss in Net Epoch 1: 0.10940593481063843
Mean Loss in Net Epoch 2: 0.10938089340925217
Mean Loss in Net Epoch 3: 0.10937360674142838
Mean Loss in Net Epoch 4: 0.10936377197504044
Tracking cycle 13
------------------------- TRACKING ---------------------------
Matrix Hash: d589b4e10999f082, num_times_seen_before: 12
ACC: 0.18947368421052635
TPR/FPR: 1.0, 1.0
Loss: 0.10938828438520432
Timestamp: 122.88231715400025
---------------------------------------------------------------
Mean Loss in Dyn Epoch 0: 0.10885844379663467
Mean Loss in Dyn Epoch 1: 0.10901882499456406
Mean Loss in Dyn Epoch 2: 0.1091553121805191
Mean Loss in Dyn Epoch 3: 0.10905913263559341
Mean Loss in Dyn Epoch 4: 0.10917061567306519
Mean Loss in Dyn Epoch 5: 0.1090734526515007
Mean Loss in Dyn Epoch 6: 0.10905929654836655
Mean Loss in Dyn Epoch 7: 0.10910113155841827
Mean Loss in Dyn Epoch 8: 0.1090451031923294
Mean Loss in Dyn Epoch 9: 0.11023067682981491
Mean Loss in Dyn Epoch 10: 0.1094377189874649
Mean Loss in Dyn Epoch 11: 0.10973215103149414
Mean Loss in Dyn Epoch 12: 0.10924853384494781
Mean Loss in Dyn Epoch 13: 0.10924804210662842
Mean Loss in Dyn Epoch 14: 0.10954403877258301
Mean Loss in Dyn Epoch 15: 0.11155524104833603
Mean Loss in Dyn Epoch 16: 0.11078107357025146
Mean Loss in Dyn Epoch 17: 0.10986297577619553
Mean Loss in Dyn Epoch 18: 0.10918877273797989
Mean Loss in Dyn Epoch 19: 0.1090220957994461
Mean Loss in Dyn Epoch 20: 0.10933051258325577
Mean Loss in Dyn Epoch 21: 0.10961367189884186
Mean Loss in Dyn Epoch 22: 0.10938511043787003
Mean Loss in Dyn Epoch 23: 0.1089181900024414
Mean Loss in Dyn Epoch 24: 0.10858603566884995
Mean Loss in Dyn Epoch 25: 0.10903563350439072
Mean Loss in Dyn Epoch 26: 0.1086009293794632
Mean Loss in Dyn Epoch 27: 0.10892962664365768
Mean Loss in Dyn Epoch 28: 0.10879392921924591
Mean Loss in Dyn Epoch 29: 0.10872640460729599
Mean Loss in Net Epoch 0: 0.10894451290369034
Mean Loss in Net Epoch 1: 0.10893235355615616
Mean Loss in Net Epoch 2: 0.10893348604440689
Mean Loss in Net Epoch 3: 0.10891524702310562
Mean Loss in Net Epoch 4: 0.10891163349151611
Tracking cycle 14
------------------------- TRACKING ---------------------------
Matrix Hash: d589b4e10999f082, num_times_seen_before: 13
ACC: 0.18947368421052635
TPR/FPR: 1.0, 1.0
Loss: 0.10892744362354279
Timestamp: 131.632007229
---------------------------------------------------------------
Mean Loss in Dyn Epoch 0: 0.10909364372491837
Mean Loss in Dyn Epoch 1: 0.10913562774658203
Mean Loss in Dyn Epoch 2: 0.10877624899148941
Mean Loss in Dyn Epoch 3: 0.10893454402685165
Mean Loss in Dyn Epoch 4: 0.1088738963007927
Mean Loss in Dyn Epoch 5: 0.10895051062107086
Mean Loss in Dyn Epoch 6: 0.1091277003288269
Mean Loss in Dyn Epoch 7: 0.10933180153369904
Mean Loss in Dyn Epoch 8: 0.10934914648532867
Mean Loss in Dyn Epoch 9: 0.10877639055252075
Mean Loss in Dyn Epoch 10: 0.10870742052793503
Mean Loss in Dyn Epoch 11: 0.10868757218122482
Mean Loss in Dyn Epoch 12: 0.10881072282791138
Mean Loss in Dyn Epoch 13: 0.10908903181552887
Mean Loss in Dyn Epoch 14: 0.1094101071357727
Mean Loss in Dyn Epoch 15: 0.10934024304151535
Mean Loss in Dyn Epoch 16: 0.10955803841352463
Mean Loss in Dyn Epoch 17: 0.10979916155338287
Mean Loss in Dyn Epoch 18: 0.10876651108264923
Mean Loss in Dyn Epoch 19: 0.10878241062164307
Mean Loss in Dyn Epoch 20: 0.10886897146701813
Mean Loss in Dyn Epoch 21: 0.1091965064406395
Mean Loss in Dyn Epoch 22: 0.10895997285842896
Mean Loss in Dyn Epoch 23: 0.1089744120836258
Mean Loss in Dyn Epoch 24: 0.10893181711435318
Mean Loss in Dyn Epoch 25: 0.108795665204525
Mean Loss in Dyn Epoch 26: 0.10864639282226562
Mean Loss in Dyn Epoch 27: 0.10931628197431564
Mean Loss in Dyn Epoch 28: 0.11009152978658676
Mean Loss in Dyn Epoch 29: 0.1093263030052185
Mean Loss in Net Epoch 0: 0.10858040302991867
Mean Loss in Net Epoch 1: 0.10856892913579941
Mean Loss in Net Epoch 2: 0.10856398195028305
Mean Loss in Net Epoch 3: 0.10856183618307114
Mean Loss in Net Epoch 4: 0.10855498164892197
Tracking cycle 15
------------------------- TRACKING ---------------------------
Matrix Hash: d589b4e10999f082, num_times_seen_before: 14
ACC: 0.18947368421052635
TPR/FPR: 1.0, 1.0
Loss: 0.10856602340936661
Timestamp: 140.39190875900022
---------------------------------------------------------------
Mean Loss in Dyn Epoch 0: 0.10851116478443146
Mean Loss in Dyn Epoch 1: 0.10850945860147476
Mean Loss in Dyn Epoch 2: 0.10887930542230606
Mean Loss in Dyn Epoch 3: 0.10944700241088867
Mean Loss in Dyn Epoch 4: 0.10943546146154404
Mean Loss in Dyn Epoch 5: 0.10947897285223007
Mean Loss in Dyn Epoch 6: 0.10885327309370041
Mean Loss in Dyn Epoch 7: 0.10881253331899643
Mean Loss in Dyn Epoch 8: 0.10871952027082443
Mean Loss in Dyn Epoch 9: 0.10866900533437729
Mean Loss in Dyn Epoch 10: 0.1086275577545166
Mean Loss in Dyn Epoch 11: 0.1085129901766777
Mean Loss in Dyn Epoch 12: 0.1087559387087822
Mean Loss in Dyn Epoch 13: 0.10873439162969589
Mean Loss in Dyn Epoch 14: 0.10849335044622421
Mean Loss in Dyn Epoch 15: 0.10854776948690414
Mean Loss in Dyn Epoch 16: 0.10856123268604279
Mean Loss in Dyn Epoch 17: 0.10867889970541
Mean Loss in Dyn Epoch 18: 0.10887639969587326
Mean Loss in Dyn Epoch 19: 0.10862238705158234
Mean Loss in Dyn Epoch 20: 0.10886412113904953
Mean Loss in Dyn Epoch 21: 0.10847272723913193
Mean Loss in Dyn Epoch 22: 0.10865795612335205
Mean Loss in Dyn Epoch 23: 0.10884549468755722
Mean Loss in Dyn Epoch 24: 0.1089426800608635
Mean Loss in Dyn Epoch 25: 0.1088394895195961
Mean Loss in Dyn Epoch 26: 0.10873962938785553
Mean Loss in Dyn Epoch 27: 0.10863198339939117
Mean Loss in Dyn Epoch 28: 0.10913806408643723
Mean Loss in Dyn Epoch 29: 0.10953239351511002
Mean Loss in Net Epoch 0: 0.10850784927606583
Mean Loss in Net Epoch 1: 0.10850786417722702
Mean Loss in Net Epoch 2: 0.10849344730377197
Mean Loss in Net Epoch 3: 0.10849417746067047
Mean Loss in Net Epoch 4: 0.10848253965377808
Tracking cycle 16
------------------------- TRACKING ---------------------------
Matrix Hash: d589b4e10999f082, num_times_seen_before: 15
ACC: 0.18947368421052635
TPR/FPR: 1.0, 1.0
Loss: 0.10849718004465103
Timestamp: 149.14218579900034
---------------------------------------------------------------
Mean Loss in Dyn Epoch 0: 0.10944173485040665
Mean Loss in Dyn Epoch 1: 0.10921025276184082
Mean Loss in Dyn Epoch 2: 0.1086336001753807
Mean Loss in Dyn Epoch 3: 0.1088755652308464
Mean Loss in Dyn Epoch 4: 0.10865718126296997
Mean Loss in Dyn Epoch 5: 0.10869552195072174
Mean Loss in Dyn Epoch 6: 0.10871439427137375
Mean Loss in Dyn Epoch 7: 0.10957036167383194
Mean Loss in Dyn Epoch 8: 0.10897751152515411
Mean Loss in Dyn Epoch 9: 0.10886836051940918
Mean Loss in Dyn Epoch 10: 0.10850916057825089
Mean Loss in Dyn Epoch 11: 0.10848124325275421
Mean Loss in Dyn Epoch 12: 0.10895075649023056
Mean Loss in Dyn Epoch 13: 0.10916478931903839
Mean Loss in Dyn Epoch 14: 0.10942886024713516
Mean Loss in Dyn Epoch 15: 0.10919280350208282
Mean Loss in Dyn Epoch 16: 0.10872812569141388
Mean Loss in Dyn Epoch 17: 0.10850661247968674
Mean Loss in Dyn Epoch 18: 0.10844295471906662
Mean Loss in Dyn Epoch 19: 0.10855241119861603
Mean Loss in Dyn Epoch 20: 0.10880732536315918
Mean Loss in Dyn Epoch 21: 0.10872416943311691
Mean Loss in Dyn Epoch 22: 0.108741894364357
Mean Loss in Dyn Epoch 23: 0.10853856056928635
Mean Loss in Dyn Epoch 24: 0.10884758085012436
Mean Loss in Dyn Epoch 25: 0.10868179798126221
Mean Loss in Dyn Epoch 26: 0.10893330723047256
Mean Loss in Dyn Epoch 27: 0.10909643024206161
Mean Loss in Dyn Epoch 28: 0.10883506387472153
Mean Loss in Dyn Epoch 29: 0.10892847925424576
Mean Loss in Net Epoch 0: 0.10812373459339142
Mean Loss in Net Epoch 1: 0.10812821239233017
Mean Loss in Net Epoch 2: 0.10811442136764526
Mean Loss in Net Epoch 3: 0.1081174835562706
Mean Loss in Net Epoch 4: 0.10810095071792603
Tracking cycle 17
------------------------- TRACKING ---------------------------
Matrix Hash: d589b4e10999f082, num_times_seen_before: 16
ACC: 0.18947368421052635
TPR/FPR: 1.0, 1.0
Loss: 0.10811696201562881
Timestamp: 157.93746574800025
---------------------------------------------------------------
Mean Loss in Dyn Epoch 0: 0.10872476547956467
Mean Loss in Dyn Epoch 1: 0.1087326630949974
Mean Loss in Dyn Epoch 2: 0.10897499322891235
Mean Loss in Dyn Epoch 3: 0.109255351126194
Mean Loss in Dyn Epoch 4: 0.10992884635925293
Mean Loss in Dyn Epoch 5: 0.10893964022397995
Mean Loss in Dyn Epoch 6: 0.10854821652173996
Mean Loss in Dyn Epoch 7: 0.10879087448120117
Mean Loss in Dyn Epoch 8: 0.10948727279901505
Mean Loss in Dyn Epoch 9: 0.10882385075092316
Mean Loss in Dyn Epoch 10: 0.10917641222476959
Mean Loss in Dyn Epoch 11: 0.10935435444116592
Mean Loss in Dyn Epoch 12: 0.10896974802017212
Mean Loss in Dyn Epoch 13: 0.10866129398345947
Mean Loss in Dyn Epoch 14: 0.10856518894433975
Mean Loss in Dyn Epoch 15: 0.108547642827034
Mean Loss in Dyn Epoch 16: 0.10860218107700348
Mean Loss in Dyn Epoch 17: 0.10868747532367706
Mean Loss in Dyn Epoch 18: 0.10845990478992462
Mean Loss in Dyn Epoch 19: 0.10857784003019333
Mean Loss in Dyn Epoch 20: 0.10857336968183517
Mean Loss in Dyn Epoch 21: 0.10852795094251633
Mean Loss in Dyn Epoch 22: 0.10889881104230881
Mean Loss in Dyn Epoch 23: 0.10897359997034073
Mean Loss in Dyn Epoch 24: 0.10880853235721588
Mean Loss in Dyn Epoch 25: 0.1083291545510292
Mean Loss in Dyn Epoch 26: 0.10840890556573868
Mean Loss in Dyn Epoch 27: 0.10865193605422974
Mean Loss in Dyn Epoch 28: 0.10869131237268448
Mean Loss in Dyn Epoch 29: 0.10846056044101715
Mean Loss in Net Epoch 0: 0.1081724762916565
Mean Loss in Net Epoch 1: 0.10815777629613876
Mean Loss in Net Epoch 2: 0.10816234350204468
Mean Loss in Net Epoch 3: 0.10816212743520737
Mean Loss in Net Epoch 4: 0.10816440731287003
Tracking cycle 18
------------------------- TRACKING ---------------------------
Matrix Hash: d589b4e10999f082, num_times_seen_before: 17
ACC: 0.18947368421052635
TPR/FPR: 1.0, 1.0
Loss: 0.10816383361816406
Timestamp: 166.7538829590003
---------------------------------------------------------------
Mean Loss in Dyn Epoch 0: 0.10841530561447144
Mean Loss in Dyn Epoch 1: 0.10843348503112793
Mean Loss in Dyn Epoch 2: 0.10868461430072784
Mean Loss in Dyn Epoch 3: 0.10967977344989777
Mean Loss in Dyn Epoch 4: 0.10980422794818878
Mean Loss in Dyn Epoch 5: 0.10982660204172134
Mean Loss in Dyn Epoch 6: 0.10899628698825836
Mean Loss in Dyn Epoch 7: 0.1090814471244812
Mean Loss in Dyn Epoch 8: 0.10845940560102463
Mean Loss in Dyn Epoch 9: 0.1085837110877037
Mean Loss in Dyn Epoch 10: 0.10845182090997696
Mean Loss in Dyn Epoch 11: 0.10830028355121613
Mean Loss in Dyn Epoch 12: 0.10839147865772247
Mean Loss in Dyn Epoch 13: 0.10845296829938889
Mean Loss in Dyn Epoch 14: 0.10875114053487778
Mean Loss in Dyn Epoch 15: 0.10861804336309433
Mean Loss in Dyn Epoch 16: 0.10832347720861435
Mean Loss in Dyn Epoch 17: 0.10880809277296066
Mean Loss in Dyn Epoch 18: 0.10875187069177628
Mean Loss in Dyn Epoch 19: 0.10870487987995148
Mean Loss in Dyn Epoch 20: 0.10864348709583282
Mean Loss in Dyn Epoch 21: 0.1083870530128479
Mean Loss in Dyn Epoch 22: 0.10857430845499039
Mean Loss in Dyn Epoch 23: 0.1086568832397461
Mean Loss in Dyn Epoch 24: 0.10874443501234055
Mean Loss in Dyn Epoch 25: 0.10922720283269882
Mean Loss in Dyn Epoch 26: 0.10926391184329987
Mean Loss in Dyn Epoch 27: 0.10866588354110718
Mean Loss in Dyn Epoch 28: 0.10859813541173935
Mean Loss in Dyn Epoch 29: 0.10872366279363632
Mean Loss in Net Epoch 0: 0.10796868801116943
Mean Loss in Net Epoch 1: 0.10796976089477539
Mean Loss in Net Epoch 2: 0.10796862095594406
Mean Loss in Net Epoch 3: 0.10797567665576935
Mean Loss in Net Epoch 4: 0.10796765238046646
Tracking cycle 19
------------------------- TRACKING ---------------------------
Matrix Hash: d589b4e10999f082, num_times_seen_before: 18
ACC: 0.18947368421052635
TPR/FPR: 1.0, 1.0
Loss: 0.10797007381916046
Timestamp: 175.55298143300024
---------------------------------------------------------------
Mean Loss in Dyn Epoch 0: 0.1090785413980484
Mean Loss in Dyn Epoch 1: 0.10958082973957062
Mean Loss in Dyn Epoch 2: 0.10858364403247833
Mean Loss in Dyn Epoch 3: 0.10891234874725342
Mean Loss in Dyn Epoch 4: 0.10870560258626938
Mean Loss in Dyn Epoch 5: 0.10864603519439697
Mean Loss in Dyn Epoch 6: 0.10893779247999191
Mean Loss in Dyn Epoch 7: 0.10866107791662216
Mean Loss in Dyn Epoch 8: 0.10854017734527588
Mean Loss in Dyn Epoch 9: 0.1084514856338501
Mean Loss in Dyn Epoch 10: 0.10860250145196915
Mean Loss in Dyn Epoch 11: 0.10855884850025177
Mean Loss in Dyn Epoch 12: 0.10874234884977341
Mean Loss in Dyn Epoch 13: 0.10885556042194366
Mean Loss in Dyn Epoch 14: 0.10913491249084473
Mean Loss in Dyn Epoch 15: 0.10868116468191147
Mean Loss in Dyn Epoch 16: 0.10836026817560196
Mean Loss in Dyn Epoch 17: 0.10851818323135376
Mean Loss in Dyn Epoch 18: 0.1086106225848198
Mean Loss in Dyn Epoch 19: 0.1086636409163475
Mean Loss in Dyn Epoch 20: 0.1085176020860672
Mean Loss in Dyn Epoch 21: 0.10828881710767746
Mean Loss in Dyn Epoch 22: 0.10849453508853912
Mean Loss in Dyn Epoch 23: 0.10833372175693512
Mean Loss in Dyn Epoch 24: 0.10826265066862106
Mean Loss in Dyn Epoch 25: 0.10838177055120468
Mean Loss in Dyn Epoch 26: 0.10830098390579224
Mean Loss in Dyn Epoch 27: 0.10833597183227539
Mean Loss in Dyn Epoch 28: 0.10851812362670898
Mean Loss in Dyn Epoch 29: 0.10843732208013535
Mean Loss in Net Epoch 0: 0.10949929803609848
Mean Loss in Net Epoch 1: 0.10950042307376862
Mean Loss in Net Epoch 2: 0.10950758308172226
Mean Loss in Net Epoch 3: 0.1095062717795372
Mean Loss in Net Epoch 4: 0.10949450731277466
Tracking cycle 20
------------------------- TRACKING ---------------------------
Matrix Hash: d589b4e10999f082, num_times_seen_before: 19
ACC: 0.18947368421052635
TPR/FPR: 1.0, 1.0
Loss: 0.10950162261724472
Timestamp: 184.42036836700026
---------------------------------------------------------------
Mean Loss in Dyn Epoch 0: 0.10901867598295212
Mean Loss in Dyn Epoch 1: 0.10854768007993698
Mean Loss in Dyn Epoch 2: 0.10864313691854477
Mean Loss in Dyn Epoch 3: 0.1082983985543251
Mean Loss in Dyn Epoch 4: 0.10844818502664566
Mean Loss in Dyn Epoch 5: 0.10850731283426285
Mean Loss in Dyn Epoch 6: 0.1082262322306633
Mean Loss in Dyn Epoch 7: 0.1085214614868164
Mean Loss in Dyn Epoch 8: 0.10834784805774689
Mean Loss in Dyn Epoch 9: 0.10842843353748322
Mean Loss in Dyn Epoch 10: 0.1084369346499443
Mean Loss in Dyn Epoch 11: 0.10814346373081207
Mean Loss in Dyn Epoch 12: 0.10853393375873566
Mean Loss in Dyn Epoch 13: 0.1083873063325882
Mean Loss in Dyn Epoch 14: 0.10892102867364883
Mean Loss in Dyn Epoch 15: 0.10901029407978058
Mean Loss in Dyn Epoch 16: 0.10844814032316208
Mean Loss in Dyn Epoch 17: 0.10877519100904465
Mean Loss in Dyn Epoch 18: 0.10872095078229904
Mean Loss in Dyn Epoch 19: 0.10828184336423874
Mean Loss in Dyn Epoch 20: 0.10859320312738419
Mean Loss in Dyn Epoch 21: 0.1085280328989029
Mean Loss in Dyn Epoch 22: 0.10856334120035172
Mean Loss in Dyn Epoch 23: 0.10829637199640274
Mean Loss in Dyn Epoch 24: 0.10836781561374664
Mean Loss in Dyn Epoch 25: 0.10917884111404419
Mean Loss in Dyn Epoch 26: 0.10877382010221481
Mean Loss in Dyn Epoch 27: 0.10888581722974777
Mean Loss in Dyn Epoch 28: 0.10858342796564102
Mean Loss in Dyn Epoch 29: 0.10826867073774338
Mean Loss in Net Epoch 0: 0.10776975005865097
Mean Loss in Net Epoch 1: 0.10776157677173615
Mean Loss in Net Epoch 2: 0.10775496810674667
Mean Loss in Net Epoch 3: 0.10775067657232285
Mean Loss in Net Epoch 4: 0.10774751752614975
Tracking cycle 21
------------------------- TRACKING ---------------------------
Matrix Hash: d589b4e10999f082, num_times_seen_before: 20
ACC: 0.18947368421052635
TPR/FPR: 1.0, 1.0
Loss: 0.10775690525770187
Timestamp: 193.22853884799997
---------------------------------------------------------------
Mean Loss in Dyn Epoch 0: 0.10823755711317062
Mean Loss in Dyn Epoch 1: 0.10832784324884415
Mean Loss in Dyn Epoch 2: 0.10829383134841919
Mean Loss in Dyn Epoch 3: 0.10846322029829025
Mean Loss in Dyn Epoch 4: 0.10873706638813019
Mean Loss in Dyn Epoch 5: 0.10831423103809357
Mean Loss in Dyn Epoch 6: 0.10842955112457275
Mean Loss in Dyn Epoch 7: 0.1085534319281578
Mean Loss in Dyn Epoch 8: 0.1084149107336998
Mean Loss in Dyn Epoch 9: 0.10824470967054367
Mean Loss in Dyn Epoch 10: 0.1084282398223877
Mean Loss in Dyn Epoch 11: 0.10846760123968124
Mean Loss in Dyn Epoch 12: 0.10846257209777832
Mean Loss in Dyn Epoch 13: 0.10833288729190826
Mean Loss in Dyn Epoch 14: 0.10843893140554428
Mean Loss in Dyn Epoch 15: 0.10879790037870407
Mean Loss in Dyn Epoch 16: 0.10814539343118668
Mean Loss in Dyn Epoch 17: 0.10840582847595215
Mean Loss in Dyn Epoch 18: 0.10815953463315964
Mean Loss in Dyn Epoch 19: 0.10823500156402588
Mean Loss in Dyn Epoch 20: 0.10902728885412216
Mean Loss in Dyn Epoch 21: 0.10851643234491348
Mean Loss in Dyn Epoch 22: 0.1084790751338005
Mean Loss in Dyn Epoch 23: 0.10870714485645294
Mean Loss in Dyn Epoch 24: 0.10830271244049072
Mean Loss in Dyn Epoch 25: 0.10830307006835938
Mean Loss in Dyn Epoch 26: 0.10845979303121567
Mean Loss in Dyn Epoch 27: 0.10845853388309479
Mean Loss in Dyn Epoch 28: 0.10875266045331955
Mean Loss in Dyn Epoch 29: 0.10873577743768692
Mean Loss in Net Epoch 0: 0.10894240438938141
Mean Loss in Net Epoch 1: 0.10893998295068741
Mean Loss in Net Epoch 2: 0.1089518591761589
Mean Loss in Net Epoch 3: 0.10893390327692032
Mean Loss in Net Epoch 4: 0.10893193632364273
Tracking cycle 22
------------------------- TRACKING ---------------------------
Matrix Hash: d589b4e10999f082, num_times_seen_before: 21
ACC: 0.18947368421052635
TPR/FPR: 1.0, 1.0
Loss: 0.1089400202035904
Timestamp: 202.0122428540003
---------------------------------------------------------------
Mean Loss in Dyn Epoch 0: 0.10831116884946823
Mean Loss in Dyn Epoch 1: 0.1084425076842308
Mean Loss in Dyn Epoch 2: 0.10822800546884537
Mean Loss in Dyn Epoch 3: 0.10882169008255005
Mean Loss in Dyn Epoch 4: 0.10959868878126144
Mean Loss in Dyn Epoch 5: 0.10905738174915314
Mean Loss in Dyn Epoch 6: 0.10929463058710098
Mean Loss in Dyn Epoch 7: 0.10819237679243088
Mean Loss in Dyn Epoch 8: 0.10821156948804855
Mean Loss in Dyn Epoch 9: 0.10830827057361603
Mean Loss in Dyn Epoch 10: 0.10840709507465363
Mean Loss in Dyn Epoch 11: 0.10892968624830246
Mean Loss in Dyn Epoch 12: 0.10818401724100113
Mean Loss in Dyn Epoch 13: 0.10860415548086166
Mean Loss in Dyn Epoch 14: 0.10830283164978027
Mean Loss in Dyn Epoch 15: 0.10804503411054611
Mean Loss in Dyn Epoch 16: 0.10801493376493454
Mean Loss in Dyn Epoch 17: 0.10799608379602432
Mean Loss in Dyn Epoch 18: 0.10833770036697388
Mean Loss in Dyn Epoch 19: 0.109266497194767
Mean Loss in Dyn Epoch 20: 0.10896492004394531
Mean Loss in Dyn Epoch 21: 0.10941777378320694
Mean Loss in Dyn Epoch 22: 0.10841583460569382
Mean Loss in Dyn Epoch 23: 0.1082603707909584
Mean Loss in Dyn Epoch 24: 0.1087685152888298
Mean Loss in Dyn Epoch 25: 0.10811729729175568
Mean Loss in Dyn Epoch 26: 0.10815592855215073
Mean Loss in Dyn Epoch 27: 0.1081434041261673
Mean Loss in Dyn Epoch 28: 0.1079343780875206
Mean Loss in Dyn Epoch 29: 0.10822458565235138
Mean Loss in Net Epoch 0: 0.10786594450473785
Mean Loss in Net Epoch 1: 0.1078641340136528
Mean Loss in Net Epoch 2: 0.10787200927734375
Mean Loss in Net Epoch 3: 0.10787101089954376
Mean Loss in Net Epoch 4: 0.10786522924900055
Tracking cycle 23
------------------------- TRACKING ---------------------------
Matrix Hash: d589b4e10999f082, num_times_seen_before: 22
ACC: 0.18947368421052635
TPR/FPR: 1.0, 1.0
Loss: 0.10786767303943634
Timestamp: 210.7794308120001
---------------------------------------------------------------
Mean Loss in Dyn Epoch 0: 0.10816188156604767
Mean Loss in Dyn Epoch 1: 0.10831184685230255
Mean Loss in Dyn Epoch 2: 0.1081857681274414
Mean Loss in Dyn Epoch 3: 0.10790639370679855
Mean Loss in Dyn Epoch 4: 0.10825617611408234
Mean Loss in Dyn Epoch 5: 0.1081959530711174
Mean Loss in Dyn Epoch 6: 0.10815723240375519
Mean Loss in Dyn Epoch 7: 0.10881149768829346
Mean Loss in Dyn Epoch 8: 0.10868947952985764
Mean Loss in Dyn Epoch 9: 0.10869040340185165
Mean Loss in Dyn Epoch 10: 0.10838069766759872
Mean Loss in Dyn Epoch 11: 0.10801257938146591
Mean Loss in Dyn Epoch 12: 0.10794617980718613
Mean Loss in Dyn Epoch 13: 0.10852225124835968
Mean Loss in Dyn Epoch 14: 0.10823763906955719
Mean Loss in Dyn Epoch 15: 0.10788966715335846
Mean Loss in Dyn Epoch 16: 0.10795851796865463
Mean Loss in Dyn Epoch 17: 0.10808008164167404
Mean Loss in Dyn Epoch 18: 0.10818499326705933
Mean Loss in Dyn Epoch 19: 0.10796554386615753
Mean Loss in Dyn Epoch 20: 0.10809097439050674
Mean Loss in Dyn Epoch 21: 0.1079321876168251
Mean Loss in Dyn Epoch 22: 0.10822943598031998
Mean Loss in Dyn Epoch 23: 0.10813839733600616
Mean Loss in Dyn Epoch 24: 0.1086212545633316
Mean Loss in Dyn Epoch 25: 0.10832784324884415
Mean Loss in Dyn Epoch 26: 0.10792680829763412
Mean Loss in Dyn Epoch 27: 0.10829219967126846
Mean Loss in Dyn Epoch 28: 0.10871360450983047
Mean Loss in Dyn Epoch 29: 0.10837896168231964
Mean Loss in Net Epoch 0: 0.10780531167984009
Mean Loss in Net Epoch 1: 0.10780312120914459
Mean Loss in Net Epoch 2: 0.10779871791601181
Mean Loss in Net Epoch 3: 0.1077890396118164
Mean Loss in Net Epoch 4: 0.1077791228890419
Tracking cycle 24
------------------------- TRACKING ---------------------------
Matrix Hash: d589b4e10999f082, num_times_seen_before: 23
ACC: 0.18947368421052635
TPR/FPR: 1.0, 1.0
Loss: 0.10779507458209991
Timestamp: 219.66125196400026
---------------------------------------------------------------
Mean Loss in Dyn Epoch 0: 0.10867031663656235
Mean Loss in Dyn Epoch 1: 0.10878854990005493
Mean Loss in Dyn Epoch 2: 0.1099216490983963
Mean Loss in Dyn Epoch 3: 0.10882126539945602
Mean Loss in Dyn Epoch 4: 0.10836491733789444
Mean Loss in Dyn Epoch 5: 0.10779237747192383
Mean Loss in Dyn Epoch 6: 0.10826843231916428
Mean Loss in Dyn Epoch 7: 0.10890505462884903
Mean Loss in Dyn Epoch 8: 0.10870637744665146
Mean Loss in Dyn Epoch 9: 0.10812276601791382
Mean Loss in Dyn Epoch 10: 0.10782764106988907
Mean Loss in Dyn Epoch 11: 0.10802704095840454
Mean Loss in Dyn Epoch 12: 0.10793647915124893
Mean Loss in Dyn Epoch 13: 0.10791249573230743
Mean Loss in Dyn Epoch 14: 0.10814227163791656
Mean Loss in Dyn Epoch 15: 0.10786104202270508
Mean Loss in Dyn Epoch 16: 0.1082535907626152
Mean Loss in Dyn Epoch 17: 0.10800057649612427
Mean Loss in Dyn Epoch 18: 0.10799135267734528
Mean Loss in Dyn Epoch 19: 0.1080448180437088
Mean Loss in Dyn Epoch 20: 0.10849037021398544
Mean Loss in Dyn Epoch 21: 0.10793453454971313
Mean Loss in Dyn Epoch 22: 0.10808081924915314
Mean Loss in Dyn Epoch 23: 0.10788347572088242
Mean Loss in Dyn Epoch 24: 0.10788526386022568
Mean Loss in Dyn Epoch 25: 0.10805660486221313
Mean Loss in Dyn Epoch 26: 0.10812386125326157
Mean Loss in Dyn Epoch 27: 0.10798276960849762
Mean Loss in Dyn Epoch 28: 0.10828294605016708
Mean Loss in Dyn Epoch 29: 0.10854683071374893
Mean Loss in Net Epoch 0: 0.10896442085504532
Mean Loss in Net Epoch 1: 0.10896272957324982
Mean Loss in Net Epoch 2: 0.10895514488220215
Mean Loss in Net Epoch 3: 0.10895102471113205
Mean Loss in Net Epoch 4: 0.10894756764173508
Tracking cycle 25
------------------------- TRACKING ---------------------------
Matrix Hash: d589b4e10999f082, num_times_seen_before: 24
ACC: 0.18947368421052635
TPR/FPR: 1.0, 1.0
Loss: 0.10895618051290512
Timestamp: 228.4119596610003
---------------------------------------------------------------
Mean Loss in Dyn Epoch 0: 0.10890191793441772
Mean Loss in Dyn Epoch 1: 0.10862713307142258
Mean Loss in Dyn Epoch 2: 0.10811438411474228
Mean Loss in Dyn Epoch 3: 0.10881955921649933
Mean Loss in Dyn Epoch 4: 0.10841565579175949
Mean Loss in Dyn Epoch 5: 0.10791676491498947
Mean Loss in Dyn Epoch 6: 0.10792582482099533
Mean Loss in Dyn Epoch 7: 0.10808119922876358
Mean Loss in Dyn Epoch 8: 0.10790891945362091
Mean Loss in Dyn Epoch 9: 0.10826408118009567
Mean Loss in Dyn Epoch 10: 0.10886462032794952
Mean Loss in Dyn Epoch 11: 0.1088101863861084
Mean Loss in Dyn Epoch 12: 0.10883231461048126
Mean Loss in Dyn Epoch 13: 0.10819365829229355
Mean Loss in Dyn Epoch 14: 0.10788388550281525
Mean Loss in Dyn Epoch 15: 0.10794805735349655
Mean Loss in Dyn Epoch 16: 0.10780037939548492
Mean Loss in Dyn Epoch 17: 0.10787613689899445
Mean Loss in Dyn Epoch 18: 0.10801651328802109
Mean Loss in Dyn Epoch 19: 0.10832422226667404
Mean Loss in Dyn Epoch 20: 0.10808046162128448
Mean Loss in Dyn Epoch 21: 0.1079259067773819
Mean Loss in Dyn Epoch 22: 0.1079024076461792
Mean Loss in Dyn Epoch 23: 0.1084219366312027
Mean Loss in Dyn Epoch 24: 0.10840918868780136
Mean Loss in Dyn Epoch 25: 0.10802507400512695
Mean Loss in Dyn Epoch 26: 0.10817277431488037
Mean Loss in Dyn Epoch 27: 0.10804273188114166
Mean Loss in Dyn Epoch 28: 0.1080201044678688
Mean Loss in Dyn Epoch 29: 0.1076856479048729
Mean Loss in Net Epoch 0: 0.10750045627355576
Mean Loss in Net Epoch 1: 0.107499860227108
Mean Loss in Net Epoch 2: 0.10749050229787827
Mean Loss in Net Epoch 3: 0.10748501121997833
Mean Loss in Net Epoch 4: 0.10748525708913803
Tracking cycle 26
------------------------- TRACKING ---------------------------
Matrix Hash: d589b4e10999f082, num_times_seen_before: 25
ACC: 0.18947368421052635
TPR/FPR: 1.0, 1.0
Loss: 0.10749220848083496
Timestamp: 237.24554460900026
---------------------------------------------------------------
Mean Loss in Dyn Epoch 0: 0.10786709934473038
Mean Loss in Dyn Epoch 1: 0.1083000898361206
Mean Loss in Dyn Epoch 2: 0.10817871242761612
Mean Loss in Dyn Epoch 3: 0.10773763805627823
Mean Loss in Dyn Epoch 4: 0.10781047493219376
Mean Loss in Dyn Epoch 5: 0.10783200711011887
Mean Loss in Dyn Epoch 6: 0.10801436752080917
Mean Loss in Dyn Epoch 7: 0.10790526866912842
Mean Loss in Dyn Epoch 8: 0.10771556198596954
Mean Loss in Dyn Epoch 9: 0.10794360935688019
Mean Loss in Dyn Epoch 10: 0.1077856570482254
Mean Loss in Dyn Epoch 11: 0.10771095752716064
Mean Loss in Dyn Epoch 12: 0.10770654678344727
Mean Loss in Dyn Epoch 13: 0.1078013926744461
Mean Loss in Dyn Epoch 14: 0.10764950513839722
Mean Loss in Dyn Epoch 15: 0.10770060867071152
Mean Loss in Dyn Epoch 16: 0.1079007163643837
Mean Loss in Dyn Epoch 17: 0.10794353485107422
Mean Loss in Dyn Epoch 18: 0.10828395932912827
Mean Loss in Dyn Epoch 19: 0.10795115679502487
Mean Loss in Dyn Epoch 20: 0.10831921547651291
Mean Loss in Dyn Epoch 21: 0.10837843269109726
Mean Loss in Dyn Epoch 22: 0.10814910382032394
Mean Loss in Dyn Epoch 23: 0.10796759277582169
Mean Loss in Dyn Epoch 24: 0.10792884975671768
Mean Loss in Dyn Epoch 25: 0.10871767997741699
Mean Loss in Dyn Epoch 26: 0.10835712403059006
Mean Loss in Dyn Epoch 27: 0.10802540928125381
Mean Loss in Dyn Epoch 28: 0.10780161619186401
Mean Loss in Dyn Epoch 29: 0.10774289816617966
Mean Loss in Net Epoch 0: 0.10748129338026047
Mean Loss in Net Epoch 1: 0.10748115926980972
Mean Loss in Net Epoch 2: 0.10748141258955002
Mean Loss in Net Epoch 3: 0.10747145861387253
Mean Loss in Net Epoch 4: 0.10747088491916656
Tracking cycle 27
------------------------- TRACKING ---------------------------
Matrix Hash: d589b4e10999f082, num_times_seen_before: 26
ACC: 0.18947368421052635
TPR/FPR: 1.0, 1.0
Loss: 0.10747724026441574
Timestamp: 246.0069005780001
---------------------------------------------------------------
Mean Loss in Dyn Epoch 0: 0.10766220092773438
Mean Loss in Dyn Epoch 1: 0.107929527759552
Mean Loss in Dyn Epoch 2: 0.10773330181837082
Mean Loss in Dyn Epoch 3: 0.10789012908935547
Mean Loss in Dyn Epoch 4: 0.10808183997869492
Mean Loss in Dyn Epoch 5: 0.10801440477371216
Mean Loss in Dyn Epoch 6: 0.1085861474275589
Mean Loss in Dyn Epoch 7: 0.109052874147892
Mean Loss in Dyn Epoch 8: 0.10941239446401596
Mean Loss in Dyn Epoch 9: 0.10802841186523438
Mean Loss in Dyn Epoch 10: 0.10792558640241623
Mean Loss in Dyn Epoch 11: 0.10789033025503159
Mean Loss in Dyn Epoch 12: 0.10818304866552353
Mean Loss in Dyn Epoch 13: 0.10828762501478195
Mean Loss in Dyn Epoch 14: 0.10788353532552719
Mean Loss in Dyn Epoch 15: 0.10836392641067505
Mean Loss in Dyn Epoch 16: 0.10817831754684448
Mean Loss in Dyn Epoch 17: 0.10815024375915527
Mean Loss in Dyn Epoch 18: 0.10804852098226547
Mean Loss in Dyn Epoch 19: 0.10791591554880142
Mean Loss in Dyn Epoch 20: 0.107740618288517
Mean Loss in Dyn Epoch 21: 0.10814720392227173
Mean Loss in Dyn Epoch 22: 0.10764940083026886
Mean Loss in Dyn Epoch 23: 0.10792821645736694
Mean Loss in Dyn Epoch 24: 0.10781415551900864
Mean Loss in Dyn Epoch 25: 0.10797693580389023
Mean Loss in Dyn Epoch 26: 0.107679583132267
Mean Loss in Dyn Epoch 27: 0.10777788609266281
Mean Loss in Dyn Epoch 28: 0.10812383145093918
Mean Loss in Dyn Epoch 29: 0.10804378241300583
Mean Loss in Net Epoch 0: 0.10821559280157089
Mean Loss in Net Epoch 1: 0.10820474475622177
Mean Loss in Net Epoch 2: 0.10819826275110245
Mean Loss in Net Epoch 3: 0.1082003116607666
Mean Loss in Net Epoch 4: 0.10819818824529648
Tracking cycle 28
------------------------- TRACKING ---------------------------
Matrix Hash: d589b4e10999f082, num_times_seen_before: 27
ACC: 0.18947368421052635
TPR/FPR: 1.0, 1.0
Loss: 0.10820341110229492
Timestamp: 254.8050394060001
---------------------------------------------------------------
Mean Loss in Dyn Epoch 0: 0.10812705010175705
Mean Loss in Dyn Epoch 1: 0.1081363782286644
Mean Loss in Dyn Epoch 2: 0.10794637352228165
Mean Loss in Dyn Epoch 3: 0.10782144218683243
Mean Loss in Dyn Epoch 4: 0.10822035372257233
Mean Loss in Dyn Epoch 5: 0.10817360132932663
Mean Loss in Dyn Epoch 6: 0.10821578651666641
Mean Loss in Dyn Epoch 7: 0.10780443996191025
Mean Loss in Dyn Epoch 8: 0.1075986996293068
Mean Loss in Dyn Epoch 9: 0.10804319381713867
Mean Loss in Dyn Epoch 10: 0.10787340253591537
Mean Loss in Dyn Epoch 11: 0.1082262322306633
Mean Loss in Dyn Epoch 12: 0.10794144868850708
Mean Loss in Dyn Epoch 13: 0.10787689685821533
Mean Loss in Dyn Epoch 14: 0.10765943676233292
Mean Loss in Dyn Epoch 15: 0.10793445259332657
Mean Loss in Dyn Epoch 16: 0.10779755562543869
Mean Loss in Dyn Epoch 17: 0.10768061131238937
Mean Loss in Dyn Epoch 18: 0.10831018537282944
Mean Loss in Dyn Epoch 19: 0.10809393227100372
Mean Loss in Dyn Epoch 20: 0.10814648866653442
Mean Loss in Dyn Epoch 21: 0.10842590779066086
Mean Loss in Dyn Epoch 22: 0.10806071013212204
Mean Loss in Dyn Epoch 23: 0.10764322429895401
Mean Loss in Dyn Epoch 24: 0.10796453803777695
Mean Loss in Dyn Epoch 25: 0.10772925615310669
Mean Loss in Dyn Epoch 26: 0.10753022879362106
Mean Loss in Dyn Epoch 27: 0.10787007957696915
Mean Loss in Dyn Epoch 28: 0.10856293886899948
Mean Loss in Dyn Epoch 29: 0.10867724567651749
Mean Loss in Net Epoch 0: 0.10832438617944717
Mean Loss in Net Epoch 1: 0.10832559317350388
Mean Loss in Net Epoch 2: 0.10831662267446518
Mean Loss in Net Epoch 3: 0.10831638425588608
Mean Loss in Net Epoch 4: 0.10830745846033096
Tracking cycle 29
------------------------- TRACKING ---------------------------
Matrix Hash: d589b4e10999f082, num_times_seen_before: 28
ACC: 0.18947368421052635
TPR/FPR: 1.0, 1.0
Loss: 0.10831809043884277
Timestamp: 263.83305948
---------------------------------------------------------------
Mean Loss in Dyn Epoch 0: 0.10850920528173447
Mean Loss in Dyn Epoch 1: 0.1079009398818016
Mean Loss in Dyn Epoch 2: 0.10766825824975967
Mean Loss in Dyn Epoch 3: 0.10761525481939316
Mean Loss in Dyn Epoch 4: 0.10810275375843048
Mean Loss in Dyn Epoch 5: 0.10809719562530518
Mean Loss in Dyn Epoch 6: 0.10771150887012482
Mean Loss in Dyn Epoch 7: 0.10810735076665878
Mean Loss in Dyn Epoch 8: 0.10774258524179459
Mean Loss in Dyn Epoch 9: 0.10766082257032394
Mean Loss in Dyn Epoch 10: 0.10794086754322052
Mean Loss in Dyn Epoch 11: 0.10850786417722702
Mean Loss in Dyn Epoch 12: 0.1076778993010521
Mean Loss in Dyn Epoch 13: 0.10745888203382492
Mean Loss in Dyn Epoch 14: 0.10764409601688385
Mean Loss in Dyn Epoch 15: 0.10749094933271408
Mean Loss in Dyn Epoch 16: 0.10753104835748672
Mean Loss in Dyn Epoch 17: 0.10810931026935577
Mean Loss in Dyn Epoch 18: 0.10803014039993286
Mean Loss in Dyn Epoch 19: 0.10832225531339645
Mean Loss in Dyn Epoch 20: 0.10816111415624619
Mean Loss in Dyn Epoch 21: 0.10817696154117584
Mean Loss in Dyn Epoch 22: 0.10820739716291428
Mean Loss in Dyn Epoch 23: 0.1079249382019043
Mean Loss in Dyn Epoch 24: 0.10848801583051682
Mean Loss in Dyn Epoch 25: 0.10789711773395538
Mean Loss in Dyn Epoch 26: 0.10774888098239899
Mean Loss in Dyn Epoch 27: 0.10770149528980255
Mean Loss in Dyn Epoch 28: 0.10822185128927231
Mean Loss in Dyn Epoch 29: 0.1080632358789444
Mean Loss in Net Epoch 0: 0.10756009817123413
Mean Loss in Net Epoch 1: 0.10755433142185211
Mean Loss in Net Epoch 2: 0.10754885524511337
Mean Loss in Net Epoch 3: 0.10754168033599854
Mean Loss in Net Epoch 4: 0.10753412544727325
Tracking cycle 30
------------------------- TRACKING ---------------------------
Matrix Hash: d589b4e10999f082, num_times_seen_before: 29
ACC: 0.18947368421052635
TPR/FPR: 1.0, 1.0
Loss: 0.1075478196144104
Timestamp: 272.65478422700016
---------------------------------------------------------------
Mean Loss in Dyn Epoch 0: 0.10786931961774826
Mean Loss in Dyn Epoch 1: 0.10774274915456772
