../data/final/cml/timeseries_ba20_1k_4_restart.pickle
../data/final/edges_ba20.pickle
CONTINUATION: True
CONT_ADDRESS: ../GA/GA_logs/final/cml_ba20_1k_4_restart_shortcut_eval/2021-03-11T03_17_31.151794
SEED: 1
NUM_DYN_EPOCHS: 200
DETECT_EARLY_CONVERGENCE: False
USE_EVALEPOCH_FOR_GUIDED_MUTATION: True
USE_NODEWISE_LOSS: False
USE_DYNAMIC_STEPS: True
NUM_GEN: 20
DETERMINISTIC_EVAL: False
FREE WALK: False
EXPERIMENTS: 5
FORMAT: standard
num samples: 1000
NUM_TRAIN_SAMPLES: 1000
NUM_TRAIN_BATCHES: 10
NUM_TEST_SAMPLES: 1000
NUM_TEST_BATCHES: 10
BATCH_SIZE: 100
HIDDEN_SIZE: 128
NUM_DYN_EPOCHS: 200
IS_CONTINUOUS: True
USE_MAX: False

Generation 0
Mean loss in evaluation epoch: 0.11792393773794174, epochs needed: 200
------------------------- TRACKING ---------------------------
Matrix Hash: c12bbdad7a2587f7, num_times_seen_before: 0
ACC: 0.5631578947368421
TPR/FPR: 0.8055555555555556, 0.4935064935064935
Loss: 0.11792393773794174
Timestamp: 0
---------------------------------------------------------------
[tensor([0, 6]), tensor([1, 5]), tensor([1, 9]), tensor([ 2, 16]), tensor([3, 5]), tensor([ 3, 14]), tensor([ 3, 16]), tensor([4, 6]), tensor([4, 7]), tensor([4, 8]), tensor([ 4, 15]), tensor([ 4, 18]), tensor([ 5, 14]), tensor([ 5, 16]), tensor([6, 7]), tensor([ 6, 10]), tensor([ 6, 12]), tensor([ 6, 18]), tensor([7, 9]), tensor([ 7, 11]), tensor([ 7, 12]), tensor([ 7, 15]), tensor([ 7, 17])]
Mean loss in evaluation epoch: 0.11458740383386612, epochs needed: 200
Accepting!

Generation 1
Mean loss in evaluation epoch: 0.11669104546308517, epochs needed: 200
------------------------- TRACKING ---------------------------
Matrix Hash: c7e7c3fa85af77d0, num_times_seen_before: 0
ACC: 0.5684210526315789
TPR/FPR: 0.7222222222222222, 0.4675324675324675
Loss: 0.11669104546308517
Timestamp: 146.03852192399972
---------------------------------------------------------------
[tensor([0, 6]), tensor([4, 6]), tensor([4, 7]), tensor([ 5, 16]), tensor([6, 7]), tensor([6, 8]), tensor([6, 9]), tensor([ 6, 10]), tensor([ 6, 12]), tensor([ 6, 15]), tensor([ 7, 17]), tensor([14, 17])]
Mean loss in evaluation epoch: 0.1264728158712387, epochs needed: 200
Rejecting!

Generation 2
Mean loss in evaluation epoch: 0.11645541340112686, epochs needed: 200
------------------------- TRACKING ---------------------------
Matrix Hash: c7e7c3fa85af77d0, num_times_seen_before: 1
ACC: 0.5684210526315789
TPR/FPR: 0.7222222222222222, 0.4675324675324675
Loss: 0.11645541340112686
Timestamp: 295.36424103399986
---------------------------------------------------------------
[tensor([1, 5]), tensor([2, 4]), tensor([2, 6]), tensor([4, 6]), tensor([4, 8]), tensor([4, 9]), tensor([ 4, 12]), tensor([ 4, 15]), tensor([ 4, 17]), tensor([ 4, 18]), tensor([ 4, 19]), tensor([ 5, 13]), tensor([ 5, 14]), tensor([ 5, 16]), tensor([6, 7]), tensor([6, 9]), tensor([ 6, 12]), tensor([ 6, 13]), tensor([ 6, 15]), tensor([ 6, 16]), tensor([7, 8]), tensor([ 7, 11]), tensor([ 7, 12]), tensor([ 7, 15]), tensor([ 8, 12]), tensor([10, 12])]
Mean loss in evaluation epoch: 0.12572860717773438, epochs needed: 200
Rejecting!

Generation 3
Mean loss in evaluation epoch: 0.11821295320987701, epochs needed: 200
------------------------- TRACKING ---------------------------
Matrix Hash: c7e7c3fa85af77d0, num_times_seen_before: 2
ACC: 0.5684210526315789
TPR/FPR: 0.7222222222222222, 0.4675324675324675
Loss: 0.11821295320987701
Timestamp: 444.935886584999
---------------------------------------------------------------
[tensor([0, 6]), tensor([ 0, 10]), tensor([ 0, 15]), tensor([1, 8]), tensor([ 1, 12]), tensor([ 2, 10]), tensor([ 3, 16]), tensor([4, 6]), tensor([4, 7]), tensor([ 4, 12]), tensor([ 4, 15]), tensor([ 4, 17]), tensor([ 4, 18]), tensor([5, 9]), tensor([ 5, 13]), tensor([ 5, 14]), tensor([ 5, 15]), tensor([ 5, 16]), tensor([ 5, 17]), tensor([6, 7]), tensor([ 6, 10]), tensor([ 6, 12]), tensor([ 6, 15]), tensor([7, 9]), tensor([ 7, 12]), tensor([ 7, 15]), tensor([ 7, 18]), tensor([ 8, 12]), tensor([ 9, 10]), tensor([11, 18])]
Mean loss in evaluation epoch: 0.1153184175491333, epochs needed: 200
Accepting!

Generation 4
Mean loss in evaluation epoch: 0.12252547591924667, epochs needed: 200
------------------------- TRACKING ---------------------------
Matrix Hash: 49a5f164fedec7c7, num_times_seen_before: 0
ACC: 0.5157894736842106
TPR/FPR: 0.8055555555555556, 0.551948051948052
Loss: 0.12252547591924667
Timestamp: 594.7432317469993
---------------------------------------------------------------
[tensor([ 0, 12]), tensor([1, 3]), tensor([ 1, 12]), tensor([ 1, 14]), tensor([ 1, 16]), tensor([ 1, 17]), tensor([3, 9]), tensor([ 3, 13]), tensor([ 3, 15]), tensor([ 3, 17]), tensor([ 4, 12]), tensor([5, 8]), tensor([5, 9]), tensor([ 5, 13]), tensor([ 5, 14]), tensor([ 5, 15]), tensor([ 5, 16]), tensor([ 5, 17]), tensor([ 5, 19]), tensor([ 9, 17]), tensor([12, 17]), tensor([13, 17]), tensor([14, 16])]
Mean loss in evaluation epoch: 0.12070224434137344, epochs needed: 200
Accepting!

Generation 5
Mean loss in evaluation epoch: 0.11747942119836807, epochs needed: 200
------------------------- TRACKING ---------------------------
Matrix Hash: 1603c49471e6337e, num_times_seen_before: 0
ACC: 0.46842105263157896
TPR/FPR: 0.8888888888888888, 0.6298701298701299
Loss: 0.11747942119836807
Timestamp: 742.2058742889985
---------------------------------------------------------------
[tensor([0, 2]), tensor([ 0, 11]), tensor([1, 3]), tensor([1, 4]), tensor([1, 7]), tensor([ 1, 12]), tensor([ 1, 18]), tensor([ 2, 18]), tensor([3, 5]), tensor([3, 6]), tensor([3, 7]), tensor([3, 9]), tensor([ 3, 10]), tensor([ 3, 15]), tensor([ 3, 18]), tensor([ 5, 13]), tensor([ 5, 14]), tensor([ 5, 19]), tensor([ 9, 17])]
Mean loss in evaluation epoch: 0.12107951939105988, epochs needed: 200
Rejecting!

Generation 6
Mean loss in evaluation epoch: 0.11491645872592926, epochs needed: 200
------------------------- TRACKING ---------------------------
Matrix Hash: 1603c49471e6337e, num_times_seen_before: 1
ACC: 0.46842105263157896
TPR/FPR: 0.8888888888888888, 0.6298701298701299
Loss: 0.11491645872592926
Timestamp: 886.903634495
---------------------------------------------------------------
[tensor([0, 1]), tensor([0, 2]), tensor([ 0, 11]), tensor([ 0, 12]), tensor([ 0, 18]), tensor([1, 3]), tensor([ 1, 10]), tensor([2, 6]), tensor([ 2, 11]), tensor([ 2, 18]), tensor([3, 5]), tensor([3, 6]), tensor([ 3, 14]), tensor([ 3, 15]), tensor([ 3, 17]), tensor([4, 8]), tensor([ 5, 13]), tensor([ 6, 18]), tensor([ 7, 11]), tensor([ 7, 19]), tensor([ 9, 12]), tensor([10, 12]), tensor([10, 19]), tensor([11, 16]), tensor([12, 15])]
Mean loss in evaluation epoch: 0.1181241050362587, epochs needed: 200
Rejecting!

Generation 7
Mean loss in evaluation epoch: 0.12035184353590012, epochs needed: 200
------------------------- TRACKING ---------------------------
Matrix Hash: 1603c49471e6337e, num_times_seen_before: 2
ACC: 0.46842105263157896
TPR/FPR: 0.8888888888888888, 0.6298701298701299
Loss: 0.12035184353590012
Timestamp: 1036.0984704049988
---------------------------------------------------------------
[tensor([0, 1]), tensor([0, 2]), tensor([ 0, 12]), tensor([1, 3]), tensor([1, 7]), tensor([ 1, 18]), tensor([ 1, 19]), tensor([2, 6]), tensor([ 2, 11]), tensor([3, 5]), tensor([3, 8]), tensor([3, 9]), tensor([ 3, 10]), tensor([ 3, 15]), tensor([ 3, 17]), tensor([ 4, 12]), tensor([5, 9]), tensor([ 5, 14]), tensor([ 5, 17]), tensor([7, 8]), tensor([14, 17]), tensor([16, 18]), tensor([17, 19])]
Mean loss in evaluation epoch: 0.12566791474819183, epochs needed: 200
Rejecting!

Generation 8
Mean loss in evaluation epoch: 0.11277209967374802, epochs needed: 200
------------------------- TRACKING ---------------------------
Matrix Hash: 1603c49471e6337e, num_times_seen_before: 3
ACC: 0.46842105263157896
TPR/FPR: 0.8888888888888888, 0.6298701298701299
Loss: 0.11277209967374802
Timestamp: 1185.528111615
---------------------------------------------------------------
[tensor([ 0, 11]), tensor([1, 3]), tensor([ 2, 11]), tensor([3, 4]), tensor([3, 5]), tensor([3, 6]), tensor([3, 8]), tensor([ 3, 14]), tensor([ 3, 17]), tensor([5, 7]), tensor([5, 8]), tensor([ 5, 16]), tensor([ 5, 17]), tensor([16, 17]), tensor([17, 18]), tensor([17, 19])]
Mean loss in evaluation epoch: 0.11696237325668335, epochs needed: 200
Rejecting!

Generation 9
Mean loss in evaluation epoch: 0.11549412459135056, epochs needed: 200
------------------------- TRACKING ---------------------------
Matrix Hash: 1603c49471e6337e, num_times_seen_before: 4
ACC: 0.46842105263157896
TPR/FPR: 0.8888888888888888, 0.6298701298701299
Loss: 0.11549412459135056
Timestamp: 1335.118221114999
---------------------------------------------------------------
[tensor([0, 1]), tensor([0, 2]), tensor([ 0, 11]), tensor([ 0, 12]), tensor([ 0, 13]), tensor([1, 4]), tensor([1, 5]), tensor([ 1, 10]), tensor([ 1, 12]), tensor([ 1, 18]), tensor([ 1, 19]), tensor([2, 3]), tensor([ 2, 11]), tensor([3, 4]), tensor([3, 5]), tensor([ 3, 10]), tensor([ 3, 13]), tensor([ 3, 15]), tensor([ 3, 17]), tensor([ 3, 18]), tensor([5, 9]), tensor([ 5, 17]), tensor([ 7, 11]), tensor([ 7, 19]), tensor([14, 17])]
Mean loss in evaluation epoch: 0.1265360414981842, epochs needed: 200
Rejecting!

Generation 10
Mean loss in evaluation epoch: 0.12583117187023163, epochs needed: 200
------------------------- TRACKING ---------------------------
Matrix Hash: 1603c49471e6337e, num_times_seen_before: 5
ACC: 0.46842105263157896
TPR/FPR: 0.8888888888888888, 0.6298701298701299
Loss: 0.12583117187023163
Timestamp: 1483.4655273029985
---------------------------------------------------------------
[tensor([0, 2]), tensor([ 0, 11]), tensor([ 0, 12]), tensor([ 0, 18]), tensor([1, 3]), tensor([ 1, 12]), tensor([ 1, 17]), tensor([ 2, 11]), tensor([3, 5]), tensor([ 3, 10]), tensor([ 3, 13]), tensor([ 3, 14]), tensor([ 3, 17]), tensor([ 3, 18]), tensor([ 4, 12]), tensor([ 5, 15]), tensor([ 5, 17]), tensor([ 7, 11]), tensor([ 8, 10]), tensor([10, 12]), tensor([10, 19]), tensor([12, 14]), tensor([14, 17]), tensor([16, 17])]
Mean loss in evaluation epoch: 0.12143106758594513, epochs needed: 200
Accepting!

Generation 11
Mean loss in evaluation epoch: 0.12278461456298828, epochs needed: 200
------------------------- TRACKING ---------------------------
Matrix Hash: 2f9d7d0f9495e3c9, num_times_seen_before: 0
ACC: 0.4368421052631579
TPR/FPR: 0.8055555555555556, 0.6493506493506493
Loss: 0.12278461456298828
Timestamp: 1627.190335591
---------------------------------------------------------------
[tensor([0, 4]), tensor([0, 7]), tensor([0, 9]), tensor([ 0, 11]), tensor([ 0, 12]), tensor([ 0, 15]), tensor([ 0, 16]), tensor([3, 5]), tensor([ 3, 13]), tensor([ 3, 14]), tensor([ 3, 16]), tensor([ 3, 17]), tensor([ 3, 18]), tensor([ 5, 15]), tensor([ 6, 13]), tensor([ 6, 16]), tensor([16, 18])]
Mean loss in evaluation epoch: 0.12231532484292984, epochs needed: 200
Accepting!

Generation 12
Mean loss in evaluation epoch: 0.12080848217010498, epochs needed: 200
------------------------- TRACKING ---------------------------
Matrix Hash: 2775c81e2d4893e4, num_times_seen_before: 0
ACC: 0.43157894736842106
TPR/FPR: 0.8333333333333334, 0.6623376623376623
Loss: 0.12080848217010498
Timestamp: 1778.039458112
---------------------------------------------------------------
[tensor([0, 1]), tensor([0, 4]), tensor([0, 7]), tensor([0, 9]), tensor([ 0, 11]), tensor([ 0, 12]), tensor([ 0, 15]), tensor([ 0, 17]), tensor([1, 6]), tensor([1, 7]), tensor([ 1, 19]), tensor([3, 6]), tensor([ 3, 13]), tensor([ 3, 16]), tensor([ 6, 12]), tensor([ 6, 15]), tensor([ 6, 16]), tensor([ 6, 19]), tensor([ 7, 17]), tensor([10, 13]), tensor([10, 19]), tensor([13, 16]), tensor([15, 17])]
Mean loss in evaluation epoch: 0.11889534443616867, epochs needed: 200
Accepting!

Generation 13
Mean loss in evaluation epoch: 0.12257003784179688, epochs needed: 200
------------------------- TRACKING ---------------------------
Matrix Hash: c6846765494853d8, num_times_seen_before: 0
ACC: 0.4368421052631579
TPR/FPR: 0.8611111111111112, 0.6623376623376623
Loss: 0.12257003784179688
Timestamp: 1928.420083952
---------------------------------------------------------------
[tensor([0, 1]), tensor([0, 2]), tensor([0, 5]), tensor([0, 6]), tensor([0, 7]), tensor([0, 9]), tensor([ 0, 11]), tensor([ 0, 12]), tensor([ 0, 14]), tensor([ 0, 19]), tensor([ 1, 10]), tensor([2, 6]), tensor([3, 6]), tensor([ 3, 13]), tensor([ 3, 19]), tensor([6, 8]), tensor([6, 9]), tensor([ 6, 16]), tensor([ 7, 12]), tensor([13, 16])]
Mean loss in evaluation epoch: 0.12028118222951889, epochs needed: 200
Accepting!

Generation 14
Mean loss in evaluation epoch: 0.12206514179706573, epochs needed: 200
------------------------- TRACKING ---------------------------
Matrix Hash: 0a329c6f66824d48, num_times_seen_before: 0
ACC: 0.4157894736842105
TPR/FPR: 0.7777777777777778, 0.6688311688311688
Loss: 0.12206514179706573
Timestamp: 2079.3823717349987
---------------------------------------------------------------
[tensor([0, 5]), tensor([0, 8]), tensor([ 0, 11]), tensor([ 0, 16]), tensor([1, 6]), tensor([3, 8]), tensor([ 5, 11]), tensor([ 5, 12]), tensor([ 6, 12]), tensor([ 6, 19]), tensor([ 7, 12]), tensor([ 7, 19]), tensor([13, 19])]
Mean loss in evaluation epoch: 0.11982472985982895, epochs needed: 200
Accepting!

Generation 15
Mean loss in evaluation epoch: 0.12296416610479355, epochs needed: 200
------------------------- TRACKING ---------------------------
Matrix Hash: 7ff84cf778c1ccc2, num_times_seen_before: 0
ACC: 0.3789473684210526
TPR/FPR: 0.8055555555555556, 0.7207792207792207
Loss: 0.12296416610479355
Timestamp: 2228.424898133999
---------------------------------------------------------------
[tensor([0, 1]), tensor([0, 5]), tensor([0, 8]), tensor([ 0, 14]), tensor([4, 8]), tensor([5, 6]), tensor([5, 9]), tensor([ 5, 12]), tensor([ 5, 19]), tensor([6, 7]), tensor([ 6, 11]), tensor([ 6, 17]), tensor([ 6, 19]), tensor([ 7, 11]), tensor([ 8, 13])]
Mean loss in evaluation epoch: 0.11705636978149414, epochs needed: 200
Accepting!

Generation 16
Mean loss in evaluation epoch: 0.1175403967499733, epochs needed: 200
------------------------- TRACKING ---------------------------
Matrix Hash: caa48841c834aee4, num_times_seen_before: 0
ACC: 0.39473684210526316
TPR/FPR: 0.7777777777777778, 0.6948051948051948
Loss: 0.1175403967499733
Timestamp: 2371.495144246999
---------------------------------------------------------------
[tensor([0, 5]), tensor([0, 6]), tensor([0, 7]), tensor([ 0, 12]), tensor([ 0, 19]), tensor([5, 6]), tensor([5, 9]), tensor([ 5, 10]), tensor([ 5, 17]), tensor([ 5, 19]), tensor([6, 7]), tensor([ 6, 17]), tensor([ 6, 19]), tensor([ 8, 12]), tensor([ 8, 13]), tensor([ 8, 18])]
Mean loss in evaluation epoch: 0.1167709231376648, epochs needed: 200
Accepting!

Generation 17
Mean loss in evaluation epoch: 0.11594171822071075, epochs needed: 200
------------------------- TRACKING ---------------------------
Matrix Hash: 55cc5b10ad2ff2e5, num_times_seen_before: 0
ACC: 0.3631578947368421
TPR/FPR: 0.8333333333333334, 0.7467532467532467
Loss: 0.11594171822071075
Timestamp: 2521.9130244179996
---------------------------------------------------------------
[tensor([0, 6]), tensor([1, 5]), tensor([1, 6]), tensor([ 1, 18]), tensor([ 2, 18]), tensor([3, 8]), tensor([ 3, 10]), tensor([5, 6]), tensor([5, 7]), tensor([5, 8]), tensor([5, 9]), tensor([ 5, 10]), tensor([ 5, 17]), tensor([ 5, 19]), tensor([6, 7]), tensor([ 6, 13]), tensor([ 6, 17]), tensor([ 6, 19]), tensor([ 8, 13]), tensor([ 8, 18]), tensor([11, 14]), tensor([11, 16])]
Mean loss in evaluation epoch: 0.12326698750257492, epochs needed: 200
Rejecting!

Generation 18
Mean loss in evaluation epoch: 0.12049968540668488, epochs needed: 200
------------------------- TRACKING ---------------------------
Matrix Hash: 55cc5b10ad2ff2e5, num_times_seen_before: 1
ACC: 0.3631578947368421
TPR/FPR: 0.8333333333333334, 0.7467532467532467
Loss: 0.12049968540668488
Timestamp: 2672.1626483399996
---------------------------------------------------------------
[tensor([0, 1]), tensor([0, 5]), tensor([ 0, 17]), tensor([1, 5]), tensor([ 1, 18]), tensor([ 1, 19]), tensor([3, 8]), tensor([ 3, 11]), tensor([5, 6]), tensor([5, 7]), tensor([5, 8]), tensor([ 5, 10]), tensor([ 5, 13]), tensor([ 5, 14]), tensor([ 5, 15]), tensor([ 5, 16]), tensor([ 5, 17]), tensor([ 5, 19]), tensor([ 6, 16]), tensor([ 6, 19]), tensor([ 8, 18]), tensor([11, 14]), tensor([13, 18])]
Mean loss in evaluation epoch: 0.12056121975183487, epochs needed: 200
Rejecting!

Generation 19
Mean loss in evaluation epoch: 0.11775624752044678, epochs needed: 200
------------------------- TRACKING ---------------------------
Matrix Hash: 55cc5b10ad2ff2e5, num_times_seen_before: 2
ACC: 0.3631578947368421
TPR/FPR: 0.8333333333333334, 0.7467532467532467
Loss: 0.11775624752044678
Timestamp: 2823.4947372429997
---------------------------------------------------------------
[tensor([0, 1]), tensor([0, 5]), tensor([ 0, 17]), tensor([1, 5]), tensor([ 1, 19]), tensor([2, 6]), tensor([3, 5]), tensor([5, 6]), tensor([5, 7]), tensor([5, 9]), tensor([ 5, 10]), tensor([ 5, 13]), tensor([ 5, 14]), tensor([ 5, 15]), tensor([ 5, 17]), tensor([ 5, 19]), tensor([ 6, 10]), tensor([ 6, 14]), tensor([ 7, 17]), tensor([ 7, 19]), tensor([ 8, 18]), tensor([14, 19]), tensor([17, 19])]
Mean loss in evaluation epoch: 0.122083380818367, epochs needed: 200
Rejecting!
------------------------- TRACKING ---------------------------
Matrix Hash: 55cc5b10ad2ff2e5, num_times_seen_before: 3
ACC: 0.3631578947368421
TPR/FPR: 0.8333333333333334, 0.7467532467532467
Loss: 0.11775624752044678
Timestamp: 2909.9182441939993
---------------------------------------------------------------
Time needed: 2969.502748418001 sec
----------------- Final results across all experiments ---------------
accs: [0.4736842105263158, 0.4473684210526315, 0.49473684210526314, 0.34736842105263155, 0.3631578947368421]
tprs: [0.8888888888888888, 1.0, 0.9166666666666666, 0.8888888888888888, 0.8333333333333334]
fprs: [0.6233766233766234, 0.6818181818181818, 0.6038961038961039, 0.7792207792207793, 0.7467532467532467]
mean acc: 0.4252631664276123
mean tpr: 0.9055556058883667
mean fpr: 0.6870130300521851
