../data/final/netrd/SIS/timeseries_ba10_1k_0.15.pickle
../data/final/edges_ba10.pickle
CONTINUATION: False
CONT_ADDRESS: ../GA/GA_logs/final/cml_ba20_1k_4_restart_shortcut_eval/2021-03-11T03_17_31.151794
SEED: 0
NUM_DYN_EPOCHS: 200
DETECT_EARLY_CONVERGENCE: False
USE_EVALEPOCH_FOR_GUIDED_MUTATION: True
USE_NODEWISE_LOSS: False
USE_DYNAMIC_STEPS: True
NUM_GEN: 45
DETERMINISTIC_EVAL: False
FREE WALK: False
EXPERIMENTS: 5
FORMAT: timeseries
num samples: 1000
NUM_TRAIN_SAMPLES: 999
NUM_TRAIN_BATCHES: 10
NUM_TEST_SAMPLES: 999
NUM_TEST_BATCHES: 10
BATCH_SIZE: 100
HIDDEN_SIZE: 128
NUM_DYN_EPOCHS: 200
IS_CONTINUOUS: False
USE_MAX: False

Generation 0
Mean loss in evaluation epoch: 0.38179031014442444, epochs needed: 200
------------------------- TRACKING ---------------------------
Matrix Hash: 6f1b90fc9c8835ab, num_times_seen_before: 0
ACC: 0.4444444444444444
TPR/FPR: 0.5, 0.5862068965517241
Loss: 0.38179031014442444
Timestamp: 0
---------------------------------------------------------------
[tensor([0, 5]), tensor([1, 2]), tensor([1, 3]), tensor([1, 9]), tensor([5, 6])]
Mean loss in evaluation epoch: 0.3733160197734833, epochs needed: 200
Accepting!

Generation 1
Mean loss in evaluation epoch: 0.37461382150650024, epochs needed: 200
------------------------- TRACKING ---------------------------
Matrix Hash: 7a034e877bbba29f, num_times_seen_before: 0
ACC: 0.5111111111111111
TPR/FPR: 0.5625, 0.5172413793103449
Loss: 0.37461382150650024
Timestamp: 21.561982569
---------------------------------------------------------------
[tensor([0, 8]), tensor([2, 4]), tensor([2, 8]), tensor([5, 8]), tensor([8, 9])]
Mean loss in evaluation epoch: 0.3756076991558075, epochs needed: 200
Rejecting!

Generation 2
Mean loss in evaluation epoch: 0.37332043051719666, epochs needed: 200
------------------------- TRACKING ---------------------------
Matrix Hash: 7a034e877bbba29f, num_times_seen_before: 1
ACC: 0.5111111111111111
TPR/FPR: 0.5625, 0.5172413793103449
Loss: 0.37332043051719666
Timestamp: 46.015257573999996
---------------------------------------------------------------
[tensor([0, 8])]
Mean loss in evaluation epoch: 0.3729388415813446, epochs needed: 200
Accepting!

Generation 3
Mean loss in evaluation epoch: 0.37273305654525757, epochs needed: 200
------------------------- TRACKING ---------------------------
Matrix Hash: 76582a98307d0650, num_times_seen_before: 0
ACC: 0.48888888888888893
TPR/FPR: 0.5, 0.5172413793103449
Loss: 0.37273305654525757
Timestamp: 68.57974419300001
---------------------------------------------------------------
S IS ALL NEGATIVE!
[]
Mean loss in evaluation epoch: 0.3728047013282776, epochs needed: 200
Rejecting!

Generation 4
Mean loss in evaluation epoch: 0.3728756606578827, epochs needed: 200
------------------------- TRACKING ---------------------------
Matrix Hash: 76582a98307d0650, num_times_seen_before: 1
ACC: 0.48888888888888893
TPR/FPR: 0.5, 0.5172413793103449
Loss: 0.3728756606578827
Timestamp: 91.426908328
---------------------------------------------------------------
S IS ALL NEGATIVE!
[]
Mean loss in evaluation epoch: 0.37273088097572327, epochs needed: 200
Accepting!

Generation 5
Mean loss in evaluation epoch: 0.37282511591911316, epochs needed: 200
------------------------- TRACKING ---------------------------
Matrix Hash: 76582a98307d0650, num_times_seen_before: 2
ACC: 0.48888888888888893
TPR/FPR: 0.5, 0.5172413793103449
Loss: 0.37282511591911316
Timestamp: 115.30767687100001
---------------------------------------------------------------
S IS ALL NEGATIVE!
[]
Mean loss in evaluation epoch: 0.3729134202003479, epochs needed: 200
Rejecting!

Generation 6
Mean loss in evaluation epoch: 0.37302300333976746, epochs needed: 200
------------------------- TRACKING ---------------------------
Matrix Hash: 76582a98307d0650, num_times_seen_before: 3
ACC: 0.48888888888888893
TPR/FPR: 0.5, 0.5172413793103449
Loss: 0.37302300333976746
Timestamp: 137.975637549
---------------------------------------------------------------
S IS ALL NEGATIVE!
[]
Mean loss in evaluation epoch: 0.37316474318504333, epochs needed: 200
Rejecting!

Generation 7
Mean loss in evaluation epoch: 0.37309280037879944, epochs needed: 200
------------------------- TRACKING ---------------------------
Matrix Hash: 76582a98307d0650, num_times_seen_before: 4
ACC: 0.48888888888888893
TPR/FPR: 0.5, 0.5172413793103449
Loss: 0.37309280037879944
Timestamp: 161.51683573
---------------------------------------------------------------
S IS ALL NEGATIVE!
[]
Mean loss in evaluation epoch: 0.3728664815425873, epochs needed: 200
Accepting!

Generation 8
Mean loss in evaluation epoch: 0.3728797435760498, epochs needed: 200
------------------------- TRACKING ---------------------------
Matrix Hash: 76582a98307d0650, num_times_seen_before: 5
ACC: 0.48888888888888893
TPR/FPR: 0.5, 0.5172413793103449
Loss: 0.3728797435760498
Timestamp: 185.140743845
---------------------------------------------------------------
S IS ALL NEGATIVE!
[]
Mean loss in evaluation epoch: 0.3726217448711395, epochs needed: 200
Accepting!

Generation 9
Mean loss in evaluation epoch: 0.3727249205112457, epochs needed: 200
------------------------- TRACKING ---------------------------
Matrix Hash: 76582a98307d0650, num_times_seen_before: 6
ACC: 0.48888888888888893
TPR/FPR: 0.5, 0.5172413793103449
Loss: 0.3727249205112457
Timestamp: 208.363934443
---------------------------------------------------------------
S IS ALL NEGATIVE!
[]
Mean loss in evaluation epoch: 0.3727652132511139, epochs needed: 200
Rejecting!

Generation 10
Mean loss in evaluation epoch: 0.3734159469604492, epochs needed: 200
------------------------- TRACKING ---------------------------
Matrix Hash: 76582a98307d0650, num_times_seen_before: 7
ACC: 0.48888888888888893
TPR/FPR: 0.5, 0.5172413793103449
Loss: 0.3734159469604492
Timestamp: 232.16889197
---------------------------------------------------------------
S IS ALL NEGATIVE!
[]
Mean loss in evaluation epoch: 0.3734596371650696, epochs needed: 200
Rejecting!

Generation 11
Mean loss in evaluation epoch: 0.37305495142936707, epochs needed: 200
------------------------- TRACKING ---------------------------
Matrix Hash: 76582a98307d0650, num_times_seen_before: 8
ACC: 0.48888888888888893
TPR/FPR: 0.5, 0.5172413793103449
Loss: 0.37305495142936707
Timestamp: 254.42377560100002
---------------------------------------------------------------
[tensor([8, 9])]
Mean loss in evaluation epoch: 0.372842937707901, epochs needed: 200
Accepting!

Generation 12
Mean loss in evaluation epoch: 0.372296541929245, epochs needed: 200
------------------------- TRACKING ---------------------------
Matrix Hash: 056f0d2ac660e6e3, num_times_seen_before: 0
ACC: 0.5111111111111111
TPR/FPR: 0.5, 0.4827586206896552
Loss: 0.372296541929245
Timestamp: 279.005609404
---------------------------------------------------------------
[tensor([2, 4])]
Mean loss in evaluation epoch: 0.3710874021053314, epochs needed: 200
Accepting!

Generation 13
Mean loss in evaluation epoch: 0.37153929471969604, epochs needed: 200
------------------------- TRACKING ---------------------------
Matrix Hash: 3229ceb78da605d6, num_times_seen_before: 0
ACC: 0.5333333333333333
TPR/FPR: 0.5, 0.4482758620689655
Loss: 0.37153929471969604
Timestamp: 302.33674490799996
---------------------------------------------------------------
S IS ALL NEGATIVE!
[]
Mean loss in evaluation epoch: 0.3719455897808075, epochs needed: 200
Rejecting!

Generation 14
Mean loss in evaluation epoch: 0.3713408410549164, epochs needed: 200
------------------------- TRACKING ---------------------------
Matrix Hash: 3229ceb78da605d6, num_times_seen_before: 1
ACC: 0.5333333333333333
TPR/FPR: 0.5, 0.4482758620689655
Loss: 0.3713408410549164
Timestamp: 325.598191366
---------------------------------------------------------------
S IS ALL NEGATIVE!
[]
Mean loss in evaluation epoch: 0.3707052767276764, epochs needed: 200
Accepting!

Generation 15
Mean loss in evaluation epoch: 0.37122437357902527, epochs needed: 200
------------------------- TRACKING ---------------------------
Matrix Hash: 3229ceb78da605d6, num_times_seen_before: 2
ACC: 0.5333333333333333
TPR/FPR: 0.5, 0.4482758620689655
Loss: 0.37122437357902527
Timestamp: 348.14430002299997
---------------------------------------------------------------
S IS ALL NEGATIVE!
[]
Mean loss in evaluation epoch: 0.37146374583244324, epochs needed: 200
Rejecting!

Generation 16
Mean loss in evaluation epoch: 0.3707793653011322, epochs needed: 200
------------------------- TRACKING ---------------------------
Matrix Hash: 3229ceb78da605d6, num_times_seen_before: 3
ACC: 0.5333333333333333
TPR/FPR: 0.5, 0.4482758620689655
Loss: 0.3707793653011322
Timestamp: 371.930823681
---------------------------------------------------------------
S IS ALL NEGATIVE!
[]
Mean loss in evaluation epoch: 0.37136921286582947, epochs needed: 200
Rejecting!

Generation 17
Mean loss in evaluation epoch: 0.3725169599056244, epochs needed: 200
------------------------- TRACKING ---------------------------
Matrix Hash: 3229ceb78da605d6, num_times_seen_before: 4
ACC: 0.5333333333333333
TPR/FPR: 0.5, 0.4482758620689655
Loss: 0.3725169599056244
Timestamp: 396.68408207699997
---------------------------------------------------------------
S IS ALL NEGATIVE!
[]
Mean loss in evaluation epoch: 0.37173470854759216, epochs needed: 200
Accepting!

Generation 18
Mean loss in evaluation epoch: 0.3720822334289551, epochs needed: 200
------------------------- TRACKING ---------------------------
Matrix Hash: 3229ceb78da605d6, num_times_seen_before: 5
ACC: 0.5333333333333333
TPR/FPR: 0.5, 0.4482758620689655
Loss: 0.3720822334289551
Timestamp: 419.997392193
---------------------------------------------------------------
S IS ALL NEGATIVE!
[]
Mean loss in evaluation epoch: 0.37189981341362, epochs needed: 200
Accepting!

Generation 19
Mean loss in evaluation epoch: 0.3713540732860565, epochs needed: 200
------------------------- TRACKING ---------------------------
Matrix Hash: 3229ceb78da605d6, num_times_seen_before: 6
ACC: 0.5333333333333333
TPR/FPR: 0.5, 0.4482758620689655
Loss: 0.3713540732860565
Timestamp: 445.267298762
---------------------------------------------------------------
S IS ALL NEGATIVE!
[]
Mean loss in evaluation epoch: 0.3720325827598572, epochs needed: 200
Rejecting!

Generation 20
Mean loss in evaluation epoch: 0.3717374801635742, epochs needed: 200
------------------------- TRACKING ---------------------------
Matrix Hash: 3229ceb78da605d6, num_times_seen_before: 7
ACC: 0.5333333333333333
TPR/FPR: 0.5, 0.4482758620689655
Loss: 0.3717374801635742
Timestamp: 468.6648959
---------------------------------------------------------------
S IS ALL NEGATIVE!
[]
Mean loss in evaluation epoch: 0.3726963400840759, epochs needed: 200
Rejecting!

Generation 21
Mean loss in evaluation epoch: 0.3712293803691864, epochs needed: 200
------------------------- TRACKING ---------------------------
Matrix Hash: 3229ceb78da605d6, num_times_seen_before: 8
ACC: 0.5333333333333333
TPR/FPR: 0.5, 0.4482758620689655
Loss: 0.3712293803691864
Timestamp: 491.210483001
---------------------------------------------------------------
S IS ALL NEGATIVE!
[]
Mean loss in evaluation epoch: 0.3709833025932312, epochs needed: 200
Accepting!

Generation 22
Mean loss in evaluation epoch: 0.3717103898525238, epochs needed: 200
------------------------- TRACKING ---------------------------
Matrix Hash: 3229ceb78da605d6, num_times_seen_before: 9
ACC: 0.5333333333333333
TPR/FPR: 0.5, 0.4482758620689655
Loss: 0.3717103898525238
Timestamp: 514.726780875
---------------------------------------------------------------
S IS ALL NEGATIVE!
[]
Mean loss in evaluation epoch: 0.3726724088191986, epochs needed: 200
Rejecting!

Generation 23
Mean loss in evaluation epoch: 0.37150871753692627, epochs needed: 200
------------------------- TRACKING ---------------------------
Matrix Hash: 3229ceb78da605d6, num_times_seen_before: 10
ACC: 0.5333333333333333
TPR/FPR: 0.5, 0.4482758620689655
Loss: 0.37150871753692627
Timestamp: 538.386894247
---------------------------------------------------------------
S IS ALL NEGATIVE!
[]
Mean loss in evaluation epoch: 0.37174543738365173, epochs needed: 200
Rejecting!

Generation 24
Mean loss in evaluation epoch: 0.3714969754219055, epochs needed: 200
------------------------- TRACKING ---------------------------
Matrix Hash: 3229ceb78da605d6, num_times_seen_before: 11
ACC: 0.5333333333333333
TPR/FPR: 0.5, 0.4482758620689655
Loss: 0.3714969754219055
Timestamp: 562.0833925080001
---------------------------------------------------------------
S IS ALL NEGATIVE!
[]
Mean loss in evaluation epoch: 0.37145477533340454, epochs needed: 200
Accepting!

Generation 25
Mean loss in evaluation epoch: 0.37152937054634094, epochs needed: 200
------------------------- TRACKING ---------------------------
Matrix Hash: 3229ceb78da605d6, num_times_seen_before: 12
ACC: 0.5333333333333333
TPR/FPR: 0.5, 0.4482758620689655
Loss: 0.37152937054634094
Timestamp: 583.8867096390001
---------------------------------------------------------------
S IS ALL NEGATIVE!
[]
Mean loss in evaluation epoch: 0.3712119162082672, epochs needed: 200
Accepting!

Generation 26
Mean loss in evaluation epoch: 0.3715481758117676, epochs needed: 200
------------------------- TRACKING ---------------------------
Matrix Hash: 3229ceb78da605d6, num_times_seen_before: 13
ACC: 0.5333333333333333
TPR/FPR: 0.5, 0.4482758620689655
Loss: 0.3715481758117676
Timestamp: 607.5656932290001
---------------------------------------------------------------
S IS ALL NEGATIVE!
[]
Mean loss in evaluation epoch: 0.37163427472114563, epochs needed: 200
Rejecting!

Generation 27
Mean loss in evaluation epoch: 0.37183886766433716, epochs needed: 200
------------------------- TRACKING ---------------------------
Matrix Hash: 3229ceb78da605d6, num_times_seen_before: 14
ACC: 0.5333333333333333
TPR/FPR: 0.5, 0.4482758620689655
Loss: 0.37183886766433716
Timestamp: 631.719070536
---------------------------------------------------------------
S IS ALL NEGATIVE!
[]
Mean loss in evaluation epoch: 0.3717725872993469, epochs needed: 200
Accepting!

Generation 28
Mean loss in evaluation epoch: 0.37174540758132935, epochs needed: 200
------------------------- TRACKING ---------------------------
Matrix Hash: 3229ceb78da605d6, num_times_seen_before: 15
ACC: 0.5333333333333333
TPR/FPR: 0.5, 0.4482758620689655
Loss: 0.37174540758132935
Timestamp: 654.986976096
---------------------------------------------------------------
[tensor([3, 9])]
Mean loss in evaluation epoch: 0.3709852397441864, epochs needed: 200
Accepting!

Generation 29
Mean loss in evaluation epoch: 0.3716488778591156, epochs needed: 200
------------------------- TRACKING ---------------------------
Matrix Hash: 7a46bb8afb348195, num_times_seen_before: 0
ACC: 0.5555555555555556
TPR/FPR: 0.5625, 0.4482758620689655
Loss: 0.3716488778591156
Timestamp: 678.189841613
---------------------------------------------------------------
S IS ALL NEGATIVE!
[]
Mean loss in evaluation epoch: 0.37141478061676025, epochs needed: 200
Accepting!

Generation 30
Mean loss in evaluation epoch: 0.37065431475639343, epochs needed: 200
------------------------- TRACKING ---------------------------
Matrix Hash: 7a46bb8afb348195, num_times_seen_before: 1
ACC: 0.5555555555555556
TPR/FPR: 0.5625, 0.4482758620689655
Loss: 0.37065431475639343
Timestamp: 701.734358721
---------------------------------------------------------------
[tensor([4, 9])]
Mean loss in evaluation epoch: 0.3701411783695221, epochs needed: 200
Accepting!

Generation 31
Mean loss in evaluation epoch: 0.3695077896118164, epochs needed: 200
------------------------- TRACKING ---------------------------
Matrix Hash: 3b6471f7aa2ad032, num_times_seen_before: 0
ACC: 0.5777777777777777
TPR/FPR: 0.5625, 0.41379310344827586
Loss: 0.3695077896118164
Timestamp: 725.0259046680001
---------------------------------------------------------------
S IS ALL NEGATIVE!
[]
Mean loss in evaluation epoch: 0.3702922761440277, epochs needed: 200
Rejecting!

Generation 32
Mean loss in evaluation epoch: 0.37098634243011475, epochs needed: 200
------------------------- TRACKING ---------------------------
Matrix Hash: 3b6471f7aa2ad032, num_times_seen_before: 1
ACC: 0.5777777777777777
TPR/FPR: 0.5625, 0.41379310344827586
Loss: 0.37098634243011475
Timestamp: 748.5460729250001
---------------------------------------------------------------
[tensor([6, 7])]
Mean loss in evaluation epoch: 0.37013760209083557, epochs needed: 200
Accepting!

Generation 33
Mean loss in evaluation epoch: 0.36986392736434937, epochs needed: 200
------------------------- TRACKING ---------------------------
Matrix Hash: 94c9e62c3be67e81, num_times_seen_before: 0
ACC: 0.6
TPR/FPR: 0.625, 0.41379310344827586
Loss: 0.36986392736434937
Timestamp: 771.02387636
---------------------------------------------------------------
S IS ALL NEGATIVE!
[]
Mean loss in evaluation epoch: 0.371232271194458, epochs needed: 200
Rejecting!

Generation 34
Mean loss in evaluation epoch: 0.36964383721351624, epochs needed: 200
------------------------- TRACKING ---------------------------
Matrix Hash: 94c9e62c3be67e81, num_times_seen_before: 1
ACC: 0.6
TPR/FPR: 0.625, 0.41379310344827586
Loss: 0.36964383721351624
Timestamp: 795.0533067470001
---------------------------------------------------------------
S IS ALL NEGATIVE!
[]
Mean loss in evaluation epoch: 0.3707698583602905, epochs needed: 200
Rejecting!

Generation 35
Mean loss in evaluation epoch: 0.36971089243888855, epochs needed: 200
------------------------- TRACKING ---------------------------
Matrix Hash: 94c9e62c3be67e81, num_times_seen_before: 2
ACC: 0.6
TPR/FPR: 0.625, 0.41379310344827586
Loss: 0.36971089243888855
Timestamp: 819.110255591
---------------------------------------------------------------
S IS ALL NEGATIVE!
[]
Mean loss in evaluation epoch: 0.36985793709754944, epochs needed: 200
Rejecting!

Generation 36
Mean loss in evaluation epoch: 0.3712924122810364, epochs needed: 200
------------------------- TRACKING ---------------------------
Matrix Hash: 94c9e62c3be67e81, num_times_seen_before: 3
ACC: 0.6
TPR/FPR: 0.625, 0.41379310344827586
Loss: 0.3712924122810364
Timestamp: 842.168844532
---------------------------------------------------------------
[tensor([6, 7])]
Mean loss in evaluation epoch: 0.3696514070034027, epochs needed: 200
Accepting!

Generation 37
Mean loss in evaluation epoch: 0.36946654319763184, epochs needed: 200
------------------------- TRACKING ---------------------------
Matrix Hash: 3b6471f7aa2ad032, num_times_seen_before: 2
ACC: 0.5777777777777777
TPR/FPR: 0.5625, 0.41379310344827586
Loss: 0.36946654319763184
Timestamp: 864.8918388550001
---------------------------------------------------------------
S IS ALL NEGATIVE!
[]
Mean loss in evaluation epoch: 0.3708888590335846, epochs needed: 200
Rejecting!

Generation 38
Mean loss in evaluation epoch: 0.3696913421154022, epochs needed: 200
------------------------- TRACKING ---------------------------
Matrix Hash: 3b6471f7aa2ad032, num_times_seen_before: 3
ACC: 0.5777777777777777
TPR/FPR: 0.5625, 0.41379310344827586
Loss: 0.3696913421154022
Timestamp: 888.3900776730001
---------------------------------------------------------------
S IS ALL NEGATIVE!
[]
Mean loss in evaluation epoch: 0.3691605031490326, epochs needed: 200
Accepting!

Generation 39
Mean loss in evaluation epoch: 0.3697945475578308, epochs needed: 200
------------------------- TRACKING ---------------------------
Matrix Hash: 3b6471f7aa2ad032, num_times_seen_before: 4
ACC: 0.5777777777777777
TPR/FPR: 0.5625, 0.41379310344827586
Loss: 0.3697945475578308
Timestamp: 910.7390957590001
---------------------------------------------------------------
S IS ALL NEGATIVE!
[]
Mean loss in evaluation epoch: 0.3699844479560852, epochs needed: 200
Rejecting!

Generation 40
Mean loss in evaluation epoch: 0.3700803518295288, epochs needed: 200
------------------------- TRACKING ---------------------------
Matrix Hash: 3b6471f7aa2ad032, num_times_seen_before: 5
ACC: 0.5777777777777777
TPR/FPR: 0.5625, 0.41379310344827586
Loss: 0.3700803518295288
Timestamp: 935.347354081
---------------------------------------------------------------
S IS ALL NEGATIVE!
[]
Mean loss in evaluation epoch: 0.37045833468437195, epochs needed: 200
Rejecting!

Generation 41
Mean loss in evaluation epoch: 0.369611918926239, epochs needed: 200
------------------------- TRACKING ---------------------------
Matrix Hash: 3b6471f7aa2ad032, num_times_seen_before: 6
ACC: 0.5777777777777777
TPR/FPR: 0.5625, 0.41379310344827586
Loss: 0.369611918926239
Timestamp: 959.086708569
---------------------------------------------------------------
S IS ALL NEGATIVE!
[]
Mean loss in evaluation epoch: 0.3695314824581146, epochs needed: 200
Accepting!

Generation 42
Mean loss in evaluation epoch: 0.3700312077999115, epochs needed: 200
------------------------- TRACKING ---------------------------
Matrix Hash: 3b6471f7aa2ad032, num_times_seen_before: 7
ACC: 0.5777777777777777
TPR/FPR: 0.5625, 0.41379310344827586
Loss: 0.3700312077999115
Timestamp: 982.289664272
---------------------------------------------------------------
S IS ALL NEGATIVE!
[]
Mean loss in evaluation epoch: 0.3698219954967499, epochs needed: 200
Accepting!

Generation 43
Mean loss in evaluation epoch: 0.37109148502349854, epochs needed: 200
------------------------- TRACKING ---------------------------
Matrix Hash: 3b6471f7aa2ad032, num_times_seen_before: 8
ACC: 0.5777777777777777
TPR/FPR: 0.5625, 0.41379310344827586
Loss: 0.37109148502349854
Timestamp: 1005.706748095
---------------------------------------------------------------
S IS ALL NEGATIVE!
[]
Mean loss in evaluation epoch: 0.3696650266647339, epochs needed: 200
Accepting!

Generation 44
Mean loss in evaluation epoch: 0.3693206310272217, epochs needed: 200
------------------------- TRACKING ---------------------------
Matrix Hash: 3b6471f7aa2ad032, num_times_seen_before: 9
ACC: 0.5777777777777777
TPR/FPR: 0.5625, 0.41379310344827586
Loss: 0.3693206310272217
Timestamp: 1029.066024949
---------------------------------------------------------------
S IS ALL NEGATIVE!
[]
Mean loss in evaluation epoch: 0.3693581521511078, epochs needed: 200
Rejecting!
------------------------- TRACKING ---------------------------
Matrix Hash: 3b6471f7aa2ad032, num_times_seen_before: 10
ACC: 0.5777777777777777
TPR/FPR: 0.5625, 0.41379310344827586
Loss: 0.3693206310272217
Timestamp: 1041.811108498
---------------------------------------------------------------
Time needed: 1055.8807374879998 sec
