../data/final/netrd/SIS/timeseries_ba10_1k_0.15.pickle
../data/final/edges_ba10.pickle
SEED: 0
NUM_DYN_EPOCHS: 40
DETECT_EARLY_CONVERGENCE: False
CONTINUATION: False
CONT_ADDRESS: /content/drive/MyDrive/BA_Code/hillclimbing_logs/annealing/first/2021-01-27T18_56_40.854852
USE_EVALEPOCH_FOR_GUIDED_MUTATION: False
NUM_GEN: 30
num samples: 1000
NUM_TRAIN_SAMPLES: 999
NUM_TRAIN_BATCHES: 10
NUM_TEST_SAMPLES: 999
NUM_TEST_BATCHES: 10
BATCH_SIZE: 100
HIDDEN_SIZE: 128
NUM_DYN_EPOCHS: 40
IS_CONTINUOUS: False
USE_MAX: False
Mean loss in evaluation epoch: 0.38448312878608704, epochs needed: 40


 Tracking generation 0
------------------------- TRACKING ---------------------------
Matrix Hash: 6f1b90fc9c8835ab, num_times_seen_before: 0
ACC: 0.4444444444444444
TPR/FPR: 0.5, 0.5862068965517241
Loss: 0.38448312878608704
Timestamp: 0
---------------------------------------------------------------
Candidate: 76e564c12ad099d2. Changes:7
Mean loss in evaluation epoch: 0.37359338998794556, epochs needed: 40
smaller, so accepting
Mean loss in evaluation epoch: 0.37405502796173096, epochs needed: 40


 Tracking generation 1
------------------------- TRACKING ---------------------------
Matrix Hash: 76e564c12ad099d2, num_times_seen_before: 0
ACC: 0.6
TPR/FPR: 0.625, 0.41379310344827586
Loss: 0.37405502796173096
Timestamp: 4.178476516
---------------------------------------------------------------
Candidate: b3b871e67ea3ca37. Changes:8
Mean loss in evaluation epoch: 0.3726949691772461, epochs needed: 40
smaller, so accepting
Mean loss in evaluation epoch: 0.37196144461631775, epochs needed: 40


 Tracking generation 2
------------------------- TRACKING ---------------------------
Matrix Hash: b3b871e67ea3ca37, num_times_seen_before: 0
ACC: 0.7333333333333334
TPR/FPR: 0.5625, 0.1724137931034483
Loss: 0.37196144461631775
Timestamp: 8.552614344999999
---------------------------------------------------------------
Candidate: 1501ceb0de663295. Changes:11
Mean loss in evaluation epoch: 0.37303683161735535, epochs needed: 40
will accept with prob tensor(0.8874)
accepting!
Mean loss in evaluation epoch: 0.3739789128303528, epochs needed: 40


 Tracking generation 3
------------------------- TRACKING ---------------------------
Matrix Hash: 1501ceb0de663295, num_times_seen_before: 0
ACC: 0.7555555555555555
TPR/FPR: 0.9375, 0.3448275862068966
Loss: 0.3739789128303528
Timestamp: 12.617675547000001
---------------------------------------------------------------
Candidate: 8e30fcf02593201c. Changes:9
Mean loss in evaluation epoch: 0.3749833106994629, epochs needed: 40
will accept with prob tensor(0.8906)
accepting!
Mean loss in evaluation epoch: 0.3758866488933563, epochs needed: 40


 Tracking generation 4
------------------------- TRACKING ---------------------------
Matrix Hash: 8e30fcf02593201c, num_times_seen_before: 0
ACC: 0.6888888888888889
TPR/FPR: 0.9375, 0.4482758620689655
Loss: 0.3758866488933563
Timestamp: 17.264656243
---------------------------------------------------------------
Candidate: 6a19dce0070f0dac. Changes:10
Mean loss in evaluation epoch: 0.37206339836120605, epochs needed: 40
smaller, so accepting
Mean loss in evaluation epoch: 0.3727167248725891, epochs needed: 40


 Tracking generation 5
------------------------- TRACKING ---------------------------
Matrix Hash: 6a19dce0070f0dac, num_times_seen_before: 0
ACC: 0.7777777777777778
TPR/FPR: 0.75, 0.20689655172413793
Loss: 0.3727167248725891
Timestamp: 21.589165186
---------------------------------------------------------------
Candidate: 584ee4692791a55b. Changes:8
Mean loss in evaluation epoch: 0.3755759298801422, epochs needed: 40
will accept with prob tensor(0.6995)
accepting!
Mean loss in evaluation epoch: 0.3755301833152771, epochs needed: 40


 Tracking generation 6
------------------------- TRACKING ---------------------------
Matrix Hash: 584ee4692791a55b, num_times_seen_before: 0
ACC: 0.7777777777777778
TPR/FPR: 0.5625, 0.10344827586206896
Loss: 0.3755301833152771
Timestamp: 26.261580864
---------------------------------------------------------------
Candidate: 81322e6be75cae7c. Changes:9
Mean loss in evaluation epoch: 0.394365131855011, epochs needed: 40
will accept with prob tensor(0.0857)
rejecting.
Mean loss in evaluation epoch: 0.37621045112609863, epochs needed: 40


 Tracking generation 7
------------------------- TRACKING ---------------------------
Matrix Hash: 584ee4692791a55b, num_times_seen_before: 1
ACC: 0.7777777777777778
TPR/FPR: 0.5625, 0.10344827586206896
Loss: 0.37621045112609863
Timestamp: 30.612004812
---------------------------------------------------------------
Candidate: 4294aff21e773f14. Changes:11
Mean loss in evaluation epoch: 0.38787150382995605, epochs needed: 40
will accept with prob tensor(0.2039)
rejecting.
Mean loss in evaluation epoch: 0.37453505396842957, epochs needed: 40


 Tracking generation 8
------------------------- TRACKING ---------------------------
Matrix Hash: 584ee4692791a55b, num_times_seen_before: 2
ACC: 0.7777777777777778
TPR/FPR: 0.5625, 0.10344827586206896
Loss: 0.37453505396842957
Timestamp: 34.951092865999996
---------------------------------------------------------------
Candidate: b77ad25126676b57. Changes:8
Mean loss in evaluation epoch: 0.3838290274143219, epochs needed: 40
will accept with prob tensor(0.2651)
rejecting.
Mean loss in evaluation epoch: 0.3748014569282532, epochs needed: 40


 Tracking generation 9
------------------------- TRACKING ---------------------------
Matrix Hash: 584ee4692791a55b, num_times_seen_before: 3
ACC: 0.7777777777777778
TPR/FPR: 0.5625, 0.10344827586206896
Loss: 0.3748014569282532
Timestamp: 39.496274965
---------------------------------------------------------------
Candidate: 5452bbe7e13fd1a5. Changes:9
Mean loss in evaluation epoch: 0.3722045123577118, epochs needed: 40
smaller, so accepting
Mean loss in evaluation epoch: 0.379676878452301, epochs needed: 40


 Tracking generation 10
------------------------- TRACKING ---------------------------
Matrix Hash: 5452bbe7e13fd1a5, num_times_seen_before: 0
ACC: 0.8
TPR/FPR: 0.75, 0.1724137931034483
Loss: 0.379676878452301
Timestamp: 43.7902888
---------------------------------------------------------------
Candidate: 57b94ae14cd0b899. Changes:15
Mean loss in evaluation epoch: 0.3862628638744354, epochs needed: 40
will accept with prob tensor(0.3535)
rejecting.
Mean loss in evaluation epoch: 0.3744831681251526, epochs needed: 40


 Tracking generation 11
------------------------- TRACKING ---------------------------
Matrix Hash: 5452bbe7e13fd1a5, num_times_seen_before: 1
ACC: 0.8
TPR/FPR: 0.75, 0.1724137931034483
Loss: 0.3744831681251526
Timestamp: 48.216934583
---------------------------------------------------------------
Candidate: ee6871798b1501d6. Changes:6
Mean loss in evaluation epoch: 0.3717459440231323, epochs needed: 40
smaller, so accepting
Mean loss in evaluation epoch: 0.37292373180389404, epochs needed: 40


 Tracking generation 12
------------------------- TRACKING ---------------------------
Matrix Hash: ee6871798b1501d6, num_times_seen_before: 0
ACC: 0.8444444444444444
TPR/FPR: 0.6875, 0.06896551724137931
Loss: 0.37292373180389404
Timestamp: 52.635221316
---------------------------------------------------------------
Candidate: 16b1230e633a0de4. Changes:14
Mean loss in evaluation epoch: 0.4219001829624176, epochs needed: 40
will accept with prob tensor(0.0002)
rejecting.
Mean loss in evaluation epoch: 0.371467262506485, epochs needed: 40


 Tracking generation 13
------------------------- TRACKING ---------------------------
Matrix Hash: ee6871798b1501d6, num_times_seen_before: 1
ACC: 0.8444444444444444
TPR/FPR: 0.6875, 0.06896551724137931
Loss: 0.371467262506485
Timestamp: 56.756026613
---------------------------------------------------------------
Candidate: 06abb11927322df5. Changes:11
Mean loss in evaluation epoch: 0.37135860323905945, epochs needed: 40
smaller, so accepting
Mean loss in evaluation epoch: 0.3723127543926239, epochs needed: 40


 Tracking generation 14
------------------------- TRACKING ---------------------------
Matrix Hash: 06abb11927322df5, num_times_seen_before: 0
ACC: 0.7777777777777778
TPR/FPR: 0.8125, 0.2413793103448276
Loss: 0.3723127543926239
Timestamp: 60.742055053
---------------------------------------------------------------
Candidate: ff73d96d59489c63. Changes:8
Mean loss in evaluation epoch: 0.3694540560245514, epochs needed: 40
smaller, so accepting
Mean loss in evaluation epoch: 0.369772732257843, epochs needed: 40


 Tracking generation 15
------------------------- TRACKING ---------------------------
Matrix Hash: ff73d96d59489c63, num_times_seen_before: 0
ACC: 0.8222222222222222
TPR/FPR: 0.8125, 0.1724137931034483
Loss: 0.369772732257843
Timestamp: 64.507675135
---------------------------------------------------------------
Candidate: c97c51b186a6de55. Changes:6
Mean loss in evaluation epoch: 0.3718150556087494, epochs needed: 40
will accept with prob tensor(0.6456)
accepting!
Mean loss in evaluation epoch: 0.3675602078437805, epochs needed: 40


 Tracking generation 16
------------------------- TRACKING ---------------------------
Matrix Hash: c97c51b186a6de55, num_times_seen_before: 0
ACC: 0.8666666666666667
TPR/FPR: 0.875, 0.13793103448275862
Loss: 0.3675602078437805
Timestamp: 68.395559475
---------------------------------------------------------------
Candidate: cf7bd467cec0486b. Changes:9
Mean loss in evaluation epoch: 0.3730694353580475, epochs needed: 40
will accept with prob tensor(0.2804)
rejecting.
Mean loss in evaluation epoch: 0.36799120903015137, epochs needed: 40


 Tracking generation 17
------------------------- TRACKING ---------------------------
Matrix Hash: c97c51b186a6de55, num_times_seen_before: 1
ACC: 0.8666666666666667
TPR/FPR: 0.875, 0.13793103448275862
Loss: 0.36799120903015137
Timestamp: 72.227065034
---------------------------------------------------------------
Candidate: ceef53c6e7adbbb8. Changes:13
Mean loss in evaluation epoch: 0.3875301480293274, epochs needed: 40
will accept with prob tensor(0.0076)
rejecting.
Mean loss in evaluation epoch: 0.36817270517349243, epochs needed: 40


 Tracking generation 18
------------------------- TRACKING ---------------------------
Matrix Hash: c97c51b186a6de55, num_times_seen_before: 2
ACC: 0.8666666666666667
TPR/FPR: 0.875, 0.13793103448275862
Loss: 0.36817270517349243
Timestamp: 76.03576867000001
---------------------------------------------------------------
Candidate: a79474eaebc23ff9. Changes:5
Mean loss in evaluation epoch: 0.3861064612865448, epochs needed: 40
will accept with prob tensor(0.0075)
rejecting.
Mean loss in evaluation epoch: 0.36713144183158875, epochs needed: 40


 Tracking generation 19
------------------------- TRACKING ---------------------------
Matrix Hash: c97c51b186a6de55, num_times_seen_before: 3
ACC: 0.8666666666666667
TPR/FPR: 0.875, 0.13793103448275862
Loss: 0.36713144183158875
Timestamp: 79.763602312
---------------------------------------------------------------
Candidate: 3c42014cc6324f16. Changes:6
Mean loss in evaluation epoch: 0.36986562609672546, epochs needed: 40
will accept with prob tensor(0.4403)
accepting!
Mean loss in evaluation epoch: 0.3702068626880646, epochs needed: 40


 Tracking generation 20
------------------------- TRACKING ---------------------------
Matrix Hash: 3c42014cc6324f16, num_times_seen_before: 0
ACC: 0.8666666666666667
TPR/FPR: 0.75, 0.06896551724137931
Loss: 0.3702068626880646
Timestamp: 84.029742775
---------------------------------------------------------------
Candidate: 7f175cf4ebcf85c9. Changes:8
Mean loss in evaluation epoch: 0.3712758719921112, epochs needed: 40
will accept with prob tensor(0.7002)
rejecting.
Mean loss in evaluation epoch: 0.3700542151927948, epochs needed: 40


 Tracking generation 21
------------------------- TRACKING ---------------------------
Matrix Hash: 3c42014cc6324f16, num_times_seen_before: 1
ACC: 0.8666666666666667
TPR/FPR: 0.75, 0.06896551724137931
Loss: 0.3700542151927948
Timestamp: 87.880065808
---------------------------------------------------------------
Candidate: 011e19845f5e743e. Changes:3
Mean loss in evaluation epoch: 0.3713981807231903, epochs needed: 40
will accept with prob tensor(0.6041)
accepting!
Mean loss in evaluation epoch: 0.3685239851474762, epochs needed: 40


 Tracking generation 22
------------------------- TRACKING ---------------------------
Matrix Hash: 011e19845f5e743e, num_times_seen_before: 0
ACC: 0.8888888888888888
TPR/FPR: 0.8125, 0.06896551724137931
Loss: 0.3685239851474762
Timestamp: 91.936733043
---------------------------------------------------------------
Candidate: 58e6859445f87505. Changes:11
Mean loss in evaluation epoch: 0.3749391436576843, epochs needed: 40
will accept with prob tensor(0.0640)
rejecting.
Mean loss in evaluation epoch: 0.3709711730480194, epochs needed: 40


 Tracking generation 23
------------------------- TRACKING ---------------------------
Matrix Hash: 011e19845f5e743e, num_times_seen_before: 1
ACC: 0.8888888888888888
TPR/FPR: 0.8125, 0.06896551724137931
Loss: 0.3709711730480194
Timestamp: 96.193306295
---------------------------------------------------------------
Candidate: ec2c39e45b048727. Changes:6
Mean loss in evaluation epoch: 0.3697851002216339, epochs needed: 40
smaller, so accepting
Mean loss in evaluation epoch: 0.36970651149749756, epochs needed: 40


 Tracking generation 24
------------------------- TRACKING ---------------------------
Matrix Hash: ec2c39e45b048727, num_times_seen_before: 0
ACC: 0.8444444444444444
TPR/FPR: 0.6875, 0.06896551724137931
Loss: 0.36970651149749756
Timestamp: 100.13523380800001
---------------------------------------------------------------
Candidate: e75904c5d2be2ea4. Changes:8
Mean loss in evaluation epoch: 0.3721095025539398, epochs needed: 40
will accept with prob tensor(0.2365)
rejecting.
Mean loss in evaluation epoch: 0.36942484974861145, epochs needed: 40


 Tracking generation 25
------------------------- TRACKING ---------------------------
Matrix Hash: ec2c39e45b048727, num_times_seen_before: 1
ACC: 0.8444444444444444
TPR/FPR: 0.6875, 0.06896551724137931
Loss: 0.36942484974861145
Timestamp: 104.504099782
---------------------------------------------------------------
Candidate: 658f0f719df7d3cb. Changes:9
Mean loss in evaluation epoch: 0.3714711666107178, epochs needed: 40
will accept with prob tensor(0.2155)
rejecting.
Mean loss in evaluation epoch: 0.37246569991111755, epochs needed: 40


 Tracking generation 26
------------------------- TRACKING ---------------------------
Matrix Hash: ec2c39e45b048727, num_times_seen_before: 2
ACC: 0.8444444444444444
TPR/FPR: 0.6875, 0.06896551724137931
Loss: 0.37246569991111755
Timestamp: 108.54906567100001
---------------------------------------------------------------
Candidate: d83cf9abebd93aeb. Changes:9
Mean loss in evaluation epoch: 0.3711864948272705, epochs needed: 40
smaller, so accepting
Mean loss in evaluation epoch: 0.37572088837623596, epochs needed: 40


 Tracking generation 27
------------------------- TRACKING ---------------------------
Matrix Hash: d83cf9abebd93aeb, num_times_seen_before: 0
ACC: 0.7777777777777778
TPR/FPR: 0.875, 0.27586206896551724
Loss: 0.37572088837623596
Timestamp: 113.233440314
---------------------------------------------------------------
Candidate: 38e46c7ee6973e29. Changes:8
Mean loss in evaluation epoch: 0.3736793100833893, epochs needed: 40
smaller, so accepting
Mean loss in evaluation epoch: 0.37466615438461304, epochs needed: 40


 Tracking generation 28
------------------------- TRACKING ---------------------------
Matrix Hash: 38e46c7ee6973e29, num_times_seen_before: 0
ACC: 0.8222222222222222
TPR/FPR: 0.6875, 0.10344827586206896
Loss: 0.37466615438461304
Timestamp: 117.109809654
---------------------------------------------------------------
Candidate: 7b522d9b09316d9e. Changes:8
Mean loss in evaluation epoch: 0.38531213998794556, epochs needed: 40
will accept with prob tensor(1.3475e-14)
rejecting.
Mean loss in evaluation epoch: 0.37311026453971863, epochs needed: 40


 Tracking generation 29
------------------------- TRACKING ---------------------------
Matrix Hash: 38e46c7ee6973e29, num_times_seen_before: 1
ACC: 0.8222222222222222
TPR/FPR: 0.6875, 0.10344827586206896
Loss: 0.37311026453971863
Timestamp: 121.36626259100001
---------------------------------------------------------------
Candidate: 64e8b83126cc94cc. Changes:9
Mean loss in evaluation epoch: 0.38777562975883484, epochs needed: 40
will accept with prob tensor(0.)
rejecting.
Mean loss in evaluation epoch: 0.3752855360507965, epochs needed: 40


 Tracking generation 30
------------------------- TRACKING ---------------------------
Matrix Hash: 38e46c7ee6973e29, num_times_seen_before: 2
ACC: 0.8222222222222222
TPR/FPR: 0.6875, 0.10344827586206896
Loss: 0.3752855360507965
Timestamp: 126.621635432
---------------------------------------------------------------
Candidate: 91c37c1481b4c85e. Changes:9
Mean loss in evaluation epoch: 0.39314040541648865, epochs needed: 40
will accept with prob tensor(0.)
rejecting.
Mean loss in evaluation epoch: 0.3744465708732605, epochs needed: 40


 Tracking generation 31
------------------------- TRACKING ---------------------------
Matrix Hash: 38e46c7ee6973e29, num_times_seen_before: 3
ACC: 0.8222222222222222
TPR/FPR: 0.6875, 0.10344827586206896
Loss: 0.3744465708732605
Timestamp: 131.111536196
---------------------------------------------------------------
Candidate: 657cf4dbecd8a954. Changes:9
Mean loss in evaluation epoch: 0.39166775345802307, epochs needed: 40
will accept with prob tensor(0.)
rejecting.
Mean loss in evaluation epoch: 0.3766903579235077, epochs needed: 40


 Tracking generation 32
------------------------- TRACKING ---------------------------
Matrix Hash: 38e46c7ee6973e29, num_times_seen_before: 4
ACC: 0.8222222222222222
TPR/FPR: 0.6875, 0.10344827586206896
Loss: 0.3766903579235077
Timestamp: 135.418047312
---------------------------------------------------------------
Candidate: ba89a3ab1020228b. Changes:9
Mean loss in evaluation epoch: 0.3931446969509125, epochs needed: 40
will accept with prob tensor(0.)
rejecting.
Mean loss in evaluation epoch: 0.3742952048778534, epochs needed: 40


 Tracking generation 33
------------------------- TRACKING ---------------------------
Matrix Hash: 38e46c7ee6973e29, num_times_seen_before: 5
ACC: 0.8222222222222222
TPR/FPR: 0.6875, 0.10344827586206896
Loss: 0.3742952048778534
Timestamp: 139.548244825
---------------------------------------------------------------
Candidate: cc9d2a2ad224ccc7. Changes:9
Mean loss in evaluation epoch: 0.37568721175193787, epochs needed: 40
will accept with prob tensor(0.)
rejecting.
Mean loss in evaluation epoch: 0.3734641671180725, epochs needed: 40


 Tracking generation 34
------------------------- TRACKING ---------------------------
Matrix Hash: 38e46c7ee6973e29, num_times_seen_before: 6
ACC: 0.8222222222222222
TPR/FPR: 0.6875, 0.10344827586206896
Loss: 0.3734641671180725
Timestamp: 143.471758699
---------------------------------------------------------------
Candidate: 7fce441fea0b2e5d. Changes:11
Mean loss in evaluation epoch: 0.3723819851875305, epochs needed: 40
smaller, so accepting
Mean loss in evaluation epoch: 0.3723859190940857, epochs needed: 40


 Tracking generation 35
------------------------- TRACKING ---------------------------
Matrix Hash: 7fce441fea0b2e5d, num_times_seen_before: 0
ACC: 0.7555555555555555
TPR/FPR: 0.8125, 0.27586206896551724
Loss: 0.3723859190940857
Timestamp: 147.679982164
---------------------------------------------------------------
Candidate: 5640510b795f613f. Changes:10
Mean loss in evaluation epoch: 0.39249950647354126, epochs needed: 40
will accept with prob tensor(0.)
rejecting.
Mean loss in evaluation epoch: 0.37122365832328796, epochs needed: 40


 Tracking generation 36
------------------------- TRACKING ---------------------------
Matrix Hash: 7fce441fea0b2e5d, num_times_seen_before: 1
ACC: 0.7555555555555555
TPR/FPR: 0.8125, 0.27586206896551724
Loss: 0.37122365832328796
Timestamp: 152.143043581
---------------------------------------------------------------
Candidate: 9d8744b60afe911b. Changes:12
Mean loss in evaluation epoch: 0.3708023428916931, epochs needed: 40
smaller, so accepting
Mean loss in evaluation epoch: 0.3698403239250183, epochs needed: 40


 Tracking generation 37
------------------------- TRACKING ---------------------------
Matrix Hash: 9d8744b60afe911b, num_times_seen_before: 0
ACC: 0.8444444444444444
TPR/FPR: 0.9375, 0.20689655172413793
Loss: 0.3698403239250183
Timestamp: 156.03088281
---------------------------------------------------------------
Candidate: 2d3d8ee13dbcb87a. Changes:6
Mean loss in evaluation epoch: 0.36928075551986694, epochs needed: 40
smaller, so accepting
Mean loss in evaluation epoch: 0.36943894624710083, epochs needed: 40


 Tracking generation 38
------------------------- TRACKING ---------------------------
Matrix Hash: 2d3d8ee13dbcb87a, num_times_seen_before: 0
ACC: 0.8444444444444444
TPR/FPR: 1.0, 0.2413793103448276
Loss: 0.36943894624710083
Timestamp: 160.09725237
---------------------------------------------------------------
Candidate: 3fb68183dbb98428. Changes:5
Mean loss in evaluation epoch: 0.36958667635917664, epochs needed: 40
will accept with prob tensor(0.)
rejecting.
Mean loss in evaluation epoch: 0.37077954411506653, epochs needed: 40


 Tracking generation 39
------------------------- TRACKING ---------------------------
Matrix Hash: 2d3d8ee13dbcb87a, num_times_seen_before: 1
ACC: 0.8444444444444444
TPR/FPR: 1.0, 0.2413793103448276
Loss: 0.37077954411506653
Timestamp: 164.594319406
---------------------------------------------------------------
Candidate: 201fb00b98e2f6e2. Changes:11
Mean loss in evaluation epoch: 0.3711385428905487, epochs needed: 40
will accept with prob tensor(0.)
rejecting.
Mean loss in evaluation epoch: 0.3689485490322113, epochs needed: 40


 Tracking generation 40
------------------------- TRACKING ---------------------------
Matrix Hash: 2d3d8ee13dbcb87a, num_times_seen_before: 2
ACC: 0.8444444444444444
TPR/FPR: 1.0, 0.2413793103448276
Loss: 0.3689485490322113
Timestamp: 168.718306773
---------------------------------------------------------------
Candidate: 160d0a2ffc6894ad. Changes:6
Mean loss in evaluation epoch: 0.36928221583366394, epochs needed: 40
will accept with prob tensor(0.)
rejecting.
Mean loss in evaluation epoch: 0.3682670593261719, epochs needed: 40


 Tracking generation 41
------------------------- TRACKING ---------------------------
Matrix Hash: 2d3d8ee13dbcb87a, num_times_seen_before: 3
ACC: 0.8444444444444444
TPR/FPR: 1.0, 0.2413793103448276
Loss: 0.3682670593261719
Timestamp: 172.912987385
---------------------------------------------------------------
Candidate: 2e67a0a4b7c2e634. Changes:8
Mean loss in evaluation epoch: 0.366364449262619, epochs needed: 40
smaller, so accepting
Mean loss in evaluation epoch: 0.3664238452911377, epochs needed: 40


 Tracking generation 42
------------------------- TRACKING ---------------------------
Matrix Hash: 2e67a0a4b7c2e634, num_times_seen_before: 0
ACC: 0.9333333333333333
TPR/FPR: 1.0, 0.10344827586206896
Loss: 0.3664238452911377
Timestamp: 176.731178154
---------------------------------------------------------------
Candidate: 3ae45cd229cbfbd2. Changes:4
Mean loss in evaluation epoch: 0.36971619725227356, epochs needed: 40
will accept with prob tensor(0.)
rejecting.
Mean loss in evaluation epoch: 0.3654800355434418, epochs needed: 40


 Tracking generation 43
------------------------- TRACKING ---------------------------
Matrix Hash: 2e67a0a4b7c2e634, num_times_seen_before: 1
ACC: 0.9333333333333333
TPR/FPR: 1.0, 0.10344827586206896
Loss: 0.3654800355434418
Timestamp: 180.988267436
---------------------------------------------------------------
Candidate: f5bb02f34b093c2d. Changes:4
Mean loss in evaluation epoch: 0.36748573184013367, epochs needed: 40
will accept with prob tensor(0.)
rejecting.
Mean loss in evaluation epoch: 0.36658933758735657, epochs needed: 40


 Tracking generation 44
------------------------- TRACKING ---------------------------
Matrix Hash: 2e67a0a4b7c2e634, num_times_seen_before: 2
ACC: 0.9333333333333333
TPR/FPR: 1.0, 0.10344827586206896
Loss: 0.36658933758735657
Timestamp: 185.439088019
---------------------------------------------------------------
Candidate: 908a22f2fdbea3fb. Changes:6
Mean loss in evaluation epoch: 0.3695324659347534, epochs needed: 40
will accept with prob tensor(0.)
rejecting.
------------------------- TRACKING ---------------------------
Matrix Hash: 2e67a0a4b7c2e634, num_times_seen_before: 3
ACC: 0.9333333333333333
TPR/FPR: 1.0, 0.10344827586206896
Loss: 0.36658933758735657
Timestamp: 187.368595402
---------------------------------------------------------------
Time needed: 191.595466448 sec
----------------- Final results across all experiments ---------------
accs: [0.9333333333333333]
tprs: [1.0]
fprs: [0.10344827586206896]
mean acc: 0.9333333373069763
mean tpr: 1.0
mean fpr: 0.1034482792019844
