../data/final/Voter/timeseries_ba20_100.pickle
../data/final/edges_ba20.pickle
SEED: 0
NUM_DYN_EPOCHS: 2000
DETECT_EARLY_CONVERGENCE: False
CONTINUATION: False
CONT_ADDRESS: /content/drive/MyDrive/BA_Code/hillclimbing_logs/annealing/first/2021-01-27T18_56_40.854852
USE_EVALEPOCH_FOR_GUIDED_MUTATION: False
NUM_GEN: 20
NUM_TRAIN_SAMPLES: 100
NUM_TRAIN_BATCHES: 1
NUM_TEST_SAMPLES: 100
NUM_TEST_BATCHES: 1
BATCH_SIZE: 100
HIDDEN_SIZE: 128
NUM_DYN_EPOCHS: 2000
IS_CONTINUOUS: False
USE_MAX: False
Mean loss in evaluation epoch: 0.5572885274887085, epochs needed: 2000


 Tracking generation 0
------------------------- TRACKING ---------------------------
Matrix Hash: bcfde9534d3bfd59, num_times_seen_before: 0
ACC: 0.4789473684210527
TPR/FPR: 0.5833333333333334, 0.5454545454545454
Loss: 0.5572885274887085
Timestamp: 0
---------------------------------------------------------------
Candidate: 2aae00c9ffb0e2b4. Changes:29
Mean loss in evaluation epoch: 0.5187863111495972, epochs needed: 2000
smaller, so accepting
Mean loss in evaluation epoch: 0.5215787291526794, epochs needed: 2000


 Tracking generation 1
------------------------- TRACKING ---------------------------
Matrix Hash: 2aae00c9ffb0e2b4, num_times_seen_before: 0
ACC: 0.5473684210526315
TPR/FPR: 0.7777777777777778, 0.5064935064935064
Loss: 0.5215787291526794
Timestamp: 21.378545831
---------------------------------------------------------------
Candidate: 91953eab67479aa6. Changes:21
Mean loss in evaluation epoch: 0.511774480342865, epochs needed: 2000
smaller, so accepting
Mean loss in evaluation epoch: 0.5114182829856873, epochs needed: 2000


 Tracking generation 2
------------------------- TRACKING ---------------------------
Matrix Hash: 91953eab67479aa6, num_times_seen_before: 0
ACC: 0.5736842105263158
TPR/FPR: 0.7777777777777778, 0.474025974025974
Loss: 0.5114182829856873
Timestamp: 42.998188569999996
---------------------------------------------------------------
Candidate: 2f5781447c4ca21d. Changes:15
Mean loss in evaluation epoch: 0.4896543025970459, epochs needed: 2000
smaller, so accepting
Mean loss in evaluation epoch: 0.4911738336086273, epochs needed: 2000


 Tracking generation 3
------------------------- TRACKING ---------------------------
Matrix Hash: 2f5781447c4ca21d, num_times_seen_before: 0
ACC: 0.6
TPR/FPR: 0.8055555555555556, 0.44805194805194803
Loss: 0.4911738336086273
Timestamp: 64.91106273
---------------------------------------------------------------
Candidate: bb70f881e891b841. Changes:22
Mean loss in evaluation epoch: 0.500364363193512, epochs needed: 2000
will accept with prob tensor(0.3170)
rejecting.
Mean loss in evaluation epoch: 0.49230828881263733, epochs needed: 2000


 Tracking generation 4
------------------------- TRACKING ---------------------------
Matrix Hash: 2f5781447c4ca21d, num_times_seen_before: 1
ACC: 0.6
TPR/FPR: 0.8055555555555556, 0.44805194805194803
Loss: 0.49230828881263733
Timestamp: 85.044415098
---------------------------------------------------------------
Candidate: 9cb05907e4b149a2. Changes:14
Mean loss in evaluation epoch: 0.49316123127937317, epochs needed: 2000
will accept with prob tensor(0.8925)
accepting!
Mean loss in evaluation epoch: 0.4935453236103058, epochs needed: 2000


 Tracking generation 5
------------------------- TRACKING ---------------------------
Matrix Hash: 9cb05907e4b149a2, num_times_seen_before: 0
ACC: 0.6210526315789473
TPR/FPR: 0.8333333333333334, 0.42857142857142855
Loss: 0.4935453236103058
Timestamp: 106.075177442
---------------------------------------------------------------
Candidate: e48e410054a102eb. Changes:16
Mean loss in evaluation epoch: 0.4967570900917053, epochs needed: 2000
will accept with prob tensor(0.6320)
accepting!
Mean loss in evaluation epoch: 0.49909713864326477, epochs needed: 2000


 Tracking generation 6
------------------------- TRACKING ---------------------------
Matrix Hash: e48e410054a102eb, num_times_seen_before: 0
ACC: 0.6
TPR/FPR: 0.8888888888888888, 0.4675324675324675
Loss: 0.49909713864326477
Timestamp: 126.17946941499999
---------------------------------------------------------------
Candidate: 3290f3d4471055a0. Changes:24
Mean loss in evaluation epoch: 0.4671081006526947, epochs needed: 2000
smaller, so accepting
Mean loss in evaluation epoch: 0.4697500169277191, epochs needed: 2000


 Tracking generation 7
------------------------- TRACKING ---------------------------
Matrix Hash: 3290f3d4471055a0, num_times_seen_before: 0
ACC: 0.6947368421052631
TPR/FPR: 0.9166666666666666, 0.35714285714285715
Loss: 0.4697500169277191
Timestamp: 145.576588001
---------------------------------------------------------------
Candidate: 388e48b386af4179. Changes:22
Mean loss in evaluation epoch: 0.45673102140426636, epochs needed: 2000
smaller, so accepting
Mean loss in evaluation epoch: 0.4591606855392456, epochs needed: 2000


 Tracking generation 8
------------------------- TRACKING ---------------------------
Matrix Hash: 388e48b386af4179, num_times_seen_before: 0
ACC: 0.7157894736842105
TPR/FPR: 0.9166666666666666, 0.33116883116883117
Loss: 0.4591606855392456
Timestamp: 165.580414764
---------------------------------------------------------------
Candidate: 0df0672b27ccde74. Changes:15
Mean loss in evaluation epoch: 0.46309712529182434, epochs needed: 2000
will accept with prob tensor(0.4888)
accepting!
Mean loss in evaluation epoch: 0.45874741673469543, epochs needed: 2000


 Tracking generation 9
------------------------- TRACKING ---------------------------
Matrix Hash: 0df0672b27ccde74, num_times_seen_before: 0
ACC: 0.7105263157894737
TPR/FPR: 0.9444444444444444, 0.34415584415584416
Loss: 0.45874741673469543
Timestamp: 185.475061479
---------------------------------------------------------------
Candidate: 10b0a1a50374191f. Changes:10
Mean loss in evaluation epoch: 0.46795424818992615, epochs needed: 2000
will accept with prob tensor(0.1586)
rejecting.
Mean loss in evaluation epoch: 0.46700724959373474, epochs needed: 2000


 Tracking generation 10
------------------------- TRACKING ---------------------------
Matrix Hash: 0df0672b27ccde74, num_times_seen_before: 1
ACC: 0.7105263157894737
TPR/FPR: 0.9444444444444444, 0.34415584415584416
Loss: 0.46700724959373474
Timestamp: 204.72867380000002
---------------------------------------------------------------
Candidate: 1c4db7ed39d9eb93. Changes:26
Mean loss in evaluation epoch: 0.46784430742263794, epochs needed: 2000
will accept with prob tensor(0.8303)
accepting!
Mean loss in evaluation epoch: 0.4698037803173065, epochs needed: 2000


 Tracking generation 11
------------------------- TRACKING ---------------------------
Matrix Hash: 1c4db7ed39d9eb93, num_times_seen_before: 0
ACC: 0.7421052631578947
TPR/FPR: 0.9722222222222222, 0.3116883116883117
Loss: 0.4698037803173065
Timestamp: 223.65852212200002
---------------------------------------------------------------
Candidate: f0a54b7a4b46ef0a. Changes:15
Mean loss in evaluation epoch: 0.47616714239120483, epochs needed: 2000
will accept with prob tensor(0.2038)
rejecting.
Mean loss in evaluation epoch: 0.4680464267730713, epochs needed: 2000


 Tracking generation 12
------------------------- TRACKING ---------------------------
Matrix Hash: 1c4db7ed39d9eb93, num_times_seen_before: 1
ACC: 0.7421052631578947
TPR/FPR: 0.9722222222222222, 0.3116883116883117
Loss: 0.4680464267730713
Timestamp: 243.61827516900001
---------------------------------------------------------------
Candidate: 5487d1f5e7eff30e. Changes:31
Mean loss in evaluation epoch: 0.5043289065361023, epochs needed: 2000
will accept with prob tensor(3.1472e-05)
rejecting.
Mean loss in evaluation epoch: 0.46889787912368774, epochs needed: 2000


 Tracking generation 13
------------------------- TRACKING ---------------------------
Matrix Hash: 1c4db7ed39d9eb93, num_times_seen_before: 2
ACC: 0.7421052631578947
TPR/FPR: 0.9722222222222222, 0.3116883116883117
Loss: 0.46889787912368774
Timestamp: 262.65761109100004
---------------------------------------------------------------
Candidate: abc4cd21ee2b52ad. Changes:27
Mean loss in evaluation epoch: 0.4684959352016449, epochs needed: 2000
smaller, so accepting
Mean loss in evaluation epoch: 0.46341270208358765, epochs needed: 2000


 Tracking generation 14
------------------------- TRACKING ---------------------------
Matrix Hash: abc4cd21ee2b52ad, num_times_seen_before: 0
ACC: 0.7052631578947368
TPR/FPR: 0.9166666666666666, 0.34415584415584416
Loss: 0.46341270208358765
Timestamp: 281.96388700800003
---------------------------------------------------------------
Candidate: 577c51f6ca505a37. Changes:26
Mean loss in evaluation epoch: 0.4709926247596741, epochs needed: 2000
will accept with prob tensor(0.0482)
rejecting.
Mean loss in evaluation epoch: 0.4642697870731354, epochs needed: 2000


 Tracking generation 15
------------------------- TRACKING ---------------------------
Matrix Hash: abc4cd21ee2b52ad, num_times_seen_before: 1
ACC: 0.7052631578947368
TPR/FPR: 0.9166666666666666, 0.34415584415584416
Loss: 0.4642697870731354
Timestamp: 300.925655543
---------------------------------------------------------------
Candidate: 074be667654fa0b5. Changes:23
Mean loss in evaluation epoch: 0.4722634553909302, epochs needed: 2000
will accept with prob tensor(0.0184)
rejecting.
Mean loss in evaluation epoch: 0.4697219431400299, epochs needed: 2000


 Tracking generation 16
------------------------- TRACKING ---------------------------
Matrix Hash: abc4cd21ee2b52ad, num_times_seen_before: 2
ACC: 0.7052631578947368
TPR/FPR: 0.9166666666666666, 0.34415584415584416
Loss: 0.4697219431400299
Timestamp: 320.834337549
---------------------------------------------------------------
Candidate: 237a7ab6c8739819. Changes:23
Mean loss in evaluation epoch: 0.4636448919773102, epochs needed: 2000
smaller, so accepting
Mean loss in evaluation epoch: 0.4651137590408325, epochs needed: 2000


 Tracking generation 17
------------------------- TRACKING ---------------------------
Matrix Hash: 237a7ab6c8739819, num_times_seen_before: 0
ACC: 0.7105263157894737
TPR/FPR: 0.9444444444444444, 0.34415584415584416
Loss: 0.4651137590408325
Timestamp: 340.072243936
---------------------------------------------------------------
Candidate: 5b936cf7e7b55183. Changes:20
Mean loss in evaluation epoch: 0.4704758822917938, epochs needed: 2000
will accept with prob tensor(0.0047)
rejecting.
Mean loss in evaluation epoch: 0.4655883312225342, epochs needed: 2000


 Tracking generation 18
------------------------- TRACKING ---------------------------
Matrix Hash: 237a7ab6c8739819, num_times_seen_before: 1
ACC: 0.7105263157894737
TPR/FPR: 0.9444444444444444, 0.34415584415584416
Loss: 0.4655883312225342
Timestamp: 357.845042493
---------------------------------------------------------------
Candidate: 86271ab38774120a. Changes:13
Mean loss in evaluation epoch: 0.46463802456855774, epochs needed: 2000
smaller, so accepting
Mean loss in evaluation epoch: 0.4647616744041443, epochs needed: 2000


 Tracking generation 19
------------------------- TRACKING ---------------------------
Matrix Hash: 86271ab38774120a, num_times_seen_before: 0
ACC: 0.7052631578947368
TPR/FPR: 0.9444444444444444, 0.35064935064935066
Loss: 0.4647616744041443
Timestamp: 376.947019786
---------------------------------------------------------------
Candidate: dbea7f8f8cd03bb0. Changes:16
Mean loss in evaluation epoch: 0.4498838186264038, epochs needed: 2000
smaller, so accepting
Mean loss in evaluation epoch: 0.4503663182258606, epochs needed: 2000


 Tracking generation 20
------------------------- TRACKING ---------------------------
Matrix Hash: dbea7f8f8cd03bb0, num_times_seen_before: 0
ACC: 0.7473684210526316
TPR/FPR: 0.9166666666666666, 0.2922077922077922
Loss: 0.4503663182258606
Timestamp: 396.354884636
---------------------------------------------------------------
Candidate: ad290f14e8408768. Changes:17
Mean loss in evaluation epoch: 0.45518264174461365, epochs needed: 2000
will accept with prob tensor(0.)
rejecting.
Mean loss in evaluation epoch: 0.44988131523132324, epochs needed: 2000


 Tracking generation 21
------------------------- TRACKING ---------------------------
Matrix Hash: dbea7f8f8cd03bb0, num_times_seen_before: 1
ACC: 0.7473684210526316
TPR/FPR: 0.9166666666666666, 0.2922077922077922
Loss: 0.44988131523132324
Timestamp: 416.852382197
---------------------------------------------------------------
Candidate: 459613ac13a85ca9. Changes:18
Mean loss in evaluation epoch: 0.46733152866363525, epochs needed: 2000
will accept with prob tensor(0.)
rejecting.
Mean loss in evaluation epoch: 0.446449875831604, epochs needed: 2000


 Tracking generation 22
------------------------- TRACKING ---------------------------
Matrix Hash: dbea7f8f8cd03bb0, num_times_seen_before: 2
ACC: 0.7473684210526316
TPR/FPR: 0.9166666666666666, 0.2922077922077922
Loss: 0.446449875831604
Timestamp: 436.422753221
---------------------------------------------------------------
Candidate: 351d311a9c38ed35. Changes:24
Mean loss in evaluation epoch: 0.46126243472099304, epochs needed: 2000
will accept with prob tensor(0.)
rejecting.
Mean loss in evaluation epoch: 0.4483787715435028, epochs needed: 2000


 Tracking generation 23
------------------------- TRACKING ---------------------------
Matrix Hash: dbea7f8f8cd03bb0, num_times_seen_before: 3
ACC: 0.7473684210526316
TPR/FPR: 0.9166666666666666, 0.2922077922077922
Loss: 0.4483787715435028
Timestamp: 456.746901653
---------------------------------------------------------------
Candidate: ee4fd7f6315c801a. Changes:13
Mean loss in evaluation epoch: 0.43278050422668457, epochs needed: 2000
smaller, so accepting
Mean loss in evaluation epoch: 0.43738362193107605, epochs needed: 2000


 Tracking generation 24
------------------------- TRACKING ---------------------------
Matrix Hash: ee4fd7f6315c801a, num_times_seen_before: 0
ACC: 0.7947368421052632
TPR/FPR: 0.9722222222222222, 0.24675324675324675
Loss: 0.43738362193107605
Timestamp: 478.60450858400003
---------------------------------------------------------------
Candidate: 7a078e3549c87212. Changes:22
Mean loss in evaluation epoch: 0.4567264914512634, epochs needed: 2000
will accept with prob tensor(0.)
rejecting.
Mean loss in evaluation epoch: 0.4372301697731018, epochs needed: 2000


 Tracking generation 25
------------------------- TRACKING ---------------------------
Matrix Hash: ee4fd7f6315c801a, num_times_seen_before: 1
ACC: 0.7947368421052632
TPR/FPR: 0.9722222222222222, 0.24675324675324675
Loss: 0.4372301697731018
Timestamp: 498.620734533
---------------------------------------------------------------
Candidate: 27a864cc425e953f. Changes:26
Mean loss in evaluation epoch: 0.46899741888046265, epochs needed: 2000
will accept with prob tensor(0.)
rejecting.
Mean loss in evaluation epoch: 0.43694886565208435, epochs needed: 2000


 Tracking generation 26
------------------------- TRACKING ---------------------------
Matrix Hash: ee4fd7f6315c801a, num_times_seen_before: 2
ACC: 0.7947368421052632
TPR/FPR: 0.9722222222222222, 0.24675324675324675
Loss: 0.43694886565208435
Timestamp: 517.851635013
---------------------------------------------------------------
Candidate: 1720d21659c8df0e. Changes:25
Mean loss in evaluation epoch: 0.4644085168838501, epochs needed: 2000
will accept with prob tensor(0.)
rejecting.
Mean loss in evaluation epoch: 0.4360050857067108, epochs needed: 2000


 Tracking generation 27
------------------------- TRACKING ---------------------------
Matrix Hash: ee4fd7f6315c801a, num_times_seen_before: 3
ACC: 0.7947368421052632
TPR/FPR: 0.9722222222222222, 0.24675324675324675
Loss: 0.4360050857067108
Timestamp: 537.613969089
---------------------------------------------------------------
Candidate: 53a007bc192e0d49. Changes:16
Mean loss in evaluation epoch: 0.4501500725746155, epochs needed: 2000
will accept with prob tensor(0.)
rejecting.
Mean loss in evaluation epoch: 0.4388000965118408, epochs needed: 2000


 Tracking generation 28
------------------------- TRACKING ---------------------------
Matrix Hash: ee4fd7f6315c801a, num_times_seen_before: 4
ACC: 0.7947368421052632
TPR/FPR: 0.9722222222222222, 0.24675324675324675
Loss: 0.4388000965118408
Timestamp: 557.52092826
---------------------------------------------------------------
Candidate: 16b1a92cfb8e17a6. Changes:22
Mean loss in evaluation epoch: 0.4603097438812256, epochs needed: 2000
will accept with prob tensor(0.)
rejecting.
Mean loss in evaluation epoch: 0.4360094666481018, epochs needed: 2000


 Tracking generation 29
------------------------- TRACKING ---------------------------
Matrix Hash: ee4fd7f6315c801a, num_times_seen_before: 5
ACC: 0.7947368421052632
TPR/FPR: 0.9722222222222222, 0.24675324675324675
Loss: 0.4360094666481018
Timestamp: 577.784523614
---------------------------------------------------------------
Candidate: d8cb8afa9ea50bda. Changes:19
Mean loss in evaluation epoch: 0.46156635880470276, epochs needed: 2000
will accept with prob tensor(0.)
rejecting.
Mean loss in evaluation epoch: 0.4369712173938751, epochs needed: 2000


 Tracking generation 30
------------------------- TRACKING ---------------------------
Matrix Hash: ee4fd7f6315c801a, num_times_seen_before: 6
ACC: 0.7947368421052632
TPR/FPR: 0.9722222222222222, 0.24675324675324675
Loss: 0.4369712173938751
Timestamp: 598.188940615
---------------------------------------------------------------
Candidate: 3965b570ddd667e6. Changes:18
Mean loss in evaluation epoch: 0.42806577682495117, epochs needed: 2000
smaller, so accepting
Mean loss in evaluation epoch: 0.42638644576072693, epochs needed: 2000


 Tracking generation 31
------------------------- TRACKING ---------------------------
Matrix Hash: 3965b570ddd667e6, num_times_seen_before: 0
ACC: 0.8473684210526315
TPR/FPR: 0.9722222222222222, 0.18181818181818182
Loss: 0.42638644576072693
Timestamp: 618.257905683
---------------------------------------------------------------
Candidate: 6135070c45875700. Changes:41
Mean loss in evaluation epoch: 0.48936086893081665, epochs needed: 2000
will accept with prob tensor(0.)
rejecting.
Mean loss in evaluation epoch: 0.42974579334259033, epochs needed: 2000


 Tracking generation 32
------------------------- TRACKING ---------------------------
Matrix Hash: 3965b570ddd667e6, num_times_seen_before: 1
ACC: 0.8473684210526315
TPR/FPR: 0.9722222222222222, 0.18181818181818182
Loss: 0.42974579334259033
Timestamp: 638.0510240790001
---------------------------------------------------------------
Candidate: 5ff51cc992cd1535. Changes:20
Mean loss in evaluation epoch: 0.44535303115844727, epochs needed: 2000
will accept with prob tensor(0.)
rejecting.
Mean loss in evaluation epoch: 0.4279267489910126, epochs needed: 2000


 Tracking generation 33
------------------------- TRACKING ---------------------------
Matrix Hash: 3965b570ddd667e6, num_times_seen_before: 2
ACC: 0.8473684210526315
TPR/FPR: 0.9722222222222222, 0.18181818181818182
Loss: 0.4279267489910126
Timestamp: 657.126885287
---------------------------------------------------------------
Candidate: 3f0515f745f93d26. Changes:21
Mean loss in evaluation epoch: 0.439603328704834, epochs needed: 2000
will accept with prob tensor(0.)
rejecting.
Mean loss in evaluation epoch: 0.4281771183013916, epochs needed: 2000


 Tracking generation 34
------------------------- TRACKING ---------------------------
Matrix Hash: 3965b570ddd667e6, num_times_seen_before: 3
ACC: 0.8473684210526315
TPR/FPR: 0.9722222222222222, 0.18181818181818182
Loss: 0.4281771183013916
Timestamp: 678.186292149
---------------------------------------------------------------
Candidate: dfd7795ab8006c3b. Changes:22
Mean loss in evaluation epoch: 0.45333153009414673, epochs needed: 2000
will accept with prob tensor(0.)
rejecting.
Mean loss in evaluation epoch: 0.42941299080848694, epochs needed: 2000


 Tracking generation 35
------------------------- TRACKING ---------------------------
Matrix Hash: 3965b570ddd667e6, num_times_seen_before: 4
ACC: 0.8473684210526315
TPR/FPR: 0.9722222222222222, 0.18181818181818182
Loss: 0.42941299080848694
Timestamp: 701.554267945
---------------------------------------------------------------
Candidate: 9724c8fb057ea657. Changes:26
Mean loss in evaluation epoch: 0.4398741126060486, epochs needed: 2000
will accept with prob tensor(0.)
rejecting.
Mean loss in evaluation epoch: 0.4266660809516907, epochs needed: 2000


 Tracking generation 36
------------------------- TRACKING ---------------------------
Matrix Hash: 3965b570ddd667e6, num_times_seen_before: 5
ACC: 0.8473684210526315
TPR/FPR: 0.9722222222222222, 0.18181818181818182
Loss: 0.4266660809516907
Timestamp: 722.747747229
---------------------------------------------------------------
Candidate: 02af3ab4cd66a699. Changes:23
Mean loss in evaluation epoch: 0.43855881690979004, epochs needed: 2000
will accept with prob tensor(0.)
rejecting.
Mean loss in evaluation epoch: 0.42835384607315063, epochs needed: 2000


 Tracking generation 37
------------------------- TRACKING ---------------------------
Matrix Hash: 3965b570ddd667e6, num_times_seen_before: 6
ACC: 0.8473684210526315
TPR/FPR: 0.9722222222222222, 0.18181818181818182
Loss: 0.42835384607315063
Timestamp: 743.896763113
---------------------------------------------------------------
Candidate: 2de05e610d6e6f17. Changes:28
Mean loss in evaluation epoch: 0.44419723749160767, epochs needed: 2000
will accept with prob tensor(0.)
rejecting.
