../data/final/cml/timeseries_ba20_1k_4_restart.pickle
../data/final/edges_ba20.pickle
SEED: 0
NUM_DYN_EPOCHS: 200
DETECT_EARLY_CONVERGENCE: False
CONTINUATION: True
CONT_ADDRESS: ../GA/GA_logs/final/cml_ba20_1k_4_restart_shortcut_eval/2021-03-11T03_17_31.151794
USE_EVALEPOCH_FOR_GUIDED_MUTATION: True
NUM_GEN: 20
FORMAT: standard
num samples: 1000
NUM_TRAIN_SAMPLES: 1000
NUM_TRAIN_BATCHES: 10
NUM_TEST_SAMPLES: 1000
NUM_TEST_BATCHES: 10
BATCH_SIZE: 100
HIDDEN_SIZE: 128
NUM_DYN_EPOCHS: 200
IS_CONTINUOUS: True
USE_MAX: False
Mean loss in evaluation epoch: 0.09470143169164658, epochs needed: 200


 Tracking generation 0
------------------------- TRACKING ---------------------------
Matrix Hash: e3e497f83e6e3c09, num_times_seen_before: 0
ACC: 0.9
TPR/FPR: 1.0, 0.12337662337662338
Loss: 0.09470143169164658
Timestamp: 0
---------------------------------------------------------------
Candidate: ca824213b20005c4. Changes:7
Mean loss in evaluation epoch: 0.08159970492124557, epochs needed: 200
smaller, so accepting
Mean loss in evaluation epoch: 0.08868540823459625, epochs needed: 200


 Tracking generation 1
------------------------- TRACKING ---------------------------
Matrix Hash: ca824213b20005c4, num_times_seen_before: 0
ACC: 0.9368421052631579
TPR/FPR: 1.0, 0.07792207792207792
Loss: 0.08868540823459625
Timestamp: 134.23306104199946
---------------------------------------------------------------
Candidate: bed9dd82ef07e982. Changes:1
Mean loss in evaluation epoch: 0.10004236549139023, epochs needed: 200
will accept with prob tensor(0.2831)
rejecting.
Mean loss in evaluation epoch: 0.08464623987674713, epochs needed: 200


 Tracking generation 2
------------------------- TRACKING ---------------------------
Matrix Hash: ca824213b20005c4, num_times_seen_before: 1
ACC: 0.9368421052631579
TPR/FPR: 1.0, 0.07792207792207792
Loss: 0.08464623987674713
Timestamp: 267.08665068499977
---------------------------------------------------------------
Candidate: cd34691de6bfe283. Changes:4
Mean loss in evaluation epoch: 0.09436384588479996, epochs needed: 200
will accept with prob tensor(0.3188)
rejecting.
Mean loss in evaluation epoch: 0.0909106433391571, epochs needed: 200


 Tracking generation 3
------------------------- TRACKING ---------------------------
Matrix Hash: ca824213b20005c4, num_times_seen_before: 2
ACC: 0.9368421052631579
TPR/FPR: 1.0, 0.07792207792207792
Loss: 0.0909106433391571
Timestamp: 401.0169961219999
---------------------------------------------------------------
Candidate: d6e70f2c5af34541. Changes:3
Mean loss in evaluation epoch: 0.08812441676855087, epochs needed: 200
smaller, so accepting
Mean loss in evaluation epoch: 0.10526619106531143, epochs needed: 200


 Tracking generation 4
------------------------- TRACKING ---------------------------
Matrix Hash: d6e70f2c5af34541, num_times_seen_before: 0
ACC: 0.9526315789473684
TPR/FPR: 1.0, 0.05844155844155844
Loss: 0.10526619106531143
Timestamp: 534.7391616610003
---------------------------------------------------------------
Candidate: c497ee947fbf73e0. Changes:1
Mean loss in evaluation epoch: 0.07491705566644669, epochs needed: 200
smaller, so accepting
Mean loss in evaluation epoch: 0.07186031341552734, epochs needed: 200


 Tracking generation 5
------------------------- TRACKING ---------------------------
Matrix Hash: c497ee947fbf73e0, num_times_seen_before: 0
ACC: 0.9578947368421052
TPR/FPR: 1.0, 0.05194805194805195
Loss: 0.07186031341552734
Timestamp: 668.3735835159996
---------------------------------------------------------------
Candidate: b903e4037cf7210c. Changes:2
Mean loss in evaluation epoch: 0.06572825461626053, epochs needed: 200
smaller, so accepting
Mean loss in evaluation epoch: 0.06922376900911331, epochs needed: 200


 Tracking generation 6
------------------------- TRACKING ---------------------------
Matrix Hash: b903e4037cf7210c, num_times_seen_before: 0
ACC: 0.968421052631579
TPR/FPR: 1.0, 0.03896103896103896
Loss: 0.06922376900911331
Timestamp: 802.365600522
---------------------------------------------------------------
Candidate: 51da63e1485ddce3. Changes:2
Mean loss in evaluation epoch: 0.07424506545066833, epochs needed: 200
will accept with prob tensor(0.4619)
accepting!
Mean loss in evaluation epoch: 0.06571339815855026, epochs needed: 200


 Tracking generation 7
------------------------- TRACKING ---------------------------
Matrix Hash: 51da63e1485ddce3, num_times_seen_before: 0
ACC: 0.9789473684210527
TPR/FPR: 1.0, 0.025974025974025976
Loss: 0.06571339815855026
Timestamp: 936.5152448159997
---------------------------------------------------------------
Candidate: e7869492a2238117. Changes:1
Mean loss in evaluation epoch: 0.04577402397990227, epochs needed: 200
smaller, so accepting
Mean loss in evaluation epoch: 0.04764356091618538, epochs needed: 200


 Tracking generation 8
------------------------- TRACKING ---------------------------
Matrix Hash: e7869492a2238117, num_times_seen_before: 0
ACC: 0.9842105263157894
TPR/FPR: 1.0, 0.01948051948051948
Loss: 0.04764356091618538
Timestamp: 1071.0940642039996
---------------------------------------------------------------
Candidate: 334f1f9f5d631596. Changes:2
Mean loss in evaluation epoch: 0.041878920048475266, epochs needed: 200
smaller, so accepting
Mean loss in evaluation epoch: 0.040742404758930206, epochs needed: 200


 Tracking generation 9
------------------------- TRACKING ---------------------------
Matrix Hash: 334f1f9f5d631596, num_times_seen_before: 0
ACC: 0.9947368421052631
TPR/FPR: 1.0, 0.006493506493506494
Loss: 0.040742404758930206
Timestamp: 1205.521149057
---------------------------------------------------------------
Candidate: 27a06185e85d7864. Changes:1
Mean loss in evaluation epoch: 0.0512804351747036, epochs needed: 200
will accept with prob tensor(0.1215)
rejecting.
Mean loss in evaluation epoch: 0.041423898190259933, epochs needed: 200


 Tracking generation 10
------------------------- TRACKING ---------------------------
Matrix Hash: 334f1f9f5d631596, num_times_seen_before: 1
ACC: 0.9947368421052631
TPR/FPR: 1.0, 0.006493506493506494
Loss: 0.041423898190259933
Timestamp: 1341.8581390179997
---------------------------------------------------------------
Candidate: 27a06185e85d7864. Changes:1
Mean loss in evaluation epoch: 0.04594111070036888, epochs needed: 200
will accept with prob tensor(0.3665)
rejecting.
Mean loss in evaluation epoch: 0.03290335461497307, epochs needed: 200


 Tracking generation 11
------------------------- TRACKING ---------------------------
Matrix Hash: 334f1f9f5d631596, num_times_seen_before: 2
ACC: 0.9947368421052631
TPR/FPR: 1.0, 0.006493506493506494
Loss: 0.03290335461497307
Timestamp: 1478.873063524
---------------------------------------------------------------
Candidate: 27a06185e85d7864. Changes:1
Mean loss in evaluation epoch: 0.039873506873846054, epochs needed: 200
will accept with prob tensor(0.1751)
rejecting.
Mean loss in evaluation epoch: 0.05976389721035957, epochs needed: 200


 Tracking generation 12
------------------------- TRACKING ---------------------------
Matrix Hash: 334f1f9f5d631596, num_times_seen_before: 3
ACC: 0.9947368421052631
TPR/FPR: 1.0, 0.006493506493506494
Loss: 0.05976389721035957
Timestamp: 1616.290855483
---------------------------------------------------------------
S IS ALL NEGATIVE!
Candidate: 334f1f9f5d631596. Changes:0
Mean loss in evaluation epoch: 0.10013709217309952, epochs needed: 200
will accept with prob tensor(9.7797e-06)
rejecting.
Mean loss in evaluation epoch: 0.03735401853919029, epochs needed: 200


 Tracking generation 13
------------------------- TRACKING ---------------------------
Matrix Hash: 334f1f9f5d631596, num_times_seen_before: 4
ACC: 0.9947368421052631
TPR/FPR: 1.0, 0.006493506493506494
Loss: 0.03735401853919029
Timestamp: 1753.633033444
---------------------------------------------------------------
Candidate: 27a06185e85d7864. Changes:1
Mean loss in evaluation epoch: 0.042691171169281006, epochs needed: 200
will accept with prob tensor(0.1688)
rejecting.
Mean loss in evaluation epoch: 0.04206171631813049, epochs needed: 200


 Tracking generation 14
------------------------- TRACKING ---------------------------
Matrix Hash: 334f1f9f5d631596, num_times_seen_before: 5
ACC: 0.9947368421052631
TPR/FPR: 1.0, 0.006493506493506494
Loss: 0.04206171631813049
Timestamp: 1891.90658197
---------------------------------------------------------------
Candidate: 27a06185e85d7864. Changes:1
Mean loss in evaluation epoch: 0.048259537667036057, epochs needed: 200
will accept with prob tensor(0.0838)
rejecting.
Mean loss in evaluation epoch: 0.09847377985715866, epochs needed: 200


 Tracking generation 15
------------------------- TRACKING ---------------------------
Matrix Hash: 334f1f9f5d631596, num_times_seen_before: 6
ACC: 0.9947368421052631
TPR/FPR: 1.0, 0.006493506493506494
Loss: 0.09847377985715866
Timestamp: 2028.3348994919997
---------------------------------------------------------------
Candidate: 8f25aa1ad1f9849f. Changes:7
Mean loss in evaluation epoch: 0.062206756323575974, epochs needed: 200
smaller, so accepting
Mean loss in evaluation epoch: 0.06840579956769943, epochs needed: 200


 Tracking generation 16
------------------------- TRACKING ---------------------------
Matrix Hash: 8f25aa1ad1f9849f, num_times_seen_before: 0
ACC: 0.9578947368421052
TPR/FPR: 0.8055555555555556, 0.006493506493506494
Loss: 0.06840579956769943
Timestamp: 2164.288150409
---------------------------------------------------------------
Candidate: 90d163f9d7d926c6. Changes:3
Mean loss in evaluation epoch: 0.04984722658991814, epochs needed: 200
smaller, so accepting
Mean loss in evaluation epoch: 0.062172818928956985, epochs needed: 200


 Tracking generation 17
------------------------- TRACKING ---------------------------
Matrix Hash: 90d163f9d7d926c6, num_times_seen_before: 0
ACC: 0.9736842105263158
TPR/FPR: 0.8888888888888888, 0.006493506493506494
Loss: 0.062172818928956985
Timestamp: 2301.4949749219995
---------------------------------------------------------------
Candidate: 2385f04bdf59889b. Changes:2
Mean loss in evaluation epoch: 0.046156298369169235, epochs needed: 200
smaller, so accepting
Mean loss in evaluation epoch: 0.044093381613492966, epochs needed: 200


 Tracking generation 18
------------------------- TRACKING ---------------------------
Matrix Hash: 2385f04bdf59889b, num_times_seen_before: 0
ACC: 0.9842105263157894
TPR/FPR: 0.9444444444444444, 0.006493506493506494
Loss: 0.044093381613492966
Timestamp: 2440.046895405
---------------------------------------------------------------
Candidate: 39927d63dde696d6. Changes:1
Mean loss in evaluation epoch: 0.03983180597424507, epochs needed: 200
smaller, so accepting
Mean loss in evaluation epoch: 0.052199143916368484, epochs needed: 200


 Tracking generation 19
------------------------- TRACKING ---------------------------
Matrix Hash: 39927d63dde696d6, num_times_seen_before: 0
ACC: 0.9894736842105263
TPR/FPR: 0.9722222222222222, 0.006493506493506494
Loss: 0.052199143916368484
Timestamp: 2577.2979190569995
---------------------------------------------------------------
Candidate: 334f1f9f5d631596. Changes:1
Mean loss in evaluation epoch: 0.07387632131576538, epochs needed: 200
will accept with prob tensor(0.)
rejecting.
------------------------- TRACKING ---------------------------
Matrix Hash: 39927d63dde696d6, num_times_seen_before: 1
ACC: 0.9894736842105263
TPR/FPR: 0.9722222222222222, 0.006493506493506494
Loss: 0.052199143916368484
Timestamp: 2657.0704192149997
---------------------------------------------------------------
Time needed: 2713.6561014340004 sec
