../data/final/netrd/SIS/timeseries_ba10_5k_0.15.pickle
../data/final/edges_ba10.pickle
CONTINUATION: False
CONT_ADDRESS: ./hill_climbing_logs/voter_ba20_100_CONT_8ep
SEED: 0
NUM_DYN_EPOCHS: 40
DETECT_EARLY_CONVERGENCE: False
USE_EVALEPOCH_FOR_GUIDED_MUTATION: True
USE_NODEWISE_LOSS: False
USE_DYNAMIC_STEPS: False
NUM_GEN: 50
DETERMINISTIC_EVAL: True
ATTENTIONNNNNNNNNNNNNNNNNNNN RANDOM MUTATIONS
num samples: 5000
NUM_TRAIN_SAMPLES: 4999
NUM_TRAIN_BATCHES: 50
NUM_TEST_SAMPLES: 4999
NUM_TEST_BATCHES: 50
BATCH_SIZE: 100
HIDDEN_SIZE: 128
NUM_DYN_EPOCHS: 40
IS_CONTINUOUS: False
USE_MAX: False
Mean loss in evaluation epoch: 0.3891149163246155, epochs needed: 40

Generation 0
------------------------- TRACKING ---------------------------
Matrix Hash: 6f1b90fc9c8835ab, num_times_seen_before: 0
ACC: 0.4444444444444444
TPR/FPR: 0.5, 0.5862068965517241
Loss: 0.3891149163246155
Timestamp: 0
---------------------------------------------------------------
[tensor([0, 8])]
Mean loss in evaluation epoch: 0.3893800377845764, epochs needed: 40
Rejecting!

Generation 1
------------------------- TRACKING ---------------------------
Matrix Hash: 6f1b90fc9c8835ab, num_times_seen_before: 1
ACC: 0.4444444444444444
TPR/FPR: 0.5, 0.5862068965517241
Loss: 0.3891149163246155
Timestamp: 9.929148587
---------------------------------------------------------------
[tensor([1, 8])]
Mean loss in evaluation epoch: 0.3849734365940094, epochs needed: 40
Accepting!

Generation 2
------------------------- TRACKING ---------------------------
Matrix Hash: 7caca06721c27c4f, num_times_seen_before: 0
ACC: 0.4666666666666667
TPR/FPR: 0.5, 0.5517241379310345
Loss: 0.3849734365940094
Timestamp: 19.545942986000004
---------------------------------------------------------------
[tensor([0, 1])]
Mean loss in evaluation epoch: 0.3889133036136627, epochs needed: 40
Rejecting!

Generation 3
------------------------- TRACKING ---------------------------
Matrix Hash: 7caca06721c27c4f, num_times_seen_before: 1
ACC: 0.4666666666666667
TPR/FPR: 0.5, 0.5517241379310345
Loss: 0.3849734365940094
Timestamp: 30.106000443000003
---------------------------------------------------------------
[tensor([2, 6])]
Mean loss in evaluation epoch: 0.38404104113578796, epochs needed: 40
Accepting!

Generation 4
------------------------- TRACKING ---------------------------
Matrix Hash: d5650950acf05b62, num_times_seen_before: 0
ACC: 0.4444444444444444
TPR/FPR: 0.5, 0.5862068965517241
Loss: 0.38404104113578796
Timestamp: 40.48452103300001
---------------------------------------------------------------
[tensor([4, 9])]
Mean loss in evaluation epoch: 0.38395655155181885, epochs needed: 40
Accepting!

Generation 5
------------------------- TRACKING ---------------------------
Matrix Hash: 2ce5acdd661efb7a, num_times_seen_before: 0
ACC: 0.4666666666666667
TPR/FPR: 0.5, 0.5517241379310345
Loss: 0.38395655155181885
Timestamp: 50.777719816
---------------------------------------------------------------
[tensor([3, 9])]
Mean loss in evaluation epoch: 0.38374799489974976, epochs needed: 40
Accepting!

Generation 6
------------------------- TRACKING ---------------------------
Matrix Hash: 4a560db04463d185, num_times_seen_before: 0
ACC: 0.48888888888888893
TPR/FPR: 0.5625, 0.5517241379310345
Loss: 0.38374799489974976
Timestamp: 60.91753765199999
---------------------------------------------------------------
[tensor([4, 9])]
Mean loss in evaluation epoch: 0.38420775532722473, epochs needed: 40
Rejecting!

Generation 7
------------------------- TRACKING ---------------------------
Matrix Hash: 4a560db04463d185, num_times_seen_before: 1
ACC: 0.48888888888888893
TPR/FPR: 0.5625, 0.5517241379310345
Loss: 0.38374799489974976
Timestamp: 70.974729141
---------------------------------------------------------------
[tensor([2, 3])]
Mean loss in evaluation epoch: 0.383735328912735, epochs needed: 40
Accepting!

Generation 8
------------------------- TRACKING ---------------------------
Matrix Hash: 9622373c6d91cd69, num_times_seen_before: 0
ACC: 0.5111111111111111
TPR/FPR: 0.625, 0.5517241379310345
Loss: 0.383735328912735
Timestamp: 81.395387187
---------------------------------------------------------------
[tensor([5, 7])]
Mean loss in evaluation epoch: 0.38651955127716064, epochs needed: 40
Rejecting!

Generation 9
------------------------- TRACKING ---------------------------
Matrix Hash: 9622373c6d91cd69, num_times_seen_before: 1
ACC: 0.5111111111111111
TPR/FPR: 0.625, 0.5517241379310345
Loss: 0.383735328912735
Timestamp: 92.01467337599999
---------------------------------------------------------------
[tensor([4, 5])]
Mean loss in evaluation epoch: 0.38659393787384033, epochs needed: 40
Rejecting!

Generation 10
------------------------- TRACKING ---------------------------
Matrix Hash: 9622373c6d91cd69, num_times_seen_before: 2
ACC: 0.5111111111111111
TPR/FPR: 0.625, 0.5517241379310345
Loss: 0.383735328912735
Timestamp: 102.783777274
---------------------------------------------------------------
[tensor([2, 6])]
Mean loss in evaluation epoch: 0.3839673399925232, epochs needed: 40
Rejecting!

Generation 11
------------------------- TRACKING ---------------------------
Matrix Hash: 9622373c6d91cd69, num_times_seen_before: 3
ACC: 0.5111111111111111
TPR/FPR: 0.625, 0.5517241379310345
Loss: 0.383735328912735
Timestamp: 113.702633865
---------------------------------------------------------------
[tensor([0, 5])]
Mean loss in evaluation epoch: 0.38247138261795044, epochs needed: 40
Accepting!

Generation 12
------------------------- TRACKING ---------------------------
Matrix Hash: 623fe290162818e1, num_times_seen_before: 0
ACC: 0.5333333333333333
TPR/FPR: 0.6875, 0.5517241379310345
Loss: 0.38247138261795044
Timestamp: 124.070802439
---------------------------------------------------------------
[tensor([1, 8])]
Mean loss in evaluation epoch: 0.3841821849346161, epochs needed: 40
Rejecting!

Generation 13
------------------------- TRACKING ---------------------------
Matrix Hash: 623fe290162818e1, num_times_seen_before: 1
ACC: 0.5333333333333333
TPR/FPR: 0.6875, 0.5517241379310345
Loss: 0.38247138261795044
Timestamp: 134.512585004
---------------------------------------------------------------
[tensor([4, 5])]
Mean loss in evaluation epoch: 0.382888525724411, epochs needed: 40
Rejecting!

Generation 14
------------------------- TRACKING ---------------------------
Matrix Hash: 623fe290162818e1, num_times_seen_before: 2
ACC: 0.5333333333333333
TPR/FPR: 0.6875, 0.5517241379310345
Loss: 0.38247138261795044
Timestamp: 145.60011045299999
---------------------------------------------------------------
[tensor([2, 8])]
Mean loss in evaluation epoch: 0.38330185413360596, epochs needed: 40
Rejecting!

Generation 15
------------------------- TRACKING ---------------------------
Matrix Hash: 623fe290162818e1, num_times_seen_before: 3
ACC: 0.5333333333333333
TPR/FPR: 0.6875, 0.5517241379310345
Loss: 0.38247138261795044
Timestamp: 157.076121658
---------------------------------------------------------------
[tensor([2, 6])]
Mean loss in evaluation epoch: 0.3817250728607178, epochs needed: 40
Accepting!

Generation 16
------------------------- TRACKING ---------------------------
Matrix Hash: 18f1760e409dcf77, num_times_seen_before: 0
ACC: 0.5555555555555556
TPR/FPR: 0.6875, 0.5172413793103449
Loss: 0.3817250728607178
Timestamp: 167.275063799
---------------------------------------------------------------
[tensor([3, 4])]
Mean loss in evaluation epoch: 0.3829818367958069, epochs needed: 40
Rejecting!

Generation 17
------------------------- TRACKING ---------------------------
Matrix Hash: 18f1760e409dcf77, num_times_seen_before: 1
ACC: 0.5555555555555556
TPR/FPR: 0.6875, 0.5172413793103449
Loss: 0.3817250728607178
Timestamp: 178.440209421
---------------------------------------------------------------
[tensor([1, 2])]
Mean loss in evaluation epoch: 0.3832108676433563, epochs needed: 40
Rejecting!

Generation 18
------------------------- TRACKING ---------------------------
Matrix Hash: 18f1760e409dcf77, num_times_seen_before: 2
ACC: 0.5555555555555556
TPR/FPR: 0.6875, 0.5172413793103449
Loss: 0.3817250728607178
Timestamp: 188.467217566
---------------------------------------------------------------
[tensor([1, 3])]
Mean loss in evaluation epoch: 0.38271987438201904, epochs needed: 40
Rejecting!

Generation 19
------------------------- TRACKING ---------------------------
Matrix Hash: 18f1760e409dcf77, num_times_seen_before: 3
ACC: 0.5555555555555556
TPR/FPR: 0.6875, 0.5172413793103449
Loss: 0.3817250728607178
Timestamp: 198.285661377
---------------------------------------------------------------
[tensor([4, 6])]
Mean loss in evaluation epoch: 0.3817127048969269, epochs needed: 40
Accepting!

Generation 20
------------------------- TRACKING ---------------------------
Matrix Hash: c96bad19217a1c42, num_times_seen_before: 0
ACC: 0.5777777777777777
TPR/FPR: 0.75, 0.5172413793103449
Loss: 0.3817127048969269
Timestamp: 208.768975644
---------------------------------------------------------------
[tensor([1, 3])]
Mean loss in evaluation epoch: 0.38317763805389404, epochs needed: 40
Rejecting!

Generation 21
------------------------- TRACKING ---------------------------
Matrix Hash: c96bad19217a1c42, num_times_seen_before: 1
ACC: 0.5777777777777777
TPR/FPR: 0.75, 0.5172413793103449
Loss: 0.3817127048969269
Timestamp: 218.60405338
---------------------------------------------------------------
[tensor([2, 8])]
Mean loss in evaluation epoch: 0.3824172019958496, epochs needed: 40
Rejecting!

Generation 22
------------------------- TRACKING ---------------------------
Matrix Hash: c96bad19217a1c42, num_times_seen_before: 2
ACC: 0.5777777777777777
TPR/FPR: 0.75, 0.5172413793103449
Loss: 0.3817127048969269
Timestamp: 228.740129615
---------------------------------------------------------------
[tensor([2, 3])]
Mean loss in evaluation epoch: 0.3821788728237152, epochs needed: 40
Rejecting!

Generation 23
------------------------- TRACKING ---------------------------
Matrix Hash: c96bad19217a1c42, num_times_seen_before: 3
ACC: 0.5777777777777777
TPR/FPR: 0.75, 0.5172413793103449
Loss: 0.3817127048969269
Timestamp: 238.85858375
---------------------------------------------------------------
[tensor([1, 6])]
Mean loss in evaluation epoch: 0.3843494951725006, epochs needed: 40
Rejecting!

Generation 24
------------------------- TRACKING ---------------------------
Matrix Hash: c96bad19217a1c42, num_times_seen_before: 4
ACC: 0.5777777777777777
TPR/FPR: 0.75, 0.5172413793103449
Loss: 0.3817127048969269
Timestamp: 249.16002302399997
---------------------------------------------------------------
[tensor([0, 7])]
Mean loss in evaluation epoch: 0.3815470039844513, epochs needed: 40
Accepting!

Generation 25
------------------------- TRACKING ---------------------------
Matrix Hash: 1117e2741a45eb29, num_times_seen_before: 0
ACC: 0.5555555555555556
TPR/FPR: 0.75, 0.5517241379310345
Loss: 0.3815470039844513
Timestamp: 258.994595091
---------------------------------------------------------------
[tensor([0, 6])]
Mean loss in evaluation epoch: 0.3819708526134491, epochs needed: 40
Rejecting!

Generation 26
------------------------- TRACKING ---------------------------
Matrix Hash: 1117e2741a45eb29, num_times_seen_before: 1
ACC: 0.5555555555555556
TPR/FPR: 0.75, 0.5517241379310345
Loss: 0.3815470039844513
Timestamp: 268.794261272
---------------------------------------------------------------
[tensor([1, 2])]
Mean loss in evaluation epoch: 0.38250258564949036, epochs needed: 40
Rejecting!

Generation 27
------------------------- TRACKING ---------------------------
Matrix Hash: 1117e2741a45eb29, num_times_seen_before: 2
ACC: 0.5555555555555556
TPR/FPR: 0.75, 0.5517241379310345
Loss: 0.3815470039844513
Timestamp: 278.584979641
---------------------------------------------------------------
[tensor([1, 4])]
Mean loss in evaluation epoch: 0.3819376230239868, epochs needed: 40
Rejecting!

Generation 28
------------------------- TRACKING ---------------------------
Matrix Hash: 1117e2741a45eb29, num_times_seen_before: 3
ACC: 0.5555555555555556
TPR/FPR: 0.75, 0.5517241379310345
Loss: 0.3815470039844513
Timestamp: 287.60467160400003
---------------------------------------------------------------
[tensor([0, 2])]
Mean loss in evaluation epoch: 0.38220474123954773, epochs needed: 40
Rejecting!

Generation 29
------------------------- TRACKING ---------------------------
Matrix Hash: 1117e2741a45eb29, num_times_seen_before: 4
ACC: 0.5555555555555556
TPR/FPR: 0.75, 0.5517241379310345
Loss: 0.3815470039844513
Timestamp: 295.546425605
---------------------------------------------------------------
[tensor([0, 6])]
Mean loss in evaluation epoch: 0.3819708526134491, epochs needed: 40
Rejecting!

Generation 30
------------------------- TRACKING ---------------------------
Matrix Hash: 1117e2741a45eb29, num_times_seen_before: 5
ACC: 0.5555555555555556
TPR/FPR: 0.75, 0.5517241379310345
Loss: 0.3815470039844513
Timestamp: 303.43979029800005
---------------------------------------------------------------
[tensor([3, 8])]
Mean loss in evaluation epoch: 0.38161271810531616, epochs needed: 40
Rejecting!

Generation 31
------------------------- TRACKING ---------------------------
Matrix Hash: 1117e2741a45eb29, num_times_seen_before: 6
ACC: 0.5555555555555556
TPR/FPR: 0.75, 0.5517241379310345
Loss: 0.3815470039844513
Timestamp: 311.319208412
---------------------------------------------------------------
[tensor([3, 5])]
Mean loss in evaluation epoch: 0.38328817486763, epochs needed: 40
Rejecting!

Generation 32
------------------------- TRACKING ---------------------------
Matrix Hash: 1117e2741a45eb29, num_times_seen_before: 7
ACC: 0.5555555555555556
TPR/FPR: 0.75, 0.5517241379310345
Loss: 0.3815470039844513
Timestamp: 319.307799595
---------------------------------------------------------------
[tensor([1, 8])]
Mean loss in evaluation epoch: 0.3807697296142578, epochs needed: 40
Accepting!

Generation 33
------------------------- TRACKING ---------------------------
Matrix Hash: 97105dc14286195b, num_times_seen_before: 0
ACC: 0.5333333333333333
TPR/FPR: 0.75, 0.5862068965517241
Loss: 0.3807697296142578
Timestamp: 327.07123201300004
---------------------------------------------------------------
[tensor([1, 8])]
Mean loss in evaluation epoch: 0.3815470039844513, epochs needed: 40
Rejecting!

Generation 34
------------------------- TRACKING ---------------------------
Matrix Hash: 97105dc14286195b, num_times_seen_before: 1
ACC: 0.5333333333333333
TPR/FPR: 0.75, 0.5862068965517241
Loss: 0.3807697296142578
Timestamp: 334.817477939
---------------------------------------------------------------
[tensor([5, 8])]
Mean loss in evaluation epoch: 0.3835960328578949, epochs needed: 40
Rejecting!

Generation 35
------------------------- TRACKING ---------------------------
Matrix Hash: 97105dc14286195b, num_times_seen_before: 2
ACC: 0.5333333333333333
TPR/FPR: 0.75, 0.5862068965517241
Loss: 0.3807697296142578
Timestamp: 342.547350336
---------------------------------------------------------------
[tensor([3, 9])]
Mean loss in evaluation epoch: 0.3839361071586609, epochs needed: 40
Rejecting!

Generation 36
------------------------- TRACKING ---------------------------
Matrix Hash: 97105dc14286195b, num_times_seen_before: 3
ACC: 0.5333333333333333
TPR/FPR: 0.75, 0.5862068965517241
Loss: 0.3807697296142578
Timestamp: 350.36910852200003
---------------------------------------------------------------
[tensor([5, 8])]
Mean loss in evaluation epoch: 0.3835960328578949, epochs needed: 40
Rejecting!

Generation 37
------------------------- TRACKING ---------------------------
Matrix Hash: 97105dc14286195b, num_times_seen_before: 4
ACC: 0.5333333333333333
TPR/FPR: 0.75, 0.5862068965517241
Loss: 0.3807697296142578
Timestamp: 358.158286555
---------------------------------------------------------------
[tensor([5, 6])]
Mean loss in evaluation epoch: 0.38133034110069275, epochs needed: 40
Rejecting!

Generation 38
------------------------- TRACKING ---------------------------
Matrix Hash: 97105dc14286195b, num_times_seen_before: 5
ACC: 0.5333333333333333
TPR/FPR: 0.75, 0.5862068965517241
Loss: 0.3807697296142578
Timestamp: 365.905594472
---------------------------------------------------------------
[tensor([1, 2])]
Mean loss in evaluation epoch: 0.3809620440006256, epochs needed: 40
Rejecting!

Generation 39
------------------------- TRACKING ---------------------------
Matrix Hash: 97105dc14286195b, num_times_seen_before: 6
ACC: 0.5333333333333333
TPR/FPR: 0.75, 0.5862068965517241
Loss: 0.3807697296142578
Timestamp: 373.754412858
---------------------------------------------------------------
[tensor([6, 7])]
Mean loss in evaluation epoch: 0.3817569315433502, epochs needed: 40
Rejecting!

Generation 40
------------------------- TRACKING ---------------------------
Matrix Hash: 97105dc14286195b, num_times_seen_before: 7
ACC: 0.5333333333333333
TPR/FPR: 0.75, 0.5862068965517241
Loss: 0.3807697296142578
Timestamp: 381.79354693600004
---------------------------------------------------------------
[tensor([3, 8])]
Mean loss in evaluation epoch: 0.38192006945610046, epochs needed: 40
Rejecting!

Generation 41
------------------------- TRACKING ---------------------------
Matrix Hash: 97105dc14286195b, num_times_seen_before: 8
ACC: 0.5333333333333333
TPR/FPR: 0.75, 0.5862068965517241
Loss: 0.3807697296142578
Timestamp: 389.811379676
---------------------------------------------------------------
[tensor([1, 9])]
Mean loss in evaluation epoch: 0.3814188241958618, epochs needed: 40
Rejecting!

Generation 42
------------------------- TRACKING ---------------------------
Matrix Hash: 97105dc14286195b, num_times_seen_before: 9
ACC: 0.5333333333333333
TPR/FPR: 0.75, 0.5862068965517241
Loss: 0.3807697296142578
Timestamp: 397.712975441
---------------------------------------------------------------
[tensor([2, 4])]
Mean loss in evaluation epoch: 0.3795332908630371, epochs needed: 40
Accepting!

Generation 43
------------------------- TRACKING ---------------------------
Matrix Hash: 53a2a408339ce7b6, num_times_seen_before: 0
ACC: 0.5555555555555556
TPR/FPR: 0.75, 0.5517241379310345
Loss: 0.3795332908630371
Timestamp: 406.64463030400003
---------------------------------------------------------------
[tensor([3, 4])]
Mean loss in evaluation epoch: 0.3850131034851074, epochs needed: 40
Rejecting!

Generation 44
------------------------- TRACKING ---------------------------
Matrix Hash: 53a2a408339ce7b6, num_times_seen_before: 1
ACC: 0.5555555555555556
TPR/FPR: 0.75, 0.5517241379310345
Loss: 0.3795332908630371
Timestamp: 417.505107274
---------------------------------------------------------------
[tensor([3, 6])]
Mean loss in evaluation epoch: 0.38146889209747314, epochs needed: 40
Rejecting!

Generation 45
------------------------- TRACKING ---------------------------
Matrix Hash: 53a2a408339ce7b6, num_times_seen_before: 2
ACC: 0.5555555555555556
TPR/FPR: 0.75, 0.5517241379310345
Loss: 0.3795332908630371
Timestamp: 429.45277443500004
---------------------------------------------------------------
[tensor([6, 9])]
Mean loss in evaluation epoch: 0.38274723291397095, epochs needed: 40
Rejecting!

Generation 46
------------------------- TRACKING ---------------------------
Matrix Hash: 53a2a408339ce7b6, num_times_seen_before: 3
ACC: 0.5555555555555556
TPR/FPR: 0.75, 0.5517241379310345
Loss: 0.3795332908630371
Timestamp: 440.43191821700003
---------------------------------------------------------------
[tensor([0, 9])]
Mean loss in evaluation epoch: 0.3818918466567993, epochs needed: 40
Rejecting!

Generation 47
------------------------- TRACKING ---------------------------
Matrix Hash: 53a2a408339ce7b6, num_times_seen_before: 4
ACC: 0.5555555555555556
TPR/FPR: 0.75, 0.5517241379310345
Loss: 0.3795332908630371
Timestamp: 451.084747709
---------------------------------------------------------------
[tensor([4, 7])]
Mean loss in evaluation epoch: 0.3802169859409332, epochs needed: 40
Rejecting!

Generation 48
------------------------- TRACKING ---------------------------
Matrix Hash: 53a2a408339ce7b6, num_times_seen_before: 5
ACC: 0.5555555555555556
TPR/FPR: 0.75, 0.5517241379310345
Loss: 0.3795332908630371
Timestamp: 462.213950398
---------------------------------------------------------------
[tensor([5, 6])]
Mean loss in evaluation epoch: 0.38140445947647095, epochs needed: 40
Rejecting!

Generation 49
------------------------- TRACKING ---------------------------
Matrix Hash: 53a2a408339ce7b6, num_times_seen_before: 6
ACC: 0.5555555555555556
TPR/FPR: 0.75, 0.5517241379310345
Loss: 0.3795332908630371
Timestamp: 473.09580220500004
---------------------------------------------------------------
[tensor([1, 2])]
Mean loss in evaluation epoch: 0.3820975124835968, epochs needed: 40
Rejecting!
------------------------- TRACKING ---------------------------
Matrix Hash: 53a2a408339ce7b6, num_times_seen_before: 7
ACC: 0.5555555555555556
TPR/FPR: 0.75, 0.5517241379310345
Loss: 0.3795332908630371
Timestamp: 483.500063859
---------------------------------------------------------------
Time needed: 500.642879113 sec
