../data/final/netrd/SIS/timeseries_ba10_5k_0.15.pickle
../data/final/edges_ba10.pickle
CONTINUATION: False
CONT_ADDRESS: ./hillclimbing_logs/linear/final/heuristics_comp/deterministic/cml/ba10_1k_restart_3.5_random/2021-03-04T15_54_10.394816
SEED: 0
NUM_DYN_EPOCHS: 40
DETECT_EARLY_CONVERGENCE: False
USE_EVALEPOCH_FOR_GUIDED_MUTATION: False
USE_NODEWISE_LOSS: True
USE_DYNAMIC_STEPS: True
NUM_GEN: 45
DETERMINISTIC_EVAL: False
FREE WALK: False
EXPERIMENTS: 5
FORMAT: timeseries
num samples: 5000
NUM_TRAIN_SAMPLES: 4999
NUM_TRAIN_BATCHES: 50
NUM_TEST_SAMPLES: 4999
NUM_TEST_BATCHES: 50
BATCH_SIZE: 100
HIDDEN_SIZE: 128
NUM_DYN_EPOCHS: 40
IS_CONTINUOUS: False
USE_MAX: False

Generation 0
Mean loss in evaluation epoch: [0.3111092746257782, 0.3953285217285156, 0.3954654932022095, 0.31724804639816284, 0.38659775257110596, 0.3936234712600708, 0.41003337502479553, 0.4155554175376892, 0.42934855818748474, 0.4258262813091278], epochs needed: 40
------------------------- TRACKING ---------------------------
Matrix Hash: de86953f3a5bda16, num_times_seen_before: 0
ACC: 0.5333333333333333
TPR/FPR: 0.625, 0.5172413793103449
Loss: [0.3111092746257782, 0.3953285217285156, 0.3954654932022095, 0.31724804639816284, 0.38659775257110596, 0.3936234712600708, 0.41003337502479553, 0.4155554175376892, 0.42934855818748474, 0.4258262813091278]
Timestamp: 0
---------------------------------------------------------------
[tensor([1, 3]), tensor([1, 4]), tensor([1, 5]), tensor([1, 6]), tensor([1, 9]), tensor([3, 7]), tensor([4, 8]), tensor([8, 9])]
Mean loss in evaluation epoch: [0.3085043132305145, 0.33569765090942383, 0.3957988917827606, 0.319270521402359, 0.380699098110199, 0.393108993768692, 0.41135549545288086, 0.42431899905204773, 0.42486074566841125, 0.42940810322761536], epochs needed: 40
count_changes: 7 / 8

Generation 1
Mean loss in evaluation epoch: [0.3092917799949646, 0.3231678605079651, 0.39533859491348267, 0.3198312222957611, 0.3854233920574188, 0.392572283744812, 0.4106520414352417, 0.4152263104915619, 0.42134639620780945, 0.4259208142757416], epochs needed: 40
------------------------- TRACKING ---------------------------
Matrix Hash: 3899390b7f620a70, num_times_seen_before: 0
ACC: 0.6444444444444444
TPR/FPR: 0.6875, 0.3793103448275862
Loss: [0.3092917799949646, 0.3231678605079651, 0.39533859491348267, 0.3198312222957611, 0.3854233920574188, 0.392572283744812, 0.4106520414352417, 0.4152263104915619, 0.42134639620780945, 0.4259208142757416]
Timestamp: 22.462383316999876
---------------------------------------------------------------
[tensor([0, 4]), tensor([0, 7]), tensor([0, 8]), tensor([1, 7]), tensor([1, 9]), tensor([4, 7]), tensor([6, 7])]
Mean loss in evaluation epoch: [0.3169783651828766, 0.3396666944026947, 0.3951466381549835, 0.3169097900390625, 0.37826311588287354, 0.3925662934780121, 0.4113788604736328, 0.42267337441444397, 0.4227255880832672, 0.4280906319618225], epochs needed: 40
count_changes: 0 / 7

Generation 2
Mean loss in evaluation epoch: [0.3069538474082947, 0.32337066531181335, 0.3983263373374939, 0.3106639087200165, 0.37969595193862915, 0.39638540148735046, 0.41281622648239136, 0.4155215322971344, 0.4273928701877594, 0.43207481503486633], epochs needed: 40
------------------------- TRACKING ---------------------------
Matrix Hash: 3899390b7f620a70, num_times_seen_before: 1
ACC: 0.6444444444444444
TPR/FPR: 0.6875, 0.3793103448275862
Loss: [0.3069538474082947, 0.32337066531181335, 0.3983263373374939, 0.3106639087200165, 0.37969595193862915, 0.39638540148735046, 0.41281622648239136, 0.4155215322971344, 0.4273928701877594, 0.43207481503486633]
Timestamp: 44.4141591030002
---------------------------------------------------------------
[tensor([0, 5]), tensor([0, 9]), tensor([2, 3]), tensor([2, 5]), tensor([5, 7]), tensor([5, 8]), tensor([6, 7])]
Mean loss in evaluation epoch: [0.33142927289009094, 0.3426896333694458, 0.39742282032966614, 0.3077692985534668, 0.3799799978733063, 0.39294344186782837, 0.4094483554363251, 0.4070737659931183, 0.4226359724998474, 0.4292188882827759], epochs needed: 40
count_changes: 5 / 7

Generation 3
Mean loss in evaluation epoch: [0.3159911632537842, 0.32548004388809204, 0.39895519614219666, 0.3206530213356018, 0.38310545682907104, 0.3903612792491913, 0.40729498863220215, 0.4064100682735443, 0.42245519161224365, 0.42783015966415405], epochs needed: 40
------------------------- TRACKING ---------------------------
Matrix Hash: 90677311772d01bf, num_times_seen_before: 0
ACC: 0.7111111111111111
TPR/FPR: 0.6875, 0.27586206896551724
Loss: [0.3159911632537842, 0.32548004388809204, 0.39895519614219666, 0.3206530213356018, 0.38310545682907104, 0.3903612792491913, 0.40729498863220215, 0.4064100682735443, 0.42245519161224365, 0.42783015966415405]
Timestamp: 67.31404465900005
---------------------------------------------------------------
[tensor([0, 1]), tensor([0, 4]), tensor([0, 7]), tensor([1, 4]), tensor([1, 7]), tensor([7, 8])]
Mean loss in evaluation epoch: [0.3045167922973633, 0.3673466742038727, 0.4033764600753784, 0.3105904459953308, 0.38125690817832947, 0.39640411734580994, 0.4124111533164978, 0.4173976182937622, 0.42288291454315186, 0.42847055196762085], epochs needed: 40
count_changes: 2 / 6

Generation 4
Mean loss in evaluation epoch: [0.3081015646457672, 0.3251950740814209, 0.3975341022014618, 0.309738427400589, 0.37937620282173157, 0.39057883620262146, 0.4080790579319, 0.4085848033428192, 0.4214814305305481, 0.43580496311187744], epochs needed: 40
------------------------- TRACKING ---------------------------
Matrix Hash: e5c186958a2ea660, num_times_seen_before: 0
ACC: 0.7111111111111111
TPR/FPR: 0.75, 0.3103448275862069
Loss: [0.3081015646457672, 0.3251950740814209, 0.3975341022014618, 0.309738427400589, 0.37937620282173157, 0.39057883620262146, 0.4080790579319, 0.4085848033428192, 0.4214814305305481, 0.43580496311187744]
Timestamp: 87.86724264300028
---------------------------------------------------------------
[tensor([0, 2]), tensor([0, 6]), tensor([1, 7]), tensor([1, 8]), tensor([2, 3]), tensor([4, 9]), tensor([6, 8]), tensor([8, 9])]
Mean loss in evaluation epoch: [0.2980322241783142, 0.34905654191970825, 0.4000123143196106, 0.3067571520805359, 0.3777003288269043, 0.39195090532302856, 0.4071166217327118, 0.4127475619316101, 0.42488932609558105, 0.42453357577323914], epochs needed: 40
count_changes: 5 / 8

Generation 5
Mean loss in evaluation epoch: [0.299578458070755, 0.3226032257080078, 0.39872992038726807, 0.3079627752304077, 0.37812626361846924, 0.3915141224861145, 0.40805330872535706, 0.4095277786254883, 0.42057931423187256, 0.4233909249305725], epochs needed: 40
------------------------- TRACKING ---------------------------
Matrix Hash: 999061859346938e, num_times_seen_before: 0
ACC: 0.7777777777777778
TPR/FPR: 0.875, 0.27586206896551724
Loss: [0.299578458070755, 0.3226032257080078, 0.39872992038726807, 0.3079627752304077, 0.37812626361846924, 0.3915141224861145, 0.40805330872535706, 0.4095277786254883, 0.42057931423187256, 0.4233909249305725]
Timestamp: 107.78645890899998
---------------------------------------------------------------
[tensor([0, 7]), tensor([0, 8]), tensor([1, 4]), tensor([2, 6]), tensor([2, 9]), tensor([5, 8])]
Mean loss in evaluation epoch: [0.2965298295021057, 0.34347137808799744, 0.39397335052490234, 0.30575820803642273, 0.3768649101257324, 0.39102980494499207, 0.4062633812427521, 0.4075324833393097, 0.42779767513275146, 0.42497333884239197], epochs needed: 40
count_changes: 3 / 6

Generation 6
Mean loss in evaluation epoch: [0.2993239760398865, 0.3225123882293701, 0.3937549591064453, 0.3059256970882416, 0.37709882855415344, 0.38993021845817566, 0.4060048460960388, 0.40594717860221863, 0.42095664143562317, 0.42205336689949036], epochs needed: 40
------------------------- TRACKING ---------------------------
Matrix Hash: dee806e7d23c0731, num_times_seen_before: 0
ACC: 0.8444444444444444
TPR/FPR: 0.875, 0.1724137931034483
Loss: [0.2993239760398865, 0.3225123882293701, 0.3937549591064453, 0.3059256970882416, 0.37709882855415344, 0.38993021845817566, 0.4060048460960388, 0.40594717860221863, 0.42095664143562317, 0.42205336689949036]
Timestamp: 127.65596923200019
---------------------------------------------------------------
[tensor([0, 7]), tensor([0, 8]), tensor([1, 5]), tensor([2, 5]), tensor([2, 8]), tensor([2, 9]), tensor([4, 6]), tensor([5, 8]), tensor([5, 9]), tensor([7, 8]), tensor([7, 9]), tensor([8, 9])]
Mean loss in evaluation epoch: [0.3098512589931488, 0.3348604440689087, 0.3948942720890045, 0.32025355100631714, 0.37879079580307007, 0.39256012439727783, 0.40503424406051636, 0.4147067964076996, 0.428613543510437, 0.4268232583999634], epochs needed: 40
count_changes: 0 / 12

Generation 7
Mean loss in evaluation epoch: [0.2995684742927551, 0.32285499572753906, 0.3942473232746124, 0.30587172508239746, 0.37687790393829346, 0.3898545503616333, 0.4059644937515259, 0.40584897994995117, 0.420483261346817, 0.42207252979278564], epochs needed: 40
------------------------- TRACKING ---------------------------
Matrix Hash: dee806e7d23c0731, num_times_seen_before: 1
ACC: 0.8444444444444444
TPR/FPR: 0.875, 0.1724137931034483
Loss: [0.2995684742927551, 0.32285499572753906, 0.3942473232746124, 0.30587172508239746, 0.37687790393829346, 0.3898545503616333, 0.4059644937515259, 0.40584897994995117, 0.420483261346817, 0.42207252979278564]
Timestamp: 147.93264930700025
---------------------------------------------------------------
[tensor([0, 1]), tensor([0, 7]), tensor([0, 8]), tensor([1, 8]), tensor([2, 4]), tensor([2, 5]), tensor([2, 9]), tensor([4, 6]), tensor([5, 9]), tensor([6, 8]), tensor([7, 9]), tensor([8, 9])]
Mean loss in evaluation epoch: [0.29699936509132385, 0.3381803035736084, 0.39300212264060974, 0.3082939386367798, 0.37673288583755493, 0.39379921555519104, 0.4036581218242645, 0.41428107023239136, 0.4215354919433594, 0.4391399323940277], epochs needed: 40
count_changes: 4 / 12

Generation 8
Mean loss in evaluation epoch: [0.29667216539382935, 0.3221162259578705, 0.39262282848358154, 0.305789977312088, 0.37307801842689514, 0.39032307267189026, 0.40418508648872375, 0.4056346118450165, 0.41858407855033875, 0.4209037721157074], epochs needed: 40
------------------------- TRACKING ---------------------------
Matrix Hash: b5437113ff4d1f9a, num_times_seen_before: 0
ACC: 0.9333333333333333
TPR/FPR: 1.0, 0.10344827586206896
Loss: [0.29667216539382935, 0.3221162259578705, 0.39262282848358154, 0.305789977312088, 0.37307801842689514, 0.39032307267189026, 0.40418508648872375, 0.4056346118450165, 0.41858407855033875, 0.4209037721157074]
Timestamp: 169.5273637690002
---------------------------------------------------------------
[tensor([0, 4]), tensor([0, 6]), tensor([1, 5]), tensor([3, 4]), tensor([3, 8]), tensor([4, 5])]
Mean loss in evaluation epoch: [0.2962435483932495, 0.3586590588092804, 0.3906922936439514, 0.3040270209312439, 0.39931803941726685, 0.3930055797100067, 0.40213310718536377, 0.40724122524261475, 0.4139602482318878, 0.42190900444984436], epochs needed: 40
count_changes: 2 / 6

Generation 9
Mean loss in evaluation epoch: [0.29596444964408875, 0.3225312829017639, 0.391152948141098, 0.3036549985408783, 0.3776778280735016, 0.39333000779151917, 0.4020378887653351, 0.4077413082122803, 0.412785142660141, 0.4212685227394104], epochs needed: 40
------------------------- TRACKING ---------------------------
Matrix Hash: 0aceb0a7943fb25e, num_times_seen_before: 0
ACC: 0.9777777777777777
TPR/FPR: 1.0, 0.034482758620689655
Loss: [0.29596444964408875, 0.3225312829017639, 0.391152948141098, 0.3036549985408783, 0.3776778280735016, 0.39333000779151917, 0.4020378887653351, 0.4077413082122803, 0.412785142660141, 0.4212685227394104]
Timestamp: 190.18519393099996
---------------------------------------------------------------
[tensor([3, 4]), tensor([3, 5]), tensor([3, 7]), tensor([4, 5]), tensor([4, 6]), tensor([6, 7])]
Mean loss in evaluation epoch: [0.2960956394672394, 0.3380255699157715, 0.3923729360103607, 0.3155849277973175, 0.38210609555244446, 0.3915308713912964, 0.4177339971065521, 0.42494186758995056, 0.41683632135391235, 0.42523375153541565], epochs needed: 40
count_changes: 0 / 6

Generation 10
Mean loss in evaluation epoch: [0.2967303991317749, 0.32299965620040894, 0.39097273349761963, 0.304130882024765, 0.3742961287498474, 0.39037710428237915, 0.4018673896789551, 0.4057359993457794, 0.4125622808933258, 0.421394944190979], epochs needed: 40
------------------------- TRACKING ---------------------------
Matrix Hash: 0aceb0a7943fb25e, num_times_seen_before: 1
ACC: 0.9777777777777777
TPR/FPR: 1.0, 0.034482758620689655
Loss: [0.2967303991317749, 0.32299965620040894, 0.39097273349761963, 0.304130882024765, 0.3742961287498474, 0.39037710428237915, 0.4018673896789551, 0.4057359993457794, 0.4125622808933258, 0.421394944190979]
Timestamp: 208.37542722800026
---------------------------------------------------------------
[tensor([0, 1]), tensor([0, 6]), tensor([0, 7]), tensor([1, 4]), tensor([1, 5]), tensor([1, 8]), tensor([2, 6]), tensor([3, 4]), tensor([4, 5]), tensor([6, 8]), tensor([6, 9])]
Mean loss in evaluation epoch: [0.2983831465244293, 0.38635656237602234, 0.39384883642196655, 0.3276793956756592, 0.3855397701263428, 0.3948451280593872, 0.41171300411224365, 0.4131809175014496, 0.41753119230270386, 0.4229572117328644], epochs needed: 40
count_changes: 0 / 11

Generation 11
Mean loss in evaluation epoch: [0.29595571756362915, 0.3226013779640198, 0.390624076128006, 0.303684264421463, 0.3766151964664459, 0.39229923486709595, 0.40156400203704834, 0.40612900257110596, 0.4120653569698334, 0.42109355330467224], epochs needed: 40
------------------------- TRACKING ---------------------------
Matrix Hash: 0aceb0a7943fb25e, num_times_seen_before: 2
ACC: 0.9777777777777777
TPR/FPR: 1.0, 0.034482758620689655
Loss: [0.29595571756362915, 0.3226013779640198, 0.390624076128006, 0.303684264421463, 0.3766151964664459, 0.39229923486709595, 0.40156400203704834, 0.40612900257110596, 0.4120653569698334, 0.42109355330467224]
Timestamp: 228.41663338800026
---------------------------------------------------------------
[tensor([0, 1]), tensor([1, 5]), tensor([1, 8]), tensor([2, 9]), tensor([3, 4]), tensor([3, 5]), tensor([3, 7]), tensor([4, 5]), tensor([4, 6]), tensor([8, 9])]
Mean loss in evaluation epoch: [0.30230608582496643, 0.37859466671943665, 0.39470240473747253, 0.3156304359436035, 0.3775408864021301, 0.39253515005111694, 0.4070083200931549, 0.4096256494522095, 0.4178869426250458, 0.4257201552391052], epochs needed: 40
count_changes: 0 / 10

Generation 12
Mean loss in evaluation epoch: [0.29703059792518616, 0.3222757577896118, 0.3917408287525177, 0.3041427433490753, 0.3739260733127594, 0.39129534363746643, 0.40167349576950073, 0.40595313906669617, 0.4124264121055603, 0.421329140663147], epochs needed: 40
------------------------- TRACKING ---------------------------
Matrix Hash: 0aceb0a7943fb25e, num_times_seen_before: 3
ACC: 0.9777777777777777
TPR/FPR: 1.0, 0.034482758620689655
Loss: [0.29703059792518616, 0.3222757577896118, 0.3917408287525177, 0.3041427433490753, 0.3739260733127594, 0.39129534363746643, 0.40167349576950073, 0.40595313906669617, 0.4124264121055603, 0.421329140663147]
Timestamp: 248.7149676300005
---------------------------------------------------------------
[tensor([0, 6]), tensor([2, 6]), tensor([2, 8]), tensor([3, 8]), tensor([4, 5]), tensor([6, 8])]
Mean loss in evaluation epoch: [0.2993588447570801, 0.3221276104450226, 0.39494842290878296, 0.30832213163375854, 0.37585029006004333, 0.39026889204978943, 0.4131040573120117, 0.40585005283355713, 0.4301157295703888, 0.42076101899147034], epochs needed: 40
count_changes: 0 / 6

Generation 13
Mean loss in evaluation epoch: [0.29653552174568176, 0.3223750591278076, 0.39097702503204346, 0.30388519167900085, 0.37403467297554016, 0.390645295381546, 0.40137583017349243, 0.40580448508262634, 0.41227298974990845, 0.42126861214637756], epochs needed: 40
------------------------- TRACKING ---------------------------
Matrix Hash: 0aceb0a7943fb25e, num_times_seen_before: 4
ACC: 0.9777777777777777
TPR/FPR: 1.0, 0.034482758620689655
Loss: [0.29653552174568176, 0.3223750591278076, 0.39097702503204346, 0.30388519167900085, 0.37403467297554016, 0.390645295381546, 0.40137583017349243, 0.40580448508262634, 0.41227298974990845, 0.42126861214637756]
Timestamp: 269.85507474099995
---------------------------------------------------------------
[tensor([0, 6]), tensor([2, 6]), tensor([2, 8]), tensor([3, 4]), tensor([3, 8]), tensor([4, 5]), tensor([6, 8]), tensor([6, 9])]
Mean loss in evaluation epoch: [0.3046708405017853, 0.32240256667137146, 0.39344358444213867, 0.3169788122177124, 0.38009485602378845, 0.3903673589229584, 0.41210615634918213, 0.4057718813419342, 0.4256066381931305, 0.425137996673584], epochs needed: 40
count_changes: 0 / 8

Generation 14
Mean loss in evaluation epoch: [0.2992876470088959, 0.32255691289901733, 0.3932773172855377, 0.306205153465271, 0.37430059909820557, 0.3918008804321289, 0.4026229679584503, 0.40634486079216003, 0.4128704369068146, 0.42136478424072266], epochs needed: 40
------------------------- TRACKING ---------------------------
Matrix Hash: 0aceb0a7943fb25e, num_times_seen_before: 5
ACC: 0.9777777777777777
TPR/FPR: 1.0, 0.034482758620689655
Loss: [0.2992876470088959, 0.32255691289901733, 0.3932773172855377, 0.306205153465271, 0.37430059909820557, 0.3918008804321289, 0.4026229679584503, 0.40634486079216003, 0.4128704369068146, 0.42136478424072266]
Timestamp: 290.71737349900013
---------------------------------------------------------------
[tensor([0, 6]), tensor([2, 6]), tensor([3, 7]), tensor([4, 5]), tensor([6, 7]), tensor([6, 8]), tensor([6, 9]), tensor([8, 9])]
Mean loss in evaluation epoch: [0.2974931299686432, 0.3227350413799286, 0.3925095200538635, 0.3111531138420105, 0.37490805983543396, 0.3899401128292084, 0.4221731722354889, 0.4216389060020447, 0.422055184841156, 0.4310324490070343], epochs needed: 40
count_changes: 1 / 8

Generation 15
Mean loss in evaluation epoch: [0.2966313362121582, 0.32222944498062134, 0.39096799492836, 0.3042048215866089, 0.37248796224594116, 0.3896304965019226, 0.4013959765434265, 0.40577933192253113, 0.4124757647514343, 0.4208213686943054], epochs needed: 40
------------------------- TRACKING ---------------------------
Matrix Hash: c7cc2e5aaa95c0cd, num_times_seen_before: 0
ACC: 1.0
TPR/FPR: 1.0, 0.0
Loss: [0.2966313362121582, 0.32222944498062134, 0.39096799492836, 0.3042048215866089, 0.37248796224594116, 0.3896304965019226, 0.4013959765434265, 0.40577933192253113, 0.4124757647514343, 0.4208213686943054]
Timestamp: 311.8000687849999
---------------------------------------------------------------
[tensor([0, 6]), tensor([1, 5]), tensor([1, 8]), tensor([2, 5]), tensor([2, 6]), tensor([2, 8]), tensor([2, 9]), tensor([3, 7]), tensor([3, 8]), tensor([4, 5]), tensor([5, 8]), tensor([5, 9]), tensor([6, 7]), tensor([6, 8])]
Mean loss in evaluation epoch: [0.3097040057182312, 0.33833548426628113, 0.39411959052085876, 0.320072740316391, 0.3796883225440979, 0.3948383927345276, 0.4070183336734772, 0.42310187220573425, 0.42667463421821594, 0.42734289169311523], epochs needed: 40
count_changes: 0 / 14

Generation 16
Mean loss in evaluation epoch: [0.29616445302963257, 0.32271048426628113, 0.3904322683811188, 0.30429357290267944, 0.37326765060424805, 0.38933005928993225, 0.40180614590644836, 0.40615612268447876, 0.4121309518814087, 0.4211075007915497], epochs needed: 40
------------------------- TRACKING ---------------------------
Matrix Hash: c7cc2e5aaa95c0cd, num_times_seen_before: 1
ACC: 1.0
TPR/FPR: 1.0, 0.0
Loss: [0.29616445302963257, 0.32271048426628113, 0.3904322683811188, 0.30429357290267944, 0.37326765060424805, 0.38933005928993225, 0.40180614590644836, 0.40615612268447876, 0.4121309518814087, 0.4211075007915497]
Timestamp: 332.83694577700044
---------------------------------------------------------------
[tensor([0, 6]), tensor([1, 2]), tensor([2, 3]), tensor([2, 9]), tensor([3, 7]), tensor([6, 7])]
Mean loss in evaluation epoch: [0.29685360193252563, 0.359830379486084, 0.3967389464378357, 0.31162384152412415, 0.3724721074104309, 0.3897188901901245, 0.4050668179988861, 0.4180662930011749, 0.4148296117782593, 0.4277123212814331], epochs needed: 40
count_changes: 0 / 6

Generation 17
Mean loss in evaluation epoch: [0.2959088385105133, 0.32227829098701477, 0.39066171646118164, 0.3034636974334717, 0.37214797735214233, 0.3893482983112335, 0.40149790048599243, 0.4058407247066498, 0.4121530055999756, 0.4209255874156952], epochs needed: 40
------------------------- TRACKING ---------------------------
Matrix Hash: c7cc2e5aaa95c0cd, num_times_seen_before: 2
ACC: 1.0
TPR/FPR: 1.0, 0.0
Loss: [0.2959088385105133, 0.32227829098701477, 0.39066171646118164, 0.3034636974334717, 0.37214797735214233, 0.3893482983112335, 0.40149790048599243, 0.4058407247066498, 0.4121530055999756, 0.4209255874156952]
Timestamp: 353.9654208439997
---------------------------------------------------------------
[tensor([1, 4]), tensor([1, 8]), tensor([2, 9]), tensor([3, 4]), tensor([3, 7]), tensor([5, 9]), tensor([6, 7]), tensor([6, 9])]
Mean loss in evaluation epoch: [0.29823601245880127, 0.36547011137008667, 0.3925040662288666, 0.3204821050167084, 0.3793623745441437, 0.39163658022880554, 0.40983518958091736, 0.424648642539978, 0.4175955355167389, 0.4397469758987427], epochs needed: 40
count_changes: 0 / 8

Generation 18
Mean loss in evaluation epoch: [0.2962512969970703, 0.3222353160381317, 0.3910820782184601, 0.30365821719169617, 0.37212321162223816, 0.38971903920173645, 0.4014993906021118, 0.4060375988483429, 0.4122914671897888, 0.420983225107193], epochs needed: 40
------------------------- TRACKING ---------------------------
Matrix Hash: c7cc2e5aaa95c0cd, num_times_seen_before: 3
ACC: 1.0
TPR/FPR: 1.0, 0.0
Loss: [0.2962512969970703, 0.3222353160381317, 0.3910820782184601, 0.30365821719169617, 0.37212321162223816, 0.38971903920173645, 0.4014993906021118, 0.4060375988483429, 0.4122914671897888, 0.420983225107193]
Timestamp: 374.13009156800035
---------------------------------------------------------------
[tensor([3, 7]), tensor([6, 7])]
Mean loss in evaluation epoch: [0.2983643710613251, 0.3248802423477173, 0.39162367582321167, 0.3072018325328827, 0.37250980734825134, 0.39019790291786194, 0.40663036704063416, 0.4248998463153839, 0.41292044520378113, 0.4218769073486328], epochs needed: 40
count_changes: 0 / 2

Generation 19
Mean loss in evaluation epoch: [0.29620352387428284, 0.3220597505569458, 0.3907299339771271, 0.30380403995513916, 0.37235456705093384, 0.3895869255065918, 0.40179580450057983, 0.4058854281902313, 0.4122500419616699, 0.4208889603614807], epochs needed: 40
------------------------- TRACKING ---------------------------
Matrix Hash: c7cc2e5aaa95c0cd, num_times_seen_before: 4
ACC: 1.0
TPR/FPR: 1.0, 0.0
Loss: [0.29620352387428284, 0.3220597505569458, 0.3907299339771271, 0.30380403995513916, 0.37235456705093384, 0.3895869255065918, 0.40179580450057983, 0.4058854281902313, 0.4122500419616699, 0.4208889603614807]
Timestamp: 394.6937659060004
---------------------------------------------------------------
[tensor([0, 1]), tensor([1, 4]), tensor([1, 7]), tensor([2, 3]), tensor([2, 5]), tensor([2, 6]), tensor([3, 7]), tensor([3, 9]), tensor([4, 5]), tensor([6, 7]), tensor([8, 9])]
Mean loss in evaluation epoch: [0.2972905933856964, 0.36291369795799255, 0.40230822563171387, 0.3226380944252014, 0.37300053238868713, 0.3923797607421875, 0.40584972500801086, 0.41579049825668335, 0.4184130132198334, 0.4258055090904236], epochs needed: 40
count_changes: 0 / 11

Generation 20
Mean loss in evaluation epoch: [0.2956593930721283, 0.3221689462661743, 0.390449196100235, 0.3036746382713318, 0.37249091267585754, 0.38927608728408813, 0.40150246024131775, 0.4057702124118805, 0.41222694516181946, 0.42098861932754517], epochs needed: 40
------------------------- TRACKING ---------------------------
Matrix Hash: c7cc2e5aaa95c0cd, num_times_seen_before: 5
ACC: 1.0
TPR/FPR: 1.0, 0.0
Loss: [0.2956593930721283, 0.3221689462661743, 0.390449196100235, 0.3036746382713318, 0.37249091267585754, 0.38927608728408813, 0.40150246024131775, 0.4057702124118805, 0.41222694516181946, 0.42098861932754517]
Timestamp: 414.5066430630004
---------------------------------------------------------------
[tensor([0, 3]), tensor([1, 8]), tensor([2, 3]), tensor([3, 4]), tensor([3, 7]), tensor([6, 7]), tensor([8, 9])]
Mean loss in evaluation epoch: [0.29896706342697144, 0.36988869309425354, 0.39589962363243103, 0.3327840268611908, 0.37646499276161194, 0.38936737179756165, 0.4046002924442291, 0.42453959584236145, 0.42761310935020447, 0.43077966570854187], epochs needed: 40
count_changes: 0 / 7

Generation 21
Mean loss in evaluation epoch: [0.2960691452026367, 0.322229266166687, 0.3906787037849426, 0.30388984084129333, 0.372536838054657, 0.38968390226364136, 0.4013817608356476, 0.40556398034095764, 0.41246291995048523, 0.42118802666664124], epochs needed: 40
------------------------- TRACKING ---------------------------
Matrix Hash: c7cc2e5aaa95c0cd, num_times_seen_before: 6
ACC: 1.0
TPR/FPR: 1.0, 0.0
Loss: [0.2960691452026367, 0.322229266166687, 0.3906787037849426, 0.30388984084129333, 0.372536838054657, 0.38968390226364136, 0.4013817608356476, 0.40556398034095764, 0.41246291995048523, 0.42118802666664124]
Timestamp: 435.61570148600003
---------------------------------------------------------------
[tensor([0, 6]), tensor([1, 8]), tensor([2, 7]), tensor([2, 8]), tensor([2, 9]), tensor([4, 5]), tensor([4, 9]), tensor([5, 8]), tensor([5, 9]), tensor([6, 7]), tensor([6, 8]), tensor([6, 9]), tensor([8, 9])]
Mean loss in evaluation epoch: [0.3155374526977539, 0.3393644690513611, 0.39269548654556274, 0.3216879069805145, 0.377603143453598, 0.3920154571533203, 0.40726396441459656, 0.4189643859863281, 0.4208574593067169, 0.428907185792923], epochs needed: 40
count_changes: 0 / 13

Generation 22
Mean loss in evaluation epoch: [0.29581478238105774, 0.3224858045578003, 0.39094245433807373, 0.3034341633319855, 0.37223488092422485, 0.389728844165802, 0.4013053774833679, 0.40573668479919434, 0.4123828709125519, 0.42108625173568726], epochs needed: 40
------------------------- TRACKING ---------------------------
Matrix Hash: c7cc2e5aaa95c0cd, num_times_seen_before: 7
ACC: 1.0
TPR/FPR: 1.0, 0.0
Loss: [0.29581478238105774, 0.3224858045578003, 0.39094245433807373, 0.3034341633319855, 0.37223488092422485, 0.389728844165802, 0.4013053774833679, 0.40573668479919434, 0.4123828709125519, 0.42108625173568726]
Timestamp: 456.73927489499965
---------------------------------------------------------------
[tensor([0, 1]), tensor([0, 6]), tensor([1, 3]), tensor([1, 4]), tensor([1, 5]), tensor([1, 7]), tensor([1, 8]), tensor([2, 5]), tensor([2, 7]), tensor([3, 8]), tensor([5, 8]), tensor([6, 8]), tensor([6, 9]), tensor([8, 9])]
Mean loss in evaluation epoch: [0.3175673484802246, 0.3885279893875122, 0.39453792572021484, 0.3254890441894531, 0.3855985999107361, 0.3969993591308594, 0.4073556363582611, 0.4123364984989166, 0.4210194945335388, 0.42387568950653076], epochs needed: 40
count_changes: 0 / 14

Generation 23
Mean loss in evaluation epoch: [0.2959786057472229, 0.3221938908100128, 0.3908322751522064, 0.30383580923080444, 0.37283027172088623, 0.3892887532711029, 0.4020746648311615, 0.40662550926208496, 0.41234439611434937, 0.4208751916885376], epochs needed: 40
------------------------- TRACKING ---------------------------
Matrix Hash: c7cc2e5aaa95c0cd, num_times_seen_before: 8
ACC: 1.0
TPR/FPR: 1.0, 0.0
Loss: [0.2959786057472229, 0.3221938908100128, 0.3908322751522064, 0.30383580923080444, 0.37283027172088623, 0.3892887532711029, 0.4020746648311615, 0.40662550926208496, 0.41234439611434937, 0.4208751916885376]
Timestamp: 476.45995036899967
---------------------------------------------------------------
[tensor([0, 8]), tensor([0, 9]), tensor([3, 4]), tensor([3, 7]), tensor([5, 6]), tensor([6, 7])]
Mean loss in evaluation epoch: [0.29819005727767944, 0.34529316425323486, 0.39189010858535767, 0.3061565160751343, 0.3743974268436432, 0.393263041973114, 0.4144919216632843, 0.42666366696357727, 0.4184103310108185, 0.4269896149635315], epochs needed: 40
count_changes: 0 / 6

Generation 24
Mean loss in evaluation epoch: [0.29711583256721497, 0.322579026222229, 0.391304612159729, 0.30447131395339966, 0.3723728060722351, 0.390068382024765, 0.401528924703598, 0.40566858649253845, 0.4124923348426819, 0.4211514890193939], epochs needed: 40
------------------------- TRACKING ---------------------------
Matrix Hash: c7cc2e5aaa95c0cd, num_times_seen_before: 9
ACC: 1.0
TPR/FPR: 1.0, 0.0
Loss: [0.29711583256721497, 0.322579026222229, 0.391304612159729, 0.30447131395339966, 0.3723728060722351, 0.390068382024765, 0.401528924703598, 0.40566858649253845, 0.4124923348426819, 0.4211514890193939]
Timestamp: 495.5743501750003
---------------------------------------------------------------
[tensor([0, 1]), tensor([0, 6]), tensor([1, 3]), tensor([1, 4]), tensor([1, 5]), tensor([1, 7]), tensor([1, 8]), tensor([6, 7]), tensor([8, 9])]
Mean loss in evaluation epoch: [0.31711336970329285, 0.4008370041847229, 0.3936683237552643, 0.32310882210731506, 0.37808218598365784, 0.39198678731918335, 0.4053072929382324, 0.41420504450798035, 0.4173497259616852, 0.4241284728050232], epochs needed: 40
count_changes: 0 / 9

Generation 25
Mean loss in evaluation epoch: [0.29586920142173767, 0.3233634829521179, 0.3908754587173462, 0.3044527769088745, 0.3731631338596344, 0.38934585452079773, 0.40211889147758484, 0.40734729170799255, 0.4124391973018646, 0.42147472500801086], epochs needed: 40
------------------------- TRACKING ---------------------------
Matrix Hash: c7cc2e5aaa95c0cd, num_times_seen_before: 10
ACC: 1.0
TPR/FPR: 1.0, 0.0
Loss: [0.29586920142173767, 0.3233634829521179, 0.3908754587173462, 0.3044527769088745, 0.3731631338596344, 0.38934585452079773, 0.40211889147758484, 0.40734729170799255, 0.4124391973018646, 0.42147472500801086]
Timestamp: 516.195751702
---------------------------------------------------------------
[tensor([0, 2]), tensor([0, 8]), tensor([1, 5]), tensor([1, 7]), tensor([3, 7]), tensor([4, 6]), tensor([4, 8]), tensor([6, 7])]
Mean loss in evaluation epoch: [0.30601486563682556, 0.34262657165527344, 0.39532509446144104, 0.3056008219718933, 0.38185515999794006, 0.3934168219566345, 0.40792831778526306, 0.4191402196884155, 0.4285929501056671, 0.4244571328163147], epochs needed: 40
count_changes: 0 / 8

Generation 26
Mean loss in evaluation epoch: [0.29649314284324646, 0.3226386606693268, 0.39123275876045227, 0.3039287030696869, 0.3722700774669647, 0.38990968465805054, 0.4015232026576996, 0.4061468541622162, 0.4124951958656311, 0.42113053798675537], epochs needed: 40
------------------------- TRACKING ---------------------------
Matrix Hash: c7cc2e5aaa95c0cd, num_times_seen_before: 11
ACC: 1.0
TPR/FPR: 1.0, 0.0
Loss: [0.29649314284324646, 0.3226386606693268, 0.39123275876045227, 0.3039287030696869, 0.3722700774669647, 0.38990968465805054, 0.4015232026576996, 0.4061468541622162, 0.4124951958656311, 0.42113053798675537]
Timestamp: 535.9100385840002
---------------------------------------------------------------
[tensor([0, 6]), tensor([1, 5]), tensor([2, 8]), tensor([2, 9]), tensor([4, 5]), tensor([4, 9]), tensor([5, 9]), tensor([6, 8]), tensor([8, 9])]
Mean loss in evaluation epoch: [0.30026373267173767, 0.33903148770332336, 0.39381125569343567, 0.3153381049633026, 0.37540435791015625, 0.3911541700363159, 0.4045211374759674, 0.4097073972225189, 0.41925662755966187, 0.4372573792934418], epochs needed: 40
count_changes: 0 / 9

Generation 27
Mean loss in evaluation epoch: [0.29582035541534424, 0.32240164279937744, 0.39108535647392273, 0.3037749230861664, 0.37269800901412964, 0.3896375298500061, 0.40176382660865784, 0.40616241097450256, 0.41230887174606323, 0.4210294485092163], epochs needed: 40
------------------------- TRACKING ---------------------------
Matrix Hash: c7cc2e5aaa95c0cd, num_times_seen_before: 12
ACC: 1.0
TPR/FPR: 1.0, 0.0
Loss: [0.29582035541534424, 0.32240164279937744, 0.39108535647392273, 0.3037749230861664, 0.37269800901412964, 0.3896375298500061, 0.40176382660865784, 0.40616241097450256, 0.41230887174606323, 0.4210294485092163]
Timestamp: 557.1672649909997
---------------------------------------------------------------
[tensor([1, 8]), tensor([3, 4]), tensor([3, 7]), tensor([6, 7])]
Mean loss in evaluation epoch: [0.2976028323173523, 0.3445221185684204, 0.3913634717464447, 0.3122078776359558, 0.3780200779438019, 0.3898580074310303, 0.4121388792991638, 0.42312613129615784, 0.417070597410202, 0.4229004681110382], epochs needed: 40
count_changes: 0 / 4

Generation 28
Mean loss in evaluation epoch: [0.29639801383018494, 0.32238441705703735, 0.3910576403141022, 0.30374282598495483, 0.37213847041130066, 0.3899962902069092, 0.40156570076942444, 0.40561893582344055, 0.4126199185848236, 0.42135435342788696], epochs needed: 40
------------------------- TRACKING ---------------------------
Matrix Hash: c7cc2e5aaa95c0cd, num_times_seen_before: 13
ACC: 1.0
TPR/FPR: 1.0, 0.0
Loss: [0.29639801383018494, 0.32238441705703735, 0.3910576403141022, 0.30374282598495483, 0.37213847041130066, 0.3899962902069092, 0.40156570076942444, 0.40561893582344055, 0.4126199185848236, 0.42135435342788696]
Timestamp: 577.6581562480005
---------------------------------------------------------------
[tensor([0, 6]), tensor([1, 5]), tensor([2, 4]), tensor([2, 5]), tensor([2, 6]), tensor([2, 8]), tensor([2, 9]), tensor([3, 6]), tensor([3, 8]), tensor([4, 5]), tensor([4, 9]), tensor([5, 8]), tensor([5, 9]), tensor([6, 8]), tensor([7, 8]), tensor([8, 9])]
Mean loss in evaluation epoch: [0.3107260465621948, 0.3344751000404358, 0.3960105776786804, 0.3172580897808075, 0.37672996520996094, 0.39295539259910583, 0.40888261795043945, 0.41020604968070984, 0.42933031916618347, 0.42957931756973267], epochs needed: 40
count_changes: 0 / 16

Generation 29
Mean loss in evaluation epoch: [0.29641249775886536, 0.3224708139896393, 0.39145708084106445, 0.30401214957237244, 0.37254250049591064, 0.39016464352607727, 0.40179404616355896, 0.4064827561378479, 0.4125158488750458, 0.4212239682674408], epochs needed: 40
------------------------- TRACKING ---------------------------
Matrix Hash: c7cc2e5aaa95c0cd, num_times_seen_before: 14
ACC: 1.0
TPR/FPR: 1.0, 0.0
Loss: [0.29641249775886536, 0.3224708139896393, 0.39145708084106445, 0.30401214957237244, 0.37254250049591064, 0.39016464352607727, 0.40179404616355896, 0.4064827561378479, 0.4125158488750458, 0.4212239682674408]
Timestamp: 597.4922863829997
---------------------------------------------------------------
[tensor([1, 2]), tensor([1, 5]), tensor([3, 7]), tensor([6, 7])]
Mean loss in evaluation epoch: [0.2961271107196808, 0.34688490629196167, 0.3937799036502838, 0.306094765663147, 0.3732094168663025, 0.3907540738582611, 0.4051753878593445, 0.42285048961639404, 0.4138612151145935, 0.4217296540737152], epochs needed: 40
count_changes: 0 / 4

Generation 30
Mean loss in evaluation epoch: [0.29559656977653503, 0.32213300466537476, 0.39051082730293274, 0.303883820772171, 0.37274909019470215, 0.3891996741294861, 0.40176475048065186, 0.40628570318222046, 0.41233962774276733, 0.42084819078445435], epochs needed: 40
------------------------- TRACKING ---------------------------
Matrix Hash: c7cc2e5aaa95c0cd, num_times_seen_before: 15
ACC: 1.0
TPR/FPR: 1.0, 0.0
Loss: [0.29559656977653503, 0.32213300466537476, 0.39051082730293274, 0.303883820772171, 0.37274909019470215, 0.3891996741294861, 0.40176475048065186, 0.40628570318222046, 0.41233962774276733, 0.42084819078445435]
Timestamp: 617.3663054839999
---------------------------------------------------------------
[tensor([0, 4]), tensor([0, 9]), tensor([1, 5]), tensor([1, 8]), tensor([3, 7]), tensor([6, 7])]
Mean loss in evaluation epoch: [0.30492934584617615, 0.3683296740055084, 0.3943159878253937, 0.30527263879776, 0.3877372145652771, 0.3921988904476166, 0.40407121181488037, 0.4238680899143219, 0.41788581013679504, 0.42470312118530273], epochs needed: 40
count_changes: 0 / 6

Generation 31
Mean loss in evaluation epoch: [0.2958337962627411, 0.3223724663257599, 0.3904058039188385, 0.304298460483551, 0.3736386299133301, 0.3896653950214386, 0.40150848031044006, 0.4058794379234314, 0.41247764229774475, 0.4214427173137665], epochs needed: 40
------------------------- TRACKING ---------------------------
Matrix Hash: c7cc2e5aaa95c0cd, num_times_seen_before: 16
ACC: 1.0
TPR/FPR: 1.0, 0.0
Loss: [0.2958337962627411, 0.3223724663257599, 0.3904058039188385, 0.304298460483551, 0.3736386299133301, 0.3896653950214386, 0.40150848031044006, 0.4058794379234314, 0.41247764229774475, 0.4214427173137665]
Timestamp: 638.0491513309998
---------------------------------------------------------------
[tensor([2, 8]), tensor([2, 9]), tensor([3, 4]), tensor([3, 5]), tensor([6, 7])]
Mean loss in evaluation epoch: [0.29663559794425964, 0.33210742473602295, 0.4033907949924469, 0.312907338142395, 0.37586134672164917, 0.3911431133747101, 0.4045940935611725, 0.4152860641479492, 0.4256612956523895, 0.43134066462516785], epochs needed: 40
count_changes: 0 / 5

Generation 32
Mean loss in evaluation epoch: [0.2997399568557739, 0.323052316904068, 0.3928336203098297, 0.3069019317626953, 0.37372976541519165, 0.391375333070755, 0.4024410843849182, 0.4064115881919861, 0.4133545160293579, 0.4216296970844269], epochs needed: 40
------------------------- TRACKING ---------------------------
Matrix Hash: c7cc2e5aaa95c0cd, num_times_seen_before: 17
ACC: 1.0
TPR/FPR: 1.0, 0.0
Loss: [0.2997399568557739, 0.323052316904068, 0.3928336203098297, 0.3069019317626953, 0.37372976541519165, 0.391375333070755, 0.4024410843849182, 0.4064115881919861, 0.4133545160293579, 0.4216296970844269]
Timestamp: 655.3533823580001
---------------------------------------------------------------
[tensor([0, 1]), tensor([1, 3]), tensor([1, 4]), tensor([1, 5]), tensor([1, 6]), tensor([1, 7]), tensor([1, 8]), tensor([2, 9]), tensor([3, 7]), tensor([3, 8]), tensor([4, 5]), tensor([4, 9]), tensor([5, 8])]
Mean loss in evaluation epoch: [0.30658960342407227, 0.3979932963848114, 0.3929309844970703, 0.31439998745918274, 0.3756955564022064, 0.3918197453022003, 0.4050530195236206, 0.4131711423397064, 0.42458200454711914, 0.4263147711753845], epochs needed: 40
count_changes: 0 / 13

Generation 33
Mean loss in evaluation epoch: [0.2966446280479431, 0.32230111956596375, 0.39070257544517517, 0.30449846386909485, 0.37314870953559875, 0.38975203037261963, 0.40206626057624817, 0.4059069752693176, 0.41289222240448, 0.42160680890083313], epochs needed: 40
------------------------- TRACKING ---------------------------
Matrix Hash: c7cc2e5aaa95c0cd, num_times_seen_before: 18
ACC: 1.0
TPR/FPR: 1.0, 0.0
Loss: [0.2966446280479431, 0.32230111956596375, 0.39070257544517517, 0.30449846386909485, 0.37314870953559875, 0.38975203037261963, 0.40206626057624817, 0.4059069752693176, 0.41289222240448, 0.42160680890083313]
Timestamp: 677.1692178029998
---------------------------------------------------------------
[tensor([0, 4]), tensor([1, 4]), tensor([1, 5]), tensor([1, 8]), tensor([2, 6]), tensor([2, 8]), tensor([2, 9]), tensor([3, 7]), tensor([3, 9]), tensor([4, 9]), tensor([5, 8]), tensor([6, 7]), tensor([6, 8]), tensor([8, 9])]
Mean loss in evaluation epoch: [0.316508948802948, 0.367842435836792, 0.39339229464530945, 0.3320116400718689, 0.3831208646297455, 0.39372316002845764, 0.4106951355934143, 0.4235917329788208, 0.4193285405635834, 0.42969778180122375], epochs needed: 40
count_changes: 0 / 14

Generation 34
Mean loss in evaluation epoch: [0.2968795895576477, 0.32224804162979126, 0.39139631390571594, 0.304458886384964, 0.37254348397254944, 0.3904120624065399, 0.4017583429813385, 0.4054773151874542, 0.4126812219619751, 0.42133715748786926], epochs needed: 40
------------------------- TRACKING ---------------------------
Matrix Hash: c7cc2e5aaa95c0cd, num_times_seen_before: 19
ACC: 1.0
TPR/FPR: 1.0, 0.0
Loss: [0.2968795895576477, 0.32224804162979126, 0.39139631390571594, 0.304458886384964, 0.37254348397254944, 0.3904120624065399, 0.4017583429813385, 0.4054773151874542, 0.4126812219619751, 0.42133715748786926]
Timestamp: 697.8182989759998
---------------------------------------------------------------
[tensor([0, 6]), tensor([1, 4]), tensor([1, 7]), tensor([2, 4]), tensor([2, 6]), tensor([2, 7]), tensor([2, 9]), tensor([3, 8]), tensor([4, 5]), tensor([4, 9]), tensor([5, 8]), tensor([5, 9]), tensor([6, 8]), tensor([6, 9]), tensor([8, 9])]
Mean loss in evaluation epoch: [0.3121761977672577, 0.338176429271698, 0.39523786306381226, 0.32008764147758484, 0.3743666708469391, 0.39268630743026733, 0.40774059295654297, 0.41211241483688354, 0.4211822748184204, 0.43222030997276306], epochs needed: 40
count_changes: 0 / 15

Generation 35
Mean loss in evaluation epoch: [0.295661598443985, 0.32261455059051514, 0.39076530933380127, 0.3036341667175293, 0.3723606765270233, 0.38942280411720276, 0.40146404504776, 0.40639999508857727, 0.41242480278015137, 0.42085951566696167], epochs needed: 40
------------------------- TRACKING ---------------------------
Matrix Hash: c7cc2e5aaa95c0cd, num_times_seen_before: 20
ACC: 1.0
TPR/FPR: 1.0, 0.0
Loss: [0.295661598443985, 0.32261455059051514, 0.39076530933380127, 0.3036341667175293, 0.3723606765270233, 0.38942280411720276, 0.40146404504776, 0.40639999508857727, 0.41242480278015137, 0.42085951566696167]
Timestamp: 717.6631990559999
---------------------------------------------------------------
[tensor([1, 2]), tensor([3, 4]), tensor([3, 7]), tensor([3, 9]), tensor([6, 7])]
Mean loss in evaluation epoch: [0.296462744474411, 0.359668105840683, 0.3934824764728546, 0.3125760555267334, 0.37376120686531067, 0.39094477891921997, 0.40378537774086, 0.4198097586631775, 0.4157524108886719, 0.4233156144618988], epochs needed: 40
count_changes: 0 / 5

Generation 36
Mean loss in evaluation epoch: [0.2959755063056946, 0.32247990369796753, 0.390714168548584, 0.30418384075164795, 0.37267616391181946, 0.3895755708217621, 0.4016030430793762, 0.4066287577152252, 0.412163108587265, 0.42112985253334045], epochs needed: 40
------------------------- TRACKING ---------------------------
Matrix Hash: c7cc2e5aaa95c0cd, num_times_seen_before: 21
ACC: 1.0
TPR/FPR: 1.0, 0.0
Loss: [0.2959755063056946, 0.32247990369796753, 0.390714168548584, 0.30418384075164795, 0.37267616391181946, 0.3895755708217621, 0.4016030430793762, 0.4066287577152252, 0.412163108587265, 0.42112985253334045]
Timestamp: 738.1495009640003
---------------------------------------------------------------
[tensor([0, 3]), tensor([0, 5]), tensor([0, 8]), tensor([3, 4]), tensor([3, 7]), tensor([3, 9]), tensor([6, 7])]
Mean loss in evaluation epoch: [0.30325254797935486, 0.3391225337982178, 0.3973841667175293, 0.3195866644382477, 0.3733980357646942, 0.3908478319644928, 0.40628954768180847, 0.42940759658813477, 0.420642614364624, 0.426268070936203], epochs needed: 40
count_changes: 0 / 7

Generation 37
Mean loss in evaluation epoch: [0.2974674105644226, 0.32278677821159363, 0.39189761877059937, 0.3046237528324127, 0.37305834889411926, 0.3907798230648041, 0.4017903804779053, 0.40554216504096985, 0.4132172167301178, 0.4214215874671936], epochs needed: 40
------------------------- TRACKING ---------------------------
Matrix Hash: c7cc2e5aaa95c0cd, num_times_seen_before: 22
ACC: 1.0
TPR/FPR: 1.0, 0.0
Loss: [0.2974674105644226, 0.32278677821159363, 0.39189761877059937, 0.3046237528324127, 0.37305834889411926, 0.3907798230648041, 0.4017903804779053, 0.40554216504096985, 0.4132172167301178, 0.4214215874671936]
Timestamp: 758.265509543
---------------------------------------------------------------
[tensor([0, 1]), tensor([0, 6]), tensor([1, 3]), tensor([1, 4]), tensor([1, 5]), tensor([1, 7]), tensor([1, 8]), tensor([2, 5]), tensor([2, 7]), tensor([2, 9]), tensor([3, 6]), tensor([4, 5]), tensor([4, 7]), tensor([5, 7]), tensor([5, 8]), tensor([7, 8]), tensor([8, 9])]
Mean loss in evaluation epoch: [0.3079303801059723, 0.3929806053638458, 0.39551687240600586, 0.31589365005493164, 0.38347142934799194, 0.39371752738952637, 0.40573424100875854, 0.41963663697242737, 0.42006582021713257, 0.4238767921924591], epochs needed: 40
count_changes: 0 / 17

Generation 38
Mean loss in evaluation epoch: [0.2957017123699188, 0.32229679822921753, 0.39061006903648376, 0.30369874835014343, 0.3724246025085449, 0.3893384337425232, 0.4015417695045471, 0.4061354398727417, 0.41217657923698425, 0.42091888189315796], epochs needed: 40
------------------------- TRACKING ---------------------------
Matrix Hash: c7cc2e5aaa95c0cd, num_times_seen_before: 23
ACC: 1.0
TPR/FPR: 1.0, 0.0
Loss: [0.2957017123699188, 0.32229679822921753, 0.39061006903648376, 0.30369874835014343, 0.3724246025085449, 0.3893384337425232, 0.4015417695045471, 0.4061354398727417, 0.41217657923698425, 0.42091888189315796]
Timestamp: 779.9285963729999
---------------------------------------------------------------
[tensor([3, 4]), tensor([3, 7]), tensor([3, 9]), tensor([6, 7])]
Mean loss in evaluation epoch: [0.2974786162376404, 0.3325972557067871, 0.39367133378982544, 0.3115283250808716, 0.37464916706085205, 0.39207151532173157, 0.4042583107948303, 0.4259544610977173, 0.4157942235469818, 0.4300432801246643], epochs needed: 40
count_changes: 0 / 4

Generation 39
Mean loss in evaluation epoch: [0.29861703515052795, 0.3229726254940033, 0.39189818501472473, 0.30670538544654846, 0.3754447102546692, 0.3913697600364685, 0.40311044454574585, 0.4063403606414795, 0.41412222385406494, 0.42276132106781006], epochs needed: 40
------------------------- TRACKING ---------------------------
Matrix Hash: c7cc2e5aaa95c0cd, num_times_seen_before: 24
ACC: 1.0
TPR/FPR: 1.0, 0.0
Loss: [0.29861703515052795, 0.3229726254940033, 0.39189818501472473, 0.30670538544654846, 0.3754447102546692, 0.3913697600364685, 0.40311044454574585, 0.4063403606414795, 0.41412222385406494, 0.42276132106781006]
Timestamp: 800.1544092650001
---------------------------------------------------------------
[tensor([0, 1]), tensor([0, 6]), tensor([1, 4]), tensor([1, 5]), tensor([1, 7]), tensor([1, 8]), tensor([2, 4]), tensor([2, 6]), tensor([2, 8]), tensor([2, 9]), tensor([4, 5]), tensor([4, 9]), tensor([5, 9]), tensor([6, 9]), tensor([8, 9])]
Mean loss in evaluation epoch: [0.3065655529499054, 0.37382811307907104, 0.39504215121269226, 0.33215346932411194, 0.3749959468841553, 0.39827960729599, 0.40801557898521423, 0.4096972644329071, 0.42037832736968994, 0.4285699427127838], epochs needed: 40
count_changes: 0 / 15

Generation 40
Mean loss in evaluation epoch: [0.2972855567932129, 0.32261648774147034, 0.3916659951210022, 0.3046993911266327, 0.3725457787513733, 0.39040476083755493, 0.4015243947505951, 0.40576255321502686, 0.41276830434799194, 0.4214511811733246], epochs needed: 40
------------------------- TRACKING ---------------------------
Matrix Hash: c7cc2e5aaa95c0cd, num_times_seen_before: 25
ACC: 1.0
TPR/FPR: 1.0, 0.0
Loss: [0.2972855567932129, 0.32261648774147034, 0.3916659951210022, 0.3046993911266327, 0.3725457787513733, 0.39040476083755493, 0.4015243947505951, 0.40576255321502686, 0.41276830434799194, 0.4214511811733246]
Timestamp: 822.1003945720004
---------------------------------------------------------------
[tensor([0, 1]), tensor([1, 4]), tensor([1, 5]), tensor([1, 7]), tensor([1, 8]), tensor([2, 5]), tensor([2, 9]), tensor([3, 6]), tensor([4, 5]), tensor([4, 9]), tensor([5, 8]), tensor([6, 8]), tensor([6, 9]), tensor([8, 9])]
Mean loss in evaluation epoch: [0.3123074769973755, 0.3716576397418976, 0.4023297131061554, 0.31673839688301086, 0.37457922101020813, 0.39407026767730713, 0.4084656834602356, 0.41169223189353943, 0.4186049699783325, 0.4254285991191864], epochs needed: 40
count_changes: 0 / 14

Generation 41
Mean loss in evaluation epoch: [0.2962045967578888, 0.3222823143005371, 0.3908032774925232, 0.30388087034225464, 0.3728805482387543, 0.38987603783607483, 0.4014248847961426, 0.4054886996746063, 0.41294196248054504, 0.42150217294692993], epochs needed: 40
------------------------- TRACKING ---------------------------
Matrix Hash: c7cc2e5aaa95c0cd, num_times_seen_before: 26
ACC: 1.0
TPR/FPR: 1.0, 0.0
Loss: [0.2962045967578888, 0.3222823143005371, 0.3908032774925232, 0.30388087034225464, 0.3728805482387543, 0.38987603783607483, 0.4014248847961426, 0.4054886996746063, 0.41294196248054504, 0.42150217294692993]
Timestamp: 843.0422534790005
---------------------------------------------------------------
[tensor([1, 5]), tensor([1, 7]), tensor([2, 6]), tensor([2, 8]), tensor([2, 9]), tensor([3, 8]), tensor([4, 5]), tensor([5, 7]), tensor([5, 8]), tensor([5, 9]), tensor([6, 8]), tensor([6, 9]), tensor([7, 8]), tensor([8, 9])]
Mean loss in evaluation epoch: [0.3085765242576599, 0.33806106448173523, 0.39381927251815796, 0.3171561360359192, 0.3767935037612915, 0.3921179473400116, 0.40823665261268616, 0.41947367787361145, 0.42749351263046265, 0.43294650316238403], epochs needed: 40
count_changes: 0 / 14

Generation 42
Mean loss in evaluation epoch: [0.2956317067146301, 0.3221438527107239, 0.3905293941497803, 0.3035106062889099, 0.3721317648887634, 0.38935500383377075, 0.4014301300048828, 0.4059607982635498, 0.4120817184448242, 0.42110320925712585], epochs needed: 40
------------------------- TRACKING ---------------------------
Matrix Hash: c7cc2e5aaa95c0cd, num_times_seen_before: 27
ACC: 1.0
TPR/FPR: 1.0, 0.0
Loss: [0.2956317067146301, 0.3221438527107239, 0.3905293941497803, 0.3035106062889099, 0.3721317648887634, 0.38935500383377075, 0.4014301300048828, 0.4059607982635498, 0.4120817184448242, 0.42110320925712585]
Timestamp: 863.6610405250003
---------------------------------------------------------------
[tensor([1, 4]), tensor([1, 8]), tensor([3, 7]), tensor([3, 9]), tensor([6, 7]), tensor([8, 9])]
Mean loss in evaluation epoch: [0.29636049270629883, 0.36770546436309814, 0.39506223797798157, 0.3213537931442261, 0.3724469542503357, 0.39577701687812805, 0.4052217900753021, 0.4259451925754547, 0.41722214221954346, 0.42661619186401367], epochs needed: 40
count_changes: 0 / 6

Generation 43
Mean loss in evaluation epoch: [0.2958923578262329, 0.3223423361778259, 0.39060789346694946, 0.30395182967185974, 0.3726949691772461, 0.3892473578453064, 0.40207454562187195, 0.4066380262374878, 0.4123114347457886, 0.4210253357887268], epochs needed: 40
------------------------- TRACKING ---------------------------
Matrix Hash: c7cc2e5aaa95c0cd, num_times_seen_before: 28
ACC: 1.0
TPR/FPR: 1.0, 0.0
Loss: [0.2958923578262329, 0.3223423361778259, 0.39060789346694946, 0.30395182967185974, 0.3726949691772461, 0.3892473578453064, 0.40207454562187195, 0.4066380262374878, 0.4123114347457886, 0.4210253357887268]
Timestamp: 885.2575365789999
---------------------------------------------------------------
[tensor([0, 8]), tensor([3, 4]), tensor([3, 7]), tensor([6, 7])]
Mean loss in evaluation epoch: [0.29626280069351196, 0.3336746096611023, 0.3925814628601074, 0.3055039048194885, 0.37378257513046265, 0.39059343934059143, 0.4037437438964844, 0.4237295687198639, 0.42417943477630615, 0.4229900538921356], epochs needed: 40
count_changes: 0 / 4

Generation 44
Mean loss in evaluation epoch: [0.297793984413147, 0.3222595155239105, 0.3918566405773163, 0.3051890432834625, 0.37299662828445435, 0.39041846990585327, 0.40181541442871094, 0.40650850534439087, 0.4126448631286621, 0.42120233178138733], epochs needed: 40
------------------------- TRACKING ---------------------------
Matrix Hash: c7cc2e5aaa95c0cd, num_times_seen_before: 29
ACC: 1.0
TPR/FPR: 1.0, 0.0
Loss: [0.297793984413147, 0.3222595155239105, 0.3918566405773163, 0.3051890432834625, 0.37299662828445435, 0.39041846990585327, 0.40181541442871094, 0.40650850534439087, 0.4126448631286621, 0.42120233178138733]
Timestamp: 906.1542800939997
---------------------------------------------------------------
[tensor([0, 6]), tensor([1, 2]), tensor([2, 9]), tensor([3, 7]), tensor([6, 7])]
Mean loss in evaluation epoch: [0.29687273502349854, 0.35727405548095703, 0.3943552076816559, 0.30812302231788635, 0.37315648794174194, 0.3909997344017029, 0.4041491150856018, 0.41947677731513977, 0.4140181541442871, 0.4246937334537506], epochs needed: 40
count_changes: 0 / 5
------------------------- TRACKING ---------------------------
Matrix Hash: c7cc2e5aaa95c0cd, num_times_seen_before: 30
ACC: 1.0
TPR/FPR: 1.0, 0.0
Loss: [0.297793984413147, 0.3222595155239105, 0.3918566405773163, 0.3051890432834625, 0.37299662828445435, 0.39041846990585327, 0.40181541442871094, 0.40650850534439087, 0.4126448631286621, 0.42120233178138733]
Timestamp: 917.0011301940003
---------------------------------------------------------------
Time needed: 930.3139594850004 sec
----------------- Final results across all experiments ---------------
accs: [1.0, 1.0, 0.9777777777777777, 1.0, 1.0]
tprs: [1.0, 1.0, 1.0, 1.0, 1.0]
fprs: [0.0, 0.0, 0.034482758620689655, 0.0, 0.0]
mean acc: 0.9955555200576782
mean tpr: 1.0
mean fpr: 0.006896551698446274
