num samples: 5000
NUM_TRAIN_SAMPLES: 4999
NUM_TRAIN_BATCHES: 50
NUM_TEST_SAMPLES: 4999
NUM_TEST_BATCHES: 50
BATCH_SIZE: 100
HIDDEN_SIZE: 128
NUM_DYN_EPOCHS: 20
IS_CONTINUOUS: False
USE_MAX: False
../data/final/netrd/SIS/timeseries_ba20_5k_0.1.pickle
../data/final/edges_ba20.pickle
CONTINUATION: False
CONT_ADDRESS: D:\Uni\BA\ColabOutputs\ba20\2020-12-10T22_50_22.113418
SEED: 0
NUM_DYN_EPOCHS: 20
NUM_DYN_EPOCHS_INIT: 20
DETECT_EARLY_CONVERGENCE: False
RESET_DYN_LEARNER_EVERY_NTH_GEN: 1
POP_SIZE: 8
NEWPOP_SIZE: 16
NUM_GEN: 20
USE_NODEWISE_EVALUATION: False
USE_EVALEPOCH_FOR_GUIDED_MUTATION: False
USE_DETERMINISTIC_EVAL: False
--------------------- Start training ------------------------
evaluating individudal 0 - bcfde9534d3bfd59. Mean loss in evaluation epoch: 0.3263320028781891, epochs needed: 20
evaluating individudal 1 - e653c9d83091eaf2. Mean loss in evaluation epoch: 0.3251520097255707, epochs needed: 20
evaluating individudal 2 - 72f998262bbfe450. Mean loss in evaluation epoch: 0.32472002506256104, epochs needed: 20
evaluating individudal 3 - 69390fc8c80db59e. Mean loss in evaluation epoch: 0.3247039318084717, epochs needed: 20
evaluating individudal 4 - 9b2d78cf0e6453cb. Mean loss in evaluation epoch: 0.3245484232902527, epochs needed: 20
evaluating individudal 5 - 6792c0317c2b3f18. Mean loss in evaluation epoch: 0.3253914713859558, epochs needed: 20
evaluating individudal 6 - 1571397118f4ddec. Mean loss in evaluation epoch: 0.3249291479587555, epochs needed: 20
evaluating individudal 7 - f7d7d55008e33627. Mean loss in evaluation epoch: 0.3241068124771118, epochs needed: 20
Round 0 done. -----------------------------------------
------------------------- TRACKING ---------------------------
Matrix Hash: f7d7d55008e33627, num_times_seen_before: 0
ACC: 0.4631578947368421
TPR/FPR: 0.4166666666666667, 0.525974025974026
Loss: 0.3241068124771118
Timestamp: 0
---------------------------------------------------------------
evaluating individudal 0 - b24d9517a27ce120. Mean loss in evaluation epoch: 0.32025542855262756, epochs needed: 20
evaluating individudal 1 - 0e30fdb2c84fa1f9. Mean loss in evaluation epoch: 0.3236505091190338, epochs needed: 20
evaluating individudal 2 - f4c15542094cc6e0. Mean loss in evaluation epoch: 0.32524508237838745, epochs needed: 20
evaluating individudal 3 - 4637e3160ab87290. Mean loss in evaluation epoch: 0.319504052400589, epochs needed: 20
evaluating individudal 4 - 901e438f75ff8069. Mean loss in evaluation epoch: 0.32187503576278687, epochs needed: 20
evaluating individudal 5 - fe2e90ee860d3ca9. Mean loss in evaluation epoch: 0.32288721203804016, epochs needed: 20
evaluating individudal 6 - 3eb12ac70d6b2ff1. Mean loss in evaluation epoch: 0.3203565776348114, epochs needed: 20
evaluating individudal 7 - ed3458596d2deb32. Mean loss in evaluation epoch: 0.3237202763557434, epochs needed: 20
evaluating individudal 8 - f2d54a3d4e481fde. Mean loss in evaluation epoch: 0.3240203857421875, epochs needed: 20
evaluating individudal 9 - f7453fdce1496e37. Mean loss in evaluation epoch: 0.3224307894706726, epochs needed: 20
evaluating individudal 10 - f09c6a54b4c869fd. Mean loss in evaluation epoch: 0.3232917785644531, epochs needed: 20
evaluating individudal 11 - bf75fd7e5ad88582. Mean loss in evaluation epoch: 0.32077521085739136, epochs needed: 20
evaluating individudal 12 - ecf63149fa2272e8. Mean loss in evaluation epoch: 0.32228508591651917, epochs needed: 20
evaluating individudal 13 - 8326938594886dc8. Mean loss in evaluation epoch: 0.3196023404598236, epochs needed: 20
evaluating individudal 14 - 62daaa01c19dbb89. Mean loss in evaluation epoch: 0.3226567804813385, epochs needed: 20
evaluating individudal 15 - d048bb91f8764607. Mean loss in evaluation epoch: 0.3235907554626465, epochs needed: 20
evaluating individudal 0 - bcfde9534d3bfd59. Mean loss in evaluation epoch: 0.32545286417007446, epochs needed: 20
evaluating individudal 1 - e653c9d83091eaf2. Mean loss in evaluation epoch: 0.325460821390152, epochs needed: 20
evaluating individudal 2 - 72f998262bbfe450. Mean loss in evaluation epoch: 0.32466375827789307, epochs needed: 20
evaluating individudal 3 - 69390fc8c80db59e. Mean loss in evaluation epoch: 0.3253556787967682, epochs needed: 20
evaluating individudal 4 - 9b2d78cf0e6453cb. Mean loss in evaluation epoch: 0.32471123337745667, epochs needed: 20
evaluating individudal 5 - 6792c0317c2b3f18. Mean loss in evaluation epoch: 0.3262200951576233, epochs needed: 20
evaluating individudal 6 - 1571397118f4ddec. Mean loss in evaluation epoch: 0.32561835646629333, epochs needed: 20
evaluating individudal 7 - f7d7d55008e33627. Mean loss in evaluation epoch: 0.3255152702331543, epochs needed: 20
Round 1 done. -----------------------------------------
------------------------- TRACKING ---------------------------
Matrix Hash: 4637e3160ab87290, num_times_seen_before: 0
ACC: 0.6210526315789473
TPR/FPR: 0.8611111111111112, 0.43506493506493504
Loss: 0.319504052400589
Timestamp: 125.91070217400001
---------------------------------------------------------------
evaluating individudal 0 - 969c02c0401d276d. Mean loss in evaluation epoch: 0.32099124789237976, epochs needed: 20
evaluating individudal 1 - 4353f306736b0d39. Mean loss in evaluation epoch: 0.32133448123931885, epochs needed: 20
evaluating individudal 2 - d5f0d699bb10c77a. Mean loss in evaluation epoch: 0.32052236795425415, epochs needed: 20
evaluating individudal 3 - f363e2cb46cccac6. Mean loss in evaluation epoch: 0.32085922360420227, epochs needed: 20
evaluating individudal 4 - 642608fe23463f70. Mean loss in evaluation epoch: 0.32386261224746704, epochs needed: 20
evaluating individudal 5 - 72bdc479e148b269. Mean loss in evaluation epoch: 0.3213416635990143, epochs needed: 20
evaluating individudal 6 - ed68d96c74826854. Mean loss in evaluation epoch: 0.32432395219802856, epochs needed: 20
evaluating individudal 7 - 5bf6e77d231c5e6f. Mean loss in evaluation epoch: 0.3240687847137451, epochs needed: 20
evaluating individudal 8 - 2c6db7c4710ebac8. Mean loss in evaluation epoch: 0.32072713971138, epochs needed: 20
evaluating individudal 9 - 4a2bd2dad2a07bcf. Mean loss in evaluation epoch: 0.3206939995288849, epochs needed: 20
evaluating individudal 10 - f7fca22dfc6794ac. Mean loss in evaluation epoch: 0.3188035190105438, epochs needed: 20
evaluating individudal 11 - 61c73833f0f81dd5. Mean loss in evaluation epoch: 0.3179890811443329, epochs needed: 20
evaluating individudal 12 - 49e378ba48653c17. Mean loss in evaluation epoch: 0.31973424553871155, epochs needed: 20
evaluating individudal 13 - 1e3217d84968c578. Mean loss in evaluation epoch: 0.32325267791748047, epochs needed: 20
evaluating individudal 14 - 7a96abd5e6356036. Mean loss in evaluation epoch: 0.3242933452129364, epochs needed: 20
evaluating individudal 15 - 1ab41b69e6c53c32. Mean loss in evaluation epoch: 0.3199230432510376, epochs needed: 20
evaluating individudal 0 - 4637e3160ab87290. Mean loss in evaluation epoch: 0.32048362493515015, epochs needed: 20
evaluating individudal 1 - 8326938594886dc8. Mean loss in evaluation epoch: 0.31985196471214294, epochs needed: 20
evaluating individudal 2 - b24d9517a27ce120. Mean loss in evaluation epoch: 0.3206647038459778, epochs needed: 20
evaluating individudal 3 - 3eb12ac70d6b2ff1. Mean loss in evaluation epoch: 0.3204006850719452, epochs needed: 20
evaluating individudal 4 - bf75fd7e5ad88582. Mean loss in evaluation epoch: 0.32072556018829346, epochs needed: 20
evaluating individudal 5 - 901e438f75ff8069. Mean loss in evaluation epoch: 0.3207760453224182, epochs needed: 20
evaluating individudal 6 - ecf63149fa2272e8. Mean loss in evaluation epoch: 0.32131537795066833, epochs needed: 20
evaluating individudal 7 - f7453fdce1496e37. Mean loss in evaluation epoch: 0.3221045732498169, epochs needed: 20
Round 2 done. -----------------------------------------
------------------------- TRACKING ---------------------------
Matrix Hash: 61c73833f0f81dd5, num_times_seen_before: 0
ACC: 0.668421052631579
TPR/FPR: 0.9444444444444444, 0.3961038961038961
Loss: 0.3179890811443329
Timestamp: 258.41249539800003
---------------------------------------------------------------
evaluating individudal 0 - cb8d12c82b851091. Mean loss in evaluation epoch: 0.31800392270088196, epochs needed: 20
evaluating individudal 1 - d0e5f1427620be8a. Mean loss in evaluation epoch: 0.32094353437423706, epochs needed: 20
evaluating individudal 2 - 2a5ba19ad9eabb85. Mean loss in evaluation epoch: 0.3178711235523224, epochs needed: 20
evaluating individudal 3 - 4e2106e7869802e1. Mean loss in evaluation epoch: 0.3181155323982239, epochs needed: 20
evaluating individudal 4 - c56f5cadec63d213. Mean loss in evaluation epoch: 0.3191208839416504, epochs needed: 20
evaluating individudal 5 - 2d3768142d21914f. Mean loss in evaluation epoch: 0.3208373188972473, epochs needed: 20
evaluating individudal 6 - f47b38d2031d146e. Mean loss in evaluation epoch: 0.3174996078014374, epochs needed: 20
evaluating individudal 7 - d4daf3952e637ecf. Mean loss in evaluation epoch: 0.31751441955566406, epochs needed: 20
evaluating individudal 8 - f2604c1c8269cf7f. Mean loss in evaluation epoch: 0.317671537399292, epochs needed: 20
evaluating individudal 9 - 8fca77b2157216b5. Mean loss in evaluation epoch: 0.3194705843925476, epochs needed: 20
evaluating individudal 10 - 5d6a457e2ce7d5e1. Mean loss in evaluation epoch: 0.31920933723449707, epochs needed: 20
evaluating individudal 11 - 346e4aed81a1161f. Mean loss in evaluation epoch: 0.32083600759506226, epochs needed: 20
evaluating individudal 12 - ffdb0fe1869c7d26. Mean loss in evaluation epoch: 0.319020539522171, epochs needed: 20
evaluating individudal 13 - ea7bf1c9f9b9bb95. Mean loss in evaluation epoch: 0.31903934478759766, epochs needed: 20
evaluating individudal 14 - 03603de1162a9a4a. Mean loss in evaluation epoch: 0.3195915222167969, epochs needed: 20
evaluating individudal 15 - ef7ed132d92f9d9f. Mean loss in evaluation epoch: 0.317792683839798, epochs needed: 20
evaluating individudal 0 - 61c73833f0f81dd5. Mean loss in evaluation epoch: 0.3177895247936249, epochs needed: 20
evaluating individudal 1 - f7fca22dfc6794ac. Mean loss in evaluation epoch: 0.31851741671562195, epochs needed: 20
evaluating individudal 2 - 49e378ba48653c17. Mean loss in evaluation epoch: 0.31982678174972534, epochs needed: 20
evaluating individudal 3 - 8326938594886dc8. Mean loss in evaluation epoch: 0.32009756565093994, epochs needed: 20
evaluating individudal 4 - 1ab41b69e6c53c32. Mean loss in evaluation epoch: 0.32001325488090515, epochs needed: 20
evaluating individudal 5 - 3eb12ac70d6b2ff1. Mean loss in evaluation epoch: 0.3205053210258484, epochs needed: 20
evaluating individudal 6 - 4637e3160ab87290. Mean loss in evaluation epoch: 0.31996461749076843, epochs needed: 20
evaluating individudal 7 - d5f0d699bb10c77a. Mean loss in evaluation epoch: 0.3200812041759491, epochs needed: 20
Round 3 done. -----------------------------------------
------------------------- TRACKING ---------------------------
Matrix Hash: f47b38d2031d146e, num_times_seen_before: 0
ACC: 0.736842105263158
TPR/FPR: 0.8888888888888888, 0.2987012987012987
Loss: 0.3174996078014374
Timestamp: 386.55623927
---------------------------------------------------------------
evaluating individudal 0 - 2db4fbba70c1013d. Mean loss in evaluation epoch: 0.3168124258518219, epochs needed: 20
evaluating individudal 1 - ce512fdc2291f2bd. Mean loss in evaluation epoch: 0.31687307357788086, epochs needed: 20
evaluating individudal 2 - be049ae27f46aed5. Mean loss in evaluation epoch: 0.3191458582878113, epochs needed: 20
evaluating individudal 3 - 91bd6a48bc2f9d9c. Mean loss in evaluation epoch: 0.31763482093811035, epochs needed: 20
evaluating individudal 4 - 166569186a400e2f. Mean loss in evaluation epoch: 0.31857427954673767, epochs needed: 20
evaluating individudal 5 - b0db42b476e287fb. Mean loss in evaluation epoch: 0.31784528493881226, epochs needed: 20
evaluating individudal 6 - 98df7ee767e1034f. Mean loss in evaluation epoch: 0.3184484541416168, epochs needed: 20
evaluating individudal 7 - 884197b9ac9f6fe3. Mean loss in evaluation epoch: 0.31732532382011414, epochs needed: 20
evaluating individudal 8 - ce7cac0a722a67d3. Mean loss in evaluation epoch: 0.31768378615379333, epochs needed: 20
evaluating individudal 9 - 4ef29352654ae565. Mean loss in evaluation epoch: 0.3178713619709015, epochs needed: 20
evaluating individudal 10 - 0df64f7a8209559f. Mean loss in evaluation epoch: 0.3175729215145111, epochs needed: 20
evaluating individudal 11 - 984d67dfec07a065. Mean loss in evaluation epoch: 0.31793177127838135, epochs needed: 20
evaluating individudal 12 - 6ab9bec1551be534. Mean loss in evaluation epoch: 0.318073034286499, epochs needed: 20
evaluating individudal 13 - 9709e44b9332a04a. Mean loss in evaluation epoch: 0.3186752498149872, epochs needed: 20
evaluating individudal 14 - 27dcb02704413a89. Mean loss in evaluation epoch: 0.31800201535224915, epochs needed: 20
evaluating individudal 15 - 3d68275c9101b0bb. Mean loss in evaluation epoch: 0.3171679675579071, epochs needed: 20
evaluating individudal 0 - f47b38d2031d146e. Mean loss in evaluation epoch: 0.31724146008491516, epochs needed: 20
evaluating individudal 1 - d4daf3952e637ecf. Mean loss in evaluation epoch: 0.3177242875099182, epochs needed: 20
evaluating individudal 2 - f2604c1c8269cf7f. Mean loss in evaluation epoch: 0.31785255670547485, epochs needed: 20
evaluating individudal 3 - 61c73833f0f81dd5. Mean loss in evaluation epoch: 0.31809791922569275, epochs needed: 20
evaluating individudal 4 - ef7ed132d92f9d9f. Mean loss in evaluation epoch: 0.3183455169200897, epochs needed: 20
evaluating individudal 5 - 2a5ba19ad9eabb85. Mean loss in evaluation epoch: 0.3173559606075287, epochs needed: 20
evaluating individudal 6 - cb8d12c82b851091. Mean loss in evaluation epoch: 0.3185148537158966, epochs needed: 20
evaluating individudal 7 - 4e2106e7869802e1. Mean loss in evaluation epoch: 0.3183569312095642, epochs needed: 20
Round 4 done. -----------------------------------------
------------------------- TRACKING ---------------------------
Matrix Hash: 2db4fbba70c1013d, num_times_seen_before: 0
ACC: 0.7315789473684211
TPR/FPR: 0.9722222222222222, 0.3246753246753247
Loss: 0.3168124258518219
Timestamp: 520.061590477
---------------------------------------------------------------
evaluating individudal 0 - e0f43f6357ea27e9. Mean loss in evaluation epoch: 0.3199731707572937, epochs needed: 20
evaluating individudal 1 - 2997834771379685. Mean loss in evaluation epoch: 0.3191271126270294, epochs needed: 20
evaluating individudal 2 - 3b7e00c51c34c0e6. Mean loss in evaluation epoch: 0.31904542446136475, epochs needed: 20
evaluating individudal 3 - e6fedfedf1ef737a. Mean loss in evaluation epoch: 0.31679248809814453, epochs needed: 20
evaluating individudal 4 - e7fd38aba99b1062. Mean loss in evaluation epoch: 0.3184894025325775, epochs needed: 20
evaluating individudal 5 - fac80c52923dd24f. Mean loss in evaluation epoch: 0.3174360692501068, epochs needed: 20
evaluating individudal 6 - 7be3fd94e332957b. Mean loss in evaluation epoch: 0.3188529908657074, epochs needed: 20
evaluating individudal 7 - 0dfc8b2a3fae1c1b. Mean loss in evaluation epoch: 0.31771543622016907, epochs needed: 20
evaluating individudal 8 - 3e22480217359246. Mean loss in evaluation epoch: 0.31860968470573425, epochs needed: 20
evaluating individudal 9 - 12965bcaa9a52b9f. Mean loss in evaluation epoch: 0.3177487850189209, epochs needed: 20
evaluating individudal 10 - a3095aa0ee94bc4e. Mean loss in evaluation epoch: 0.3165181577205658, epochs needed: 20
evaluating individudal 11 - bd952ce4076c51f3. Mean loss in evaluation epoch: 0.319192111492157, epochs needed: 20
evaluating individudal 12 - f20622c759b850a8. Mean loss in evaluation epoch: 0.32844632863998413, epochs needed: 20
evaluating individudal 13 - 6885c2adb6255d2e. Mean loss in evaluation epoch: 0.3170144259929657, epochs needed: 20
evaluating individudal 14 - fa8f14c4d855ba77. Mean loss in evaluation epoch: 0.3226853013038635, epochs needed: 20
evaluating individudal 15 - 372d73c02b69b9c7. Mean loss in evaluation epoch: 0.31901925802230835, epochs needed: 20
evaluating individudal 0 - 2db4fbba70c1013d. Mean loss in evaluation epoch: 0.31752482056617737, epochs needed: 20
evaluating individudal 1 - ce512fdc2291f2bd. Mean loss in evaluation epoch: 0.31651583313941956, epochs needed: 20
evaluating individudal 2 - 3d68275c9101b0bb. Mean loss in evaluation epoch: 0.31671324372291565, epochs needed: 20
evaluating individudal 3 - f47b38d2031d146e. Mean loss in evaluation epoch: 0.31740400195121765, epochs needed: 20
evaluating individudal 4 - 884197b9ac9f6fe3. Mean loss in evaluation epoch: 0.31742939352989197, epochs needed: 20
evaluating individudal 5 - 2a5ba19ad9eabb85. Mean loss in evaluation epoch: 0.31780806183815, epochs needed: 20
evaluating individudal 6 - 0df64f7a8209559f. Mean loss in evaluation epoch: 0.3178929388523102, epochs needed: 20
evaluating individudal 7 - 91bd6a48bc2f9d9c. Mean loss in evaluation epoch: 0.31784936785697937, epochs needed: 20
Round 5 done. -----------------------------------------
------------------------- TRACKING ---------------------------
Matrix Hash: ce512fdc2291f2bd, num_times_seen_before: 0
ACC: 0.7315789473684211
TPR/FPR: 0.9444444444444444, 0.3181818181818182
Loss: 0.31651583313941956
Timestamp: 649.714438216
---------------------------------------------------------------
evaluating individudal 0 - 11b77151709d2184. Mean loss in evaluation epoch: 0.3251226246356964, epochs needed: 20
evaluating individudal 1 - 27292905e4268c4a. Mean loss in evaluation epoch: 0.31621253490448, epochs needed: 20
evaluating individudal 2 - 61e8fa1373514b4c. Mean loss in evaluation epoch: 0.3164132535457611, epochs needed: 20
evaluating individudal 3 - 625a770c41e1ba84. Mean loss in evaluation epoch: 0.3175790309906006, epochs needed: 20
evaluating individudal 4 - 1b057725110e07c4. Mean loss in evaluation epoch: 0.3181343674659729, epochs needed: 20
evaluating individudal 5 - 23785ed80e81f9db. Mean loss in evaluation epoch: 0.31624308228492737, epochs needed: 20
evaluating individudal 6 - 8f5a0c76e26b1e4c. Mean loss in evaluation epoch: 0.3160523772239685, epochs needed: 20
evaluating individudal 7 - eff2fe73321c4c7d. Mean loss in evaluation epoch: 0.317022442817688, epochs needed: 20
evaluating individudal 8 - 869c3d09821082b9. Mean loss in evaluation epoch: 0.3170244097709656, epochs needed: 20
evaluating individudal 9 - 595d45ea5c95a92e. Mean loss in evaluation epoch: 0.31819915771484375, epochs needed: 20
evaluating individudal 10 - 18d406b729072983. Mean loss in evaluation epoch: 0.316406786441803, epochs needed: 20
evaluating individudal 11 - eaba0f77602fb769. Mean loss in evaluation epoch: 0.31674814224243164, epochs needed: 20
evaluating individudal 12 - 3cc6621a6eacd3ff. Mean loss in evaluation epoch: 0.3164469301700592, epochs needed: 20
evaluating individudal 13 - fd50636ccd721c4f. Mean loss in evaluation epoch: 0.3163551092147827, epochs needed: 20
evaluating individudal 14 - 89cbeeb668d2d7d1. Mean loss in evaluation epoch: 0.3177156150341034, epochs needed: 20
evaluating individudal 15 - 7af81ab45b1c948d. Mean loss in evaluation epoch: 0.32598039507865906, epochs needed: 20
evaluating individudal 0 - ce512fdc2291f2bd. Mean loss in evaluation epoch: 0.31703516840934753, epochs needed: 20
evaluating individudal 1 - a3095aa0ee94bc4e. Mean loss in evaluation epoch: 0.316535085439682, epochs needed: 20
evaluating individudal 2 - 3d68275c9101b0bb. Mean loss in evaluation epoch: 0.317149817943573, epochs needed: 20
evaluating individudal 3 - e6fedfedf1ef737a. Mean loss in evaluation epoch: 0.3169698715209961, epochs needed: 20
evaluating individudal 4 - 6885c2adb6255d2e. Mean loss in evaluation epoch: 0.3174232542514801, epochs needed: 20
evaluating individudal 5 - f47b38d2031d146e. Mean loss in evaluation epoch: 0.317602276802063, epochs needed: 20
evaluating individudal 6 - 884197b9ac9f6fe3. Mean loss in evaluation epoch: 0.3175698220729828, epochs needed: 20
evaluating individudal 7 - fac80c52923dd24f. Mean loss in evaluation epoch: 0.31733930110931396, epochs needed: 20
Round 6 done. -----------------------------------------
------------------------- TRACKING ---------------------------
Matrix Hash: 8f5a0c76e26b1e4c, num_times_seen_before: 0
ACC: 0.7052631578947368
TPR/FPR: 1.0, 0.36363636363636365
Loss: 0.3160523772239685
Timestamp: 780.501625175
---------------------------------------------------------------
evaluating individudal 0 - b3f1de521563ec62. Mean loss in evaluation epoch: 0.31767863035202026, epochs needed: 20
evaluating individudal 1 - 4afae72a847b4073. Mean loss in evaluation epoch: 0.31891798973083496, epochs needed: 20
evaluating individudal 2 - 8fae159e6c16ad20. Mean loss in evaluation epoch: 0.3188769519329071, epochs needed: 20
evaluating individudal 3 - 55b5b820f0e8a5ad. Mean loss in evaluation epoch: 0.3190946578979492, epochs needed: 20
evaluating individudal 4 - 50de621a2f197d7f. Mean loss in evaluation epoch: 0.3168408274650574, epochs needed: 20
evaluating individudal 5 - 1b5ba65f0dbd372d. Mean loss in evaluation epoch: 0.31903335452079773, epochs needed: 20
evaluating individudal 6 - bbad3b1024ecebbd. Mean loss in evaluation epoch: 0.3195973038673401, epochs needed: 20
evaluating individudal 7 - 40310ad6649f54b3. Mean loss in evaluation epoch: 0.3181218206882477, epochs needed: 20
evaluating individudal 8 - e1c6f33f797a65c8. Mean loss in evaluation epoch: 0.3157441318035126, epochs needed: 20
evaluating individudal 9 - 6648e9050f665ef7. Mean loss in evaluation epoch: 0.31789204478263855, epochs needed: 20
evaluating individudal 10 - 492bba72f46707e3. Mean loss in evaluation epoch: 0.31702879071235657, epochs needed: 20
evaluating individudal 11 - a1ddd113ec214286. Mean loss in evaluation epoch: 0.3193002939224243, epochs needed: 20
evaluating individudal 12 - 45b733e493adeeb1. Mean loss in evaluation epoch: 0.3227960169315338, epochs needed: 20
evaluating individudal 13 - f7b6719ac289e7dc. Mean loss in evaluation epoch: 0.31709545850753784, epochs needed: 20
evaluating individudal 14 - f354f68ff1f06906. Mean loss in evaluation epoch: 0.31795984506607056, epochs needed: 20
evaluating individudal 15 - 298956eb187c09cd. Mean loss in evaluation epoch: 0.31826040148735046, epochs needed: 20
evaluating individudal 0 - 8f5a0c76e26b1e4c. Mean loss in evaluation epoch: 0.3165190517902374, epochs needed: 20
evaluating individudal 1 - 27292905e4268c4a. Mean loss in evaluation epoch: 0.3162538409233093, epochs needed: 20
evaluating individudal 2 - 23785ed80e81f9db. Mean loss in evaluation epoch: 0.31724798679351807, epochs needed: 20
evaluating individudal 3 - fd50636ccd721c4f. Mean loss in evaluation epoch: 0.3178330063819885, epochs needed: 20
evaluating individudal 4 - 18d406b729072983. Mean loss in evaluation epoch: 0.31629976630210876, epochs needed: 20
evaluating individudal 5 - 61e8fa1373514b4c. Mean loss in evaluation epoch: 0.3161560893058777, epochs needed: 20
evaluating individudal 6 - 3cc6621a6eacd3ff. Mean loss in evaluation epoch: 0.31691327691078186, epochs needed: 20
evaluating individudal 7 - a3095aa0ee94bc4e. Mean loss in evaluation epoch: 0.316357284784317, epochs needed: 20
Round 7 done. -----------------------------------------
------------------------- TRACKING ---------------------------
Matrix Hash: e1c6f33f797a65c8, num_times_seen_before: 0
ACC: 0.736842105263158
TPR/FPR: 0.9722222222222222, 0.3181818181818182
Loss: 0.3157441318035126
Timestamp: 912.8394904410001
---------------------------------------------------------------
evaluating individudal 0 - 1104b6bceeedeb3c. Mean loss in evaluation epoch: 0.3178911805152893, epochs needed: 20
evaluating individudal 1 - bfbb9d6f24f7dfbd. Mean loss in evaluation epoch: 0.31650468707084656, epochs needed: 20
evaluating individudal 2 - 324ec897fbdad656. Mean loss in evaluation epoch: 0.31664517521858215, epochs needed: 20
evaluating individudal 3 - 7f33a37567d8e590. Mean loss in evaluation epoch: 0.3174281716346741, epochs needed: 20
evaluating individudal 4 - 39865e2fdaa1af48. Mean loss in evaluation epoch: 0.3171622157096863, epochs needed: 20
evaluating individudal 5 - f6ce9d3a1cf99eb3. Mean loss in evaluation epoch: 0.32044050097465515, epochs needed: 20
evaluating individudal 6 - 68dd18225f087323. Mean loss in evaluation epoch: 0.3197437524795532, epochs needed: 20
evaluating individudal 7 - 41f06c374e1e248e. Mean loss in evaluation epoch: 0.3167637884616852, epochs needed: 20
evaluating individudal 8 - 6d74b205c81c1765. Mean loss in evaluation epoch: 0.31638187170028687, epochs needed: 20
evaluating individudal 9 - 4845f6f0cb01fc43. Mean loss in evaluation epoch: 0.3248348832130432, epochs needed: 20
evaluating individudal 10 - 904d1d2ce1e0879c. Mean loss in evaluation epoch: 0.3194579482078552, epochs needed: 20
evaluating individudal 11 - b3f280149f6e9701. Mean loss in evaluation epoch: 0.3187769651412964, epochs needed: 20
evaluating individudal 12 - b96b7df8a4796cdc. Mean loss in evaluation epoch: 0.3173714280128479, epochs needed: 20
evaluating individudal 13 - d93aad9a4b22aa9f. Mean loss in evaluation epoch: 0.31739357113838196, epochs needed: 20
evaluating individudal 14 - 9cb544c9c114d260. Mean loss in evaluation epoch: 0.31704404950141907, epochs needed: 20
evaluating individudal 15 - b6516b89586261f9. Mean loss in evaluation epoch: 0.321086585521698, epochs needed: 20
evaluating individudal 0 - e1c6f33f797a65c8. Mean loss in evaluation epoch: 0.3158665895462036, epochs needed: 20
evaluating individudal 1 - 61e8fa1373514b4c. Mean loss in evaluation epoch: 0.3178635239601135, epochs needed: 20
evaluating individudal 2 - 27292905e4268c4a. Mean loss in evaluation epoch: 0.31728455424308777, epochs needed: 20
evaluating individudal 3 - 18d406b729072983. Mean loss in evaluation epoch: 0.3161843717098236, epochs needed: 20
evaluating individudal 4 - a3095aa0ee94bc4e. Mean loss in evaluation epoch: 0.3188723921775818, epochs needed: 20
evaluating individudal 5 - 8f5a0c76e26b1e4c. Mean loss in evaluation epoch: 0.31641632318496704, epochs needed: 20
evaluating individudal 6 - 50de621a2f197d7f. Mean loss in evaluation epoch: 0.3158569633960724, epochs needed: 20
evaluating individudal 7 - 3cc6621a6eacd3ff. Mean loss in evaluation epoch: 0.3174677789211273, epochs needed: 20
Round 8 done. -----------------------------------------
------------------------- TRACKING ---------------------------
Matrix Hash: 50de621a2f197d7f, num_times_seen_before: 0
ACC: 0.736842105263158
TPR/FPR: 1.0, 0.3246753246753247
Loss: 0.3158569633960724
Timestamp: 1043.615007403
---------------------------------------------------------------
evaluating individudal 0 - 69f0a71e217d9199. Mean loss in evaluation epoch: 0.31706351041793823, epochs needed: 20
evaluating individudal 1 - 3f34b7a9cf49e10c. Mean loss in evaluation epoch: 0.31899338960647583, epochs needed: 20
evaluating individudal 2 - c688329aa6f29d7e. Mean loss in evaluation epoch: 0.31732454895973206, epochs needed: 20
evaluating individudal 3 - 54f0de79aa6ea098. Mean loss in evaluation epoch: 0.318095326423645, epochs needed: 20
evaluating individudal 4 - 78a17ff4824c39fd. Mean loss in evaluation epoch: 0.3213282823562622, epochs needed: 20
evaluating individudal 5 - 701d11fd11aa4054. Mean loss in evaluation epoch: 0.31612128019332886, epochs needed: 20
evaluating individudal 6 - 203bd72214a7442f. Mean loss in evaluation epoch: 0.3166607618331909, epochs needed: 20
evaluating individudal 7 - d62d2dae89dcadd6. Mean loss in evaluation epoch: 0.31724974513053894, epochs needed: 20
evaluating individudal 8 - 29142da187fd4c40. Mean loss in evaluation epoch: 0.319216787815094, epochs needed: 20
evaluating individudal 9 - a3b8fe0b3bf9551d. Mean loss in evaluation epoch: 0.31751084327697754, epochs needed: 20
evaluating individudal 10 - 3c38df79b16caf10. Mean loss in evaluation epoch: 0.3175960183143616, epochs needed: 20
evaluating individudal 11 - 4aaed807bd861666. Mean loss in evaluation epoch: 0.31800127029418945, epochs needed: 20
evaluating individudal 12 - 8b56f81ee378b4f3. Mean loss in evaluation epoch: 0.3183763027191162, epochs needed: 20
evaluating individudal 13 - 8ee3137a3b4426bd. Mean loss in evaluation epoch: 0.31596699357032776, epochs needed: 20
evaluating individudal 14 - 27617d69f54f2273. Mean loss in evaluation epoch: 0.3193947970867157, epochs needed: 20
evaluating individudal 15 - 82dc95c60023a3d2. Mean loss in evaluation epoch: 0.31689590215682983, epochs needed: 20
evaluating individudal 0 - 50de621a2f197d7f. Mean loss in evaluation epoch: 0.3160800337791443, epochs needed: 20
evaluating individudal 1 - e1c6f33f797a65c8. Mean loss in evaluation epoch: 0.31604140996932983, epochs needed: 20
evaluating individudal 2 - 18d406b729072983. Mean loss in evaluation epoch: 0.3163165748119354, epochs needed: 20
evaluating individudal 3 - 6d74b205c81c1765. Mean loss in evaluation epoch: 0.3167605400085449, epochs needed: 20
evaluating individudal 4 - 8f5a0c76e26b1e4c. Mean loss in evaluation epoch: 0.31622830033302307, epochs needed: 20
evaluating individudal 5 - bfbb9d6f24f7dfbd. Mean loss in evaluation epoch: 0.3167462646961212, epochs needed: 20
evaluating individudal 6 - 324ec897fbdad656. Mean loss in evaluation epoch: 0.31668171286582947, epochs needed: 20
evaluating individudal 7 - 41f06c374e1e248e. Mean loss in evaluation epoch: 0.31739288568496704, epochs needed: 20
Round 9 done. -----------------------------------------
------------------------- TRACKING ---------------------------
Matrix Hash: 8ee3137a3b4426bd, num_times_seen_before: 0
ACC: 0.7
TPR/FPR: 0.9444444444444444, 0.35714285714285715
Loss: 0.31596699357032776
Timestamp: 1176.6131973729998
---------------------------------------------------------------
evaluating individudal 0 - 00d80542c93e6f44. Mean loss in evaluation epoch: 0.3174150586128235, epochs needed: 20
evaluating individudal 1 - 96aade9dd42e6a81. Mean loss in evaluation epoch: 0.31806740164756775, epochs needed: 20
evaluating individudal 2 - c40d3fddc3b13322. Mean loss in evaluation epoch: 0.322470098733902, epochs needed: 20
evaluating individudal 3 - 37006b5115e4f74c. Mean loss in evaluation epoch: 0.31792327761650085, epochs needed: 20
evaluating individudal 4 - 63fe09d1b7adf206. Mean loss in evaluation epoch: 0.3187982141971588, epochs needed: 20
evaluating individudal 5 - 3f7f16ea31874e88. Mean loss in evaluation epoch: 0.31708404421806335, epochs needed: 20
evaluating individudal 6 - 48ab69a6d7d6d04c. Mean loss in evaluation epoch: 0.3178420066833496, epochs needed: 20
evaluating individudal 7 - 85c07395cf18a1af. Mean loss in evaluation epoch: 0.31672874093055725, epochs needed: 20
evaluating individudal 8 - 9d1ccbbca21c8a53. Mean loss in evaluation epoch: 0.3170751631259918, epochs needed: 20
evaluating individudal 9 - aeb163b77bd51974. Mean loss in evaluation epoch: 0.3166295886039734, epochs needed: 20
evaluating individudal 10 - 7ba5ad18c61eb3cb. Mean loss in evaluation epoch: 0.3174130618572235, epochs needed: 20
evaluating individudal 11 - 9c7a5d7703b08a25. Mean loss in evaluation epoch: 0.31663867831230164, epochs needed: 20
evaluating individudal 12 - 89a7962316acda4f. Mean loss in evaluation epoch: 0.32263168692588806, epochs needed: 20
evaluating individudal 13 - bf6705bfbc809b22. Mean loss in evaluation epoch: 0.31829574704170227, epochs needed: 20
evaluating individudal 14 - bfe4f6df23651bf5. Mean loss in evaluation epoch: 0.3169165253639221, epochs needed: 20
evaluating individudal 15 - 36ae7e049c62b469. Mean loss in evaluation epoch: 0.3179047405719757, epochs needed: 20
evaluating individudal 0 - 8ee3137a3b4426bd. Mean loss in evaluation epoch: 0.31580057740211487, epochs needed: 20
evaluating individudal 1 - e1c6f33f797a65c8. Mean loss in evaluation epoch: 0.3156181275844574, epochs needed: 20
evaluating individudal 2 - 50de621a2f197d7f. Mean loss in evaluation epoch: 0.3162582218647003, epochs needed: 20
evaluating individudal 3 - 701d11fd11aa4054. Mean loss in evaluation epoch: 0.31679007411003113, epochs needed: 20
evaluating individudal 4 - 8f5a0c76e26b1e4c. Mean loss in evaluation epoch: 0.3167494833469391, epochs needed: 20
evaluating individudal 5 - 18d406b729072983. Mean loss in evaluation epoch: 0.31641077995300293, epochs needed: 20
evaluating individudal 6 - 203bd72214a7442f. Mean loss in evaluation epoch: 0.3176301419734955, epochs needed: 20
evaluating individudal 7 - 324ec897fbdad656. Mean loss in evaluation epoch: 0.3175128102302551, epochs needed: 20
Round 10 done. -----------------------------------------
------------------------- TRACKING ---------------------------
Matrix Hash: e1c6f33f797a65c8, num_times_seen_before: 1
ACC: 0.736842105263158
TPR/FPR: 0.9722222222222222, 0.3181818181818182
Loss: 0.3156181275844574
Timestamp: 1307.019814649
---------------------------------------------------------------
evaluating individudal 0 - fb40a2b43e198044. Mean loss in evaluation epoch: 0.31717154383659363, epochs needed: 20
evaluating individudal 1 - 2968bf5574278c1b. Mean loss in evaluation epoch: 0.31704485416412354, epochs needed: 20
evaluating individudal 2 - 545d7a8afa4f16f2. Mean loss in evaluation epoch: 0.3169446587562561, epochs needed: 20
evaluating individudal 3 - d84340b4006ba9b1. Mean loss in evaluation epoch: 0.3169075846672058, epochs needed: 20
evaluating individudal 4 - 653d5900dfeccad2. Mean loss in evaluation epoch: 0.32294347882270813, epochs needed: 20
evaluating individudal 5 - e47a7d996789b1be. Mean loss in evaluation epoch: 0.32300353050231934, epochs needed: 20
evaluating individudal 6 - a2d9a1eac67fa776. Mean loss in evaluation epoch: 0.3183382451534271, epochs needed: 20
evaluating individudal 7 - 7fd02753f202573d. Mean loss in evaluation epoch: 0.3167420029640198, epochs needed: 20
evaluating individudal 8 - 328f972dfb2599d6. Mean loss in evaluation epoch: 0.32366111874580383, epochs needed: 20
evaluating individudal 9 - 28d6d7e998593636. Mean loss in evaluation epoch: 0.31760236620903015, epochs needed: 20
evaluating individudal 10 - b0abd501b4cfdc01. Mean loss in evaluation epoch: 0.31977781653404236, epochs needed: 20
evaluating individudal 11 - 3e71828a49ac84a5. Mean loss in evaluation epoch: 0.31751635670661926, epochs needed: 20
evaluating individudal 12 - 498531352e8e814a. Mean loss in evaluation epoch: 0.3170540928840637, epochs needed: 20
evaluating individudal 13 - 85dd2cea7fe68a09. Mean loss in evaluation epoch: 0.31729656457901, epochs needed: 20
evaluating individudal 14 - 990dc5035a546d4b. Mean loss in evaluation epoch: 0.3172350227832794, epochs needed: 20
evaluating individudal 15 - cd337346fb15340b. Mean loss in evaluation epoch: 0.31654462218284607, epochs needed: 20
evaluating individudal 0 - e1c6f33f797a65c8. Mean loss in evaluation epoch: 0.3166460394859314, epochs needed: 20
evaluating individudal 1 - 8ee3137a3b4426bd. Mean loss in evaluation epoch: 0.31622353196144104, epochs needed: 20
evaluating individudal 2 - 50de621a2f197d7f. Mean loss in evaluation epoch: 0.3158530592918396, epochs needed: 20
evaluating individudal 3 - 18d406b729072983. Mean loss in evaluation epoch: 0.31616926193237305, epochs needed: 20
evaluating individudal 4 - aeb163b77bd51974. Mean loss in evaluation epoch: 0.31684306263923645, epochs needed: 20
evaluating individudal 5 - 9c7a5d7703b08a25. Mean loss in evaluation epoch: 0.31726428866386414, epochs needed: 20
evaluating individudal 6 - 85c07395cf18a1af. Mean loss in evaluation epoch: 0.31668341159820557, epochs needed: 20
evaluating individudal 7 - 8f5a0c76e26b1e4c. Mean loss in evaluation epoch: 0.3158133924007416, epochs needed: 20
Round 11 done. -----------------------------------------
------------------------- TRACKING ---------------------------
Matrix Hash: 8f5a0c76e26b1e4c, num_times_seen_before: 1
ACC: 0.7052631578947368
TPR/FPR: 1.0, 0.36363636363636365
Loss: 0.3158133924007416
Timestamp: 1436.409298113
---------------------------------------------------------------
evaluating individudal 0 - 7360a653c5363a2a. Mean loss in evaluation epoch: 0.31871992349624634, epochs needed: 20
evaluating individudal 1 - 6c5a2da967291b18. Mean loss in evaluation epoch: 0.3167875111103058, epochs needed: 20
evaluating individudal 2 - 2190c1bc506f4653. Mean loss in evaluation epoch: 0.31646591424942017, epochs needed: 20
evaluating individudal 3 - 31213e62bcb45035. Mean loss in evaluation epoch: 0.31992119550704956, epochs needed: 20
evaluating individudal 4 - 2c099f052ed43fa7. Mean loss in evaluation epoch: 0.3170528709888458, epochs needed: 20
evaluating individudal 5 - 74af2e0cf1664829. Mean loss in evaluation epoch: 0.3171998858451843, epochs needed: 20
evaluating individudal 6 - a4b7fb53b5dcee7d. Mean loss in evaluation epoch: 0.3172316551208496, epochs needed: 20
evaluating individudal 7 - 70a0d100850d1c30. Mean loss in evaluation epoch: 0.3187238872051239, epochs needed: 20
evaluating individudal 8 - 38dfc6f7eba7f4ef. Mean loss in evaluation epoch: 0.31608837842941284, epochs needed: 20
evaluating individudal 9 - bf3bb71c9fe189f0. Mean loss in evaluation epoch: 0.31815391778945923, epochs needed: 20
evaluating individudal 10 - cfa39c65c7293b53. Mean loss in evaluation epoch: 0.31630271673202515, epochs needed: 20
evaluating individudal 11 - b044f34cc3a1246a. Mean loss in evaluation epoch: 0.3174709379673004, epochs needed: 20
evaluating individudal 12 - 3dfffe9dbadffea8. Mean loss in evaluation epoch: 0.32190653681755066, epochs needed: 20
evaluating individudal 13 - 829ccc6077f174d2. Mean loss in evaluation epoch: 0.3168456554412842, epochs needed: 20
evaluating individudal 14 - 372f53478c1a8cc3. Mean loss in evaluation epoch: 0.3165349066257477, epochs needed: 20
evaluating individudal 15 - 8a7a0873f30f4dee. Mean loss in evaluation epoch: 0.3166874349117279, epochs needed: 20
evaluating individudal 0 - 8f5a0c76e26b1e4c. Mean loss in evaluation epoch: 0.31604984402656555, epochs needed: 20
evaluating individudal 1 - 50de621a2f197d7f. Mean loss in evaluation epoch: 0.3161736726760864, epochs needed: 20
evaluating individudal 2 - 18d406b729072983. Mean loss in evaluation epoch: 0.31624650955200195, epochs needed: 20
evaluating individudal 3 - 8ee3137a3b4426bd. Mean loss in evaluation epoch: 0.3168085217475891, epochs needed: 20
evaluating individudal 4 - cd337346fb15340b. Mean loss in evaluation epoch: 0.3165799677371979, epochs needed: 20
evaluating individudal 5 - e1c6f33f797a65c8. Mean loss in evaluation epoch: 0.31668874621391296, epochs needed: 20
evaluating individudal 6 - 85c07395cf18a1af. Mean loss in evaluation epoch: 0.31658872961997986, epochs needed: 20
evaluating individudal 7 - 7fd02753f202573d. Mean loss in evaluation epoch: 0.3172859847545624, epochs needed: 20
Round 12 done. -----------------------------------------
------------------------- TRACKING ---------------------------
Matrix Hash: 8f5a0c76e26b1e4c, num_times_seen_before: 2
ACC: 0.7052631578947368
TPR/FPR: 1.0, 0.36363636363636365
Loss: 0.31604984402656555
Timestamp: 1562.818557616
---------------------------------------------------------------
evaluating individudal 0 - 427ed29b783cd6f6. Mean loss in evaluation epoch: 0.31951069831848145, epochs needed: 20
evaluating individudal 1 - b57cbcd490b94adc. Mean loss in evaluation epoch: 0.318398654460907, epochs needed: 20
evaluating individudal 2 - e39d58288b586dc8. Mean loss in evaluation epoch: 0.31845125555992126, epochs needed: 20
evaluating individudal 3 - e54593807163feda. Mean loss in evaluation epoch: 0.3163854479789734, epochs needed: 20
evaluating individudal 4 - deefb2cabb307433. Mean loss in evaluation epoch: 0.31717878580093384, epochs needed: 20
evaluating individudal 5 - 0bc0ef3335623a25. Mean loss in evaluation epoch: 0.3212214708328247, epochs needed: 20
evaluating individudal 6 - 26402785d0aec3fd. Mean loss in evaluation epoch: 0.3186323046684265, epochs needed: 20
evaluating individudal 7 - caf80bb84f9825c7. Mean loss in evaluation epoch: 0.31808891892433167, epochs needed: 20
evaluating individudal 8 - e38b5fa114110b79. Mean loss in evaluation epoch: 0.31803497672080994, epochs needed: 20
evaluating individudal 9 - dad944fa947a8a3c. Mean loss in evaluation epoch: 0.31737396121025085, epochs needed: 20
evaluating individudal 10 - d0e6c3335369d07f. Mean loss in evaluation epoch: 0.3185257613658905, epochs needed: 20
evaluating individudal 11 - ecd9b1d6cf529ff7. Mean loss in evaluation epoch: 0.31650009751319885, epochs needed: 20
evaluating individudal 12 - b2199ffa9f89fc97. Mean loss in evaluation epoch: 0.31770774722099304, epochs needed: 20
evaluating individudal 13 - 97d56bbc4afc6e26. Mean loss in evaluation epoch: 0.3196467459201813, epochs needed: 20
evaluating individudal 14 - 35e5b21d702012c2. Mean loss in evaluation epoch: 0.31647416949272156, epochs needed: 20
evaluating individudal 15 - ee31a8ec50c542b8. Mean loss in evaluation epoch: 0.3173903524875641, epochs needed: 20
evaluating individudal 0 - 8f5a0c76e26b1e4c. Mean loss in evaluation epoch: 0.316807359457016, epochs needed: 20
evaluating individudal 1 - 38dfc6f7eba7f4ef. Mean loss in evaluation epoch: 0.31632328033447266, epochs needed: 20
evaluating individudal 2 - 50de621a2f197d7f. Mean loss in evaluation epoch: 0.31576889753341675, epochs needed: 20
evaluating individudal 3 - 18d406b729072983. Mean loss in evaluation epoch: 0.31652137637138367, epochs needed: 20
evaluating individudal 4 - cfa39c65c7293b53. Mean loss in evaluation epoch: 0.3164663314819336, epochs needed: 20
evaluating individudal 5 - 2190c1bc506f4653. Mean loss in evaluation epoch: 0.3164322078227997, epochs needed: 20
evaluating individudal 6 - 372f53478c1a8cc3. Mean loss in evaluation epoch: 0.31744351983070374, epochs needed: 20
evaluating individudal 7 - cd337346fb15340b. Mean loss in evaluation epoch: 0.31637316942214966, epochs needed: 20
Round 13 done. -----------------------------------------
------------------------- TRACKING ---------------------------
Matrix Hash: 50de621a2f197d7f, num_times_seen_before: 1
ACC: 0.736842105263158
TPR/FPR: 1.0, 0.3246753246753247
Loss: 0.31576889753341675
Timestamp: 1689.893861544
---------------------------------------------------------------
evaluating individudal 0 - a03636524a65da13. Mean loss in evaluation epoch: 0.3163384199142456, epochs needed: 20
evaluating individudal 1 - 34957b0ac78cba37. Mean loss in evaluation epoch: 0.31642547249794006, epochs needed: 20
evaluating individudal 2 - 7b87570bbac7bc49. Mean loss in evaluation epoch: 0.3190653622150421, epochs needed: 20
evaluating individudal 3 - 571c24d7bfd6dc04. Mean loss in evaluation epoch: 0.32013243436813354, epochs needed: 20
evaluating individudal 4 - c6b9e6a1518c876d. Mean loss in evaluation epoch: 0.3173545300960541, epochs needed: 20
evaluating individudal 5 - afe0afd8b932187c. Mean loss in evaluation epoch: 0.3210737407207489, epochs needed: 20
evaluating individudal 6 - 3ad8721f2ff4391b. Mean loss in evaluation epoch: 0.3165675401687622, epochs needed: 20
evaluating individudal 7 - cf08c41f3e4fdd8c. Mean loss in evaluation epoch: 0.31677544116973877, epochs needed: 20
evaluating individudal 8 - 7ec490816d153c43. Mean loss in evaluation epoch: 0.31614887714385986, epochs needed: 20
evaluating individudal 9 - 46f9f5bb10e9d289. Mean loss in evaluation epoch: 0.31605347990989685, epochs needed: 20
evaluating individudal 10 - b9c3bb57485404ad. Mean loss in evaluation epoch: 0.31642621755599976, epochs needed: 20
evaluating individudal 11 - 4bfd4d6865da56ac. Mean loss in evaluation epoch: 0.3179692029953003, epochs needed: 20
evaluating individudal 12 - 060fd728fbcdc9ac. Mean loss in evaluation epoch: 0.3158804178237915, epochs needed: 20
evaluating individudal 13 - e8c8ff754efa80c6. Mean loss in evaluation epoch: 0.3165794610977173, epochs needed: 20
evaluating individudal 14 - 045a97ceb59a5548. Mean loss in evaluation epoch: 0.3176836669445038, epochs needed: 20
evaluating individudal 15 - 9211843ab5ad6bbe. Mean loss in evaluation epoch: 0.3196703791618347, epochs needed: 20
evaluating individudal 0 - 50de621a2f197d7f. Mean loss in evaluation epoch: 0.3162323534488678, epochs needed: 20
evaluating individudal 1 - 38dfc6f7eba7f4ef. Mean loss in evaluation epoch: 0.3162398040294647, epochs needed: 20
evaluating individudal 2 - cd337346fb15340b. Mean loss in evaluation epoch: 0.3166328966617584, epochs needed: 20
evaluating individudal 3 - e54593807163feda. Mean loss in evaluation epoch: 0.31782859563827515, epochs needed: 20
evaluating individudal 4 - 2190c1bc506f4653. Mean loss in evaluation epoch: 0.3166976571083069, epochs needed: 20
evaluating individudal 5 - cfa39c65c7293b53. Mean loss in evaluation epoch: 0.3172752261161804, epochs needed: 20
evaluating individudal 6 - 35e5b21d702012c2. Mean loss in evaluation epoch: 0.3169397711753845, epochs needed: 20
evaluating individudal 7 - ecd9b1d6cf529ff7. Mean loss in evaluation epoch: 0.31658416986465454, epochs needed: 20
Round 14 done. -----------------------------------------
------------------------- TRACKING ---------------------------
Matrix Hash: 060fd728fbcdc9ac, num_times_seen_before: 0
ACC: 0.7736842105263158
TPR/FPR: 0.9722222222222222, 0.2727272727272727
Loss: 0.3158804178237915
Timestamp: 1821.244692437
---------------------------------------------------------------
evaluating individudal 0 - f1d8cf586c95051f. Mean loss in evaluation epoch: 0.3174549341201782, epochs needed: 20
evaluating individudal 1 - 599ebf1a22de6869. Mean loss in evaluation epoch: 0.31762048602104187, epochs needed: 20
evaluating individudal 2 - 924d5a71321fd184. Mean loss in evaluation epoch: 0.3199794888496399, epochs needed: 20
evaluating individudal 3 - 5fb8f7cf2f2dc8e5. Mean loss in evaluation epoch: 0.31681588292121887, epochs needed: 20
evaluating individudal 4 - bb32c7d572509f60. Mean loss in evaluation epoch: 0.3163546919822693, epochs needed: 20
evaluating individudal 5 - 48eb9dd0b583177f. Mean loss in evaluation epoch: 0.31623002886772156, epochs needed: 20
evaluating individudal 6 - de0031ba097fca61. Mean loss in evaluation epoch: 0.3152718245983124, epochs needed: 20
evaluating individudal 7 - 6e78306a92d4695d. Mean loss in evaluation epoch: 0.31726202368736267, epochs needed: 20
evaluating individudal 8 - 8262733fb0a7ae04. Mean loss in evaluation epoch: 0.322759211063385, epochs needed: 20
evaluating individudal 9 - 04e8bd834dd78554. Mean loss in evaluation epoch: 0.3193526268005371, epochs needed: 20
evaluating individudal 10 - 8f73c757b94b68d8. Mean loss in evaluation epoch: 0.31702762842178345, epochs needed: 20
evaluating individudal 11 - 6c08aa1465615171. Mean loss in evaluation epoch: 0.3210347294807434, epochs needed: 20
evaluating individudal 12 - 1c7e6ae7ab833881. Mean loss in evaluation epoch: 0.32222357392311096, epochs needed: 20
evaluating individudal 13 - 15fe724ff150a994. Mean loss in evaluation epoch: 0.3174121677875519, epochs needed: 20
evaluating individudal 14 - 1ff5635a616a6f78. Mean loss in evaluation epoch: 0.3165101408958435, epochs needed: 20
evaluating individudal 15 - ca7b60d4b3193a9f. Mean loss in evaluation epoch: 0.31672194600105286, epochs needed: 20
evaluating individudal 0 - 060fd728fbcdc9ac. Mean loss in evaluation epoch: 0.3168983459472656, epochs needed: 20
evaluating individudal 1 - 46f9f5bb10e9d289. Mean loss in evaluation epoch: 0.316736102104187, epochs needed: 20
evaluating individudal 2 - 7ec490816d153c43. Mean loss in evaluation epoch: 0.31674453616142273, epochs needed: 20
evaluating individudal 3 - 50de621a2f197d7f. Mean loss in evaluation epoch: 0.31662020087242126, epochs needed: 20
evaluating individudal 4 - 38dfc6f7eba7f4ef. Mean loss in evaluation epoch: 0.3163776993751526, epochs needed: 20
evaluating individudal 5 - a03636524a65da13. Mean loss in evaluation epoch: 0.3164368271827698, epochs needed: 20
evaluating individudal 6 - 34957b0ac78cba37. Mean loss in evaluation epoch: 0.31621798872947693, epochs needed: 20
evaluating individudal 7 - b9c3bb57485404ad. Mean loss in evaluation epoch: 0.3158688247203827, epochs needed: 20
Round 15 done. -----------------------------------------
------------------------- TRACKING ---------------------------
Matrix Hash: de0031ba097fca61, num_times_seen_before: 0
ACC: 0.8368421052631578
TPR/FPR: 0.9444444444444444, 0.18831168831168832
Loss: 0.3152718245983124
Timestamp: 1948.4309711229998
---------------------------------------------------------------
evaluating individudal 0 - e423e452b689e6c3. Mean loss in evaluation epoch: 0.31832507252693176, epochs needed: 20
evaluating individudal 1 - 6536be6bfd1a374b. Mean loss in evaluation epoch: 0.3175157904624939, epochs needed: 20
evaluating individudal 2 - 9d815ae3096edb91. Mean loss in evaluation epoch: 0.3162537217140198, epochs needed: 20
evaluating individudal 3 - b844b9d28a32f2cb. Mean loss in evaluation epoch: 0.31678205728530884, epochs needed: 20
evaluating individudal 4 - e21e8c24dd3b1850. Mean loss in evaluation epoch: 0.32003501057624817, epochs needed: 20
evaluating individudal 5 - 1f6861d606cf7114. Mean loss in evaluation epoch: 0.3222857117652893, epochs needed: 20
evaluating individudal 6 - 34be0543c69da4b9. Mean loss in evaluation epoch: 0.3162235915660858, epochs needed: 20
evaluating individudal 7 - c5d732ebc83f6c69. Mean loss in evaluation epoch: 0.3188438415527344, epochs needed: 20
evaluating individudal 8 - 57f707586e4e9382. Mean loss in evaluation epoch: 0.3163398206233978, epochs needed: 20
evaluating individudal 9 - 629b1c5dc6f68b4c. Mean loss in evaluation epoch: 0.3183465600013733, epochs needed: 20
evaluating individudal 10 - 0b6be49add4d5754. Mean loss in evaluation epoch: 0.3173025846481323, epochs needed: 20
evaluating individudal 11 - c39a06888770b8a4. Mean loss in evaluation epoch: 0.3166031539440155, epochs needed: 20
evaluating individudal 12 - feb56c5b6807e4b0. Mean loss in evaluation epoch: 0.3201669156551361, epochs needed: 20
evaluating individudal 13 - 421be5c8c7ad71b7. Mean loss in evaluation epoch: 0.31889647245407104, epochs needed: 20
evaluating individudal 14 - cafb1c3654c7e0f6. Mean loss in evaluation epoch: 0.31675541400909424, epochs needed: 20
evaluating individudal 15 - 24d832eb79027c25. Mean loss in evaluation epoch: 0.31786680221557617, epochs needed: 20
evaluating individudal 0 - de0031ba097fca61. Mean loss in evaluation epoch: 0.3167763650417328, epochs needed: 20
evaluating individudal 1 - b9c3bb57485404ad. Mean loss in evaluation epoch: 0.31581154465675354, epochs needed: 20
evaluating individudal 2 - 34957b0ac78cba37. Mean loss in evaluation epoch: 0.3164800703525543, epochs needed: 20
evaluating individudal 3 - 48eb9dd0b583177f. Mean loss in evaluation epoch: 0.31655409932136536, epochs needed: 20
evaluating individudal 4 - bb32c7d572509f60. Mean loss in evaluation epoch: 0.31652241945266724, epochs needed: 20
evaluating individudal 5 - 38dfc6f7eba7f4ef. Mean loss in evaluation epoch: 0.31716230511665344, epochs needed: 20
evaluating individudal 6 - a03636524a65da13. Mean loss in evaluation epoch: 0.31709498167037964, epochs needed: 20
evaluating individudal 7 - 1ff5635a616a6f78. Mean loss in evaluation epoch: 0.31597521901130676, epochs needed: 20
Round 16 done. -----------------------------------------
------------------------- TRACKING ---------------------------
Matrix Hash: b9c3bb57485404ad, num_times_seen_before: 0
ACC: 0.7947368421052632
TPR/FPR: 0.9444444444444444, 0.24025974025974026
Loss: 0.31581154465675354
Timestamp: 2077.391939869
---------------------------------------------------------------
evaluating individudal 0 - 71ccb4f0997cbd1a. Mean loss in evaluation epoch: 0.3183403015136719, epochs needed: 20
evaluating individudal 1 - 519b869cfd496008. Mean loss in evaluation epoch: 0.3168344795703888, epochs needed: 20
evaluating individudal 2 - cda5fb15a8b65ae4. Mean loss in evaluation epoch: 0.31762877106666565, epochs needed: 20
evaluating individudal 3 - 8529a7b0e0d86d3b. Mean loss in evaluation epoch: 0.3178669214248657, epochs needed: 20
evaluating individudal 4 - 6562bfe61d114dfd. Mean loss in evaluation epoch: 0.31989309191703796, epochs needed: 20
evaluating individudal 5 - 7d7209b1c7eb1ece. Mean loss in evaluation epoch: 0.3171233534812927, epochs needed: 20
evaluating individudal 6 - 820258c83c4d4c60. Mean loss in evaluation epoch: 0.316533625125885, epochs needed: 20
evaluating individudal 7 - 1cc26dee1e9812d2. Mean loss in evaluation epoch: 0.31784534454345703, epochs needed: 20
evaluating individudal 8 - 8a7c0b7e45ac1e28. Mean loss in evaluation epoch: 0.3162151277065277, epochs needed: 20
evaluating individudal 9 - 9f57675573c6f351. Mean loss in evaluation epoch: 0.31759482622146606, epochs needed: 20
evaluating individudal 10 - 3ddf70e19f418fe3. Mean loss in evaluation epoch: 0.31757768988609314, epochs needed: 20
evaluating individudal 11 - 7ac2b10adf4a9e65. Mean loss in evaluation epoch: 0.3254234194755554, epochs needed: 20
evaluating individudal 12 - ec0bfecfc6460384. Mean loss in evaluation epoch: 0.32281896471977234, epochs needed: 20
evaluating individudal 13 - 53cf4029e9e4e014. Mean loss in evaluation epoch: 0.3168870210647583, epochs needed: 20
evaluating individudal 14 - 1eb3c1fc19187025. Mean loss in evaluation epoch: 0.3189854919910431, epochs needed: 20
evaluating individudal 15 - 8b47f10df0214230. Mean loss in evaluation epoch: 0.317469984292984, epochs needed: 20
evaluating individudal 0 - b9c3bb57485404ad. Mean loss in evaluation epoch: 0.31785768270492554, epochs needed: 20
evaluating individudal 1 - 1ff5635a616a6f78. Mean loss in evaluation epoch: 0.3182106018066406, epochs needed: 20
evaluating individudal 2 - 34be0543c69da4b9. Mean loss in evaluation epoch: 0.3156486451625824, epochs needed: 20
evaluating individudal 3 - 9d815ae3096edb91. Mean loss in evaluation epoch: 0.3161095678806305, epochs needed: 20
evaluating individudal 4 - 57f707586e4e9382. Mean loss in evaluation epoch: 0.31704458594322205, epochs needed: 20
evaluating individudal 5 - 34957b0ac78cba37. Mean loss in evaluation epoch: 0.31608620285987854, epochs needed: 20
evaluating individudal 6 - bb32c7d572509f60. Mean loss in evaluation epoch: 0.31636688113212585, epochs needed: 20
evaluating individudal 7 - 48eb9dd0b583177f. Mean loss in evaluation epoch: 0.31641024351119995, epochs needed: 20
Round 17 done. -----------------------------------------
------------------------- TRACKING ---------------------------
Matrix Hash: 34be0543c69da4b9, num_times_seen_before: 0
ACC: 0.7842105263157895
TPR/FPR: 0.9444444444444444, 0.2532467532467532
Loss: 0.3156486451625824
Timestamp: 2206.745360159
---------------------------------------------------------------
evaluating individudal 0 - b3ee489ebfbe18a0. Mean loss in evaluation epoch: 0.31799525022506714, epochs needed: 20
evaluating individudal 1 - ea665a6702e459b5. Mean loss in evaluation epoch: 0.31747379899024963, epochs needed: 20
evaluating individudal 2 - 557c7cf22d520acb. Mean loss in evaluation epoch: 0.31791460514068604, epochs needed: 20
evaluating individudal 3 - 12fe820a4ece38a6. Mean loss in evaluation epoch: 0.3200985789299011, epochs needed: 20
evaluating individudal 4 - 946ec730cbd960cc. Mean loss in evaluation epoch: 0.31772977113723755, epochs needed: 20
evaluating individudal 5 - fd5b4611f3bb922f. Mean loss in evaluation epoch: 0.31693702936172485, epochs needed: 20
evaluating individudal 6 - f722d755eda9c62d. Mean loss in evaluation epoch: 0.3226299285888672, epochs needed: 20
evaluating individudal 7 - 1d8c0fed73f79bdb. Mean loss in evaluation epoch: 0.31839606165885925, epochs needed: 20
evaluating individudal 8 - e6382b4df4f69a0e. Mean loss in evaluation epoch: 0.3183656930923462, epochs needed: 20
evaluating individudal 9 - 79535cfdc4372495. Mean loss in evaluation epoch: 0.3174317181110382, epochs needed: 20
evaluating individudal 10 - b6184680a1c818af. Mean loss in evaluation epoch: 0.3173215091228485, epochs needed: 20
evaluating individudal 11 - ae0437bea37ae9e1. Mean loss in evaluation epoch: 0.31810134649276733, epochs needed: 20
evaluating individudal 12 - f4f22085bb0f910e. Mean loss in evaluation epoch: 0.3164348006248474, epochs needed: 20
evaluating individudal 13 - 16164bafb8682edb. Mean loss in evaluation epoch: 0.3180849850177765, epochs needed: 20
evaluating individudal 14 - 3c760c5d7f2975be. Mean loss in evaluation epoch: 0.319670706987381, epochs needed: 20
evaluating individudal 15 - 728b3abd0e6feccb. Mean loss in evaluation epoch: 0.320438951253891, epochs needed: 20
evaluating individudal 0 - 34be0543c69da4b9. Mean loss in evaluation epoch: 0.3154769539833069, epochs needed: 20
evaluating individudal 1 - 34957b0ac78cba37. Mean loss in evaluation epoch: 0.31708648800849915, epochs needed: 20
evaluating individudal 2 - 9d815ae3096edb91. Mean loss in evaluation epoch: 0.315920889377594, epochs needed: 20
evaluating individudal 3 - 8a7c0b7e45ac1e28. Mean loss in evaluation epoch: 0.3159659802913666, epochs needed: 20
evaluating individudal 4 - bb32c7d572509f60. Mean loss in evaluation epoch: 0.31620949506759644, epochs needed: 20
evaluating individudal 5 - 48eb9dd0b583177f. Mean loss in evaluation epoch: 0.31717029213905334, epochs needed: 20
evaluating individudal 6 - 820258c83c4d4c60. Mean loss in evaluation epoch: 0.31753602623939514, epochs needed: 20
evaluating individudal 7 - 519b869cfd496008. Mean loss in evaluation epoch: 0.31695377826690674, epochs needed: 20
Round 18 done. -----------------------------------------
------------------------- TRACKING ---------------------------
Matrix Hash: 34be0543c69da4b9, num_times_seen_before: 1
ACC: 0.7842105263157895
TPR/FPR: 0.9444444444444444, 0.2532467532467532
Loss: 0.3154769539833069
Timestamp: 2331.3704485
---------------------------------------------------------------
evaluating individudal 0 - 2b6cb6db5c8fbb17. Mean loss in evaluation epoch: 0.31655535101890564, epochs needed: 20
evaluating individudal 1 - 8f2793c4fbebb8ab. Mean loss in evaluation epoch: 0.31586456298828125, epochs needed: 20
evaluating individudal 2 - 9b37e56ef35976d5. Mean loss in evaluation epoch: 0.3161861002445221, epochs needed: 20
evaluating individudal 3 - e991f0df966e9c16. Mean loss in evaluation epoch: 0.31687426567077637, epochs needed: 20
evaluating individudal 4 - 34088ac6a6797e1d. Mean loss in evaluation epoch: 0.3177780508995056, epochs needed: 20
evaluating individudal 5 - a988ac0253af5142. Mean loss in evaluation epoch: 0.31548184156417847, epochs needed: 20
evaluating individudal 6 - 26923cb1a701aaab. Mean loss in evaluation epoch: 0.3169126510620117, epochs needed: 20
evaluating individudal 7 - 60bbee3e5be3a363. Mean loss in evaluation epoch: 0.31762388348579407, epochs needed: 20
evaluating individudal 8 - 8e13bc5e3cac34d6. Mean loss in evaluation epoch: 0.3182792067527771, epochs needed: 20
evaluating individudal 9 - 6e94c235b1759d15. Mean loss in evaluation epoch: 0.32037800550460815, epochs needed: 20
evaluating individudal 10 - ebee701de0150069. Mean loss in evaluation epoch: 0.31672990322113037, epochs needed: 20
evaluating individudal 11 - 3998ca1152aaa20a. Mean loss in evaluation epoch: 0.3174201548099518, epochs needed: 20
evaluating individudal 12 - 02b47224fc5a0108. Mean loss in evaluation epoch: 0.31862831115722656, epochs needed: 20
evaluating individudal 13 - ae656ab1ccabc6b2. Mean loss in evaluation epoch: 0.3177889883518219, epochs needed: 20
evaluating individudal 14 - 732403fd23445bc4. Mean loss in evaluation epoch: 0.31754544377326965, epochs needed: 20
evaluating individudal 15 - ab1d1bf8e858e57e. Mean loss in evaluation epoch: 0.3186899423599243, epochs needed: 20
evaluating individudal 0 - 34be0543c69da4b9. Mean loss in evaluation epoch: 0.3155974745750427, epochs needed: 20
evaluating individudal 1 - 9d815ae3096edb91. Mean loss in evaluation epoch: 0.31642353534698486, epochs needed: 20
evaluating individudal 2 - 8a7c0b7e45ac1e28. Mean loss in evaluation epoch: 0.3164178729057312, epochs needed: 20
evaluating individudal 3 - bb32c7d572509f60. Mean loss in evaluation epoch: 0.31610479950904846, epochs needed: 20
evaluating individudal 4 - f4f22085bb0f910e. Mean loss in evaluation epoch: 0.31694477796554565, epochs needed: 20
evaluating individudal 5 - fd5b4611f3bb922f. Mean loss in evaluation epoch: 0.317444771528244, epochs needed: 20
evaluating individudal 6 - 519b869cfd496008. Mean loss in evaluation epoch: 0.317306250333786, epochs needed: 20
evaluating individudal 7 - 34957b0ac78cba37. Mean loss in evaluation epoch: 0.3162856101989746, epochs needed: 20
Round 19 done. -----------------------------------------
------------------------- TRACKING ---------------------------
Matrix Hash: a988ac0253af5142, num_times_seen_before: 0
ACC: 0.8210526315789474
TPR/FPR: 0.8888888888888888, 0.19480519480519481
Loss: 0.31548184156417847
Timestamp: 2459.532813591
---------------------------------------------------------------
evaluating individudal 0 - 40b073f14e363bb4. Mean loss in evaluation epoch: 0.31632673740386963, epochs needed: 20
evaluating individudal 1 - ec84cce95534b5c3. Mean loss in evaluation epoch: 0.3252546191215515, epochs needed: 20
evaluating individudal 2 - 5f345f9c58879fc7. Mean loss in evaluation epoch: 0.3191669285297394, epochs needed: 20
evaluating individudal 3 - da713bb73b4df706. Mean loss in evaluation epoch: 0.31720730662345886, epochs needed: 20
evaluating individudal 4 - 4a83468eddb33b9a. Mean loss in evaluation epoch: 0.3158436417579651, epochs needed: 20
evaluating individudal 5 - 7926a113ec82d372. Mean loss in evaluation epoch: 0.3180542588233948, epochs needed: 20
evaluating individudal 6 - 21333e3157d351e5. Mean loss in evaluation epoch: 0.322824627161026, epochs needed: 20
evaluating individudal 7 - 6672a5b64fc77b77. Mean loss in evaluation epoch: 0.31833913922309875, epochs needed: 20
evaluating individudal 8 - a79b5cf40eb6c324. Mean loss in evaluation epoch: 0.3169037997722626, epochs needed: 20
evaluating individudal 9 - c01deb7d3015d7c0. Mean loss in evaluation epoch: 0.31750252842903137, epochs needed: 20
evaluating individudal 10 - 9e2cdd074e27b975. Mean loss in evaluation epoch: 0.31882479786872864, epochs needed: 20
evaluating individudal 11 - 6017e298d7db9817. Mean loss in evaluation epoch: 0.31721580028533936, epochs needed: 20
evaluating individudal 12 - 3a13c0d48ca7f9fe. Mean loss in evaluation epoch: 0.3187944293022156, epochs needed: 20
evaluating individudal 13 - 619d6a0dae27200f. Mean loss in evaluation epoch: 0.3236638605594635, epochs needed: 20
evaluating individudal 14 - 1142b5e9c0ab3a57. Mean loss in evaluation epoch: 0.31600192189216614, epochs needed: 20
evaluating individudal 15 - d2f5a05255a8c22b. Mean loss in evaluation epoch: 0.3180941343307495, epochs needed: 20
evaluating individudal 0 - a988ac0253af5142. Mean loss in evaluation epoch: 0.315621554851532, epochs needed: 20
evaluating individudal 1 - 34be0543c69da4b9. Mean loss in evaluation epoch: 0.31566163897514343, epochs needed: 20
evaluating individudal 2 - 8f2793c4fbebb8ab. Mean loss in evaluation epoch: 0.3158718943595886, epochs needed: 20
evaluating individudal 3 - bb32c7d572509f60. Mean loss in evaluation epoch: 0.31643950939178467, epochs needed: 20
evaluating individudal 4 - 9b37e56ef35976d5. Mean loss in evaluation epoch: 0.31579670310020447, epochs needed: 20
evaluating individudal 5 - 34957b0ac78cba37. Mean loss in evaluation epoch: 0.31602779030799866, epochs needed: 20
evaluating individudal 6 - 8a7c0b7e45ac1e28. Mean loss in evaluation epoch: 0.3169136643409729, epochs needed: 20
evaluating individudal 7 - 9d815ae3096edb91. Mean loss in evaluation epoch: 0.3159506320953369, epochs needed: 20
------------------------- TRACKING ---------------------------
Matrix Hash: a988ac0253af5142, num_times_seen_before: 1
ACC: 0.8210526315789474
TPR/FPR: 0.8888888888888888, 0.19480519480519481
Loss: 0.315621554851532
Timestamp: 2590.501327251
---------------------------------------------------------------
