../data/final/cml/timeseries_ba20_1k_4_restart.pickle
../data/final/edges_ba20.pickle
CONTINUATION: True
CONT_ADDRESS: ../GA/GA_logs/final/cml_ba20_1k_4_restart_shortcut_eval/2021-03-11T03_17_31.151794
SEED: 1
NUM_DYN_EPOCHS: 200
DETECT_EARLY_CONVERGENCE: False
USE_EVALEPOCH_FOR_GUIDED_MUTATION: True
USE_NODEWISE_LOSS: False
USE_DYNAMIC_STEPS: True
NUM_GEN: 20
DETERMINISTIC_EVAL: False
FREE WALK: False
EXPERIMENTS: 5
FORMAT: standard
num samples: 1000
NUM_TRAIN_SAMPLES: 1000
NUM_TRAIN_BATCHES: 10
NUM_TEST_SAMPLES: 1000
NUM_TEST_BATCHES: 10
BATCH_SIZE: 100
HIDDEN_SIZE: 128
NUM_DYN_EPOCHS: 200
IS_CONTINUOUS: True
USE_MAX: False

Generation 0
Mean loss in evaluation epoch: 0.10815750807523727, epochs needed: 200
------------------------- TRACKING ---------------------------
Matrix Hash: f858825d8f152304, num_times_seen_before: 0
ACC: 0.7631578947368421
TPR/FPR: 1.0, 0.2922077922077922
Loss: 0.10815750807523727
Timestamp: 0
---------------------------------------------------------------
[tensor([3, 4]), tensor([3, 6]), tensor([3, 9]), tensor([ 3, 12]), tensor([ 3, 17]), tensor([ 4, 15]), tensor([8, 9]), tensor([12, 17]), tensor([14, 15]), tensor([17, 18]), tensor([17, 19])]
Mean loss in evaluation epoch: 0.10758822411298752, epochs needed: 200
Accepting!

Generation 1
Mean loss in evaluation epoch: 0.10521787405014038, epochs needed: 200
------------------------- TRACKING ---------------------------
Matrix Hash: ba20e329a047ce7b, num_times_seen_before: 0
ACC: 0.7789473684210526
TPR/FPR: 0.8888888888888888, 0.24675324675324675
Loss: 0.10521787405014038
Timestamp: 133.889425748
---------------------------------------------------------------
[tensor([ 2, 13]), tensor([ 3, 17]), tensor([ 4, 14]), tensor([5, 9]), tensor([ 9, 13]), tensor([13, 14]), tensor([13, 16]), tensor([16, 17])]
Mean loss in evaluation epoch: 0.11121165752410889, epochs needed: 200
Rejecting!

Generation 2
Mean loss in evaluation epoch: 0.10780837386846542, epochs needed: 200
------------------------- TRACKING ---------------------------
Matrix Hash: ba20e329a047ce7b, num_times_seen_before: 1
ACC: 0.7789473684210526
TPR/FPR: 0.8888888888888888, 0.24675324675324675
Loss: 0.10780837386846542
Timestamp: 267.85835041999997
---------------------------------------------------------------
[tensor([ 1, 13]), tensor([2, 3]), tensor([ 2, 13]), tensor([ 2, 17]), tensor([ 2, 19]), tensor([4, 5]), tensor([5, 9]), tensor([ 5, 17]), tensor([ 7, 11]), tensor([ 9, 13]), tensor([11, 13]), tensor([13, 14]), tensor([13, 15]), tensor([14, 19]), tensor([16, 18])]
Mean loss in evaluation epoch: 0.10567420721054077, epochs needed: 200
Accepting!

Generation 3
Mean loss in evaluation epoch: 0.10658152401447296, epochs needed: 200
------------------------- TRACKING ---------------------------
Matrix Hash: 99a3759282b9dab2, num_times_seen_before: 0
ACC: 0.8368421052631578
TPR/FPR: 0.8611111111111112, 0.16883116883116883
Loss: 0.10658152401447296
Timestamp: 402.54261140799997
---------------------------------------------------------------
[tensor([ 2, 17]), tensor([ 4, 16]), tensor([ 4, 18]), tensor([ 5, 15]), tensor([ 5, 17]), tensor([ 9, 13]), tensor([11, 13]), tensor([11, 15]), tensor([13, 17]), tensor([16, 18])]
Mean loss in evaluation epoch: 0.10724037140607834, epochs needed: 200
Rejecting!

Generation 4
Mean loss in evaluation epoch: 0.10590998083353043, epochs needed: 200
------------------------- TRACKING ---------------------------
Matrix Hash: 99a3759282b9dab2, num_times_seen_before: 1
ACC: 0.8368421052631578
TPR/FPR: 0.8611111111111112, 0.16883116883116883
Loss: 0.10590998083353043
Timestamp: 537.425842404
---------------------------------------------------------------
[tensor([ 2, 17]), tensor([ 4, 14]), tensor([ 4, 16]), tensor([ 4, 18]), tensor([11, 13]), tensor([13, 17]), tensor([15, 17]), tensor([16, 18])]
Mean loss in evaluation epoch: 0.1101885586977005, epochs needed: 200
Rejecting!

Generation 5
Mean loss in evaluation epoch: 0.1054692268371582, epochs needed: 200
------------------------- TRACKING ---------------------------
Matrix Hash: 99a3759282b9dab2, num_times_seen_before: 2
ACC: 0.8368421052631578
TPR/FPR: 0.8611111111111112, 0.16883116883116883
Loss: 0.1054692268371582
Timestamp: 673.173983546
---------------------------------------------------------------
[tensor([ 2, 11]), tensor([ 2, 13]), tensor([ 2, 17]), tensor([ 4, 16]), tensor([ 4, 18]), tensor([5, 9]), tensor([ 5, 13]), tensor([ 5, 17]), tensor([ 9, 11]), tensor([ 9, 13]), tensor([11, 13]), tensor([11, 15]), tensor([13, 15]), tensor([16, 18])]
Mean loss in evaluation epoch: 0.10949455946683884, epochs needed: 200
Rejecting!

Generation 6
Mean loss in evaluation epoch: 0.10728263854980469, epochs needed: 200
------------------------- TRACKING ---------------------------
Matrix Hash: 99a3759282b9dab2, num_times_seen_before: 3
ACC: 0.8368421052631578
TPR/FPR: 0.8611111111111112, 0.16883116883116883
Loss: 0.10728263854980469
Timestamp: 808.011142238
---------------------------------------------------------------
[tensor([2, 9]), tensor([ 2, 17]), tensor([5, 8]), tensor([5, 9]), tensor([ 5, 11]), tensor([ 5, 13]), tensor([ 5, 17]), tensor([ 7, 11]), tensor([ 9, 11]), tensor([ 9, 17]), tensor([10, 17]), tensor([11, 13]), tensor([11, 15]), tensor([13, 15]), tensor([15, 17])]
Mean loss in evaluation epoch: 0.12963759899139404, epochs needed: 200
Rejecting!

Generation 7
Mean loss in evaluation epoch: 0.11221399158239365, epochs needed: 200
------------------------- TRACKING ---------------------------
Matrix Hash: 99a3759282b9dab2, num_times_seen_before: 4
ACC: 0.8368421052631578
TPR/FPR: 0.8611111111111112, 0.16883116883116883
Loss: 0.11221399158239365
Timestamp: 942.712011464
---------------------------------------------------------------
[tensor([2, 9]), tensor([ 2, 11]), tensor([ 2, 13]), tensor([ 2, 17]), tensor([5, 7]), tensor([5, 9]), tensor([ 5, 11]), tensor([ 5, 13]), tensor([ 5, 14]), tensor([ 5, 15]), tensor([ 5, 17]), tensor([ 8, 13]), tensor([ 9, 13]), tensor([ 9, 17]), tensor([11, 13]), tensor([12, 17]), tensor([13, 17]), tensor([15, 17])]
Mean loss in evaluation epoch: 0.11046325415372849, epochs needed: 200
Accepting!

Generation 8
Mean loss in evaluation epoch: 0.11887810379266739, epochs needed: 200
------------------------- TRACKING ---------------------------
Matrix Hash: 483730bce9deff0c, num_times_seen_before: 0
ACC: 0.7421052631578947
TPR/FPR: 0.8611111111111112, 0.2857142857142857
Loss: 0.11887810379266739
Timestamp: 1077.072967228
---------------------------------------------------------------
[tensor([ 1, 15]), tensor([ 1, 19]), tensor([3, 4]), tensor([ 3, 12]), tensor([4, 7]), tensor([ 4, 19]), tensor([5, 9]), tensor([ 5, 11]), tensor([ 5, 13]), tensor([ 5, 14]), tensor([ 5, 15]), tensor([ 5, 17]), tensor([ 9, 13]), tensor([10, 18]), tensor([10, 19]), tensor([13, 17]), tensor([14, 15]), tensor([14, 19]), tensor([15, 19])]
Mean loss in evaluation epoch: 0.1085631400346756, epochs needed: 200
Accepting!

Generation 9
Mean loss in evaluation epoch: 0.10900725424289703, epochs needed: 200
------------------------- TRACKING ---------------------------
Matrix Hash: 2cc1147ad8035f68, num_times_seen_before: 0
ACC: 0.7473684210526316
TPR/FPR: 0.9166666666666666, 0.2922077922077922
Loss: 0.10900725424289703
Timestamp: 1211.340019798
---------------------------------------------------------------
[tensor([0, 6]), tensor([3, 9]), tensor([ 3, 17]), tensor([ 4, 19]), tensor([5, 8]), tensor([5, 9]), tensor([ 5, 10]), tensor([ 5, 13]), tensor([ 5, 15]), tensor([ 5, 16]), tensor([ 5, 17]), tensor([ 5, 18]), tensor([6, 9]), tensor([ 6, 11]), tensor([ 6, 16]), tensor([ 6, 17]), tensor([ 8, 10]), tensor([ 9, 16]), tensor([11, 16]), tensor([14, 19])]
Mean loss in evaluation epoch: 0.11077787727117538, epochs needed: 200
Rejecting!

Generation 10
Mean loss in evaluation epoch: 0.10870552062988281, epochs needed: 200
------------------------- TRACKING ---------------------------
Matrix Hash: 2cc1147ad8035f68, num_times_seen_before: 1
ACC: 0.7473684210526316
TPR/FPR: 0.9166666666666666, 0.2922077922077922
Loss: 0.10870552062988281
Timestamp: 1346.397764716
---------------------------------------------------------------
[tensor([ 4, 18]), tensor([ 4, 19]), tensor([5, 8]), tensor([ 9, 19]), tensor([10, 18]), tensor([14, 15]), tensor([14, 19]), tensor([15, 17]), tensor([15, 19])]
Mean loss in evaluation epoch: 0.11284630745649338, epochs needed: 200
Rejecting!

Generation 11
Mean loss in evaluation epoch: 0.11761229485273361, epochs needed: 200
------------------------- TRACKING ---------------------------
Matrix Hash: 2cc1147ad8035f68, num_times_seen_before: 2
ACC: 0.7473684210526316
TPR/FPR: 0.9166666666666666, 0.2922077922077922
Loss: 0.11761229485273361
Timestamp: 1480.9704413759998
---------------------------------------------------------------
[tensor([0, 6]), tensor([ 0, 11]), tensor([ 0, 16]), tensor([1, 9]), tensor([ 1, 16]), tensor([ 1, 19]), tensor([ 4, 19]), tensor([5, 8]), tensor([5, 9]), tensor([ 5, 13]), tensor([ 5, 14]), tensor([ 5, 16]), tensor([ 5, 17]), tensor([ 5, 18]), tensor([6, 8]), tensor([6, 9]), tensor([ 6, 11]), tensor([ 6, 13]), tensor([ 6, 17]), tensor([7, 9]), tensor([ 7, 11]), tensor([ 8, 10]), tensor([ 8, 11]), tensor([ 9, 10]), tensor([ 9, 16]), tensor([11, 12]), tensor([11, 16]), tensor([13, 14]), tensor([16, 17]), tensor([16, 19])]
Mean loss in evaluation epoch: 0.1179860383272171, epochs needed: 200
Rejecting!

Generation 12
Mean loss in evaluation epoch: 0.11455114930868149, epochs needed: 200
------------------------- TRACKING ---------------------------
Matrix Hash: 2cc1147ad8035f68, num_times_seen_before: 3
ACC: 0.7473684210526316
TPR/FPR: 0.9166666666666666, 0.2922077922077922
Loss: 0.11455114930868149
Timestamp: 1615.4636417079998
---------------------------------------------------------------
[tensor([0, 6]), tensor([ 0, 10]), tensor([ 0, 11]), tensor([ 0, 16]), tensor([1, 8]), tensor([ 1, 16]), tensor([ 1, 19]), tensor([3, 4]), tensor([ 4, 19]), tensor([5, 8]), tensor([ 5, 11]), tensor([ 5, 13]), tensor([ 5, 16]), tensor([6, 8]), tensor([ 6, 13]), tensor([ 6, 16]), tensor([ 8, 11]), tensor([ 9, 12]), tensor([ 9, 13]), tensor([ 9, 16]), tensor([12, 19])]
Mean loss in evaluation epoch: 0.11577939242124557, epochs needed: 200
Rejecting!

Generation 13
Mean loss in evaluation epoch: 0.11433704942464828, epochs needed: 200
------------------------- TRACKING ---------------------------
Matrix Hash: 2cc1147ad8035f68, num_times_seen_before: 4
ACC: 0.7473684210526316
TPR/FPR: 0.9166666666666666, 0.2922077922077922
Loss: 0.11433704942464828
Timestamp: 1750.159897491
---------------------------------------------------------------
[tensor([4, 7]), tensor([ 4, 14]), tensor([ 4, 19]), tensor([5, 9]), tensor([ 6, 13]), tensor([ 8, 11]), tensor([ 9, 19]), tensor([10, 19]), tensor([11, 16]), tensor([11, 19]), tensor([15, 19]), tensor([16, 19])]
Mean loss in evaluation epoch: 0.1145130917429924, epochs needed: 200
Rejecting!

Generation 14
Mean loss in evaluation epoch: 0.11225884407758713, epochs needed: 200
------------------------- TRACKING ---------------------------
Matrix Hash: 2cc1147ad8035f68, num_times_seen_before: 5
ACC: 0.7473684210526316
TPR/FPR: 0.9166666666666666, 0.2922077922077922
Loss: 0.11225884407758713
Timestamp: 1884.897222676
---------------------------------------------------------------
[tensor([3, 4]), tensor([ 4, 14]), tensor([ 4, 19]), tensor([ 6, 16]), tensor([8, 9]), tensor([ 9, 16]), tensor([10, 19]), tensor([14, 19]), tensor([15, 19])]
Mean loss in evaluation epoch: 0.11111197620630264, epochs needed: 200
Accepting!

Generation 15
Mean loss in evaluation epoch: 0.1113818883895874, epochs needed: 200
------------------------- TRACKING ---------------------------
Matrix Hash: e6390b0f0ed37beb, num_times_seen_before: 0
ACC: 0.7526315789473684
TPR/FPR: 0.8888888888888888, 0.2792207792207792
Loss: 0.1113818883895874
Timestamp: 2020.0741421819998
---------------------------------------------------------------
[tensor([2, 9]), tensor([ 2, 15]), tensor([ 5, 10]), tensor([8, 9]), tensor([ 9, 15]), tensor([ 9, 16]), tensor([14, 19]), tensor([16, 18])]
Mean loss in evaluation epoch: 0.1114918515086174, epochs needed: 200
Rejecting!

Generation 16
Mean loss in evaluation epoch: 0.11099611967802048, epochs needed: 200
------------------------- TRACKING ---------------------------
Matrix Hash: e6390b0f0ed37beb, num_times_seen_before: 1
ACC: 0.7526315789473684
TPR/FPR: 0.8888888888888888, 0.2792207792207792
Loss: 0.11099611967802048
Timestamp: 2154.991086746
---------------------------------------------------------------
[tensor([ 0, 10]), tensor([ 0, 11]), tensor([ 0, 14]), tensor([ 1, 10]), tensor([2, 9]), tensor([ 2, 17]), tensor([4, 5]), tensor([ 5, 11]), tensor([ 5, 13]), tensor([ 5, 14]), tensor([ 9, 15]), tensor([ 9, 16]), tensor([ 9, 17]), tensor([ 9, 18]), tensor([13, 19])]
Mean loss in evaluation epoch: 0.11245047301054001, epochs needed: 200
Rejecting!

Generation 17
Mean loss in evaluation epoch: 0.11008235067129135, epochs needed: 200
------------------------- TRACKING ---------------------------
Matrix Hash: e6390b0f0ed37beb, num_times_seen_before: 2
ACC: 0.7526315789473684
TPR/FPR: 0.8888888888888888, 0.2792207792207792
Loss: 0.11008235067129135
Timestamp: 2289.387660418
---------------------------------------------------------------
[tensor([ 1, 14]), tensor([2, 9]), tensor([ 2, 12]), tensor([ 5, 10]), tensor([ 5, 14]), tensor([ 9, 16]), tensor([ 9, 17]), tensor([ 9, 18]), tensor([15, 16])]
Mean loss in evaluation epoch: 0.11545076221227646, epochs needed: 200
Rejecting!

Generation 18
Mean loss in evaluation epoch: 0.11812853813171387, epochs needed: 200
------------------------- TRACKING ---------------------------
Matrix Hash: e6390b0f0ed37beb, num_times_seen_before: 3
ACC: 0.7526315789473684
TPR/FPR: 0.8888888888888888, 0.2792207792207792
Loss: 0.11812853813171387
Timestamp: 2424.918912212
---------------------------------------------------------------
[tensor([1, 5]), tensor([ 1, 10]), tensor([ 1, 14]), tensor([2, 9]), tensor([ 2, 17]), tensor([4, 5]), tensor([ 5, 10]), tensor([ 5, 19]), tensor([ 9, 15]), tensor([ 9, 18]), tensor([10, 19]), tensor([13, 14])]
Mean loss in evaluation epoch: 0.11556193977594376, epochs needed: 200
Accepting!

Generation 19
Mean loss in evaluation epoch: 0.10737031698226929, epochs needed: 200
------------------------- TRACKING ---------------------------
Matrix Hash: dde88f5c16b22c2e, num_times_seen_before: 0
ACC: 0.7315789473684211
TPR/FPR: 0.8888888888888888, 0.3051948051948052
Loss: 0.10737031698226929
Timestamp: 2560.1275591
---------------------------------------------------------------
[tensor([1, 5]), tensor([1, 9]), tensor([2, 9]), tensor([ 2, 18]), tensor([3, 9]), tensor([ 3, 17]), tensor([5, 7]), tensor([ 5, 10]), tensor([ 5, 12]), tensor([ 9, 15]), tensor([13, 17]), tensor([17, 18])]
Mean loss in evaluation epoch: 0.11101000756025314, epochs needed: 200
Rejecting!
------------------------- TRACKING ---------------------------
Matrix Hash: dde88f5c16b22c2e, num_times_seen_before: 1
ACC: 0.7315789473684211
TPR/FPR: 0.8888888888888888, 0.3051948051948052
Loss: 0.10737031698226929
Timestamp: 2638.035510719
---------------------------------------------------------------
Time needed: 2697.649125891 sec
