../data/final/netrd/SIS/timeseries_ba10_1k_0.15.pickle
../data/final/edges_ba10.pickle
SEED: 0
NUM_DYN_EPOCHS: 30
DETECT_EARLY_CONVERGENCE: False
CONTINUATION: False
CONT_ADDRESS: /content/drive/MyDrive/BA_Code/hillclimbing_logs/annealing/first/2021-01-27T18_56_40.854852
USE_EVALEPOCH_FOR_GUIDED_MUTATION: False
NUM_GEN: 30
num samples: 1000
NUM_TRAIN_SAMPLES: 999
NUM_TRAIN_BATCHES: 10
NUM_TEST_SAMPLES: 999
NUM_TEST_BATCHES: 10
BATCH_SIZE: 100
HIDDEN_SIZE: 128
NUM_DYN_EPOCHS: 30
IS_CONTINUOUS: False
USE_MAX: False
Mean loss in evaluation epoch: 0.3867931067943573, epochs needed: 30


 Tracking generation 0
------------------------- TRACKING ---------------------------
Matrix Hash: 6f1b90fc9c8835ab, num_times_seen_before: 0
ACC: 0.4444444444444444
TPR/FPR: 0.5, 0.5862068965517241
Loss: 0.3867931067943573
Timestamp: 0
---------------------------------------------------------------
Candidate: 939afd53560616c0. Changes:9
Mean loss in evaluation epoch: 0.377410888671875, epochs needed: 30
smaller, so accepting
Mean loss in evaluation epoch: 0.3771084249019623, epochs needed: 30


 Tracking generation 1
------------------------- TRACKING ---------------------------
Matrix Hash: 939afd53560616c0, num_times_seen_before: 0
ACC: 0.6444444444444444
TPR/FPR: 0.75, 0.41379310344827586
Loss: 0.3771084249019623
Timestamp: 3.581224515999999
---------------------------------------------------------------
Candidate: 897a9e212ea6f7d6. Changes:8
Mean loss in evaluation epoch: 0.3780295252799988, epochs needed: 30
will accept with prob tensor(0.9060)
accepting!
Mean loss in evaluation epoch: 0.3730453550815582, epochs needed: 30


 Tracking generation 2
------------------------- TRACKING ---------------------------
Matrix Hash: 897a9e212ea6f7d6, num_times_seen_before: 0
ACC: 0.6888888888888889
TPR/FPR: 1.0, 0.4827586206896552
Loss: 0.3730453550815582
Timestamp: 6.626511667999999
---------------------------------------------------------------
Candidate: 556cb5c3a6ccee70. Changes:15
Mean loss in evaluation epoch: 0.37732744216918945, epochs needed: 30
will accept with prob tensor(0.6214)
accepting!
Mean loss in evaluation epoch: 0.38237544894218445, epochs needed: 30


 Tracking generation 3
------------------------- TRACKING ---------------------------
Matrix Hash: 556cb5c3a6ccee70, num_times_seen_before: 0
ACC: 0.7555555555555555
TPR/FPR: 0.8125, 0.27586206896551724
Loss: 0.38237544894218445
Timestamp: 9.714254537
---------------------------------------------------------------
Candidate: 7414f5f10467a6fa. Changes:13
Mean loss in evaluation epoch: 0.3876846730709076, epochs needed: 30
will accept with prob tensor(0.5419)
rejecting.
Mean loss in evaluation epoch: 0.3843246102333069, epochs needed: 30


 Tracking generation 4
------------------------- TRACKING ---------------------------
Matrix Hash: 556cb5c3a6ccee70, num_times_seen_before: 1
ACC: 0.7555555555555555
TPR/FPR: 0.8125, 0.27586206896551724
Loss: 0.3843246102333069
Timestamp: 13.349553922999998
---------------------------------------------------------------
Candidate: 9678d732db87e057. Changes:6
Mean loss in evaluation epoch: 0.36847594380378723, epochs needed: 30
smaller, so accepting
Mean loss in evaluation epoch: 0.36876922845840454, epochs needed: 30


 Tracking generation 5
------------------------- TRACKING ---------------------------
Matrix Hash: 9678d732db87e057, num_times_seen_before: 0
ACC: 0.8888888888888888
TPR/FPR: 0.875, 0.10344827586206896
Loss: 0.36876922845840454
Timestamp: 16.336577237
---------------------------------------------------------------
Candidate: bc420ddb4435f4c1. Changes:11
Mean loss in evaluation epoch: 0.3781984746456146, epochs needed: 30
will accept with prob tensor(0.3077)
rejecting.
Mean loss in evaluation epoch: 0.36855632066726685, epochs needed: 30


 Tracking generation 6
------------------------- TRACKING ---------------------------
Matrix Hash: 9678d732db87e057, num_times_seen_before: 1
ACC: 0.8888888888888888
TPR/FPR: 0.875, 0.10344827586206896
Loss: 0.36855632066726685
Timestamp: 19.314943626999998
---------------------------------------------------------------
Candidate: 0d0daca7b340c453. Changes:11
Mean loss in evaluation epoch: 0.37960830330848694, epochs needed: 30
will accept with prob tensor(0.2366)
rejecting.
Mean loss in evaluation epoch: 0.3674550950527191, epochs needed: 30


 Tracking generation 7
------------------------- TRACKING ---------------------------
Matrix Hash: 9678d732db87e057, num_times_seen_before: 2
ACC: 0.8888888888888888
TPR/FPR: 0.875, 0.10344827586206896
Loss: 0.3674550950527191
Timestamp: 22.486969657
---------------------------------------------------------------
Candidate: c5b247007de74c97. Changes:5
Mean loss in evaluation epoch: 0.36903977394104004, epochs needed: 30
will accept with prob tensor(0.8057)
accepting!
Mean loss in evaluation epoch: 0.3689694404602051, epochs needed: 30


 Tracking generation 8
------------------------- TRACKING ---------------------------
Matrix Hash: c5b247007de74c97, num_times_seen_before: 0
ACC: 0.8666666666666667
TPR/FPR: 0.9375, 0.1724137931034483
Loss: 0.3689694404602051
Timestamp: 25.510362242
---------------------------------------------------------------
Candidate: aa697fa401111175. Changes:12
Mean loss in evaluation epoch: 0.3791416883468628, epochs needed: 30
will accept with prob tensor(0.2338)
rejecting.
Mean loss in evaluation epoch: 0.3751780688762665, epochs needed: 30


 Tracking generation 9
------------------------- TRACKING ---------------------------
Matrix Hash: c5b247007de74c97, num_times_seen_before: 1
ACC: 0.8666666666666667
TPR/FPR: 0.9375, 0.1724137931034483
Loss: 0.3751780688762665
Timestamp: 28.507621593999996
---------------------------------------------------------------
Candidate: ba0a4ec9b4a443c0. Changes:7
Mean loss in evaluation epoch: 0.3789807856082916, epochs needed: 30
will accept with prob tensor(0.5653)
accepting!
Mean loss in evaluation epoch: 0.3760695159435272, epochs needed: 30


 Tracking generation 10
------------------------- TRACKING ---------------------------
Matrix Hash: ba0a4ec9b4a443c0, num_times_seen_before: 0
ACC: 0.7555555555555555
TPR/FPR: 1.0, 0.3793103448275862
Loss: 0.3760695159435272
Timestamp: 31.509080195
---------------------------------------------------------------
Candidate: 35f22bbc2a45ee33. Changes:7
Mean loss in evaluation epoch: 0.37181058526039124, epochs needed: 30
smaller, so accepting
Mean loss in evaluation epoch: 0.37132352590560913, epochs needed: 30


 Tracking generation 11
------------------------- TRACKING ---------------------------
Matrix Hash: 35f22bbc2a45ee33, num_times_seen_before: 0
ACC: 0.7333333333333334
TPR/FPR: 1.0, 0.41379310344827586
Loss: 0.37132352590560913
Timestamp: 34.538936643
---------------------------------------------------------------
Candidate: 5ca3603dd0f09a3b. Changes:10
Mean loss in evaluation epoch: 0.3709343671798706, epochs needed: 30
smaller, so accepting
Mean loss in evaluation epoch: 0.3702954649925232, epochs needed: 30


 Tracking generation 12
------------------------- TRACKING ---------------------------
Matrix Hash: 5ca3603dd0f09a3b, num_times_seen_before: 0
ACC: 0.8222222222222222
TPR/FPR: 1.0, 0.27586206896551724
Loss: 0.3702954649925232
Timestamp: 37.544812675
---------------------------------------------------------------
Candidate: 79266ade04145d9e. Changes:7
Mean loss in evaluation epoch: 0.3734789192676544, epochs needed: 30
will accept with prob tensor(0.5702)
rejecting.
Mean loss in evaluation epoch: 0.3721749782562256, epochs needed: 30


 Tracking generation 13
------------------------- TRACKING ---------------------------
Matrix Hash: 5ca3603dd0f09a3b, num_times_seen_before: 1
ACC: 0.8222222222222222
TPR/FPR: 1.0, 0.27586206896551724
Loss: 0.3721749782562256
Timestamp: 40.547956419
---------------------------------------------------------------
Candidate: d48e88a766db6d04. Changes:7
Mean loss in evaluation epoch: 0.37342309951782227, epochs needed: 30
will accept with prob tensor(0.7913)
rejecting.
Mean loss in evaluation epoch: 0.37455591559410095, epochs needed: 30


 Tracking generation 14
------------------------- TRACKING ---------------------------
Matrix Hash: 5ca3603dd0f09a3b, num_times_seen_before: 2
ACC: 0.8222222222222222
TPR/FPR: 1.0, 0.27586206896551724
Loss: 0.37455591559410095
Timestamp: 43.52591940399999
---------------------------------------------------------------
Candidate: d01065216b04c3f0. Changes:11
Mean loss in evaluation epoch: 0.3748331367969513, epochs needed: 30
will accept with prob tensor(0.9461)
accepting!
Mean loss in evaluation epoch: 0.3757203221321106, epochs needed: 30


 Tracking generation 15
------------------------- TRACKING ---------------------------
Matrix Hash: d01065216b04c3f0, num_times_seen_before: 0
ACC: 0.8444444444444444
TPR/FPR: 0.75, 0.10344827586206896
Loss: 0.3757203221321106
Timestamp: 46.490800955
---------------------------------------------------------------
Candidate: 214c1dc5f59832d6. Changes:12
Mean loss in evaluation epoch: 0.3850124478340149, epochs needed: 30
will accept with prob tensor(0.1365)
rejecting.
Mean loss in evaluation epoch: 0.37593886256217957, epochs needed: 30


 Tracking generation 16
------------------------- TRACKING ---------------------------
Matrix Hash: d01065216b04c3f0, num_times_seen_before: 1
ACC: 0.8444444444444444
TPR/FPR: 0.75, 0.10344827586206896
Loss: 0.37593886256217957
Timestamp: 49.488722173
---------------------------------------------------------------
Candidate: 6a1713042b2f8d8b. Changes:7
Mean loss in evaluation epoch: 0.3818001449108124, epochs needed: 30
will accept with prob tensor(0.2586)
accepting!
Mean loss in evaluation epoch: 0.3820020258426666, epochs needed: 30


 Tracking generation 17
------------------------- TRACKING ---------------------------
Matrix Hash: 6a1713042b2f8d8b, num_times_seen_before: 0
ACC: 0.6888888888888889
TPR/FPR: 0.75, 0.3448275862068966
Loss: 0.3820020258426666
Timestamp: 52.492788931999996
---------------------------------------------------------------
Candidate: 1cc28ed15778dbbb. Changes:11
Mean loss in evaluation epoch: 0.3842178285121918, epochs needed: 30
will accept with prob tensor(0.5747)
accepting!
Mean loss in evaluation epoch: 0.38352447748184204, epochs needed: 30


 Tracking generation 18
------------------------- TRACKING ---------------------------
Matrix Hash: 1cc28ed15778dbbb, num_times_seen_before: 0
ACC: 0.48888888888888893
TPR/FPR: 0.625, 0.5862068965517241
Loss: 0.38352447748184204
Timestamp: 55.515915998
---------------------------------------------------------------
Candidate: 7dba019ea4e0d2e5. Changes:5
Mean loss in evaluation epoch: 0.38131093978881836, epochs needed: 30
smaller, so accepting
Mean loss in evaluation epoch: 0.3796645700931549, epochs needed: 30


 Tracking generation 19
------------------------- TRACKING ---------------------------
Matrix Hash: 7dba019ea4e0d2e5, num_times_seen_before: 0
ACC: 0.5111111111111111
TPR/FPR: 0.625, 0.5517241379310345
Loss: 0.3796645700931549
Timestamp: 58.509016212000006
---------------------------------------------------------------
Candidate: 02fb9b4ad137ce72. Changes:10
Mean loss in evaluation epoch: 0.381293386220932, epochs needed: 30
will accept with prob tensor(0.6135)
accepting!
Mean loss in evaluation epoch: 0.3805553913116455, epochs needed: 30


 Tracking generation 20
------------------------- TRACKING ---------------------------
Matrix Hash: 02fb9b4ad137ce72, num_times_seen_before: 0
ACC: 0.4666666666666667
TPR/FPR: 0.3125, 0.4482758620689655
Loss: 0.3805553913116455
Timestamp: 61.493232601
---------------------------------------------------------------
Candidate: 8a3dc90c86106c3a. Changes:11
Mean loss in evaluation epoch: 0.3819088637828827, epochs needed: 30
will accept with prob tensor(0.6369)
accepting!
Mean loss in evaluation epoch: 0.3781880736351013, epochs needed: 30


 Tracking generation 21
------------------------- TRACKING ---------------------------
Matrix Hash: 8a3dc90c86106c3a, num_times_seen_before: 0
ACC: 0.5333333333333333
TPR/FPR: 0.625, 0.5172413793103449
Loss: 0.3781880736351013
Timestamp: 64.50014103800001
---------------------------------------------------------------
Candidate: 45cf9877de236a1f. Changes:8
Mean loss in evaluation epoch: 0.37525036931037903, epochs needed: 30
smaller, so accepting
Mean loss in evaluation epoch: 0.37542447447776794, epochs needed: 30


 Tracking generation 22
------------------------- TRACKING ---------------------------
Matrix Hash: 45cf9877de236a1f, num_times_seen_before: 0
ACC: 0.48888888888888893
TPR/FPR: 0.5625, 0.5517241379310345
Loss: 0.37542447447776794
Timestamp: 67.54003029900001
---------------------------------------------------------------
Candidate: c1a2a29735f6682c. Changes:8
Mean loss in evaluation epoch: 0.3779155910015106, epochs needed: 30
will accept with prob tensor(0.3438)
rejecting.
Mean loss in evaluation epoch: 0.37745633721351624, epochs needed: 30


 Tracking generation 23
------------------------- TRACKING ---------------------------
Matrix Hash: 45cf9877de236a1f, num_times_seen_before: 1
ACC: 0.48888888888888893
TPR/FPR: 0.5625, 0.5517241379310345
Loss: 0.37745633721351624
Timestamp: 70.548658067
---------------------------------------------------------------
Candidate: 0178626076cc11db. Changes:7
Mean loss in evaluation epoch: 0.3760201930999756, epochs needed: 30
smaller, so accepting
Mean loss in evaluation epoch: 0.3777399957180023, epochs needed: 30


 Tracking generation 24
------------------------- TRACKING ---------------------------
Matrix Hash: 0178626076cc11db, num_times_seen_before: 0
ACC: 0.5111111111111111
TPR/FPR: 0.5, 0.4827586206896552
Loss: 0.3777399957180023
Timestamp: 73.57633196100001
---------------------------------------------------------------
Candidate: efad16e340a460e7. Changes:13
Mean loss in evaluation epoch: 0.380357027053833, epochs needed: 30
will accept with prob tensor(0.2080)
accepting!
Mean loss in evaluation epoch: 0.3820911645889282, epochs needed: 30


 Tracking generation 25
------------------------- TRACKING ---------------------------
Matrix Hash: efad16e340a460e7, num_times_seen_before: 0
ACC: 0.48888888888888893
TPR/FPR: 0.3125, 0.41379310344827586
Loss: 0.3820911645889282
Timestamp: 76.561887797
---------------------------------------------------------------
Candidate: b83a8b8887ae0b93. Changes:9
Mean loss in evaluation epoch: 0.38035106658935547, epochs needed: 30
smaller, so accepting
Mean loss in evaluation epoch: 0.38348910212516785, epochs needed: 30


 Tracking generation 26
------------------------- TRACKING ---------------------------
Matrix Hash: b83a8b8887ae0b93, num_times_seen_before: 0
ACC: 0.5111111111111111
TPR/FPR: 0.5, 0.4827586206896552
Loss: 0.38348910212516785
Timestamp: 79.579470562
---------------------------------------------------------------
Candidate: 88db69311dda3d1f. Changes:10
Mean loss in evaluation epoch: 0.37634679675102234, epochs needed: 30
smaller, so accepting
Mean loss in evaluation epoch: 0.3768220543861389, epochs needed: 30


 Tracking generation 27
------------------------- TRACKING ---------------------------
Matrix Hash: 88db69311dda3d1f, num_times_seen_before: 0
ACC: 0.4222222222222223
TPR/FPR: 0.4375, 0.5862068965517241
Loss: 0.3768220543861389
Timestamp: 82.54613378900001
---------------------------------------------------------------
Candidate: 7a27e882896097f5. Changes:10
Mean loss in evaluation epoch: 0.37684863805770874, epochs needed: 30
will accept with prob tensor(0.9609)
accepting!
Mean loss in evaluation epoch: 0.37712225317955017, epochs needed: 30


 Tracking generation 28
------------------------- TRACKING ---------------------------
Matrix Hash: 7a27e882896097f5, num_times_seen_before: 0
ACC: 0.5555555555555556
TPR/FPR: 0.4375, 0.3793103448275862
Loss: 0.37712225317955017
Timestamp: 85.477662912
---------------------------------------------------------------
Candidate: 6d24cc7650c54acf. Changes:11
Mean loss in evaluation epoch: 0.3858717381954193, epochs needed: 30
will accept with prob tensor(3.9851e-12)
rejecting.
Mean loss in evaluation epoch: 0.3792097866535187, epochs needed: 30


 Tracking generation 29
------------------------- TRACKING ---------------------------
Matrix Hash: 7a27e882896097f5, num_times_seen_before: 1
ACC: 0.5555555555555556
TPR/FPR: 0.4375, 0.3793103448275862
Loss: 0.3792097866535187
Timestamp: 88.870741777
---------------------------------------------------------------
Candidate: eb95741b19aef662. Changes:6
Mean loss in evaluation epoch: 0.3727458715438843, epochs needed: 30
smaller, so accepting
Mean loss in evaluation epoch: 0.37316200137138367, epochs needed: 30


 Tracking generation 30
------------------------- TRACKING ---------------------------
Matrix Hash: eb95741b19aef662, num_times_seen_before: 0
ACC: 0.5111111111111111
TPR/FPR: 0.375, 0.41379310344827586
Loss: 0.37316200137138367
Timestamp: 91.890826144
---------------------------------------------------------------
Candidate: 622d8d24df331e56. Changes:8
Mean loss in evaluation epoch: 0.3788467347621918, epochs needed: 30
will accept with prob tensor(0.)
rejecting.
Mean loss in evaluation epoch: 0.3734069764614105, epochs needed: 30


 Tracking generation 31
------------------------- TRACKING ---------------------------
Matrix Hash: eb95741b19aef662, num_times_seen_before: 1
ACC: 0.5111111111111111
TPR/FPR: 0.375, 0.41379310344827586
Loss: 0.3734069764614105
Timestamp: 94.902141836
---------------------------------------------------------------
Candidate: 2fd21375baba0889. Changes:7
Mean loss in evaluation epoch: 0.37588953971862793, epochs needed: 30
will accept with prob tensor(0.)
rejecting.
Mean loss in evaluation epoch: 0.3724364936351776, epochs needed: 30


 Tracking generation 32
------------------------- TRACKING ---------------------------
Matrix Hash: eb95741b19aef662, num_times_seen_before: 2
ACC: 0.5111111111111111
TPR/FPR: 0.375, 0.41379310344827586
Loss: 0.3724364936351776
Timestamp: 97.85374005
---------------------------------------------------------------
Candidate: d87b74887f7ebe86. Changes:8
Mean loss in evaluation epoch: 0.3776543140411377, epochs needed: 30
will accept with prob tensor(0.)
rejecting.
Mean loss in evaluation epoch: 0.37332072854042053, epochs needed: 30


 Tracking generation 33
------------------------- TRACKING ---------------------------
Matrix Hash: eb95741b19aef662, num_times_seen_before: 3
ACC: 0.5111111111111111
TPR/FPR: 0.375, 0.41379310344827586
Loss: 0.37332072854042053
Timestamp: 100.87611370100001
---------------------------------------------------------------
Candidate: d92d4bd1086e0c78. Changes:5
Mean loss in evaluation epoch: 0.3795061409473419, epochs needed: 30
will accept with prob tensor(0.)
rejecting.
Mean loss in evaluation epoch: 0.3761865496635437, epochs needed: 30


 Tracking generation 34
------------------------- TRACKING ---------------------------
Matrix Hash: eb95741b19aef662, num_times_seen_before: 4
ACC: 0.5111111111111111
TPR/FPR: 0.375, 0.41379310344827586
Loss: 0.3761865496635437
Timestamp: 103.914266098
---------------------------------------------------------------
Candidate: 8c8fb25d0a1addda. Changes:9
Mean loss in evaluation epoch: 0.37748536467552185, epochs needed: 30
will accept with prob tensor(0.)
rejecting.
Mean loss in evaluation epoch: 0.3735177218914032, epochs needed: 30


 Tracking generation 35
------------------------- TRACKING ---------------------------
Matrix Hash: eb95741b19aef662, num_times_seen_before: 5
ACC: 0.5111111111111111
TPR/FPR: 0.375, 0.41379310344827586
Loss: 0.3735177218914032
Timestamp: 106.87502956200001
---------------------------------------------------------------
Candidate: a6ec898059d7a5ee. Changes:9
Mean loss in evaluation epoch: 0.38306882977485657, epochs needed: 30
will accept with prob tensor(0.)
rejecting.
Mean loss in evaluation epoch: 0.37321579456329346, epochs needed: 30


 Tracking generation 36
------------------------- TRACKING ---------------------------
Matrix Hash: eb95741b19aef662, num_times_seen_before: 6
ACC: 0.5111111111111111
TPR/FPR: 0.375, 0.41379310344827586
Loss: 0.37321579456329346
Timestamp: 109.867811546
---------------------------------------------------------------
Candidate: d13363aeeea5e680. Changes:11
Mean loss in evaluation epoch: 0.37851062417030334, epochs needed: 30
will accept with prob tensor(0.)
rejecting.
Mean loss in evaluation epoch: 0.3735060691833496, epochs needed: 30


 Tracking generation 37
------------------------- TRACKING ---------------------------
Matrix Hash: eb95741b19aef662, num_times_seen_before: 7
ACC: 0.5111111111111111
TPR/FPR: 0.375, 0.41379310344827586
Loss: 0.3735060691833496
Timestamp: 112.875666522
---------------------------------------------------------------
Candidate: bcfad8f0d9760a68. Changes:11
Mean loss in evaluation epoch: 0.4056871831417084, epochs needed: 30
will accept with prob tensor(0.)
rejecting.
Mean loss in evaluation epoch: 0.3726193308830261, epochs needed: 30


 Tracking generation 38
------------------------- TRACKING ---------------------------
Matrix Hash: eb95741b19aef662, num_times_seen_before: 8
ACC: 0.5111111111111111
TPR/FPR: 0.375, 0.41379310344827586
Loss: 0.3726193308830261
Timestamp: 116.150491519
---------------------------------------------------------------
Candidate: c803fe42ede2fe02. Changes:5
Mean loss in evaluation epoch: 0.3783821761608124, epochs needed: 30
will accept with prob tensor(0.)
rejecting.
Mean loss in evaluation epoch: 0.37325093150138855, epochs needed: 30


 Tracking generation 39
------------------------- TRACKING ---------------------------
Matrix Hash: eb95741b19aef662, num_times_seen_before: 9
ACC: 0.5111111111111111
TPR/FPR: 0.375, 0.41379310344827586
Loss: 0.37325093150138855
Timestamp: 119.06826169200001
---------------------------------------------------------------
Candidate: 2c2b7e7db9ae43ef. Changes:6
Mean loss in evaluation epoch: 0.3775317668914795, epochs needed: 30
will accept with prob tensor(0.)
rejecting.
Mean loss in evaluation epoch: 0.37241533398628235, epochs needed: 30


 Tracking generation 40
------------------------- TRACKING ---------------------------
Matrix Hash: eb95741b19aef662, num_times_seen_before: 10
ACC: 0.5111111111111111
TPR/FPR: 0.375, 0.41379310344827586
Loss: 0.37241533398628235
Timestamp: 122.19929923100001
---------------------------------------------------------------
Candidate: d8460afcaf11e416. Changes:9
Mean loss in evaluation epoch: 0.3786660134792328, epochs needed: 30
will accept with prob tensor(0.)
rejecting.
Mean loss in evaluation epoch: 0.37460026144981384, epochs needed: 30


 Tracking generation 41
------------------------- TRACKING ---------------------------
Matrix Hash: eb95741b19aef662, num_times_seen_before: 11
ACC: 0.5111111111111111
TPR/FPR: 0.375, 0.41379310344827586
Loss: 0.37460026144981384
Timestamp: 125.160937234
---------------------------------------------------------------
Candidate: 8e9c993e46e722eb. Changes:12
Mean loss in evaluation epoch: 0.38088035583496094, epochs needed: 30
will accept with prob tensor(0.)
rejecting.
Mean loss in evaluation epoch: 0.3750750720500946, epochs needed: 30


 Tracking generation 42
------------------------- TRACKING ---------------------------
Matrix Hash: eb95741b19aef662, num_times_seen_before: 12
ACC: 0.5111111111111111
TPR/FPR: 0.375, 0.41379310344827586
Loss: 0.3750750720500946
Timestamp: 128.365526981
---------------------------------------------------------------
Candidate: 5cc36b735997bb6f. Changes:9
Mean loss in evaluation epoch: 0.3930388391017914, epochs needed: 30
will accept with prob tensor(0.)
rejecting.
Mean loss in evaluation epoch: 0.375773549079895, epochs needed: 30


 Tracking generation 43
------------------------- TRACKING ---------------------------
Matrix Hash: eb95741b19aef662, num_times_seen_before: 13
ACC: 0.5111111111111111
TPR/FPR: 0.375, 0.41379310344827586
Loss: 0.375773549079895
Timestamp: 131.505019235
---------------------------------------------------------------
Candidate: e7cb20eb0c917284. Changes:7
Mean loss in evaluation epoch: 0.38318192958831787, epochs needed: 30
will accept with prob tensor(0.)
rejecting.
Mean loss in evaluation epoch: 0.3741004168987274, epochs needed: 30


 Tracking generation 44
------------------------- TRACKING ---------------------------
Matrix Hash: eb95741b19aef662, num_times_seen_before: 14
ACC: 0.5111111111111111
TPR/FPR: 0.375, 0.41379310344827586
Loss: 0.3741004168987274
Timestamp: 134.628151844
---------------------------------------------------------------
Candidate: c5bce6b522925362. Changes:6
Mean loss in evaluation epoch: 0.37622854113578796, epochs needed: 30
will accept with prob tensor(0.)
rejecting.
------------------------- TRACKING ---------------------------
Matrix Hash: eb95741b19aef662, num_times_seen_before: 15
ACC: 0.5111111111111111
TPR/FPR: 0.375, 0.41379310344827586
Loss: 0.3741004168987274
Timestamp: 136.16779652199997
---------------------------------------------------------------
Time needed: 139.90064213 sec
