num samples: 4991
NUM_TRAIN_SAMPLES: 4991
NUM_TRAIN_BATCHES: 50
NUM_TEST_SAMPLES: 4991
NUM_TEST_BATCHES: 50
BATCH_SIZE: 100
HIDDEN_SIZE: 128
NUM_DYN_EPOCHS: 40
IS_CONTINUOUS: True
USE_MAX: False
../data/final/cml/timeseries_ba10_5k_4_onetake.pickle
../data/final/edges_ba10.pickle
CONTINUATION: False
CONT_ADDRESS: D:\Uni\BA\ColabOutputs\ba20\2020-12-10T22_50_22.113418
SEED: 0
NUM_DYN_EPOCHS: 40
NUM_DYN_EPOCHS_INIT: 40
DETECT_EARLY_CONVERGENCE: False
RESET_DYN_LEARNER_EVERY_NTH_GEN: 5
POP_SIZE: 10
NEWPOP_SIZE: 40
NUM_GEN: 45
USE_NODEWISE_EVALUATION: False
USE_EVALEPOCH_FOR_GUIDED_MUTATION: False
USE_DETERMINISTIC_EVAL: False
FORMAT: standard
--------------------- Start training ------------------------
evaluating individudal 0 - 6f1b90fc9c8835ab. Mean loss in evaluation epoch: 0.09925583004951477, epochs needed: 40
evaluating individudal 1 - f5ecf90426d2bdc4. Mean loss in evaluation epoch: 0.10248426347970963, epochs needed: 40
evaluating individudal 2 - 76887c34e0c43ba3. Mean loss in evaluation epoch: 0.09931491315364838, epochs needed: 40
evaluating individudal 3 - 83f9434604512fa3. Mean loss in evaluation epoch: 0.09762290120124817, epochs needed: 40
evaluating individudal 4 - a3e01dd93d9a5005. Mean loss in evaluation epoch: 0.09839439392089844, epochs needed: 40
evaluating individudal 5 - 3199dbcf8f6e925b. Mean loss in evaluation epoch: 0.09831800311803818, epochs needed: 40
evaluating individudal 6 - a8aa19e3347354e9. Mean loss in evaluation epoch: 0.0965542420744896, epochs needed: 40
evaluating individudal 7 - 33564f2c6b8cb72d. Mean loss in evaluation epoch: 0.0979478731751442, epochs needed: 40
evaluating individudal 8 - 72a0eae43d83fa66. Mean loss in evaluation epoch: 0.10123094171285629, epochs needed: 40
evaluating individudal 9 - 326f3353587d6685. Mean loss in evaluation epoch: 0.09896241873502731, epochs needed: 40
Round 0 done. -----------------------------------------
------------------------- TRACKING ---------------------------
Matrix Hash: a8aa19e3347354e9, num_times_seen_before: 0
ACC: 0.5555555555555556
TPR/FPR: 0.625, 0.4827586206896552
Loss: 0.0965542420744896
Timestamp: 0
---------------------------------------------------------------
evaluating individudal 0 - 4b9203ce6917c1ae. Mean loss in evaluation epoch: 0.09930134564638138, epochs needed: 40
evaluating individudal 1 - c2f7da9a472341f7. Mean loss in evaluation epoch: 0.09950867295265198, epochs needed: 40
evaluating individudal 2 - 53a4b4941a868e1b. Mean loss in evaluation epoch: 0.09890320897102356, epochs needed: 40
evaluating individudal 3 - eda7d82d20206804. Mean loss in evaluation epoch: 0.09966886043548584, epochs needed: 40
evaluating individudal 4 - ee6423f1681ac8ff. Mean loss in evaluation epoch: 0.11628352105617523, epochs needed: 40
evaluating individudal 5 - 8191fa752178a627. Mean loss in evaluation epoch: 0.09637090563774109, epochs needed: 40
evaluating individudal 6 - 6a40351b907af779. Mean loss in evaluation epoch: 0.09927177429199219, epochs needed: 40
evaluating individudal 7 - fcd8ea667ded903f. Mean loss in evaluation epoch: 0.09961967170238495, epochs needed: 40
evaluating individudal 8 - af56b729804c50b1. Mean loss in evaluation epoch: 0.12204621732234955, epochs needed: 40
evaluating individudal 9 - b6f33ea30a9626b0. Mean loss in evaluation epoch: 0.10065440833568573, epochs needed: 40
evaluating individudal 10 - 028f54fb95b715af. Mean loss in evaluation epoch: 0.09418611228466034, epochs needed: 40
evaluating individudal 11 - 979bc97f39745abb. Mean loss in evaluation epoch: 0.09591584652662277, epochs needed: 40
evaluating individudal 12 - 2cf51b9e666d2329. Mean loss in evaluation epoch: 0.09501420706510544, epochs needed: 40
evaluating individudal 13 - edebb29ba097c9e3. Mean loss in evaluation epoch: 0.09938572347164154, epochs needed: 40
evaluating individudal 14 - 643e081596906dc0. Mean loss in evaluation epoch: 0.09893455356359482, epochs needed: 40
evaluating individudal 15 - 5fe7be22f9b674a1. Mean loss in evaluation epoch: 0.10437509417533875, epochs needed: 40
evaluating individudal 16 - 98b398e09f93fc6d. Mean loss in evaluation epoch: 0.09770296514034271, epochs needed: 40
evaluating individudal 17 - 421189de82ed3b21. Mean loss in evaluation epoch: 0.10163900256156921, epochs needed: 40
evaluating individudal 18 - a5c5ac01909a73cf. Mean loss in evaluation epoch: 0.10911335051059723, epochs needed: 40
evaluating individudal 19 - e97ba0de9b9c0d90. Mean loss in evaluation epoch: 0.10047067701816559, epochs needed: 40
evaluating individudal 20 - 349d50b71830a4d5. Mean loss in evaluation epoch: 0.10072245448827744, epochs needed: 40
evaluating individudal 21 - bbb3ca229787477e. Mean loss in evaluation epoch: 0.09924767166376114, epochs needed: 40
evaluating individudal 22 - bd61eadc4f35c303. Mean loss in evaluation epoch: 0.1096801832318306, epochs needed: 40
evaluating individudal 23 - 7a8d9e1e9d751847. Mean loss in evaluation epoch: 0.09976349771022797, epochs needed: 40
evaluating individudal 24 - 99028318d8219fad. Mean loss in evaluation epoch: 0.10520216077566147, epochs needed: 40
evaluating individudal 25 - b44088dc35cc2c50. Mean loss in evaluation epoch: 0.11272815614938736, epochs needed: 40
evaluating individudal 26 - 86efaf6bdfaa4a88. Mean loss in evaluation epoch: 0.09717360138893127, epochs needed: 40
evaluating individudal 27 - d913539e3cf976ee. Mean loss in evaluation epoch: 0.1037621945142746, epochs needed: 40
evaluating individudal 28 - 26ff7644c5cbc5d0. Mean loss in evaluation epoch: 0.09619588404893875, epochs needed: 40
evaluating individudal 29 - 45999cb4602d5495. Mean loss in evaluation epoch: 0.11720447987318039, epochs needed: 40
evaluating individudal 30 - d5a983172693fdf7. Mean loss in evaluation epoch: 0.10397635400295258, epochs needed: 40
evaluating individudal 31 - 1d415b70eceb1bbb. Mean loss in evaluation epoch: 0.09255897998809814, epochs needed: 40
evaluating individudal 32 - 5436b96677830fde. Mean loss in evaluation epoch: 0.10357999801635742, epochs needed: 40
evaluating individudal 33 - d7ec1a74852cfe6d. Mean loss in evaluation epoch: 0.09863248467445374, epochs needed: 40
evaluating individudal 34 - 7573660e1eec544b. Mean loss in evaluation epoch: 0.09705360233783722, epochs needed: 40
evaluating individudal 35 - 3919bad061ad6c38. Mean loss in evaluation epoch: 0.11585649847984314, epochs needed: 40
evaluating individudal 36 - dff569c59b0ac27f. Mean loss in evaluation epoch: 0.10035204887390137, epochs needed: 40
evaluating individudal 37 - b700e2a8fb76b335. Mean loss in evaluation epoch: 0.1009775921702385, epochs needed: 40
evaluating individudal 38 - 199300f7a047478f. Mean loss in evaluation epoch: 0.10494918376207352, epochs needed: 40
evaluating individudal 39 - 649fa3f07ce4dfb5. Mean loss in evaluation epoch: 0.09780403226613998, epochs needed: 40
evaluating individudal 0 - 6f1b90fc9c8835ab. Mean loss in evaluation epoch: 0.10099717974662781, epochs needed: 40
evaluating individudal 1 - f5ecf90426d2bdc4. Mean loss in evaluation epoch: 0.09965395927429199, epochs needed: 40
evaluating individudal 2 - 76887c34e0c43ba3. Mean loss in evaluation epoch: 0.09949234873056412, epochs needed: 40
evaluating individudal 3 - 83f9434604512fa3. Mean loss in evaluation epoch: 0.09840139001607895, epochs needed: 40
evaluating individudal 4 - a3e01dd93d9a5005. Mean loss in evaluation epoch: 0.0982963889837265, epochs needed: 40
evaluating individudal 5 - 3199dbcf8f6e925b. Mean loss in evaluation epoch: 0.09617102146148682, epochs needed: 40
evaluating individudal 6 - a8aa19e3347354e9. Mean loss in evaluation epoch: 0.09675431996583939, epochs needed: 40
evaluating individudal 7 - 33564f2c6b8cb72d. Mean loss in evaluation epoch: 0.11007300019264221, epochs needed: 40
evaluating individudal 8 - 72a0eae43d83fa66. Mean loss in evaluation epoch: 0.10541041940450668, epochs needed: 40
evaluating individudal 9 - 326f3353587d6685. Mean loss in evaluation epoch: 0.10229477286338806, epochs needed: 40
Round 1 done. -----------------------------------------
------------------------- TRACKING ---------------------------
Matrix Hash: 1d415b70eceb1bbb, num_times_seen_before: 0
ACC: 0.7333333333333334
TPR/FPR: 0.6875, 0.2413793103448276
Loss: 0.09255897998809814
Timestamp: 1794.3571794090003
---------------------------------------------------------------
evaluating individudal 0 - 94d62c2ae966f50b. Mean loss in evaluation epoch: 0.08610078692436218, epochs needed: 40
evaluating individudal 1 - d6fb8557b9affe2a. Mean loss in evaluation epoch: 0.09558092057704926, epochs needed: 40
evaluating individudal 2 - d3e244b45c8019a7. Mean loss in evaluation epoch: 0.09308958053588867, epochs needed: 40
evaluating individudal 3 - 2622cad478782a43. Mean loss in evaluation epoch: 0.10150858014822006, epochs needed: 40
evaluating individudal 4 - 1700214278d4878c. Mean loss in evaluation epoch: 0.09357348829507828, epochs needed: 40
evaluating individudal 5 - 2629fc80b46fd6ce. Mean loss in evaluation epoch: 0.09402290731668472, epochs needed: 40
evaluating individudal 6 - 393f07196e3bbcc5. Mean loss in evaluation epoch: 0.10104399174451828, epochs needed: 40
evaluating individudal 7 - 494c493a81cb2e3e. Mean loss in evaluation epoch: 0.0933666005730629, epochs needed: 40
evaluating individudal 8 - dac23bf382c71886. Mean loss in evaluation epoch: 0.09336743503808975, epochs needed: 40
evaluating individudal 9 - 02187e6482068122. Mean loss in evaluation epoch: 0.08362968266010284, epochs needed: 40
evaluating individudal 10 - c25caae5036c5f82. Mean loss in evaluation epoch: 0.1009519174695015, epochs needed: 40
evaluating individudal 11 - fbb1e7cca08d796b. Mean loss in evaluation epoch: 0.0896454006433487, epochs needed: 40
evaluating individudal 12 - 21a1676f3fa21b47. Mean loss in evaluation epoch: 0.09083887189626694, epochs needed: 40
evaluating individudal 13 - 078461ad0b52c38d. Mean loss in evaluation epoch: 0.08335461467504501, epochs needed: 40
evaluating individudal 14 - eb48840dfcfa8e04. Mean loss in evaluation epoch: 0.09825336188077927, epochs needed: 40
evaluating individudal 15 - 39dded99693a595b. Mean loss in evaluation epoch: 0.0935940220952034, epochs needed: 40
evaluating individudal 16 - 61a2633676722bb7. Mean loss in evaluation epoch: 0.09028827399015427, epochs needed: 40
evaluating individudal 17 - 98ea98131648ab4b. Mean loss in evaluation epoch: 0.08873075991868973, epochs needed: 40
evaluating individudal 18 - e47277a3a969dd7a. Mean loss in evaluation epoch: 0.09013092517852783, epochs needed: 40
evaluating individudal 19 - e999679c267eac6e. Mean loss in evaluation epoch: 0.1006285548210144, epochs needed: 40
evaluating individudal 20 - 3f6f196acade001d. Mean loss in evaluation epoch: 0.09356275945901871, epochs needed: 40
evaluating individudal 21 - 6139141b5f37963e. Mean loss in evaluation epoch: 0.08987770229578018, epochs needed: 40
evaluating individudal 22 - 2a5ce1bc76d5b371. Mean loss in evaluation epoch: 0.09630856662988663, epochs needed: 40
evaluating individudal 23 - 07c376eb24176024. Mean loss in evaluation epoch: 0.09639457613229752, epochs needed: 40
evaluating individudal 24 - e7744a704b9a0bc4. Mean loss in evaluation epoch: 0.1013326421380043, epochs needed: 40
evaluating individudal 25 - e3e8b69b53adc2a6. Mean loss in evaluation epoch: 0.09407243877649307, epochs needed: 40
evaluating individudal 26 - af1dcb6f9177a843. Mean loss in evaluation epoch: 0.09695201367139816, epochs needed: 40
evaluating individudal 27 - 547328cd2b190f79. Mean loss in evaluation epoch: 0.08853919804096222, epochs needed: 40
evaluating individudal 28 - ec9064eec20ab6fe. Mean loss in evaluation epoch: 0.09127102047204971, epochs needed: 40
evaluating individudal 29 - 26e0661a3431db97. Mean loss in evaluation epoch: 0.09116309881210327, epochs needed: 40
evaluating individudal 30 - e7b860ba62474159. Mean loss in evaluation epoch: 0.09162253886461258, epochs needed: 40
evaluating individudal 31 - d538a3ad4d882169. Mean loss in evaluation epoch: 0.09330364316701889, epochs needed: 40
evaluating individudal 32 - 429f18d0426de45a. Mean loss in evaluation epoch: 0.0907692238688469, epochs needed: 40
evaluating individudal 33 - 0edd027f68a3c418. 