../data/final/netrd/SIS/timeseries_ba10_1k_0.15.pickle
../data/final/edges_ba10.pickle
SEED: 0
NUM_DYN_EPOCHS: 40
DETECT_EARLY_CONVERGENCE: False
CONTINUATION: False
CONT_ADDRESS: /content/drive/MyDrive/BA_Code/hillclimbing_logs/annealing/first/2021-01-27T18_56_40.854852
USE_EVALEPOCH_FOR_GUIDED_MUTATION: False
NUM_GEN: 30
num samples: 1000
NUM_TRAIN_SAMPLES: 999
NUM_TRAIN_BATCHES: 10
NUM_TEST_SAMPLES: 999
NUM_TEST_BATCHES: 10
BATCH_SIZE: 100
HIDDEN_SIZE: 128
NUM_DYN_EPOCHS: 40
IS_CONTINUOUS: False
USE_MAX: False
Mean loss in evaluation epoch: 0.38517603278160095, epochs needed: 40


 Tracking generation 0
------------------------- TRACKING ---------------------------
Matrix Hash: adf89365b5620be1, num_times_seen_before: 0
ACC: 0.4444444444444444
TPR/FPR: 0.5625, 0.6206896551724138
Loss: 0.38517603278160095
Timestamp: 0
---------------------------------------------------------------
Candidate: 645be6ff48eed89f. Changes:4
Mean loss in evaluation epoch: 0.37571460008621216, epochs needed: 40
smaller, so accepting
Mean loss in evaluation epoch: 0.3776138126850128, epochs needed: 40


 Tracking generation 1
------------------------- TRACKING ---------------------------
Matrix Hash: 645be6ff48eed89f, num_times_seen_before: 0
ACC: 0.48888888888888893
TPR/FPR: 0.6875, 0.6206896551724138
Loss: 0.3776138126850128
Timestamp: 8.937691185999995
---------------------------------------------------------------
Candidate: cb95ff8ac0cd26bb. Changes:13
Mean loss in evaluation epoch: 0.3905033767223358, epochs needed: 40
will accept with prob tensor(0.2513)
accepting!
Mean loss in evaluation epoch: 0.39099758863449097, epochs needed: 40


 Tracking generation 2
------------------------- TRACKING ---------------------------
Matrix Hash: cb95ff8ac0cd26bb, num_times_seen_before: 0
ACC: 0.6888888888888889
TPR/FPR: 0.6875, 0.3103448275862069
Loss: 0.39099758863449097
Timestamp: 15.78697977400003
---------------------------------------------------------------
Candidate: 52faf7d4d51d5c43. Changes:9
Mean loss in evaluation epoch: 0.3762551248073578, epochs needed: 40
smaller, so accepting
Mean loss in evaluation epoch: 0.3788890540599823, epochs needed: 40


 Tracking generation 3
------------------------- TRACKING ---------------------------
Matrix Hash: 52faf7d4d51d5c43, num_times_seen_before: 0
ACC: 0.6666666666666667
TPR/FPR: 0.9375, 0.4827586206896552
Loss: 0.3788890540599823
Timestamp: 23.240060147999998
---------------------------------------------------------------
Candidate: d4fd6294760c6d8b. Changes:11
Mean loss in evaluation epoch: 0.3743087947368622, epochs needed: 40
smaller, so accepting
Mean loss in evaluation epoch: 0.3742174804210663, epochs needed: 40


 Tracking generation 4
------------------------- TRACKING ---------------------------
Matrix Hash: d4fd6294760c6d8b, num_times_seen_before: 0
ACC: 0.6888888888888889
TPR/FPR: 0.6875, 0.3103448275862069
Loss: 0.3742174804210663
Timestamp: 30.344414399000016
---------------------------------------------------------------
Candidate: 1e158f5bffaec915. Changes:12
Mean loss in evaluation epoch: 0.39857956767082214, epochs needed: 40
will accept with prob tensor(0.0537)
rejecting.
Mean loss in evaluation epoch: 0.37605020403862, epochs needed: 40


 Tracking generation 5
------------------------- TRACKING ---------------------------
Matrix Hash: d4fd6294760c6d8b, num_times_seen_before: 1
ACC: 0.6888888888888889
TPR/FPR: 0.6875, 0.3103448275862069
Loss: 0.37605020403862
Timestamp: 38.00030988499998
---------------------------------------------------------------
Candidate: 826635799cd38701. Changes:9
Mean loss in evaluation epoch: 0.3990323841571808, epochs needed: 40
will accept with prob tensor(0.0565)
rejecting.
Mean loss in evaluation epoch: 0.37317904829978943, epochs needed: 40


 Tracking generation 6
------------------------- TRACKING ---------------------------
Matrix Hash: d4fd6294760c6d8b, num_times_seen_before: 2
ACC: 0.6888888888888889
TPR/FPR: 0.6875, 0.3103448275862069
Loss: 0.37317904829978943
Timestamp: 45.49117732100001
---------------------------------------------------------------
Candidate: fa7bbb16265adba5. Changes:11
Mean loss in evaluation epoch: 0.4004875123500824, epochs needed: 40
will accept with prob tensor(0.0284)
rejecting.
Mean loss in evaluation epoch: 0.37364816665649414, epochs needed: 40


 Tracking generation 7
------------------------- TRACKING ---------------------------
Matrix Hash: d4fd6294760c6d8b, num_times_seen_before: 3
ACC: 0.6888888888888889
TPR/FPR: 0.6875, 0.3103448275862069
Loss: 0.37364816665649414
Timestamp: 53.09469151600001
---------------------------------------------------------------
Candidate: d4356600cd514444. Changes:7
Mean loss in evaluation epoch: 0.38325071334838867, epochs needed: 40
will accept with prob tensor(0.2700)
rejecting.
Mean loss in evaluation epoch: 0.3739742338657379, epochs needed: 40


 Tracking generation 8
------------------------- TRACKING ---------------------------
Matrix Hash: d4fd6294760c6d8b, num_times_seen_before: 4
ACC: 0.6888888888888889
TPR/FPR: 0.6875, 0.3103448275862069
Loss: 0.3739742338657379
Timestamp: 61.023734972
---------------------------------------------------------------
Candidate: 58dc02cc43c38144. Changes:11
Mean loss in evaluation epoch: 0.3848460614681244, epochs needed: 40
will accept with prob tensor(0.2116)
rejecting.
Mean loss in evaluation epoch: 0.3735129237174988, epochs needed: 40


 Tracking generation 9
------------------------- TRACKING ---------------------------
Matrix Hash: d4fd6294760c6d8b, num_times_seen_before: 5
ACC: 0.6888888888888889
TPR/FPR: 0.6875, 0.3103448275862069
Loss: 0.3735129237174988
Timestamp: 70.028962686
---------------------------------------------------------------
Candidate: 6f2a7ea3bbf1d8ee. Changes:7
Mean loss in evaluation epoch: 0.39213791489601135, epochs needed: 40
will accept with prob tensor(0.0612)
rejecting.
Mean loss in evaluation epoch: 0.3756633996963501, epochs needed: 40


 Tracking generation 10
------------------------- TRACKING ---------------------------
Matrix Hash: d4fd6294760c6d8b, num_times_seen_before: 6
ACC: 0.6888888888888889
TPR/FPR: 0.6875, 0.3103448275862069
Loss: 0.3756633996963501
Timestamp: 79.11865928100002
---------------------------------------------------------------
Candidate: c9826da5be4ceba7. Changes:10
Mean loss in evaluation epoch: 0.3765961229801178, epochs needed: 40
will accept with prob tensor(0.8631)
accepting!
Mean loss in evaluation epoch: 0.37505730986595154, epochs needed: 40


 Tracking generation 11
------------------------- TRACKING ---------------------------
Matrix Hash: c9826da5be4ceba7, num_times_seen_before: 0
ACC: 0.7333333333333334
TPR/FPR: 0.5625, 0.1724137931034483
Loss: 0.37505730986595154
Timestamp: 88.27998942200003
---------------------------------------------------------------
Candidate: 7f2532567af16918. Changes:8
Mean loss in evaluation epoch: 0.38267800211906433, epochs needed: 40
will accept with prob tensor(0.2808)
rejecting.
Mean loss in evaluation epoch: 0.37532296776771545, epochs needed: 40


 Tracking generation 12
------------------------- TRACKING ---------------------------
Matrix Hash: c9826da5be4ceba7, num_times_seen_before: 1
ACC: 0.7333333333333334
TPR/FPR: 0.5625, 0.1724137931034483
Loss: 0.37532296776771545
Timestamp: 97.06693371199998
---------------------------------------------------------------
Candidate: 429e1c9eb5403d1d. Changes:4
Mean loss in evaluation epoch: 0.369843453168869, epochs needed: 40
smaller, so accepting
Mean loss in evaluation epoch: 0.3699185252189636, epochs needed: 40


 Tracking generation 13
------------------------- TRACKING ---------------------------
Matrix Hash: 429e1c9eb5403d1d, num_times_seen_before: 0
ACC: 0.8222222222222222
TPR/FPR: 0.6875, 0.10344827586206896
Loss: 0.3699185252189636
Timestamp: 105.90293204099999
---------------------------------------------------------------
Candidate: b0e48bd4bcfb96c5. Changes:9
Mean loss in evaluation epoch: 0.37394991517066956, epochs needed: 40
will accept with prob tensor(0.4696)
rejecting.
Mean loss in evaluation epoch: 0.36920401453971863, epochs needed: 40


 Tracking generation 14
------------------------- TRACKING ---------------------------
Matrix Hash: 429e1c9eb5403d1d, num_times_seen_before: 1
ACC: 0.8222222222222222
TPR/FPR: 0.6875, 0.10344827586206896
Loss: 0.36920401453971863
Timestamp: 114.988053578
---------------------------------------------------------------
Candidate: 5f934af008ceacc8. Changes:10
Mean loss in evaluation epoch: 0.37700870633125305, epochs needed: 40
will accept with prob tensor(0.2099)
rejecting.
Mean loss in evaluation epoch: 0.36917009949684143, epochs needed: 40


 Tracking generation 15
------------------------- TRACKING ---------------------------
Matrix Hash: 429e1c9eb5403d1d, num_times_seen_before: 2
ACC: 0.8222222222222222
TPR/FPR: 0.6875, 0.10344827586206896
Loss: 0.36917009949684143
Timestamp: 124.26664865200001
---------------------------------------------------------------
Candidate: 01a3d749ac4884d6. Changes:10
Mean loss in evaluation epoch: 0.38313785195350647, epochs needed: 40
will accept with prob tensor(0.0501)
rejecting.
Mean loss in evaluation epoch: 0.37014856934547424, epochs needed: 40


 Tracking generation 16
------------------------- TRACKING ---------------------------
Matrix Hash: 429e1c9eb5403d1d, num_times_seen_before: 3
ACC: 0.8222222222222222
TPR/FPR: 0.6875, 0.10344827586206896
Loss: 0.37014856934547424
Timestamp: 131.84924635100003
---------------------------------------------------------------
Candidate: 100246f2c4f8f8ca. Changes:7
Mean loss in evaluation epoch: 0.36976319551467896, epochs needed: 40
smaller, so accepting
Mean loss in evaluation epoch: 0.36946940422058105, epochs needed: 40


 Tracking generation 17
------------------------- TRACKING ---------------------------
Matrix Hash: 100246f2c4f8f8ca, num_times_seen_before: 0
ACC: 0.8
TPR/FPR: 0.875, 0.2413793103448276
Loss: 0.36946940422058105
Timestamp: 140.83389891399997
---------------------------------------------------------------
Candidate: 3754026edd7638fc. Changes:7
Mean loss in evaluation epoch: 0.3718453645706177, epochs needed: 40
will accept with prob tensor(0.5521)
accepting!
Mean loss in evaluation epoch: 0.37216711044311523, epochs needed: 40


 Tracking generation 18
------------------------- TRACKING ---------------------------
Matrix Hash: 3754026edd7638fc, num_times_seen_before: 0
ACC: 0.7333333333333334
TPR/FPR: 0.9375, 0.3793103448275862
Loss: 0.37216711044311523
Timestamp: 150.04619834699997
---------------------------------------------------------------
Candidate: 87b4a6f87514542a. Changes:6
Mean loss in evaluation epoch: 0.3691796362400055, epochs needed: 40
smaller, so accepting
Mean loss in evaluation epoch: 0.36713406443595886, epochs needed: 40


 Tracking generation 19
------------------------- TRACKING ---------------------------
Matrix Hash: 87b4a6f87514542a, num_times_seen_before: 0
ACC: 0.7777777777777778
TPR/FPR: 1.0, 0.3448275862068966
Loss: 0.36713406443595886
Timestamp: 159.37446065999995
---------------------------------------------------------------
Candidate: 686c6e23df4d72f2. Changes:7
Mean loss in evaluation epoch: 0.3709542155265808, epochs needed: 40
will accept with prob tensor(0.3179)
accepting!
Mean loss in evaluation epoch: 0.3707793056964874, epochs needed: 40


 Tracking generation 20
------------------------- TRACKING ---------------------------
Matrix Hash: 686c6e23df4d72f2, num_times_seen_before: 0
ACC: 0.7111111111111111
TPR/FPR: 0.875, 0.3793103448275862
Loss: 0.3707793056964874
Timestamp: 168.23945776100004
---------------------------------------------------------------
Candidate: ba20b0f4a416aff4. Changes:6
Mean loss in evaluation epoch: 0.3674316704273224, epochs needed: 40
smaller, so accepting
Mean loss in evaluation epoch: 0.36632785201072693, epochs needed: 40


 Tracking generation 21
------------------------- TRACKING ---------------------------
Matrix Hash: ba20b0f4a416aff4, num_times_seen_before: 0
ACC: 0.8
TPR/FPR: 1.0, 0.3103448275862069
Loss: 0.36632785201072693
Timestamp: 177.40881797600002
---------------------------------------------------------------
Candidate: 11071b45fcff838f. Changes:7
Mean loss in evaluation epoch: 0.37185296416282654, epochs needed: 40
will accept with prob tensor(0.1259)
rejecting.
Mean loss in evaluation epoch: 0.36711153388023376, epochs needed: 40


 Tracking generation 22
------------------------- TRACKING ---------------------------
Matrix Hash: ba20b0f4a416aff4, num_times_seen_before: 1
ACC: 0.8
TPR/FPR: 1.0, 0.3103448275862069
Loss: 0.36711153388023376
Timestamp: 185.374149569
---------------------------------------------------------------
Candidate: 3b94b75a06e30b60. Changes:9
Mean loss in evaluation epoch: 0.3760375678539276, epochs needed: 40
will accept with prob tensor(0.0218)
rejecting.
Mean loss in evaluation epoch: 0.37038740515708923, epochs needed: 40


 Tracking generation 23
------------------------- TRACKING ---------------------------
Matrix Hash: ba20b0f4a416aff4, num_times_seen_before: 2
ACC: 0.8
TPR/FPR: 1.0, 0.3103448275862069
Loss: 0.37038740515708923
Timestamp: 192.599097606
---------------------------------------------------------------
Candidate: 10a6814b7c215082. Changes:5
Mean loss in evaluation epoch: 0.3660695552825928, epochs needed: 40
smaller, so accepting
Mean loss in evaluation epoch: 0.3685745894908905, epochs needed: 40


 Tracking generation 24
------------------------- TRACKING ---------------------------
Matrix Hash: 10a6814b7c215082, num_times_seen_before: 0
ACC: 0.8222222222222222
TPR/FPR: 0.875, 0.20689655172413793
Loss: 0.3685745894908905
Timestamp: 200.20108715100002
---------------------------------------------------------------
Candidate: 92cdbc43a2ccd800. Changes:5
Mean loss in evaluation epoch: 0.3708476722240448, epochs needed: 40
will accept with prob tensor(0.2557)
rejecting.
Mean loss in evaluation epoch: 0.36812344193458557, epochs needed: 40


 Tracking generation 25
------------------------- TRACKING ---------------------------
Matrix Hash: 10a6814b7c215082, num_times_seen_before: 1
ACC: 0.8222222222222222
TPR/FPR: 0.875, 0.20689655172413793
Loss: 0.36812344193458557
Timestamp: 207.77482133499996
---------------------------------------------------------------
Candidate: 4a9fbe7bb4a0aea9. Changes:15
Mean loss in evaluation epoch: 0.3952847421169281, epochs needed: 40
will accept with prob tensor(1.4223e-09)
rejecting.
Mean loss in evaluation epoch: 0.36745762825012207, epochs needed: 40


 Tracking generation 26
------------------------- TRACKING ---------------------------
Matrix Hash: 10a6814b7c215082, num_times_seen_before: 2
ACC: 0.8222222222222222
TPR/FPR: 0.875, 0.20689655172413793
Loss: 0.36745762825012207
Timestamp: 214.85197504300004
---------------------------------------------------------------
Candidate: 330f327450381d21. Changes:10
Mean loss in evaluation epoch: 0.37423640489578247, epochs needed: 40
will accept with prob tensor(0.0011)
rejecting.
Mean loss in evaluation epoch: 0.370451956987381, epochs needed: 40


 Tracking generation 27
------------------------- TRACKING ---------------------------
Matrix Hash: 10a6814b7c215082, num_times_seen_before: 3
ACC: 0.8222222222222222
TPR/FPR: 0.875, 0.20689655172413793
Loss: 0.370451956987381
Timestamp: 221.54364464800005
---------------------------------------------------------------
Candidate: 7c065582a3114e53. Changes:15
Mean loss in evaluation epoch: 0.40411901473999023, epochs needed: 40
will accept with prob tensor(1.1692e-22)
rejecting.
