../data/final/netrd/SIS/timeseries_ba10_5k_0.15.pickle
../data/final/edges_ba10.pickle
CONTINUATION: False
CONT_ADDRESS: ./hill_climbing_logs/voter_ba20_100_CONT_8ep
SEED: 0
NUM_DYN_EPOCHS: 40
DETECT_EARLY_CONVERGENCE: False
USE_EVALEPOCH_FOR_GUIDED_MUTATION: True
USE_NODEWISE_LOSS: False
USE_DYNAMIC_STEPS: True
NUM_GEN: 50
DETERMINISTIC_EVAL: True
ATTENTIONNNNNNNNNNNNNNNNNNNN RANDOM MUTATIONS
num samples: 5000
NUM_TRAIN_SAMPLES: 4999
NUM_TRAIN_BATCHES: 50
NUM_TEST_SAMPLES: 4999
NUM_TEST_BATCHES: 50
BATCH_SIZE: 100
HIDDEN_SIZE: 128
NUM_DYN_EPOCHS: 40
IS_CONTINUOUS: False
USE_MAX: False
Mean loss in evaluation epoch: 0.3891148567199707, epochs needed: 40

Generation 0
------------------------- TRACKING ---------------------------
Matrix Hash: 6f1b90fc9c8835ab, num_times_seen_before: 0
ACC: 0.4444444444444444
TPR/FPR: 0.5, 0.5862068965517241
Loss: 0.3891148567199707
Timestamp: 0
---------------------------------------------------------------
[tensor([0, 5]), tensor([1, 8]), tensor([3, 4]), tensor([3, 9]), tensor([8, 9])]
Mean loss in evaluation epoch: 0.3841070532798767, epochs needed: 40
Accepting!

Generation 1
------------------------- TRACKING ---------------------------
Matrix Hash: c611e57a5470033e, num_times_seen_before: 0
ACC: 0.5111111111111111
TPR/FPR: 0.5625, 0.5172413793103449
Loss: 0.3841070532798767
Timestamp: 9.803447665
---------------------------------------------------------------
[tensor([0, 6]), tensor([0, 7]), tensor([1, 3]), tensor([1, 5]), tensor([2, 3]), tensor([2, 4]), tensor([2, 9]), tensor([3, 9]), tensor([4, 9]), tensor([7, 9])]
Mean loss in evaluation epoch: 0.38706034421920776, epochs needed: 40
Rejecting!

Generation 2
------------------------- TRACKING ---------------------------
Matrix Hash: c611e57a5470033e, num_times_seen_before: 1
ACC: 0.5111111111111111
TPR/FPR: 0.5625, 0.5172413793103449
Loss: 0.3841070532798767
Timestamp: 20.215603087999998
---------------------------------------------------------------
[tensor([3, 6]), tensor([3, 9]), tensor([4, 9])]
Mean loss in evaluation epoch: 0.3868139684200287, epochs needed: 40
Rejecting!

Generation 3
------------------------- TRACKING ---------------------------
Matrix Hash: c611e57a5470033e, num_times_seen_before: 2
ACC: 0.5111111111111111
TPR/FPR: 0.5625, 0.5172413793103449
Loss: 0.3841070532798767
Timestamp: 29.867217194000002
---------------------------------------------------------------
[tensor([1, 3]), tensor([1, 5]), tensor([2, 7]), tensor([5, 8]), tensor([6, 8])]
Mean loss in evaluation epoch: 0.3866457939147949, epochs needed: 40
Rejecting!

Generation 4
------------------------- TRACKING ---------------------------
Matrix Hash: c611e57a5470033e, num_times_seen_before: 3
ACC: 0.5111111111111111
TPR/FPR: 0.5625, 0.5172413793103449
Loss: 0.3841070532798767
Timestamp: 39.41523639099999
---------------------------------------------------------------
[tensor([0, 3]), tensor([4, 5]), tensor([7, 8])]
Mean loss in evaluation epoch: 0.387795090675354, epochs needed: 40
Rejecting!

Generation 5
------------------------- TRACKING ---------------------------
Matrix Hash: c611e57a5470033e, num_times_seen_before: 4
ACC: 0.5111111111111111
TPR/FPR: 0.5625, 0.5172413793103449
Loss: 0.3841070532798767
Timestamp: 49.226476442999996
---------------------------------------------------------------
[tensor([0, 6]), tensor([0, 7]), tensor([5, 7]), tensor([5, 8]), tensor([7, 8])]
Mean loss in evaluation epoch: 0.38631248474121094, epochs needed: 40
Rejecting!

Generation 6
------------------------- TRACKING ---------------------------
Matrix Hash: c611e57a5470033e, num_times_seen_before: 5
ACC: 0.5111111111111111
TPR/FPR: 0.5625, 0.5172413793103449
Loss: 0.3841070532798767
Timestamp: 59.02548247600001
---------------------------------------------------------------
[tensor([0, 5])]
Mean loss in evaluation epoch: 0.38490575551986694, epochs needed: 40
Rejecting!

Generation 7
------------------------- TRACKING ---------------------------
Matrix Hash: c611e57a5470033e, num_times_seen_before: 6
ACC: 0.5111111111111111
TPR/FPR: 0.5625, 0.5172413793103449
Loss: 0.3841070532798767
Timestamp: 69.12300767800001
---------------------------------------------------------------
[tensor([1, 3]), tensor([3, 4]), tensor([3, 5]), tensor([3, 6]), tensor([3, 9]), tensor([4, 9]), tensor([7, 9])]
Mean loss in evaluation epoch: 0.38470497727394104, epochs needed: 40
Rejecting!

Generation 8
------------------------- TRACKING ---------------------------
Matrix Hash: c611e57a5470033e, num_times_seen_before: 7
ACC: 0.5111111111111111
TPR/FPR: 0.5625, 0.5172413793103449
Loss: 0.3841070532798767
Timestamp: 78.664851978
---------------------------------------------------------------
[tensor([0, 1]), tensor([0, 4]), tensor([1, 8]), tensor([1, 9]), tensor([2, 8]), tensor([5, 7]), tensor([6, 8])]
Mean loss in evaluation epoch: 0.38913336396217346, epochs needed: 40
Rejecting!

Generation 9
------------------------- TRACKING ---------------------------
Matrix Hash: c611e57a5470033e, num_times_seen_before: 8
ACC: 0.5111111111111111
TPR/FPR: 0.5625, 0.5172413793103449
Loss: 0.3841070532798767
Timestamp: 89.373877521
---------------------------------------------------------------
[tensor([3, 8])]
Mean loss in evaluation epoch: 0.38240817189216614, epochs needed: 40
Accepting!

Generation 10
------------------------- TRACKING ---------------------------
Matrix Hash: 0bd16b1ccaea01f1, num_times_seen_before: 0
ACC: 0.48888888888888893
TPR/FPR: 0.5625, 0.5517241379310345
Loss: 0.38240817189216614
Timestamp: 99.712314928
---------------------------------------------------------------
[tensor([0, 1]), tensor([0, 2]), tensor([1, 3]), tensor([3, 7]), tensor([4, 6]), tensor([4, 7]), tensor([6, 9]), tensor([7, 8])]
Mean loss in evaluation epoch: 0.3862474858760834, epochs needed: 40
Rejecting!

Generation 11
------------------------- TRACKING ---------------------------
Matrix Hash: 0bd16b1ccaea01f1, num_times_seen_before: 1
ACC: 0.48888888888888893
TPR/FPR: 0.5625, 0.5517241379310345
Loss: 0.38240817189216614
Timestamp: 110.720902072
---------------------------------------------------------------
[tensor([0, 2]), tensor([0, 6]), tensor([1, 9]), tensor([3, 8]), tensor([4, 8]), tensor([7, 8])]
Mean loss in evaluation epoch: 0.3845253586769104, epochs needed: 40
Rejecting!

Generation 12
------------------------- TRACKING ---------------------------
Matrix Hash: 0bd16b1ccaea01f1, num_times_seen_before: 2
ACC: 0.48888888888888893
TPR/FPR: 0.5625, 0.5517241379310345
Loss: 0.38240817189216614
Timestamp: 121.93609531999999
---------------------------------------------------------------
[tensor([0, 9]), tensor([1, 7]), tensor([4, 5])]
Mean loss in evaluation epoch: 0.38781777024269104, epochs needed: 40
Rejecting!

Generation 13
------------------------- TRACKING ---------------------------
Matrix Hash: 0bd16b1ccaea01f1, num_times_seen_before: 3
ACC: 0.48888888888888893
TPR/FPR: 0.5625, 0.5517241379310345
Loss: 0.38240817189216614
Timestamp: 132.883940814
---------------------------------------------------------------
[tensor([0, 3]), tensor([1, 3]), tensor([2, 3]), tensor([3, 7]), tensor([3, 8]), tensor([7, 8])]
Mean loss in evaluation epoch: 0.3844822645187378, epochs needed: 40
Rejecting!

Generation 14
------------------------- TRACKING ---------------------------
Matrix Hash: 0bd16b1ccaea01f1, num_times_seen_before: 4
ACC: 0.48888888888888893
TPR/FPR: 0.5625, 0.5517241379310345
Loss: 0.38240817189216614
Timestamp: 143.338743346
---------------------------------------------------------------
[tensor([1, 3]), tensor([2, 6]), tensor([4, 7]), tensor([6, 9])]
Mean loss in evaluation epoch: 0.3828725218772888, epochs needed: 40
Rejecting!

Generation 15
------------------------- TRACKING ---------------------------
Matrix Hash: 0bd16b1ccaea01f1, num_times_seen_before: 5
ACC: 0.48888888888888893
TPR/FPR: 0.5625, 0.5517241379310345
Loss: 0.38240817189216614
Timestamp: 153.115405874
---------------------------------------------------------------
[tensor([0, 5]), tensor([0, 6]), tensor([1, 5])]
Mean loss in evaluation epoch: 0.38649412989616394, epochs needed: 40
Rejecting!

Generation 16
------------------------- TRACKING ---------------------------
Matrix Hash: 0bd16b1ccaea01f1, num_times_seen_before: 6
ACC: 0.48888888888888893
TPR/FPR: 0.5625, 0.5517241379310345
Loss: 0.38240817189216614
Timestamp: 162.726792245
---------------------------------------------------------------
[tensor([1, 7]), tensor([5, 6]), tensor([6, 7])]
Mean loss in evaluation epoch: 0.3843736946582794, epochs needed: 40
Rejecting!

Generation 17
------------------------- TRACKING ---------------------------
Matrix Hash: 0bd16b1ccaea01f1, num_times_seen_before: 7
ACC: 0.48888888888888893
TPR/FPR: 0.5625, 0.5517241379310345
Loss: 0.38240817189216614
Timestamp: 172.280647849
---------------------------------------------------------------
[tensor([0, 8]), tensor([1, 9]), tensor([2, 8]), tensor([4, 6])]
Mean loss in evaluation epoch: 0.3837476372718811, epochs needed: 40
Rejecting!

Generation 18
------------------------- TRACKING ---------------------------
Matrix Hash: 0bd16b1ccaea01f1, num_times_seen_before: 8
ACC: 0.48888888888888893
TPR/FPR: 0.5625, 0.5517241379310345
Loss: 0.38240817189216614
Timestamp: 181.863943938
---------------------------------------------------------------
[tensor([0, 7]), tensor([1, 4]), tensor([1, 5]), tensor([1, 8]), tensor([2, 3]), tensor([2, 7]), tensor([2, 8]), tensor([3, 7]), tensor([3, 9]), tensor([5, 7]), tensor([5, 8]), tensor([7, 8]), tensor([7, 9])]
Mean loss in evaluation epoch: 0.3839191794395447, epochs needed: 40
Rejecting!

Generation 19
------------------------- TRACKING ---------------------------
Matrix Hash: 0bd16b1ccaea01f1, num_times_seen_before: 9
ACC: 0.48888888888888893
TPR/FPR: 0.5625, 0.5517241379310345
Loss: 0.38240817189216614
Timestamp: 191.463054078
---------------------------------------------------------------
[tensor([0, 9]), tensor([1, 2]), tensor([2, 9]), tensor([3, 6])]
Mean loss in evaluation epoch: 0.3840568959712982, epochs needed: 40
Rejecting!

Generation 20
------------------------- TRACKING ---------------------------
Matrix Hash: 0bd16b1ccaea01f1, num_times_seen_before: 10
ACC: 0.48888888888888893
TPR/FPR: 0.5625, 0.5517241379310345
Loss: 0.38240817189216614
Timestamp: 201.078383872
---------------------------------------------------------------
[tensor([0, 2]), tensor([0, 4]), tensor([3, 5]), tensor([5, 9])]
Mean loss in evaluation epoch: 0.3893921971321106, epochs needed: 40
Rejecting!

Generation 21
------------------------- TRACKING ---------------------------
Matrix Hash: 0bd16b1ccaea01f1, num_times_seen_before: 11
ACC: 0.48888888888888893
TPR/FPR: 0.5625, 0.5517241379310345
Loss: 0.38240817189216614
Timestamp: 210.668090532
---------------------------------------------------------------
[tensor([0, 4]), tensor([1, 2]), tensor([2, 8]), tensor([4, 5]), tensor([4, 6])]
Mean loss in evaluation epoch: 0.38426473736763, epochs needed: 40
Rejecting!

Generation 22
------------------------- TRACKING ---------------------------
Matrix Hash: 0bd16b1ccaea01f1, num_times_seen_before: 12
ACC: 0.48888888888888893
TPR/FPR: 0.5625, 0.5517241379310345
Loss: 0.38240817189216614
Timestamp: 220.650977226
---------------------------------------------------------------
[tensor([0, 8]), tensor([1, 9]), tensor([2, 3]), tensor([2, 7]), tensor([3, 4]), tensor([3, 5]), tensor([3, 8]), tensor([4, 6]), tensor([4, 9])]
Mean loss in evaluation epoch: 0.3833494186401367, epochs needed: 40
Rejecting!

Generation 23
------------------------- TRACKING ---------------------------
Matrix Hash: 0bd16b1ccaea01f1, num_times_seen_before: 13
ACC: 0.48888888888888893
TPR/FPR: 0.5625, 0.5517241379310345
Loss: 0.38240817189216614
Timestamp: 230.26782899100002
---------------------------------------------------------------
[tensor([0, 5]), tensor([1, 3]), tensor([1, 7]), tensor([1, 9]), tensor([2, 3]), tensor([2, 6]), tensor([3, 5])]
Mean loss in evaluation epoch: 0.3852495551109314, epochs needed: 40
Rejecting!

Generation 24
------------------------- TRACKING ---------------------------
Matrix Hash: 0bd16b1ccaea01f1, num_times_seen_before: 14
ACC: 0.48888888888888893
TPR/FPR: 0.5625, 0.5517241379310345
Loss: 0.38240817189216614
Timestamp: 239.86533333499997
---------------------------------------------------------------
[tensor([0, 4]), tensor([0, 6]), tensor([1, 2]), tensor([2, 9]), tensor([4, 8]), tensor([4, 9]), tensor([5, 6])]
Mean loss in evaluation epoch: 0.3870367407798767, epochs needed: 40
Rejecting!

Generation 25
------------------------- TRACKING ---------------------------
Matrix Hash: 0bd16b1ccaea01f1, num_times_seen_before: 15
ACC: 0.48888888888888893
TPR/FPR: 0.5625, 0.5517241379310345
Loss: 0.38240817189216614
Timestamp: 249.45503767199997
---------------------------------------------------------------
[tensor([1, 3]), tensor([1, 7]), tensor([1, 8]), tensor([2, 4]), tensor([2, 6]), tensor([3, 8]), tensor([4, 7]), tensor([5, 6])]
Mean loss in evaluation epoch: 0.3854402005672455, epochs needed: 40
Rejecting!

Generation 26
------------------------- TRACKING ---------------------------
Matrix Hash: 0bd16b1ccaea01f1, num_times_seen_before: 16
ACC: 0.48888888888888893
TPR/FPR: 0.5625, 0.5517241379310345
Loss: 0.38240817189216614
Timestamp: 259.11769523199996
---------------------------------------------------------------
[tensor([0, 3]), tensor([3, 5]), tensor([3, 9]), tensor([5, 9])]
Mean loss in evaluation epoch: 0.388427197933197, epochs needed: 40
Rejecting!

Generation 27
------------------------- TRACKING ---------------------------
Matrix Hash: 0bd16b1ccaea01f1, num_times_seen_before: 17
ACC: 0.48888888888888893
TPR/FPR: 0.5625, 0.5517241379310345
Loss: 0.38240817189216614
Timestamp: 269.348759277
---------------------------------------------------------------
[tensor([0, 2]), tensor([1, 2]), tensor([1, 9]), tensor([4, 7])]
Mean loss in evaluation epoch: 0.38529810309410095, epochs needed: 40
Rejecting!

Generation 28
------------------------- TRACKING ---------------------------
Matrix Hash: 0bd16b1ccaea01f1, num_times_seen_before: 18
ACC: 0.48888888888888893
TPR/FPR: 0.5625, 0.5517241379310345
Loss: 0.38240817189216614
Timestamp: 279.671322435
---------------------------------------------------------------
[tensor([0, 9]), tensor([1, 5]), tensor([7, 8])]
Mean loss in evaluation epoch: 0.3849216401576996, epochs needed: 40
Rejecting!

Generation 29
------------------------- TRACKING ---------------------------
Matrix Hash: 0bd16b1ccaea01f1, num_times_seen_before: 19
ACC: 0.48888888888888893
TPR/FPR: 0.5625, 0.5517241379310345
Loss: 0.38240817189216614
Timestamp: 289.52341677799996
---------------------------------------------------------------
[tensor([1, 5]), tensor([1, 9]), tensor([2, 5]), tensor([3, 4]), tensor([3, 5]), tensor([4, 7]), tensor([4, 8]), tensor([5, 9]), tensor([8, 9])]
Mean loss in evaluation epoch: 0.3826937675476074, epochs needed: 40
Rejecting!

Generation 30
------------------------- TRACKING ---------------------------
Matrix Hash: 0bd16b1ccaea01f1, num_times_seen_before: 20
ACC: 0.48888888888888893
TPR/FPR: 0.5625, 0.5517241379310345
Loss: 0.38240817189216614
Timestamp: 300.47255974399997
---------------------------------------------------------------
[tensor([0, 6]), tensor([1, 6]), tensor([1, 8]), tensor([3, 5]), tensor([3, 6]), tensor([7, 9])]
Mean loss in evaluation epoch: 0.3867480456829071, epochs needed: 40
Rejecting!

Generation 31
------------------------- TRACKING ---------------------------
Matrix Hash: 0bd16b1ccaea01f1, num_times_seen_before: 21
ACC: 0.48888888888888893
TPR/FPR: 0.5625, 0.5517241379310345
Loss: 0.38240817189216614
Timestamp: 310.95018906499996
---------------------------------------------------------------
[tensor([0, 3]), tensor([0, 7]), tensor([2, 4]), tensor([2, 6]), tensor([4, 6])]
Mean loss in evaluation epoch: 0.3854697346687317, epochs needed: 40
Rejecting!

Generation 32
------------------------- TRACKING ---------------------------
Matrix Hash: 0bd16b1ccaea01f1, num_times_seen_before: 22
ACC: 0.48888888888888893
TPR/FPR: 0.5625, 0.5517241379310345
Loss: 0.38240817189216614
Timestamp: 320.69568885599995
---------------------------------------------------------------
[tensor([2, 3]), tensor([2, 5]), tensor([2, 9]), tensor([3, 7]), tensor([4, 5])]
Mean loss in evaluation epoch: 0.3828445374965668, epochs needed: 40
Rejecting!

Generation 33
------------------------- TRACKING ---------------------------
Matrix Hash: 0bd16b1ccaea01f1, num_times_seen_before: 23
ACC: 0.48888888888888893
TPR/FPR: 0.5625, 0.5517241379310345
Loss: 0.38240817189216614
Timestamp: 330.43748395
---------------------------------------------------------------
[tensor([0, 2]), tensor([1, 4]), tensor([3, 9]), tensor([5, 7])]
Mean loss in evaluation epoch: 0.38360533118247986, epochs needed: 40
Rejecting!

Generation 34
------------------------- TRACKING ---------------------------
Matrix Hash: 0bd16b1ccaea01f1, num_times_seen_before: 24
ACC: 0.48888888888888893
TPR/FPR: 0.5625, 0.5517241379310345
Loss: 0.38240817189216614
Timestamp: 340.213784116
---------------------------------------------------------------
[tensor([1, 4]), tensor([1, 6]), tensor([4, 5])]
Mean loss in evaluation epoch: 0.3870452046394348, epochs needed: 40
Rejecting!

Generation 35
------------------------- TRACKING ---------------------------
Matrix Hash: 0bd16b1ccaea01f1, num_times_seen_before: 25
ACC: 0.48888888888888893
TPR/FPR: 0.5625, 0.5517241379310345
Loss: 0.38240817189216614
Timestamp: 349.94440401199995
---------------------------------------------------------------
[tensor([0, 4]), tensor([0, 6]), tensor([2, 9]), tensor([3, 6]), tensor([4, 5]), tensor([8, 9])]
Mean loss in evaluation epoch: 0.39006170630455017, epochs needed: 40
Rejecting!

Generation 36
------------------------- TRACKING ---------------------------
Matrix Hash: 0bd16b1ccaea01f1, num_times_seen_before: 26
ACC: 0.48888888888888893
TPR/FPR: 0.5625, 0.5517241379310345
Loss: 0.38240817189216614
Timestamp: 359.68558941
---------------------------------------------------------------
[tensor([1, 2]), tensor([3, 8])]
Mean loss in evaluation epoch: 0.3836672604084015, epochs needed: 40
Rejecting!

Generation 37
------------------------- TRACKING ---------------------------
Matrix Hash: 0bd16b1ccaea01f1, num_times_seen_before: 27
ACC: 0.48888888888888893
TPR/FPR: 0.5625, 0.5517241379310345
Loss: 0.38240817189216614
Timestamp: 369.386321878
---------------------------------------------------------------
[tensor([2, 8]), tensor([2, 9])]
Mean loss in evaluation epoch: 0.3834877014160156, epochs needed: 40
Rejecting!

Generation 38
------------------------- TRACKING ---------------------------
Matrix Hash: 0bd16b1ccaea01f1, num_times_seen_before: 28
ACC: 0.48888888888888893
TPR/FPR: 0.5625, 0.5517241379310345
Loss: 0.38240817189216614
Timestamp: 379.098076838
---------------------------------------------------------------
[tensor([1, 2]), tensor([1, 7]), tensor([2, 4]), tensor([2, 6]), tensor([2, 7]), tensor([5, 6])]
Mean loss in evaluation epoch: 0.3861360549926758, epochs needed: 40
Rejecting!

Generation 39
------------------------- TRACKING ---------------------------
Matrix Hash: 0bd16b1ccaea01f1, num_times_seen_before: 29
ACC: 0.48888888888888893
TPR/FPR: 0.5625, 0.5517241379310345
Loss: 0.38240817189216614
Timestamp: 388.995759029
---------------------------------------------------------------
[tensor([3, 6]), tensor([3, 8]), tensor([6, 7])]
Mean loss in evaluation epoch: 0.3868754506111145, epochs needed: 40
Rejecting!

Generation 40
------------------------- TRACKING ---------------------------
Matrix Hash: 0bd16b1ccaea01f1, num_times_seen_before: 30
ACC: 0.48888888888888893
TPR/FPR: 0.5625, 0.5517241379310345
Loss: 0.38240817189216614
Timestamp: 398.63843696
---------------------------------------------------------------
[tensor([0, 9]), tensor([1, 4]), tensor([4, 5]), tensor([4, 6]), tensor([5, 9]), tensor([6, 7])]
Mean loss in evaluation epoch: 0.38198715448379517, epochs needed: 40
Accepting!

Generation 41
------------------------- TRACKING ---------------------------
Matrix Hash: d3194f57b1f8cd43, num_times_seen_before: 0
ACC: 0.6222222222222222
TPR/FPR: 0.75, 0.4482758620689655
Loss: 0.38198715448379517
Timestamp: 408.22686206799995
---------------------------------------------------------------
[tensor([2, 9]), tensor([3, 5]), tensor([7, 8])]
Mean loss in evaluation epoch: 0.3861575126647949, epochs needed: 40
Rejecting!

Generation 42
------------------------- TRACKING ---------------------------
Matrix Hash: d3194f57b1f8cd43, num_times_seen_before: 1
ACC: 0.6222222222222222
TPR/FPR: 0.75, 0.4482758620689655
Loss: 0.38198715448379517
Timestamp: 417.764181845
---------------------------------------------------------------
[tensor([0, 1]), tensor([4, 5])]
Mean loss in evaluation epoch: 0.38277244567871094, epochs needed: 40
Rejecting!

Generation 43
------------------------- TRACKING ---------------------------
Matrix Hash: d3194f57b1f8cd43, num_times_seen_before: 2
ACC: 0.6222222222222222
TPR/FPR: 0.75, 0.4482758620689655
Loss: 0.38198715448379517
Timestamp: 427.081371254
---------------------------------------------------------------
[tensor([4, 6])]
Mean loss in evaluation epoch: 0.38453200459480286, epochs needed: 40
Rejecting!

Generation 44
------------------------- TRACKING ---------------------------
Matrix Hash: d3194f57b1f8cd43, num_times_seen_before: 3
ACC: 0.6222222222222222
TPR/FPR: 0.75, 0.4482758620689655
Loss: 0.38198715448379517
Timestamp: 436.373112609
---------------------------------------------------------------
[tensor([0, 3]), tensor([1, 3]), tensor([1, 4]), tensor([2, 6]), tensor([5, 7])]
Mean loss in evaluation epoch: 0.38553184270858765, epochs needed: 40
Rejecting!

Generation 45
------------------------- TRACKING ---------------------------
Matrix Hash: d3194f57b1f8cd43, num_times_seen_before: 4
ACC: 0.6222222222222222
TPR/FPR: 0.75, 0.4482758620689655
Loss: 0.38198715448379517
Timestamp: 445.698329936
---------------------------------------------------------------
[tensor([0, 5]), tensor([0, 8]), tensor([1, 5]), tensor([2, 3]), tensor([2, 9]), tensor([4, 7]), tensor([6, 7])]
Mean loss in evaluation epoch: 0.38513052463531494, epochs needed: 40
Rejecting!

Generation 46
------------------------- TRACKING ---------------------------
Matrix Hash: d3194f57b1f8cd43, num_times_seen_before: 5
ACC: 0.6222222222222222
TPR/FPR: 0.75, 0.4482758620689655
Loss: 0.38198715448379517
Timestamp: 454.991063371
---------------------------------------------------------------
[tensor([1, 6]), tensor([4, 9]), tensor([5, 7]), tensor([6, 7]), tensor([7, 9])]
Mean loss in evaluation epoch: 0.3848550319671631, epochs needed: 40
Rejecting!

Generation 47
------------------------- TRACKING ---------------------------
Matrix Hash: d3194f57b1f8cd43, num_times_seen_before: 6
ACC: 0.6222222222222222
TPR/FPR: 0.75, 0.4482758620689655
Loss: 0.38198715448379517
Timestamp: 464.287072424
---------------------------------------------------------------
[tensor([1, 3]), tensor([2, 5]), tensor([3, 6]), tensor([3, 7])]
Mean loss in evaluation epoch: 0.3825543522834778, epochs needed: 40
Rejecting!

Generation 48
------------------------- TRACKING ---------------------------
Matrix Hash: d3194f57b1f8cd43, num_times_seen_before: 7
ACC: 0.6222222222222222
TPR/FPR: 0.75, 0.4482758620689655
Loss: 0.38198715448379517
Timestamp: 473.57317122999996
---------------------------------------------------------------
[tensor([0, 6]), tensor([3, 6]), tensor([6, 7]), tensor([6, 9]), tensor([8, 9])]
Mean loss in evaluation epoch: 0.3830067217350006, epochs needed: 40
Rejecting!

Generation 49
------------------------- TRACKING ---------------------------
Matrix Hash: d3194f57b1f8cd43, num_times_seen_before: 8
ACC: 0.6222222222222222
TPR/FPR: 0.75, 0.4482758620689655
Loss: 0.38198715448379517
Timestamp: 482.85545023
---------------------------------------------------------------
[tensor([0, 1]), tensor([0, 8]), tensor([2, 5]), tensor([3, 8])]
Mean loss in evaluation epoch: 0.3840170204639435, epochs needed: 40
Rejecting!
------------------------- TRACKING ---------------------------
Matrix Hash: d3194f57b1f8cd43, num_times_seen_before: 9
ACC: 0.6222222222222222
TPR/FPR: 0.75, 0.4482758620689655
Loss: 0.38198715448379517
Timestamp: 492.15697893899994
---------------------------------------------------------------
Time needed: 509.86232231900004 sec
