../data/final/cml/timeseries_ba10_1k_3.5_restart.pickle
../data/final/edges_ba10.pickle
CONTINUATION: True
CONT_ADDRESS: ./hillclimbing_logs/linear/final/heuristics_comp/deterministic/cml/ba10_1k_restart_3.5_random/2021-03-04T15_54_10.394816
SEED: 0
NUM_DYN_EPOCHS: 250
DETECT_EARLY_CONVERGENCE: False
USE_EVALEPOCH_FOR_GUIDED_MUTATION: True
USE_NODEWISE_LOSS: False
USE_DYNAMIC_STEPS: False
NUM_GEN: 50
DETERMINISTIC_EVAL: True
FREE WALK: False
ATTENTIONNNNNNNNNNNNNNNNNNNN RANDOM MUTATIONS
num samples: 1000
NUM_TRAIN_SAMPLES: 1000
NUM_TRAIN_BATCHES: 10
NUM_TEST_SAMPLES: 1000
NUM_TEST_BATCHES: 10
BATCH_SIZE: 100
HIDDEN_SIZE: 128
NUM_DYN_EPOCHS: 250
IS_CONTINUOUS: True
USE_MAX: False
Mean loss in evaluation epoch: 0.02815907634794712, epochs needed: 250

Generation 0
------------------------- TRACKING ---------------------------
Matrix Hash: 64b8feb2050d26e3, num_times_seen_before: 0
ACC: 0.7555555555555555
TPR/FPR: 0.9375, 0.3448275862068966
Loss: 0.02815907634794712
Timestamp: 0
---------------------------------------------------------------
[tensor([5, 8])]
Mean loss in evaluation epoch: 0.03012731671333313, epochs needed: 250
Rejecting!

Generation 1
------------------------- TRACKING ---------------------------
Matrix Hash: 64b8feb2050d26e3, num_times_seen_before: 1
ACC: 0.7555555555555555
TPR/FPR: 0.9375, 0.3448275862068966
Loss: 0.02815907634794712
Timestamp: 48.25814718899999
---------------------------------------------------------------
[tensor([6, 8])]
Mean loss in evaluation epoch: 0.029425954446196556, epochs needed: 250
Rejecting!

Generation 2
------------------------- TRACKING ---------------------------
Matrix Hash: 64b8feb2050d26e3, num_times_seen_before: 2
ACC: 0.7555555555555555
TPR/FPR: 0.9375, 0.3448275862068966
Loss: 0.02815907634794712
Timestamp: 97.09093172599998
---------------------------------------------------------------
[tensor([5, 7])]
Mean loss in evaluation epoch: 0.0281810462474823, epochs needed: 250
Rejecting!

Generation 3
------------------------- TRACKING ---------------------------
Matrix Hash: 64b8feb2050d26e3, num_times_seen_before: 3
ACC: 0.7555555555555555
TPR/FPR: 0.9375, 0.3448275862068966
Loss: 0.02815907634794712
Timestamp: 144.601642752
---------------------------------------------------------------
[tensor([0, 8])]
Mean loss in evaluation epoch: 0.030451882630586624, epochs needed: 250
Rejecting!

Generation 4
------------------------- TRACKING ---------------------------
Matrix Hash: 64b8feb2050d26e3, num_times_seen_before: 4
ACC: 0.7555555555555555
TPR/FPR: 0.9375, 0.3448275862068966
Loss: 0.02815907634794712
Timestamp: 196.29166925799998
---------------------------------------------------------------
[tensor([3, 6])]
Mean loss in evaluation epoch: 0.027990316972136497, epochs needed: 250
Accepting!

Generation 5
------------------------- TRACKING ---------------------------
Matrix Hash: fa964af15043a5c6, num_times_seen_before: 0
ACC: 0.7333333333333334
TPR/FPR: 0.9375, 0.3793103448275862
Loss: 0.027990316972136497
Timestamp: 247.851833588
---------------------------------------------------------------
[tensor([0, 4])]
Mean loss in evaluation epoch: 0.029603028669953346, epochs needed: 250
Rejecting!

Generation 6
------------------------- TRACKING ---------------------------
Matrix Hash: fa964af15043a5c6, num_times_seen_before: 1
ACC: 0.7333333333333334
TPR/FPR: 0.9375, 0.3793103448275862
Loss: 0.027990316972136497
Timestamp: 298.020558424
---------------------------------------------------------------
[tensor([2, 7])]
Mean loss in evaluation epoch: 0.027405181899666786, epochs needed: 250
Accepting!

Generation 7
------------------------- TRACKING ---------------------------
Matrix Hash: 132e0a2c2cc1dd90, num_times_seen_before: 0
ACC: 0.7555555555555555
TPR/FPR: 0.9375, 0.3448275862068966
Loss: 0.027405181899666786
Timestamp: 346.935057061
---------------------------------------------------------------
[tensor([2, 8])]
Mean loss in evaluation epoch: 0.028976310044527054, epochs needed: 250
Rejecting!

Generation 8
------------------------- TRACKING ---------------------------
Matrix Hash: 132e0a2c2cc1dd90, num_times_seen_before: 1
ACC: 0.7555555555555555
TPR/FPR: 0.9375, 0.3448275862068966
Loss: 0.027405181899666786
Timestamp: 396.38841709900004
---------------------------------------------------------------
[tensor([4, 9])]
Mean loss in evaluation epoch: 0.028421012684702873, epochs needed: 250
Rejecting!

Generation 9
------------------------- TRACKING ---------------------------
Matrix Hash: 132e0a2c2cc1dd90, num_times_seen_before: 2
ACC: 0.7555555555555555
TPR/FPR: 0.9375, 0.3448275862068966
Loss: 0.027405181899666786
Timestamp: 446.599184042
---------------------------------------------------------------
[tensor([0, 7])]
Mean loss in evaluation epoch: 0.028406566008925438, epochs needed: 250
Rejecting!

Generation 10
------------------------- TRACKING ---------------------------
Matrix Hash: 132e0a2c2cc1dd90, num_times_seen_before: 3
ACC: 0.7555555555555555
TPR/FPR: 0.9375, 0.3448275862068966
Loss: 0.027405181899666786
Timestamp: 495.78124329200006
---------------------------------------------------------------
[tensor([1, 7])]
Mean loss in evaluation epoch: 0.02867254428565502, epochs needed: 250
Rejecting!

Generation 11
------------------------- TRACKING ---------------------------
Matrix Hash: 132e0a2c2cc1dd90, num_times_seen_before: 4
ACC: 0.7555555555555555
TPR/FPR: 0.9375, 0.3448275862068966
Loss: 0.027405181899666786
Timestamp: 544.8542262059999
---------------------------------------------------------------
[tensor([1, 7])]
Mean loss in evaluation epoch: 0.02867254428565502, epochs needed: 250
Rejecting!

Generation 12
------------------------- TRACKING ---------------------------
Matrix Hash: 132e0a2c2cc1dd90, num_times_seen_before: 5
ACC: 0.7555555555555555
TPR/FPR: 0.9375, 0.3448275862068966
Loss: 0.027405181899666786
Timestamp: 590.707087139
---------------------------------------------------------------
[tensor([6, 8])]
Mean loss in evaluation epoch: 0.02937898598611355, epochs needed: 250
Rejecting!

Generation 13
------------------------- TRACKING ---------------------------
Matrix Hash: 132e0a2c2cc1dd90, num_times_seen_before: 6
ACC: 0.7555555555555555
TPR/FPR: 0.9375, 0.3448275862068966
Loss: 0.027405181899666786
Timestamp: 642.391231803
---------------------------------------------------------------
[tensor([3, 5])]
Mean loss in evaluation epoch: 0.02907690964639187, epochs needed: 250
Rejecting!

Generation 14
------------------------- TRACKING ---------------------------
Matrix Hash: 132e0a2c2cc1dd90, num_times_seen_before: 7
ACC: 0.7555555555555555
TPR/FPR: 0.9375, 0.3448275862068966
Loss: 0.027405181899666786
Timestamp: 693.002298353
---------------------------------------------------------------
[tensor([7, 8])]
Mean loss in evaluation epoch: 0.029501182958483696, epochs needed: 250
Rejecting!

Generation 15
------------------------- TRACKING ---------------------------
Matrix Hash: 132e0a2c2cc1dd90, num_times_seen_before: 8
ACC: 0.7555555555555555
TPR/FPR: 0.9375, 0.3448275862068966
Loss: 0.027405181899666786
Timestamp: 739.1269583
---------------------------------------------------------------
[tensor([1, 5])]
Mean loss in evaluation epoch: 0.029278485104441643, epochs needed: 250
Rejecting!

Generation 16
------------------------- TRACKING ---------------------------
Matrix Hash: 132e0a2c2cc1dd90, num_times_seen_before: 9
ACC: 0.7555555555555555
TPR/FPR: 0.9375, 0.3448275862068966
Loss: 0.027405181899666786
Timestamp: 786.46572649
---------------------------------------------------------------
[tensor([0, 1])]
Mean loss in evaluation epoch: 0.029213834553956985, epochs needed: 250
Rejecting!

Generation 17
------------------------- TRACKING ---------------------------
Matrix Hash: 132e0a2c2cc1dd90, num_times_seen_before: 10
ACC: 0.7555555555555555
TPR/FPR: 0.9375, 0.3448275862068966
Loss: 0.027405181899666786
Timestamp: 834.9525006729999
---------------------------------------------------------------
[tensor([6, 7])]
Mean loss in evaluation epoch: 0.02956857718527317, epochs needed: 250
Rejecting!

Generation 18
------------------------- TRACKING ---------------------------
Matrix Hash: 132e0a2c2cc1dd90, num_times_seen_before: 11
ACC: 0.7555555555555555
TPR/FPR: 0.9375, 0.3448275862068966
Loss: 0.027405181899666786
Timestamp: 884.986578198
---------------------------------------------------------------
[tensor([3, 7])]
Mean loss in evaluation epoch: 0.02618303708732128, epochs needed: 250
Accepting!

Generation 19
------------------------- TRACKING ---------------------------
Matrix Hash: 62d60a4c9f203e4f, num_times_seen_before: 0
ACC: 0.7777777777777778
TPR/FPR: 1.0, 0.3448275862068966
Loss: 0.02618303708732128
Timestamp: 933.757615084
---------------------------------------------------------------
[tensor([4, 7])]
Mean loss in evaluation epoch: 0.026297885924577713, epochs needed: 250
Rejecting!

Generation 20
------------------------- TRACKING ---------------------------
Matrix Hash: 62d60a4c9f203e4f, num_times_seen_before: 1
ACC: 0.7777777777777778
TPR/FPR: 1.0, 0.3448275862068966
Loss: 0.02618303708732128
Timestamp: 980.786267429
---------------------------------------------------------------
[tensor([0, 1])]
Mean loss in evaluation epoch: 0.0271065142005682, epochs needed: 250
Rejecting!

Generation 21
------------------------- TRACKING ---------------------------
Matrix Hash: 62d60a4c9f203e4f, num_times_seen_before: 2
ACC: 0.7777777777777778
TPR/FPR: 1.0, 0.3448275862068966
Loss: 0.02618303708732128
Timestamp: 1030.647567436
---------------------------------------------------------------
[tensor([7, 8])]
Mean loss in evaluation epoch: 0.02757527306675911, epochs needed: 250
Rejecting!

Generation 22
------------------------- TRACKING ---------------------------
Matrix Hash: 62d60a4c9f203e4f, num_times_seen_before: 3
ACC: 0.7777777777777778
TPR/FPR: 1.0, 0.3448275862068966
Loss: 0.02618303708732128
Timestamp: 1081.104596211
---------------------------------------------------------------
[tensor([1, 4])]
Mean loss in evaluation epoch: 0.027828484773635864, epochs needed: 250
Rejecting!

Generation 23
------------------------- TRACKING ---------------------------
Matrix Hash: 62d60a4c9f203e4f, num_times_seen_before: 4
ACC: 0.7777777777777778
TPR/FPR: 1.0, 0.3448275862068966
Loss: 0.02618303708732128
Timestamp: 1131.168743669
---------------------------------------------------------------
[tensor([1, 4])]
Mean loss in evaluation epoch: 0.027828484773635864, epochs needed: 250
Rejecting!

Generation 24
------------------------- TRACKING ---------------------------
Matrix Hash: 62d60a4c9f203e4f, num_times_seen_before: 5
ACC: 0.7777777777777778
TPR/FPR: 1.0, 0.3448275862068966
Loss: 0.02618303708732128
Timestamp: 1178.385313009
---------------------------------------------------------------
[tensor([4, 7])]
Mean loss in evaluation epoch: 0.026297885924577713, epochs needed: 250
Rejecting!

Generation 25
------------------------- TRACKING ---------------------------
Matrix Hash: 62d60a4c9f203e4f, num_times_seen_before: 6
ACC: 0.7777777777777778
TPR/FPR: 1.0, 0.3448275862068966
Loss: 0.02618303708732128
Timestamp: 1225.77455639
---------------------------------------------------------------
[tensor([5, 6])]
Mean loss in evaluation epoch: 0.027152901515364647, epochs needed: 250
Rejecting!

Generation 26
------------------------- TRACKING ---------------------------
Matrix Hash: 62d60a4c9f203e4f, num_times_seen_before: 7
ACC: 0.7777777777777778
TPR/FPR: 1.0, 0.3448275862068966
Loss: 0.02618303708732128
Timestamp: 1272.010141048
---------------------------------------------------------------
[tensor([4, 5])]
Mean loss in evaluation epoch: 0.02561137080192566, epochs needed: 250
Accepting!

Generation 27
------------------------- TRACKING ---------------------------
Matrix Hash: be28ad3f1e8d42ff, num_times_seen_before: 0
ACC: 0.8
TPR/FPR: 1.0, 0.3103448275862069
Loss: 0.02561137080192566
Timestamp: 1316.633429712
---------------------------------------------------------------
[tensor([2, 3])]
Mean loss in evaluation epoch: 0.02665582299232483, epochs needed: 250
Rejecting!

Generation 28
------------------------- TRACKING ---------------------------
Matrix Hash: be28ad3f1e8d42ff, num_times_seen_before: 1
ACC: 0.8
TPR/FPR: 1.0, 0.3103448275862069
Loss: 0.02561137080192566
Timestamp: 1366.04998608
---------------------------------------------------------------
[tensor([1, 6])]
Mean loss in evaluation epoch: 0.027849430218338966, epochs needed: 250
Rejecting!

Generation 29
------------------------- TRACKING ---------------------------
Matrix Hash: be28ad3f1e8d42ff, num_times_seen_before: 2
ACC: 0.8
TPR/FPR: 1.0, 0.3103448275862069
Loss: 0.02561137080192566
Timestamp: 1414.409922574
---------------------------------------------------------------
[tensor([1, 8])]
Mean loss in evaluation epoch: 0.02861812151968479, epochs needed: 250
Rejecting!

Generation 30
------------------------- TRACKING ---------------------------
Matrix Hash: be28ad3f1e8d42ff, num_times_seen_before: 3
ACC: 0.8
TPR/FPR: 1.0, 0.3103448275862069
Loss: 0.02561137080192566
Timestamp: 1462.306811374
---------------------------------------------------------------
[tensor([0, 4])]
Mean loss in evaluation epoch: 0.027956737205386162, epochs needed: 250
Rejecting!

Generation 31
------------------------- TRACKING ---------------------------
Matrix Hash: be28ad3f1e8d42ff, num_times_seen_before: 4
ACC: 0.8
TPR/FPR: 1.0, 0.3103448275862069
Loss: 0.02561137080192566
Timestamp: 1506.9527928109999
---------------------------------------------------------------
[tensor([4, 5])]
Mean loss in evaluation epoch: 0.02618303708732128, epochs needed: 250
Rejecting!

Generation 32
------------------------- TRACKING ---------------------------
Matrix Hash: be28ad3f1e8d42ff, num_times_seen_before: 5
ACC: 0.8
TPR/FPR: 1.0, 0.3103448275862069
Loss: 0.02561137080192566
Timestamp: 1552.602983309
---------------------------------------------------------------
[tensor([4, 8])]
Mean loss in evaluation epoch: 0.02896559052169323, epochs needed: 250
Rejecting!

Generation 33
------------------------- TRACKING ---------------------------
Matrix Hash: be28ad3f1e8d42ff, num_times_seen_before: 6
ACC: 0.8
TPR/FPR: 1.0, 0.3103448275862069
Loss: 0.02561137080192566
Timestamp: 1597.502224477
---------------------------------------------------------------
[tensor([6, 8])]
Mean loss in evaluation epoch: 0.02694529853761196, epochs needed: 250
Rejecting!

Generation 34
------------------------- TRACKING ---------------------------
Matrix Hash: be28ad3f1e8d42ff, num_times_seen_before: 7
ACC: 0.8
TPR/FPR: 1.0, 0.3103448275862069
Loss: 0.02561137080192566
Timestamp: 1643.4758600559999
---------------------------------------------------------------
[tensor([2, 4])]
Mean loss in evaluation epoch: 0.02645440213382244, epochs needed: 250
Rejecting!

Generation 35
------------------------- TRACKING ---------------------------
Matrix Hash: be28ad3f1e8d42ff, num_times_seen_before: 8
ACC: 0.8
TPR/FPR: 1.0, 0.3103448275862069
Loss: 0.02561137080192566
Timestamp: 1689.239876008
---------------------------------------------------------------
[tensor([8, 9])]
Mean loss in evaluation epoch: 0.023576227948069572, epochs needed: 250
Accepting!

Generation 36
------------------------- TRACKING ---------------------------
Matrix Hash: 01101032ca8bbaf1, num_times_seen_before: 0
ACC: 0.8222222222222222
TPR/FPR: 1.0, 0.27586206896551724
Loss: 0.023576227948069572
Timestamp: 1736.695084362
---------------------------------------------------------------
[tensor([3, 6])]
Mean loss in evaluation epoch: 0.023193394765257835, epochs needed: 250
Accepting!

Generation 37
------------------------- TRACKING ---------------------------
Matrix Hash: 57925c3cfc30e4a7, num_times_seen_before: 0
ACC: 0.8444444444444444
TPR/FPR: 1.0, 0.2413793103448276
Loss: 0.023193394765257835
Timestamp: 1780.91161346
---------------------------------------------------------------
[tensor([0, 3])]
Mean loss in evaluation epoch: 0.024880776181817055, epochs needed: 250
Rejecting!

Generation 38
------------------------- TRACKING ---------------------------
Matrix Hash: 57925c3cfc30e4a7, num_times_seen_before: 1
ACC: 0.8444444444444444
TPR/FPR: 1.0, 0.2413793103448276
Loss: 0.023193394765257835
Timestamp: 1825.838185226
---------------------------------------------------------------
[tensor([0, 6])]
Mean loss in evaluation epoch: 0.02196728251874447, epochs needed: 250
Accepting!

Generation 39
------------------------- TRACKING ---------------------------
Matrix Hash: b92a4f8d9c24f9b6, num_times_seen_before: 0
ACC: 0.8666666666666667
TPR/FPR: 1.0, 0.20689655172413793
Loss: 0.02196728251874447
Timestamp: 1874.864061476
---------------------------------------------------------------
[tensor([0, 1])]
Mean loss in evaluation epoch: 0.022965356707572937, epochs needed: 250
Rejecting!

Generation 40
------------------------- TRACKING ---------------------------
Matrix Hash: b92a4f8d9c24f9b6, num_times_seen_before: 1
ACC: 0.8666666666666667
TPR/FPR: 1.0, 0.20689655172413793
Loss: 0.02196728251874447
Timestamp: 1920.462284043
---------------------------------------------------------------
[tensor([1, 7])]
Mean loss in evaluation epoch: 0.024057254195213318, epochs needed: 250
Rejecting!

Generation 41
------------------------- TRACKING ---------------------------
Matrix Hash: b92a4f8d9c24f9b6, num_times_seen_before: 2
ACC: 0.8666666666666667
TPR/FPR: 1.0, 0.20689655172413793
Loss: 0.02196728251874447
Timestamp: 1964.323276417
---------------------------------------------------------------
[tensor([6, 9])]
Mean loss in evaluation epoch: 0.024010971188545227, epochs needed: 250
Rejecting!

Generation 42
------------------------- TRACKING ---------------------------
Matrix Hash: b92a4f8d9c24f9b6, num_times_seen_before: 3
ACC: 0.8666666666666667
TPR/FPR: 1.0, 0.20689655172413793
Loss: 0.02196728251874447
Timestamp: 2009.0099118750002
---------------------------------------------------------------
[tensor([2, 4])]
Mean loss in evaluation epoch: 0.022296687588095665, epochs needed: 250
Rejecting!

Generation 43
------------------------- TRACKING ---------------------------
Matrix Hash: b92a4f8d9c24f9b6, num_times_seen_before: 4
ACC: 0.8666666666666667
TPR/FPR: 1.0, 0.20689655172413793
Loss: 0.02196728251874447
Timestamp: 2056.076020931
---------------------------------------------------------------
[tensor([2, 4])]
Mean loss in evaluation epoch: 0.022296687588095665, epochs needed: 250
Rejecting!

Generation 44
------------------------- TRACKING ---------------------------
Matrix Hash: b92a4f8d9c24f9b6, num_times_seen_before: 5
ACC: 0.8666666666666667
TPR/FPR: 1.0, 0.20689655172413793
Loss: 0.02196728251874447
Timestamp: 2103.572842166
---------------------------------------------------------------
[tensor([4, 5])]
Mean loss in evaluation epoch: 0.02214065194129944, epochs needed: 250
Rejecting!

Generation 45
------------------------- TRACKING ---------------------------
Matrix Hash: b92a4f8d9c24f9b6, num_times_seen_before: 6
ACC: 0.8666666666666667
TPR/FPR: 1.0, 0.20689655172413793
Loss: 0.02196728251874447
Timestamp: 2147.773011777
---------------------------------------------------------------
[tensor([1, 2])]
Mean loss in evaluation epoch: 0.027465058490633965, epochs needed: 250
Rejecting!

Generation 46
------------------------- TRACKING ---------------------------
Matrix Hash: b92a4f8d9c24f9b6, num_times_seen_before: 7
ACC: 0.8666666666666667
TPR/FPR: 1.0, 0.20689655172413793
Loss: 0.02196728251874447
Timestamp: 2191.402337085
---------------------------------------------------------------
[tensor([1, 9])]
Mean loss in evaluation epoch: 0.024006372317671776, epochs needed: 250
Rejecting!

Generation 47
------------------------- TRACKING ---------------------------
Matrix Hash: b92a4f8d9c24f9b6, num_times_seen_before: 8
ACC: 0.8666666666666667
TPR/FPR: 1.0, 0.20689655172413793
Loss: 0.02196728251874447
Timestamp: 2237.608641707
---------------------------------------------------------------
[tensor([6, 7])]
Mean loss in evaluation epoch: 0.024352293461561203, epochs needed: 250
Rejecting!

Generation 48
------------------------- TRACKING ---------------------------
Matrix Hash: b92a4f8d9c24f9b6, num_times_seen_before: 9
ACC: 0.8666666666666667
TPR/FPR: 1.0, 0.20689655172413793
Loss: 0.02196728251874447
Timestamp: 2283.677847885
---------------------------------------------------------------
[tensor([6, 9])]
Mean loss in evaluation epoch: 0.024010971188545227, epochs needed: 250
Rejecting!

Generation 49
------------------------- TRACKING ---------------------------
Matrix Hash: b92a4f8d9c24f9b6, num_times_seen_before: 10
ACC: 0.8666666666666667
TPR/FPR: 1.0, 0.20689655172413793
Loss: 0.02196728251874447
Timestamp: 2328.08718266
---------------------------------------------------------------
[tensor([0, 6])]
Mean loss in evaluation epoch: 0.023193394765257835, epochs needed: 250
Rejecting!
------------------------- TRACKING ---------------------------
Matrix Hash: b92a4f8d9c24f9b6, num_times_seen_before: 11
ACC: 0.8666666666666667
TPR/FPR: 1.0, 0.20689655172413793
Loss: 0.02196728251874447
Timestamp: 2376.803816676
---------------------------------------------------------------
Time needed: 2426.8678650439997 sec
