../data/final/netrd/SIS/timeseries_ba10_1k_0.15.pickle
../data/final/edges_ba10.pickle
SEED: 0
NUM_DYN_EPOCHS: 200
DETECT_EARLY_CONVERGENCE: False
CONTINUATION: False
CONT_ADDRESS: /content/drive/MyDrive/BA_Code/hillclimbing_logs/annealing/first/2021-01-27T18_56_40.854852
USE_EVALEPOCH_FOR_GUIDED_MUTATION: False
NUM_GEN: 30
num samples: 1000
NUM_TRAIN_SAMPLES: 999
NUM_TRAIN_BATCHES: 10
NUM_TEST_SAMPLES: 999
NUM_TEST_BATCHES: 10
BATCH_SIZE: 100
HIDDEN_SIZE: 128
NUM_DYN_EPOCHS: 200
IS_CONTINUOUS: False
USE_MAX: False
Mean loss in evaluation epoch: 0.38179031014442444, epochs needed: 200


 Tracking generation 0
------------------------- TRACKING ---------------------------
Matrix Hash: 6f1b90fc9c8835ab, num_times_seen_before: 0
ACC: 0.4444444444444444
TPR/FPR: 0.5, 0.5862068965517241
Loss: 0.38179031014442444
Timestamp: 0
---------------------------------------------------------------
Candidate: ef25f0b6f60c6b50. Changes:10
Mean loss in evaluation epoch: 0.3760150372982025, epochs needed: 200
smaller, so accepting
Mean loss in evaluation epoch: 0.37686628103256226, epochs needed: 200


 Tracking generation 1
------------------------- TRACKING ---------------------------
Matrix Hash: ef25f0b6f60c6b50, num_times_seen_before: 0
ACC: 0.5777777777777777
TPR/FPR: 0.5, 0.3793103448275862
Loss: 0.37686628103256226
Timestamp: 19.322635336999998
---------------------------------------------------------------
Candidate: ff37d9da012c8257. Changes:10
Mean loss in evaluation epoch: 0.3793022334575653, epochs needed: 200
will accept with prob tensor(0.7703)
accepting!
Mean loss in evaluation epoch: 0.3797777593135834, epochs needed: 200


 Tracking generation 2
------------------------- TRACKING ---------------------------
Matrix Hash: ff37d9da012c8257, num_times_seen_before: 0
ACC: 0.6222222222222222
TPR/FPR: 0.4375, 0.27586206896551724
Loss: 0.3797777593135834
Timestamp: 38.331644225999995
---------------------------------------------------------------
Candidate: 52a6aabf066f91c9. Changes:6
Mean loss in evaluation epoch: 0.37453216314315796, epochs needed: 200
smaller, so accepting
Mean loss in evaluation epoch: 0.37475350499153137, epochs needed: 200


 Tracking generation 3
------------------------- TRACKING ---------------------------
Matrix Hash: 52a6aabf066f91c9, num_times_seen_before: 0
ACC: 0.6666666666666667
TPR/FPR: 0.4375, 0.20689655172413793
Loss: 0.37475350499153137
Timestamp: 57.740645875
---------------------------------------------------------------
Candidate: 23817c61439e32fb. Changes:11
Mean loss in evaluation epoch: 0.37903305888175964, epochs needed: 200
will accept with prob tensor(0.6103)
rejecting.
Mean loss in evaluation epoch: 0.3746776580810547, epochs needed: 200


 Tracking generation 4
------------------------- TRACKING ---------------------------
Matrix Hash: 52a6aabf066f91c9, num_times_seen_before: 1
ACC: 0.6666666666666667
TPR/FPR: 0.4375, 0.20689655172413793
Loss: 0.3746776580810547
Timestamp: 77.981427492
---------------------------------------------------------------
Candidate: 2d1d129cceba7cbb. Changes:10
Mean loss in evaluation epoch: 0.3718430995941162, epochs needed: 200
smaller, so accepting
Mean loss in evaluation epoch: 0.3721950352191925, epochs needed: 200


 Tracking generation 5
------------------------- TRACKING ---------------------------
Matrix Hash: 2d1d129cceba7cbb, num_times_seen_before: 0
ACC: 0.6222222222222222
TPR/FPR: 0.6875, 0.41379310344827586
Loss: 0.3721950352191925
Timestamp: 97.185283154
---------------------------------------------------------------
Candidate: bea9fb059257ada3. Changes:5
Mean loss in evaluation epoch: 0.37400132417678833, epochs needed: 200
will accept with prob tensor(0.7979)
accepting!
Mean loss in evaluation epoch: 0.37264910340309143, epochs needed: 200


 Tracking generation 6
------------------------- TRACKING ---------------------------
Matrix Hash: bea9fb059257ada3, num_times_seen_before: 0
ACC: 0.6444444444444444
TPR/FPR: 0.6875, 0.3793103448275862
Loss: 0.37264910340309143
Timestamp: 117.162768716
---------------------------------------------------------------
Candidate: 1418a537803f2c6e. Changes:7
Mean loss in evaluation epoch: 0.3749360144138336, epochs needed: 200
will accept with prob tensor(0.7421)
accepting!
Mean loss in evaluation epoch: 0.37450507283210754, epochs needed: 200


 Tracking generation 7
------------------------- TRACKING ---------------------------
Matrix Hash: 1418a537803f2c6e, num_times_seen_before: 0
ACC: 0.8
TPR/FPR: 0.8125, 0.20689655172413793
Loss: 0.37450507283210754
Timestamp: 137.285087021
---------------------------------------------------------------
Candidate: 1c426f5451ec055a. Changes:7
Mean loss in evaluation epoch: 0.37175771594047546, epochs needed: 200
smaller, so accepting
Mean loss in evaluation epoch: 0.37128016352653503, epochs needed: 200


 Tracking generation 8
------------------------- TRACKING ---------------------------
Matrix Hash: 1c426f5451ec055a, num_times_seen_before: 0
ACC: 0.8222222222222222
TPR/FPR: 0.875, 0.20689655172413793
Loss: 0.37128016352653503
Timestamp: 157.439483924
---------------------------------------------------------------
Candidate: 65a4b136f4712e7a. Changes:5
Mean loss in evaluation epoch: 0.3756045997142792, epochs needed: 200
will accept with prob tensor(0.5391)
accepting!
