../data/final/cml/timeseries_ba20_5k_3.5_restart.pickle
../data/final/edges_ba20.pickle
SEED: 0
BATCH_SIZE: 100
HIDDEN_SIZE: 128
NUM_DYN_EPOCHS_PER_CYCLE: 30
NUM_NET_EPOCHS_PER_CYCLE: 5
NUM_CYCLES: 100
USE_GUMBEL: True
EXPERIMENTS: 5
FORMAT: standard
num samples: 5000
------------------------- TRACKING ---------------------------
Matrix Hash: 3f11c41c2fc1fd5b, num_times_seen_before: 0
ACC: 0.5105263157894737
TPR/FPR: 0.5277777777777778, 0.4935064935064935
Loss: 0.893955409526825
Timestamp: 0
---------------------------------------------------------------
Mean Loss in Dyn Epoch 0: 0.19086480140686035
Mean Loss in Dyn Epoch 1: 0.15106813609600067
Mean Loss in Dyn Epoch 2: 0.1499081701040268
Mean Loss in Dyn Epoch 3: 0.1476641744375229
Mean Loss in Dyn Epoch 4: 0.12006582319736481
Mean Loss in Dyn Epoch 5: 0.08847717940807343
Mean Loss in Dyn Epoch 6: 0.08100633323192596
Mean Loss in Dyn Epoch 7: 0.07774700969457626
Mean Loss in Dyn Epoch 8: 0.07553810626268387
Mean Loss in Dyn Epoch 9: 0.07386483252048492
Mean Loss in Dyn Epoch 10: 0.07199345529079437
Mean Loss in Dyn Epoch 11: 0.0704166367650032
Mean Loss in Dyn Epoch 12: 0.06913065165281296
Mean Loss in Dyn Epoch 13: 0.06765440851449966
Mean Loss in Dyn Epoch 14: 0.06542542576789856
Mean Loss in Dyn Epoch 15: 0.06329087167978287
Mean Loss in Dyn Epoch 16: 0.061535224318504333
Mean Loss in Dyn Epoch 17: 0.06004641577601433
Mean Loss in Dyn Epoch 18: 0.058586444705724716
Mean Loss in Dyn Epoch 19: 0.05752753093838692
Mean Loss in Dyn Epoch 20: 0.05664188414812088
Mean Loss in Dyn Epoch 21: 0.05591980740427971
Mean Loss in Dyn Epoch 22: 0.05498764291405678
Mean Loss in Dyn Epoch 23: 0.05427328869700432
Mean Loss in Dyn Epoch 24: 0.05374929681420326
Mean Loss in Dyn Epoch 25: 0.05331508442759514
Mean Loss in Dyn Epoch 26: 0.05341044440865517
Mean Loss in Dyn Epoch 27: 0.05250900238752365
Mean Loss in Dyn Epoch 28: 0.05214519798755646
Mean Loss in Dyn Epoch 29: 0.05157657340168953
Mean Loss in Net Epoch 0: 0.04628938063979149
Mean Loss in Net Epoch 1: 0.04355085268616676
Mean Loss in Net Epoch 2: 0.041959717869758606
Mean Loss in Net Epoch 3: 0.041118741035461426
Mean Loss in Net Epoch 4: 0.040665771812200546
Tracking cycle 0
------------------------- TRACKING ---------------------------
Matrix Hash: ad3399df55d32c91, num_times_seen_before: 0
ACC: 0.718421052631579
TPR/FPR: 1.0, 0.3474025974025974
Loss: 0.042716894298791885
Timestamp: 44.333174138000004
---------------------------------------------------------------
Mean Loss in Dyn Epoch 0: 0.039715539664030075
Mean Loss in Dyn Epoch 1: 0.039006199687719345
Mean Loss in Dyn Epoch 2: 0.03845161199569702
Mean Loss in Dyn Epoch 3: 0.03870316967368126
Mean Loss in Dyn Epoch 4: 0.03793717175722122
Mean Loss in Dyn Epoch 5: 0.037680815905332565
Mean Loss in Dyn Epoch 6: 0.03736473619937897
Mean Loss in Dyn Epoch 7: 0.03734119236469269
Mean Loss in Dyn Epoch 8: 0.03731420636177063
Mean Loss in Dyn Epoch 9: 0.0377044677734375
Mean Loss in Dyn Epoch 10: 0.03697194531559944
Mean Loss in Dyn Epoch 11: 0.03684280812740326
Mean Loss in Dyn Epoch 12: 0.0368446484208107
Mean Loss in Dyn Epoch 13: 0.03685341402888298
Mean Loss in Dyn Epoch 14: 0.037540510296821594
Mean Loss in Dyn Epoch 15: 0.03672507777810097
Mean Loss in Dyn Epoch 16: 0.03636576980352402
Mean Loss in Dyn Epoch 17: 0.03654980659484863
Mean Loss in Dyn Epoch 18: 0.03654345124959946
Mean Loss in Dyn Epoch 19: 0.03616222366690636
Mean Loss in Dyn Epoch 20: 0.03620230033993721
Mean Loss in Dyn Epoch 21: 0.03622358664870262
Mean Loss in Dyn Epoch 22: 0.036505237221717834
Mean Loss in Dyn Epoch 23: 0.035978518426418304
Mean Loss in Dyn Epoch 24: 0.036167968064546585
Mean Loss in Dyn Epoch 25: 0.036549657583236694
Mean Loss in Dyn Epoch 26: 0.03621439263224602
Mean Loss in Dyn Epoch 27: 0.035913147032260895
Mean Loss in Dyn Epoch 28: 0.035904139280319214
Mean Loss in Dyn Epoch 29: 0.035971298813819885
Mean Loss in Net Epoch 0: 0.034674759954214096
Mean Loss in Net Epoch 1: 0.03171725198626518
Mean Loss in Net Epoch 2: 0.030624207109212875
Mean Loss in Net Epoch 3: 0.030373768880963326
Mean Loss in Net Epoch 4: 0.03025159053504467
Tracking cycle 1
------------------------- TRACKING ---------------------------
Matrix Hash: 18ae22e765f4d9d0, num_times_seen_before: 0
ACC: 0.9236842105263158
TPR/FPR: 1.0, 0.09415584415584416
Loss: 0.03152831643819809
Timestamp: 88.296693139
---------------------------------------------------------------
Mean Loss in Dyn Epoch 0: 0.03425155207514763
Mean Loss in Dyn Epoch 1: 0.027503175660967827
Mean Loss in Dyn Epoch 2: 0.02686677873134613
Mean Loss in Dyn Epoch 3: 0.02671714313328266
Mean Loss in Dyn Epoch 4: 0.026363298296928406
Mean Loss in Dyn Epoch 5: 0.026168091222643852
Mean Loss in Dyn Epoch 6: 0.026012714952230453
Mean Loss in Dyn Epoch 7: 0.025997038930654526
Mean Loss in Dyn Epoch 8: 0.025792540982365608
Mean Loss in Dyn Epoch 9: 0.025907671079039574
Mean Loss in Dyn Epoch 10: 0.025799831375479698
Mean Loss in Dyn Epoch 11: 0.025690602138638496
Mean Loss in Dyn Epoch 12: 0.02586979791522026
Mean Loss in Dyn Epoch 13: 0.025580771267414093
Mean Loss in Dyn Epoch 14: 0.025565778836607933
Mean Loss in Dyn Epoch 15: 0.025696661323308945
Mean Loss in Dyn Epoch 16: 0.025574002414941788
Mean Loss in Dyn Epoch 17: 0.02572460100054741
Mean Loss in Dyn Epoch 18: 0.0256093367934227
Mean Loss in Dyn Epoch 19: 0.025535183027386665
Mean Loss in Dyn Epoch 20: 0.02546362765133381
Mean Loss in Dyn Epoch 21: 0.025430483743548393
Mean Loss in Dyn Epoch 22: 0.025454070419073105
Mean Loss in Dyn Epoch 23: 0.025433408096432686
Mean Loss in Dyn Epoch 24: 0.025313086807727814
Mean Loss in Dyn Epoch 25: 0.025353698059916496
Mean Loss in Dyn Epoch 26: 0.025386009365320206
Mean Loss in Dyn Epoch 27: 0.025232428684830666
Mean Loss in Dyn Epoch 28: 0.025389276444911957
Mean Loss in Dyn Epoch 29: 0.02535288967192173
Mean Loss in Net Epoch 0: 0.022674011066555977
Mean Loss in Net Epoch 1: 0.017480161041021347
Mean Loss in Net Epoch 2: 0.016939930617809296
Mean Loss in Net Epoch 3: 0.016765329986810684
Mean Loss in Net Epoch 4: 0.016717232763767242
Tracking cycle 2
------------------------- TRACKING ---------------------------
Matrix Hash: 76fe0b873b05f448, num_times_seen_before: 0
ACC: 0.9736842105263158
TPR/FPR: 0.9027777777777778, 0.00974025974025974
Loss: 0.01811533235013485
Timestamp: 131.79693988399998
---------------------------------------------------------------
Mean Loss in Dyn Epoch 0: 0.02721569500863552
Mean Loss in Dyn Epoch 1: 0.021046873182058334
Mean Loss in Dyn Epoch 2: 0.019858893007040024
Mean Loss in Dyn Epoch 3: 0.018720390275120735
Mean Loss in Dyn Epoch 4: 0.018013812601566315
Mean Loss in Dyn Epoch 5: 0.017519498243927956
Mean Loss in Dyn Epoch 6: 0.01737002283334732
Mean Loss in Dyn Epoch 7: 0.017074327915906906
Mean Loss in Dyn Epoch 8: 0.01705850474536419
Mean Loss in Dyn Epoch 9: 0.016998087987303734
Mean Loss in Dyn Epoch 10: 0.017032574862241745
Mean Loss in Dyn Epoch 11: 0.01669825054705143
Mean Loss in Dyn Epoch 12: 0.017035653814673424
Mean Loss in Dyn Epoch 13: 0.016779791563749313
Mean Loss in Dyn Epoch 14: 0.016540130600333214
Mean Loss in Dyn Epoch 15: 0.01650027185678482
Mean Loss in Dyn Epoch 16: 0.01659591682255268
Mean Loss in Dyn Epoch 17: 0.016342630609869957
Mean Loss in Dyn Epoch 18: 0.016387151554226875
Mean Loss in Dyn Epoch 19: 0.016443124040961266
Mean Loss in Dyn Epoch 20: 0.01633649878203869
Mean Loss in Dyn Epoch 21: 0.016414083540439606
Mean Loss in Dyn Epoch 22: 0.016427315771579742
Mean Loss in Dyn Epoch 23: 0.016329478472471237
Mean Loss in Dyn Epoch 24: 0.016493065282702446
Mean Loss in Dyn Epoch 25: 0.016295159235596657
Mean Loss in Dyn Epoch 26: 0.016293227672576904
Mean Loss in Dyn Epoch 27: 0.016250941902399063
Mean Loss in Dyn Epoch 28: 0.016494285315275192
Mean Loss in Dyn Epoch 29: 0.016020428389310837
Mean Loss in Net Epoch 0: 0.013268630020320415
Mean Loss in Net Epoch 1: 0.010183637030422688
Mean Loss in Net Epoch 2: 0.009674306958913803
Mean Loss in Net Epoch 3: 0.009515581652522087
Mean Loss in Net Epoch 4: 0.009414770640432835
Tracking cycle 3
------------------------- TRACKING ---------------------------
Matrix Hash: 69a627721817d75f, num_times_seen_before: 0
ACC: 0.9763157894736842
TPR/FPR: 0.875, 0.0
Loss: 0.010411384515464306
Timestamp: 175.281409737
---------------------------------------------------------------
Mean Loss in Dyn Epoch 0: 0.015358882956206799
Mean Loss in Dyn Epoch 1: 0.014164079912006855
Mean Loss in Dyn Epoch 2: 0.014838817529380322
Mean Loss in Dyn Epoch 3: 0.015238610096275806
Mean Loss in Dyn Epoch 4: 0.01416352204978466
Mean Loss in Dyn Epoch 5: 0.013772470876574516
Mean Loss in Dyn Epoch 6: 0.012625906616449356
Mean Loss in Dyn Epoch 7: 0.011155583895742893
Mean Loss in Dyn Epoch 8: 0.010602079331874847
Mean Loss in Dyn Epoch 9: 0.010209106840193272
Mean Loss in Dyn Epoch 10: 0.009902122430503368
Mean Loss in Dyn Epoch 11: 0.009007466025650501
Mean Loss in Dyn Epoch 12: 0.009110252372920513
Mean Loss in Dyn Epoch 13: 0.007795094512403011
Mean Loss in Dyn Epoch 14: 0.007820290513336658
Mean Loss in Dyn Epoch 15: 0.007541924715042114
Mean Loss in Dyn Epoch 16: 0.007418578490614891
Mean Loss in Dyn Epoch 17: 0.008261731825768948
Mean Loss in Dyn Epoch 18: 0.00818396545946598
Mean Loss in Dyn Epoch 19: 0.008940253406763077
Mean Loss in Dyn Epoch 20: 0.008069421164691448
Mean Loss in Dyn Epoch 21: 0.006727664265781641
Mean Loss in Dyn Epoch 22: 0.007213786710053682
Mean Loss in Dyn Epoch 23: 0.006501480005681515
Mean Loss in Dyn Epoch 24: 0.007303391583263874
Mean Loss in Dyn Epoch 25: 0.006481771823018789
Mean Loss in Dyn Epoch 26: 0.007394357584416866
Mean Loss in Dyn Epoch 27: 0.007960755378007889
Mean Loss in Dyn Epoch 28: 0.0077046058140695095
Mean Loss in Dyn Epoch 29: 0.007055751048028469
Mean Loss in Net Epoch 0: 0.007460169028490782
Mean Loss in Net Epoch 1: 0.00520237535238266
Mean Loss in Net Epoch 2: 0.004394330084323883
Mean Loss in Net Epoch 3: 0.004050152841955423
Mean Loss in Net Epoch 4: 0.003917889203876257
Tracking cycle 4
------------------------- TRACKING ---------------------------
Matrix Hash: 27a06185e85d7864, num_times_seen_before: 0
ACC: 1.0
TPR/FPR: 1.0, 0.0
Loss: 0.005004982929676771
Timestamp: 218.822277929
---------------------------------------------------------------
Mean Loss in Dyn Epoch 0: 0.004253181628882885
Mean Loss in Dyn Epoch 1: 0.003861153032630682
Mean Loss in Dyn Epoch 2: 0.004954752046614885
Mean Loss in Dyn Epoch 3: 0.006643376778811216
Mean Loss in Dyn Epoch 4: 0.006070060655474663
