../data/final/cml/timeseries_ba50_1k_4.pickle
../data/final/edges_ba50.pickle
CONTINUATION: False
CONT_ADDRESS: ../GA/GA_logs/final/cml_ba20_1k_4_restart_shortcut_eval/2021-03-11T03_17_31.151794
SEED: 0
NUM_DYN_EPOCHS: 200
DETECT_EARLY_CONVERGENCE: False
USE_EVALEPOCH_FOR_GUIDED_MUTATION: False
USE_NODEWISE_LOSS: True
USE_DYNAMIC_STEPS: True
NUM_GEN: 45
DETERMINISTIC_EVAL: False
FREE WALK: False
EXPERIMENTS: 5
FORMAT: standard
num samples: 1000
NUM_TRAIN_SAMPLES: 1000
NUM_TRAIN_BATCHES: 10
NUM_TEST_SAMPLES: 1000
NUM_TEST_BATCHES: 10
BATCH_SIZE: 100
HIDDEN_SIZE: 128
NUM_DYN_EPOCHS: 200
IS_CONTINUOUS: True
USE_MAX: False

Generation 0
Mean loss in evaluation epoch: [[0.07739605754613876], [0.1518937349319458], [0.11946562677621841], [0.06842914968729019], [0.07577182352542877], [0.0985242947936058], [0.11783349514007568], [0.09816611558198929], [0.09184374660253525], [0.08812201023101807], [0.1101003885269165], [0.10540758818387985], [0.09543362259864807], [0.11175639927387238], [0.10451122373342514], [0.1282658874988556], [0.1329992562532425], [0.12975680828094482], [0.09739048779010773], [0.12474914640188217], [0.11166731268167496], [0.1272607296705246], [0.1325053721666336], [0.1309107393026352], [0.12564615905284882], [0.13009755313396454], [0.12478195875883102], [0.11794131249189377], [0.1354067474603653], [0.13409817218780518], [0.1362001746892929], [0.13673990964889526], [0.1317531019449234], [0.131193146109581], [0.13199006021022797], [0.13642780482769012], [0.12115796655416489], [0.15038777887821198], [0.12413158267736435], [0.1377660036087036], [0.13896970450878143], [0.1529194861650467], [0.14041391015052795], [0.13195791840553284], [0.13648343086242676], [0.13845975697040558], [0.1393640786409378], [0.14771687984466553], [0.1404646933078766], [0.17513823509216309]], epochs needed: 200
------------------------- TRACKING ---------------------------
Matrix Hash: 5ad31ee666a8e6ff, num_times_seen_before: 0
ACC: 0.4865306122448979
TPR/FPR: 0.5, 0.5146147032772365
Loss: [[0.07739605754613876], [0.1518937349319458], [0.11946562677621841], [0.06842914968729019], [0.07577182352542877], [0.0985242947936058], [0.11783349514007568], [0.09816611558198929], [0.09184374660253525], [0.08812201023101807], [0.1101003885269165], [0.10540758818387985], [0.09543362259864807], [0.11175639927387238], [0.10451122373342514], [0.1282658874988556], [0.1329992562532425], [0.12975680828094482], [0.09739048779010773], [0.12474914640188217], [0.11166731268167496], [0.1272607296705246], [0.1325053721666336], [0.1309107393026352], [0.12564615905284882], [0.13009755313396454], [0.12478195875883102], [0.11794131249189377], [0.1354067474603653], [0.13409817218780518], [0.1362001746892929], [0.13673990964889526], [0.1317531019449234], [0.131193146109581], [0.13199006021022797], [0.13642780482769012], [0.12115796655416489], [0.15038777887821198], [0.12413158267736435], [0.1377660036087036], [0.13896970450878143], [0.1529194861650467], [0.14041391015052795], [0.13195791840553284], [0.13648343086242676], [0.13845975697040558], [0.1393640786409378], [0.14771687984466553], [0.1404646933078766], [0.17513823509216309]]
Timestamp: 0
---------------------------------------------------------------
[tensor([ 0, 17]), tensor([ 0, 24]), tensor([ 0, 28]), tensor([ 0, 49]), tensor([ 1, 19]), tensor([ 1, 49]), tensor([2, 8]), tensor([ 2, 24]), tensor([ 2, 25]), tensor([ 2, 27]), tensor([ 2, 28]), tensor([ 2, 29]), tensor([ 2, 37]), tensor([ 2, 44]), tensor([ 3, 10]), tensor([ 3, 16]), tensor([ 3, 21]), tensor([ 3, 31]), tensor([ 3, 44]), tensor([ 3, 49]), tensor([ 4, 12]), tensor([ 4, 18]), tensor([ 4, 30]), tensor([ 4, 49]), tensor([5, 8]), tensor([ 5, 21]), tensor([ 5, 40]), tensor([ 5, 47]), tensor([ 5, 49]), tensor([6, 7]), tensor([ 6, 18]), tensor([ 6, 19]), tensor([ 6, 32]), tensor([ 6, 35]), tensor([ 6, 36]), tensor([ 6, 46]), tensor([ 7, 13]), tensor([ 7, 16]), tensor([ 7, 44]), tensor([ 7, 46]), tensor([ 8, 14]), tensor([ 8, 28]), tensor([ 8, 37]), tensor([ 8, 44]), tensor([ 8, 49]), tensor([ 9, 10]), tensor([ 9, 20]), tensor([ 9, 35]), tensor([ 9, 38]), tensor([ 9, 42]), tensor([10, 21]), tensor([10, 32]), tensor([10, 37]), tensor([10, 42]), tensor([10, 43]), tensor([11, 19]), tensor([11, 38]), tensor([12, 27]), tensor([12, 37]), tensor([12, 41]), tensor([12, 45]), tensor([12, 49]), tensor([13, 42]), tensor([13, 46]), tensor([14, 47]), tensor([15, 38]), tensor([15, 44]), tensor([15, 49]), tensor([16, 19]), tensor([17, 19]), tensor([17, 20]), tensor([17, 23]), tensor([17, 26]), tensor([17, 41]), tensor([18, 20]), tensor([18, 38]), tensor([18, 49]), tensor([19, 29]), tensor([19, 46]), tensor([20, 23]), tensor([20, 35]), tensor([20, 46]), tensor([21, 38]), tensor([21, 42]), tensor([21, 44]), tensor([21, 49]), tensor([22, 35]), tensor([22, 41]), tensor([22, 49]), tensor([23, 26]), tensor([23, 28]), tensor([23, 41]), tensor([23, 46]), tensor([24, 45]), tensor([24, 49]), tensor([25, 31]), tensor([25, 41]), tensor([25, 44]), tensor([26, 28]), tensor([26, 33]), tensor([26, 34]), tensor([27, 28]), tensor([27, 37]), tensor([27, 49]), tensor([28, 29]), tensor([28, 34]), tensor([28, 37]), tensor([28, 40]), tensor([28, 49]), tensor([29, 38]), tensor([29, 44]), tensor([29, 49]), tensor([30, 35]), tensor([31, 49]), tensor([32, 38]), tensor([32, 49]), tensor([34, 47]), tensor([35, 45]), tensor([35, 46]), tensor([36, 38]), tensor([36, 49]), tensor([37, 44]), tensor([37, 47]), tensor([39, 42]), tensor([40, 49]), tensor([41, 46]), tensor([42, 43]), tensor([42, 46]), tensor([42, 49]), tensor([44, 49]), tensor([46, 49]), tensor([47, 49])]
Mean loss in evaluation epoch: [[0.0703546479344368], [0.15591131150722504], [0.13122542202472687], [0.07514427602291107], [0.0642101913690567], [0.11437046527862549], [0.07711957395076752], [0.08860520273447037], [0.11646590381860733], [0.08509843051433563], [0.08714943379163742], [0.10476022213697433], [0.09247805178165436], [0.10435570776462555], [0.12297848612070084], [0.12677031755447388], [0.1262998729944229], [0.10746317356824875], [0.08828338980674744], [0.09883392602205276], [0.11424435675144196], [0.13389882445335388], [0.1283172369003296], [0.1298009306192398], [0.11146070808172226], [0.12977592647075653], [0.11682864278554916], [0.1077655777335167], [0.1425306499004364], [0.13604992628097534], [0.12844407558441162], [0.133453831076622], [0.1261454075574875], [0.12510251998901367], [0.1253211945295334], [0.1404397338628769], [0.11979340761899948], [0.152334526181221], [0.13181768357753754], [0.13710521161556244], [0.13004527986049652], [0.1299259513616562], [0.13708095252513885], [0.12364090979099274], [0.1318202167749405], [0.13162244856357574], [0.12200602144002914], [0.132669135928154], [0.13408930599689484], [0.20428402721881866]], epochs needed: 200
count_changes: 72 / 132

Generation 1
Mean loss in evaluation epoch: [[0.08468557894229889], [0.15426576137542725], [0.11283794790506363], [0.05884448438882828], [0.06342003494501114], [0.09204082190990448], [0.08047527074813843], [0.08706864714622498], [0.09053599834442139], [0.08198942989110947], [0.09074940532445908], [0.09783454984426498], [0.09071965515613556], [0.10221655666828156], [0.11110258102416992], [0.12966307997703552], [0.1249672994017601], [0.10865062475204468], [0.08766234666109085], [0.09657483547925949], [0.09553872793912888], [0.114506796002388], [0.12751245498657227], [0.12041628360748291], [0.11113877594470978], [0.12822918593883514], [0.11777939647436142], [0.1048552617430687], [0.11764456331729889], [0.12976014614105225], [0.12827850878238678], [0.12860068678855896], [0.12714152038097382], [0.12679490447044373], [0.12411748617887497], [0.13033568859100342], [0.11350585520267487], [0.14056231081485748], [0.12306199222803116], [0.14146986603736877], [0.12858369946479797], [0.13158869743347168], [0.13323906064033508], [0.12216978520154953], [0.11262638866901398], [0.12986122071743011], [0.11983970552682877], [0.14610092341899872], [0.1336849331855774], [0.2213500738143921]], epochs needed: 200
------------------------- TRACKING ---------------------------
Matrix Hash: 988c59dce4b7007d, num_times_seen_before: 0
ACC: 0.4783673469387755
TPR/FPR: 0.5208333333333334, 0.525243578387954
Loss: [[0.08468557894229889], [0.15426576137542725], [0.11283794790506363], [0.05884448438882828], [0.06342003494501114], [0.09204082190990448], [0.08047527074813843], [0.08706864714622498], [0.09053599834442139], [0.08198942989110947], [0.09074940532445908], [0.09783454984426498], [0.09071965515613556], [0.10221655666828156], [0.11110258102416992], [0.12966307997703552], [0.1249672994017601], [0.10865062475204468], [0.08766234666109085], [0.09657483547925949], [0.09553872793912888], [0.114506796002388], [0.12751245498657227], [0.12041628360748291], [0.11113877594470978], [0.12822918593883514], [0.11777939647436142], [0.1048552617430687], [0.11764456331729889], [0.12976014614105225], [0.12827850878238678], [0.12860068678855896], [0.12714152038097382], [0.12679490447044373], [0.12411748617887497], [0.13033568859100342], [0.11350585520267487], [0.14056231081485748], [0.12306199222803116], [0.14146986603736877], [0.12858369946479797], [0.13158869743347168], [0.13323906064033508], [0.12216978520154953], [0.11262638866901398], [0.12986122071743011], [0.11983970552682877], [0.14610092341899872], [0.1336849331855774], [0.2213500738143921]]
Timestamp: 525.209411432
---------------------------------------------------------------
[tensor([0, 3]), tensor([0, 8]), tensor([ 0, 10]), tensor([ 0, 11]), tensor([ 0, 12]), tensor([ 0, 13]), tensor([ 0, 19]), tensor([ 0, 22]), tensor([ 0, 27]), tensor([ 0, 28]), tensor([ 0, 29]), tensor([ 0, 30]), tensor([ 0, 34]), tensor([ 0, 35]), tensor([ 0, 45]), tensor([ 0, 49]), tensor([1, 8]), tensor([ 1, 10]), tensor([ 1, 38]), tensor([ 1, 49]), tensor([2, 3]), tensor([ 2, 28]), tensor([ 2, 33]), tensor([ 2, 37]), tensor([ 2, 45]), tensor([ 2, 49]), tensor([ 3, 11]), tensor([ 3, 19]), tensor([ 3, 29]), tensor([ 3, 36]), tensor([ 3, 46]), tensor([ 3, 49]), tensor([ 4, 15]), tensor([ 4, 25]), tensor([5, 8]), tensor([ 5, 14]), tensor([ 5, 31]), tensor([ 5, 49]), tensor([ 6, 27]), tensor([ 6, 42]), tensor([ 7, 46]), tensor([ 8, 21]), tensor([ 8, 25]), tensor([ 8, 27]), tensor([ 8, 28]), tensor([ 8, 30]), tensor([ 8, 37]), tensor([ 8, 46]), tensor([ 9, 47]), tensor([12, 14]), tensor([12, 19]), tensor([12, 33]), tensor([12, 34]), tensor([13, 15]), tensor([13, 25]), tensor([14, 17]), tensor([14, 19]), tensor([14, 20]), tensor([14, 25]), tensor([14, 26]), tensor([14, 33]), tensor([14, 41]), tensor([15, 20]), tensor([15, 22]), tensor([15, 26]), tensor([15, 47]), tensor([17, 35]), tensor([18, 27]), tensor([19, 46]), tensor([19, 47]), tensor([21, 40]), tensor([21, 44]), tensor([22, 40]), tensor([22, 49]), tensor([23, 28]), tensor([23, 49]), tensor([24, 46]), tensor([24, 47]), tensor([25, 31]), tensor([26, 41]), tensor([28, 35]), tensor([28, 36]), tensor([28, 37]), tensor([28, 48]), tensor([28, 49]), tensor([29, 49]), tensor([31, 34]), tensor([31, 41]), tensor([31, 49]), tensor([32, 49]), tensor([33, 49]), tensor([35, 42]), tensor([36, 49]), tensor([38, 48]), tensor([40, 47]), tensor([42, 47]), tensor([43, 47]), tensor([44, 45]), tensor([44, 46]), tensor([44, 49]), tensor([45, 48]), tensor([45, 49]), tensor([47, 48]), tensor([47, 49])]
