../data/final/Voter/timeseries_ba20_5k.pickle
../data/final/edges_ba20.pickle
CONTINUATION: False
CONT_ADDRESS: ./hill_climbing_logs/voter_ba20_100_CONT_8ep
SEED: 0
NUM_DYN_EPOCHS: 40
DETECT_EARLY_CONVERGENCE: False
USE_EVALEPOCH_FOR_GUIDED_MUTATION: True
USE_NODEWISE_LOSS: False
MAX_CHANGES: 1
USE_DYNAMIC_STEPS: False
NUM_GEN: 200
ATTENTIONMNNNNNN RANDOM MUTATIONSSSSS
NUM_TRAIN_SAMPLES: 5000
NUM_TRAIN_BATCHES: 50
NUM_TEST_SAMPLES: 5000
NUM_TEST_BATCHES: 50
BATCH_SIZE: 100
HIDDEN_SIZE: 128
NUM_DYN_EPOCHS: 40
IS_CONTINUOUS: False
USE_MAX: False

Generation 0
Mean loss in evaluation epoch: 0.5386064648628235, epochs needed: 40
------------------------- TRACKING ---------------------------
Matrix Hash: bcfde9534d3bfd59, num_times_seen_before: 0
ACC: 0.4789473684210527
TPR/FPR: 0.5833333333333334, 0.5454545454545454
Loss: 0.5386064648628235
Timestamp: 0
---------------------------------------------------------------
[tensor([12, 19])]
Mean loss in evaluation epoch: 0.5383294820785522, epochs needed: 40
Accepting!

Generation 1
Mean loss in evaluation epoch: 0.5375365614891052, epochs needed: 40
------------------------- TRACKING ---------------------------
Matrix Hash: 0beb6535e4366174, num_times_seen_before: 0
ACC: 0.4842105263157894
TPR/FPR: 0.5833333333333334, 0.538961038961039
Loss: 0.5375365614891052
Timestamp: 20.541651095
---------------------------------------------------------------
[tensor([ 1, 13])]
Mean loss in evaluation epoch: 0.5380644798278809, epochs needed: 40
Rejecting!

Generation 2
Mean loss in evaluation epoch: 0.5386927127838135, epochs needed: 40
------------------------- TRACKING ---------------------------
Matrix Hash: 0beb6535e4366174, num_times_seen_before: 1
ACC: 0.4842105263157894
TPR/FPR: 0.5833333333333334, 0.538961038961039
Loss: 0.5386927127838135
Timestamp: 41.148363651
---------------------------------------------------------------
[tensor([ 1, 11])]
Mean loss in evaluation epoch: 0.5381742715835571, epochs needed: 40
Accepting!

Generation 3
Mean loss in evaluation epoch: 0.5385475754737854, epochs needed: 40
------------------------- TRACKING ---------------------------
Matrix Hash: 6ae8b4685ddef599, num_times_seen_before: 0
ACC: 0.4789473684210527
TPR/FPR: 0.5833333333333334, 0.5454545454545454
Loss: 0.5385475754737854
Timestamp: 62.027140532
---------------------------------------------------------------
[tensor([ 5, 12])]
Mean loss in evaluation epoch: 0.5387371778488159, epochs needed: 40
Rejecting!

Generation 4
Mean loss in evaluation epoch: 0.5388414859771729, epochs needed: 40
------------------------- TRACKING ---------------------------
Matrix Hash: 6ae8b4685ddef599, num_times_seen_before: 1
ACC: 0.4789473684210527
TPR/FPR: 0.5833333333333334, 0.5454545454545454
Loss: 0.5388414859771729
Timestamp: 80.96313118500001
---------------------------------------------------------------
[tensor([ 6, 16])]
Mean loss in evaluation epoch: 0.5394424200057983, epochs needed: 40
Rejecting!

Generation 5
Mean loss in evaluation epoch: 0.538432240486145, epochs needed: 40
------------------------- TRACKING ---------------------------
Matrix Hash: 6ae8b4685ddef599, num_times_seen_before: 2
ACC: 0.4789473684210527
TPR/FPR: 0.5833333333333334, 0.5454545454545454
Loss: 0.538432240486145
Timestamp: 101.504516844
---------------------------------------------------------------
[tensor([ 8, 14])]
Mean loss in evaluation epoch: 0.5390158891677856, epochs needed: 40
Rejecting!

Generation 6
Mean loss in evaluation epoch: 0.5398854613304138, epochs needed: 40
------------------------- TRACKING ---------------------------
Matrix Hash: 6ae8b4685ddef599, num_times_seen_before: 3
ACC: 0.4789473684210527
TPR/FPR: 0.5833333333333334, 0.5454545454545454
Loss: 0.5398854613304138
Timestamp: 122.38653606900002
---------------------------------------------------------------
[tensor([1, 6])]
Mean loss in evaluation epoch: 0.5397005081176758, epochs needed: 40
Accepting!

Generation 7
Mean loss in evaluation epoch: 0.5394572019577026, epochs needed: 40
------------------------- TRACKING ---------------------------
Matrix Hash: 6796ddd7bea689e4, num_times_seen_before: 0
ACC: 0.4736842105263158
TPR/FPR: 0.5833333333333334, 0.551948051948052
Loss: 0.5394572019577026
Timestamp: 142.895405095
---------------------------------------------------------------
[tensor([ 2, 16])]
Mean loss in evaluation epoch: 0.5388066172599792, epochs needed: 40
Accepting!

Generation 8
Mean loss in evaluation epoch: 0.5394451022148132, epochs needed: 40
------------------------- TRACKING ---------------------------
Matrix Hash: 35b31a8fae67b329, num_times_seen_before: 0
ACC: 0.46842105263157896
TPR/FPR: 0.5833333333333334, 0.5584415584415584
Loss: 0.5394451022148132
Timestamp: 164.601869981
---------------------------------------------------------------
[tensor([ 0, 19])]
Mean loss in evaluation epoch: 0.5385749936103821, epochs needed: 40
Accepting!

Generation 9
Mean loss in evaluation epoch: 0.5386961102485657, epochs needed: 40
------------------------- TRACKING ---------------------------
Matrix Hash: 71db4204ab514c88, num_times_seen_before: 0
ACC: 0.4736842105263158
TPR/FPR: 0.5833333333333334, 0.551948051948052
Loss: 0.5386961102485657
Timestamp: 185.232519898
---------------------------------------------------------------
[tensor([3, 8])]
Mean loss in evaluation epoch: 0.5403510332107544, epochs needed: 40
Rejecting!

Generation 10
Mean loss in evaluation epoch: 0.5389785766601562, epochs needed: 40
------------------------- TRACKING ---------------------------
Matrix Hash: 71db4204ab514c88, num_times_seen_before: 1
ACC: 0.4736842105263158
TPR/FPR: 0.5833333333333334, 0.551948051948052
Loss: 0.5389785766601562
Timestamp: 205.16950534900002
---------------------------------------------------------------
[tensor([ 9, 14])]
Mean loss in evaluation epoch: 0.5427647829055786, epochs needed: 40
Rejecting!

Generation 11
Mean loss in evaluation epoch: 0.5393286943435669, epochs needed: 40
------------------------- TRACKING ---------------------------
Matrix Hash: 71db4204ab514c88, num_times_seen_before: 2
ACC: 0.4736842105263158
TPR/FPR: 0.5833333333333334, 0.551948051948052
Loss: 0.5393286943435669
Timestamp: 225.513464778
---------------------------------------------------------------
[tensor([ 3, 13])]
Mean loss in evaluation epoch: 0.5393639206886292, epochs needed: 40
Rejecting!

Generation 12
Mean loss in evaluation epoch: 0.538428544998169, epochs needed: 40
------------------------- TRACKING ---------------------------
Matrix Hash: 71db4204ab514c88, num_times_seen_before: 3
ACC: 0.4736842105263158
TPR/FPR: 0.5833333333333334, 0.551948051948052
Loss: 0.538428544998169
Timestamp: 245.84704946800002
---------------------------------------------------------------
[tensor([ 3, 19])]
Mean loss in evaluation epoch: 0.5382935404777527, epochs needed: 40
Accepting!

Generation 13
Mean loss in evaluation epoch: 0.5382113456726074, epochs needed: 40
------------------------- TRACKING ---------------------------
Matrix Hash: 8aeeb738cdd5d0fb, num_times_seen_before: 0
ACC: 0.4789473684210527
TPR/FPR: 0.5833333333333334, 0.5454545454545454
Loss: 0.5382113456726074
Timestamp: 266.664918081
---------------------------------------------------------------
[tensor([ 9, 11])]
Mean loss in evaluation epoch: 0.5389289259910583, epochs needed: 40
Rejecting!

Generation 14
Mean loss in evaluation epoch: 0.5379208922386169, epochs needed: 40
------------------------- TRACKING ---------------------------
Matrix Hash: 8aeeb738cdd5d0fb, num_times_seen_before: 1
ACC: 0.4789473684210527
TPR/FPR: 0.5833333333333334, 0.5454545454545454
Loss: 0.5379208922386169
Timestamp: 287.01876444100003
---------------------------------------------------------------
[tensor([15, 17])]
Mean loss in evaluation epoch: 0.5378608107566833, epochs needed: 40
Accepting!

Generation 15
Mean loss in evaluation epoch: 0.537379264831543, epochs needed: 40
------------------------- TRACKING ---------------------------
Matrix Hash: 96e8f778d2cc3f67, num_times_seen_before: 0
ACC: 0.4736842105263158
TPR/FPR: 0.5833333333333334, 0.551948051948052
Loss: 0.537379264831543
Timestamp: 307.988834387
---------------------------------------------------------------
[tensor([8, 9])]
Mean loss in evaluation epoch: 0.5376926064491272, epochs needed: 40
Rejecting!

Generation 16
Mean loss in evaluation epoch: 0.5381679534912109, epochs needed: 40
------------------------- TRACKING ---------------------------
Matrix Hash: 96e8f778d2cc3f67, num_times_seen_before: 1
ACC: 0.4736842105263158
TPR/FPR: 0.5833333333333334, 0.551948051948052
Loss: 0.5381679534912109
Timestamp: 328.462243278
---------------------------------------------------------------
[tensor([12, 14])]
Mean loss in evaluation epoch: 0.5368936061859131, epochs needed: 40
Accepting!

Generation 17
Mean loss in evaluation epoch: 0.5373296737670898, epochs needed: 40
------------------------- TRACKING ---------------------------
Matrix Hash: 6986ee8031d0e89a, num_times_seen_before: 0
ACC: 0.4789473684210527
TPR/FPR: 0.5833333333333334, 0.5454545454545454
Loss: 0.5373296737670898
Timestamp: 349.111759296
---------------------------------------------------------------
[tensor([ 1, 16])]
Mean loss in evaluation epoch: 0.5363443493843079, epochs needed: 40
Accepting!

Generation 18
Mean loss in evaluation epoch: 0.5390611290931702, epochs needed: 40
------------------------- TRACKING ---------------------------
Matrix Hash: 12ab4c9d3f112b7f, num_times_seen_before: 0
ACC: 0.4842105263157894
TPR/FPR: 0.5833333333333334, 0.538961038961039
Loss: 0.5390611290931702
Timestamp: 370.288774849
---------------------------------------------------------------
[tensor([11, 15])]
Mean loss in evaluation epoch: 0.5374623537063599, epochs needed: 40
Accepting!

Generation 19
Mean loss in evaluation epoch: 0.5368251800537109, epochs needed: 40
------------------------- TRACKING ---------------------------
Matrix Hash: 0c84f13ba9053dbb, num_times_seen_before: 0
ACC: 0.4894736842105263
TPR/FPR: 0.5833333333333334, 0.5324675324675324
Loss: 0.5368251800537109
Timestamp: 390.751434826
---------------------------------------------------------------
[tensor([0, 8])]
Mean loss in evaluation epoch: 0.5380391478538513, epochs needed: 40
Rejecting!

Generation 20
Mean loss in evaluation epoch: 0.5367194414138794, epochs needed: 40
------------------------- TRACKING ---------------------------
Matrix Hash: 0c84f13ba9053dbb, num_times_seen_before: 1
ACC: 0.4894736842105263
TPR/FPR: 0.5833333333333334, 0.5324675324675324
Loss: 0.5367194414138794
Timestamp: 412.38412672600003
---------------------------------------------------------------
[tensor([ 9, 15])]
Mean loss in evaluation epoch: 0.5369702577590942, epochs needed: 40
Rejecting!

Generation 21
Mean loss in evaluation epoch: 0.5369039177894592, epochs needed: 40
------------------------- TRACKING ---------------------------
Matrix Hash: 0c84f13ba9053dbb, num_times_seen_before: 2
ACC: 0.4894736842105263
TPR/FPR: 0.5833333333333334, 0.5324675324675324
Loss: 0.5369039177894592
Timestamp: 433.557927787
---------------------------------------------------------------
[tensor([ 4, 12])]
Mean loss in evaluation epoch: 0.5385394096374512, epochs needed: 40
Rejecting!

Generation 22
Mean loss in evaluation epoch: 0.5366506576538086, epochs needed: 40
------------------------- TRACKING ---------------------------
Matrix Hash: 0c84f13ba9053dbb, num_times_seen_before: 3
ACC: 0.4894736842105263
TPR/FPR: 0.5833333333333334, 0.5324675324675324
Loss: 0.5366506576538086
Timestamp: 453.934503598
---------------------------------------------------------------
[tensor([ 5, 10])]
Mean loss in evaluation epoch: 0.5370307564735413, epochs needed: 40
Rejecting!

Generation 23
Mean loss in evaluation epoch: 0.5364494323730469, epochs needed: 40
------------------------- TRACKING ---------------------------
Matrix Hash: 0c84f13ba9053dbb, num_times_seen_before: 4
ACC: 0.4894736842105263
TPR/FPR: 0.5833333333333334, 0.5324675324675324
Loss: 0.5364494323730469
Timestamp: 475.732821713
---------------------------------------------------------------
[tensor([ 6, 11])]
Mean loss in evaluation epoch: 0.5371890664100647, epochs needed: 40
Rejecting!

Generation 24
Mean loss in evaluation epoch: 0.5367307662963867, epochs needed: 40
------------------------- TRACKING ---------------------------
Matrix Hash: 0c84f13ba9053dbb, num_times_seen_before: 5
ACC: 0.4894736842105263
TPR/FPR: 0.5833333333333334, 0.5324675324675324
Loss: 0.5367307662963867
Timestamp: 495.79505397099996
---------------------------------------------------------------
[tensor([16, 19])]
Mean loss in evaluation epoch: 0.5361549854278564, epochs needed: 40
Accepting!

Generation 25
Mean loss in evaluation epoch: 0.5363864302635193, epochs needed: 40
------------------------- TRACKING ---------------------------
Matrix Hash: 1d513dfdb75d4daf, num_times_seen_before: 0
ACC: 0.4842105263157894
TPR/FPR: 0.5833333333333334, 0.538961038961039
Loss: 0.5363864302635193
Timestamp: 517.6485169299999
---------------------------------------------------------------
[tensor([ 8, 17])]
Mean loss in evaluation epoch: 0.5354124903678894, epochs needed: 40
Accepting!

Generation 26
Mean loss in evaluation epoch: 0.5355268120765686, epochs needed: 40
------------------------- TRACKING ---------------------------
Matrix Hash: b6d563c3341360f2, num_times_seen_before: 0
ACC: 0.4894736842105263
TPR/FPR: 0.5833333333333334, 0.5324675324675324
Loss: 0.5355268120765686
Timestamp: 537.997318889
---------------------------------------------------------------
[tensor([ 7, 13])]
Mean loss in evaluation epoch: 0.53581303358078, epochs needed: 40
Rejecting!

Generation 27
Mean loss in evaluation epoch: 0.5360351204872131, epochs needed: 40
------------------------- TRACKING ---------------------------
Matrix Hash: b6d563c3341360f2, num_times_seen_before: 1
ACC: 0.4894736842105263
TPR/FPR: 0.5833333333333334, 0.5324675324675324
Loss: 0.5360351204872131
Timestamp: 557.9754704679999
---------------------------------------------------------------
[tensor([16, 19])]
Mean loss in evaluation epoch: 0.536575436592102, epochs needed: 40
Rejecting!

Generation 28
Mean loss in evaluation epoch: 0.5360289216041565, epochs needed: 40
------------------------- TRACKING ---------------------------
Matrix Hash: b6d563c3341360f2, num_times_seen_before: 2
ACC: 0.4894736842105263
TPR/FPR: 0.5833333333333334, 0.5324675324675324
Loss: 0.5360289216041565
Timestamp: 579.129997045
---------------------------------------------------------------
[tensor([ 8, 11])]
Mean loss in evaluation epoch: 0.5362456440925598, epochs needed: 40
Rejecting!

Generation 29
Mean loss in evaluation epoch: 0.5374398827552795, epochs needed: 40
------------------------- TRACKING ---------------------------
Matrix Hash: b6d563c3341360f2, num_times_seen_before: 3
ACC: 0.4894736842105263
TPR/FPR: 0.5833333333333334, 0.5324675324675324
Loss: 0.5374398827552795
Timestamp: 598.9514112999999
---------------------------------------------------------------
[tensor([10, 11])]
Mean loss in evaluation epoch: 0.5383448004722595, epochs needed: 40
Rejecting!

Generation 30
Mean loss in evaluation epoch: 0.5359130501747131, epochs needed: 40
------------------------- TRACKING ---------------------------
Matrix Hash: b6d563c3341360f2, num_times_seen_before: 4
ACC: 0.4894736842105263
TPR/FPR: 0.5833333333333334, 0.5324675324675324
Loss: 0.5359130501747131
Timestamp: 620.291808275
---------------------------------------------------------------
[tensor([12, 19])]
Mean loss in evaluation epoch: 0.5379971861839294, epochs needed: 40
Rejecting!

Generation 31
Mean loss in evaluation epoch: 0.5354322195053101, epochs needed: 40
------------------------- TRACKING ---------------------------
Matrix Hash: b6d563c3341360f2, num_times_seen_before: 5
ACC: 0.4894736842105263
TPR/FPR: 0.5833333333333334, 0.5324675324675324
Loss: 0.5354322195053101
Timestamp: 642.3099285989999
---------------------------------------------------------------
[tensor([ 9, 17])]
Mean loss in evaluation epoch: 0.5361337661743164, epochs needed: 40
Rejecting!

Generation 32
Mean loss in evaluation epoch: 0.5355210900306702, epochs needed: 40
------------------------- TRACKING ---------------------------
Matrix Hash: b6d563c3341360f2, num_times_seen_before: 6
ACC: 0.4894736842105263
TPR/FPR: 0.5833333333333334, 0.5324675324675324
Loss: 0.5355210900306702
Timestamp: 665.244625758
---------------------------------------------------------------
[tensor([4, 6])]
Mean loss in evaluation epoch: 0.5378897786140442, epochs needed: 40
Rejecting!

Generation 33
Mean loss in evaluation epoch: 0.53585284948349, epochs needed: 40
------------------------- TRACKING ---------------------------
Matrix Hash: b6d563c3341360f2, num_times_seen_before: 7
ACC: 0.4894736842105263
TPR/FPR: 0.5833333333333334, 0.5324675324675324
Loss: 0.53585284948349
Timestamp: 685.4410352609999
---------------------------------------------------------------
[tensor([14, 19])]
Mean loss in evaluation epoch: 0.5349752902984619, epochs needed: 40
Accepting!

Generation 34
Mean loss in evaluation epoch: 0.534595251083374, epochs needed: 40
------------------------- TRACKING ---------------------------
Matrix Hash: e4795598961b6c8f, num_times_seen_before: 0
ACC: 0.49473684210526314
TPR/FPR: 0.5833333333333334, 0.525974025974026
Loss: 0.534595251083374
Timestamp: 705.3622728219999
---------------------------------------------------------------
[tensor([ 5, 14])]
Mean loss in evaluation epoch: 0.5341548323631287, epochs needed: 40
Accepting!

Generation 35
Mean loss in evaluation epoch: 0.5348376035690308, epochs needed: 40
------------------------- TRACKING ---------------------------
Matrix Hash: 9dc52ec741b8ba63, num_times_seen_before: 0
ACC: 0.4894736842105263
TPR/FPR: 0.5833333333333334, 0.5324675324675324
Loss: 0.5348376035690308
Timestamp: 725.0217529429999
---------------------------------------------------------------
[tensor([1, 3])]
Mean loss in evaluation epoch: 0.5363922119140625, epochs needed: 40
Rejecting!

Generation 36
Mean loss in evaluation epoch: 0.5355684757232666, epochs needed: 40
------------------------- TRACKING ---------------------------
Matrix Hash: 9dc52ec741b8ba63, num_times_seen_before: 1
ACC: 0.4894736842105263
TPR/FPR: 0.5833333333333334, 0.5324675324675324
Loss: 0.5355684757232666
Timestamp: 745.7242291409999
---------------------------------------------------------------
[tensor([ 3, 12])]
Mean loss in evaluation epoch: 0.5324273705482483, epochs needed: 40
Accepting!

Generation 37
Mean loss in evaluation epoch: 0.5353981852531433, epochs needed: 40
------------------------- TRACKING ---------------------------
Matrix Hash: 2697869859c6af86, num_times_seen_before: 0
ACC: 0.49473684210526314
TPR/FPR: 0.6111111111111112, 0.5324675324675324
Loss: 0.5353981852531433
Timestamp: 766.684892058
---------------------------------------------------------------
[tensor([ 6, 15])]
Mean loss in evaluation epoch: 0.5331220626831055, epochs needed: 40
Accepting!

Generation 38
Mean loss in evaluation epoch: 0.5330898761749268, epochs needed: 40
------------------------- TRACKING ---------------------------
Matrix Hash: dcc6c8a33085a53d, num_times_seen_before: 0
ACC: 0.5
TPR/FPR: 0.6111111111111112, 0.525974025974026
Loss: 0.5330898761749268
Timestamp: 787.796509478
---------------------------------------------------------------
[tensor([5, 6])]
Mean loss in evaluation epoch: 0.5366153717041016, epochs needed: 40
Rejecting!

Generation 39
Mean loss in evaluation epoch: 0.5343464016914368, epochs needed: 40
------------------------- TRACKING ---------------------------
Matrix Hash: dcc6c8a33085a53d, num_times_seen_before: 1
ACC: 0.5
TPR/FPR: 0.6111111111111112, 0.525974025974026
Loss: 0.5343464016914368
Timestamp: 807.7179273109999
---------------------------------------------------------------
[tensor([15, 19])]
Mean loss in evaluation epoch: 0.5336928963661194, epochs needed: 40
Accepting!

Generation 40
Mean loss in evaluation epoch: 0.5330931544303894, epochs needed: 40
------------------------- TRACKING ---------------------------
Matrix Hash: a254700d505b03a3, num_times_seen_before: 0
ACC: 0.49473684210526314
TPR/FPR: 0.6111111111111112, 0.5324675324675324
Loss: 0.5330931544303894
Timestamp: 829.690799658
---------------------------------------------------------------
[tensor([ 3, 10])]
Mean loss in evaluation epoch: 0.535309374332428, epochs needed: 40
Rejecting!

Generation 41
Mean loss in evaluation epoch: 0.5340810418128967, epochs needed: 40
------------------------- TRACKING ---------------------------
Matrix Hash: a254700d505b03a3, num_times_seen_before: 1
ACC: 0.49473684210526314
TPR/FPR: 0.6111111111111112, 0.5324675324675324
Loss: 0.5340810418128967
Timestamp: 850.331254662
---------------------------------------------------------------
[tensor([13, 18])]
Mean loss in evaluation epoch: 0.5342056751251221, epochs needed: 40
Rejecting!

Generation 42
Mean loss in evaluation epoch: 0.533292829990387, epochs needed: 40
------------------------- TRACKING ---------------------------
Matrix Hash: a254700d505b03a3, num_times_seen_before: 2
ACC: 0.49473684210526314
TPR/FPR: 0.6111111111111112, 0.5324675324675324
Loss: 0.533292829990387
Timestamp: 871.787389394
---------------------------------------------------------------
[tensor([ 8, 10])]
Mean loss in evaluation epoch: 0.5339096784591675, epochs needed: 40
Rejecting!

Generation 43
Mean loss in evaluation epoch: 0.5349586009979248, epochs needed: 40
------------------------- TRACKING ---------------------------
Matrix Hash: a254700d505b03a3, num_times_seen_before: 3
ACC: 0.49473684210526314
TPR/FPR: 0.6111111111111112, 0.5324675324675324
Loss: 0.5349586009979248
Timestamp: 892.762230943
---------------------------------------------------------------
[tensor([11, 17])]
Mean loss in evaluation epoch: 0.5370759963989258, epochs needed: 40
Rejecting!

Generation 44
Mean loss in evaluation epoch: 0.5344546437263489, epochs needed: 40
------------------------- TRACKING ---------------------------
Matrix Hash: a254700d505b03a3, num_times_seen_before: 4
ACC: 0.49473684210526314
TPR/FPR: 0.6111111111111112, 0.5324675324675324
Loss: 0.5344546437263489
Timestamp: 914.049899387
---------------------------------------------------------------
[tensor([ 9, 16])]
Mean loss in evaluation epoch: 0.5341524481773376, epochs needed: 40
Accepting!

Generation 45
Mean loss in evaluation epoch: 0.5350600481033325, epochs needed: 40
------------------------- TRACKING ---------------------------
Matrix Hash: fbb084b35a5919e4, num_times_seen_before: 0
ACC: 0.5
TPR/FPR: 0.6111111111111112, 0.525974025974026
Loss: 0.5350600481033325
Timestamp: 934.765517341
---------------------------------------------------------------
[tensor([ 6, 19])]
Mean loss in evaluation epoch: 0.5340759754180908, epochs needed: 40
Accepting!

Generation 46
Mean loss in evaluation epoch: 0.5341307520866394, epochs needed: 40
------------------------- TRACKING ---------------------------
Matrix Hash: cfbad18c03375ea4, num_times_seen_before: 0
ACC: 0.49473684210526314
TPR/FPR: 0.6111111111111112, 0.5324675324675324
Loss: 0.5341307520866394
Timestamp: 954.7198476679999
---------------------------------------------------------------
[tensor([4, 5])]
Mean loss in evaluation epoch: 0.5333737730979919, epochs needed: 40
Accepting!

Generation 47
Mean loss in evaluation epoch: 0.5339553952217102, epochs needed: 40
------------------------- TRACKING ---------------------------
Matrix Hash: e86b2c106a6220fd, num_times_seen_before: 0
ACC: 0.5
TPR/FPR: 0.6111111111111112, 0.525974025974026
Loss: 0.5339553952217102
Timestamp: 976.545299194
---------------------------------------------------------------
[tensor([ 2, 19])]
Mean loss in evaluation epoch: 0.5336010456085205, epochs needed: 40
Accepting!

Generation 48
Mean loss in evaluation epoch: 0.5333609580993652, epochs needed: 40
------------------------- TRACKING ---------------------------
Matrix Hash: e1f0839db8d46b3e, num_times_seen_before: 0
ACC: 0.5052631578947369
TPR/FPR: 0.6111111111111112, 0.5194805194805194
Loss: 0.5333609580993652
Timestamp: 997.5412374939999
---------------------------------------------------------------
[tensor([10, 17])]
Mean loss in evaluation epoch: 0.5326157212257385, epochs needed: 40
Accepting!

Generation 49
Mean loss in evaluation epoch: 0.5335379838943481, epochs needed: 40
------------------------- TRACKING ---------------------------
Matrix Hash: 154c1baaf85eb0c4, num_times_seen_before: 0
ACC: 0.5105263157894737
TPR/FPR: 0.6111111111111112, 0.512987012987013
Loss: 0.5335379838943481
Timestamp: 1017.5647047539999
---------------------------------------------------------------
[tensor([14, 15])]
Mean loss in evaluation epoch: 0.5329053997993469, epochs needed: 40
Accepting!

Generation 50
Mean loss in evaluation epoch: 0.5331396460533142, epochs needed: 40
------------------------- TRACKING ---------------------------
Matrix Hash: 9fbf41d0f1cd352b, num_times_seen_before: 0
ACC: 0.5157894736842106
TPR/FPR: 0.6111111111111112, 0.5064935064935064
Loss: 0.5331396460533142
Timestamp: 1038.405088322
---------------------------------------------------------------
[tensor([ 1, 11])]
Mean loss in evaluation epoch: 0.5333621501922607, epochs needed: 40
Rejecting!

Generation 51
Mean loss in evaluation epoch: 0.533423900604248, epochs needed: 40
------------------------- TRACKING ---------------------------
Matrix Hash: 9fbf41d0f1cd352b, num_times_seen_before: 1
ACC: 0.5157894736842106
TPR/FPR: 0.6111111111111112, 0.5064935064935064
Loss: 0.533423900604248
Timestamp: 1059.650698082
---------------------------------------------------------------
[tensor([15, 17])]
Mean loss in evaluation epoch: 0.5334983468055725, epochs needed: 40
Rejecting!

Generation 52
Mean loss in evaluation epoch: 0.5334884524345398, epochs needed: 40
------------------------- TRACKING ---------------------------
Matrix Hash: 9fbf41d0f1cd352b, num_times_seen_before: 2
ACC: 0.5157894736842106
TPR/FPR: 0.6111111111111112, 0.5064935064935064
Loss: 0.5334884524345398
Timestamp: 1080.4460660959999
---------------------------------------------------------------
[tensor([ 7, 12])]
Mean loss in evaluation epoch: 0.533489465713501, epochs needed: 40
Rejecting!

Generation 53
Mean loss in evaluation epoch: 0.532892644405365, epochs needed: 40
------------------------- TRACKING ---------------------------
Matrix Hash: 9fbf41d0f1cd352b, num_times_seen_before: 3
ACC: 0.5157894736842106
TPR/FPR: 0.6111111111111112, 0.5064935064935064
Loss: 0.532892644405365
Timestamp: 1101.864688973
---------------------------------------------------------------
[tensor([3, 7])]
Mean loss in evaluation epoch: 0.5310463905334473, epochs needed: 40
Accepting!

Generation 54
Mean loss in evaluation epoch: 0.5316621661186218, epochs needed: 40
------------------------- TRACKING ---------------------------
Matrix Hash: 073e49489b15f9fc, num_times_seen_before: 0
ACC: 0.5210526315789474
TPR/FPR: 0.6388888888888888, 0.5064935064935064
Loss: 0.5316621661186218
Timestamp: 1122.688225048
---------------------------------------------------------------
[tensor([3, 7])]
Mean loss in evaluation epoch: 0.5335714817047119, epochs needed: 40
Rejecting!

Generation 55
Mean loss in evaluation epoch: 0.5310920476913452, epochs needed: 40
------------------------- TRACKING ---------------------------
Matrix Hash: 073e49489b15f9fc, num_times_seen_before: 1
ACC: 0.5210526315789474
TPR/FPR: 0.6388888888888888, 0.5064935064935064
Loss: 0.5310920476913452
Timestamp: 1142.441581827
---------------------------------------------------------------
[tensor([3, 7])]
Mean loss in evaluation epoch: 0.5333381295204163, epochs needed: 40
Rejecting!

Generation 56
Mean loss in evaluation epoch: 0.5309529900550842, epochs needed: 40
------------------------- TRACKING ---------------------------
Matrix Hash: 073e49489b15f9fc, num_times_seen_before: 2
ACC: 0.5210526315789474
TPR/FPR: 0.6388888888888888, 0.5064935064935064
Loss: 0.5309529900550842
Timestamp: 1162.290914712
---------------------------------------------------------------
[tensor([ 0, 14])]
Mean loss in evaluation epoch: 0.5312563180923462, epochs needed: 40
Rejecting!

Generation 57
Mean loss in evaluation epoch: 0.5317221283912659, epochs needed: 40
------------------------- TRACKING ---------------------------
Matrix Hash: 073e49489b15f9fc, num_times_seen_before: 3
ACC: 0.5210526315789474
TPR/FPR: 0.6388888888888888, 0.5064935064935064
Loss: 0.5317221283912659
Timestamp: 1183.100098614
---------------------------------------------------------------
[tensor([1, 2])]
Mean loss in evaluation epoch: 0.538352370262146, epochs needed: 40
Rejecting!

Generation 58
Mean loss in evaluation epoch: 0.5324902534484863, epochs needed: 40
------------------------- TRACKING ---------------------------
Matrix Hash: 073e49489b15f9fc, num_times_seen_before: 4
ACC: 0.5210526315789474
TPR/FPR: 0.6388888888888888, 0.5064935064935064
Loss: 0.5324902534484863
Timestamp: 1203.603514397
---------------------------------------------------------------
[tensor([ 3, 18])]
Mean loss in evaluation epoch: 0.528186023235321, epochs needed: 40
Accepting!

Generation 59
Mean loss in evaluation epoch: 0.5285970568656921, epochs needed: 40
------------------------- TRACKING ---------------------------
Matrix Hash: bd92b6d5bdd0a7e2, num_times_seen_before: 0
ACC: 0.5263157894736843
TPR/FPR: 0.6666666666666666, 0.5064935064935064
Loss: 0.5285970568656921
Timestamp: 1225.388491128
---------------------------------------------------------------
[tensor([ 7, 12])]
Mean loss in evaluation epoch: 0.5278148055076599, epochs needed: 40
Accepting!

Generation 60
Mean loss in evaluation epoch: 0.5276173949241638, epochs needed: 40
------------------------- TRACKING ---------------------------
Matrix Hash: 6c2d7422af2c3310, num_times_seen_before: 0
ACC: 0.531578947368421
TPR/FPR: 0.6666666666666666, 0.5
Loss: 0.5276173949241638
Timestamp: 1246.390347202
---------------------------------------------------------------
[tensor([ 2, 13])]
Mean loss in evaluation epoch: 0.5277694463729858, epochs needed: 40
Rejecting!

Generation 61
Mean loss in evaluation epoch: 0.527945876121521, epochs needed: 40
------------------------- TRACKING ---------------------------
Matrix Hash: 6c2d7422af2c3310, num_times_seen_before: 1
ACC: 0.531578947368421
TPR/FPR: 0.6666666666666666, 0.5
Loss: 0.527945876121521
Timestamp: 1267.595745915
---------------------------------------------------------------
[tensor([ 0, 13])]
Mean loss in evaluation epoch: 0.5307051539421082, epochs needed: 40
Rejecting!

Generation 62
Mean loss in evaluation epoch: 0.5275117754936218, epochs needed: 40
------------------------- TRACKING ---------------------------
Matrix Hash: 6c2d7422af2c3310, num_times_seen_before: 2
ACC: 0.531578947368421
TPR/FPR: 0.6666666666666666, 0.5
Loss: 0.5275117754936218
Timestamp: 1289.917495442
---------------------------------------------------------------
[tensor([16, 18])]
Mean loss in evaluation epoch: 0.5275987982749939, epochs needed: 40
Rejecting!

Generation 63
Mean loss in evaluation epoch: 0.5278591513633728, epochs needed: 40
------------------------- TRACKING ---------------------------
Matrix Hash: 6c2d7422af2c3310, num_times_seen_before: 3
ACC: 0.531578947368421
TPR/FPR: 0.6666666666666666, 0.5
Loss: 0.5278591513633728
Timestamp: 1310.543982957
---------------------------------------------------------------
[tensor([ 5, 14])]
Mean loss in evaluation epoch: 0.5292272567749023, epochs needed: 40
Rejecting!

Generation 64
Mean loss in evaluation epoch: 0.5276581645011902, epochs needed: 40
------------------------- TRACKING ---------------------------
Matrix Hash: 6c2d7422af2c3310, num_times_seen_before: 4
ACC: 0.531578947368421
TPR/FPR: 0.6666666666666666, 0.5
Loss: 0.5276581645011902
Timestamp: 1331.570757905
---------------------------------------------------------------
[tensor([ 2, 16])]
Mean loss in evaluation epoch: 0.5280035138130188, epochs needed: 40
Rejecting!

Generation 65
Mean loss in evaluation epoch: 0.5284476280212402, epochs needed: 40
------------------------- TRACKING ---------------------------
Matrix Hash: 6c2d7422af2c3310, num_times_seen_before: 5
ACC: 0.531578947368421
TPR/FPR: 0.6666666666666666, 0.5
Loss: 0.5284476280212402
Timestamp: 1352.294663631
---------------------------------------------------------------
[tensor([12, 18])]
Mean loss in evaluation epoch: 0.5266441702842712, epochs needed: 40
Accepting!

Generation 66
Mean loss in evaluation epoch: 0.5262894034385681, epochs needed: 40
------------------------- TRACKING ---------------------------
Matrix Hash: faf84594a3f2eaa8, num_times_seen_before: 0
ACC: 0.5368421052631579
TPR/FPR: 0.6666666666666666, 0.4935064935064935
Loss: 0.5262894034385681
Timestamp: 1375.040738623
---------------------------------------------------------------
[tensor([ 8, 17])]
Mean loss in evaluation epoch: 0.5274813175201416, epochs needed: 40
Rejecting!

Generation 67
Mean loss in evaluation epoch: 0.5267972350120544, epochs needed: 40
------------------------- TRACKING ---------------------------
Matrix Hash: faf84594a3f2eaa8, num_times_seen_before: 1
ACC: 0.5368421052631579
TPR/FPR: 0.6666666666666666, 0.4935064935064935
Loss: 0.5267972350120544
Timestamp: 1396.141311102
---------------------------------------------------------------
[tensor([ 6, 10])]
Mean loss in evaluation epoch: 0.5282171368598938, epochs needed: 40
Rejecting!

Generation 68
Mean loss in evaluation epoch: 0.5288801193237305, epochs needed: 40
------------------------- TRACKING ---------------------------
Matrix Hash: faf84594a3f2eaa8, num_times_seen_before: 2
ACC: 0.5368421052631579
TPR/FPR: 0.6666666666666666, 0.4935064935064935
Loss: 0.5288801193237305
Timestamp: 1417.505166443
---------------------------------------------------------------
[tensor([12, 16])]
Mean loss in evaluation epoch: 0.525981068611145, epochs needed: 40
Accepting!

Generation 69
Mean loss in evaluation epoch: 0.5263814926147461, epochs needed: 40
------------------------- TRACKING ---------------------------
Matrix Hash: 6cac47d8b751e1b0, num_times_seen_before: 0
ACC: 0.5421052631578948
TPR/FPR: 0.6666666666666666, 0.487012987012987
Loss: 0.5263814926147461
Timestamp: 1438.330438987
---------------------------------------------------------------
[tensor([12, 16])]
Mean loss in evaluation epoch: 0.5267426371574402, epochs needed: 40
Rejecting!

Generation 70
Mean loss in evaluation epoch: 0.5264621376991272, epochs needed: 40
------------------------- TRACKING ---------------------------
Matrix Hash: 6cac47d8b751e1b0, num_times_seen_before: 1
ACC: 0.5421052631578948
TPR/FPR: 0.6666666666666666, 0.487012987012987
Loss: 0.5264621376991272
Timestamp: 1458.466810944
---------------------------------------------------------------
[tensor([ 0, 13])]
Mean loss in evaluation epoch: 0.528825044631958, epochs needed: 40
Rejecting!

Generation 71
Mean loss in evaluation epoch: 0.5272141098976135, epochs needed: 40
------------------------- TRACKING ---------------------------
Matrix Hash: 6cac47d8b751e1b0, num_times_seen_before: 2
ACC: 0.5421052631578948
TPR/FPR: 0.6666666666666666, 0.487012987012987
Loss: 0.5272141098976135
Timestamp: 1478.799836475
---------------------------------------------------------------
[tensor([ 4, 17])]
Mean loss in evaluation epoch: 0.5263386368751526, epochs needed: 40
Accepting!

Generation 72
Mean loss in evaluation epoch: 0.5265995860099792, epochs needed: 40
------------------------- TRACKING ---------------------------
Matrix Hash: 1cc901227d1c945a, num_times_seen_before: 0
ACC: 0.5368421052631579
TPR/FPR: 0.6666666666666666, 0.4935064935064935
Loss: 0.5265995860099792
Timestamp: 1498.885394686
---------------------------------------------------------------
[tensor([ 0, 14])]
Mean loss in evaluation epoch: 0.5259773135185242, epochs needed: 40
Accepting!

Generation 73
Mean loss in evaluation epoch: 0.5260064005851746, epochs needed: 40
------------------------- TRACKING ---------------------------
Matrix Hash: 741a080fad716052, num_times_seen_before: 0
ACC: 0.5421052631578948
TPR/FPR: 0.6666666666666666, 0.487012987012987
Loss: 0.5260064005851746
Timestamp: 1518.7457487689999
---------------------------------------------------------------
[tensor([6, 9])]
Mean loss in evaluation epoch: 0.5273558497428894, epochs needed: 40
Rejecting!

Generation 74
Mean loss in evaluation epoch: 0.5262936949729919, epochs needed: 40
------------------------- TRACKING ---------------------------
Matrix Hash: 741a080fad716052, num_times_seen_before: 1
ACC: 0.5421052631578948
TPR/FPR: 0.6666666666666666, 0.487012987012987
Loss: 0.5262936949729919
Timestamp: 1539.088457108
---------------------------------------------------------------
[tensor([11, 16])]
Mean loss in evaluation epoch: 0.5276440978050232, epochs needed: 40
Rejecting!

Generation 75
Mean loss in evaluation epoch: 0.5258821845054626, epochs needed: 40
------------------------- TRACKING ---------------------------
Matrix Hash: 741a080fad716052, num_times_seen_before: 2
ACC: 0.5421052631578948
TPR/FPR: 0.6666666666666666, 0.487012987012987
Loss: 0.5258821845054626
Timestamp: 1560.627577899
---------------------------------------------------------------
[tensor([ 4, 13])]
Mean loss in evaluation epoch: 0.5263399481773376, epochs needed: 40
Rejecting!

Generation 76
Mean loss in evaluation epoch: 0.5278244018554688, epochs needed: 40
------------------------- TRACKING ---------------------------
Matrix Hash: 741a080fad716052, num_times_seen_before: 3
ACC: 0.5421052631578948
TPR/FPR: 0.6666666666666666, 0.487012987012987
Loss: 0.5278244018554688
Timestamp: 1582.257493139
---------------------------------------------------------------
[tensor([0, 3])]
Mean loss in evaluation epoch: 0.5279760956764221, epochs needed: 40
Rejecting!

Generation 77
Mean loss in evaluation epoch: 0.5275617837905884, epochs needed: 40
------------------------- TRACKING ---------------------------
Matrix Hash: 741a080fad716052, num_times_seen_before: 4
ACC: 0.5421052631578948
TPR/FPR: 0.6666666666666666, 0.487012987012987
Loss: 0.5275617837905884
Timestamp: 1602.552872214
---------------------------------------------------------------
[tensor([14, 18])]
Mean loss in evaluation epoch: 0.5268144011497498, epochs needed: 40
Accepting!

Generation 78
Mean loss in evaluation epoch: 0.5272005200386047, epochs needed: 40
------------------------- TRACKING ---------------------------
Matrix Hash: d6bc75d970096419, num_times_seen_before: 0
ACC: 0.5368421052631579
TPR/FPR: 0.6666666666666666, 0.4935064935064935
Loss: 0.5272005200386047
Timestamp: 1624.133100131
---------------------------------------------------------------
[tensor([ 4, 17])]
Mean loss in evaluation epoch: 0.5265359878540039, epochs needed: 40
Accepting!

Generation 79
Mean loss in evaluation epoch: 0.5262059569358826, epochs needed: 40
------------------------- TRACKING ---------------------------
Matrix Hash: 61bf80b6f9785e2a, num_times_seen_before: 0
ACC: 0.5421052631578948
TPR/FPR: 0.6666666666666666, 0.487012987012987
Loss: 0.5262059569358826
Timestamp: 1645.477208375
---------------------------------------------------------------
[tensor([10, 19])]
Mean loss in evaluation epoch: 0.5255852937698364, epochs needed: 40
Accepting!

Generation 80
Mean loss in evaluation epoch: 0.5255143046379089, epochs needed: 40
------------------------- TRACKING ---------------------------
Matrix Hash: 56266cdd6465dd25, num_times_seen_before: 0
ACC: 0.5473684210526315
TPR/FPR: 0.6666666666666666, 0.4805194805194805
Loss: 0.5255143046379089
Timestamp: 1666.132817981
---------------------------------------------------------------
[tensor([ 6, 16])]
Mean loss in evaluation epoch: 0.5274584889411926, epochs needed: 40
Rejecting!

Generation 81
Mean loss in evaluation epoch: 0.5252874493598938, epochs needed: 40
------------------------- TRACKING ---------------------------
Matrix Hash: 56266cdd6465dd25, num_times_seen_before: 1
ACC: 0.5473684210526315
TPR/FPR: 0.6666666666666666, 0.4805194805194805
Loss: 0.5252874493598938
Timestamp: 1687.598322651
---------------------------------------------------------------
[tensor([12, 14])]
Mean loss in evaluation epoch: 0.5264852046966553, epochs needed: 40
Rejecting!

Generation 82
Mean loss in evaluation epoch: 0.5260100960731506, epochs needed: 40
------------------------- TRACKING ---------------------------
Matrix Hash: 56266cdd6465dd25, num_times_seen_before: 2
ACC: 0.5473684210526315
TPR/FPR: 0.6666666666666666, 0.4805194805194805
Loss: 0.5260100960731506
Timestamp: 1707.784806417
---------------------------------------------------------------
[tensor([8, 9])]
Mean loss in evaluation epoch: 0.5256049036979675, epochs needed: 40
Accepting!

Generation 83
Mean loss in evaluation epoch: 0.5252774357795715, epochs needed: 40
------------------------- TRACKING ---------------------------
Matrix Hash: 19d10762f73682bb, num_times_seen_before: 0
ACC: 0.5526315789473684
TPR/FPR: 0.6666666666666666, 0.474025974025974
Loss: 0.5252774357795715
Timestamp: 1730.787485722
---------------------------------------------------------------
[tensor([ 3, 12])]
Mean loss in evaluation epoch: 0.5278043746948242, epochs needed: 40
Rejecting!

Generation 84
Mean loss in evaluation epoch: 0.5267316102981567, epochs needed: 40
------------------------- TRACKING ---------------------------
Matrix Hash: 19d10762f73682bb, num_times_seen_before: 1
ACC: 0.5526315789473684
TPR/FPR: 0.6666666666666666, 0.474025974025974
Loss: 0.5267316102981567
Timestamp: 1752.782735329
---------------------------------------------------------------
[tensor([0, 1])]
Mean loss in evaluation epoch: 0.5258529782295227, epochs needed: 40
Accepting!

Generation 85
Mean loss in evaluation epoch: 0.5259813666343689, epochs needed: 40
------------------------- TRACKING ---------------------------
Matrix Hash: 6d19ca0b4a6d482e, num_times_seen_before: 0
ACC: 0.5473684210526315
TPR/FPR: 0.6666666666666666, 0.4805194805194805
Loss: 0.5259813666343689
Timestamp: 1774.3248493199999
---------------------------------------------------------------
[tensor([17, 18])]
Mean loss in evaluation epoch: 0.52573162317276, epochs needed: 40
Accepting!

Generation 86
Mean loss in evaluation epoch: 0.5254111886024475, epochs needed: 40
------------------------- TRACKING ---------------------------
Matrix Hash: 7d6b8943d32901d9, num_times_seen_before: 0
ACC: 0.5526315789473684
TPR/FPR: 0.6666666666666666, 0.474025974025974
Loss: 0.5254111886024475
Timestamp: 1795.538097072
---------------------------------------------------------------
[tensor([ 3, 17])]
Mean loss in evaluation epoch: 0.5281354784965515, epochs needed: 40
Rejecting!

Generation 87
Mean loss in evaluation epoch: 0.5250470042228699, epochs needed: 40
------------------------- TRACKING ---------------------------
Matrix Hash: 7d6b8943d32901d9, num_times_seen_before: 1
ACC: 0.5526315789473684
TPR/FPR: 0.6666666666666666, 0.474025974025974
Loss: 0.5250470042228699
Timestamp: 1817.1650897319998
---------------------------------------------------------------
[tensor([ 4, 10])]
Mean loss in evaluation epoch: 0.5230100154876709, epochs needed: 40
Accepting!

Generation 88
Mean loss in evaluation epoch: 0.5231203436851501, epochs needed: 40
------------------------- TRACKING ---------------------------
Matrix Hash: 2513746fd4360e92, num_times_seen_before: 0
ACC: 0.5578947368421052
TPR/FPR: 0.6944444444444444, 0.474025974025974
Loss: 0.5231203436851501
Timestamp: 1838.878334718
---------------------------------------------------------------
[tensor([15, 17])]
Mean loss in evaluation epoch: 0.5291138887405396, epochs needed: 40
Rejecting!

Generation 89
Mean loss in evaluation epoch: 0.522998034954071, epochs needed: 40
------------------------- TRACKING ---------------------------
Matrix Hash: 2513746fd4360e92, num_times_seen_before: 1
ACC: 0.5578947368421052
TPR/FPR: 0.6944444444444444, 0.474025974025974
Loss: 0.522998034954071
Timestamp: 1859.3456288549999
---------------------------------------------------------------
[tensor([ 5, 16])]
Mean loss in evaluation epoch: 0.5235633254051208, epochs needed: 40
Rejecting!

Generation 90
Mean loss in evaluation epoch: 0.5234324336051941, epochs needed: 40
------------------------- TRACKING ---------------------------
Matrix Hash: 2513746fd4360e92, num_times_seen_before: 2
ACC: 0.5578947368421052
TPR/FPR: 0.6944444444444444, 0.474025974025974
Loss: 0.5234324336051941
Timestamp: 1879.826248611
---------------------------------------------------------------
[tensor([ 9, 18])]
Mean loss in evaluation epoch: 0.5235472321510315, epochs needed: 40
Rejecting!

Generation 91
Mean loss in evaluation epoch: 0.5232262015342712, epochs needed: 40
------------------------- TRACKING ---------------------------
Matrix Hash: 2513746fd4360e92, num_times_seen_before: 3
ACC: 0.5578947368421052
TPR/FPR: 0.6944444444444444, 0.474025974025974
Loss: 0.5232262015342712
Timestamp: 1900.6873150669999
---------------------------------------------------------------
[tensor([ 6, 12])]
Mean loss in evaluation epoch: 0.5260772705078125, epochs needed: 40
Rejecting!

Generation 92
Mean loss in evaluation epoch: 0.5227904915809631, epochs needed: 40
------------------------- TRACKING ---------------------------
Matrix Hash: 2513746fd4360e92, num_times_seen_before: 4
ACC: 0.5578947368421052
TPR/FPR: 0.6944444444444444, 0.474025974025974
Loss: 0.5227904915809631
Timestamp: 1921.302891509
---------------------------------------------------------------
[tensor([ 4, 16])]
Mean loss in evaluation epoch: 0.5238681435585022, epochs needed: 40
Rejecting!

Generation 93
Mean loss in evaluation epoch: 0.5230668187141418, epochs needed: 40
------------------------- TRACKING ---------------------------
Matrix Hash: 2513746fd4360e92, num_times_seen_before: 5
ACC: 0.5578947368421052
TPR/FPR: 0.6944444444444444, 0.474025974025974
Loss: 0.5230668187141418
Timestamp: 1943.728347598
---------------------------------------------------------------
[tensor([ 3, 16])]
Mean loss in evaluation epoch: 0.5240092277526855, epochs needed: 40
Rejecting!

Generation 94
Mean loss in evaluation epoch: 0.5235850214958191, epochs needed: 40
------------------------- TRACKING ---------------------------
Matrix Hash: 2513746fd4360e92, num_times_seen_before: 6
ACC: 0.5578947368421052
TPR/FPR: 0.6944444444444444, 0.474025974025974
Loss: 0.5235850214958191
Timestamp: 1965.7755469869999
---------------------------------------------------------------
[tensor([4, 8])]
Mean loss in evaluation epoch: 0.5218475461006165, epochs needed: 40
Accepting!

Generation 95
Mean loss in evaluation epoch: 0.5225698947906494, epochs needed: 40
------------------------- TRACKING ---------------------------
Matrix Hash: 86e7d04ebebb151f, num_times_seen_before: 0
ACC: 0.5631578947368421
TPR/FPR: 0.7222222222222222, 0.474025974025974
Loss: 0.5225698947906494
Timestamp: 1986.7008587159999
---------------------------------------------------------------
[tensor([0, 4])]
Mean loss in evaluation epoch: 0.5243768095970154, epochs needed: 40
Rejecting!

Generation 96
Mean loss in evaluation epoch: 0.5212053656578064, epochs needed: 40
------------------------- TRACKING ---------------------------
Matrix Hash: 86e7d04ebebb151f, num_times_seen_before: 1
ACC: 0.5631578947368421
TPR/FPR: 0.7222222222222222, 0.474025974025974
Loss: 0.5212053656578064
Timestamp: 2007.8273928879998
---------------------------------------------------------------
[tensor([ 4, 15])]
Mean loss in evaluation epoch: 0.5215657949447632, epochs needed: 40
Rejecting!

Generation 97
Mean loss in evaluation epoch: 0.5216616988182068, epochs needed: 40
------------------------- TRACKING ---------------------------
Matrix Hash: 86e7d04ebebb151f, num_times_seen_before: 2
ACC: 0.5631578947368421
TPR/FPR: 0.7222222222222222, 0.474025974025974
Loss: 0.5216616988182068
Timestamp: 2029.133523605
---------------------------------------------------------------
[tensor([ 2, 15])]
Mean loss in evaluation epoch: 0.5212973952293396, epochs needed: 40
Accepting!

Generation 98
Mean loss in evaluation epoch: 0.5211775302886963, epochs needed: 40
------------------------- TRACKING ---------------------------
Matrix Hash: eddc68ff060cd6c1, num_times_seen_before: 0
ACC: 0.5684210526315789
TPR/FPR: 0.7222222222222222, 0.4675324675324675
Loss: 0.5211775302886963
Timestamp: 2050.26749142
---------------------------------------------------------------
[tensor([12, 14])]
Mean loss in evaluation epoch: 0.5213196277618408, epochs needed: 40
Rejecting!

Generation 99
Mean loss in evaluation epoch: 0.5213195085525513, epochs needed: 40
------------------------- TRACKING ---------------------------
Matrix Hash: eddc68ff060cd6c1, num_times_seen_before: 1
ACC: 0.5684210526315789
TPR/FPR: 0.7222222222222222, 0.4675324675324675
Loss: 0.5213195085525513
Timestamp: 2071.2504221619997
---------------------------------------------------------------
[tensor([ 9, 19])]
Mean loss in evaluation epoch: 0.5212722420692444, epochs needed: 40
Accepting!

Generation 100
Mean loss in evaluation epoch: 0.5206515789031982, epochs needed: 40
------------------------- TRACKING ---------------------------
Matrix Hash: 5b94ab6ab3fd1c4f, num_times_seen_before: 0
ACC: 0.5736842105263158
TPR/FPR: 0.7222222222222222, 0.461038961038961
Loss: 0.5206515789031982
Timestamp: 2092.540706053
---------------------------------------------------------------
[tensor([11, 12])]
Mean loss in evaluation epoch: 0.5220028162002563, epochs needed: 40
Rejecting!

Generation 101
Mean loss in evaluation epoch: 0.5203638672828674, epochs needed: 40
------------------------- TRACKING ---------------------------
Matrix Hash: 5b94ab6ab3fd1c4f, num_times_seen_before: 1
ACC: 0.5736842105263158
TPR/FPR: 0.7222222222222222, 0.461038961038961
Loss: 0.5203638672828674
Timestamp: 2112.853363304
---------------------------------------------------------------
[tensor([6, 7])]
Mean loss in evaluation epoch: 0.523232638835907, epochs needed: 40
Rejecting!

Generation 102
Mean loss in evaluation epoch: 0.5205142498016357, epochs needed: 40
------------------------- TRACKING ---------------------------
Matrix Hash: 5b94ab6ab3fd1c4f, num_times_seen_before: 2
ACC: 0.5736842105263158
TPR/FPR: 0.7222222222222222, 0.461038961038961
Loss: 0.5205142498016357
Timestamp: 2132.843784129
---------------------------------------------------------------
[tensor([ 1, 18])]
Mean loss in evaluation epoch: 0.5211543440818787, epochs needed: 40
Rejecting!

Generation 103
Mean loss in evaluation epoch: 0.5201864838600159, epochs needed: 40
------------------------- TRACKING ---------------------------
Matrix Hash: 5b94ab6ab3fd1c4f, num_times_seen_before: 3
ACC: 0.5736842105263158
TPR/FPR: 0.7222222222222222, 0.461038961038961
Loss: 0.5201864838600159
Timestamp: 2152.414651873
---------------------------------------------------------------
[tensor([13, 16])]
Mean loss in evaluation epoch: 0.5213557481765747, epochs needed: 40
Rejecting!

Generation 104
Mean loss in evaluation epoch: 0.5204654932022095, epochs needed: 40
------------------------- TRACKING ---------------------------
Matrix Hash: 5b94ab6ab3fd1c4f, num_times_seen_before: 4
ACC: 0.5736842105263158
TPR/FPR: 0.7222222222222222, 0.461038961038961
Loss: 0.5204654932022095
Timestamp: 2173.033169299
---------------------------------------------------------------
[tensor([ 2, 14])]
Mean loss in evaluation epoch: 0.5204828381538391, epochs needed: 40
Rejecting!

Generation 105
Mean loss in evaluation epoch: 0.5208567976951599, epochs needed: 40
------------------------- TRACKING ---------------------------
Matrix Hash: 5b94ab6ab3fd1c4f, num_times_seen_before: 5
ACC: 0.5736842105263158
TPR/FPR: 0.7222222222222222, 0.461038961038961
Loss: 0.5208567976951599
Timestamp: 2193.271309622
---------------------------------------------------------------
[tensor([ 3, 17])]
Mean loss in evaluation epoch: 0.5234478712081909, epochs needed: 40
Rejecting!

Generation 106
Mean loss in evaluation epoch: 0.5201677083969116, epochs needed: 40
------------------------- TRACKING ---------------------------
Matrix Hash: 5b94ab6ab3fd1c4f, num_times_seen_before: 6
ACC: 0.5736842105263158
TPR/FPR: 0.7222222222222222, 0.461038961038961
Loss: 0.5201677083969116
Timestamp: 2213.935428635
---------------------------------------------------------------
[tensor([15, 17])]
Mean loss in evaluation epoch: 0.5212523937225342, epochs needed: 40
Rejecting!

Generation 107
Mean loss in evaluation epoch: 0.5201869010925293, epochs needed: 40
------------------------- TRACKING ---------------------------
Matrix Hash: 5b94ab6ab3fd1c4f, num_times_seen_before: 7
ACC: 0.5736842105263158
TPR/FPR: 0.7222222222222222, 0.461038961038961
Loss: 0.5201869010925293
Timestamp: 2233.796236179
---------------------------------------------------------------
[tensor([10, 15])]
Mean loss in evaluation epoch: 0.516652524471283, epochs needed: 40
Accepting!

Generation 108
Mean loss in evaluation epoch: 0.5176925659179688, epochs needed: 40
------------------------- TRACKING ---------------------------
Matrix Hash: d890bad96a7137fb, num_times_seen_before: 0
ACC: 0.5789473684210527
TPR/FPR: 0.75, 0.461038961038961
Loss: 0.5176925659179688
Timestamp: 2253.468233661
---------------------------------------------------------------
[tensor([ 8, 19])]
Mean loss in evaluation epoch: 0.522071897983551, epochs needed: 40
Rejecting!

Generation 109
Mean loss in evaluation epoch: 0.5164071321487427, epochs needed: 40
------------------------- TRACKING ---------------------------
Matrix Hash: d890bad96a7137fb, num_times_seen_before: 1
ACC: 0.5789473684210527
TPR/FPR: 0.75, 0.461038961038961
Loss: 0.5164071321487427
Timestamp: 2274.12872285
---------------------------------------------------------------
[tensor([ 1, 19])]
Mean loss in evaluation epoch: 0.5203356146812439, epochs needed: 40
Rejecting!

Generation 110
Mean loss in evaluation epoch: 0.5172809362411499, epochs needed: 40
------------------------- TRACKING ---------------------------
Matrix Hash: d890bad96a7137fb, num_times_seen_before: 2
ACC: 0.5789473684210527
TPR/FPR: 0.75, 0.461038961038961
Loss: 0.5172809362411499
Timestamp: 2293.997366957
---------------------------------------------------------------
[tensor([ 6, 10])]
Mean loss in evaluation epoch: 0.5165226459503174, epochs needed: 40
Accepting!

Generation 111
Mean loss in evaluation epoch: 0.5186355710029602, epochs needed: 40
------------------------- TRACKING ---------------------------
Matrix Hash: 4935239490ec5bae, num_times_seen_before: 0
ACC: 0.5842105263157895
TPR/FPR: 0.75, 0.45454545454545453
Loss: 0.5186355710029602
Timestamp: 2314.233202149
---------------------------------------------------------------
[tensor([ 6, 18])]
Mean loss in evaluation epoch: 0.5172068476676941, epochs needed: 40
Accepting!

Generation 112
Mean loss in evaluation epoch: 0.5163000226020813, epochs needed: 40
------------------------- TRACKING ---------------------------
Matrix Hash: d938d74ad32f4821, num_times_seen_before: 0
ACC: 0.5789473684210527
TPR/FPR: 0.75, 0.461038961038961
Loss: 0.5163000226020813
Timestamp: 2333.823665905
---------------------------------------------------------------
[tensor([12, 19])]
Mean loss in evaluation epoch: 0.5178020596504211, epochs needed: 40
Rejecting!

Generation 113
Mean loss in evaluation epoch: 0.5174320936203003, epochs needed: 40
------------------------- TRACKING ---------------------------
Matrix Hash: d938d74ad32f4821, num_times_seen_before: 1
ACC: 0.5789473684210527
TPR/FPR: 0.75, 0.461038961038961
Loss: 0.5174320936203003
Timestamp: 2353.448571109
---------------------------------------------------------------
[tensor([ 0, 13])]
Mean loss in evaluation epoch: 0.520170271396637, epochs needed: 40
Rejecting!

Generation 114
Mean loss in evaluation epoch: 0.5167021751403809, epochs needed: 40
------------------------- TRACKING ---------------------------
Matrix Hash: d938d74ad32f4821, num_times_seen_before: 2
ACC: 0.5789473684210527
TPR/FPR: 0.75, 0.461038961038961
Loss: 0.5167021751403809
Timestamp: 2373.663956926
---------------------------------------------------------------
[tensor([4, 7])]
Mean loss in evaluation epoch: 0.5169892311096191, epochs needed: 40
Rejecting!

Generation 115
Mean loss in evaluation epoch: 0.5165426135063171, epochs needed: 40
------------------------- TRACKING ---------------------------
Matrix Hash: d938d74ad32f4821, num_times_seen_before: 3
ACC: 0.5789473684210527
TPR/FPR: 0.75, 0.461038961038961
Loss: 0.5165426135063171
Timestamp: 2393.764391953
---------------------------------------------------------------
[tensor([14, 17])]
Mean loss in evaluation epoch: 0.5167819261550903, epochs needed: 40
Rejecting!

Generation 116
Mean loss in evaluation epoch: 0.5162880420684814, epochs needed: 40
------------------------- TRACKING ---------------------------
Matrix Hash: d938d74ad32f4821, num_times_seen_before: 4
ACC: 0.5789473684210527
TPR/FPR: 0.75, 0.461038961038961
Loss: 0.5162880420684814
Timestamp: 2414.328867676
---------------------------------------------------------------
[tensor([ 5, 10])]
Mean loss in evaluation epoch: 0.5167231559753418, epochs needed: 40
Rejecting!

Generation 117
Mean loss in evaluation epoch: 0.5170479416847229, epochs needed: 40
------------------------- TRACKING ---------------------------
Matrix Hash: d938d74ad32f4821, num_times_seen_before: 5
ACC: 0.5789473684210527
TPR/FPR: 0.75, 0.461038961038961
Loss: 0.5170479416847229
Timestamp: 2434.59610924
---------------------------------------------------------------
[tensor([ 6, 11])]
Mean loss in evaluation epoch: 0.5181644558906555, epochs needed: 40
Rejecting!

Generation 118
Mean loss in evaluation epoch: 0.5169197916984558, epochs needed: 40
------------------------- TRACKING ---------------------------
Matrix Hash: d938d74ad32f4821, num_times_seen_before: 6
ACC: 0.5789473684210527
TPR/FPR: 0.75, 0.461038961038961
Loss: 0.5169197916984558
Timestamp: 2453.580605353
---------------------------------------------------------------
[tensor([ 9, 12])]
Mean loss in evaluation epoch: 0.5158220529556274, epochs needed: 40
Accepting!

Generation 119
Mean loss in evaluation epoch: 0.516357421875, epochs needed: 40
------------------------- TRACKING ---------------------------
Matrix Hash: 34eeaa054664b23a, num_times_seen_before: 0
ACC: 0.5842105263157895
TPR/FPR: 0.75, 0.45454545454545453
Loss: 0.516357421875
Timestamp: 2470.525866041
---------------------------------------------------------------
[tensor([ 1, 16])]
Mean loss in evaluation epoch: 0.5166494846343994, epochs needed: 40
Rejecting!

Generation 120
Mean loss in evaluation epoch: 0.5158579349517822, epochs needed: 40
------------------------- TRACKING ---------------------------
Matrix Hash: 34eeaa054664b23a, num_times_seen_before: 1
ACC: 0.5842105263157895
TPR/FPR: 0.75, 0.45454545454545453
Loss: 0.5158579349517822
Timestamp: 2488.954665596
---------------------------------------------------------------
[tensor([ 4, 18])]
Mean loss in evaluation epoch: 0.5181593298912048, epochs needed: 40
Rejecting!

Generation 121
Mean loss in evaluation epoch: 0.5159125328063965, epochs needed: 40
------------------------- TRACKING ---------------------------
Matrix Hash: 34eeaa054664b23a, num_times_seen_before: 2
ACC: 0.5842105263157895
TPR/FPR: 0.75, 0.45454545454545453
Loss: 0.5159125328063965
Timestamp: 2509.313030108
---------------------------------------------------------------
[tensor([0, 6])]
Mean loss in evaluation epoch: 0.515611469745636, epochs needed: 40
Accepting!

Generation 122
Mean loss in evaluation epoch: 0.5160812139511108, epochs needed: 40
------------------------- TRACKING ---------------------------
Matrix Hash: c2c35a6e9e55c158, num_times_seen_before: 0
ACC: 0.5894736842105264
TPR/FPR: 0.75, 0.44805194805194803
Loss: 0.5160812139511108
Timestamp: 2530.478284513
---------------------------------------------------------------
[tensor([ 5, 13])]
Mean loss in evaluation epoch: 0.5164961814880371, epochs needed: 40
Rejecting!

Generation 123
Mean loss in evaluation epoch: 0.5163223743438721, epochs needed: 40
------------------------- TRACKING ---------------------------
Matrix Hash: c2c35a6e9e55c158, num_times_seen_before: 1
ACC: 0.5894736842105264
TPR/FPR: 0.75, 0.44805194805194803
Loss: 0.5163223743438721
Timestamp: 2550.8185569869997
---------------------------------------------------------------
[tensor([11, 15])]
Mean loss in evaluation epoch: 0.5158360004425049, epochs needed: 40
Accepting!

Generation 124
Mean loss in evaluation epoch: 0.5157296061515808, epochs needed: 40
------------------------- TRACKING ---------------------------
Matrix Hash: 8d3b2453acfb7ccd, num_times_seen_before: 0
ACC: 0.5842105263157895
TPR/FPR: 0.75, 0.45454545454545453
Loss: 0.5157296061515808
Timestamp: 2570.567839131
---------------------------------------------------------------
[tensor([ 1, 12])]
Mean loss in evaluation epoch: 0.5155355930328369, epochs needed: 40
Accepting!

Generation 125
Mean loss in evaluation epoch: 0.5162372589111328, epochs needed: 40
------------------------- TRACKING ---------------------------
Matrix Hash: 559a171684f66973, num_times_seen_before: 0
ACC: 0.5894736842105264
TPR/FPR: 0.75, 0.44805194805194803
Loss: 0.5162372589111328
Timestamp: 2592.578046561
---------------------------------------------------------------
[tensor([11, 15])]
Mean loss in evaluation epoch: 0.5156046152114868, epochs needed: 40
Accepting!

Generation 126
Mean loss in evaluation epoch: 0.5149422287940979, epochs needed: 40
------------------------- TRACKING ---------------------------
Matrix Hash: 1001714c2956e1f3, num_times_seen_before: 0
ACC: 0.5947368421052632
TPR/FPR: 0.75, 0.44155844155844154
Loss: 0.5149422287940979
Timestamp: 2614.0529105279998
---------------------------------------------------------------
[tensor([16, 19])]
Mean loss in evaluation epoch: 0.5163540840148926, epochs needed: 40
Rejecting!

Generation 127
Mean loss in evaluation epoch: 0.5153061151504517, epochs needed: 40
------------------------- TRACKING ---------------------------
Matrix Hash: 1001714c2956e1f3, num_times_seen_before: 1
ACC: 0.5947368421052632
TPR/FPR: 0.75, 0.44155844155844154
Loss: 0.5153061151504517
Timestamp: 2635.607514296
---------------------------------------------------------------
[tensor([ 1, 19])]
Mean loss in evaluation epoch: 0.5160587430000305, epochs needed: 40
Rejecting!

Generation 128
Mean loss in evaluation epoch: 0.5154610276222229, epochs needed: 40
------------------------- TRACKING ---------------------------
Matrix Hash: 1001714c2956e1f3, num_times_seen_before: 2
ACC: 0.5947368421052632
TPR/FPR: 0.75, 0.44155844155844154
Loss: 0.5154610276222229
Timestamp: 2657.36241823
---------------------------------------------------------------
[tensor([ 4, 15])]
Mean loss in evaluation epoch: 0.5156974792480469, epochs needed: 40
Rejecting!

Generation 129
Mean loss in evaluation epoch: 0.5154193639755249, epochs needed: 40
------------------------- TRACKING ---------------------------
Matrix Hash: 1001714c2956e1f3, num_times_seen_before: 3
ACC: 0.5947368421052632
TPR/FPR: 0.75, 0.44155844155844154
Loss: 0.5154193639755249
Timestamp: 2678.26569682
---------------------------------------------------------------
[tensor([3, 8])]
Mean loss in evaluation epoch: 0.5161336660385132, epochs needed: 40
Rejecting!

Generation 130
Mean loss in evaluation epoch: 0.5151095986366272, epochs needed: 40
------------------------- TRACKING ---------------------------
Matrix Hash: 1001714c2956e1f3, num_times_seen_before: 4
ACC: 0.5947368421052632
TPR/FPR: 0.75, 0.44155844155844154
Loss: 0.5151095986366272
Timestamp: 2699.456515747
---------------------------------------------------------------
[tensor([ 3, 19])]
Mean loss in evaluation epoch: 0.5166116952896118, epochs needed: 40
Rejecting!

Generation 131
Mean loss in evaluation epoch: 0.5156880021095276, epochs needed: 40
------------------------- TRACKING ---------------------------
Matrix Hash: 1001714c2956e1f3, num_times_seen_before: 5
ACC: 0.5947368421052632
TPR/FPR: 0.75, 0.44155844155844154
Loss: 0.5156880021095276
Timestamp: 2720.312740141
---------------------------------------------------------------
[tensor([ 5, 16])]
Mean loss in evaluation epoch: 0.5156079530715942, epochs needed: 40
Accepting!

Generation 132
Mean loss in evaluation epoch: 0.5160381197929382, epochs needed: 40
------------------------- TRACKING ---------------------------
Matrix Hash: c5ba4076276cdf0d, num_times_seen_before: 0
ACC: 0.6
TPR/FPR: 0.75, 0.43506493506493504
Loss: 0.5160381197929382
Timestamp: 2741.446905729
---------------------------------------------------------------
[tensor([ 1, 11])]
Mean loss in evaluation epoch: 0.5150148868560791, epochs needed: 40
Accepting!

Generation 133
Mean loss in evaluation epoch: 0.5161746740341187, epochs needed: 40
------------------------- TRACKING ---------------------------
Matrix Hash: ddf0cbbcff1f5d57, num_times_seen_before: 0
ACC: 0.6052631578947368
TPR/FPR: 0.75, 0.42857142857142855
Loss: 0.5161746740341187
Timestamp: 2763.406544075
---------------------------------------------------------------
[tensor([0, 3])]
Mean loss in evaluation epoch: 0.5174559950828552, epochs needed: 40
Rejecting!

Generation 134
Mean loss in evaluation epoch: 0.515764594078064, epochs needed: 40
------------------------- TRACKING ---------------------------
Matrix Hash: ddf0cbbcff1f5d57, num_times_seen_before: 1
ACC: 0.6052631578947368
TPR/FPR: 0.75, 0.42857142857142855
Loss: 0.515764594078064
Timestamp: 2783.955859539
---------------------------------------------------------------
[tensor([ 0, 16])]
Mean loss in evaluation epoch: 0.515717625617981, epochs needed: 40
Accepting!

Generation 135
Mean loss in evaluation epoch: 0.5158495903015137, epochs needed: 40
------------------------- TRACKING ---------------------------
Matrix Hash: 64b1fabfb04ea98f, num_times_seen_before: 0
ACC: 0.6
TPR/FPR: 0.75, 0.43506493506493504
Loss: 0.5158495903015137
Timestamp: 2805.217945209
---------------------------------------------------------------
[tensor([2, 9])]
Mean loss in evaluation epoch: 0.5156297087669373, epochs needed: 40
Accepting!

Generation 136
Mean loss in evaluation epoch: 0.5151028037071228, epochs needed: 40
------------------------- TRACKING ---------------------------
Matrix Hash: bb084a1651c380d6, num_times_seen_before: 0
ACC: 0.6052631578947368
TPR/FPR: 0.75, 0.42857142857142855
Loss: 0.5151028037071228
Timestamp: 2826.640350062
---------------------------------------------------------------
[tensor([ 8, 12])]
Mean loss in evaluation epoch: 0.5159931182861328, epochs needed: 40
Rejecting!

Generation 137
Mean loss in evaluation epoch: 0.5153411030769348, epochs needed: 40
------------------------- TRACKING ---------------------------
Matrix Hash: bb084a1651c380d6, num_times_seen_before: 1
ACC: 0.6052631578947368
TPR/FPR: 0.75, 0.42857142857142855
Loss: 0.5153411030769348
Timestamp: 2848.856922599
---------------------------------------------------------------
[tensor([17, 19])]
Mean loss in evaluation epoch: 0.5160818099975586, epochs needed: 40
Rejecting!

Generation 138
Mean loss in evaluation epoch: 0.516025960445404, epochs needed: 40
------------------------- TRACKING ---------------------------
Matrix Hash: bb084a1651c380d6, num_times_seen_before: 2
ACC: 0.6052631578947368
TPR/FPR: 0.75, 0.42857142857142855
Loss: 0.516025960445404
Timestamp: 2869.255173869
---------------------------------------------------------------
[tensor([ 9, 14])]
Mean loss in evaluation epoch: 0.5215237736701965, epochs needed: 40
Rejecting!

Generation 139
Mean loss in evaluation epoch: 0.5154090523719788, epochs needed: 40
------------------------- TRACKING ---------------------------
Matrix Hash: bb084a1651c380d6, num_times_seen_before: 3
ACC: 0.6052631578947368
TPR/FPR: 0.75, 0.42857142857142855
Loss: 0.5154090523719788
Timestamp: 2890.983912368
---------------------------------------------------------------
[tensor([ 0, 12])]
Mean loss in evaluation epoch: 0.5141192674636841, epochs needed: 40
Accepting!

Generation 140
Mean loss in evaluation epoch: 0.5143715739250183, epochs needed: 40
------------------------- TRACKING ---------------------------
Matrix Hash: c5d70eca76e3d15a, num_times_seen_before: 0
ACC: 0.6105263157894737
TPR/FPR: 0.75, 0.42207792207792205
Loss: 0.5143715739250183
Timestamp: 2912.238149631
---------------------------------------------------------------
[tensor([12, 19])]
Mean loss in evaluation epoch: 0.5170130729675293, epochs needed: 40
Rejecting!

Generation 141
Mean loss in evaluation epoch: 0.51534104347229, epochs needed: 40
------------------------- TRACKING ---------------------------
Matrix Hash: c5d70eca76e3d15a, num_times_seen_before: 1
ACC: 0.6105263157894737
TPR/FPR: 0.75, 0.42207792207792205
Loss: 0.51534104347229
Timestamp: 2934.0787152059997
---------------------------------------------------------------
[tensor([ 3, 12])]
Mean loss in evaluation epoch: 0.5174593925476074, epochs needed: 40
Rejecting!

Generation 142
Mean loss in evaluation epoch: 0.5145350694656372, epochs needed: 40
------------------------- TRACKING ---------------------------
Matrix Hash: c5d70eca76e3d15a, num_times_seen_before: 2
ACC: 0.6105263157894737
TPR/FPR: 0.75, 0.42207792207792205
Loss: 0.5145350694656372
Timestamp: 2954.617000222
---------------------------------------------------------------
[tensor([ 1, 10])]
Mean loss in evaluation epoch: 0.5135170817375183, epochs needed: 40
Accepting!

Generation 143
Mean loss in evaluation epoch: 0.5133411288261414, epochs needed: 40
------------------------- TRACKING ---------------------------
Matrix Hash: 9c6a69c7f0baf9cc, num_times_seen_before: 0
ACC: 0.6157894736842106
TPR/FPR: 0.75, 0.4155844155844156
Loss: 0.5133411288261414
Timestamp: 2975.5070834069998
---------------------------------------------------------------
[tensor([11, 14])]
Mean loss in evaluation epoch: 0.5151188373565674, epochs needed: 40
Rejecting!

Generation 144
Mean loss in evaluation epoch: 0.5138089060783386, epochs needed: 40
------------------------- TRACKING ---------------------------
Matrix Hash: 9c6a69c7f0baf9cc, num_times_seen_before: 1
ACC: 0.6157894736842106
TPR/FPR: 0.75, 0.4155844155844156
Loss: 0.5138089060783386
Timestamp: 2996.345599358
---------------------------------------------------------------
[tensor([ 4, 13])]
Mean loss in evaluation epoch: 0.5139774084091187, epochs needed: 40
Rejecting!

Generation 145
Mean loss in evaluation epoch: 0.514085054397583, epochs needed: 40
------------------------- TRACKING ---------------------------
Matrix Hash: 9c6a69c7f0baf9cc, num_times_seen_before: 2
ACC: 0.6157894736842106
TPR/FPR: 0.75, 0.4155844155844156
Loss: 0.514085054397583
Timestamp: 3016.8314258269997
---------------------------------------------------------------
[tensor([4, 8])]
Mean loss in evaluation epoch: 0.515385627746582, epochs needed: 40
Rejecting!

Generation 146
Mean loss in evaluation epoch: 0.5134301781654358, epochs needed: 40
------------------------- TRACKING ---------------------------
Matrix Hash: 9c6a69c7f0baf9cc, num_times_seen_before: 3
ACC: 0.6157894736842106
TPR/FPR: 0.75, 0.4155844155844156
Loss: 0.5134301781654358
Timestamp: 3037.288235603
---------------------------------------------------------------
[tensor([ 3, 19])]
Mean loss in evaluation epoch: 0.5142418742179871, epochs needed: 40
Rejecting!

Generation 147
Mean loss in evaluation epoch: 0.5134497880935669, epochs needed: 40
------------------------- TRACKING ---------------------------
Matrix Hash: 9c6a69c7f0baf9cc, num_times_seen_before: 4
ACC: 0.6157894736842106
TPR/FPR: 0.75, 0.4155844155844156
Loss: 0.5134497880935669
Timestamp: 3058.014319757
---------------------------------------------------------------
[tensor([2, 6])]
Mean loss in evaluation epoch: 0.5137154459953308, epochs needed: 40
Rejecting!

Generation 148
Mean loss in evaluation epoch: 0.5133667588233948, epochs needed: 40
------------------------- TRACKING ---------------------------
Matrix Hash: 9c6a69c7f0baf9cc, num_times_seen_before: 5
ACC: 0.6157894736842106
TPR/FPR: 0.75, 0.4155844155844156
Loss: 0.5133667588233948
Timestamp: 3077.464343543
---------------------------------------------------------------
[tensor([2, 6])]
Mean loss in evaluation epoch: 0.5135185718536377, epochs needed: 40
Rejecting!

Generation 149
Mean loss in evaluation epoch: 0.5135804414749146, epochs needed: 40
------------------------- TRACKING ---------------------------
Matrix Hash: 9c6a69c7f0baf9cc, num_times_seen_before: 6
ACC: 0.6157894736842106
TPR/FPR: 0.75, 0.4155844155844156
Loss: 0.5135804414749146
Timestamp: 3097.660568679
---------------------------------------------------------------
[tensor([ 3, 13])]
Mean loss in evaluation epoch: 0.5165468454360962, epochs needed: 40
Rejecting!

Generation 150
Mean loss in evaluation epoch: 0.5139769911766052, epochs needed: 40
------------------------- TRACKING ---------------------------
Matrix Hash: 9c6a69c7f0baf9cc, num_times_seen_before: 7
ACC: 0.6157894736842106
TPR/FPR: 0.75, 0.4155844155844156
Loss: 0.5139769911766052
Timestamp: 3117.9297669869998
---------------------------------------------------------------
[tensor([ 8, 13])]
Mean loss in evaluation epoch: 0.5147446990013123, epochs needed: 40
Rejecting!

Generation 151
Mean loss in evaluation epoch: 0.5134153366088867, epochs needed: 40
------------------------- TRACKING ---------------------------
Matrix Hash: 9c6a69c7f0baf9cc, num_times_seen_before: 8
ACC: 0.6157894736842106
TPR/FPR: 0.75, 0.4155844155844156
Loss: 0.5134153366088867
Timestamp: 3138.189668824
---------------------------------------------------------------
[tensor([ 4, 18])]
Mean loss in evaluation epoch: 0.5131286382675171, epochs needed: 40
Accepting!

Generation 152
Mean loss in evaluation epoch: 0.5159616470336914, epochs needed: 40
------------------------- TRACKING ---------------------------
Matrix Hash: da10c7a500ad5bd5, num_times_seen_before: 0
ACC: 0.6210526315789473
TPR/FPR: 0.75, 0.4090909090909091
Loss: 0.5159616470336914
Timestamp: 3158.102135263
---------------------------------------------------------------
[tensor([ 1, 10])]
Mean loss in evaluation epoch: 0.5150299668312073, epochs needed: 40
Accepting!

Generation 153
Mean loss in evaluation epoch: 0.5135961771011353, epochs needed: 40
------------------------- TRACKING ---------------------------
Matrix Hash: fb6ac875cd40f737, num_times_seen_before: 0
ACC: 0.6157894736842106
TPR/FPR: 0.75, 0.4155844155844156
Loss: 0.5135961771011353
Timestamp: 3178.171667791
---------------------------------------------------------------
[tensor([11, 15])]
Mean loss in evaluation epoch: 0.5146185159683228, epochs needed: 40
Rejecting!

Generation 154
Mean loss in evaluation epoch: 0.514075517654419, epochs needed: 40
------------------------- TRACKING ---------------------------
Matrix Hash: fb6ac875cd40f737, num_times_seen_before: 1
ACC: 0.6157894736842106
TPR/FPR: 0.75, 0.4155844155844156
Loss: 0.514075517654419
Timestamp: 3198.483276917
---------------------------------------------------------------
[tensor([ 1, 18])]
Mean loss in evaluation epoch: 0.5137450098991394, epochs needed: 40
Accepting!

Generation 155
Mean loss in evaluation epoch: 0.5137741565704346, epochs needed: 40
------------------------- TRACKING ---------------------------
Matrix Hash: a4fb353142339f0d, num_times_seen_before: 0
ACC: 0.6105263157894737
TPR/FPR: 0.75, 0.42207792207792205
Loss: 0.5137741565704346
Timestamp: 3219.569556483
---------------------------------------------------------------
[tensor([16, 18])]
Mean loss in evaluation epoch: 0.5134842395782471, epochs needed: 40
Accepting!

Generation 156
Mean loss in evaluation epoch: 0.5135167241096497, epochs needed: 40
------------------------- TRACKING ---------------------------
Matrix Hash: 126d31d446a77681, num_times_seen_before: 0
ACC: 0.6052631578947368
TPR/FPR: 0.75, 0.42857142857142855
Loss: 0.5135167241096497
Timestamp: 3239.991804827
---------------------------------------------------------------
[tensor([ 8, 15])]
Mean loss in evaluation epoch: 0.5133586525917053, epochs needed: 40
Accepting!

Generation 157
Mean loss in evaluation epoch: 0.5158510208129883, epochs needed: 40
------------------------- TRACKING ---------------------------
Matrix Hash: dae3fe438e305edd, num_times_seen_before: 0
ACC: 0.6
TPR/FPR: 0.75, 0.43506493506493504
Loss: 0.5158510208129883
Timestamp: 3260.387478028
---------------------------------------------------------------
[tensor([ 6, 19])]
Mean loss in evaluation epoch: 0.5129430294036865, epochs needed: 40
Accepting!

Generation 158
Mean loss in evaluation epoch: 0.5128905773162842, epochs needed: 40
------------------------- TRACKING ---------------------------
Matrix Hash: d7851cf457d3102b, num_times_seen_before: 0
ACC: 0.6052631578947368
TPR/FPR: 0.75, 0.42857142857142855
Loss: 0.5128905773162842
Timestamp: 3280.429604933
---------------------------------------------------------------
[tensor([ 6, 16])]
Mean loss in evaluation epoch: 0.5143101215362549, epochs needed: 40
Rejecting!

Generation 159
Mean loss in evaluation epoch: 0.5122808814048767, epochs needed: 40
------------------------- TRACKING ---------------------------
Matrix Hash: d7851cf457d3102b, num_times_seen_before: 1
ACC: 0.6052631578947368
TPR/FPR: 0.75, 0.42857142857142855
Loss: 0.5122808814048767
Timestamp: 3300.4897033839998
---------------------------------------------------------------
[tensor([16, 18])]
Mean loss in evaluation epoch: 0.5129512548446655, epochs needed: 40
Rejecting!

Generation 160
Mean loss in evaluation epoch: 0.5151509642601013, epochs needed: 40
------------------------- TRACKING ---------------------------
Matrix Hash: d7851cf457d3102b, num_times_seen_before: 2
ACC: 0.6052631578947368
TPR/FPR: 0.75, 0.42857142857142855
Loss: 0.5151509642601013
Timestamp: 3320.914912939
---------------------------------------------------------------
[tensor([ 0, 17])]
Mean loss in evaluation epoch: 0.5130506157875061, epochs needed: 40
Accepting!

Generation 161
Mean loss in evaluation epoch: 0.5130824446678162, epochs needed: 40
------------------------- TRACKING ---------------------------
Matrix Hash: 332fe6e32cc43ad0, num_times_seen_before: 0
ACC: 0.6
TPR/FPR: 0.75, 0.43506493506493504
Loss: 0.5130824446678162
Timestamp: 3340.956535104
---------------------------------------------------------------
[tensor([ 7, 15])]
Mean loss in evaluation epoch: 0.5147075057029724, epochs needed: 40
Rejecting!

Generation 162
Mean loss in evaluation epoch: 0.5126842856407166, epochs needed: 40
------------------------- TRACKING ---------------------------
Matrix Hash: 332fe6e32cc43ad0, num_times_seen_before: 1
ACC: 0.6
TPR/FPR: 0.75, 0.43506493506493504
Loss: 0.5126842856407166
Timestamp: 3360.469983136
---------------------------------------------------------------
[tensor([ 4, 14])]
Mean loss in evaluation epoch: 0.5137991309165955, epochs needed: 40
Rejecting!

Generation 163
Mean loss in evaluation epoch: 0.5128672122955322, epochs needed: 40
------------------------- TRACKING ---------------------------
Matrix Hash: 332fe6e32cc43ad0, num_times_seen_before: 2
ACC: 0.6
TPR/FPR: 0.75, 0.43506493506493504
Loss: 0.5128672122955322
Timestamp: 3380.6851348669998
---------------------------------------------------------------
[tensor([ 4, 11])]
Mean loss in evaluation epoch: 0.5137522220611572, epochs needed: 40
Rejecting!

Generation 164
Mean loss in evaluation epoch: 0.5130879878997803, epochs needed: 40
------------------------- TRACKING ---------------------------
Matrix Hash: 332fe6e32cc43ad0, num_times_seen_before: 3
ACC: 0.6
TPR/FPR: 0.75, 0.43506493506493504
Loss: 0.5130879878997803
Timestamp: 3401.382145289
---------------------------------------------------------------
[tensor([1, 2])]
Mean loss in evaluation epoch: 0.5200716853141785, epochs needed: 40
Rejecting!

Generation 165
Mean loss in evaluation epoch: 0.5148577094078064, epochs needed: 40
------------------------- TRACKING ---------------------------
Matrix Hash: 332fe6e32cc43ad0, num_times_seen_before: 4
ACC: 0.6
TPR/FPR: 0.75, 0.43506493506493504
Loss: 0.5148577094078064
Timestamp: 3421.293191121
---------------------------------------------------------------
[tensor([2, 4])]
Mean loss in evaluation epoch: 0.51222825050354, epochs needed: 40
Accepting!

Generation 166
Mean loss in evaluation epoch: 0.5132259130477905, epochs needed: 40
------------------------- TRACKING ---------------------------
Matrix Hash: f037772546d03027, num_times_seen_before: 0
ACC: 0.6052631578947368
TPR/FPR: 0.75, 0.42857142857142855
Loss: 0.5132259130477905
Timestamp: 3440.9014272
---------------------------------------------------------------
[tensor([ 2, 12])]
Mean loss in evaluation epoch: 0.513617992401123, epochs needed: 40
Rejecting!

Generation 167
Mean loss in evaluation epoch: 0.5126439929008484, epochs needed: 40
------------------------- TRACKING ---------------------------
Matrix Hash: f037772546d03027, num_times_seen_before: 1
ACC: 0.6052631578947368
TPR/FPR: 0.75, 0.42857142857142855
Loss: 0.5126439929008484
Timestamp: 3460.765022401
---------------------------------------------------------------
[tensor([ 3, 18])]
Mean loss in evaluation epoch: 0.5156049728393555, epochs needed: 40
Rejecting!

Generation 168
Mean loss in evaluation epoch: 0.5118610262870789, epochs needed: 40
------------------------- TRACKING ---------------------------
Matrix Hash: f037772546d03027, num_times_seen_before: 2
ACC: 0.6052631578947368
TPR/FPR: 0.75, 0.42857142857142855
Loss: 0.5118610262870789
Timestamp: 3482.1565455659997
---------------------------------------------------------------
[tensor([4, 8])]
Mean loss in evaluation epoch: 0.5137290954589844, epochs needed: 40
Rejecting!

Generation 169
Mean loss in evaluation epoch: 0.511998176574707, epochs needed: 40
------------------------- TRACKING ---------------------------
Matrix Hash: f037772546d03027, num_times_seen_before: 3
ACC: 0.6052631578947368
TPR/FPR: 0.75, 0.42857142857142855
Loss: 0.511998176574707
Timestamp: 3501.88637153
---------------------------------------------------------------
[tensor([12, 18])]
Mean loss in evaluation epoch: 0.513620138168335, epochs needed: 40
Rejecting!

Generation 170
Mean loss in evaluation epoch: 0.5118470788002014, epochs needed: 40
------------------------- TRACKING ---------------------------
Matrix Hash: f037772546d03027, num_times_seen_before: 4
ACC: 0.6052631578947368
TPR/FPR: 0.75, 0.42857142857142855
Loss: 0.5118470788002014
Timestamp: 3521.474529095
---------------------------------------------------------------
[tensor([6, 9])]
Mean loss in evaluation epoch: 0.5127525329589844, epochs needed: 40
Rejecting!

Generation 171
Mean loss in evaluation epoch: 0.5123463273048401, epochs needed: 40
------------------------- TRACKING ---------------------------
Matrix Hash: f037772546d03027, num_times_seen_before: 5
ACC: 0.6052631578947368
TPR/FPR: 0.75, 0.42857142857142855
Loss: 0.5123463273048401
Timestamp: 3540.931454515
---------------------------------------------------------------
[tensor([11, 13])]
Mean loss in evaluation epoch: 0.5126528143882751, epochs needed: 40
Rejecting!

Generation 172
Mean loss in evaluation epoch: 0.5131710767745972, epochs needed: 40
------------------------- TRACKING ---------------------------
Matrix Hash: f037772546d03027, num_times_seen_before: 6
ACC: 0.6052631578947368
TPR/FPR: 0.75, 0.42857142857142855
Loss: 0.5131710767745972
Timestamp: 3561.257696689
---------------------------------------------------------------
[tensor([0, 7])]
Mean loss in evaluation epoch: 0.5123233199119568, epochs needed: 40
Accepting!

Generation 173
Mean loss in evaluation epoch: 0.5117297768592834, epochs needed: 40
------------------------- TRACKING ---------------------------
Matrix Hash: d380b0cd3103b7b7, num_times_seen_before: 0
ACC: 0.6
TPR/FPR: 0.75, 0.43506493506493504
Loss: 0.5117297768592834
Timestamp: 3581.720686788
---------------------------------------------------------------
[tensor([11, 14])]
Mean loss in evaluation epoch: 0.5130766034126282, epochs needed: 40
Rejecting!

Generation 174
Mean loss in evaluation epoch: 0.5151169300079346, epochs needed: 40
------------------------- TRACKING ---------------------------
Matrix Hash: d380b0cd3103b7b7, num_times_seen_before: 1
ACC: 0.6
TPR/FPR: 0.75, 0.43506493506493504
Loss: 0.5151169300079346
Timestamp: 3601.974132707
---------------------------------------------------------------
[tensor([ 1, 12])]
Mean loss in evaluation epoch: 0.5127168893814087, epochs needed: 40
Accepting!

Generation 175
Mean loss in evaluation epoch: 0.5123996138572693, epochs needed: 40
------------------------- TRACKING ---------------------------
Matrix Hash: 34b395e3aff906e6, num_times_seen_before: 0
ACC: 0.5947368421052632
TPR/FPR: 0.75, 0.44155844155844154
Loss: 0.5123996138572693
Timestamp: 3622.823168866
---------------------------------------------------------------
[tensor([ 2, 15])]
Mean loss in evaluation epoch: 0.5132285356521606, epochs needed: 40
Rejecting!

Generation 176
Mean loss in evaluation epoch: 0.5130876302719116, epochs needed: 40
------------------------- TRACKING ---------------------------
Matrix Hash: 34b395e3aff906e6, num_times_seen_before: 1
ACC: 0.5947368421052632
TPR/FPR: 0.75, 0.44155844155844154
Loss: 0.5130876302719116
Timestamp: 3643.27611376
---------------------------------------------------------------
[tensor([ 7, 17])]
Mean loss in evaluation epoch: 0.512530505657196, epochs needed: 40
Accepting!

Generation 177
Mean loss in evaluation epoch: 0.5115642547607422, epochs needed: 40
------------------------- TRACKING ---------------------------
Matrix Hash: 2f386c1f49241d75, num_times_seen_before: 0
ACC: 0.6
TPR/FPR: 0.75, 0.43506493506493504
Loss: 0.5115642547607422
Timestamp: 3662.852219107
---------------------------------------------------------------
[tensor([6, 8])]
Mean loss in evaluation epoch: 0.5113986134529114, epochs needed: 40
Accepting!

Generation 178
Mean loss in evaluation epoch: 0.5113456845283508, epochs needed: 40
------------------------- TRACKING ---------------------------
Matrix Hash: bc8f526483b0013e, num_times_seen_before: 0
ACC: 0.6052631578947368
TPR/FPR: 0.75, 0.42857142857142855
Loss: 0.5113456845283508
Timestamp: 3683.779774883
---------------------------------------------------------------
[tensor([ 8, 19])]
Mean loss in evaluation epoch: 0.516545832157135, epochs needed: 40
Rejecting!

Generation 179
Mean loss in evaluation epoch: 0.5115242004394531, epochs needed: 40
------------------------- TRACKING ---------------------------
Matrix Hash: bc8f526483b0013e, num_times_seen_before: 1
ACC: 0.6052631578947368
TPR/FPR: 0.75, 0.42857142857142855
Loss: 0.5115242004394531
Timestamp: 3703.603056912
---------------------------------------------------------------
[tensor([16, 18])]
Mean loss in evaluation epoch: 0.5119362473487854, epochs needed: 40
Rejecting!

Generation 180
Mean loss in evaluation epoch: 0.5120596885681152, epochs needed: 40
------------------------- TRACKING ---------------------------
Matrix Hash: bc8f526483b0013e, num_times_seen_before: 2
ACC: 0.6052631578947368
TPR/FPR: 0.75, 0.42857142857142855
Loss: 0.5120596885681152
Timestamp: 3724.683424561
---------------------------------------------------------------
[tensor([ 3, 17])]
Mean loss in evaluation epoch: 0.5146362781524658, epochs needed: 40
Rejecting!

Generation 181
Mean loss in evaluation epoch: 0.5114068984985352, epochs needed: 40
------------------------- TRACKING ---------------------------
Matrix Hash: bc8f526483b0013e, num_times_seen_before: 3
ACC: 0.6052631578947368
TPR/FPR: 0.75, 0.42857142857142855
Loss: 0.5114068984985352
Timestamp: 3746.745909222
---------------------------------------------------------------
[tensor([6, 8])]
Mean loss in evaluation epoch: 0.513298511505127, epochs needed: 40
Rejecting!

Generation 182
Mean loss in evaluation epoch: 0.5121667385101318, epochs needed: 40
------------------------- TRACKING ---------------------------
Matrix Hash: bc8f526483b0013e, num_times_seen_before: 4
ACC: 0.6052631578947368
TPR/FPR: 0.75, 0.42857142857142855
Loss: 0.5121667385101318
Timestamp: 3766.867174698
---------------------------------------------------------------
[tensor([4, 7])]
Mean loss in evaluation epoch: 0.511623740196228, epochs needed: 40
Accepting!

Generation 183
Mean loss in evaluation epoch: 0.5116485953330994, epochs needed: 40
------------------------- TRACKING ---------------------------
Matrix Hash: a9ae24d7335f44b3, num_times_seen_before: 0
ACC: 0.6105263157894737
TPR/FPR: 0.75, 0.42207792207792205
Loss: 0.5116485953330994
Timestamp: 3786.74233906
---------------------------------------------------------------
[tensor([13, 18])]
Mean loss in evaluation epoch: 0.5115036964416504, epochs needed: 40
Accepting!

Generation 184
Mean loss in evaluation epoch: 0.5119682550430298, epochs needed: 40
------------------------- TRACKING ---------------------------
Matrix Hash: b001b62ccebd947f, num_times_seen_before: 0
ACC: 0.6157894736842106
TPR/FPR: 0.75, 0.4155844155844156
Loss: 0.5119682550430298
Timestamp: 3806.937513854
---------------------------------------------------------------
[tensor([ 0, 10])]
Mean loss in evaluation epoch: 0.5098602771759033, epochs needed: 40
Accepting!

Generation 185
Mean loss in evaluation epoch: 0.5098299980163574, epochs needed: 40
------------------------- TRACKING ---------------------------
Matrix Hash: 150ff5a94d3e9b6a, num_times_seen_before: 0
ACC: 0.6210526315789473
TPR/FPR: 0.75, 0.4090909090909091
Loss: 0.5098299980163574
Timestamp: 3827.334291459
---------------------------------------------------------------
[tensor([2, 7])]
Mean loss in evaluation epoch: 0.5110250115394592, epochs needed: 40
Rejecting!

Generation 186
Mean loss in evaluation epoch: 0.510473370552063, epochs needed: 40
------------------------- TRACKING ---------------------------
Matrix Hash: 150ff5a94d3e9b6a, num_times_seen_before: 1
ACC: 0.6210526315789473
TPR/FPR: 0.75, 0.4090909090909091
Loss: 0.510473370552063
Timestamp: 3847.829640047
---------------------------------------------------------------
[tensor([10, 18])]
Mean loss in evaluation epoch: 0.5112159252166748, epochs needed: 40
Rejecting!

Generation 187
Mean loss in evaluation epoch: 0.5100626349449158, epochs needed: 40
------------------------- TRACKING ---------------------------
Matrix Hash: 150ff5a94d3e9b6a, num_times_seen_before: 2
ACC: 0.6210526315789473
TPR/FPR: 0.75, 0.4090909090909091
Loss: 0.5100626349449158
Timestamp: 3868.47505477
---------------------------------------------------------------
[tensor([ 7, 18])]
Mean loss in evaluation epoch: 0.5114268660545349, epochs needed: 40
Rejecting!

Generation 188
Mean loss in evaluation epoch: 0.5098986625671387, epochs needed: 40
------------------------- TRACKING ---------------------------
Matrix Hash: 150ff5a94d3e9b6a, num_times_seen_before: 3
ACC: 0.6210526315789473
TPR/FPR: 0.75, 0.4090909090909091
Loss: 0.5098986625671387
Timestamp: 3889.652276283
---------------------------------------------------------------
[tensor([ 2, 19])]
Mean loss in evaluation epoch: 0.5113641023635864, epochs needed: 40
Rejecting!

Generation 189
Mean loss in evaluation epoch: 0.5115579962730408, epochs needed: 40
------------------------- TRACKING ---------------------------
Matrix Hash: 150ff5a94d3e9b6a, num_times_seen_before: 4
ACC: 0.6210526315789473
TPR/FPR: 0.75, 0.4090909090909091
Loss: 0.5115579962730408
Timestamp: 3910.109583107
---------------------------------------------------------------
[tensor([ 9, 15])]
Mean loss in evaluation epoch: 0.5095444917678833, epochs needed: 40
Accepting!

Generation 190
Mean loss in evaluation epoch: 0.5094578266143799, epochs needed: 40
------------------------- TRACKING ---------------------------
Matrix Hash: d6f4ffc33d40f624, num_times_seen_before: 0
ACC: 0.6263157894736842
TPR/FPR: 0.75, 0.4025974025974026
Loss: 0.5094578266143799
Timestamp: 3929.92493109
---------------------------------------------------------------
[tensor([3, 7])]
Mean loss in evaluation epoch: 0.5115726590156555, epochs needed: 40
Rejecting!

Generation 191
Mean loss in evaluation epoch: 0.5094278454780579, epochs needed: 40
------------------------- TRACKING ---------------------------
Matrix Hash: d6f4ffc33d40f624, num_times_seen_before: 1
ACC: 0.6263157894736842
TPR/FPR: 0.75, 0.4025974025974026
Loss: 0.5094278454780579
Timestamp: 3949.491718544
---------------------------------------------------------------
[tensor([ 3, 10])]
Mean loss in evaluation epoch: 0.5112281441688538, epochs needed: 40
Rejecting!

Generation 192
Mean loss in evaluation epoch: 0.5098605155944824, epochs needed: 40
------------------------- TRACKING ---------------------------
Matrix Hash: d6f4ffc33d40f624, num_times_seen_before: 2
ACC: 0.6263157894736842
TPR/FPR: 0.75, 0.4025974025974026
Loss: 0.5098605155944824
Timestamp: 3970.719156732
---------------------------------------------------------------
[tensor([ 2, 18])]
Mean loss in evaluation epoch: 0.5086946487426758, epochs needed: 40
Accepting!

Generation 193
Mean loss in evaluation epoch: 0.5087772011756897, epochs needed: 40
------------------------- TRACKING ---------------------------
Matrix Hash: c42625f4ecf116a5, num_times_seen_before: 0
ACC: 0.631578947368421
TPR/FPR: 0.75, 0.3961038961038961
Loss: 0.5087772011756897
Timestamp: 3990.675940668
---------------------------------------------------------------
[tensor([ 5, 11])]
Mean loss in evaluation epoch: 0.5095362663269043, epochs needed: 40
Rejecting!

Generation 194
Mean loss in evaluation epoch: 0.509000301361084, epochs needed: 40
------------------------- TRACKING ---------------------------
Matrix Hash: c42625f4ecf116a5, num_times_seen_before: 1
ACC: 0.631578947368421
TPR/FPR: 0.75, 0.3961038961038961
Loss: 0.509000301361084
Timestamp: 4010.632527591
---------------------------------------------------------------
[tensor([ 5, 12])]
Mean loss in evaluation epoch: 0.5079691410064697, epochs needed: 40
Accepting!

Generation 195
Mean loss in evaluation epoch: 0.5080690383911133, epochs needed: 40
------------------------- TRACKING ---------------------------
Matrix Hash: daf6b434609c0edc, num_times_seen_before: 0
ACC: 0.6368421052631579
TPR/FPR: 0.75, 0.38961038961038963
Loss: 0.5080690383911133
Timestamp: 4030.317592204
---------------------------------------------------------------
[tensor([ 0, 10])]
Mean loss in evaluation epoch: 0.507914662361145, epochs needed: 40
Accepting!

Generation 196
Mean loss in evaluation epoch: 0.5078187584877014, epochs needed: 40
------------------------- TRACKING ---------------------------
Matrix Hash: 86aaeea665adc380, num_times_seen_before: 0
ACC: 0.631578947368421
TPR/FPR: 0.75, 0.3961038961038961
Loss: 0.5078187584877014
Timestamp: 4050.715959132
---------------------------------------------------------------
[tensor([ 0, 10])]
Mean loss in evaluation epoch: 0.5075485110282898, epochs needed: 40
Accepting!

Generation 197
Mean loss in evaluation epoch: 0.5073172450065613, epochs needed: 40
------------------------- TRACKING ---------------------------
Matrix Hash: daf6b434609c0edc, num_times_seen_before: 1
ACC: 0.6368421052631579
TPR/FPR: 0.75, 0.38961038961038963
Loss: 0.5073172450065613
Timestamp: 4070.272061054
---------------------------------------------------------------
[tensor([ 5, 10])]
Mean loss in evaluation epoch: 0.5074464082717896, epochs needed: 40
Rejecting!

Generation 198
Mean loss in evaluation epoch: 0.5074760913848877, epochs needed: 40
------------------------- TRACKING ---------------------------
Matrix Hash: daf6b434609c0edc, num_times_seen_before: 2
ACC: 0.6368421052631579
TPR/FPR: 0.75, 0.38961038961038963
Loss: 0.5074760913848877
Timestamp: 4090.259562961
---------------------------------------------------------------
[tensor([11, 17])]
Mean loss in evaluation epoch: 0.5117439031600952, epochs needed: 40
Rejecting!

Generation 199
Mean loss in evaluation epoch: 0.508778989315033, epochs needed: 40
------------------------- TRACKING ---------------------------
Matrix Hash: daf6b434609c0edc, num_times_seen_before: 3
ACC: 0.6368421052631579
TPR/FPR: 0.75, 0.38961038961038963
Loss: 0.508778989315033
Timestamp: 4111.006243488
---------------------------------------------------------------
[tensor([5, 6])]
Mean loss in evaluation epoch: 0.5113864541053772, epochs needed: 40
Rejecting!
------------------------- TRACKING ---------------------------
Matrix Hash: daf6b434609c0edc, num_times_seen_before: 4
ACC: 0.6368421052631579
TPR/FPR: 0.75, 0.38961038961038963
Loss: 0.508778989315033
Timestamp: 4120.884072123001
---------------------------------------------------------------
Time needed: 4136.705097626001 sec
