num samples: 5000
NUM_TRAIN_SAMPLES: 4999
NUM_TRAIN_BATCHES: 50
NUM_TEST_SAMPLES: 4999
NUM_TEST_BATCHES: 50
BATCH_SIZE: 100
HIDDEN_SIZE: 128
NUM_DYN_EPOCHS: 20
IS_CONTINUOUS: False
USE_MAX: False
../data/final/netrd/SIS/timeseries_ba20_5k_0.1.pickle
../data/final/edges_ba20.pickle
CONTINUATION: False
CONT_ADDRESS: D:\Uni\BA\ColabOutputs\ba20\2020-12-10T22_50_22.113418
SEED: 0
NUM_DYN_EPOCHS: 20
NUM_DYN_EPOCHS_INIT: 20
DETECT_EARLY_CONVERGENCE: False
RESET_DYN_LEARNER_EVERY_NTH_GEN: 1
POP_SIZE: 8
NEWPOP_SIZE: 16
NUM_GEN: 20
USE_NODEWISE_EVALUATION: False
USE_EVALEPOCH_FOR_GUIDED_MUTATION: True
MUT_PROB: 0.004761904761904762
--------------------- Start training ------------------------
evaluating individudal 0 - bcfde9534d3bfd59. Mean loss in evaluation epoch: 0.3263320028781891, epochs needed: 20
evaluating individudal 1 - e653c9d83091eaf2. Mean loss in evaluation epoch: 0.32515203952789307, epochs needed: 20
evaluating individudal 2 - 72f998262bbfe450. Mean loss in evaluation epoch: 0.32471999526023865, epochs needed: 20
evaluating individudal 3 - 69390fc8c80db59e. Mean loss in evaluation epoch: 0.3247039318084717, epochs needed: 20
evaluating individudal 4 - 9b2d78cf0e6453cb. Mean loss in evaluation epoch: 0.3245484232902527, epochs needed: 20
evaluating individudal 5 - 6792c0317c2b3f18. Mean loss in evaluation epoch: 0.3253914713859558, epochs needed: 20
evaluating individudal 6 - 1571397118f4ddec. Mean loss in evaluation epoch: 0.3249291479587555, epochs needed: 20
evaluating individudal 7 - f7d7d55008e33627. Mean loss in evaluation epoch: 0.3241068124771118, epochs needed: 20
Round 0 done. -----------------------------------------
------------------------- TRACKING ---------------------------
Matrix Hash: f7d7d55008e33627, num_times_seen_before: 0
ACC: 0.4631578947368421
TPR/FPR: 0.4166666666666667, 0.525974025974026
Loss: 0.3241068124771118
Timestamp: 0
---------------------------------------------------------------
