../data/final/netrd/SIS/timeseries_ba20_5k_0.1.pickle
../data/final/edges_ba10.pickle
CONTINUATION: False
CONT_ADDRESS: ./hill_climbing_logs/voter_ba20_100_CONT_8ep
SEED: 0
NUM_DYN_EPOCHS: 40
DETECT_EARLY_CONVERGENCE: False
USE_EVALEPOCH_FOR_GUIDED_MUTATION: False
USE_NODEWISE_LOSS: False
MAX_CHANGES: 1
USE_DYNAMIC_STEPS: True
num samples: 5000
NUM_TRAIN_SAMPLES: 4999
NUM_TRAIN_BATCHES: 50
NUM_TEST_SAMPLES: 4999
NUM_TEST_BATCHES: 50
BATCH_SIZE: 100
HIDDEN_SIZE: 128
NUM_DYN_EPOCHS: 40
IS_CONTINUOUS: False
USE_MAX: False

Generation 0
Mean loss in evaluation epoch: 0.32459741830825806, epochs needed: 40
