../data/final/Voter/timeseries_ba20_100.pickle
../data/final/edges_ba20.pickle
CONTINUATION: False
CONT_ADDRESS: ./hillclimbing_logs/linear/final/heuristics_comp/deterministic/cml/ba10_1k_restart_3.5_random/2021-03-04T15_54_10.394816
SEED: 0
NUM_DYN_EPOCHS: 300
DETECT_EARLY_CONVERGENCE: False
USE_EVALEPOCH_FOR_GUIDED_MUTATION: False
USE_NODEWISE_LOSS: True
USE_DYNAMIC_STEPS: True
NUM_GEN: 45
DETERMINISTIC_EVAL: False
FREE WALK: False
EXPERIMENTS: 5
FORMAT: old
NUM_TRAIN_SAMPLES: 100
NUM_TRAIN_BATCHES: 1
NUM_TEST_SAMPLES: 100
NUM_TEST_BATCHES: 1
BATCH_SIZE: 100
HIDDEN_SIZE: 128
NUM_DYN_EPOCHS: 300
IS_CONTINUOUS: False
USE_MAX: False

Generation 0
Mean loss in evaluation epoch: [0.6371999382972717, 0.49909549951553345, 0.5806520581245422, 0.6404980421066284, 0.6383061408996582, 0.5882061719894409, 0.5621817111968994, 0.5838100910186768, 0.5676805973052979, 0.6667177677154541, 0.5872218012809753, 0.5733141303062439, 0.6007882356643677, 0.600724995136261, 0.5530779361724854, 0.6650308966636658, 0.5871062874794006, 0.5647208094596863, 0.5954792499542236, 0.6160745620727539], epochs needed: 300
------------------------- TRACKING ---------------------------
Matrix Hash: ad2a352e2ebf5d73, num_times_seen_before: 0
ACC: 0.4842105263157894
TPR/FPR: 0.4722222222222222, 0.512987012987013
Loss: [0.6371999382972717, 0.49909549951553345, 0.5806520581245422, 0.6404980421066284, 0.6383061408996582, 0.5882061719894409, 0.5621817111968994, 0.5838100910186768, 0.5676805973052979, 0.6667177677154541, 0.5872218012809753, 0.5733141303062439, 0.6007882356643677, 0.600724995136261, 0.5530779361724854, 0.6650308966636658, 0.5871062874794006, 0.5647208094596863, 0.5954792499542236, 0.6160745620727539]
Timestamp: 0
---------------------------------------------------------------
[tensor([0, 9]), tensor([ 0, 12]), tensor([ 0, 13]), tensor([2, 3]), tensor([ 2, 13]), tensor([ 2, 16]), tensor([3, 4]), tensor([3, 5]), tensor([3, 7]), tensor([ 3, 15]), tensor([4, 5]), tensor([4, 8]), tensor([ 4, 10]), tensor([ 5, 11]), tensor([ 5, 12]), tensor([ 5, 18]), tensor([ 6, 10]), tensor([ 6, 18]), tensor([ 7, 14]), tensor([ 7, 15]), tensor([10, 11]), tensor([10, 15]), tensor([10, 18]), tensor([11, 14]), tensor([12, 13]), tensor([12, 16]), tensor([13, 15]), tensor([14, 19]), tensor([15, 17]), tensor([15, 18]), tensor([17, 19])]
Mean loss in evaluation epoch: [0.6150220632553101, 0.4962853789329529, 0.5552847385406494, 0.6294794082641602, 0.6250123977661133, 0.5304202437400818, 0.5153887867927551, 0.5404992699623108, 0.5603123903274536, 0.6311379075050354, 0.4888729751110077, 0.533692479133606, 0.5243475437164307, 0.512235701084137, 0.5389492511749268, 0.545140266418457, 0.5523924827575684, 0.5284479856491089, 0.6026548147201538, 0.5795252919197083], epochs needed: 300
count_changes: 31 / 31

Generation 1
Mean loss in evaluation epoch: [0.6152178645133972, 0.4991488456726074, 0.5608817934989929, 0.6119570136070251, 0.6212927103042603, 0.5299636721611023, 0.5112250447273254, 0.5519298911094666, 0.5550812482833862, 0.6322466731071472, 0.4809558093547821, 0.5350478291511536, 0.5259121060371399, 0.5153003931045532, 0.5398828983306885, 0.5403733253479004, 0.5513024926185608, 0.5243174433708191, 0.5984410047531128, 0.5743060111999512], epochs needed: 300
------------------------- TRACKING ---------------------------
Matrix Hash: 7167aa9dcce48b30, num_times_seen_before: 0
ACC: 0.5421052631578948
TPR/FPR: 0.8055555555555556, 0.5194805194805194
Loss: [0.6152178645133972, 0.4991488456726074, 0.5608817934989929, 0.6119570136070251, 0.6212927103042603, 0.5299636721611023, 0.5112250447273254, 0.5519298911094666, 0.5550812482833862, 0.6322466731071472, 0.4809558093547821, 0.5350478291511536, 0.5259121060371399, 0.5153003931045532, 0.5398828983306885, 0.5403733253479004, 0.5513024926185608, 0.5243174433708191, 0.5984410047531128, 0.5743060111999512]
Timestamp: 3.113222570000005
---------------------------------------------------------------
[tensor([ 0, 16]), tensor([ 1, 14]), tensor([ 3, 10]), tensor([ 3, 13]), tensor([4, 9]), tensor([ 4, 16]), tensor([ 5, 16]), tensor([6, 9]), tensor([ 7, 14]), tensor([8, 9]), tensor([ 8, 16]), tensor([ 8, 17]), tensor([ 9, 13]), tensor([ 9, 16]), tensor([12, 18]), tensor([12, 19]), tensor([15, 16]), tensor([16, 19])]
Mean loss in evaluation epoch: [0.6286219358444214, 0.4811829626560211, 0.553744375705719, 0.6007664203643799, 0.5948576331138611, 0.4986264407634735, 0.514823853969574, 0.544859766960144, 0.5307323932647705, 0.5527298450469971, 0.49012380838394165, 0.5350828170776367, 0.4823695719242096, 0.4908362925052643, 0.5323253273963928, 0.5474327206611633, 0.49990659952163696, 0.5325698256492615, 0.5923153162002563, 0.5629138350486755], epochs needed: 300
count_changes: 18 / 18

Generation 2
Mean loss in evaluation epoch: [0.6270509958267212, 0.4834268391132355, 0.5553179979324341, 0.6064072251319885, 0.5941636562347412, 0.49828046560287476, 0.5126375555992126, 0.5458927750587463, 0.5280630588531494, 0.5512561798095703, 0.4953579604625702, 0.5402355790138245, 0.48349469900131226, 0.4932589530944824, 0.52694171667099, 0.5472425222396851, 0.497195303440094, 0.5361369848251343, 0.5906965732574463, 0.5632489919662476], epochs needed: 300
------------------------- TRACKING ---------------------------
Matrix Hash: f1a96e8ce3807257, num_times_seen_before: 0
ACC: 0.5631578947368421
TPR/FPR: 0.8055555555555556, 0.4935064935064935
Loss: [0.6270509958267212, 0.4834268391132355, 0.5553179979324341, 0.6064072251319885, 0.5941636562347412, 0.49828046560287476, 0.5126375555992126, 0.5458927750587463, 0.5280630588531494, 0.5512561798095703, 0.4953579604625702, 0.5402355790138245, 0.48349469900131226, 0.4932589530944824, 0.52694171667099, 0.5472425222396851, 0.497195303440094, 0.5361369848251343, 0.5906965732574463, 0.5632489919662476]
Timestamp: 6.1687300739999955
---------------------------------------------------------------
[tensor([0, 2]), tensor([0, 4]), tensor([0, 6]), tensor([ 0, 11]), tensor([ 0, 14]), tensor([1, 3]), tensor([1, 6]), tensor([ 1, 19]), tensor([ 2, 18]), tensor([ 3, 10]), tensor([ 4, 11]), tensor([ 4, 13]), tensor([ 4, 15]), tensor([ 4, 17]), tensor([ 4, 18]), tensor([5, 7]), tensor([ 5, 19]), tensor([ 7, 17]), tensor([ 7, 18]), tensor([ 8, 19]), tensor([11, 18]), tensor([14, 18]), tensor([16, 18]), tensor([16, 19])]
Mean loss in evaluation epoch: [0.5647076368331909, 0.4521736800670624, 0.5189643502235413, 0.633874237537384, 0.5304173231124878, 0.47267064452171326, 0.5045925974845886, 0.5285679697990417, 0.5168606638908386, 0.5481696128845215, 0.4681421220302582, 0.5296581387519836, 0.46335023641586304, 0.47189757227897644, 0.49094855785369873, 0.5239121913909912, 0.45505332946777344, 0.5077422261238098, 0.5208680033683777, 0.5331668853759766], epochs needed: 300
count_changes: 23 / 24

Generation 3
Mean loss in evaluation epoch: [0.5668305158615112, 0.4464018940925598, 0.51337730884552, 0.5914275050163269, 0.529516875743866, 0.4702773988246918, 0.503699004650116, 0.5250722169876099, 0.5238996148109436, 0.5538259744644165, 0.4675760269165039, 0.5177741646766663, 0.46263930201530457, 0.4694875180721283, 0.4960145056247711, 0.5221971869468689, 0.4584433138370514, 0.501550555229187, 0.5195400714874268, 0.5335790514945984], epochs needed: 300
------------------------- TRACKING ---------------------------
Matrix Hash: 3b8eda6f703fcc0d, num_times_seen_before: 0
ACC: 0.6210526315789473
TPR/FPR: 0.8888888888888888, 0.44155844155844154
Loss: [0.5668305158615112, 0.4464018940925598, 0.51337730884552, 0.5914275050163269, 0.529516875743866, 0.4702773988246918, 0.503699004650116, 0.5250722169876099, 0.5238996148109436, 0.5538259744644165, 0.4675760269165039, 0.5177741646766663, 0.46263930201530457, 0.4694875180721283, 0.4960145056247711, 0.5221971869468689, 0.4584433138370514, 0.501550555229187, 0.5195400714874268, 0.5335790514945984]
Timestamp: 9.142502912999987
---------------------------------------------------------------
[tensor([0, 1]), tensor([0, 7]), tensor([ 0, 18]), tensor([ 1, 19]), tensor([2, 8]), tensor([ 2, 11]), tensor([ 2, 13]), tensor([ 2, 15]), tensor([ 2, 17]), tensor([3, 6]), tensor([3, 8]), tensor([3, 9]), tensor([ 4, 19]), tensor([5, 9]), tensor([ 5, 12]), tensor([ 5, 17]), tensor([6, 9]), tensor([ 6, 11]), tensor([ 6, 13]), tensor([7, 8]), tensor([ 7, 11]), tensor([ 7, 19]), tensor([8, 9]), tensor([ 8, 12]), tensor([ 9, 11]), tensor([ 9, 14]), tensor([10, 18]), tensor([10, 19]), tensor([11, 12]), tensor([11, 13]), tensor([11, 18]), tensor([13, 17]), tensor([14, 17]), tensor([15, 16]), tensor([17, 18])]
Mean loss in evaluation epoch: [0.5252148509025574, 0.42436864972114563, 0.4255574643611908, 0.6183050870895386, 0.5495156645774841, 0.4032701849937439, 0.4713537395000458, 0.46316686272621155, 0.48541364073753357, 0.4704783856868744, 0.4786998927593231, 0.4101398289203644, 0.4125955402851105, 0.3735693395137787, 0.4237228333950043, 0.47971856594085693, 0.43374431133270264, 0.40494367480278015, 0.4307669401168823, 0.49613428115844727], epochs needed: 300
count_changes: 35 / 35

Generation 4
Mean loss in evaluation epoch: [0.5325180888175964, 0.4265174865722656, 0.43063095211982727, 0.6361664533615112, 0.5498696565628052, 0.40578821301460266, 0.4739116430282593, 0.4578939974308014, 0.48396024107933044, 0.4733866751194, 0.4804891347885132, 0.41100719571113586, 0.40851157903671265, 0.3726917803287506, 0.42038390040397644, 0.4756363332271576, 0.4396466016769409, 0.40731656551361084, 0.4313485324382782, 0.494138240814209], epochs needed: 300
------------------------- TRACKING ---------------------------
Matrix Hash: f03995914a785794, num_times_seen_before: 0
ACC: 0.7526315789473684
TPR/FPR: 0.9444444444444444, 0.2922077922077922
Loss: [0.5325180888175964, 0.4265174865722656, 0.43063095211982727, 0.6361664533615112, 0.5498696565628052, 0.40578821301460266, 0.4739116430282593, 0.4578939974308014, 0.48396024107933044, 0.4733866751194, 0.4804891347885132, 0.41100719571113586, 0.40851157903671265, 0.3726917803287506, 0.42038390040397644, 0.4756363332271576, 0.4396466016769409, 0.40731656551361084, 0.4313485324382782, 0.494138240814209]
Timestamp: 12.109699692999982
---------------------------------------------------------------
[tensor([0, 5]), tensor([0, 6]), tensor([ 0, 19]), tensor([1, 8]), tensor([2, 4]), tensor([ 2, 11]), tensor([3, 6]), tensor([ 4, 19]), tensor([ 5, 12]), tensor([ 5, 18]), tensor([6, 9]), tensor([7, 8]), tensor([ 7, 15]), tensor([ 7, 19]), tensor([ 8, 15]), tensor([ 8, 17]), tensor([ 9, 10]), tensor([ 9, 12]), tensor([ 9, 16]), tensor([10, 14]), tensor([10, 17]), tensor([13, 18]), tensor([13, 19]), tensor([15, 17]), tensor([16, 19])]
Mean loss in evaluation epoch: [0.5125956535339355, 0.3951784372329712, 0.4084056615829468, 0.600831925868988, 0.5497828125953674, 0.36185789108276367, 0.4544881582260132, 0.4384792149066925, 0.5318557024002075, 0.4787798225879669, 0.423880934715271, 0.36112961173057556, 0.42436981201171875, 0.38166114687919617, 0.4180651903152466, 0.4816989004611969, 0.44860172271728516, 0.4123626947402954, 0.40014761686325073, 0.4125441908836365], epochs needed: 300
count_changes: 18 / 25

Generation 5
Mean loss in evaluation epoch: [0.5180869698524475, 0.42902734875679016, 0.41157498955726624, 0.6221004128456116, 0.5666900873184204, 0.3673335909843445, 0.4539256691932678, 0.4708860218524933, 0.4903370440006256, 0.47286924719810486, 0.4175792634487152, 0.3719312846660614, 0.37441718578338623, 0.3989725708961487, 0.4048270583152771, 0.4747147560119629, 0.4541739821434021, 0.4112429618835449, 0.39647772908210754, 0.433550626039505], epochs needed: 300
------------------------- TRACKING ---------------------------
Matrix Hash: f71dcbe2df195eee, num_times_seen_before: 0
ACC: 0.7842105263157895
TPR/FPR: 0.9722222222222222, 0.2597402597402597
Loss: [0.5180869698524475, 0.42902734875679016, 0.41157498955726624, 0.6221004128456116, 0.5666900873184204, 0.3673335909843445, 0.4539256691932678, 0.4708860218524933, 0.4903370440006256, 0.47286924719810486, 0.4175792634487152, 0.3719312846660614, 0.37441718578338623, 0.3989725708961487, 0.4048270583152771, 0.4747147560119629, 0.4541739821434021, 0.4112429618835449, 0.39647772908210754, 0.433550626039505]
Timestamp: 15.086346900000024
---------------------------------------------------------------
[tensor([ 0, 16]), tensor([1, 4]), tensor([1, 9]), tensor([ 1, 10]), tensor([ 1, 14]), tensor([ 2, 14]), tensor([ 4, 19]), tensor([ 5, 16]), tensor([7, 8]), tensor([ 7, 14]), tensor([ 7, 19]), tensor([ 8, 12]), tensor([ 8, 15]), tensor([ 9, 15]), tensor([10, 13]), tensor([11, 16]), tensor([14, 16]), tensor([16, 19])]
Mean loss in evaluation epoch: [0.5061523914337158, 0.3494509756565094, 0.38604381680488586, 0.5500206351280212, 0.5407773852348328, 0.37743666768074036, 0.4511539041996002, 0.45994362235069275, 0.5083259344100952, 0.464148610830307, 0.4576323330402374, 0.3170101046562195, 0.41448110342025757, 0.35108742117881775, 0.40292903780937195, 0.4514191448688507, 0.45092862844467163, 0.41156134009361267, 0.39528778195381165, 0.4119970500469208], epochs needed: 300
count_changes: 15 / 18

Generation 6
Mean loss in evaluation epoch: [0.5098533630371094, 0.3574550151824951, 0.3896445035934448, 0.5753424167633057, 0.5570283532142639, 0.35861384868621826, 0.4501483142375946, 0.495849609375, 0.4776886999607086, 0.4717659652233124, 0.45105817914009094, 0.33506453037261963, 0.38736969232559204, 0.3585745096206665, 0.39783644676208496, 0.45283186435699463, 0.4410861134529114, 0.4165264070034027, 0.39077630639076233, 0.41511964797973633], epochs needed: 300
------------------------- TRACKING ---------------------------
Matrix Hash: 12bae4695b6473d7, num_times_seen_before: 0
ACC: 0.8
TPR/FPR: 0.9722222222222222, 0.24025974025974026
Loss: [0.5098533630371094, 0.3574550151824951, 0.3896445035934448, 0.5753424167633057, 0.5570283532142639, 0.35861384868621826, 0.4501483142375946, 0.495849609375, 0.4776886999607086, 0.4717659652233124, 0.45105817914009094, 0.33506453037261963, 0.38736969232559204, 0.3585745096206665, 0.39783644676208496, 0.45283186435699463, 0.4410861134529114, 0.4165264070034027, 0.39077630639076233, 0.41511964797973633]
Timestamp: 18.020200003000014
---------------------------------------------------------------
[tensor([0, 8]), tensor([1, 8]), tensor([1, 9]), tensor([ 1, 17]), tensor([2, 4]), tensor([2, 6]), tensor([ 2, 16]), tensor([ 5, 12]), tensor([7, 8]), tensor([ 8, 14]), tensor([10, 11]), tensor([10, 13]), tensor([11, 16]), tensor([13, 17]), tensor([13, 18]), tensor([15, 17]), tensor([16, 19])]
Mean loss in evaluation epoch: [0.49715372920036316, 0.3826855421066284, 0.44437822699546814, 0.5611289739608765, 0.560710608959198, 0.3423428535461426, 0.4477454423904419, 0.469298779964447, 0.5974847078323364, 0.48107296228408813, 0.445767879486084, 0.45223209261894226, 0.4131765365600586, 0.3878341615200043, 0.38301321864128113, 0.45238038897514343, 0.4489508271217346, 0.4044789671897888, 0.41032254695892334, 0.34274834394454956], epochs needed: 300
count_changes: 2 / 17

Generation 7
Mean loss in evaluation epoch: [0.5196452736854553, 0.36032938957214355, 0.3821564316749573, 0.5523607730865479, 0.5466619729995728, 0.35886266827583313, 0.44966772198677063, 0.4923541843891144, 0.4724331200122833, 0.47340860962867737, 0.45718833804130554, 0.3269074261188507, 0.3849862515926361, 0.35559356212615967, 0.40382370352745056, 0.4534205198287964, 0.45087283849716187, 0.4147840440273285, 0.39269328117370605, 0.32096168398857117], epochs needed: 300
------------------------- TRACKING ---------------------------
Matrix Hash: b22fbc3c71de5312, num_times_seen_before: 0
ACC: 0.8105263157894737
TPR/FPR: 0.9722222222222222, 0.22727272727272727
Loss: [0.5196452736854553, 0.36032938957214355, 0.3821564316749573, 0.5523607730865479, 0.5466619729995728, 0.35886266827583313, 0.44966772198677063, 0.4923541843891144, 0.4724331200122833, 0.47340860962867737, 0.45718833804130554, 0.3269074261188507, 0.3849862515926361, 0.35559356212615967, 0.40382370352745056, 0.4534205198287964, 0.45087283849716187, 0.4147840440273285, 0.39269328117370605, 0.32096168398857117]
Timestamp: 21.06717094200002
---------------------------------------------------------------
[tensor([0, 8]), tensor([ 0, 10]), tensor([1, 7]), tensor([ 1, 16]), tensor([ 1, 17]), tensor([ 1, 18]), tensor([2, 7]), tensor([2, 8]), tensor([ 2, 16]), tensor([ 3, 14]), tensor([ 4, 19]), tensor([ 5, 14]), tensor([ 7, 10]), tensor([ 7, 14]), tensor([ 7, 17]), tensor([8, 9]), tensor([ 8, 12]), tensor([ 8, 14]), tensor([ 9, 10]), tensor([ 9, 16]), tensor([10, 13]), tensor([10, 19]), tensor([13, 17]), tensor([13, 18]), tensor([15, 17])]
Mean loss in evaluation epoch: [0.48900294303894043, 0.40548577904701233, 0.4595545828342438, 0.561637282371521, 0.5280659198760986, 0.36934366822242737, 0.45697692036628723, 0.5237905383110046, 0.5373683571815491, 0.4462089538574219, 0.4703025817871094, 0.3277037739753723, 0.41050928831100464, 0.38909849524497986, 0.3483576774597168, 0.45244497060775757, 0.4285740852355957, 0.4928306043148041, 0.4115563929080963, 0.3904881179332733], epochs needed: 300
count_changes: 6 / 25

Generation 8
Mean loss in evaluation epoch: [0.4816338121891022, 0.37016066908836365, 0.3795482814311981, 0.5916215777397156, 0.5410456657409668, 0.35956427454948425, 0.4527056813240051, 0.44472038745880127, 0.4771342873573303, 0.46381935477256775, 0.4498257339000702, 0.32073545455932617, 0.40121200680732727, 0.3577592074871063, 0.3622991740703583, 0.4486483931541443, 0.4314100444316864, 0.41015011072158813, 0.39308950304985046, 0.3287528157234192], epochs needed: 300
------------------------- TRACKING ---------------------------
Matrix Hash: 5f2ec2bcada935a3, num_times_seen_before: 0
ACC: 0.8315789473684211
TPR/FPR: 0.9722222222222222, 0.2012987012987013
Loss: [0.4816338121891022, 0.37016066908836365, 0.3795482814311981, 0.5916215777397156, 0.5410456657409668, 0.35956427454948425, 0.4527056813240051, 0.44472038745880127, 0.4771342873573303, 0.46381935477256775, 0.4498257339000702, 0.32073545455932617, 0.40121200680732727, 0.3577592074871063, 0.3622991740703583, 0.4486483931541443, 0.4314100444316864, 0.41015011072158813, 0.39308950304985046, 0.3287528157234192]
Timestamp: 24.331943996000007
---------------------------------------------------------------
[tensor([1, 9]), tensor([ 1, 10]), tensor([ 1, 16]), tensor([ 1, 17]), tensor([ 1, 18]), tensor([2, 7]), tensor([ 2, 11]), tensor([ 2, 15]), tensor([ 2, 16]), tensor([4, 5]), tensor([4, 8]), tensor([ 4, 16]), tensor([ 4, 17]), tensor([ 4, 19]), tensor([ 6, 15]), tensor([7, 8]), tensor([ 7, 15]), tensor([8, 9]), tensor([ 8, 14]), tensor([10, 17]), tensor([11, 16]), tensor([13, 14]), tensor([14, 15]), tensor([15, 17])]
Mean loss in evaluation epoch: [0.5106137990951538, 0.4008851647377014, 0.45932281017303467, 0.5654148459434509, 0.5689878463745117, 0.39908698201179504, 0.486285001039505, 0.47096744179725647, 0.5360371470451355, 0.4284410774707794, 0.4571317434310913, 0.43770384788513184, 0.41105917096138, 0.37188059091567993, 0.3280264139175415, 0.5008836388587952, 0.393731951713562, 0.4487476348876953, 0.4166029691696167, 0.33018237352371216], epochs needed: 300
count_changes: 4 / 24

Generation 9
Mean loss in evaluation epoch: [0.4909973442554474, 0.35741403698921204, 0.38046994805336, 0.5864400863647461, 0.5637909173965454, 0.36199355125427246, 0.45685404539108276, 0.4499698579311371, 0.4804694354534149, 0.4516042172908783, 0.4435007870197296, 0.318631649017334, 0.39976316690444946, 0.35159820318222046, 0.3714752793312073, 0.448466420173645, 0.41401535272598267, 0.40125998854637146, 0.3958139419555664, 0.32036444544792175], epochs needed: 300
------------------------- TRACKING ---------------------------
Matrix Hash: 59292369a8e9ae5b, num_times_seen_before: 0
ACC: 0.8421052631578947
TPR/FPR: 0.9722222222222222, 0.18831168831168832
Loss: [0.4909973442554474, 0.35741403698921204, 0.38046994805336, 0.5864400863647461, 0.5637909173965454, 0.36199355125427246, 0.45685404539108276, 0.4499698579311371, 0.4804694354534149, 0.4516042172908783, 0.4435007870197296, 0.318631649017334, 0.39976316690444946, 0.35159820318222046, 0.3714752793312073, 0.448466420173645, 0.41401535272598267, 0.40125998854637146, 0.3958139419555664, 0.32036444544792175]
Timestamp: 27.435465008999984
---------------------------------------------------------------
[tensor([ 0, 14]), tensor([ 0, 16]), tensor([1, 9]), tensor([ 1, 13]), tensor([ 1, 17]), tensor([2, 8]), tensor([ 2, 15]), tensor([ 2, 16]), tensor([4, 8]), tensor([ 4, 17]), tensor([ 4, 19]), tensor([ 5, 12]), tensor([ 6, 15]), tensor([7, 8]), tensor([ 7, 18]), tensor([ 8, 14]), tensor([ 8, 17]), tensor([ 9, 12]), tensor([10, 17]), tensor([10, 19]), tensor([11, 16]), tensor([13, 14]), tensor([13, 17]), tensor([13, 18]), tensor([14, 15]), tensor([15, 17])]
Mean loss in evaluation epoch: [0.4824483394622803, 0.3591509163379669, 0.4240112900733948, 0.577133297920227, 0.5494771599769592, 0.3591938614845276, 0.47722509503364563, 0.43998995423316956, 0.5384392142295837, 0.4515756070613861, 0.4892871081829071, 0.37727034091949463, 0.3995606005191803, 0.36514389514923096, 0.3322729468345642, 0.4805215299129486, 0.3639572858810425, 0.4724041521549225, 0.44599756598472595, 0.38485363125801086], epochs needed: 300
count_changes: 7 / 26

Generation 10
Mean loss in evaluation epoch: [0.47993913292884827, 0.3862108290195465, 0.33369016647338867, 0.5960884094238281, 0.5684898495674133, 0.33649200201034546, 0.4564952254295349, 0.4467681646347046, 0.4679526686668396, 0.4446455240249634, 0.450957715511322, 0.3263881206512451, 0.4037778675556183, 0.3664131164550781, 0.37990859150886536, 0.45601195096969604, 0.33444246649742126, 0.4282641112804413, 0.3936496376991272, 0.3135473132133484], epochs needed: 300
------------------------- TRACKING ---------------------------
Matrix Hash: 8100df25bd8d9185, num_times_seen_before: 0
ACC: 0.868421052631579
TPR/FPR: 0.9722222222222222, 0.15584415584415584
Loss: [0.47993913292884827, 0.3862108290195465, 0.33369016647338867, 0.5960884094238281, 0.5684898495674133, 0.33649200201034546, 0.4564952254295349, 0.4467681646347046, 0.4679526686668396, 0.4446455240249634, 0.450957715511322, 0.3263881206512451, 0.4037778675556183, 0.3664131164550781, 0.37990859150886536, 0.45601195096969604, 0.33444246649742126, 0.4282641112804413, 0.3936496376991272, 0.3135473132133484]
Timestamp: 30.866149821000022
---------------------------------------------------------------
[tensor([ 0, 14]), tensor([ 0, 15]), tensor([1, 9]), tensor([ 1, 13]), tensor([ 1, 17]), tensor([ 2, 15]), tensor([ 3, 10]), tensor([ 3, 14]), tensor([4, 6]), tensor([ 4, 12]), tensor([ 4, 17]), tensor([ 4, 19]), tensor([ 5, 12]), tensor([ 5, 16]), tensor([ 6, 12]), tensor([7, 8]), tensor([ 8, 12]), tensor([ 8, 14]), tensor([ 8, 15]), tensor([ 9, 12]), tensor([10, 17]), tensor([13, 18]), tensor([15, 17]), tensor([16, 18])]
Mean loss in evaluation epoch: [0.46332231163978577, 0.35358524322509766, 0.3577907085418701, 0.4916214346885681, 0.5879498720169067, 0.37819111347198486, 0.48785388469696045, 0.38939565420150757, 0.5008999705314636, 0.4631122052669525, 0.4383493959903717, 0.3122992515563965, 0.46776729822158813, 0.3268512785434723, 0.3721995949745178, 0.48362594842910767, 0.2243701070547104, 0.44731470942497253, 0.3907240927219391, 0.30243054032325745], epochs needed: 300
count_changes: 10 / 24

Generation 11
Mean loss in evaluation epoch: [0.47695890069007874, 0.36000895500183105, 0.3249584138393402, 0.5037345290184021, 0.5621876120567322, 0.359216570854187, 0.4490252733230591, 0.3836006820201874, 0.4955753982067108, 0.4441640079021454, 0.42983153462409973, 0.31509727239608765, 0.40038809180259705, 0.32557350397109985, 0.3699943423271179, 0.45136478543281555, 0.22461572289466858, 0.37384361028671265, 0.39121654629707336, 0.32118305563926697], epochs needed: 300
------------------------- TRACKING ---------------------------
Matrix Hash: 27ad7bba198a7c46, num_times_seen_before: 0
ACC: 0.9
TPR/FPR: 1.0, 0.12337662337662338
Loss: [0.47695890069007874, 0.36000895500183105, 0.3249584138393402, 0.5037345290184021, 0.5621876120567322, 0.359216570854187, 0.4490252733230591, 0.3836006820201874, 0.4955753982067108, 0.4441640079021454, 0.42983153462409973, 0.31509727239608765, 0.40038809180259705, 0.32557350397109985, 0.3699943423271179, 0.45136478543281555, 0.22461572289466858, 0.37384361028671265, 0.39121654629707336, 0.32118305563926697]
Timestamp: 33.945044153000026
---------------------------------------------------------------
[tensor([ 0, 14]), tensor([ 1, 10]), tensor([ 1, 13]), tensor([ 1, 15]), tensor([3, 5]), tensor([3, 8]), tensor([ 3, 16]), tensor([ 4, 12]), tensor([ 4, 19]), tensor([ 6, 12]), tensor([8, 9]), tensor([ 8, 14]), tensor([13, 17]), tensor([14, 15]), tensor([15, 17])]
Mean loss in evaluation epoch: [0.47430723905563354, 0.38263511657714844, 0.33583611249923706, 0.5217689275741577, 0.5637474060058594, 0.43689200282096863, 0.4571341276168823, 0.39152202010154724, 0.4876938462257385, 0.4087144434452057, 0.4219348132610321, 0.324978768825531, 0.47887492179870605, 0.3675258457660675, 0.42602279782295227, 0.461937814950943, 0.328279972076416, 0.43133416771888733, 0.40678536891937256, 0.3092803955078125], epochs needed: 300
count_changes: 2 / 15

Generation 12
Mean loss in evaluation epoch: [0.4825652539730072, 0.3588164746761322, 0.3250584602355957, 0.5324676036834717, 0.5557580590248108, 0.3636879026889801, 0.4574315845966339, 0.38271090388298035, 0.5157327651977539, 0.39593741297721863, 0.4432995617389679, 0.3170359432697296, 0.3985501527786255, 0.3264252543449402, 0.3934133052825928, 0.4546258747577667, 0.22697094082832336, 0.3754310607910156, 0.40303274989128113, 0.30565232038497925], epochs needed: 300
------------------------- TRACKING ---------------------------
Matrix Hash: 3629976641fb4538, num_times_seen_before: 0
ACC: 0.9105263157894736
TPR/FPR: 1.0, 0.11038961038961038
Loss: [0.4825652539730072, 0.3588164746761322, 0.3250584602355957, 0.5324676036834717, 0.5557580590248108, 0.3636879026889801, 0.4574315845966339, 0.38271090388298035, 0.5157327651977539, 0.39593741297721863, 0.4432995617389679, 0.3170359432697296, 0.3985501527786255, 0.3264252543449402, 0.3934133052825928, 0.4546258747577667, 0.22697094082832336, 0.3754310607910156, 0.40303274989128113, 0.30565232038497925]
Timestamp: 37.456041262999975
---------------------------------------------------------------
[tensor([ 0, 15]), tensor([1, 8]), tensor([ 1, 10]), tensor([ 1, 13]), tensor([ 1, 17]), tensor([ 2, 16]), tensor([ 3, 14]), tensor([4, 5]), tensor([4, 7]), tensor([4, 8]), tensor([ 4, 12]), tensor([ 4, 15]), tensor([ 4, 19]), tensor([ 5, 12]), tensor([ 5, 14]), tensor([ 5, 16]), tensor([6, 9]), tensor([ 6, 15]), tensor([7, 8]), tensor([ 8, 12]), tensor([ 8, 15]), tensor([ 8, 19]), tensor([ 9, 10]), tensor([ 9, 12]), tensor([10, 19]), tensor([13, 14]), tensor([13, 17]), tensor([13, 19]), tensor([16, 18]), tensor([17, 19])]
Mean loss in evaluation epoch: [0.4850947856903076, 0.2837268114089966, 0.3768186867237091, 0.5125772356987, 0.6044040322303772, 0.39440155029296875, 0.4693123996257782, 0.4707906246185303, 0.5945479273796082, 0.4508737325668335, 0.44820335507392883, 0.3273839056491852, 0.4235647916793823, 0.3956460952758789, 0.3944084942340851, 0.45560508966445923, 0.3772932291030884, 0.4828418493270874, 0.4114353358745575, 0.5343438386917114], epochs needed: 300
count_changes: 3 / 30

Generation 13
Mean loss in evaluation epoch: [0.4834085702896118, 0.3620258867740631, 0.3222943842411041, 0.5215944647789001, 0.5512008666992188, 0.3660232722759247, 0.45370227098464966, 0.3859204053878784, 0.5157695412635803, 0.4155779182910919, 0.4247054159641266, 0.31498464941978455, 0.4029054045677185, 0.31912627816200256, 0.36674273014068604, 0.44794437289237976, 0.2252737432718277, 0.3737978935241699, 0.3969065845012665, 0.3010793924331665], epochs needed: 300
------------------------- TRACKING ---------------------------
Matrix Hash: 3715b88a6069dabc, num_times_seen_before: 0
ACC: 0.9157894736842105
TPR/FPR: 1.0, 0.1038961038961039
Loss: [0.4834085702896118, 0.3620258867740631, 0.3222943842411041, 0.5215944647789001, 0.5512008666992188, 0.3660232722759247, 0.45370227098464966, 0.3859204053878784, 0.5157695412635803, 0.4155779182910919, 0.4247054159641266, 0.31498464941978455, 0.4029054045677185, 0.31912627816200256, 0.36674273014068604, 0.44794437289237976, 0.2252737432718277, 0.3737978935241699, 0.3969065845012665, 0.3010793924331665]
Timestamp: 40.76117897
---------------------------------------------------------------
[tensor([0, 8]), tensor([ 0, 15]), tensor([1, 8]), tensor([ 4, 16]), tensor([ 4, 19]), tensor([ 5, 12]), tensor([ 5, 16]), tensor([7, 8]), tensor([ 7, 18]), tensor([ 8, 14]), tensor([ 8, 15]), tensor([10, 11]), tensor([10, 17]), tensor([16, 18])]
Mean loss in evaluation epoch: [0.4465579092502594, 0.29719120264053345, 0.335098534822464, 0.48475155234336853, 0.522337794303894, 0.3721316158771515, 0.44983971118927, 0.4892008900642395, 0.5479559898376465, 0.40709608793258667, 0.42118194699287415, 0.4271853566169739, 0.42260709404945374, 0.3225509226322174, 0.3040163218975067, 0.42107653617858887, 0.3876107633113861, 0.2974953055381775, 0.43982404470443726, 0.3166896402835846], epochs needed: 300
count_changes: 6 / 14

Generation 14
Mean loss in evaluation epoch: [0.4480723738670349, 0.3003481328487396, 0.326543390750885, 0.4738989770412445, 0.5469403862953186, 0.3661191165447235, 0.45735979080200195, 0.39695295691490173, 0.6146635413169861, 0.3991106450557709, 0.4054151177406311, 0.3181552290916443, 0.41457223892211914, 0.3182395398616791, 0.3173271417617798, 0.46410804986953735, 0.2345457375049591, 0.29893016815185547, 0.3930155336856842, 0.3180793225765228], epochs needed: 300
------------------------- TRACKING ---------------------------
Matrix Hash: 3a049e0d7321df2d, num_times_seen_before: 0
ACC: 0.9263157894736842
TPR/FPR: 0.9722222222222222, 0.08441558441558442
Loss: [0.4480723738670349, 0.3003481328487396, 0.326543390750885, 0.4738989770412445, 0.5469403862953186, 0.3661191165447235, 0.45735979080200195, 0.39695295691490173, 0.6146635413169861, 0.3991106450557709, 0.4054151177406311, 0.3181552290916443, 0.41457223892211914, 0.3182395398616791, 0.3173271417617798, 0.46410804986953735, 0.2345457375049591, 0.29893016815185547, 0.3930155336856842, 0.3180793225765228]
Timestamp: 43.885313010999994
---------------------------------------------------------------
[tensor([ 0, 15]), tensor([1, 8]), tensor([2, 7]), tensor([3, 5]), tensor([3, 6]), tensor([3, 7]), tensor([ 4, 12]), tensor([ 4, 19]), tensor([ 5, 12]), tensor([ 5, 16]), tensor([6, 8]), tensor([ 6, 15]), tensor([7, 8]), tensor([7, 9]), tensor([ 7, 10]), tensor([ 7, 11]), tensor([8, 9]), tensor([ 8, 10]), tensor([ 8, 12]), tensor([ 8, 17]), tensor([ 9, 12]), tensor([10, 12]), tensor([10, 17]), tensor([13, 17]), tensor([13, 18]), tensor([14, 17]), tensor([15, 16]), tensor([16, 18])]
Mean loss in evaluation epoch: [0.4712911546230316, 0.3557243347167969, 0.4079315960407257, 0.5889177322387695, 0.5557748079299927, 0.376128226518631, 0.49499717354774475, 0.6239790916442871, 0.5339245200157166, 0.5123249888420105, 0.4609561860561371, 0.36847540736198425, 0.4460902810096741, 0.3999090790748596, 0.399482399225235, 0.45562744140625, 0.38771888613700867, 0.4461098909378052, 0.4086717367172241, 0.31400251388549805], epochs needed: 300
count_changes: 4 / 28

Generation 15
Mean loss in evaluation epoch: [0.4482128918170929, 0.3605762720108032, 0.32524046301841736, 0.49757120013237, 0.546881377696991, 0.36844566464424133, 0.47781938314437866, 0.38907790184020996, 0.5302147269248962, 0.41613441705703735, 0.45488241314888, 0.3140241503715515, 0.40187108516693115, 0.3136100172996521, 0.31755590438842773, 0.4546912908554077, 0.23081254959106445, 0.29791009426116943, 0.39090731739997864, 0.3149571418762207], epochs needed: 300
------------------------- TRACKING ---------------------------
Matrix Hash: cc1f2f028a6c0e39, num_times_seen_before: 0
ACC: 0.9052631578947369
TPR/FPR: 0.9722222222222222, 0.11038961038961038
Loss: [0.4482128918170929, 0.3605762720108032, 0.32524046301841736, 0.49757120013237, 0.546881377696991, 0.36844566464424133, 0.47781938314437866, 0.38907790184020996, 0.5302147269248962, 0.41613441705703735, 0.45488241314888, 0.3140241503715515, 0.40187108516693115, 0.3136100172996521, 0.31755590438842773, 0.4546912908554077, 0.23081254959106445, 0.29791009426116943, 0.39090731739997864, 0.3149571418762207]
Timestamp: 47.277179472
---------------------------------------------------------------
[tensor([1, 8]), tensor([1, 9]), tensor([ 1, 13]), tensor([ 1, 17]), tensor([2, 7]), tensor([2, 9]), tensor([ 2, 11]), tensor([3, 5]), tensor([ 3, 14]), tensor([4, 7]), tensor([ 4, 19]), tensor([ 5, 11]), tensor([ 5, 16]), tensor([ 5, 17]), tensor([7, 8]), tensor([ 7, 11]), tensor([ 7, 19]), tensor([ 8, 10]), tensor([ 8, 12]), tensor([ 8, 15]), tensor([ 8, 17]), tensor([ 9, 12]), tensor([ 9, 17]), tensor([ 9, 18]), tensor([10, 12]), tensor([11, 15]), tensor([16, 18])]
Mean loss in evaluation epoch: [0.46366843581199646, 0.3163854777812958, 0.4501568078994751, 0.5213533043861389, 0.5629929900169373, 0.5075111389160156, 0.48624372482299805, 0.522876501083374, 0.5701332092285156, 0.4917909502983093, 0.44864699244499207, 0.48902037739753723, 0.43635043501853943, 0.33257171511650085, 0.40789952874183655, 0.4678708612918854, 0.33716803789138794, 0.45543691515922546, 0.4458062946796417, 0.4096697270870209], epochs needed: 300
count_changes: 2 / 27

Generation 16
Mean loss in evaluation epoch: [0.4546446204185486, 0.25008633732795715, 0.32162773609161377, 0.48968496918678284, 0.5398320555686951, 0.3677186369895935, 0.48876136541366577, 0.39007043838500977, 0.5585664510726929, 0.4042777121067047, 0.44944289326667786, 0.30778637528419495, 0.409434050321579, 0.3251953721046448, 0.3265334367752075, 0.4654363989830017, 0.23296862840652466, 0.29649028182029724, 0.39569711685180664, 0.32535696029663086], epochs needed: 300
------------------------- TRACKING ---------------------------
Matrix Hash: 2d299fab27e97477, num_times_seen_before: 0
ACC: 0.9157894736842105
TPR/FPR: 0.9722222222222222, 0.09740259740259741
Loss: [0.4546446204185486, 0.25008633732795715, 0.32162773609161377, 0.48968496918678284, 0.5398320555686951, 0.3677186369895935, 0.48876136541366577, 0.39007043838500977, 0.5585664510726929, 0.4042777121067047, 0.44944289326667786, 0.30778637528419495, 0.409434050321579, 0.3251953721046448, 0.3265334367752075, 0.4654363989830017, 0.23296862840652466, 0.29649028182029724, 0.39569711685180664, 0.32535696029663086]
Timestamp: 50.34741229299999
---------------------------------------------------------------
[tensor([0, 8]), tensor([1, 8]), tensor([ 1, 13]), tensor([ 1, 15]), tensor([ 1, 18]), tensor([ 2, 15]), tensor([ 4, 19]), tensor([ 7, 11]), tensor([ 7, 19]), tensor([8, 9]), tensor([ 8, 14]), tensor([ 9, 12]), tensor([10, 17]), tensor([13, 14]), tensor([14, 15]), tensor([15, 17])]
Mean loss in evaluation epoch: [0.46898818016052246, 0.36355501413345337, 0.3787221908569336, 0.5637036561965942, 0.5346487164497375, 0.370309978723526, 0.47018980979919434, 0.45474061369895935, 0.5200446248054504, 0.477875292301178, 0.45010584592819214, 0.3807845711708069, 0.4099307954311371, 0.31189921498298645, 0.3875313997268677, 0.478836327791214, 0.23899677395820618, 0.39407211542129517, 0.3935968279838562, 0.4275337755680084], epochs needed: 300
count_changes: 1 / 16

Generation 17
Mean loss in evaluation epoch: [0.4669193923473358, 0.2515638470649719, 0.3255338668823242, 0.5165968537330627, 0.5474435091018677, 0.3642582893371582, 0.47007933259010315, 0.38856908679008484, 0.5265348553657532, 0.4139656722545624, 0.44874313473701477, 0.31323692202568054, 0.4047415554523468, 0.333610475063324, 0.31298723816871643, 0.45632272958755493, 0.23300470411777496, 0.2970357835292816, 0.39365190267562866, 0.3147827684879303], epochs needed: 300
------------------------- TRACKING ---------------------------
Matrix Hash: 3c925b2713469a94, num_times_seen_before: 0
ACC: 0.9210526315789473
TPR/FPR: 1.0, 0.09740259740259741
Loss: [0.4669193923473358, 0.2515638470649719, 0.3255338668823242, 0.5165968537330627, 0.5474435091018677, 0.3642582893371582, 0.47007933259010315, 0.38856908679008484, 0.5265348553657532, 0.4139656722545624, 0.44874313473701477, 0.31323692202568054, 0.4047415554523468, 0.333610475063324, 0.31298723816871643, 0.45632272958755493, 0.23300470411777496, 0.2970357835292816, 0.39365190267562866, 0.3147827684879303]
Timestamp: 53.38263026200002
---------------------------------------------------------------
[tensor([ 0, 11]), tensor([ 1, 13]), tensor([ 1, 15]), tensor([ 1, 18]), tensor([2, 7]), tensor([3, 6]), tensor([ 4, 12]), tensor([ 5, 14]), tensor([6, 9]), tensor([ 7, 15]), tensor([13, 14]), tensor([16, 18])]
Mean loss in evaluation epoch: [0.4847404360771179, 0.3343312740325928, 0.4043692648410797, 0.5407723188400269, 0.551693320274353, 0.37732994556427, 0.4348888397216797, 0.4764217138290405, 0.5329979062080383, 0.4253866374492645, 0.4432937502861023, 0.36719226837158203, 0.4272574484348297, 0.306571364402771, 0.36246028542518616, 0.4892085790634155, 0.2580268383026123, 0.2973858118057251, 0.4040394127368927, 0.3179825246334076], epochs needed: 300
count_changes: 2 / 12

Generation 18
Mean loss in evaluation epoch: [0.467699259519577, 0.2523726522922516, 0.32440900802612305, 0.5297343134880066, 0.5317634344100952, 0.36528798937797546, 0.43200358748435974, 0.38588014245033264, 0.5041713118553162, 0.42342695593833923, 0.4507375955581665, 0.3107297718524933, 0.40525534749031067, 0.32946449518203735, 0.3165987432003021, 0.4541279077529907, 0.23117521405220032, 0.29735252261161804, 0.3967961370944977, 0.3176676034927368], epochs needed: 300
------------------------- TRACKING ---------------------------
Matrix Hash: 93540332bd2ffe3e, num_times_seen_before: 0
ACC: 0.9315789473684211
TPR/FPR: 1.0, 0.08441558441558442
Loss: [0.467699259519577, 0.2523726522922516, 0.32440900802612305, 0.5297343134880066, 0.5317634344100952, 0.36528798937797546, 0.43200358748435974, 0.38588014245033264, 0.5041713118553162, 0.42342695593833923, 0.4507375955581665, 0.3107297718524933, 0.40525534749031067, 0.32946449518203735, 0.3165987432003021, 0.4541279077529907, 0.23117521405220032, 0.29735252261161804, 0.3967961370944977, 0.3176676034927368]
Timestamp: 56.41923290699998
---------------------------------------------------------------
[tensor([1, 9]), tensor([ 1, 18]), tensor([3, 8]), tensor([ 6, 10]), tensor([ 8, 16]), tensor([ 8, 17]), tensor([15, 17])]
Mean loss in evaluation epoch: [0.46278783679008484, 0.24053695797920227, 0.32051634788513184, 0.5179673433303833, 0.5313475131988525, 0.3711669147014618, 0.44431766867637634, 0.3912616968154907, 0.50089430809021, 0.43085455894470215, 0.4361497163772583, 0.3066328763961792, 0.4085591435432434, 0.3297635614871979, 0.31825485825538635, 0.456392377614975, 0.4242790937423706, 0.39609983563423157, 0.39043959975242615, 0.329665869474411], epochs needed: 300
count_changes: 4 / 7

Generation 19
Mean loss in evaluation epoch: [0.46927016973495483, 0.2350071221590042, 0.3183426856994629, 0.5532588362693787, 0.5391711592674255, 0.3643592298030853, 0.4615314304828644, 0.38639765977859497, 0.5120007395744324, 0.4096991717815399, 0.44774237275123596, 0.314950555562973, 0.4145773947238922, 0.3340074419975281, 0.3198004364967346, 0.465542197227478, 0.23532356321811676, 0.29815226793289185, 0.38154804706573486, 0.3273297846317291], epochs needed: 300
------------------------- TRACKING ---------------------------
Matrix Hash: 27cc257c39ac3c8e, num_times_seen_before: 0
ACC: 0.9421052631578948
TPR/FPR: 1.0, 0.07142857142857142
Loss: [0.46927016973495483, 0.2350071221590042, 0.3183426856994629, 0.5532588362693787, 0.5391711592674255, 0.3643592298030853, 0.4615314304828644, 0.38639765977859497, 0.5120007395744324, 0.4096991717815399, 0.44774237275123596, 0.314950555562973, 0.4145773947238922, 0.3340074419975281, 0.3198004364967346, 0.465542197227478, 0.23532356321811676, 0.29815226793289185, 0.38154804706573486, 0.3273297846317291]
Timestamp: 59.29242749100001
---------------------------------------------------------------
[tensor([ 0, 15]), tensor([1, 9]), tensor([ 1, 18]), tensor([ 3, 16]), tensor([ 4, 12]), tensor([ 9, 12]), tensor([13, 17]), tensor([13, 18]), tensor([15, 16]), tensor([16, 18])]
Mean loss in evaluation epoch: [0.4875907301902771, 0.25289347767829895, 0.32416945695877075, 0.5510591864585876, 0.5574074983596802, 0.3600640892982483, 0.4454788565635681, 0.392316609621048, 0.5193532705307007, 0.4723075032234192, 0.4547125995159149, 0.30762016773223877, 0.4180039167404175, 0.4013426601886749, 0.3113952577114105, 0.48641738295555115, 0.3915691375732422, 0.3517255187034607, 0.41092440485954285, 0.3185238838195801], epochs needed: 300
count_changes: 0 / 10

Generation 20
Mean loss in evaluation epoch: [0.4647510349750519, 0.23181308805942535, 0.3191715478897095, 0.5232740640640259, 0.5316495895385742, 0.3671306073665619, 0.450116902589798, 0.38622912764549255, 0.5073025822639465, 0.4203134775161743, 0.44592180848121643, 0.3109811842441559, 0.40938642621040344, 0.328896164894104, 0.3245296776294708, 0.46159201860427856, 0.23120363056659698, 0.2971130311489105, 0.3871133327484131, 0.3242022693157196], epochs needed: 300
------------------------- TRACKING ---------------------------
Matrix Hash: 27cc257c39ac3c8e, num_times_seen_before: 1
ACC: 0.9421052631578948
TPR/FPR: 1.0, 0.07142857142857142
Loss: [0.4647510349750519, 0.23181308805942535, 0.3191715478897095, 0.5232740640640259, 0.5316495895385742, 0.3671306073665619, 0.450116902589798, 0.38622912764549255, 0.5073025822639465, 0.4203134775161743, 0.44592180848121643, 0.3109811842441559, 0.40938642621040344, 0.328896164894104, 0.3245296776294708, 0.46159201860427856, 0.23120363056659698, 0.2971130311489105, 0.3871133327484131, 0.3242022693157196]
Timestamp: 62.18419679300001
---------------------------------------------------------------
[tensor([1, 4]), tensor([1, 9]), tensor([ 1, 13]), tensor([ 1, 18]), tensor([ 3, 11]), tensor([6, 8]), tensor([ 6, 10]), tensor([ 6, 18]), tensor([7, 8]), tensor([ 7, 11]), tensor([ 7, 18]), tensor([8, 9]), tensor([ 8, 16]), tensor([10, 19]), tensor([13, 18])]
Mean loss in evaluation epoch: [0.46504339575767517, 0.3721449673175812, 0.3336171507835388, 0.5705108046531677, 0.5489660501480103, 0.3678712248802185, 0.4780384600162506, 0.5039087533950806, 0.5438348054885864, 0.4528713822364807, 0.4868698716163635, 0.5392138361930847, 0.4118862748146057, 0.363881915807724, 0.31363001465797424, 0.4646638035774231, 0.42226389050483704, 0.3157983422279358, 0.436328649520874, 0.3611101806163788], epochs needed: 300
count_changes: 0 / 15

Generation 21
Mean loss in evaluation epoch: [0.4656587243080139, 0.23392684757709503, 0.3170928657054901, 0.512959897518158, 0.5364725589752197, 0.3665289580821991, 0.4562970697879791, 0.3859269917011261, 0.5106560587882996, 0.4146309494972229, 0.4451269507408142, 0.3114299774169922, 0.41138002276420593, 0.3321591913700104, 0.3196442425251007, 0.45759090781211853, 0.2315114587545395, 0.29768967628479004, 0.38131216168403625, 0.3292540907859802], epochs needed: 300
------------------------- TRACKING ---------------------------
Matrix Hash: 27cc257c39ac3c8e, num_times_seen_before: 2
ACC: 0.9421052631578948
TPR/FPR: 1.0, 0.07142857142857142
Loss: [0.4656587243080139, 0.23392684757709503, 0.3170928657054901, 0.512959897518158, 0.5364725589752197, 0.3665289580821991, 0.4562970697879791, 0.3859269917011261, 0.5106560587882996, 0.4146309494972229, 0.4451269507408142, 0.3114299774169922, 0.41138002276420593, 0.3321591913700104, 0.3196442425251007, 0.45759090781211853, 0.2315114587545395, 0.29768967628479004, 0.38131216168403625, 0.3292540907859802]
Timestamp: 65.20547143599998
---------------------------------------------------------------
[tensor([ 0, 14]), tensor([1, 9]), tensor([ 1, 17]), tensor([ 5, 10]), tensor([6, 8]), tensor([ 6, 15]), tensor([7, 9]), tensor([ 8, 15]), tensor([ 8, 17]), tensor([13, 14]), tensor([13, 17]), tensor([14, 15]), tensor([14, 17]), tensor([16, 18])]
Mean loss in evaluation epoch: [0.4529378414154053, 0.1890268623828888, 0.32920974493026733, 0.5171204805374146, 0.5372427701950073, 0.4108099937438965, 0.437748521566391, 0.4387856125831604, 0.5132176876068115, 0.4327332675457001, 0.4677583873271942, 0.32151472568511963, 0.4167592525482178, 0.3772873282432556, 0.41630789637565613, 0.34416675567626953, 0.2642892301082611, 0.4640451967716217, 0.4022202491760254, 0.31291839480400085], epochs needed: 300
count_changes: 5 / 14

Generation 22
Mean loss in evaluation epoch: [0.4644377529621124, 0.005383674520999193, 0.3232598900794983, 0.4901365041732788, 0.5420142412185669, 0.3661606013774872, 0.43544867634773254, 0.38692766427993774, 0.5112091302871704, 0.39864638447761536, 0.4486168920993805, 0.3185320496559143, 0.41861310601234436, 0.3323081433773041, 0.35178327560424805, 0.3448464572429657, 0.23308777809143066, 0.29566875100135803, 0.3910745680332184, 0.31762510538101196], epochs needed: 300
------------------------- TRACKING ---------------------------
Matrix Hash: fcba85ff4a9a2c2b, num_times_seen_before: 0
ACC: 0.9578947368421052
TPR/FPR: 1.0, 0.05194805194805195
Loss: [0.4644377529621124, 0.005383674520999193, 0.3232598900794983, 0.4901365041732788, 0.5420142412185669, 0.3661606013774872, 0.43544867634773254, 0.38692766427993774, 0.5112091302871704, 0.39864638447761536, 0.4486168920993805, 0.3185320496559143, 0.41861310601234436, 0.3323081433773041, 0.35178327560424805, 0.3448464572429657, 0.23308777809143066, 0.29566875100135803, 0.3910745680332184, 0.31762510538101196]
Timestamp: 68.06458596700003
---------------------------------------------------------------
[tensor([2, 6]), tensor([3, 9]), tensor([ 4, 14]), tensor([ 4, 19]), tensor([ 5, 14]), tensor([7, 8]), tensor([11, 16]), tensor([14, 15]), tensor([16, 18])]
Mean loss in evaluation epoch: [0.46944767236709595, 0.018828274682164192, 0.3797520399093628, 0.5021936893463135, 0.5669645667076111, 0.3741031885147095, 0.44309964776039124, 0.44351598620414734, 0.5114954113960266, 0.5479609370231628, 0.44529807567596436, 0.3594856560230255, 0.40951231122016907, 0.3343917727470398, 0.3709522783756256, 0.2924608588218689, 0.33063840866088867, 0.30296269059181213, 0.4017740786075592, 0.31078699231147766], epochs needed: 300
count_changes: 1 / 9

Generation 23
Mean loss in evaluation epoch: [0.4649316966533661, 0.006724868901073933, 0.31675297021865845, 0.5322110652923584, 0.5315860509872437, 0.3709196150302887, 0.4368288815021515, 0.38903307914733887, 0.5249761939048767, 0.41006311774253845, 0.4433746933937073, 0.3133934736251831, 0.42523038387298584, 0.3339836895465851, 0.32554876804351807, 0.28776830434799194, 0.23762096464633942, 0.29435721039772034, 0.38036516308784485, 0.3263194262981415], epochs needed: 300
------------------------- TRACKING ---------------------------
Matrix Hash: 3981ec4477393a3b, num_times_seen_before: 0
ACC: 0.9631578947368421
TPR/FPR: 1.0, 0.045454545454545456
Loss: [0.4649316966533661, 0.006724868901073933, 0.31675297021865845, 0.5322110652923584, 0.5315860509872437, 0.3709196150302887, 0.4368288815021515, 0.38903307914733887, 0.5249761939048767, 0.41006311774253845, 0.4433746933937073, 0.3133934736251831, 0.42523038387298584, 0.3339836895465851, 0.32554876804351807, 0.28776830434799194, 0.23762096464633942, 0.29435721039772034, 0.38036516308784485, 0.3263194262981415]
Timestamp: 71.08563075799998
---------------------------------------------------------------
[tensor([0, 8]), tensor([ 0, 11]), tensor([ 0, 14]), tensor([ 2, 11]), tensor([3, 9]), tensor([ 3, 12]), tensor([ 3, 14]), tensor([4, 6]), tensor([ 4, 19]), tensor([ 5, 12]), tensor([ 5, 17]), tensor([ 6, 10]), tensor([ 9, 10]), tensor([ 9, 12]), tensor([ 9, 17]), tensor([11, 17]), tensor([11, 18]), tensor([13, 14]), tensor([13, 17]), tensor([14, 15]), tensor([16, 18])]
Mean loss in evaluation epoch: [0.48025014996528625, 0.019576549530029297, 0.356881320476532, 0.5110992193222046, 0.5401009917259216, 0.42317983508110046, 0.50667804479599, 0.3996741473674774, 0.5472071170806885, 0.5567918419837952, 0.46339285373687744, 0.47710394859313965, 0.46158453822135925, 0.38037070631980896, 0.4190501570701599, 0.3477362096309662, 0.2776709198951721, 0.5975742936134338, 0.46206438541412354, 0.30591076612472534], epochs needed: 300
count_changes: 1 / 21

Generation 24
Mean loss in evaluation epoch: [0.46467578411102295, 0.00425742706283927, 0.31931039690971375, 0.5323282480239868, 0.5289415717124939, 0.3741600215435028, 0.4363616108894348, 0.38514944911003113, 0.5107803344726562, 0.3899231553077698, 0.4463735818862915, 0.32253360748291016, 0.4324682652950287, 0.32888537645339966, 0.32753005623817444, 0.2858622968196869, 0.23299802839756012, 0.29892441630363464, 0.38679206371307373, 0.30332738161087036], epochs needed: 300
------------------------- TRACKING ---------------------------
Matrix Hash: eadc11139b20642c, num_times_seen_before: 0
ACC: 0.968421052631579
TPR/FPR: 1.0, 0.03896103896103896
Loss: [0.46467578411102295, 0.00425742706283927, 0.31931039690971375, 0.5323282480239868, 0.5289415717124939, 0.3741600215435028, 0.4363616108894348, 0.38514944911003113, 0.5107803344726562, 0.3899231553077698, 0.4463735818862915, 0.32253360748291016, 0.4324682652950287, 0.32888537645339966, 0.32753005623817444, 0.2858622968196869, 0.23299802839756012, 0.29892441630363464, 0.38679206371307373, 0.30332738161087036]
Timestamp: 74.122250216
---------------------------------------------------------------
[tensor([0, 8]), tensor([0, 9]), tensor([ 0, 11]), tensor([ 0, 14]), tensor([ 0, 15]), tensor([ 0, 16]), tensor([ 1, 18]), tensor([2, 6]), tensor([2, 7]), tensor([ 3, 16]), tensor([ 4, 19]), tensor([ 6, 19]), tensor([7, 8]), tensor([ 8, 10]), tensor([ 9, 10]), tensor([10, 17]), tensor([11, 13]), tensor([11, 17]), tensor([11, 18]), tensor([14, 15]), tensor([16, 18]), tensor([16, 19])]
Mean loss in evaluation epoch: [0.5105010271072388, 0.2928455173969269, 0.4347856342792511, 0.5214831233024597, 0.5528597831726074, 0.3729448914527893, 0.4623177945613861, 0.4684416949748993, 0.5833986401557922, 0.5310319662094116, 0.42317911982536316, 0.4730879068374634, 0.4147396683692932, 0.4143199324607849, 0.3782576024532318, 0.38760215044021606, 0.4395236074924469, 0.5184955596923828, 0.432165265083313, 0.4680039584636688], epochs needed: 300
count_changes: 0 / 22

Generation 25
Mean loss in evaluation epoch: [0.4676327407360077, 0.0029956616926938295, 0.3169857859611511, 0.5082015991210938, 0.5304330587387085, 0.37018346786499023, 0.43788087368011475, 0.38693657517433167, 0.5085570216178894, 0.3959098756313324, 0.44484713673591614, 0.3166436553001404, 0.42529529333114624, 0.3299753963947296, 0.31729868054389954, 0.28680548071861267, 0.23172637820243835, 0.2984803020954132, 0.38310614228248596, 0.3031807541847229], epochs needed: 300
------------------------- TRACKING ---------------------------
Matrix Hash: eadc11139b20642c, num_times_seen_before: 1
ACC: 0.968421052631579
TPR/FPR: 1.0, 0.03896103896103896
Loss: [0.4676327407360077, 0.0029956616926938295, 0.3169857859611511, 0.5082015991210938, 0.5304330587387085, 0.37018346786499023, 0.43788087368011475, 0.38693657517433167, 0.5085570216178894, 0.3959098756313324, 0.44484713673591614, 0.3166436553001404, 0.42529529333114624, 0.3299753963947296, 0.31729868054389954, 0.28680548071861267, 0.23172637820243835, 0.2984803020954132, 0.38310614228248596, 0.3031807541847229]
Timestamp: 77.30586620499997
---------------------------------------------------------------
[tensor([ 0, 14]), tensor([ 1, 18]), tensor([3, 5]), tensor([ 3, 16]), tensor([ 4, 19]), tensor([ 5, 12]), tensor([ 8, 10]), tensor([ 8, 17]), tensor([ 9, 16]), tensor([ 9, 17]), tensor([11, 18]), tensor([13, 17]), tensor([13, 19]), tensor([16, 18])]
Mean loss in evaluation epoch: [0.4638795256614685, 0.2565901577472687, 0.33144882321357727, 0.5406733751296997, 0.5372676849365234, 0.43205782771110535, 0.44165679812431335, 0.3891938030719757, 0.5132961273193359, 0.4832799434661865, 0.397686630487442, 0.38884201645851135, 0.4354608356952667, 0.379745751619339, 0.3368683457374573, 0.2926543056964874, 0.3781436085700989, 0.45194631814956665, 0.4439491927623749, 0.39209097623825073], epochs needed: 300
count_changes: 1 / 14

Generation 26
Mean loss in evaluation epoch: [0.4801512062549591, 0.002645431784912944, 0.3190549612045288, 0.52386873960495, 0.5398584604263306, 0.3737775385379791, 0.43672725558280945, 0.38595786690711975, 0.48839959502220154, 0.39065060019493103, 0.3978953957557678, 0.3256250023841858, 0.4346224367618561, 0.3341372609138489, 0.3157406151294708, 0.285525381565094, 0.2325182408094406, 0.3015596866607666, 0.382238507270813, 0.30139440298080444], epochs needed: 300
------------------------- TRACKING ---------------------------
Matrix Hash: 301e101d6ce8378e, num_times_seen_before: 0
ACC: 0.9736842105263158
TPR/FPR: 1.0, 0.032467532467532464
Loss: [0.4801512062549591, 0.002645431784912944, 0.3190549612045288, 0.52386873960495, 0.5398584604263306, 0.3737775385379791, 0.43672725558280945, 0.38595786690711975, 0.48839959502220154, 0.39065060019493103, 0.3978953957557678, 0.3256250023841858, 0.4346224367618561, 0.3341372609138489, 0.3157406151294708, 0.285525381565094, 0.2325182408094406, 0.3015596866607666, 0.382238507270813, 0.30139440298080444]
Timestamp: 80.33776813000003
---------------------------------------------------------------
[tensor([ 0, 11]), tensor([ 0, 14]), tensor([ 1, 19]), tensor([2, 6]), tensor([ 2, 11]), tensor([3, 8]), tensor([4, 6]), tensor([ 4, 16]), tensor([ 4, 17]), tensor([ 4, 19]), tensor([ 6, 12]), tensor([ 6, 19]), tensor([7, 8]), tensor([11, 17]), tensor([11, 18]), tensor([13, 17]), tensor([13, 19]), tensor([14, 17]), tensor([16, 18])]
Mean loss in evaluation epoch: [0.4922896921634674, 0.29279181361198425, 0.37729766964912415, 0.5149901509284973, 0.5541167259216309, 0.37072446942329407, 0.5966402292251587, 0.450384259223938, 0.5342135429382324, 0.4108576774597168, 0.40441516041755676, 0.46693721413612366, 0.5000093579292297, 0.36685910820961, 0.385081022977829, 0.3093819320201874, 0.3492233157157898, 0.5283175706863403, 0.44297969341278076, 0.466600626707077], epochs needed: 300
count_changes: 0 / 19

Generation 27
Mean loss in evaluation epoch: [0.4726201891899109, 0.011116711422801018, 0.3193877339363098, 0.5433646440505981, 0.5308500528335571, 0.3720640242099762, 0.44145941734313965, 0.38270488381385803, 0.4919857978820801, 0.3949946463108063, 0.39998576045036316, 0.32525572180747986, 0.42867380380630493, 0.3320848345756531, 0.32122164964675903, 0.2859904170036316, 0.2355515956878662, 0.3016667366027832, 0.3828677237033844, 0.30351439118385315], epochs needed: 300
------------------------- TRACKING ---------------------------
Matrix Hash: 301e101d6ce8378e, num_times_seen_before: 1
ACC: 0.9736842105263158
TPR/FPR: 1.0, 0.032467532467532464
Loss: [0.4726201891899109, 0.011116711422801018, 0.3193877339363098, 0.5433646440505981, 0.5308500528335571, 0.3720640242099762, 0.44145941734313965, 0.38270488381385803, 0.4919857978820801, 0.3949946463108063, 0.39998576045036316, 0.32525572180747986, 0.42867380380630493, 0.3320848345756531, 0.32122164964675903, 0.2859904170036316, 0.2355515956878662, 0.3016667366027832, 0.3828677237033844, 0.30351439118385315]
Timestamp: 83.34732714499995
---------------------------------------------------------------
[tensor([ 0, 15]), tensor([ 2, 19]), tensor([3, 8]), tensor([ 3, 16]), tensor([ 4, 19]), tensor([ 8, 12]), tensor([ 8, 17]), tensor([ 8, 18]), tensor([ 9, 10]), tensor([ 9, 12]), tensor([10, 19]), tensor([11, 16]), tensor([11, 17]), tensor([11, 18]), tensor([13, 17]), tensor([13, 18]), tensor([14, 15]), tensor([14, 17]), tensor([16, 18])]
Mean loss in evaluation epoch: [0.4922685921192169, 0.025714706629514694, 0.3723404109477997, 0.5329115390777588, 0.5425952076911926, 0.3735205829143524, 0.44966214895248413, 0.3970281779766083, 0.5756925940513611, 0.4494782090187073, 0.4339446425437927, 0.45328062772750854, 0.39880719780921936, 0.398457407951355, 0.392585813999176, 0.3874312937259674, 0.39759692549705505, 0.5486152768135071, 0.4581616520881653, 0.40692487359046936], epochs needed: 300
count_changes: 0 / 19

Generation 28
Mean loss in evaluation epoch: [0.4699130058288574, 0.002051932504400611, 0.3200160562992096, 0.4978843927383423, 0.5351641774177551, 0.37083563208580017, 0.43548479676246643, 0.3850939869880676, 0.4878773093223572, 0.39626532793045044, 0.3933370113372803, 0.31630808115005493, 0.4259672462940216, 0.33168670535087585, 0.3151877522468567, 0.2866760194301605, 0.23080016672611237, 0.30073732137680054, 0.38574087619781494, 0.30122846364974976], epochs needed: 300
------------------------- TRACKING ---------------------------
Matrix Hash: 301e101d6ce8378e, num_times_seen_before: 2
ACC: 0.9736842105263158
TPR/FPR: 1.0, 0.032467532467532464
Loss: [0.4699130058288574, 0.002051932504400611, 0.3200160562992096, 0.4978843927383423, 0.5351641774177551, 0.37083563208580017, 0.43548479676246643, 0.3850939869880676, 0.4878773093223572, 0.39626532793045044, 0.3933370113372803, 0.31630808115005493, 0.4259672462940216, 0.33168670535087585, 0.3151877522468567, 0.2866760194301605, 0.23080016672611237, 0.30073732137680054, 0.38574087619781494, 0.30122846364974976]
Timestamp: 86.68221413999999
---------------------------------------------------------------
[tensor([0, 9]), tensor([ 0, 11]), tensor([ 0, 14]), tensor([ 0, 15]), tensor([ 1, 13]), tensor([ 3, 12]), tensor([ 4, 19]), tensor([ 6, 19]), tensor([7, 8]), tensor([ 7, 15]), tensor([ 8, 11]), tensor([ 8, 12]), tensor([ 8, 17]), tensor([ 9, 10]), tensor([10, 11]), tensor([10, 17]), tensor([11, 16]), tensor([13, 14]), tensor([13, 17]), tensor([14, 15]), tensor([14, 17]), tensor([16, 18])]
Mean loss in evaluation epoch: [0.4944221079349518, 0.2674802243709564, 0.33122721314430237, 0.5384660363197327, 0.5317007899284363, 0.3665769398212433, 0.4744828939437866, 0.4577172100543976, 0.5328459143638611, 0.5262042284011841, 0.4321999251842499, 0.4922279119491577, 0.4393583834171295, 0.37643393874168396, 0.4344154894351959, 0.4340413212776184, 0.33515629172325134, 0.45153507590293884, 0.4122820198535919, 0.4017043113708496], epochs needed: 300
count_changes: 0 / 22

Generation 29
Mean loss in evaluation epoch: [0.4732583165168762, 0.004672368057072163, 0.3201284408569336, 0.5230501294136047, 0.5324921607971191, 0.37260982394218445, 0.44238126277923584, 0.38274097442626953, 0.49714475870132446, 0.4013059139251709, 0.3984532058238983, 0.32294222712516785, 0.4232492446899414, 0.3296855092048645, 0.3237220048904419, 0.2868826687335968, 0.23250320553779602, 0.30323484539985657, 0.3861325681209564, 0.3010837435722351], epochs needed: 300
------------------------- TRACKING ---------------------------
Matrix Hash: 301e101d6ce8378e, num_times_seen_before: 3
ACC: 0.9736842105263158
TPR/FPR: 1.0, 0.032467532467532464
Loss: [0.4732583165168762, 0.004672368057072163, 0.3201284408569336, 0.5230501294136047, 0.5324921607971191, 0.37260982394218445, 0.44238126277923584, 0.38274097442626953, 0.49714475870132446, 0.4013059139251709, 0.3984532058238983, 0.32294222712516785, 0.4232492446899414, 0.3296855092048645, 0.3237220048904419, 0.2868826687335968, 0.23250320553779602, 0.30323484539985657, 0.3861325681209564, 0.3010837435722351]
Timestamp: 89.79086661699995
---------------------------------------------------------------
[tensor([2, 4]), tensor([2, 6]), tensor([ 2, 13]), tensor([ 3, 18]), tensor([4, 5]), tensor([ 4, 18]), tensor([ 4, 19]), tensor([ 5, 12]), tensor([ 5, 14]), tensor([ 5, 16]), tensor([6, 9]), tensor([ 7, 10]), tensor([ 8, 12]), tensor([ 9, 10]), tensor([ 9, 16]), tensor([11, 17]), tensor([13, 17]), tensor([16, 18])]
Mean loss in evaluation epoch: [0.46324092149734497, 0.04540173336863518, 0.4828043282032013, 0.6029751300811768, 0.5744436979293823, 0.4061161279678345, 0.45700010657310486, 0.4377211034297943, 0.47581222653388977, 0.44906386733055115, 0.41624191403388977, 0.4108710289001465, 0.4181554317474365, 0.4279155731201172, 0.35407745838165283, 0.3040428161621094, 0.39016711711883545, 0.5586659908294678, 0.5082095265388489, 0.33282873034477234], epochs needed: 300
count_changes: 1 / 18

Generation 30
Mean loss in evaluation epoch: [0.4757605195045471, 0.0028214571066200733, 0.31883010268211365, 0.5020900368690491, 0.5366964340209961, 0.3676627576351166, 0.4373926520347595, 0.3833557069301605, 0.477679580450058, 0.39600706100463867, 0.392774760723114, 0.3207116723060608, 0.39958205819129944, 0.3345892131328583, 0.31228896975517273, 0.2884928584098816, 0.22857989370822906, 0.30310413241386414, 0.38056284189224243, 0.2995503544807434], epochs needed: 300
------------------------- TRACKING ---------------------------
Matrix Hash: 9f66dae0b03c7683, num_times_seen_before: 0
ACC: 0.9789473684210527
TPR/FPR: 1.0, 0.025974025974025976
Loss: [0.4757605195045471, 0.0028214571066200733, 0.31883010268211365, 0.5020900368690491, 0.5366964340209961, 0.3676627576351166, 0.4373926520347595, 0.3833557069301605, 0.477679580450058, 0.39600706100463867, 0.392774760723114, 0.3207116723060608, 0.39958205819129944, 0.3345892131328583, 0.31228896975517273, 0.2884928584098816, 0.22857989370822906, 0.30310413241386414, 0.38056284189224243, 0.2995503544807434]
Timestamp: 92.84291779899996
---------------------------------------------------------------
[tensor([ 0, 15]), tensor([ 1, 18]), tensor([ 2, 11]), tensor([ 2, 18]), tensor([ 2, 19]), tensor([3, 6]), tensor([3, 8]), tensor([ 3, 16]), tensor([ 4, 12]), tensor([ 4, 13]), tensor([ 4, 19]), tensor([5, 6]), tensor([ 6, 12]), tensor([7, 8]), tensor([ 7, 15]), tensor([ 8, 12]), tensor([ 8, 13]), tensor([ 8, 19]), tensor([ 9, 12]), tensor([11, 16]), tensor([11, 17]), tensor([13, 17]), tensor([16, 18])]
Mean loss in evaluation epoch: [0.4926866888999939, 0.2960659861564636, 0.41306623816490173, 0.5194600820541382, 0.5625851154327393, 0.4316880404949188, 0.5253316164016724, 0.4614975154399872, 0.538693368434906, 0.4591170847415924, 0.38499635457992554, 0.4516303241252899, 0.4691183269023895, 0.4665898382663727, 0.31923708319664, 0.4233214557170868, 0.36889639496803284, 0.50925213098526, 0.44893476366996765, 0.47821691632270813], epochs needed: 300
count_changes: 0 / 23

Generation 31
Mean loss in evaluation epoch: [0.47687339782714844, 0.006621161010116339, 0.3218272626399994, 0.5125231742858887, 0.5466009974479675, 0.37497252225875854, 0.43980979919433594, 0.3838517665863037, 0.4824443459510803, 0.38820746541023254, 0.4014221727848053, 0.3265048861503601, 0.3973962068557739, 0.3362487256526947, 0.3055620491504669, 0.2859097421169281, 0.23344187438488007, 0.3036944568157196, 0.38386788964271545, 0.3010924160480499], epochs needed: 300
------------------------- TRACKING ---------------------------
Matrix Hash: 9f66dae0b03c7683, num_times_seen_before: 1
ACC: 0.9789473684210527
TPR/FPR: 1.0, 0.025974025974025976
Loss: [0.47687339782714844, 0.006621161010116339, 0.3218272626399994, 0.5125231742858887, 0.5466009974479675, 0.37497252225875854, 0.43980979919433594, 0.3838517665863037, 0.4824443459510803, 0.38820746541023254, 0.4014221727848053, 0.3265048861503601, 0.3973962068557739, 0.3362487256526947, 0.3055620491504669, 0.2859097421169281, 0.23344187438488007, 0.3036944568157196, 0.38386788964271545, 0.3010924160480499]
Timestamp: 96.29132781499999
---------------------------------------------------------------
[tensor([0, 8]), tensor([ 0, 14]), tensor([ 2, 19]), tensor([3, 5]), tensor([3, 6]), tensor([ 4, 19]), tensor([ 5, 12]), tensor([ 5, 16]), tensor([ 6, 12]), tensor([7, 9]), tensor([ 8, 16]), tensor([ 8, 17]), tensor([ 9, 16]), tensor([13, 14]), tensor([13, 17]), tensor([14, 15]), tensor([14, 17]), tensor([16, 18]), tensor([16, 19])]
Mean loss in evaluation epoch: [0.4498039782047272, 0.01590863987803459, 0.3873918950557709, 0.4927045702934265, 0.545732855796814, 0.3897257447242737, 0.4950200021266937, 0.4427519142627716, 0.6335557103157043, 0.45110052824020386, 0.3995509743690491, 0.3400336503982544, 0.46012282371520996, 0.3833893835544586, 0.4167645573616028, 0.3434109389781952, 0.47510847449302673, 0.43554413318634033, 0.4076271057128906, 0.45138946175575256], epochs needed: 300
count_changes: 1 / 19

Generation 32
Mean loss in evaluation epoch: [0.4745325446128845, 0.009686054661870003, 0.32126396894454956, 0.5267961621284485, 0.5359659194946289, 0.47135981917381287, 0.4337906241416931, 0.38227248191833496, 0.4770532548427582, 0.395559698343277, 0.4041312336921692, 0.3304310142993927, 0.39355817437171936, 0.3311091959476471, 0.3344723880290985, 0.2871967554092407, 0.23750509321689606, 0.3061094880104065, 0.38523757457733154, 0.30533260107040405], epochs needed: 300
------------------------- TRACKING ---------------------------
Matrix Hash: 5a4c82ab37a8dab9, num_times_seen_before: 0
ACC: 0.9736842105263158
TPR/FPR: 0.9722222222222222, 0.025974025974025976
Loss: [0.4745325446128845, 0.009686054661870003, 0.32126396894454956, 0.5267961621284485, 0.5359659194946289, 0.47135981917381287, 0.4337906241416931, 0.38227248191833496, 0.4770532548427582, 0.395559698343277, 0.4041312336921692, 0.3304310142993927, 0.39355817437171936, 0.3311091959476471, 0.3344723880290985, 0.2871967554092407, 0.23750509321689606, 0.3061094880104065, 0.38523757457733154, 0.30533260107040405]
Timestamp: 99.50241680599999
---------------------------------------------------------------
[tensor([ 0, 15]), tensor([3, 5]), tensor([ 4, 13]), tensor([5, 9]), tensor([ 5, 12]), tensor([ 5, 15]), tensor([ 5, 16]), tensor([ 5, 17])]
Mean loss in evaluation epoch: [0.4852066934108734, 0.007950544357299805, 0.31899723410606384, 0.5455215573310852, 0.5312119126319885, 0.45088016986846924, 0.4301149249076843, 0.3828231394290924, 0.485013484954834, 0.4349376857280731, 0.3975644111633301, 0.3180772066116333, 0.42198747396469116, 0.39318206906318665, 0.32358989119529724, 0.4213463068008423, 0.3481822609901428, 0.38916143774986267, 0.38263532519340515, 0.30663880705833435], epochs needed: 300
count_changes: 1 / 8

Generation 33
Mean loss in evaluation epoch: [0.47381144762039185, 0.0050927381962537766, 0.321386456489563, 0.5295201539993286, 0.5359535813331604, 0.377068430185318, 0.445370614528656, 0.38066673278808594, 0.4782572388648987, 0.3939906656742096, 0.4028821885585785, 0.3303363621234894, 0.3910740911960602, 0.3299383819103241, 0.3239312171936035, 0.28600937128067017, 0.23377002775669098, 0.2980114817619324, 0.38667032122612, 0.3044458329677582], epochs needed: 300
------------------------- TRACKING ---------------------------
Matrix Hash: 9f66dae0b03c7683, num_times_seen_before: 2
ACC: 0.9789473684210527
TPR/FPR: 1.0, 0.025974025974025976
Loss: [0.47381144762039185, 0.0050927381962537766, 0.321386456489563, 0.5295201539993286, 0.5359535813331604, 0.377068430185318, 0.445370614528656, 0.38066673278808594, 0.4782572388648987, 0.3939906656742096, 0.4028821885585785, 0.3303363621234894, 0.3910740911960602, 0.3299383819103241, 0.3239312171936035, 0.28600937128067017, 0.23377002775669098, 0.2980114817619324, 0.38667032122612, 0.3044458329677582]
Timestamp: 102.60656414399995
---------------------------------------------------------------
[tensor([0, 3]), tensor([0, 4]), tensor([ 0, 15]), tensor([3, 6]), tensor([ 3, 16]), tensor([4, 7]), tensor([ 4, 19]), tensor([ 5, 12]), tensor([6, 7]), tensor([6, 9]), tensor([7, 8]), tensor([7, 9]), tensor([ 7, 10]), tensor([ 7, 15]), tensor([ 8, 12]), tensor([ 8, 13]), tensor([ 9, 12]), tensor([10, 15]), tensor([13, 17]), tensor([16, 18]), tensor([16, 19])]
Mean loss in evaluation epoch: [0.5087502002716064, 0.017022041603922844, 0.3280981481075287, 0.5533877611160278, 0.5978508591651917, 0.38381513953208923, 0.48645511269569397, 0.5541012287139893, 0.5317388772964478, 0.4683631360530853, 0.4433482587337494, 0.3136307895183563, 0.41324904561042786, 0.425474613904953, 0.30582159757614136, 0.5666221976280212, 0.3755015432834625, 0.3595302999019623, 0.4015311300754547, 0.41922828555107117], epochs needed: 300
count_changes: 0 / 21

Generation 34
Mean loss in evaluation epoch: [0.4782099723815918, 0.004043598659336567, 0.3214532136917114, 0.5451436638832092, 0.5358664393424988, 0.37523677945137024, 0.4387184679508209, 0.38088539242744446, 0.47566458582878113, 0.39784231781959534, 0.40280187129974365, 0.3307057023048401, 0.3929213881492615, 0.33598482608795166, 0.3242381513118744, 0.28746113181114197, 0.22975264489650726, 0.3032676875591278, 0.3817283511161804, 0.29972511529922485], epochs needed: 300
------------------------- TRACKING ---------------------------
Matrix Hash: 9f66dae0b03c7683, num_times_seen_before: 3
ACC: 0.9789473684210527
TPR/FPR: 1.0, 0.025974025974025976
Loss: [0.4782099723815918, 0.004043598659336567, 0.3214532136917114, 0.5451436638832092, 0.5358664393424988, 0.37523677945137024, 0.4387184679508209, 0.38088539242744446, 0.47566458582878113, 0.39784231781959534, 0.40280187129974365, 0.3307057023048401, 0.3929213881492615, 0.33598482608795166, 0.3242381513118744, 0.28746113181114197, 0.22975264489650726, 0.3032676875591278, 0.3817283511161804, 0.29972511529922485]
Timestamp: 105.85663785499997
---------------------------------------------------------------
[tensor([2, 4]), tensor([ 2, 11]), tensor([ 2, 19]), tensor([3, 6]), tensor([ 3, 12]), tensor([ 4, 18]), tensor([ 4, 19]), tensor([ 5, 12]), tensor([ 5, 16]), tensor([ 5, 17]), tensor([ 6, 12]), tensor([ 8, 12]), tensor([ 8, 13]), tensor([11, 17]), tensor([11, 18]), tensor([16, 18])]
Mean loss in evaluation epoch: [0.47250211238861084, 0.046183712780475616, 0.42972511053085327, 0.5581446886062622, 0.5828421115875244, 0.42101916670799255, 0.4967854619026184, 0.3974273204803467, 0.5385538935661316, 0.4052940905094147, 0.3961543142795563, 0.4689308702945709, 0.6223172545433044, 0.4000483751296997, 0.32653266191482544, 0.31282752752304077, 0.34422487020492554, 0.5544140338897705, 0.4647064805030823, 0.38202330470085144], epochs needed: 300
count_changes: 0 / 16

Generation 35
Mean loss in evaluation epoch: [0.4723849296569824, 0.0055150846019387245, 0.32105815410614014, 0.49024611711502075, 0.5382425785064697, 0.37215426564216614, 0.4319794476032257, 0.38197746872901917, 0.4807451665401459, 0.3886663019657135, 0.3974258005619049, 0.3207843601703644, 0.3977905213832855, 0.3345394730567932, 0.31686079502105713, 0.28626707196235657, 0.23204295337200165, 0.301960825920105, 0.38350677490234375, 0.30112531781196594], epochs needed: 300
------------------------- TRACKING ---------------------------
Matrix Hash: 9f66dae0b03c7683, num_times_seen_before: 4
ACC: 0.9789473684210527
TPR/FPR: 1.0, 0.025974025974025976
Loss: [0.4723849296569824, 0.0055150846019387245, 0.32105815410614014, 0.49024611711502075, 0.5382425785064697, 0.37215426564216614, 0.4319794476032257, 0.38197746872901917, 0.4807451665401459, 0.3886663019657135, 0.3974258005619049, 0.3207843601703644, 0.3977905213832855, 0.3345394730567932, 0.31686079502105713, 0.28626707196235657, 0.23204295337200165, 0.301960825920105, 0.38350677490234375, 0.30112531781196594]
Timestamp: 108.94798382699997
---------------------------------------------------------------
[tensor([0, 9]), tensor([ 0, 14]), tensor([1, 8]), tensor([ 1, 15]), tensor([4, 6]), tensor([ 4, 12]), tensor([ 4, 19]), tensor([ 5, 12]), tensor([ 8, 17]), tensor([ 8, 19]), tensor([11, 17]), tensor([13, 17]), tensor([13, 18]), tensor([16, 18])]
Mean loss in evaluation epoch: [0.4596417248249054, 0.32394537329673767, 0.3401893973350525, 0.5331932902336121, 0.5743762850761414, 0.39231035113334656, 0.5045545697212219, 0.39392906427383423, 0.5014116764068604, 0.5539295673370361, 0.410896360874176, 0.4002630412578583, 0.4522128999233246, 0.3985390365123749, 0.35204198956489563, 0.3788517713546753, 0.29071295261383057, 0.5487659573554993, 0.42677736282348633, 0.4227699935436249], epochs needed: 300
count_changes: 0 / 14

Generation 36
Mean loss in evaluation epoch: [0.475533127784729, 0.010547841899096966, 0.32470327615737915, 0.5612260103225708, 0.5388925075531006, 0.3827933371067047, 0.4514268636703491, 0.38028091192245483, 0.481067031621933, 0.4013965427875519, 0.41556432843208313, 0.33762678503990173, 0.38880297541618347, 0.33339110016822815, 0.3252521753311157, 0.2838059961795807, 0.2432711124420166, 0.30600395798683167, 0.38812506198883057, 0.3066474199295044], epochs needed: 300
------------------------- TRACKING ---------------------------
Matrix Hash: 9f66dae0b03c7683, num_times_seen_before: 5
ACC: 0.9789473684210527
TPR/FPR: 1.0, 0.025974025974025976
Loss: [0.475533127784729, 0.010547841899096966, 0.32470327615737915, 0.5612260103225708, 0.5388925075531006, 0.3827933371067047, 0.4514268636703491, 0.38028091192245483, 0.481067031621933, 0.4013965427875519, 0.41556432843208313, 0.33762678503990173, 0.38880297541618347, 0.33339110016822815, 0.3252521753311157, 0.2838059961795807, 0.2432711124420166, 0.30600395798683167, 0.38812506198883057, 0.3066474199295044]
Timestamp: 112.03321053899998
---------------------------------------------------------------
[tensor([ 2, 13]), tensor([ 2, 19]), tensor([3, 4]), tensor([ 3, 16]), tensor([4, 5]), tensor([ 4, 12]), tensor([ 4, 16]), tensor([ 4, 19]), tensor([5, 7]), tensor([ 5, 12]), tensor([ 5, 14]), tensor([ 6, 10]), tensor([ 6, 12]), tensor([7, 8]), tensor([ 7, 15]), tensor([8, 9]), tensor([ 8, 16]), tensor([ 9, 10]), tensor([10, 12]), tensor([11, 17]), tensor([13, 17]), tensor([16, 18])]
Mean loss in evaluation epoch: [0.4748679995536804, 0.036414265632629395, 0.4315915107727051, 0.5096182823181152, 0.6370425820350647, 0.4611310362815857, 0.4650416970252991, 0.4871787130832672, 0.5456012487411499, 0.42495864629745483, 0.42763498425483704, 0.3941762149333954, 0.5136828422546387, 0.43289855122566223, 0.3598596453666687, 0.4104067087173462, 0.4882863461971283, 0.5308385491371155, 0.40646666288375854, 0.392984539270401], epochs needed: 300
count_changes: 0 / 22

Generation 37
Mean loss in evaluation epoch: [0.4713844954967499, 0.004462197422981262, 0.31608811020851135, 0.514359712600708, 0.5311397910118103, 0.3729316294193268, 0.44160711765289307, 0.3844221532344818, 0.4882987141609192, 0.39953184127807617, 0.3988771438598633, 0.3164508044719696, 0.4010857343673706, 0.32819053530693054, 0.32282018661499023, 0.28942692279815674, 0.22958295047283173, 0.29922518134117126, 0.3821500241756439, 0.3027879297733307], epochs needed: 300
------------------------- TRACKING ---------------------------
Matrix Hash: 9f66dae0b03c7683, num_times_seen_before: 6
ACC: 0.9789473684210527
TPR/FPR: 1.0, 0.025974025974025976
Loss: [0.4713844954967499, 0.004462197422981262, 0.31608811020851135, 0.514359712600708, 0.5311397910118103, 0.3729316294193268, 0.44160711765289307, 0.3844221532344818, 0.4882987141609192, 0.39953184127807617, 0.3988771438598633, 0.3164508044719696, 0.4010857343673706, 0.32819053530693054, 0.32282018661499023, 0.28942692279815674, 0.22958295047283173, 0.29922518134117126, 0.3821500241756439, 0.3027879297733307]
Timestamp: 115.42051205700005
---------------------------------------------------------------
[tensor([0, 7]), tensor([1, 9]), tensor([ 1, 15]), tensor([ 1, 19]), tensor([ 2, 16]), tensor([3, 9]), tensor([ 3, 16]), tensor([ 4, 12]), tensor([ 4, 19]), tensor([5, 6]), tensor([ 5, 12]), tensor([ 6, 15]), tensor([ 7, 18]), tensor([ 8, 12]), tensor([ 8, 18]), tensor([ 9, 10]), tensor([10, 19]), tensor([13, 14]), tensor([13, 18]), tensor([16, 18])]
Mean loss in evaluation epoch: [0.4780995845794678, 0.37393105030059814, 0.3841986060142517, 0.5299825072288513, 0.5603162050247192, 0.45341551303863525, 0.4416896104812622, 0.4942522943019867, 0.5621281862258911, 0.4957108497619629, 0.43430468440055847, 0.3312121033668518, 0.4457415044307709, 0.3764188289642334, 0.3294052481651306, 0.44706228375434875, 0.3890782594680786, 0.3094373345375061, 0.44392943382263184, 0.40199872851371765], epochs needed: 300
count_changes: 0 / 20

Generation 38
Mean loss in evaluation epoch: [0.4660740792751312, 0.0055358330719172955, 0.317589670419693, 0.505953311920166, 0.5334984064102173, 0.38043978810310364, 0.436118483543396, 0.3838576674461365, 0.4918358623981476, 0.38874351978302, 0.39895308017730713, 0.31952276825904846, 0.39851298928260803, 0.32652732729911804, 0.3290505111217499, 0.285609632730484, 0.23469245433807373, 0.29782432317733765, 0.3855571150779724, 0.30502966046333313], epochs needed: 300
------------------------- TRACKING ---------------------------
Matrix Hash: 9f66dae0b03c7683, num_times_seen_before: 7
ACC: 0.9789473684210527
TPR/FPR: 1.0, 0.025974025974025976
Loss: [0.4660740792751312, 0.0055358330719172955, 0.317589670419693, 0.505953311920166, 0.5334984064102173, 0.38043978810310364, 0.436118483543396, 0.3838576674461365, 0.4918358623981476, 0.38874351978302, 0.39895308017730713, 0.31952276825904846, 0.39851298928260803, 0.32652732729911804, 0.3290505111217499, 0.285609632730484, 0.23469245433807373, 0.29782432317733765, 0.3855571150779724, 0.30502966046333313]
Timestamp: 118.48717901000003
---------------------------------------------------------------
[tensor([0, 4]), tensor([1, 9]), tensor([2, 6]), tensor([ 3, 16]), tensor([ 4, 19]), tensor([ 7, 15]), tensor([ 8, 12]), tensor([ 8, 17]), tensor([16, 18])]
Mean loss in evaluation epoch: [0.5348039865493774, 0.2342604249715805, 0.37860286235809326, 0.4783613085746765, 0.5789566040039062, 0.37028929591178894, 0.44051867723464966, 0.4340180456638336, 0.5031283497810364, 0.4106166660785675, 0.4039459824562073, 0.31680527329444885, 0.41878604888916016, 0.3280515968799591, 0.3152163624763489, 0.41181713342666626, 0.33345863223075867, 0.34083205461502075, 0.40102317929267883, 0.3288663923740387], epochs needed: 300
count_changes: 0 / 9

Generation 39
Mean loss in evaluation epoch: [0.4731427729129791, 0.005000759847462177, 0.3186008930206299, 0.5115814208984375, 0.5355749130249023, 0.3781132102012634, 0.4355200529098511, 0.38200122117996216, 0.4804926812648773, 0.39189326763153076, 0.4033931493759155, 0.32219210267066956, 0.3962153494358063, 0.3308694362640381, 0.3207404911518097, 0.28594717383384705, 0.23232993483543396, 0.3015584349632263, 0.3825584650039673, 0.3014694154262543], epochs needed: 300
------------------------- TRACKING ---------------------------
Matrix Hash: 9f66dae0b03c7683, num_times_seen_before: 8
ACC: 0.9789473684210527
TPR/FPR: 1.0, 0.025974025974025976
Loss: [0.4731427729129791, 0.005000759847462177, 0.3186008930206299, 0.5115814208984375, 0.5355749130249023, 0.3781132102012634, 0.4355200529098511, 0.38200122117996216, 0.4804926812648773, 0.39189326763153076, 0.4033931493759155, 0.32219210267066956, 0.3962153494358063, 0.3308694362640381, 0.3207404911518097, 0.28594717383384705, 0.23232993483543396, 0.3015584349632263, 0.3825584650039673, 0.3014694154262543]
Timestamp: 121.58994998400004
---------------------------------------------------------------
[tensor([0, 9]), tensor([ 0, 14]), tensor([ 0, 15]), tensor([ 1, 19]), tensor([3, 5]), tensor([3, 9]), tensor([ 3, 16]), tensor([ 4, 19]), tensor([ 6, 19]), tensor([7, 8]), tensor([ 8, 17]), tensor([ 9, 10]), tensor([10, 19]), tensor([11, 17]), tensor([16, 18])]
Mean loss in evaluation epoch: [0.4683467447757721, 0.3117380738258362, 0.3308582901954651, 0.5531383156776428, 0.5486493706703186, 0.4321686029434204, 0.4907156229019165, 0.44349318742752075, 0.49467429518699646, 0.5591862201690674, 0.43771302700042725, 0.4009722173213959, 0.4030272662639618, 0.3393266201019287, 0.3483484089374542, 0.3639598786830902, 0.3404634892940521, 0.4895709156990051, 0.41513505578041077, 0.43524491786956787], epochs needed: 300
count_changes: 0 / 15

Generation 40
Mean loss in evaluation epoch: [0.4694277346134186, 0.004808526020497084, 0.31796908378601074, 0.5140238404273987, 0.5392709374427795, 0.37402090430259705, 0.43681800365448, 0.38162755966186523, 0.47937536239624023, 0.40012067556381226, 0.40177589654922485, 0.32482752203941345, 0.3958030343055725, 0.3343225121498108, 0.3307868242263794, 0.2865429222583771, 0.23218251764774323, 0.2989310622215271, 0.3783944547176361, 0.3030083477497101], epochs needed: 300
------------------------- TRACKING ---------------------------
Matrix Hash: 9f66dae0b03c7683, num_times_seen_before: 9
ACC: 0.9789473684210527
TPR/FPR: 1.0, 0.025974025974025976
Loss: [0.4694277346134186, 0.004808526020497084, 0.31796908378601074, 0.5140238404273987, 0.5392709374427795, 0.37402090430259705, 0.43681800365448, 0.38162755966186523, 0.47937536239624023, 0.40012067556381226, 0.40177589654922485, 0.32482752203941345, 0.3958030343055725, 0.3343225121498108, 0.3307868242263794, 0.2865429222583771, 0.23218251764774323, 0.2989310622215271, 0.3783944547176361, 0.3030083477497101]
Timestamp: 124.71960600300002
---------------------------------------------------------------
[tensor([ 0, 14]), tensor([ 0, 15]), tensor([ 1, 14]), tensor([ 1, 19]), tensor([2, 4]), tensor([3, 5]), tensor([ 3, 18]), tensor([ 4, 19]), tensor([ 5, 12]), tensor([7, 9]), tensor([ 8, 12]), tensor([ 8, 17]), tensor([ 9, 10]), tensor([11, 17]), tensor([13, 14]), tensor([13, 17]), tensor([13, 18]), tensor([16, 18])]
Mean loss in evaluation epoch: [0.47629880905151367, 0.3675083816051483, 0.4058457612991333, 0.5381760001182556, 0.5124715566635132, 0.4509328007698059, 0.43705302476882935, 0.43309006094932556, 0.5002986192703247, 0.4173232316970825, 0.3957183361053467, 0.38877901434898376, 0.4326295256614685, 0.4135550260543823, 0.34743478894233704, 0.36044174432754517, 0.2766556441783905, 0.5499553084373474, 0.48002341389656067, 0.3766033351421356], epochs needed: 300
count_changes: 0 / 18

Generation 41
Mean loss in evaluation epoch: [0.4681398570537567, 0.0077505698427557945, 0.32042238116264343, 0.49371010065078735, 0.5336028933525085, 0.3796907663345337, 0.43882128596305847, 0.38399210572242737, 0.48497453331947327, 0.3901752531528473, 0.4012729525566101, 0.3201989531517029, 0.3980403542518616, 0.32715174555778503, 0.31851688027381897, 0.2850585877895355, 0.2352355271577835, 0.3045540452003479, 0.38943302631378174, 0.3017968535423279], epochs needed: 300
------------------------- TRACKING ---------------------------
Matrix Hash: 9f66dae0b03c7683, num_times_seen_before: 10
ACC: 0.9789473684210527
TPR/FPR: 1.0, 0.025974025974025976
Loss: [0.4681398570537567, 0.0077505698427557945, 0.32042238116264343, 0.49371010065078735, 0.5336028933525085, 0.3796907663345337, 0.43882128596305847, 0.38399210572242737, 0.48497453331947327, 0.3901752531528473, 0.4012729525566101, 0.3201989531517029, 0.3980403542518616, 0.32715174555778503, 0.31851688027381897, 0.2850585877895355, 0.2352355271577835, 0.3045540452003479, 0.38943302631378174, 0.3017968535423279]
Timestamp: 127.86950541300001
---------------------------------------------------------------
[tensor([0, 6]), tensor([ 0, 14]), tensor([ 0, 15]), tensor([2, 4]), tensor([2, 6]), tensor([3, 9]), tensor([ 4, 13]), tensor([ 4, 16]), tensor([ 4, 17]), tensor([ 4, 19]), tensor([ 5, 12]), tensor([ 5, 16]), tensor([ 6, 12]), tensor([ 6, 19]), tensor([7, 9]), tensor([ 8, 12]), tensor([ 8, 16]), tensor([ 8, 17]), tensor([ 8, 19]), tensor([10, 17]), tensor([13, 17]), tensor([16, 18])]
Mean loss in evaluation epoch: [0.4818141460418701, 0.026814917102456093, 0.43823087215423584, 0.5519893765449524, 0.526491105556488, 0.379932701587677, 0.5078416466712952, 0.4508746564388275, 0.6189546585083008, 0.5123353600502014, 0.42750880122184753, 0.3493800759315491, 0.48595213890075684, 0.43179142475128174, 0.3355119526386261, 0.36763057112693787, 0.5020557641983032, 0.46844857931137085, 0.4120291471481323, 0.5295681357383728], epochs needed: 300
count_changes: 0 / 22

Generation 42
Mean loss in evaluation epoch: [0.47487589716911316, 0.0031942774076014757, 0.3215700387954712, 0.5176613330841064, 0.5391985774040222, 0.3689819276332855, 0.4420619010925293, 0.38080230355262756, 0.4793669283390045, 0.39679083228111267, 0.39748281240463257, 0.32732635736465454, 0.393002450466156, 0.3326297998428345, 0.3163885772228241, 0.28674864768981934, 0.232133686542511, 0.29848960041999817, 0.3849146068096161, 0.3033604025840759], epochs needed: 300
------------------------- TRACKING ---------------------------
Matrix Hash: 9f66dae0b03c7683, num_times_seen_before: 11
ACC: 0.9789473684210527
TPR/FPR: 1.0, 0.025974025974025976
Loss: [0.47487589716911316, 0.0031942774076014757, 0.3215700387954712, 0.5176613330841064, 0.5391985774040222, 0.3689819276332855, 0.4420619010925293, 0.38080230355262756, 0.4793669283390045, 0.39679083228111267, 0.39748281240463257, 0.32732635736465454, 0.393002450466156, 0.3326297998428345, 0.3163885772228241, 0.28674864768981934, 0.232133686542511, 0.29848960041999817, 0.3849146068096161, 0.3033604025840759]
Timestamp: 131.03499021299996
---------------------------------------------------------------
[tensor([1, 9]), tensor([ 1, 13]), tensor([3, 5]), tensor([ 3, 10]), tensor([ 3, 14]), tensor([ 3, 15]), tensor([ 3, 16]), tensor([ 4, 13]), tensor([ 4, 19]), tensor([ 6, 10]), tensor([ 6, 12]), tensor([7, 8]), tensor([7, 9]), tensor([ 7, 15]), tensor([ 8, 12]), tensor([ 9, 10]), tensor([11, 18]), tensor([13, 18]), tensor([13, 19]), tensor([14, 15]), tensor([16, 18])]
Mean loss in evaluation epoch: [0.4866732060909271, 0.37383100390434265, 0.3546534776687622, 0.591608464717865, 0.5575376152992249, 0.43382528424263, 0.474932998418808, 0.502321183681488, 0.5102826952934265, 0.43166273832321167, 0.4330579340457916, 0.4037417471408844, 0.48421579599380493, 0.42505064606666565, 0.3827219009399414, 0.6388185620307922, 0.3475286364555359, 0.33347177505493164, 0.44120508432388306, 0.4113187789916992], epochs needed: 300
count_changes: 0 / 21

Generation 43
Mean loss in evaluation epoch: [0.47619864344596863, 0.004228828940540552, 0.3209874927997589, 0.5066975951194763, 0.5384040474891663, 0.37285470962524414, 0.4379570186138153, 0.38163504004478455, 0.4776725172996521, 0.38927462697029114, 0.39889106154441833, 0.3263002336025238, 0.3942417800426483, 0.3324721157550812, 0.31593507528305054, 0.28723254799842834, 0.23056115210056305, 0.30115950107574463, 0.384598046541214, 0.3010856807231903], epochs needed: 300
------------------------- TRACKING ---------------------------
Matrix Hash: 9f66dae0b03c7683, num_times_seen_before: 12
ACC: 0.9789473684210527
TPR/FPR: 1.0, 0.025974025974025976
Loss: [0.47619864344596863, 0.004228828940540552, 0.3209874927997589, 0.5066975951194763, 0.5384040474891663, 0.37285470962524414, 0.4379570186138153, 0.38163504004478455, 0.4776725172996521, 0.38927462697029114, 0.39889106154441833, 0.3263002336025238, 0.3942417800426483, 0.3324721157550812, 0.31593507528305054, 0.28723254799842834, 0.23056115210056305, 0.30115950107574463, 0.384598046541214, 0.3010856807231903]
Timestamp: 134.262416846
---------------------------------------------------------------
[tensor([0, 4]), tensor([0, 8]), tensor([ 0, 14]), tensor([2, 4]), tensor([3, 5]), tensor([ 3, 16]), tensor([ 4, 19]), tensor([ 5, 12]), tensor([ 5, 14]), tensor([ 5, 17]), tensor([ 6, 12]), tensor([7, 8]), tensor([ 7, 15]), tensor([ 8, 12]), tensor([ 8, 16]), tensor([ 8, 17]), tensor([ 8, 18]), tensor([ 9, 12]), tensor([ 9, 16]), tensor([13, 14]), tensor([13, 17]), tensor([13, 18]), tensor([16, 18])]
Mean loss in evaluation epoch: [0.5179922580718994, 0.024903401732444763, 0.4222678244113922, 0.5170192122459412, 0.573429524898529, 0.451137900352478, 0.4680992364883423, 0.4622604548931122, 0.6767337918281555, 0.4789915680885315, 0.4150080680847168, 0.3482517898082733, 0.47404810786247253, 0.43103229999542236, 0.3386782109737396, 0.4099386930465698, 0.4905267357826233, 0.46967002749443054, 0.4259885251522064, 0.32678452134132385], epochs needed: 300
count_changes: 0 / 23

Generation 44
Mean loss in evaluation epoch: [0.4709549844264984, 0.0030182707123458385, 0.3160223364830017, 0.5031017661094666, 0.5323695540428162, 0.37068551778793335, 0.43737924098968506, 0.3853491246700287, 0.48329612612724304, 0.40069854259490967, 0.39742591977119446, 0.31772178411483765, 0.40309369564056396, 0.3327188491821289, 0.3226473927497864, 0.28673338890075684, 0.23116065561771393, 0.2998065948486328, 0.37861472368240356, 0.30193808674812317], epochs needed: 300
------------------------- TRACKING ---------------------------
Matrix Hash: 9f66dae0b03c7683, num_times_seen_before: 13
ACC: 0.9789473684210527
TPR/FPR: 1.0, 0.025974025974025976
Loss: [0.4709549844264984, 0.0030182707123458385, 0.3160223364830017, 0.5031017661094666, 0.5323695540428162, 0.37068551778793335, 0.43737924098968506, 0.3853491246700287, 0.48329612612724304, 0.40069854259490967, 0.39742591977119446, 0.31772178411483765, 0.40309369564056396, 0.3327188491821289, 0.3226473927497864, 0.28673338890075684, 0.23116065561771393, 0.2998065948486328, 0.37861472368240356, 0.30193808674812317]
Timestamp: 137.249429163
---------------------------------------------------------------
[tensor([ 1, 14]), tensor([2, 7]), tensor([ 2, 19]), tensor([ 3, 16]), tensor([ 4, 19]), tensor([ 5, 16]), tensor([ 8, 17]), tensor([11, 18]), tensor([13, 17]), tensor([14, 17]), tensor([16, 18])]
Mean loss in evaluation epoch: [0.46450182795524597, 0.2480856329202652, 0.4397524893283844, 0.49819621443748474, 0.5464903712272644, 0.3475286364555359, 0.44728922843933105, 0.4347784221172333, 0.49403685331344604, 0.41333869099617004, 0.3870529532432556, 0.3915158808231354, 0.3972919285297394, 0.36397355794906616, 0.39220985770225525, 0.289742112159729, 0.37445440888404846, 0.4220699071884155, 0.437751442193985, 0.3831331431865692], epochs needed: 300
count_changes: 0 / 11
------------------------- TRACKING ---------------------------
Matrix Hash: 9f66dae0b03c7683, num_times_seen_before: 14
ACC: 0.9789473684210527
TPR/FPR: 1.0, 0.025974025974025976
Loss: [0.4709549844264984, 0.0030182707123458385, 0.3160223364830017, 0.5031017661094666, 0.5323695540428162, 0.37068551778793335, 0.43737924098968506, 0.3853491246700287, 0.48329612612724304, 0.40069854259490967, 0.39742591977119446, 0.31772178411483765, 0.40309369564056396, 0.3327188491821289, 0.3226473927497864, 0.28673338890075684, 0.23116065561771393, 0.2998065948486328, 0.37861472368240356, 0.30193808674812317]
Timestamp: 138.80270721300002
---------------------------------------------------------------
Time needed: 140.57935680499997 sec
