./brute_force_outputs/SIS_bull_5k_0.5_0.5
../data/SIS/edges_bull.pickle
GET_MINIMA: True
tensor([[0., 1., 1., 0., 0.],
        [1., 0., 1., 1., 0.],
        [1., 1., 0., 0., 1.],
        [0., 1., 0., 0., 0.],
        [0., 0., 1., 0., 0.]])
--------------------------------- RESULTS ----------------------------------
Mean score: 0.6692135
Mean span across runs: 0.0034620161
Max span across runs: 0.011915982
Mean Standard Dev across runs: 0.0010887294
------------------
Top 20: 
Index    Mean(Score) NumOfChanges
[[818.           0.634036     0.        ]
 [786.           0.638201     1.        ]
 [ 50.           0.6409106    2.        ]
 [306.           0.64630824   1.        ]
 [562.           0.64662874   1.        ]
 [946.           0.64759815   1.        ]
 [822.           0.6496708    1.        ]
 [882.           0.65086377   1.        ]
 [826.           0.65144825   1.        ]
 [816.           0.65198433   1.        ]
 [802.           0.65277606   1.        ]
 [790.           0.65339476   2.        ]
 [662.           0.6543077    4.        ]
 [438.           0.6543926    3.        ]
 [634.           0.65524745   3.        ]
 [346.           0.65529174   4.        ]
 [ 54.           0.65557444   3.        ]
 [566.           0.6556082    2.        ]
 [918.           0.6558426    3.        ]
 [690.           0.6559353    2.        ]]
0th best matrix:
[[0. 1. 1. 0. 0.]
 [1. 0. 1. 1. 0.]
 [1. 1. 0. 0. 1.]
 [0. 1. 0. 0. 0.]
 [0. 0. 1. 0. 0.]]
1th best matrix:
[[0. 1. 1. 0. 0.]
 [1. 0. 0. 1. 0.]
 [1. 0. 0. 0. 1.]
 [0. 1. 0. 0. 0.]
 [0. 0. 1. 0. 0.]]
2th best matrix:
[[0. 0. 0. 0. 0.]
 [0. 0. 1. 1. 0.]
 [0. 1. 0. 0. 1.]
 [0. 1. 0. 0. 0.]
 [0. 0. 1. 0. 0.]]
3th best matrix:
[[0. 0. 1. 0. 0.]
 [0. 0. 1. 1. 0.]
 [1. 1. 0. 0. 1.]
 [0. 1. 0. 0. 0.]
 [0. 0. 1. 0. 0.]]
4th best matrix:
[[0. 1. 0. 0. 0.]
 [1. 0. 1. 1. 0.]
 [0. 1. 0. 0. 1.]
 [0. 1. 0. 0. 0.]
 [0. 0. 1. 0. 0.]]
5th best matrix:
[[0. 1. 1. 1. 0.]
 [1. 0. 1. 1. 0.]
 [1. 1. 0. 0. 1.]
 [1. 1. 0. 0. 0.]
 [0. 0. 1. 0. 0.]]
6th best matrix:
[[0. 1. 1. 0. 0.]
 [1. 0. 1. 1. 0.]
 [1. 1. 0. 1. 1.]
 [0. 1. 1. 0. 0.]
 [0. 0. 1. 0. 0.]]
7th best matrix:
[[0. 1. 1. 0. 1.]
 [1. 0. 1. 1. 0.]
 [1. 1. 0. 0. 1.]
 [0. 1. 0. 0. 0.]
 [1. 0. 1. 0. 0.]]
8th best matrix:
[[0. 1. 1. 0. 0.]
 [1. 0. 1. 1. 1.]
 [1. 1. 0. 0. 1.]
 [0. 1. 0. 0. 0.]
 [0. 1. 1. 0. 0.]]
9th best matrix:
[[0. 1. 1. 0. 0.]
 [1. 0. 1. 1. 0.]
 [1. 1. 0. 0. 0.]
 [0. 1. 0. 0. 0.]
 [0. 0. 0. 0. 0.]]
10th best matrix:
[[0. 1. 1. 0. 0.]
 [1. 0. 1. 0. 0.]
 [1. 1. 0. 0. 1.]
 [0. 0. 0. 0. 0.]
 [0. 0. 1. 0. 0.]]
11th best matrix:
[[0. 1. 1. 0. 0.]
 [1. 0. 0. 1. 0.]
 [1. 0. 0. 1. 1.]
 [0. 1. 1. 0. 0.]
 [0. 0. 1. 0. 0.]]
12th best matrix:
[[0. 1. 0. 1. 0.]
 [1. 0. 0. 1. 0.]
 [0. 0. 0. 1. 1.]
 [1. 1. 1. 0. 0.]
 [0. 0. 1. 0. 0.]]
13th best matrix:
[[0. 0. 1. 1. 0.]
 [0. 0. 1. 1. 0.]
 [1. 1. 0. 1. 1.]
 [1. 1. 1. 0. 0.]
 [0. 0. 1. 0. 0.]]
14th best matrix:
[[0. 1. 0. 0. 1.]
 [1. 0. 1. 1. 1.]
 [0. 1. 0. 0. 1.]
 [0. 1. 0. 0. 0.]
 [1. 1. 1. 0. 0.]]
15th best matrix:
[[0. 0. 1. 0. 1.]
 [0. 0. 0. 1. 1.]
 [1. 0. 0. 0. 1.]
 [0. 1. 0. 0. 0.]
 [1. 1. 1. 0. 0.]]
16th best matrix:
[[0. 0. 0. 0. 0.]
 [0. 0. 1. 1. 0.]
 [0. 1. 0. 1. 1.]
 [0. 1. 1. 0. 0.]
 [0. 0. 1. 0. 0.]]
17th best matrix:
[[0. 1. 0. 0. 0.]
 [1. 0. 1. 1. 0.]
 [0. 1. 0. 1. 1.]
 [0. 1. 1. 0. 0.]
 [0. 0. 1. 0. 0.]]
18th best matrix:
[[0. 1. 1. 1. 0.]
 [1. 0. 0. 1. 0.]
 [1. 0. 0. 1. 1.]
 [1. 1. 1. 0. 0.]
 [0. 0. 1. 0. 0.]]
19th best matrix:
[[0. 1. 0. 1. 0.]
 [1. 0. 1. 1. 0.]
 [0. 1. 0. 0. 1.]
 [1. 1. 0. 0. 0.]
 [0. 0. 1. 0. 0.]]
------------------
Results by Number of changes (hamming distance) from ground truth matrix
NumOfChanges Mean(Scores) Max(Scores) Min(Scores) Mean(Span(Scores)) Mean(SD(Sco)) SD(Mean(Sco)) Max(Mean(Sco)) Min(Mean(Sco))
[[ 0.            0.634036      0.63751614    0.63219386    0.0053222775  0.00147159             nan  0.634036      0.634036    ]
 [ 1.            0.6493774     0.6600231     0.63575554    0.0065402864  0.0020212082  0.005265157   0.65829444    0.638201    ]
 [ 2.            0.6606236     0.6696946     0.6384597     0.004449818   0.0013753324  0.0051637474  0.6684889     0.6409106   ]
 [ 3.            0.6668023     0.67677766    0.65260315    0.0035656064  0.0011254898  0.0039172713  0.6719221     0.6543926   ]
 [ 4.            0.66983855    0.67597723    0.65149575    0.0033269944  0.0010557075  0.0030533602  0.67407095    0.6543077   ]
 [ 5.            0.6708981     0.67840064    0.6556538     0.0034378325  0.0010782249  0.003046715   0.67625314    0.65684414  ]
 [ 6.            0.67094857    0.6784815     0.66172236    0.0033852416  0.0010602117  0.0027921633  0.67621773    0.66335636  ]
 [ 7.            0.6700952     0.6769508     0.65853137    0.0031436454  0.0010018091  0.002940424   0.6744956     0.66044706  ]
 [ 8.            0.66787636    0.67370325    0.6583007     0.0033762865  0.0010568853  0.002480916   0.6727322     0.6597525   ]
 [ 9.            0.6643959     0.67035574    0.659427      0.0036602735  0.0011091589  0.0016217267  0.66625965    0.661904    ]
 [10.            0.6610326     0.66295356    0.6583652     0.0045883656  0.0013022134           nan  0.6610326     0.6610326   ]]
-------------------------
evaluating local  minima
Number of local minima: 37
Indices: [1, 6, 19, 24, 44, 50, 74, 148, 192, 205, 223, 234, 295, 324, 346, 390, 411, 437, 438, 569, 590, 600, 619, 634, 648, 662, 801, 812, 818, 843, 917, 961, 970, 980, 992, 1004, 1017]
Mean scores: [0.6668196  0.66471344 0.6590518  0.66538393 0.6669595  0.6409106  0.6657578  0.6660112  0.6675745  0.6610326  0.6597525  0.6675509  0.6664294  0.6675424  0.65529174 0.65684414 0.66315883 0.6666222
 0.6543926  0.66640306 0.66614795 0.6602701  0.6650053  0.65524745 0.6677427  0.6543077  0.66331255 0.66421044 0.634036   0.66558355 0.6653804  0.6663927  0.6682942  0.6686913  0.6660886  0.6650941
 0.6690674 ]
