num samples: 10000
NUM_TRAIN_SAMPLES: 9999
NUM_TRAIN_BATCHES: 100
NUM_TEST_SAMPLES: 9999
NUM_TEST_BATCHES: 100
BATCH_SIZE: 100
HIDDEN_SIZE: 128
NUM_DYN_EPOCHS: 20
IS_CONTINUOUS: False
USE_MAX: False
../data/final/netrd/SIS/timeseries_ba20_10k_0.1.pickle
../data/final/edges_ba20.pickle
CONTINUATION: False
CONT_ADDRESS: D:\Uni\BA\ColabOutputs\ba20\2020-12-10T22_50_22.113418
SEED: 0
NUM_DYN_EPOCHS: 20
NUM_DYN_EPOCHS_INIT: 20
DETECT_EARLY_CONVERGENCE: False
RESET_DYN_LEARNER_EVERY_NTH_GEN: 1
POP_SIZE: 10
NEWPOP_SIZE: 40
NUM_GEN: 45
USE_NODEWISE_EVALUATION: False
USE_EVALEPOCH_FOR_GUIDED_MUTATION: False
USE_DETERMINISTIC_EVAL: False
FORMAT: timeseries
--------------------- Start training ------------------------
evaluating individudal 0 - ffd60838a1bcaf0d. Mean loss in evaluation epoch: 0.3235064148902893, epochs needed: 20
evaluating individudal 1 - db0012ac5bdbeb0d. Mean loss in evaluation epoch: 0.32307368516921997, epochs needed: 20
evaluating individudal 2 - 0342a58f8143bddd. Mean loss in evaluation epoch: 0.3223974406719208, epochs needed: 20
evaluating individudal 3 - 0cc0d300522e269e. Mean loss in evaluation epoch: 0.3225100338459015, epochs needed: 20
evaluating individudal 4 - 7bf53095d8ff634f. Mean loss in evaluation epoch: 0.3235642910003662, epochs needed: 20
evaluating individudal 5 - 2af4e88f52001248. Mean loss in evaluation epoch: 0.32334843277931213, epochs needed: 20
evaluating individudal 6 - c3521e31c2c442c1. Mean loss in evaluation epoch: 0.3217087388038635, epochs needed: 20
evaluating individudal 7 - a40036480e47bb23. Mean loss in evaluation epoch: 0.32322418689727783, epochs needed: 20
evaluating individudal 8 - b95240b6f1b51ab0. Mean loss in evaluation epoch: 0.3235970139503479, epochs needed: 20
evaluating individudal 9 - da295c211d031b0a. Mean loss in evaluation epoch: 0.32308632135391235, epochs needed: 20
Round 0 done. -----------------------------------------
------------------------- TRACKING ---------------------------
Matrix Hash: c3521e31c2c442c1, num_times_seen_before: 0
ACC: 0.4736842105263158
TPR/FPR: 0.5555555555555556, 0.5454545454545454
Loss: 0.3217087388038635
Timestamp: 0
---------------------------------------------------------------
evaluating individudal 0 - 9f5b1482eff17bf5. Mean loss in evaluation epoch: 0.3228011727333069, epochs needed: 20
evaluating individudal 1 - e339580a3d563b22. Mean loss in evaluation epoch: 0.3194305896759033, epochs needed: 20
evaluating individudal 2 - 08eb725c7f65c6bb. Mean loss in evaluation epoch: 0.32268470525741577, epochs needed: 20
evaluating individudal 3 - 109179a96c75ef1f. Mean loss in evaluation epoch: 0.32267874479293823, epochs needed: 20
evaluating individudal 4 - 05f36702b8ac875f. Mean loss in evaluation epoch: 0.3203981816768646, epochs needed: 20
evaluating individudal 5 - 9d99087286d0b03d. Mean loss in evaluation epoch: 0.31733444333076477, epochs needed: 20
evaluating individudal 6 - 8afb69cf3f8cc398. Mean loss in evaluation epoch: 0.320270299911499, epochs needed: 20
evaluating individudal 7 - 4ad0212e3bd71b05. Mean loss in evaluation epoch: 0.31918004155158997, epochs needed: 20
evaluating individudal 8 - 0d5b2815779b0c33. Mean loss in evaluation epoch: 0.32240933179855347, epochs needed: 20
evaluating individudal 9 - 61f57f5d2748eb24. Mean loss in evaluation epoch: 0.32167044281959534, epochs needed: 20
evaluating individudal 10 - 88d4564a50add712. Mean loss in evaluation epoch: 0.32005399465560913, epochs needed: 20
evaluating individudal 11 - 135628c4c6a4719e. Mean loss in evaluation epoch: 0.32337096333503723, epochs needed: 20
evaluating individudal 12 - 90f76a3770cd142d. Mean loss in evaluation epoch: 0.31874698400497437, epochs needed: 20
evaluating individudal 13 - ff0158b284349152. Mean loss in evaluation epoch: 0.3196203112602234, epochs needed: 20
evaluating individudal 14 - f064950b0378377d. Mean loss in evaluation epoch: 0.3219185471534729, epochs needed: 20
evaluating individudal 15 - 4ddc48a07afb1a18. Mean loss in evaluation epoch: 0.3210078477859497, epochs needed: 20
evaluating individudal 16 - 352d4a4b4a1fa63c. Mean loss in evaluation epoch: 0.3193676173686981, epochs needed: 20
evaluating individudal 17 - 8b537c3e4db90bd0. Mean loss in evaluation epoch: 0.3195556700229645, epochs needed: 20
evaluating individudal 18 - 102b3c9b4bd1da46. Mean loss in evaluation epoch: 0.3225867748260498, epochs needed: 20
evaluating individudal 19 - 2f43dd991f1913e2. Mean loss in evaluation epoch: 0.31887203454971313, epochs needed: 20
evaluating individudal 20 - aa5a7a08f28cd83c. Mean loss in evaluation epoch: 0.3222470283508301, epochs needed: 20
evaluating individudal 21 - de5f7bfeb95731ec. Mean loss in evaluation epoch: 0.3229285776615143, epochs needed: 20
evaluating individudal 22 - 235ca3fd6b3e51a9. Mean loss in evaluation epoch: 0.322967529296875, epochs needed: 20
evaluating individudal 23 - 97336f4a6b6d55de. Mean loss in evaluation epoch: 0.322876513004303, epochs needed: 20
evaluating individudal 24 - c4557c81654b6351. Mean loss in evaluation epoch: 0.32156890630722046, epochs needed: 20
evaluating individudal 25 - d8526055103b8d10. Mean loss in evaluation epoch: 0.32134002447128296, epochs needed: 20
evaluating individudal 26 - c486af9b124b903f. Mean loss in evaluation epoch: 0.3228605091571808, epochs needed: 20
evaluating individudal 27 - 3982a263c7d16df7. Mean loss in evaluation epoch: 0.32015639543533325, epochs needed: 20
evaluating individudal 28 - 2dda275766b8bbeb. Mean loss in evaluation epoch: 0.3238902986049652, epochs needed: 20
evaluating individudal 29 - 5ff99b502f831e5e. Mean loss in evaluation epoch: 0.3229847550392151, epochs needed: 20
evaluating individudal 30 - 79fdb2a989f4ac53. Mean loss in evaluation epoch: 0.3226241171360016, epochs needed: 20
evaluating individudal 31 - fb8ad58a46281f4a. Mean loss in evaluation epoch: 0.32290366291999817, epochs needed: 20
evaluating individudal 32 - 49abfcbbac333bf1. Mean loss in evaluation epoch: 0.3229331076145172, epochs needed: 20
evaluating individudal 33 - 994758b3ab3df9dd. Mean loss in evaluation epoch: 0.3211815655231476, epochs needed: 20
evaluating individudal 34 - bbc775f65dd3c6c8. Mean loss in evaluation epoch: 0.3207598030567169, epochs needed: 20
evaluating individudal 35 - 05146d3238807e7e. Mean loss in evaluation epoch: 0.3175255060195923, epochs needed: 20
evaluating individudal 36 - 19e52370c0c2254a. Mean loss in evaluation epoch: 0.31807053089141846, epochs needed: 20
evaluating individudal 37 - ed7ba7483c696b42. Mean loss in evaluation epoch: 0.3185526132583618, epochs needed: 20
evaluating individudal 38 - 00608322df7eeb4d. Mean loss in evaluation epoch: 0.32101768255233765, epochs needed: 20
evaluating individudal 39 - 1401470f4421707f. Mean loss in evaluation epoch: 0.32315948605537415, epochs needed: 20
evaluating individudal 0 - ffd60838a1bcaf0d. Mean loss in evaluation epoch: 0.3245677053928375, epochs needed: 20
evaluating individudal 1 - db0012ac5bdbeb0d. Mean loss in evaluation epoch: 0.32292577624320984, epochs needed: 20
evaluating individudal 2 - 0342a58f8143bddd. Mean loss in evaluation epoch: 0.3229750692844391, epochs needed: 20
evaluating individudal 3 - 0cc0d300522e269e. Mean loss in evaluation epoch: 0.3225206434726715, epochs needed: 20
evaluating individudal 4 - 7bf53095d8ff634f. Mean loss in evaluation epoch: 0.3234190344810486, epochs needed: 20
evaluating individudal 5 - 2af4e88f52001248. Mean loss in evaluation epoch: 0.32358235120773315, epochs needed: 20
evaluating individudal 6 - c3521e31c2c442c1. Mean loss in evaluation epoch: 0.3210788667201996, epochs needed: 20
evaluating individudal 7 - a40036480e47bb23. Mean loss in evaluation epoch: 0.3232375383377075, epochs needed: 20
evaluating individudal 8 - b95240b6f1b51ab0. Mean loss in evaluation epoch: 0.32260221242904663, epochs needed: 20
evaluating individudal 9 - da295c211d031b0a. Mean loss in evaluation epoch: 0.32314640283584595, epochs needed: 20
Round 1 done. -----------------------------------------
------------------------- TRACKING ---------------------------
Matrix Hash: 9d99087286d0b03d, num_times_seen_before: 0
ACC: 0.45789473684210524
TPR/FPR: 0.4444444444444444, 0.538961038961039
Loss: 0.31733444333076477
Timestamp: 512.4950076659879
---------------------------------------------------------------
evaluating individudal 0 - 03d61b3d10a74786. Mean loss in evaluation epoch: 0.31730493903160095, epochs needed: 20
evaluating individudal 1 - cf87ee8fce78d4cd. Mean loss in evaluation epoch: 0.3172737956047058, epochs needed: 20
evaluating individudal 2 - 0d84f119885555c5. Mean loss in evaluation epoch: 0.31927981972694397, epochs needed: 20
evaluating individudal 3 - b491dfddc09174c7. Mean loss in evaluation epoch: 0.31748390197753906, epochs needed: 20
evaluating individudal 4 - 616423554aa5f4d2. Mean loss in evaluation epoch: 0.3195704519748688, epochs needed: 20
evaluating individudal 5 - 3918153b0cebda65. Mean loss in evaluation epoch: 0.3198521137237549, epochs needed: 20
evaluating individudal 6 - 19a22d899fbda340. Mean loss in evaluation epoch: 0.31896618008613586, epochs needed: 20
evaluating individudal 7 - 277fc79bb9730992. Mean loss in evaluation epoch: 0.3168555498123169, epochs needed: 20
evaluating individudal 8 - e3f09a29724d49d1. Mean loss in evaluation epoch: 0.3183422088623047, epochs needed: 20
evaluating individudal 9 - 8d60641a97b29694. Mean loss in evaluation epoch: 0.3204425871372223, epochs needed: 20
evaluating individudal 10 - 09fd22e157bdbf17. Mean loss in evaluation epoch: 0.32076725363731384, epochs needed: 20
evaluating individudal 11 - 9c85af3e1cba1bd3. Mean loss in evaluation epoch: 0.3190377652645111, epochs needed: 20
evaluating individudal 12 - 74f1fdcca37ab254. Mean loss in evaluation epoch: 0.320739209651947, epochs needed: 20
evaluating individudal 13 - b4faa81e50a7c162. Mean loss in evaluation epoch: 0.31904131174087524, epochs needed: 20
evaluating individudal 14 - 9e6008b97c5aaacc. Mean loss in evaluation epoch: 0.31853383779525757, epochs needed: 20
evaluating individudal 15 - b213a4514a3b2b6f. Mean loss in evaluation epoch: 0.3176306188106537, epochs needed: 20
evaluating individudal 16 - 0d6730290249d796. Mean loss in evaluation epoch: 0.3198787569999695, epochs needed: 20
evaluating individudal 17 - da7571411e950b01. Mean loss in evaluation epoch: 0.3178245723247528, epochs needed: 20
evaluating individudal 18 - 2a5c48f68ae30c7b. Mean loss in evaluation epoch: 0.3180302381515503, epochs needed: 20
evaluating individudal 19 - 6cb32e19b206b4e0. Mean loss in evaluation epoch: 0.31763356924057007, epochs needed: 20
evaluating individudal 20 - 89f4af1820c3f36f. Mean loss in evaluation epoch: 0.3173077404499054, epochs needed: 20
evaluating individudal 21 - 0c46d43fa7e9b243. Mean loss in evaluation epoch: 0.3172541856765747, epochs needed: 20
evaluating individudal 22 - 461a78044ebbfeca. Mean loss in evaluation epoch: 0.31894630193710327, epochs needed: 20
evaluating individudal 23 - 617bc401da35823b. Mean loss in evaluation epoch: 0.3170635402202606, epochs needed: 20
evaluating individudal 24 - 3f28cc233856005b. Mean loss in evaluation epoch: 0.31885868310928345, epochs needed: 20
evaluating individudal 25 - 39e8de7ef49ffa72. Mean loss in evaluation epoch: 0.31955212354660034, epochs needed: 20
evaluating individudal 26 - 222ee24dba80a38e. Mean loss in evaluation epoch: 0.3177368640899658, epochs needed: 20
evaluating individudal 27 - 87f114758a40c241. Mean loss in evaluation epoch: 0.31735584139823914, epochs needed: 20
evaluating individudal 28 - db10c965525f76be. Mean loss in evaluation epoch: 0.31805646419525146, epochs needed: 20
evaluating individudal 29 - aeadc4b10198f7e1. Mean loss in evaluation epoch: 0.3216744065284729, epochs needed: 20
evaluating individudal 30 - 58aa944d9cb927ad. Mean loss in evaluation epoch: 0.3208290934562683, epochs needed: 20
evaluating individudal 31 - 908e7531e5fdc6b5. Mean loss in evaluation epoch: 0.32113760709762573, epochs needed: 20
evaluating individudal 32 - 59cc4ce824de7216. Mean loss in evaluation epoch: 0.31761351227760315, epochs needed: 20
evaluating individudal 33 - 00588faf716cc069. Mean loss in evaluation epoch: 0.31875839829444885, epochs needed: 20
evaluating individudal 34 - 532f761eee87af70. Mean loss in evaluation epoch: 0.31882408261299133, epochs needed: 20
evaluating individudal 35 - 39369635a616bbda. Mean loss in evaluation epoch: 0.3188418447971344, epochs needed: 20
evaluating individudal 36 - c3d1c2847648e3fa. Mean loss in evaluation epoch: 0.31977590918540955, epochs needed: 20
evaluating individudal 37 - 0d6bbdd49bdf44ee. Mean loss in evaluation epoch: 0.31751585006713867, epochs needed: 20
evaluating individudal 38 - 144fbf6022506858. Mean loss in evaluation epoch: 0.3175414502620697, epochs needed: 20
evaluating individudal 39 - 0b69c2f4f1be1193. Mean loss in evaluation epoch: 0.31934288144111633, epochs needed: 20
evaluating individudal 0 - 9d99087286d0b03d. Mean loss in evaluation epoch: 0.3177720308303833, epochs needed: 20
evaluating individudal 1 - 05146d3238807e7e. Mean loss in evaluation epoch: 0.31764212250709534, epochs needed: 20
evaluating individudal 2 - 19e52370c0c2254a. Mean loss in evaluation epoch: 0.3186659514904022, epochs needed: 20
evaluating individudal 3 - ed7ba7483c696b42. Mean loss in evaluation epoch: 0.3183628022670746, epochs needed: 20
evaluating individudal 4 - 90f76a3770cd142d. Mean loss in evaluation epoch: 0.31886133551597595, epochs needed: 20
evaluating individudal 5 - 2f43dd991f1913e2. Mean loss in evaluation epoch: 0.31830859184265137, epochs needed: 20
evaluating individudal 6 - 4ad0212e3bd71b05. Mean loss in evaluation epoch: 0.3194124102592468, epochs needed: 20
evaluating individudal 7 - 352d4a4b4a1fa63c. Mean loss in evaluation epoch: 0.3197613060474396, epochs needed: 20
evaluating individudal 8 - e339580a3d563b22. Mean loss in evaluation epoch: 0.3204087018966675, epochs needed: 20
evaluating individudal 9 - 8b537c3e4db90bd0. Mean loss in evaluation epoch: 0.319868266582489, epochs needed: 20
Round 2 done. -----------------------------------------
------------------------- TRACKING ---------------------------
Matrix Hash: 277fc79bb9730992, num_times_seen_before: 0
ACC: 0.6052631578947368
TPR/FPR: 0.75, 0.42857142857142855
Loss: 0.3168555498123169
Timestamp: 1023.5440124719898
---------------------------------------------------------------
evaluating individudal 0 - 76fb1bb19285bb4e. Mean loss in evaluation epoch: 0.3192371726036072, epochs needed: 20
evaluating individudal 1 - 867f15b8cc67006b. Mean loss in evaluation epoch: 0.3182757794857025, epochs needed: 20
evaluating individudal 2 - 3b922dec6180e31a. Mean loss in evaluation epoch: 0.31779417395591736, epochs needed: 20
evaluating individudal 3 - c30cbb2b292c67ff. Mean loss in evaluation epoch: 0.31712955236434937, epochs needed: 20
evaluating individudal 4 - 11445b60d4b92131. Mean loss in evaluation epoch: 0.31726351380348206, epochs needed: 20
evaluating individudal 5 - bb70e0883aa4ca50. Mean loss in evaluation epoch: 0.31677326560020447, epochs needed: 20
evaluating individudal 6 - 7b7d99e22a7aff1d. Mean loss in evaluation epoch: 0.3165448009967804, epochs needed: 20
evaluating individudal 7 - 75f0e7026ba4f9fd. Mean loss in evaluation epoch: 0.3168395757675171, epochs needed: 20
evaluating individudal 8 - b7e32d8c98db7c5a. Mean loss in evaluation epoch: 0.3177744150161743, epochs needed: 20
evaluating individudal 9 - fb30510c4ec27cd1. Mean loss in evaluation epoch: 0.3174756169319153, epochs needed: 20
evaluating individudal 10 - 577871980df002c1. Mean loss in evaluation epoch: 0.31841856241226196, epochs needed: 20
evaluating individudal 11 - 6ce119657284e40a. Mean loss in evaluation epoch: 0.316577285528183, epochs needed: 20
evaluating individudal 12 - 93b1a1c8b072a12f. Mean loss in evaluation epoch: 0.31869742274284363, epochs needed: 20
evaluating individudal 13 - 39bf94d708d79cdc. Mean loss in evaluation epoch: 0.3186507225036621, epochs needed: 20
evaluating individudal 14 - 64c58af5e8d6e088. Mean loss in evaluation epoch: 0.31892579793930054, epochs needed: 20
evaluating individudal 15 - bb5c000b5451915f. Mean loss in evaluation epoch: 0.31668052077293396, epochs needed: 20
evaluating individudal 16 - 56968c5c3391b158. Mean loss in evaluation epoch: 0.3175048828125, epochs needed: 20
evaluating individudal 17 - 70ca11dea9ac8024. Mean loss in evaluation epoch: 0.31759485602378845, epochs needed: 20
evaluating individudal 18 - 1b04d34f14b2629b. Mean loss in evaluation epoch: 0.31946176290512085, epochs needed: 20
evaluating individudal 19 - a5f6c84ec022e5c9. Mean loss in evaluation epoch: 0.3172870874404907, epochs needed: 20
evaluating individudal 20 - 5aea46168d2b8f73. Mean loss in evaluation epoch: 0.3170790374279022, epochs needed: 20
evaluating individudal 21 - 786b705596e6e14b. Mean loss in evaluation epoch: 0.31803128123283386, epochs needed: 20
evaluating individudal 22 - 64952025ad0548f0. Mean loss in evaluation epoch: 0.3165683150291443, epochs needed: 20
evaluating individudal 23 - 9a1ea05a0380f216. Mean loss in evaluation epoch: 0.3184693157672882, epochs needed: 20
evaluating individudal 24 - 6772ebf48201c1fd. Mean loss in evaluation epoch: 0.3174774944782257, epochs needed: 20
evaluating individudal 25 - a47896e93df450ed. Mean loss in evaluation epoch: 0.3179357945919037, epochs needed: 20
evaluating individudal 26 - 67d8d354c2c961f7. Mean loss in evaluation epoch: 0.31759941577911377, epochs needed: 20
evaluating individudal 27 - d9088fc2764bff03. Mean loss in evaluation epoch: 0.3176206648349762, epochs needed: 20
evaluating individudal 28 - e73ba828d5617dbe. Mean loss in evaluation epoch: 0.3171336352825165, epochs needed: 20
evaluating individudal 29 - 3b43c50dfaf730fb. Mean loss in evaluation epoch: 0.317216694355011, epochs needed: 20
evaluating individudal 30 - 40484477b0fdd9c7. Mean loss in evaluation epoch: 0.31766796112060547, epochs needed: 20
evaluating individudal 31 - 1b0b03e92eb47683. Mean loss in evaluation epoch: 0.3180641233921051, epochs needed: 20
evaluating individudal 32 - 0a4b86c94ff4b88d. Mean loss in evaluation epoch: 0.3168761730194092, epochs needed: 20
evaluating individudal 33 - 56cbea753efd1bc7. Mean loss in evaluation epoch: 0.3183671534061432, epochs needed: 20
evaluating individudal 34 - 4ab64da1c0e5b3ae. Mean loss in evaluation epoch: 0.31689703464508057, epochs needed: 20
evaluating individudal 35 - 63b9bcb1697f8cea. Mean loss in evaluation epoch: 0.3179645538330078, epochs needed: 20
evaluating individudal 36 - 95912058f4fbc6b0. Mean loss in evaluation epoch: 0.3169363737106323, epochs needed: 20
evaluating individudal 37 - d89ab2a636449656. Mean loss in evaluation epoch: 0.3199065625667572, epochs needed: 20
evaluating individudal 38 - 15e2315678110da6. Mean loss in evaluation epoch: 0.3170296847820282, epochs needed: 20
evaluating individudal 39 - 1d7caf27cf6592e2. Mean loss in evaluation epoch: 0.3174067735671997, epochs needed: 20
evaluating individudal 0 - 277fc79bb9730992. Mean loss in evaluation epoch: 0.31723523139953613, epochs needed: 20
evaluating individudal 1 - 617bc401da35823b. Mean loss in evaluation epoch: 0.31657710671424866, epochs needed: 20
evaluating individudal 2 - 0c46d43fa7e9b243. Mean loss in evaluation epoch: 0.31725576519966125, epochs needed: 20
evaluating individudal 3 - cf87ee8fce78d4cd. Mean loss in evaluation epoch: 0.3167155683040619, epochs needed: 20
evaluating individudal 4 - 03d61b3d10a74786. Mean loss in evaluation epoch: 0.31738460063934326, epochs needed: 20
evaluating individudal 5 - 89f4af1820c3f36f. Mean loss in evaluation epoch: 0.3176151514053345, epochs needed: 20
evaluating individudal 6 - 87f114758a40c241. Mean loss in evaluation epoch: 0.31769317388534546, epochs needed: 20
evaluating individudal 7 - b491dfddc09174c7. Mean loss in evaluation epoch: 0.3173345923423767, epochs needed: 20
evaluating individudal 8 - 0d6bbdd49bdf44ee. Mean loss in evaluation epoch: 0.3173754811286926, epochs needed: 20
evaluating individudal 9 - 144fbf6022506858. Mean loss in evaluation epoch: 0.3175179362297058, epochs needed: 20
Round 3 done. -----------------------------------------
------------------------- TRACKING ---------------------------
Matrix Hash: 7b7d99e22a7aff1d, num_times_seen_before: 0
ACC: 0.6473684210526316
TPR/FPR: 0.8055555555555556, 0.38961038961038963
Loss: 0.3165448009967804
Timestamp: 1544.4228933970007
---------------------------------------------------------------
evaluating individudal 0 - 8d64c4ec4bba9d2d. Mean loss in evaluation epoch: 0.31719982624053955, epochs needed: 20
evaluating individudal 1 - 42100f6c71228181. Mean loss in evaluation epoch: 0.31595054268836975, epochs needed: 20
evaluating individudal 2 - 13212a0da69c99dc. Mean loss in evaluation epoch: 0.3192678391933441, epochs needed: 20
evaluating individudal 3 - b4303e9ee5a600b7. Mean loss in evaluation epoch: 0.3162134885787964, epochs needed: 20
evaluating individudal 4 - c42159e8c5886c8e. Mean loss in evaluation epoch: 0.3170437812805176, epochs needed: 20
evaluating individudal 5 - 19ee1c759bfce482. Mean loss in evaluation epoch: 0.31698012351989746, epochs needed: 20
evaluating individudal 6 - 6230264dacea16e9. Mean loss in evaluation epoch: 0.3173605799674988, epochs needed: 20
evaluating individudal 7 - 99568b912fff7921. Mean loss in evaluation epoch: 0.31818750500679016, epochs needed: 20
evaluating individudal 8 - 750d0c5913341163. Mean loss in evaluation epoch: 0.3181242346763611, epochs needed: 20
evaluating individudal 9 - 45a293e83f2c8433. Mean loss in evaluation epoch: 0.31770235300064087, epochs needed: 20
evaluating individudal 10 - 31870d3e4972edab. Mean loss in evaluation epoch: 0.3172180950641632, epochs needed: 20
evaluating individudal 11 - 1e6c322777542169. Mean loss in evaluation epoch: 0.31760597229003906, epochs needed: 20
evaluating individudal 12 - e78a66f599fdecaf. Mean loss in evaluation epoch: 0.31882020831108093, epochs needed: 20
evaluating individudal 13 - 134c6eb27012a7f9. Mean loss in evaluation epoch: 0.3186545968055725, epochs needed: 20
evaluating individudal 14 - 21d92dd26664000d. Mean loss in evaluation epoch: 0.32073360681533813, epochs needed: 20
evaluating individudal 15 - f226d6d46c7a3666. Mean loss in evaluation epoch: 0.31846487522125244, epochs needed: 20
evaluating individudal 16 - 745116f40e712a6c. Mean loss in evaluation epoch: 0.3181796073913574, epochs needed: 20
evaluating individudal 17 - a6cef78e2b86a3d4. Mean loss in evaluation epoch: 0.31624752283096313, epochs needed: 20
evaluating individudal 18 - 61bdc48d5a30711d. Mean loss in evaluation epoch: 0.3204633891582489, epochs needed: 20
evaluating individudal 19 - 99611ea2a2d84545. Mean loss in evaluation epoch: 0.3159657120704651, epochs needed: 20
evaluating individudal 20 - 82227825f9478abf. Mean loss in evaluation epoch: 0.31767746806144714, epochs needed: 20
evaluating individudal 21 - 55dfeaef6a5dc67e. Mean loss in evaluation epoch: 0.31855669617652893, epochs needed: 20
evaluating individudal 22 - 766f4b71a9b0158c. Mean loss in evaluation epoch: 0.3187483549118042, epochs needed: 20
evaluating individudal 23 - 77356223dfa83cc7. Mean loss in evaluation epoch: 0.3205190896987915, epochs needed: 20
evaluating individudal 24 - 31aca5bc25a499f7. Mean loss in evaluation epoch: 0.31674227118492126, epochs needed: 20
evaluating individudal 25 - 292a220a07690b9f. Mean loss in evaluation epoch: 0.31856125593185425, epochs needed: 20
evaluating individudal 26 - 680eb584d99d4774. Mean loss in evaluation epoch: 0.31726381182670593, epochs needed: 20
evaluating individudal 27 - a1d4f63818e4a1c0. Mean loss in evaluation epoch: 0.3176409602165222, epochs needed: 20
evaluating individudal 28 - ee435beb7b648ad6. Mean loss in evaluation epoch: 0.32020628452301025, epochs needed: 20
evaluating individudal 29 - 06be004bbaaa22e8. Mean loss in evaluation epoch: 0.31792762875556946, epochs needed: 20
evaluating individudal 30 - bd44be163e9f39b6. Mean loss in evaluation epoch: 0.3178345859050751, epochs needed: 20
evaluating individudal 31 - 421a246e6beb7a22. Mean loss in evaluation epoch: 0.3187805414199829, epochs needed: 20
evaluating individudal 32 - a5c6bba5ee99b4cb. Mean loss in evaluation epoch: 0.3169352114200592, epochs needed: 20
evaluating individudal 33 - c99f9c7498e57a0b. Mean loss in evaluation epoch: 0.3176966905593872, epochs needed: 20
evaluating individudal 34 - e3c9b20087dc10ce. Mean loss in evaluation epoch: 0.3179703950881958, epochs needed: 20
evaluating individudal 35 - 5796f52df161a292. Mean loss in evaluation epoch: 0.3188246786594391, epochs needed: 20
evaluating individudal 36 - 7e44d8a179c5b54e. Mean loss in evaluation epoch: 0.31768348813056946, epochs needed: 20
evaluating individudal 37 - ff5c161321366dc4. Mean loss in evaluation epoch: 0.3194008767604828, epochs needed: 20
evaluating individudal 38 - 1f92b011f90ab1a2. Mean loss in evaluation epoch: 0.31781795620918274, epochs needed: 20
evaluating individudal 39 - 5e81312c1089b60c. Mean loss in evaluation epoch: 0.31713858246803284, epochs needed: 20
evaluating individudal 0 - 7b7d99e22a7aff1d. Mean loss in evaluation epoch: 0.31645774841308594, epochs needed: 20
evaluating individudal 1 - 64952025ad0548f0. Mean loss in evaluation epoch: 0.31672799587249756, epochs needed: 20
evaluating individudal 2 - 617bc401da35823b. Mean loss in evaluation epoch: 0.31649214029312134, epochs needed: 20
evaluating individudal 3 - 6ce119657284e40a. Mean loss in evaluation epoch: 0.31705936789512634, epochs needed: 20
evaluating individudal 4 - bb5c000b5451915f. Mean loss in evaluation epoch: 0.31713610887527466, epochs needed: 20
evaluating individudal 5 - cf87ee8fce78d4cd. Mean loss in evaluation epoch: 0.31699272990226746, epochs needed: 20
evaluating individudal 6 - bb70e0883aa4ca50. Mean loss in evaluation epoch: 0.3171740770339966, epochs needed: 20
evaluating individudal 7 - 75f0e7026ba4f9fd. Mean loss in evaluation epoch: 0.3169751763343811, epochs needed: 20
evaluating individudal 8 - 0a4b86c94ff4b88d. Mean loss in evaluation epoch: 0.3167572617530823, epochs needed: 20
evaluating individudal 9 - 4ab64da1c0e5b3ae. Mean loss in evaluation epoch: 0.31685149669647217, epochs needed: 20
Round 4 done. -----------------------------------------
------------------------- TRACKING ---------------------------
Matrix Hash: 42100f6c71228181, num_times_seen_before: 0
ACC: 0.6157894736842106
TPR/FPR: 0.8888888888888888, 0.44805194805194803
Loss: 0.31595054268836975
Timestamp: 2057.599040009998
---------------------------------------------------------------
evaluating individudal 0 - 39a50651a35e9070. Mean loss in evaluation epoch: 0.31924429535865784, epochs needed: 20
evaluating individudal 1 - 2b9c9561decb2972. Mean loss in evaluation epoch: 0.3179287910461426, epochs needed: 20
evaluating individudal 2 - 9e8c2e06b1492d08. Mean loss in evaluation epoch: 0.32074636220932007, epochs needed: 20
evaluating individudal 3 - 7b63f954132e5cd0. Mean loss in evaluation epoch: 0.3176268935203552, epochs needed: 20
evaluating individudal 4 - c29c7b73b5e9bbee. Mean loss in evaluation epoch: 0.3167019188404083, epochs needed: 20
evaluating individudal 5 - 055d0792418f0fcd. Mean loss in evaluation epoch: 0.3164089322090149, epochs needed: 20
evaluating individudal 6 - 00db718329c3efd5. Mean loss in evaluation epoch: 0.3155692517757416, epochs needed: 20
evaluating individudal 7 - 7c633010a60222dc. Mean loss in evaluation epoch: 0.3181571960449219, epochs needed: 20
evaluating individudal 8 - fd0154e8fa0224b8. Mean loss in evaluation epoch: 0.31654301285743713, epochs needed: 20
evaluating individudal 9 - 6dfd9560739a65f8. Mean loss in evaluation epoch: 0.3175996243953705, epochs needed: 20
evaluating individudal 10 - 98cec59450c130ad. Mean loss in evaluation epoch: 0.31767112016677856, epochs needed: 20
evaluating individudal 11 - f048689a2e2b15ae. Mean loss in evaluation epoch: 0.31680843234062195, epochs needed: 20
evaluating individudal 12 - 5d8c5bfb9c3b2980. Mean loss in evaluation epoch: 0.3163328468799591, epochs needed: 20
evaluating individudal 13 - ed544e97656ea48e. Mean loss in evaluation epoch: 0.31718191504478455, epochs needed: 20
evaluating individudal 14 - 9c164dc5eb77b4d5. Mean loss in evaluation epoch: 0.320017546415329, epochs needed: 20
evaluating individudal 15 - 640a98c6ec2b9890. Mean loss in evaluation epoch: 0.3199920058250427, epochs needed: 20
evaluating individudal 16 - 9ec8782aa2db9815. Mean loss in evaluation epoch: 0.31674474477767944, epochs needed: 20
evaluating individudal 17 - b16d122cb015a703. Mean loss in evaluation epoch: 0.31627577543258667, epochs needed: 20
evaluating individudal 18 - 118fc68725c379b4. Mean loss in evaluation epoch: 0.31619784235954285, epochs needed: 20
evaluating individudal 19 - 9a1b1f8c2511be08. Mean loss in evaluation epoch: 0.3175697922706604, epochs needed: 20
evaluating individudal 20 - b75289a45a7418a3. Mean loss in evaluation epoch: 0.31742602586746216, epochs needed: 20
evaluating individudal 21 - bcf728cc5223bd2c. Mean loss in evaluation epoch: 0.31597667932510376, epochs needed: 20
evaluating individudal 22 - 2734e7203ffb15ab. Mean loss in evaluation epoch: 0.3188411295413971, epochs needed: 20
evaluating individudal 23 - d348e4d56e12db4b. Mean loss in evaluation epoch: 0.31713706254959106, epochs needed: 20
evaluating individudal 24 - b4f8409b5bb34ce9. Mean loss in evaluation epoch: 0.3219411373138428, epochs needed: 20
evaluating individudal 25 - cc28afd99658db12. Mean loss in evaluation epoch: 0.3169999122619629, epochs needed: 20
evaluating individudal 26 - 76665140c8fa9b13. Mean loss in evaluation epoch: 0.3166868984699249, epochs needed: 20
evaluating individudal 27 - 958ed172f4a47faf. Mean loss in evaluation epoch: 0.316739946603775, epochs needed: 20
evaluating individudal 28 - fbb34b665320736d. Mean loss in evaluation epoch: 0.31701770424842834, epochs needed: 20
evaluating individudal 29 - 57968322d23422ea. Mean loss in evaluation epoch: 0.31647753715515137, epochs needed: 20
evaluating individudal 30 - 0cdb584ecd42675c. Mean loss in evaluation epoch: 0.31753474473953247, epochs needed: 20
evaluating individudal 31 - 6e1ea8ae0da5f737. Mean loss in evaluation epoch: 0.3170492947101593, epochs needed: 20
evaluating individudal 32 - 85c8b63aeeb9d784. Mean loss in evaluation epoch: 0.32073622941970825, epochs needed: 20
evaluating individudal 33 - a31f341d4aedc546. Mean loss in evaluation epoch: 0.3178342282772064, epochs needed: 20
evaluating individudal 34 - 2afc1fa5620345db. Mean loss in evaluation epoch: 0.31575241684913635, epochs needed: 20
evaluating individudal 35 - 51a1cb880355b98f. Mean loss in evaluation epoch: 0.31754937767982483, epochs needed: 20
evaluating individudal 36 - 03c7fb84d21d055b. Mean loss in evaluation epoch: 0.31601688265800476, epochs needed: 20
evaluating individudal 37 - 059d6523ca9bebd5. Mean loss in evaluation epoch: 0.31804758310317993, epochs needed: 20
evaluating individudal 38 - 9e28b6d248c16391. Mean loss in evaluation epoch: 0.31720057129859924, epochs needed: 20
evaluating individudal 39 - 41973aa94942f422. Mean loss in evaluation epoch: 0.31648993492126465, epochs needed: 20
evaluating individudal 0 - 42100f6c71228181. Mean loss in evaluation epoch: 0.31639808416366577, epochs needed: 20
evaluating individudal 1 - 99611ea2a2d84545. Mean loss in evaluation epoch: 0.31615903973579407, epochs needed: 20
evaluating individudal 2 - b4303e9ee5a600b7. Mean loss in evaluation epoch: 0.31625795364379883, epochs needed: 20
evaluating individudal 3 - a6cef78e2b86a3d4. Mean loss in evaluation epoch: 0.3160701394081116, epochs needed: 20
evaluating individudal 4 - 7b7d99e22a7aff1d. Mean loss in evaluation epoch: 0.3175114691257477, epochs needed: 20
evaluating individudal 5 - 617bc401da35823b. Mean loss in evaluation epoch: 0.3163340389728546, epochs needed: 20
evaluating individudal 6 - 64952025ad0548f0. Mean loss in evaluation epoch: 0.3167436420917511, epochs needed: 20
evaluating individudal 7 - 31aca5bc25a499f7. Mean loss in evaluation epoch: 0.31753009557724, epochs needed: 20
evaluating individudal 8 - 0a4b86c94ff4b88d. Mean loss in evaluation epoch: 0.31703701615333557, epochs needed: 20
evaluating individudal 9 - 4ab64da1c0e5b3ae. Mean loss in evaluation epoch: 0.3169216513633728, epochs needed: 20
Round 5 done. -----------------------------------------
------------------------- TRACKING ---------------------------
Matrix Hash: 00db718329c3efd5, num_times_seen_before: 0
ACC: 0.6263157894736842
TPR/FPR: 0.9722222222222222, 0.45454545454545453
Loss: 0.3155692517757416
Timestamp: 2572.422411310996
---------------------------------------------------------------
evaluating individudal 0 - f10d818ecc0ad862. Mean loss in evaluation epoch: 0.31671959161758423, epochs needed: 20
evaluating individudal 1 - 5a84be638f14158b. Mean loss in evaluation epoch: 0.3159874975681305, epochs needed: 20
evaluating individudal 2 - 7108a85d57b8e84c. Mean loss in evaluation epoch: 0.3168906271457672, epochs needed: 20
evaluating individudal 3 - 176792a39c2c7c24. Mean loss in evaluation epoch: 0.31719934940338135, epochs needed: 20
evaluating individudal 4 - 93d063f185a704fd. Mean loss in evaluation epoch: 0.31731924414634705, epochs needed: 20
evaluating individudal 5 - 381d7e6bb0b6de41. Mean loss in evaluation epoch: 0.3168269395828247, epochs needed: 20
evaluating individudal 6 - c4962658d2df89f5. Mean loss in evaluation epoch: 0.3171294331550598, epochs needed: 20
evaluating individudal 7 - 1857411c8cd8b875. Mean loss in evaluation epoch: 0.31792742013931274, epochs needed: 20
evaluating individudal 8 - 9f853c14d59167de. Mean loss in evaluation epoch: 0.3164309859275818, epochs needed: 20
evaluating individudal 9 - 4c36bf8a95709271. Mean loss in evaluation epoch: 0.31542688608169556, epochs needed: 20
evaluating individudal 10 - 7f9c73ef8e107c59. Mean loss in evaluation epoch: 0.31768637895584106, epochs needed: 20
evaluating individudal 11 - b5ee42bf83e1685f. Mean loss in evaluation epoch: 0.3182777464389801, epochs needed: 20
evaluating individudal 12 - 01eabbb48fa9bf58. Mean loss in evaluation epoch: 0.3181346356868744, epochs needed: 20
evaluating individudal 13 - 4ff2d2210fe140b5. Mean loss in evaluation epoch: 0.31750547885894775, epochs needed: 20
evaluating individudal 14 - b490c4356ea29bac. Mean loss in evaluation epoch: 0.31655022501945496, epochs needed: 20
evaluating individudal 15 - 6ce08ac8c6ac1c32. Mean loss in evaluation epoch: 0.317436546087265, epochs needed: 20
evaluating individudal 16 - 36dd4734f04caefe. Mean loss in evaluation epoch: 0.316108375787735, epochs needed: 20
evaluating individudal 17 - 6d711a3f3dbd14df. Mean loss in evaluation epoch: 0.315916508436203, epochs needed: 20
evaluating individudal 18 - 07743c4765dc637b. Mean loss in evaluation epoch: 0.31645292043685913, epochs needed: 20
evaluating individudal 19 - f75b23a5aa52d6a0. Mean loss in evaluation epoch: 0.3170637786388397, epochs needed: 20
evaluating individudal 20 - 2af7b81569ebd2ac. Mean loss in evaluation epoch: 0.315521776676178, epochs needed: 20
evaluating individudal 21 - f53192ead5040a2d. Mean loss in evaluation epoch: 0.317717581987381, epochs needed: 20
evaluating individudal 22 - 060977c038fa1905. Mean loss in evaluation epoch: 0.31809139251708984, epochs needed: 20
evaluating individudal 23 - 23e13d46de0f2616. Mean loss in evaluation epoch: 0.31623294949531555, epochs needed: 20
evaluating individudal 24 - 84e9bd6fdc9c6836. Mean loss in evaluation epoch: 0.3165532648563385, epochs needed: 20
evaluating individudal 25 - 5d4d20b01ec0c0b9. Mean loss in evaluation epoch: 0.31611523032188416, epochs needed: 20
evaluating individudal 26 - 293141f3b0206168. Mean loss in evaluation epoch: 0.3172508478164673, epochs needed: 20
evaluating individudal 27 - 230ac3b3654d7377. Mean loss in evaluation epoch: 0.31685930490493774, epochs needed: 20
evaluating individudal 28 - 0384a11936d077f3. Mean loss in evaluation epoch: 0.31718745827674866, epochs needed: 20
evaluating individudal 29 - 6b63ff3f4f246e27. Mean loss in evaluation epoch: 0.3168605864048004, epochs needed: 20
evaluating individudal 30 - a00916f00dacd9c2. Mean loss in evaluation epoch: 0.3163195252418518, epochs needed: 20
evaluating individudal 31 - 8e39438326911bae. Mean loss in evaluation epoch: 0.31728217005729675, epochs needed: 20
evaluating individudal 32 - cefae5d059b162f6. Mean loss in evaluation epoch: 0.3164145052433014, epochs needed: 20
evaluating individudal 33 - 46e23ba902689945. Mean loss in evaluation epoch: 0.31642401218414307, epochs needed: 20
evaluating individudal 34 - 8e79bf5bf847e0b3. Mean loss in evaluation epoch: 0.3166666626930237, epochs needed: 20
evaluating individudal 35 - 903c7e926b3b72c7. Mean loss in evaluation epoch: 0.31673452258110046, epochs needed: 20
evaluating individudal 36 - 4309ad212198bdc7. Mean loss in evaluation epoch: 0.3169057071208954, epochs needed: 20
evaluating individudal 37 - 45b5ffaf7ac0e683. Mean loss in evaluation epoch: 0.31835201382637024, epochs needed: 20
evaluating individudal 38 - 686c39d85309c93c. Mean loss in evaluation epoch: 0.3179781138896942, epochs needed: 20
evaluating individudal 39 - 93142ec4a3116cc0. Mean loss in evaluation epoch: 0.3166537284851074, epochs needed: 20
evaluating individudal 0 - 00db718329c3efd5. Mean loss in evaluation epoch: 0.31703388690948486, epochs needed: 20
evaluating individudal 1 - 2afc1fa5620345db. Mean loss in evaluation epoch: 0.3175674080848694, epochs needed: 20
evaluating individudal 2 - bcf728cc5223bd2c. Mean loss in evaluation epoch: 0.31740978360176086, epochs needed: 20
evaluating individudal 3 - 03c7fb84d21d055b. Mean loss in evaluation epoch: 0.31678351759910583, epochs needed: 20
evaluating individudal 4 - a6cef78e2b86a3d4. Mean loss in evaluation epoch: 0.31595027446746826, epochs needed: 20
evaluating individudal 5 - 99611ea2a2d84545. Mean loss in evaluation epoch: 0.31601715087890625, epochs needed: 20
evaluating individudal 6 - 118fc68725c379b4. Mean loss in evaluation epoch: 0.3177025020122528, epochs needed: 20
evaluating individudal 7 - b4303e9ee5a600b7. Mean loss in evaluation epoch: 0.3161776661872864, epochs needed: 20
evaluating individudal 8 - b16d122cb015a703. Mean loss in evaluation epoch: 0.3166399896144867, epochs needed: 20
evaluating individudal 9 - 5d8c5bfb9c3b2980. Mean loss in evaluation epoch: 0.31668347120285034, epochs needed: 20
Round 6 done. -----------------------------------------
------------------------- TRACKING ---------------------------
Matrix Hash: 4c36bf8a95709271, num_times_seen_before: 0
ACC: 0.6789473684210526
TPR/FPR: 0.9166666666666666, 0.37662337662337664
Loss: 0.31542688608169556
Timestamp: 3086.448138918
---------------------------------------------------------------
evaluating individudal 0 - d2151471e4767b5a. Mean loss in evaluation epoch: 0.3162664473056793, epochs needed: 20
evaluating individudal 1 - 6a6295fb2c365d08. Mean loss in evaluation epoch: 0.3175683617591858, epochs needed: 20
evaluating individudal 2 - 555768e1020f7395. Mean loss in evaluation epoch: 0.31664395332336426, epochs needed: 20
evaluating individudal 3 - eaf44b9a82c15e48. Mean loss in evaluation epoch: 0.3173806667327881, epochs needed: 20
evaluating individudal 4 - cf4c5e386f1c41c1. Mean loss in evaluation epoch: 0.3157871961593628, epochs needed: 20
evaluating individudal 5 - d205cd2c577000ee. Mean loss in evaluation epoch: 0.31848645210266113, epochs needed: 20
evaluating individudal 6 - 2853c2afc7e41020. Mean loss in evaluation epoch: 0.3182581961154938, epochs needed: 20
evaluating individudal 7 - 195b4f692b4537e2. Mean loss in evaluation epoch: 0.3142980635166168, epochs needed: 20
evaluating individudal 8 - 377450fee2b0bded. Mean loss in evaluation epoch: 0.31782469153404236, epochs needed: 20
evaluating individudal 9 - 38c18671afbf4103. Mean loss in evaluation epoch: 0.31576767563819885, epochs needed: 20
evaluating individudal 10 - bfb4979fe2edbc7d. Mean loss in evaluation epoch: 0.31633853912353516, epochs needed: 20
evaluating individudal 11 - 74b2f2f647032e3c. Mean loss in evaluation epoch: 0.31755298376083374, epochs needed: 20
evaluating individudal 12 - a0041c0f7667fb95. Mean loss in evaluation epoch: 0.31725966930389404, epochs needed: 20
evaluating individudal 13 - eddee5e2cc59019a. Mean loss in evaluation epoch: 0.31800439953804016, epochs needed: 20
evaluating individudal 14 - d8efc0ee4cd4b845. Mean loss in evaluation epoch: 0.31713953614234924, epochs needed: 20
evaluating individudal 15 - 7ff3f8db122278f2. Mean loss in evaluation epoch: 0.31829941272735596, epochs needed: 20
evaluating individudal 16 - 8eb990e96cbd2197. Mean loss in evaluation epoch: 0.3164564371109009, epochs needed: 20
evaluating individudal 17 - ca1685d8d81b914b. Mean loss in evaluation epoch: 0.3148757815361023, epochs needed: 20
evaluating individudal 18 - 7b565550164fd0a3. Mean loss in evaluation epoch: 0.31733474135398865, epochs needed: 20
evaluating individudal 19 - 9f0fa7731a5375a8. Mean loss in evaluation epoch: 0.3177129924297333, epochs needed: 20
evaluating individudal 20 - 24e29c0c76578ce1. Mean loss in evaluation epoch: 0.3185465633869171, epochs needed: 20
evaluating individudal 21 - 64e81e20e0b682bf. Mean loss in evaluation epoch: 0.31621435284614563, epochs needed: 20
evaluating individudal 22 - 5715d440fc800f02. Mean loss in evaluation epoch: 0.3188125491142273, epochs needed: 20
evaluating individudal 23 - 8ac33a041d920276. Mean loss in evaluation epoch: 0.3170056939125061, epochs needed: 20
evaluating individudal 24 - d0fd6427cdac9236. Mean loss in evaluation epoch: 0.31802067160606384, epochs needed: 20
evaluating individudal 25 - 89c1944602d6a8a6. Mean loss in evaluation epoch: 0.3186473548412323, epochs needed: 20
evaluating individudal 26 - 9c38166dfc0142e0. Mean loss in evaluation epoch: 0.31507256627082825, epochs needed: 20
evaluating individudal 27 - b663069bb5027351. Mean loss in evaluation epoch: 0.3175426721572876, epochs needed: 20
evaluating individudal 28 - 42785599160141e7. Mean loss in evaluation epoch: 0.319020539522171, epochs needed: 20
evaluating individudal 29 - 2581a2584430aa7b. Mean loss in evaluation epoch: 0.31654971837997437, epochs needed: 20
evaluating individudal 30 - 6f329ff4bf5eaa10. Mean loss in evaluation epoch: 0.31499406695365906, epochs needed: 20
evaluating individudal 31 - b3ab02c59b1ea5a1. Mean loss in evaluation epoch: 0.31841760873794556, epochs needed: 20
evaluating individudal 32 - d4de65bfd5f3b20a. Mean loss in evaluation epoch: 0.3153909146785736, epochs needed: 20
evaluating individudal 33 - 06c3301c84d18a96. Mean loss in evaluation epoch: 0.31708264350891113, epochs needed: 20
evaluating individudal 34 - dfe44b92cbf5a306. Mean loss in evaluation epoch: 0.31587544083595276, epochs needed: 20
evaluating individudal 35 - 51232e553681fd44. Mean loss in evaluation epoch: 0.3194386661052704, epochs needed: 20
evaluating individudal 36 - d6c9c2b554e5e5b0. Mean loss in evaluation epoch: 0.31680819392204285, epochs needed: 20
evaluating individudal 37 - 2cf232476ce3be6f. Mean loss in evaluation epoch: 0.3171294033527374, epochs needed: 20
evaluating individudal 38 - 5af7511aa01a7a07. Mean loss in evaluation epoch: 0.3167070746421814, epochs needed: 20
evaluating individudal 39 - 2d8d1431ef8e5388. Mean loss in evaluation epoch: 0.3165627121925354, epochs needed: 20
evaluating individudal 0 - 4c36bf8a95709271. Mean loss in evaluation epoch: 0.31564903259277344, epochs needed: 20
evaluating individudal 1 - 2af7b81569ebd2ac. Mean loss in evaluation epoch: 0.3160085678100586, epochs needed: 20
evaluating individudal 2 - 6d711a3f3dbd14df. Mean loss in evaluation epoch: 0.3165861964225769, epochs needed: 20
evaluating individudal 3 - a6cef78e2b86a3d4. Mean loss in evaluation epoch: 0.31692934036254883, epochs needed: 20
evaluating individudal 4 - 5a84be638f14158b. Mean loss in evaluation epoch: 0.3171512484550476, epochs needed: 20
evaluating individudal 5 - 99611ea2a2d84545. Mean loss in evaluation epoch: 0.31711918115615845, epochs needed: 20
evaluating individudal 6 - 36dd4734f04caefe. Mean loss in evaluation epoch: 0.31698429584503174, epochs needed: 20
evaluating individudal 7 - 5d4d20b01ec0c0b9. Mean loss in evaluation epoch: 0.3174966275691986, epochs needed: 20
evaluating individudal 8 - b4303e9ee5a600b7. Mean loss in evaluation epoch: 0.31608015298843384, epochs needed: 20
evaluating individudal 9 - 23e13d46de0f2616. Mean loss in evaluation epoch: 0.31690913438796997, epochs needed: 20
Round 7 done. -----------------------------------------
------------------------- TRACKING ---------------------------
Matrix Hash: 195b4f692b4537e2, num_times_seen_before: 0
ACC: 0.7263157894736842
TPR/FPR: 0.9444444444444444, 0.3246753246753247
Loss: 0.3142980635166168
Timestamp: 3604.1238833219977
---------------------------------------------------------------
evaluating individudal 0 - a6bd3d222e90764d. Mean loss in evaluation epoch: 0.31796351075172424, epochs needed: 20
evaluating individudal 1 - 0dc5645d4f099186. Mean loss in evaluation epoch: 0.3181551396846771, epochs needed: 20
evaluating individudal 2 - 84ff65bb52af24b6. Mean loss in evaluation epoch: 0.316767156124115, epochs needed: 20
evaluating individudal 3 - 5bf1936905176400. Mean loss in evaluation epoch: 0.3160250782966614, epochs needed: 20
evaluating individudal 4 - 2f8112a6394c7383. Mean loss in evaluation epoch: 0.31869930028915405, epochs needed: 20
evaluating individudal 5 - 3c8362b2c411f5db. Mean loss in evaluation epoch: 0.3147929012775421, epochs needed: 20
evaluating individudal 6 - 0568bad4f5ca0453. Mean loss in evaluation epoch: 0.3168540298938751, epochs needed: 20
evaluating individudal 7 - efc8ba683578596c. Mean loss in evaluation epoch: 0.3187161982059479, epochs needed: 20
evaluating individudal 8 - 1a31fe4966a3cf97. Mean loss in evaluation epoch: 0.3167686462402344, epochs needed: 20
evaluating individudal 9 - b4bfcd356d4eea3b. Mean loss in evaluation epoch: 0.3152990937232971, epochs needed: 20
evaluating individudal 10 - fba13bfd57e48fda. Mean loss in evaluation epoch: 0.3161707818508148, epochs needed: 20
evaluating individudal 11 - f7a0f21a32e93f45. Mean loss in evaluation epoch: 0.31567907333374023, epochs needed: 20
evaluating individudal 12 - 3247daf387d7a9cb. Mean loss in evaluation epoch: 0.3189797103404999, epochs needed: 20
evaluating individudal 13 - a26ac5b4c89ba3b3. Mean loss in evaluation epoch: 0.31722381711006165, epochs needed: 20
evaluating individudal 14 - de98c343b634bc34. Mean loss in evaluation epoch: 0.31683826446533203, epochs needed: 20
evaluating individudal 15 - 647290fedfeff7a2. Mean loss in evaluation epoch: 0.3160845637321472, epochs needed: 20
evaluating individudal 16 - 1825b64623374491. Mean loss in evaluation epoch: 0.31876781582832336, epochs needed: 20
evaluating individudal 17 - 95f8babdfbafe52d. Mean loss in evaluation epoch: 0.31541988253593445, epochs needed: 20
evaluating individudal 18 - 461616425d9da3a8. Mean loss in evaluation epoch: 0.31503984332084656, epochs needed: 20
evaluating individudal 19 - d2a69c9256478b53. Mean loss in evaluation epoch: 0.31741514801979065, epochs needed: 20
evaluating individudal 20 - aa4e9a42158bed7a. Mean loss in evaluation epoch: 0.31640833616256714, epochs needed: 20
evaluating individudal 21 - 0858e5fc4d48787e. Mean loss in evaluation epoch: 0.31879016757011414, epochs needed: 20
evaluating individudal 22 - 9d5374f99b3c5281. Mean loss in evaluation epoch: 0.3172242343425751, epochs needed: 20
evaluating individudal 23 - 958c5dcc46468759. Mean loss in evaluation epoch: 0.31837883591651917, epochs needed: 20
evaluating individudal 24 - bde30978e046911d. Mean loss in evaluation epoch: 0.3174813687801361, epochs needed: 20
evaluating individudal 25 - e7523e29f1eb2998. Mean loss in evaluation epoch: 0.32012832164764404, epochs needed: 20
evaluating individudal 26 - fae63a7e930866e6. Mean loss in evaluation epoch: 0.3155341148376465, epochs needed: 20
evaluating individudal 27 - 4b9a0a5716d85710. Mean loss in evaluation epoch: 0.3177928626537323, epochs needed: 20
evaluating individudal 28 - 9a05ca80d4bfa382. Mean loss in evaluation epoch: 0.31616726517677307, epochs needed: 20
evaluating individudal 29 - d204d587be5ff32d. Mean loss in evaluation epoch: 0.31494078040122986, epochs needed: 20
evaluating individudal 30 - e3b39c9a6702271f. Mean loss in evaluation epoch: 0.3170337677001953, epochs needed: 20
evaluating individudal 31 - fad82e6ec18a2c83. Mean loss in evaluation epoch: 0.3182081878185272, epochs needed: 20
evaluating individudal 32 - 4d7e8ccced0c9ec3. Mean loss in evaluation epoch: 0.3182644248008728, epochs needed: 20
evaluating individudal 33 - 750f8c0ff9858326. Mean loss in evaluation epoch: 0.3164196312427521, epochs needed: 20
evaluating individudal 34 - 5ba07bfa3d5cb3ab. Mean loss in evaluation epoch: 0.3174300789833069, epochs needed: 20
evaluating individudal 35 - 8ea48ee949c81d06. Mean loss in evaluation epoch: 0.31674623489379883, epochs needed: 20
evaluating individudal 36 - 3ee7e2b60964ea2e. Mean loss in evaluation epoch: 0.3164433538913727, epochs needed: 20
evaluating individudal 37 - 5003aa4888091080. Mean loss in evaluation epoch: 0.3187321126461029, epochs needed: 20
evaluating individudal 38 - 440042c650eb0f9d. Mean loss in evaluation epoch: 0.3166772723197937, epochs needed: 20
evaluating individudal 39 - c5f62ab95283613c. Mean loss in evaluation epoch: 0.31769105792045593, epochs needed: 20
evaluating individudal 0 - 195b4f692b4537e2. Mean loss in evaluation epoch: 0.31446027755737305, epochs needed: 20
evaluating individudal 1 - ca1685d8d81b914b. Mean loss in evaluation epoch: 0.31478452682495117, epochs needed: 20
evaluating individudal 2 - 6f329ff4bf5eaa10. Mean loss in evaluation epoch: 0.31573286652565, epochs needed: 20
evaluating individudal 3 - 9c38166dfc0142e0. Mean loss in evaluation epoch: 0.3151865303516388, epochs needed: 20
evaluating individudal 4 - d4de65bfd5f3b20a. Mean loss in evaluation epoch: 0.3156282305717468, epochs needed: 20
evaluating individudal 5 - 4c36bf8a95709271. Mean loss in evaluation epoch: 0.3160741329193115, epochs needed: 20
evaluating individudal 6 - 38c18671afbf4103. Mean loss in evaluation epoch: 0.31529608368873596, epochs needed: 20
evaluating individudal 7 - cf4c5e386f1c41c1. Mean loss in evaluation epoch: 0.31644609570503235, epochs needed: 20
evaluating individudal 8 - dfe44b92cbf5a306. Mean loss in evaluation epoch: 0.3160778880119324, epochs needed: 20
evaluating individudal 9 - 2af7b81569ebd2ac. Mean loss in evaluation epoch: 0.31571680307388306, epochs needed: 20
Round 8 done. -----------------------------------------
------------------------- TRACKING ---------------------------
Matrix Hash: 195b4f692b4537e2, num_times_seen_before: 1
ACC: 0.7263157894736842
TPR/FPR: 0.9444444444444444, 0.3246753246753247
Loss: 0.31446027755737305
Timestamp: 4113.386012089992
---------------------------------------------------------------
evaluating individudal 0 - 1b9ecdbae296d885. Mean loss in evaluation epoch: 0.316055566072464, epochs needed: 20
evaluating individudal 1 - ecb8272cdef435b6. Mean loss in evaluation epoch: 0.3170502781867981, epochs needed: 20
evaluating individudal 2 - 05bbbe46c93cf710. Mean loss in evaluation epoch: 0.3178103268146515, epochs needed: 20
evaluating individudal 3 - dfaa984f481fe77f. Mean loss in evaluation epoch: 0.31767186522483826, epochs needed: 20
evaluating individudal 4 - b3d940b5b342d588. Mean loss in evaluation epoch: 0.31598228216171265, epochs needed: 20
evaluating individudal 5 - 15ae99b6abe19962. Mean loss in evaluation epoch: 0.31542444229125977, epochs needed: 20
evaluating individudal 6 - f84a29882dd59f04. Mean loss in evaluation epoch: 0.314470499753952, epochs needed: 20
evaluating individudal 7 - e18c3a2e473f90e3. Mean loss in evaluation epoch: 0.3184605836868286, epochs needed: 20
evaluating individudal 8 - 97760b4a9ce05ee2. Mean loss in evaluation epoch: 0.31421440839767456, epochs needed: 20
evaluating individudal 9 - 271b0de91b6553ca. Mean loss in evaluation epoch: 0.3178046941757202, epochs needed: 20
evaluating individudal 10 - c4fd08d590d4c645. Mean loss in evaluation epoch: 0.31494832038879395, epochs needed: 20
evaluating individudal 11 - ffbd1abddb9cdc2f. Mean loss in evaluation epoch: 0.3138865828514099, epochs needed: 20
evaluating individudal 12 - b8e5f1109ee95853. Mean loss in evaluation epoch: 0.31535476446151733, epochs needed: 20
evaluating individudal 13 - 56a3c6e1c69283c6. Mean loss in evaluation epoch: 0.3196346163749695, epochs needed: 20
evaluating individudal 14 - a2025cdb6c22e49c. Mean loss in evaluation epoch: 0.3162389397621155, epochs needed: 20
evaluating individudal 15 - c8a1544313d64cf5. Mean loss in evaluation epoch: 0.31817346811294556, epochs needed: 20
evaluating individudal 16 - dcd5722710772d6e. Mean loss in evaluation epoch: 0.3178534209728241, epochs needed: 20
evaluating individudal 17 - 9a369bc3744e6c24. Mean loss in evaluation epoch: 0.31608712673187256, epochs needed: 20
evaluating individudal 18 - eefe8360ca7d0b2a. Mean loss in evaluation epoch: 0.31744807958602905, epochs needed: 20
evaluating individudal 19 - 88740c3955b6ac83. Mean loss in evaluation epoch: 0.31757476925849915, epochs needed: 20
evaluating individudal 20 - c832fc8ca62cd79a. Mean loss in evaluation epoch: 0.3174070417881012, epochs needed: 20
evaluating individudal 21 - 46fdd234a541fe45. Mean loss in evaluation epoch: 0.3179645836353302, epochs needed: 20
evaluating individudal 22 - 373020ac86220fe6. Mean loss in evaluation epoch: 0.31834957003593445, epochs needed: 20
evaluating individudal 23 - 84816b390c244058. Mean loss in evaluation epoch: 0.3182668685913086, epochs needed: 20
evaluating individudal 24 - bed6710f1c47402f. Mean loss in evaluation epoch: 0.31655585765838623, epochs needed: 20
evaluating individudal 25 - 4b0684ae5b1bd615. Mean loss in evaluation epoch: 0.31763166189193726, epochs needed: 20
evaluating individudal 26 - 0c6ac1206620522a. Mean loss in evaluation epoch: 0.31482088565826416, epochs needed: 20
evaluating individudal 27 - e751d229207d0aa1. Mean loss in evaluation epoch: 0.3178127706050873, epochs needed: 20
evaluating individudal 28 - cf9c426b9a493254. Mean loss in evaluation epoch: 0.3184471130371094, epochs needed: 20
evaluating individudal 29 - 246acfbf970ac186. Mean loss in evaluation epoch: 0.3161981701850891, epochs needed: 20
evaluating individudal 30 - d0bd6b05c8f62d8d. Mean loss in evaluation epoch: 0.3192691504955292, epochs needed: 20
evaluating individudal 31 - ad3b740a949c4636. Mean loss in evaluation epoch: 0.31688106060028076, epochs needed: 20
evaluating individudal 32 - 14c35feb065e34d6. Mean loss in evaluation epoch: 0.31775614619255066, epochs needed: 20
evaluating individudal 33 - 87379ac5281a1c74. Mean loss in evaluation epoch: 0.31650876998901367, epochs needed: 20
evaluating individudal 34 - f6ccb7c1add2b802. Mean loss in evaluation epoch: 0.31477293372154236, epochs needed: 20
evaluating individudal 35 - 987531e201dcaa38. Mean loss in evaluation epoch: 0.3185947835445404, epochs needed: 20
evaluating individudal 36 - 30b48e6a492d27c6. Mean loss in evaluation epoch: 0.31414297223091125, epochs needed: 20
evaluating individudal 37 - eb798d629c0c95ed. Mean loss in evaluation epoch: 0.3185681700706482, epochs needed: 20
evaluating individudal 38 - 2c296555cef6c0cb. Mean loss in evaluation epoch: 0.31389060616493225, epochs needed: 20
evaluating individudal 39 - 14918e4063279404. Mean loss in evaluation epoch: 0.3148479163646698, epochs needed: 20
evaluating individudal 0 - 195b4f692b4537e2. Mean loss in evaluation epoch: 0.3147598206996918, epochs needed: 20
evaluating individudal 1 - ca1685d8d81b914b. Mean loss in evaluation epoch: 0.31557971239089966, epochs needed: 20
evaluating individudal 2 - 3c8362b2c411f5db. Mean loss in evaluation epoch: 0.31490087509155273, epochs needed: 20
evaluating individudal 3 - d204d587be5ff32d. Mean loss in evaluation epoch: 0.3150373101234436, epochs needed: 20
evaluating individudal 4 - 461616425d9da3a8. Mean loss in evaluation epoch: 0.3160715699195862, epochs needed: 20
evaluating individudal 5 - 9c38166dfc0142e0. Mean loss in evaluation epoch: 0.31502246856689453, epochs needed: 20
evaluating individudal 6 - 38c18671afbf4103. Mean loss in evaluation epoch: 0.3153512179851532, epochs needed: 20
evaluating individudal 7 - b4bfcd356d4eea3b. Mean loss in evaluation epoch: 0.31503626704216003, epochs needed: 20
evaluating individudal 8 - 95f8babdfbafe52d. Mean loss in evaluation epoch: 0.3157098591327667, epochs needed: 20
evaluating individudal 9 - fae63a7e930866e6. Mean loss in evaluation epoch: 0.31552788615226746, epochs needed: 20
Round 9 done. -----------------------------------------
------------------------- TRACKING ---------------------------
Matrix Hash: ffbd1abddb9cdc2f, num_times_seen_before: 0
ACC: 0.7473684210526316
TPR/FPR: 1.0, 0.3116883116883117
Loss: 0.3138865828514099
Timestamp: 4621.00392617099
---------------------------------------------------------------
evaluating individudal 0 - a22cbe402386d978. Mean loss in evaluation epoch: 0.31788524985313416, epochs needed: 20
evaluating individudal 1 - 8269ccc16a82eab0. Mean loss in evaluation epoch: 0.3138439357280731, epochs needed: 20
evaluating individudal 2 - c2e4dc7480a13648. Mean loss in evaluation epoch: 0.3157360851764679, epochs needed: 20
evaluating individudal 3 - c8e037ca6869cb6b. Mean loss in evaluation epoch: 0.31682056188583374, epochs needed: 20
evaluating individudal 4 - b484687cdc5b3a22. Mean loss in evaluation epoch: 0.31586217880249023, epochs needed: 20
evaluating individudal 5 - 35f1ed5b5625af5c. Mean loss in evaluation epoch: 0.3173019587993622, epochs needed: 20
evaluating individudal 6 - bce0938771164eb1. Mean loss in evaluation epoch: 0.3167960047721863, epochs needed: 20
evaluating individudal 7 - fcd3b9acb24c7be2. Mean loss in evaluation epoch: 0.32135748863220215, epochs needed: 20
evaluating individudal 8 - a69fb1f6bfedc658. Mean loss in evaluation epoch: 0.318106472492218, epochs needed: 20
evaluating individudal 9 - db0567631e85d488. Mean loss in evaluation epoch: 0.3167992830276489, epochs needed: 20
evaluating individudal 10 - 10133fc18d1ca0df. Mean loss in evaluation epoch: 0.3135896623134613, epochs needed: 20
evaluating individudal 11 - a90c9a381dbe6011. Mean loss in evaluation epoch: 0.32156646251678467, epochs needed: 20
evaluating individudal 12 - 00c520afc223f087. Mean loss in evaluation epoch: 0.31773415207862854, epochs needed: 20
evaluating individudal 13 - 14d4a42336691d50. Mean loss in evaluation epoch: 0.31479209661483765, epochs needed: 20
evaluating individudal 14 - c03053075d275894. Mean loss in evaluation epoch: 0.3168557584285736, epochs needed: 20
evaluating individudal 15 - 627f8bb324543356. Mean loss in evaluation epoch: 0.3161378800868988, epochs needed: 20
evaluating individudal 16 - 58d32e39ba9b36b7. Mean loss in evaluation epoch: 0.3180685043334961, epochs needed: 20
evaluating individudal 17 - 764acc54c958ad66. Mean loss in evaluation epoch: 0.32167738676071167, epochs needed: 20
evaluating individudal 18 - 0b797f18d6e90c4b. Mean loss in evaluation epoch: 0.3139786422252655, epochs needed: 20
evaluating individudal 19 - 1d45494224f0e6cc. Mean loss in evaluation epoch: 0.31855589151382446, epochs needed: 20
evaluating individudal 20 - d92b615d398160c0. Mean loss in evaluation epoch: 0.3177265226840973, epochs needed: 20
evaluating individudal 21 - daa40b4e31123820. Mean loss in evaluation epoch: 0.31739383935928345, epochs needed: 20
evaluating individudal 22 - 3bc2f1bf8eb2b2f0. Mean loss in evaluation epoch: 0.3189106583595276, epochs needed: 20
evaluating individudal 23 - 8786a8657b45f668. Mean loss in evaluation epoch: 0.3220192790031433, epochs needed: 20
evaluating individudal 24 - 86f51a0efc519f94. Mean loss in evaluation epoch: 0.319001168012619, epochs needed: 20
evaluating individudal 25 - 19a354377901cb9b. Mean loss in evaluation epoch: 0.3169809579849243, epochs needed: 20
evaluating individudal 26 - 1de74d6942d72aa9. Mean loss in evaluation epoch: 0.3174605965614319, epochs needed: 20
evaluating individudal 27 - e8cc05197e607ea8. Mean loss in evaluation epoch: 0.31516313552856445, epochs needed: 20
evaluating individudal 28 - ac91677b7bcff976. Mean loss in evaluation epoch: 0.31734657287597656, epochs needed: 20
evaluating individudal 29 - 11ce35e0691b7504. Mean loss in evaluation epoch: 0.31663572788238525, epochs needed: 20
evaluating individudal 30 - 23593eb4b100990a. Mean loss in evaluation epoch: 0.31641948223114014, epochs needed: 20
evaluating individudal 31 - 0e2a2cea9c7d2c1f. Mean loss in evaluation epoch: 0.31563207507133484, epochs needed: 20
evaluating individudal 32 - 5067f9713837b415. Mean loss in evaluation epoch: 0.3173641562461853, epochs needed: 20
evaluating individudal 33 - 88b1e04883e2cc32. Mean loss in evaluation epoch: 0.3158016502857208, epochs needed: 20
evaluating individudal 34 - af0a8cacb5b35708. Mean loss in evaluation epoch: 0.3185724914073944, epochs needed: 20
evaluating individudal 35 - 2d16c970c6e61a54. Mean loss in evaluation epoch: 0.31908997893333435, epochs needed: 20
evaluating individudal 36 - 039e3d7a2beb3f28. Mean loss in evaluation epoch: 0.31606215238571167, epochs needed: 20
evaluating individudal 37 - df3c439c6dd39d02. Mean loss in evaluation epoch: 0.31680577993392944, epochs needed: 20
evaluating individudal 38 - 2c3dd23998ca78d3. Mean loss in evaluation epoch: 0.3156811594963074, epochs needed: 20
evaluating individudal 39 - 571ea6d6cf326aca. Mean loss in evaluation epoch: 0.3165246248245239, epochs needed: 20
evaluating individudal 0 - ffbd1abddb9cdc2f. Mean loss in evaluation epoch: 0.313934862613678, epochs needed: 20
evaluating individudal 1 - 2c296555cef6c0cb. Mean loss in evaluation epoch: 0.31385400891304016, epochs needed: 20
evaluating individudal 2 - 30b48e6a492d27c6. Mean loss in evaluation epoch: 0.31404125690460205, epochs needed: 20
evaluating individudal 3 - 97760b4a9ce05ee2. Mean loss in evaluation epoch: 0.31404924392700195, epochs needed: 20
evaluating individudal 4 - f84a29882dd59f04. Mean loss in evaluation epoch: 0.3150775134563446, epochs needed: 20
evaluating individudal 5 - 195b4f692b4537e2. Mean loss in evaluation epoch: 0.31466230750083923, epochs needed: 20
evaluating individudal 6 - f6ccb7c1add2b802. Mean loss in evaluation epoch: 0.31454432010650635, epochs needed: 20
evaluating individudal 7 - 0c6ac1206620522a. Mean loss in evaluation epoch: 0.31489741802215576, epochs needed: 20
evaluating individudal 8 - 14918e4063279404. Mean loss in evaluation epoch: 0.3147469758987427, epochs needed: 20
evaluating individudal 9 - 3c8362b2c411f5db. Mean loss in evaluation epoch: 0.31469738483428955, epochs needed: 20
Round 10 done. -----------------------------------------
------------------------- TRACKING ---------------------------
Matrix Hash: 10133fc18d1ca0df, num_times_seen_before: 0
ACC: 0.8210526315789474
TPR/FPR: 0.9722222222222222, 0.21428571428571427
Loss: 0.3135896623134613
Timestamp: 5126.791399271999
---------------------------------------------------------------
evaluating individudal 0 - 2f2d3c9f038f944a. Mean loss in evaluation epoch: 0.31495627760887146, epochs needed: 20
evaluating individudal 1 - 7aa0acf3fe6ae07e. Mean loss in evaluation epoch: 0.31432971358299255, epochs needed: 20
evaluating individudal 2 - cb57a808ebde8ecf. Mean loss in evaluation epoch: 0.314730167388916, epochs needed: 20
evaluating individudal 3 - c32177bfd716a9e8. Mean loss in evaluation epoch: 0.31558454036712646, epochs needed: 20
evaluating individudal 4 - 76dac87710db41de. Mean loss in evaluation epoch: 0.3157625198364258, epochs needed: 20
evaluating individudal 5 - 6953f06a64253fc4. Mean loss in evaluation epoch: 0.3157862722873688, epochs needed: 20
evaluating individudal 6 - 58836b91ca9df7fd. Mean loss in evaluation epoch: 0.3163604140281677, epochs needed: 20
evaluating individudal 7 - 7da0718bbfaf94d3. Mean loss in evaluation epoch: 0.3153255879878998, epochs needed: 20
evaluating individudal 8 - a6ba8d2b6fdcbf96. Mean loss in evaluation epoch: 0.31622204184532166, epochs needed: 20
evaluating individudal 9 - e3b28ee0fa684f5f. Mean loss in evaluation epoch: 0.31516966223716736, epochs needed: 20
evaluating individudal 10 - c8f77fa7abba4ae3. Mean loss in evaluation epoch: 0.3209569454193115, epochs needed: 20
evaluating individudal 11 - 25eb83b24bac92a7. Mean loss in evaluation epoch: 0.31838729977607727, epochs needed: 20
evaluating individudal 12 - f7b0da5df5be246f. Mean loss in evaluation epoch: 0.31607455015182495, epochs needed: 20
evaluating individudal 13 - d4b31bc7fb142ba2. Mean loss in evaluation epoch: 0.31638655066490173, epochs needed: 20
evaluating individudal 14 - 1f07b403df62abbf. Mean loss in evaluation epoch: 0.3156728148460388, epochs needed: 20
evaluating individudal 15 - f8e7dbb8cdad9185. Mean loss in evaluation epoch: 0.316398948431015, epochs needed: 20
evaluating individudal 16 - 7b072663532d41e0. Mean loss in evaluation epoch: 0.3201637864112854, epochs needed: 20
evaluating individudal 17 - e35830e29a02fc48. Mean loss in evaluation epoch: 0.31549566984176636, epochs needed: 20
evaluating individudal 18 - a6b32cce0859fde0. Mean loss in evaluation epoch: 0.3210310935974121, epochs needed: 20
evaluating individudal 19 - 13b104931de4029d. Mean loss in evaluation epoch: 0.31614989042282104, epochs needed: 20
evaluating individudal 20 - e7f5fc253512ee80. Mean loss in evaluation epoch: 0.3173714876174927, epochs needed: 20
evaluating individudal 21 - f91a2cbf2de37c98. Mean loss in evaluation epoch: 0.31570255756378174, epochs needed: 20
evaluating individudal 22 - ac2d1c20cb64745e. Mean loss in evaluation epoch: 0.3187086880207062, epochs needed: 20
evaluating individudal 23 - 81f24907bdd24920. Mean loss in evaluation epoch: 0.31834593415260315, epochs needed: 20
evaluating individudal 24 - 0cecde5d5a6c3d33. Mean loss in evaluation epoch: 0.31680265069007874, epochs needed: 20
evaluating individudal 25 - 97a92d356770cde9. Mean loss in evaluation epoch: 0.3158505856990814, epochs needed: 20
evaluating individudal 26 - 10c87b1fe723ea7b. Mean loss in evaluation epoch: 0.32021576166152954, epochs needed: 20
evaluating individudal 27 - 16c3d2e6e04cf5e1. Mean loss in evaluation epoch: 0.3158145844936371, epochs needed: 20
evaluating individudal 28 - b7b106b12bfc1427. Mean loss in evaluation epoch: 0.3161563277244568, epochs needed: 20
evaluating individudal 29 - 475a916faec835a1. Mean loss in evaluation epoch: 0.31512004137039185, epochs needed: 20
evaluating individudal 30 - 7b24a5026d7cdee6. Mean loss in evaluation epoch: 0.3148445188999176, epochs needed: 20
evaluating individudal 31 - 84f2a769ec16b33a. Mean loss in evaluation epoch: 0.3157504200935364, epochs needed: 20
evaluating individudal 32 - 2466abe17b86cc3b. Mean loss in evaluation epoch: 0.31682640314102173, epochs needed: 20
evaluating individudal 33 - 50ed856909d9063c. Mean loss in evaluation epoch: 0.31735947728157043, epochs needed: 20
evaluating individudal 34 - 25abcf6e54e20925. Mean loss in evaluation epoch: 0.31681326031684875, epochs needed: 20
evaluating individudal 35 - 9ce9157e84f4363e. Mean loss in evaluation epoch: 0.31618833541870117, epochs needed: 20
evaluating individudal 36 - 55ba5e8c497afe70. Mean loss in evaluation epoch: 0.31500446796417236, epochs needed: 20
evaluating individudal 37 - 451a02983bc41f9f. Mean loss in evaluation epoch: 0.3136053681373596, epochs needed: 20
evaluating individudal 38 - 0c76ba36d489da99. Mean loss in evaluation epoch: 0.3198651373386383, epochs needed: 20
evaluating individudal 39 - 2752569e9647e08f. Mean loss in evaluation epoch: 0.3150778114795685, epochs needed: 20
evaluating individudal 0 - 10133fc18d1ca0df. Mean loss in evaluation epoch: 0.31321218609809875, epochs needed: 20
evaluating individudal 1 - 8269ccc16a82eab0. Mean loss in evaluation epoch: 0.3145752251148224, epochs needed: 20
evaluating individudal 2 - 2c296555cef6c0cb. Mean loss in evaluation epoch: 0.31421414017677307, epochs needed: 20
evaluating individudal 3 - ffbd1abddb9cdc2f. Mean loss in evaluation epoch: 0.31408849358558655, epochs needed: 20
evaluating individudal 4 - 0b797f18d6e90c4b. Mean loss in evaluation epoch: 0.31427499651908875, epochs needed: 20
evaluating individudal 5 - 30b48e6a492d27c6. Mean loss in evaluation epoch: 0.3142436444759369, epochs needed: 20
evaluating individudal 6 - 97760b4a9ce05ee2. Mean loss in evaluation epoch: 0.3144771456718445, epochs needed: 20
evaluating individudal 7 - f6ccb7c1add2b802. Mean loss in evaluation epoch: 0.31448420882225037, epochs needed: 20
evaluating individudal 8 - 195b4f692b4537e2. Mean loss in evaluation epoch: 0.31435155868530273, epochs needed: 20
evaluating individudal 9 - 3c8362b2c411f5db. Mean loss in evaluation epoch: 0.3144420087337494, epochs needed: 20
Round 11 done. -----------------------------------------
------------------------- TRACKING ---------------------------
Matrix Hash: 10133fc18d1ca0df, num_times_seen_before: 1
ACC: 0.8210526315789474
TPR/FPR: 0.9722222222222222, 0.21428571428571427
Loss: 0.31321218609809875
Timestamp: 5633.68477965999
---------------------------------------------------------------
evaluating individudal 0 - 551a418d210508b2. Mean loss in evaluation epoch: 0.3149675726890564, epochs needed: 20
evaluating individudal 1 - 4e3be7a780cb84e8. Mean loss in evaluation epoch: 0.3165504038333893, epochs needed: 20
evaluating individudal 2 - a6624c65205449ed. Mean loss in evaluation epoch: 0.3162767291069031, epochs needed: 20
evaluating individudal 3 - 025f4bbf428e9d3f. Mean loss in evaluation epoch: 0.3176099359989166, epochs needed: 20
evaluating individudal 4 - b62bccd52e929e2c. Mean loss in evaluation epoch: 0.3179648816585541, epochs needed: 20
evaluating individudal 5 - e13b8f6f7fd3d80e. Mean loss in evaluation epoch: 0.31765374541282654, epochs needed: 20
evaluating individudal 6 - d857785d51ce6684. Mean loss in evaluation epoch: 0.3153173625469208, epochs needed: 20
evaluating individudal 7 - f07d33e4e77ce373. Mean loss in evaluation epoch: 0.31784167885780334, epochs needed: 20
evaluating individudal 8 - aca7571192658ea8. Mean loss in evaluation epoch: 0.31431034207344055, epochs needed: 20
evaluating individudal 9 - 6af5e9389aabae12. Mean loss in evaluation epoch: 0.31629595160484314, epochs needed: 20
evaluating individudal 10 - 90599607018e62c1. Mean loss in evaluation epoch: 0.3143347501754761, epochs needed: 20
evaluating individudal 11 - 8fbd277fb191ede1. Mean loss in evaluation epoch: 0.3164898157119751, epochs needed: 20
evaluating individudal 12 - 85d110decc46a333. Mean loss in evaluation epoch: 0.3161088228225708, epochs needed: 20
evaluating individudal 13 - b31636abe0ca3e5d. Mean loss in evaluation epoch: 0.31494227051734924, epochs needed: 20
evaluating individudal 14 - 4e8183cc45d825d3. Mean loss in evaluation epoch: 0.3158511519432068, epochs needed: 20
evaluating individudal 15 - b257d5b420e3e761. Mean loss in evaluation epoch: 0.31683120131492615, epochs needed: 20
evaluating individudal 16 - a026f4b8c7ed1511. Mean loss in evaluation epoch: 0.3202689290046692, epochs needed: 20
evaluating individudal 17 - 7426ae3a88f6490a. Mean loss in evaluation epoch: 0.3162727952003479, epochs needed: 20
evaluating individudal 18 - 626d493ac2d41745. Mean loss in evaluation epoch: 0.31903380155563354, epochs needed: 20
evaluating individudal 19 - 6de2d40bd059974a. Mean loss in evaluation epoch: 0.3159111440181732, epochs needed: 20
evaluating individudal 20 - 98bae57bb9e930bf. Mean loss in evaluation epoch: 0.316607266664505, epochs needed: 20
evaluating individudal 21 - 36bbaae3dd9aa5c5. Mean loss in evaluation epoch: 0.315938800573349, epochs needed: 20
evaluating individudal 22 - 4ca059d305582c62. Mean loss in evaluation epoch: 0.3167009949684143, epochs needed: 20
evaluating individudal 23 - 99b040bc6ed764ac. Mean loss in evaluation epoch: 0.3173012435436249, epochs needed: 20
evaluating individudal 24 - b94edcfe690dc32f. Mean loss in evaluation epoch: 0.31748971343040466, epochs needed: 20
evaluating individudal 25 - c3ab58e132402240. Mean loss in evaluation epoch: 0.31855008006095886, epochs needed: 20
evaluating individudal 26 - 3eb1c9e16a42c18a. Mean loss in evaluation epoch: 0.31584587693214417, epochs needed: 20
evaluating individudal 27 - a32e6bb3e12eca28. Mean loss in evaluation epoch: 0.3214903473854065, epochs needed: 20
evaluating individudal 28 - eeca1995da96867c. Mean loss in evaluation epoch: 0.31760141253471375, epochs needed: 20
evaluating individudal 29 - 5addab88dba769b2. Mean loss in evaluation epoch: 0.3186245262622833, epochs needed: 20
evaluating individudal 30 - ea4dea6c60596a12. Mean loss in evaluation epoch: 0.3165650963783264, epochs needed: 20
evaluating individudal 31 - ec12a8cff2a9b041. Mean loss in evaluation epoch: 0.3158400356769562, epochs needed: 20
evaluating individudal 32 - e5734b6d1fa7a5ff. Mean loss in evaluation epoch: 0.32128843665122986, epochs needed: 20
evaluating individudal 33 - e6423a407bfe5911. Mean loss in evaluation epoch: 0.31766143441200256, epochs needed: 20
evaluating individudal 34 - 53e1dc3bdcd5b98b. Mean loss in evaluation epoch: 0.31470102071762085, epochs needed: 20
evaluating individudal 35 - 479af01ab57a3f0f. Mean loss in evaluation epoch: 0.31726694107055664, epochs needed: 20
evaluating individudal 36 - 67d008940cc29957. Mean loss in evaluation epoch: 0.32111483812332153, epochs needed: 20
evaluating individudal 37 - 436e858765c357b1. Mean loss in evaluation epoch: 0.3192965090274811, epochs needed: 20
evaluating individudal 38 - 97d7786471518e1c. Mean loss in evaluation epoch: 0.31824398040771484, epochs needed: 20
evaluating individudal 39 - 296b4fe725c9e962. Mean loss in evaluation epoch: 0.31481170654296875, epochs needed: 20
evaluating individudal 0 - 10133fc18d1ca0df. Mean loss in evaluation epoch: 0.31320720911026, epochs needed: 20
evaluating individudal 1 - 451a02983bc41f9f. Mean loss in evaluation epoch: 0.31396299600601196, epochs needed: 20
evaluating individudal 2 - ffbd1abddb9cdc2f. Mean loss in evaluation epoch: 0.3143842816352844, epochs needed: 20
evaluating individudal 3 - 2c296555cef6c0cb. Mean loss in evaluation epoch: 0.31457728147506714, epochs needed: 20
evaluating individudal 4 - 30b48e6a492d27c6. Mean loss in evaluation epoch: 0.313961386680603, epochs needed: 20
evaluating individudal 5 - 0b797f18d6e90c4b. Mean loss in evaluation epoch: 0.31431710720062256, epochs needed: 20
evaluating individudal 6 - 7aa0acf3fe6ae07e. Mean loss in evaluation epoch: 0.31433194875717163, epochs needed: 20
evaluating individudal 7 - 195b4f692b4537e2. Mean loss in evaluation epoch: 0.31539881229400635, epochs needed: 20
evaluating individudal 8 - 3c8362b2c411f5db. Mean loss in evaluation epoch: 0.3146152198314667, epochs needed: 20
evaluating individudal 9 - 97760b4a9ce05ee2. Mean loss in evaluation epoch: 0.31471338868141174, epochs needed: 20
Round 12 done. -----------------------------------------
------------------------- TRACKING ---------------------------
Matrix Hash: 10133fc18d1ca0df, num_times_seen_before: 2
ACC: 0.8210526315789474
TPR/FPR: 0.9722222222222222, 0.21428571428571427
Loss: 0.31320720911026
Timestamp: 6144.600706222991
---------------------------------------------------------------
evaluating individudal 0 - db19744d1117ae2e. Mean loss in evaluation epoch: 0.3175552189350128, epochs needed: 20
evaluating individudal 1 - 88d20f1fe09cd078. Mean loss in evaluation epoch: 0.31571465730667114, epochs needed: 20
evaluating individudal 2 - 5c107e09a6888b4c. Mean loss in evaluation epoch: 0.31921064853668213, epochs needed: 20
evaluating individudal 3 - 94e655dc721a6c65. Mean loss in evaluation epoch: 0.3173375129699707, epochs needed: 20
evaluating individudal 4 - 8386cf7cff3e8453. Mean loss in evaluation epoch: 0.31478309631347656, epochs needed: 20
evaluating individudal 5 - e7d30def545f89cd. Mean loss in evaluation epoch: 0.31953802704811096, epochs needed: 20
evaluating individudal 6 - 5a8c18c992d88356. Mean loss in evaluation epoch: 0.3168749213218689, epochs needed: 20
evaluating individudal 7 - 26f6b8ca47d196c8. Mean loss in evaluation epoch: 0.31521931290626526, epochs needed: 20
evaluating individudal 8 - f7fa8305e68d3684. Mean loss in evaluation epoch: 0.316390722990036, epochs needed: 20
evaluating individudal 9 - 3b21beef3c9e8cb0. Mean loss in evaluation epoch: 0.32018592953681946, epochs needed: 20
evaluating individudal 10 - 977954ea9f5dce0d. Mean loss in evaluation epoch: 0.317373126745224, epochs needed: 20
evaluating individudal 11 - a0f6cb1a68f352de. Mean loss in evaluation epoch: 0.3173792064189911, epochs needed: 20
evaluating individudal 12 - fbb3b5885227268d. Mean loss in evaluation epoch: 0.3159986436367035, epochs needed: 20
evaluating individudal 13 - 2daf6c266322d70e. Mean loss in evaluation epoch: 0.3154292106628418, epochs needed: 20
evaluating individudal 14 - cccd9605147dfc4d. Mean loss in evaluation epoch: 0.31420984864234924, epochs needed: 20
evaluating individudal 15 - 6556c9b9db50c37c. Mean loss in evaluation epoch: 0.31523364782333374, epochs needed: 20
evaluating individudal 16 - e72b4f9e9d89bb4c. Mean loss in evaluation epoch: 0.31921806931495667, epochs needed: 20
evaluating individudal 17 - f343937438d5d307. Mean loss in evaluation epoch: 0.31712281703948975, epochs needed: 20
evaluating individudal 18 - 2aae7dd9b1590c81. Mean loss in evaluation epoch: 0.3195221722126007, epochs needed: 20
evaluating individudal 19 - ad0662d05bc6ff82. Mean loss in evaluation epoch: 0.3188817799091339, epochs needed: 20
evaluating individudal 20 - aa26060882687096. Mean loss in evaluation epoch: 0.31778278946876526, epochs needed: 20
evaluating individudal 21 - 12a372957b4018d4. Mean loss in evaluation epoch: 0.3195200264453888, epochs needed: 20
evaluating individudal 22 - 864c5677ed5e08be. Mean loss in evaluation epoch: 0.320738285779953, epochs needed: 20
evaluating individudal 23 - 5b4461c2744f63cc. Mean loss in evaluation epoch: 0.3157497048377991, epochs needed: 20
evaluating individudal 24 - 9cd989286b48bcbc. Mean loss in evaluation epoch: 0.3178509473800659, epochs needed: 20
evaluating individudal 25 - d8276b6f5e6623e5. Mean loss in evaluation epoch: 0.31482866406440735, epochs needed: 20
evaluating individudal 26 - 14c5deb02f2d3dce. Mean loss in evaluation epoch: 0.3185892105102539, epochs needed: 20
evaluating individudal 27 - bcec0b59174a0fb1. Mean loss in evaluation epoch: 0.3151811361312866, epochs needed: 20
evaluating individudal 28 - 3c7be7326e3a44e6. Mean loss in evaluation epoch: 0.3182350993156433, epochs needed: 20
evaluating individudal 29 - c5330451529a54c4. Mean loss in evaluation epoch: 0.3152829706668854, epochs needed: 20
evaluating individudal 30 - f1c0799ab12d7159. Mean loss in evaluation epoch: 0.3178711533546448, epochs needed: 20
evaluating individudal 31 - 1df09e9223b75e52. Mean loss in evaluation epoch: 0.3161391019821167, epochs needed: 20
evaluating individudal 32 - 1c4148dbc4879927. Mean loss in evaluation epoch: 0.3180031478404999, epochs needed: 20
evaluating individudal 33 - 939f10c4c37de8c9. Mean loss in evaluation epoch: 0.3166353106498718, epochs needed: 20
evaluating individudal 34 - e0ab801488cf0bbb. Mean loss in evaluation epoch: 0.3172048032283783, epochs needed: 20
evaluating individudal 35 - b0a91eb34ade2c72. Mean loss in evaluation epoch: 0.3184354305267334, epochs needed: 20
evaluating individudal 36 - 07c8f46d92d6d682. Mean loss in evaluation epoch: 0.3169120252132416, epochs needed: 20
evaluating individudal 37 - 89d10669ccfe7fc1. Mean loss in evaluation epoch: 0.3191432058811188, epochs needed: 20
evaluating individudal 38 - c645a3e5b037e081. Mean loss in evaluation epoch: 0.31680887937545776, epochs needed: 20
evaluating individudal 39 - 3724ac8a8a56263c. Mean loss in evaluation epoch: 0.31871849298477173, epochs needed: 20
evaluating individudal 0 - 10133fc18d1ca0df. Mean loss in evaluation epoch: 0.31399035453796387, epochs needed: 20
evaluating individudal 1 - 30b48e6a492d27c6. Mean loss in evaluation epoch: 0.31475168466567993, epochs needed: 20
evaluating individudal 2 - 451a02983bc41f9f. Mean loss in evaluation epoch: 0.3150554895401001, epochs needed: 20
evaluating individudal 3 - aca7571192658ea8. Mean loss in evaluation epoch: 0.3146052956581116, epochs needed: 20
evaluating individudal 4 - 0b797f18d6e90c4b. Mean loss in evaluation epoch: 0.31367960572242737, epochs needed: 20
evaluating individudal 5 - 7aa0acf3fe6ae07e. Mean loss in evaluation epoch: 0.3145013749599457, epochs needed: 20
evaluating individudal 6 - 90599607018e62c1. Mean loss in evaluation epoch: 0.31429189443588257, epochs needed: 20
evaluating individudal 7 - ffbd1abddb9cdc2f. Mean loss in evaluation epoch: 0.31405869126319885, epochs needed: 20
evaluating individudal 8 - 2c296555cef6c0cb. Mean loss in evaluation epoch: 0.31423458456993103, epochs needed: 20
evaluating individudal 9 - 3c8362b2c411f5db. Mean loss in evaluation epoch: 0.31495463848114014, epochs needed: 20
Round 13 done. -----------------------------------------
------------------------- TRACKING ---------------------------
Matrix Hash: 0b797f18d6e90c4b, num_times_seen_before: 0
ACC: 0.8210526315789474
TPR/FPR: 0.9722222222222222, 0.21428571428571427
Loss: 0.31367960572242737
Timestamp: 6658.054008801992
---------------------------------------------------------------
evaluating individudal 0 - 6fcf47aefe2de277. Mean loss in evaluation epoch: 0.32001793384552, epochs needed: 20
evaluating individudal 1 - c42656c6c151b50b. Mean loss in evaluation epoch: 0.31624025106430054, epochs needed: 20
evaluating individudal 2 - f825a28db4abc444. Mean loss in evaluation epoch: 0.31528720259666443, epochs needed: 20
evaluating individudal 3 - b1fa40c317f1f78c. Mean loss in evaluation epoch: 0.31600260734558105, epochs needed: 20
evaluating individudal 4 - 5f8c5936ede2192e. Mean loss in evaluation epoch: 0.31702741980552673, epochs needed: 20
evaluating individudal 5 - e5b5c9d0a96ac39a. Mean loss in evaluation epoch: 0.317515105009079, epochs needed: 20
evaluating individudal 6 - 22786708504dd44f. Mean loss in evaluation epoch: 0.31761831045150757, epochs needed: 20
evaluating individudal 7 - 7e460dede6c1a798. Mean loss in evaluation epoch: 0.31521815061569214, epochs needed: 20
evaluating individudal 8 - 25ce4c729351424a. Mean loss in evaluation epoch: 0.3164406716823578, epochs needed: 20
evaluating individudal 9 - 0cc5ad846b048472. Mean loss in evaluation epoch: 0.3153221309185028, epochs needed: 20
evaluating individudal 10 - 80993cad9aa60529. Mean loss in evaluation epoch: 0.32064348459243774, epochs needed: 20
evaluating individudal 11 - 1794477458007944. Mean loss in evaluation epoch: 0.31555265188217163, epochs needed: 20
evaluating individudal 12 - 2e79755a8ebd1dbc. Mean loss in evaluation epoch: 0.3156983554363251, epochs needed: 20
evaluating individudal 13 - 559189ce23067fd2. Mean loss in evaluation epoch: 0.3208112120628357, epochs needed: 20
evaluating individudal 14 - 45c2f7b0e38598a2. Mean loss in evaluation epoch: 0.3150928318500519, epochs needed: 20
evaluating individudal 15 - d480443839e582a5. Mean loss in evaluation epoch: 0.3146997094154358, epochs needed: 20
evaluating individudal 16 - 102808fe6b806288. Mean loss in evaluation epoch: 0.3164883255958557, epochs needed: 20
evaluating individudal 17 - 9a640d3a9a140aac. Mean loss in evaluation epoch: 0.3141225278377533, epochs needed: 20
evaluating individudal 18 - 74dcb80358a1bb0d. Mean loss in evaluation epoch: 0.3133157193660736, epochs needed: 20
evaluating individudal 19 - 0a18e1afe203355d. Mean loss in evaluation epoch: 0.3209625482559204, epochs needed: 20
evaluating individudal 20 - 30c1dd3f2e0c55ed. Mean loss in evaluation epoch: 0.32082873582839966, epochs needed: 20
evaluating individudal 21 - caed68f4e2f464c9. Mean loss in evaluation epoch: 0.31537431478500366, epochs needed: 20
evaluating individudal 22 - 6d9749d237f78657. Mean loss in evaluation epoch: 0.31775200366973877, epochs needed: 20
evaluating individudal 23 - 0fa4fdd63e3e9e81. Mean loss in evaluation epoch: 0.31491175293922424, epochs needed: 20
evaluating individudal 24 - 8f887f28e24be478. Mean loss in evaluation epoch: 0.31600579619407654, epochs needed: 20
evaluating individudal 25 - 4fe75c4db8cd2bd4. Mean loss in evaluation epoch: 0.3158150911331177, epochs needed: 20
evaluating individudal 26 - 7013411b21715fd0. Mean loss in evaluation epoch: 0.31802088022232056, epochs needed: 20
evaluating individudal 27 - 0494dde4e747a6ea. Mean loss in evaluation epoch: 0.3179711103439331, epochs needed: 20
evaluating individudal 28 - 13fb5752d2e8ec80. Mean loss in evaluation epoch: 0.31628820300102234, epochs needed: 20
evaluating individudal 29 - 14efd43e38ffc6b5. Mean loss in evaluation epoch: 0.31649118661880493, epochs needed: 20
evaluating individudal 30 - 96c3de055749618a. Mean loss in evaluation epoch: 0.3190285265445709, epochs needed: 20
evaluating individudal 31 - 4c7949408806935b. Mean loss in evaluation epoch: 0.3146630525588989, epochs needed: 20
evaluating individudal 32 - 6e4bced162976a7d. Mean loss in evaluation epoch: 0.31614699959754944, epochs needed: 20
evaluating individudal 33 - b9ccbb8b0fcec072. Mean loss in evaluation epoch: 0.3134411871433258, epochs needed: 20
evaluating individudal 34 - 2b892ef8c188a6a1. Mean loss in evaluation epoch: 0.319041907787323, epochs needed: 20
evaluating individudal 35 - 034d4ee7b5dba8af. Mean loss in evaluation epoch: 0.3204611837863922, epochs needed: 20
evaluating individudal 36 - 1fd9949873cec87d. Mean loss in evaluation epoch: 0.31562539935112, epochs needed: 20
evaluating individudal 37 - 96d0c7061749077c. Mean loss in evaluation epoch: 0.3208443522453308, epochs needed: 20
evaluating individudal 38 - a15d70c76a35e334. Mean loss in evaluation epoch: 0.3146568536758423, epochs needed: 20
evaluating individudal 39 - 379833f83339e463. Mean loss in evaluation epoch: 0.3152690827846527, epochs needed: 20
evaluating individudal 0 - 0b797f18d6e90c4b. Mean loss in evaluation epoch: 0.31455370783805847, epochs needed: 20
evaluating individudal 1 - 10133fc18d1ca0df. Mean loss in evaluation epoch: 0.3131493031978607, epochs needed: 20
evaluating individudal 2 - ffbd1abddb9cdc2f. Mean loss in evaluation epoch: 0.3143192529678345, epochs needed: 20
evaluating individudal 3 - cccd9605147dfc4d. Mean loss in evaluation epoch: 0.3140101432800293, epochs needed: 20
evaluating individudal 4 - 2c296555cef6c0cb. Mean loss in evaluation epoch: 0.31420665979385376, epochs needed: 20
evaluating individudal 5 - 90599607018e62c1. Mean loss in evaluation epoch: 0.31488236784935, epochs needed: 20
evaluating individudal 6 - 7aa0acf3fe6ae07e. Mean loss in evaluation epoch: 0.31469985842704773, epochs needed: 20
evaluating individudal 7 - aca7571192658ea8. Mean loss in evaluation epoch: 0.3141423165798187, epochs needed: 20
evaluating individudal 8 - 30b48e6a492d27c6. Mean loss in evaluation epoch: 0.31419411301612854, epochs needed: 20
evaluating individudal 9 - 8386cf7cff3e8453. Mean loss in evaluation epoch: 0.3146643042564392, epochs needed: 20
Round 14 done. -----------------------------------------
------------------------- TRACKING ---------------------------
Matrix Hash: 10133fc18d1ca0df, num_times_seen_before: 3
ACC: 0.8210526315789474
TPR/FPR: 0.9722222222222222, 0.21428571428571427
Loss: 0.3131493031978607
Timestamp: 7167.847712978997
---------------------------------------------------------------
evaluating individudal 0 - 5ada6957ebe49367. Mean loss in evaluation epoch: 0.31769126653671265, epochs needed: 20
evaluating individudal 1 - 65fef4f0984586e8. Mean loss in evaluation epoch: 0.3167065680027008, epochs needed: 20
evaluating individudal 2 - cf9382a21aa83df7. Mean loss in evaluation epoch: 0.315993994474411, epochs needed: 20
evaluating individudal 3 - 61f4c5be7f8d19d7. Mean loss in evaluation epoch: 0.3160579204559326, epochs needed: 20
evaluating individudal 4 - 1862c76bdd29940a. Mean loss in evaluation epoch: 0.3164505064487457, epochs needed: 20
evaluating individudal 5 - b04681d0060f0c3c. Mean loss in evaluation epoch: 0.31573575735092163, epochs needed: 20
evaluating individudal 6 - 8ac677e09d427768. Mean loss in evaluation epoch: 0.3182031512260437, epochs needed: 20
evaluating individudal 7 - 4130dd4fc0f88190. Mean loss in evaluation epoch: 0.3152603507041931, epochs needed: 20
evaluating individudal 8 - 45f5b7e0db0d2b3e. Mean loss in evaluation epoch: 0.31487178802490234, epochs needed: 20
evaluating individudal 9 - b9b3d3eea2941db1. Mean loss in evaluation epoch: 0.31659385561943054, epochs needed: 20
evaluating individudal 10 - 2ac57df0874a69cb. 