../data/final/cml/timeseries_ba20_1k_4_restart.pickle
../data/final/edges_ba20.pickle
SEED: 0
NUM_DYN_EPOCHS: 200
DETECT_EARLY_CONVERGENCE: False
CONTINUATION: True
CONT_ADDRESS: ../GA/GA_logs/final/cml_ba20_1k_4_restart_shortcut_eval/2021-03-11T03_17_31.151794
USE_EVALEPOCH_FOR_GUIDED_MUTATION: True
NUM_GEN: 20
FORMAT: standard
num samples: 1000
NUM_TRAIN_SAMPLES: 1000
NUM_TRAIN_BATCHES: 10
NUM_TEST_SAMPLES: 1000
NUM_TEST_BATCHES: 10
BATCH_SIZE: 100
HIDDEN_SIZE: 128
NUM_DYN_EPOCHS: 200
IS_CONTINUOUS: True
USE_MAX: False
Mean loss in evaluation epoch: 0.10620424896478653, epochs needed: 200


 Tracking generation 0
------------------------- TRACKING ---------------------------
Matrix Hash: f858825d8f152304, num_times_seen_before: 0
ACC: 0.7631578947368421
TPR/FPR: 1.0, 0.2922077922077922
Loss: 0.10620424896478653
Timestamp: 0
---------------------------------------------------------------
Candidate: dfbae53f1a50f28d. Changes:12
Mean loss in evaluation epoch: 0.12198001146316528, epochs needed: 200
will accept with prob tensor(0.1900)
accepting!
Mean loss in evaluation epoch: 0.12216877192258835, epochs needed: 200


 Tracking generation 1
------------------------- TRACKING ---------------------------
Matrix Hash: dfbae53f1a50f28d, num_times_seen_before: 0
ACC: 0.8052631578947369
TPR/FPR: 1.0, 0.24025974025974026
Loss: 0.12216877192258835
Timestamp: 136.73832269099967
---------------------------------------------------------------
Candidate: fb5418409efe8148. Changes:18
Mean loss in evaluation epoch: 0.11019366979598999, epochs needed: 200
smaller, so accepting
Mean loss in evaluation epoch: 0.11630316078662872, epochs needed: 200


 Tracking generation 2
------------------------- TRACKING ---------------------------
Matrix Hash: fb5418409efe8148, num_times_seen_before: 0
ACC: 0.7315789473684211
TPR/FPR: 1.0, 0.33116883116883117
Loss: 0.11630316078662872
Timestamp: 273.1075279030001
---------------------------------------------------------------
Candidate: 29053587e4256a53. Changes:29
Mean loss in evaluation epoch: 0.11750929802656174, epochs needed: 200
will accept with prob tensor(0.8677)
accepting!
Mean loss in evaluation epoch: 0.12215113639831543, epochs needed: 200


 Tracking generation 3
------------------------- TRACKING ---------------------------
Matrix Hash: 29053587e4256a53, num_times_seen_before: 0
ACC: 0.6105263157894737
TPR/FPR: 0.9444444444444444, 0.4675324675324675
Loss: 0.12215113639831543
Timestamp: 409.3757530889998
---------------------------------------------------------------
Candidate: 9c1573b21e955f80. Changes:26
Mean loss in evaluation epoch: 0.11668296158313751, epochs needed: 200
smaller, so accepting
Mean loss in evaluation epoch: 0.12115251272916794, epochs needed: 200


 Tracking generation 4
------------------------- TRACKING ---------------------------
Matrix Hash: 9c1573b21e955f80, num_times_seen_before: 0
ACC: 0.6
TPR/FPR: 0.9444444444444444, 0.4805194805194805
Loss: 0.12115251272916794
Timestamp: 545.2426031499999
---------------------------------------------------------------
Candidate: a14c17b152e1c75c. Changes:31
Mean loss in evaluation epoch: 0.11489398777484894, epochs needed: 200
smaller, so accepting
Mean loss in evaluation epoch: 0.11661585420370102, epochs needed: 200


 Tracking generation 5
------------------------- TRACKING ---------------------------
Matrix Hash: a14c17b152e1c75c, num_times_seen_before: 0
ACC: 0.5421052631578948
TPR/FPR: 0.9166666666666666, 0.5454545454545454
Loss: 0.11661585420370102
Timestamp: 682.0592931989995
---------------------------------------------------------------
Candidate: 657ca8a0e292f22f. Changes:15
Mean loss in evaluation epoch: 0.1175273060798645, epochs needed: 200
will accept with prob tensor(0.8779)
accepting!
Mean loss in evaluation epoch: 0.11618645489215851, epochs needed: 200


 Tracking generation 6
------------------------- TRACKING ---------------------------
Matrix Hash: 657ca8a0e292f22f, num_times_seen_before: 0
ACC: 0.5473684210526315
TPR/FPR: 0.9444444444444444, 0.5454545454545454
Loss: 0.11618645489215851
Timestamp: 817.652928816
---------------------------------------------------------------
Candidate: 9f1affdbce0958f6. Changes:16
Mean loss in evaluation epoch: 0.12137828022241592, epochs needed: 200
will accept with prob tensor(0.4499)
accepting!
Mean loss in evaluation epoch: 0.12496171146631241, epochs needed: 200


 Tracking generation 7
------------------------- TRACKING ---------------------------
Matrix Hash: 9f1affdbce0958f6, num_times_seen_before: 0
ACC: 0.5578947368421052
TPR/FPR: 0.9444444444444444, 0.5324675324675324
Loss: 0.12496171146631241
Timestamp: 952.8420081120003
---------------------------------------------------------------
Candidate: c2df275f36907713. Changes:19
Mean loss in evaluation epoch: 0.12459053099155426, epochs needed: 200
smaller, so accepting
Mean loss in evaluation epoch: 0.12092431634664536, epochs needed: 200


 Tracking generation 8
------------------------- TRACKING ---------------------------
Matrix Hash: c2df275f36907713, num_times_seen_before: 0
ACC: 0.5526315789473684
TPR/FPR: 0.8611111111111112, 0.5194805194805194
Loss: 0.12092431634664536
Timestamp: 1088.4544217960001
---------------------------------------------------------------
Candidate: 20411e75941dfcba. Changes:20
Mean loss in evaluation epoch: 0.11480949074029922, epochs needed: 200
smaller, so accepting
Mean loss in evaluation epoch: 0.11730460077524185, epochs needed: 200


 Tracking generation 9
------------------------- TRACKING ---------------------------
Matrix Hash: 20411e75941dfcba, num_times_seen_before: 0
ACC: 0.5
TPR/FPR: 0.8611111111111112, 0.5844155844155844
Loss: 0.11730460077524185
Timestamp: 1223.6826308979998
---------------------------------------------------------------
Candidate: 42346e6823e79189. Changes:33
Mean loss in evaluation epoch: 0.1184738427400589, epochs needed: 200
will accept with prob tensor(0.7915)
accepting!
Mean loss in evaluation epoch: 0.11114378273487091, epochs needed: 200


 Tracking generation 10
------------------------- TRACKING ---------------------------
Matrix Hash: 42346e6823e79189, num_times_seen_before: 0
ACC: 0.5789473684210527
TPR/FPR: 0.9444444444444444, 0.5064935064935064
Loss: 0.11114378273487091
Timestamp: 1359.3723260489996
---------------------------------------------------------------
Candidate: 1964c2b523f5c10b. Changes:19
Mean loss in evaluation epoch: 0.11553212255239487, epochs needed: 200
will accept with prob tensor(0.3771)
rejecting.
Mean loss in evaluation epoch: 0.11105060577392578, epochs needed: 200


 Tracking generation 11
------------------------- TRACKING ---------------------------
Matrix Hash: 42346e6823e79189, num_times_seen_before: 1
ACC: 0.5789473684210527
TPR/FPR: 0.9444444444444444, 0.5064935064935064
Loss: 0.11105060577392578
Timestamp: 1498.868477258
---------------------------------------------------------------
Candidate: 1df61f3425da7f51. Changes:16
Mean loss in evaluation epoch: 0.11917056143283844, epochs needed: 200
will accept with prob tensor(0.1313)
accepting!
Mean loss in evaluation epoch: 0.11872506141662598, epochs needed: 200


 Tracking generation 12
------------------------- TRACKING ---------------------------
Matrix Hash: 1df61f3425da7f51, num_times_seen_before: 0
ACC: 0.5684210526315789
TPR/FPR: 0.9722222222222222, 0.525974025974026
Loss: 0.11872506141662598
Timestamp: 1634.6746416610004
---------------------------------------------------------------
Candidate: fd94ae1a3b45e3fb. Changes:12
Mean loss in evaluation epoch: 0.11453121155500412, epochs needed: 200
smaller, so accepting
Mean loss in evaluation epoch: 0.11390093713998795, epochs needed: 200


 Tracking generation 13
------------------------- TRACKING ---------------------------
Matrix Hash: fd94ae1a3b45e3fb, num_times_seen_before: 0
ACC: 0.5052631578947369
TPR/FPR: 0.9722222222222222, 0.6038961038961039
Loss: 0.11390093713998795
Timestamp: 1769.3236387750003
---------------------------------------------------------------
Candidate: 47aa1448189c3fdc. Changes:9
Mean loss in evaluation epoch: 0.11523609608411789, epochs needed: 200
will accept with prob tensor(0.6408)
accepting!
Mean loss in evaluation epoch: 0.11716895550489426, epochs needed: 200


 Tracking generation 14
------------------------- TRACKING ---------------------------
Matrix Hash: 47aa1448189c3fdc, num_times_seen_before: 0
ACC: 0.531578947368421
TPR/FPR: 0.9722222222222222, 0.5714285714285714
Loss: 0.11716895550489426
Timestamp: 1904.4592749579997
---------------------------------------------------------------
Candidate: 9b831c405a4a160e. Changes:9
Mean loss in evaluation epoch: 0.115419901907444, epochs needed: 200
smaller, so accepting
Mean loss in evaluation epoch: 0.114415243268013, epochs needed: 200


 Tracking generation 15
------------------------- TRACKING ---------------------------
Matrix Hash: 9b831c405a4a160e, num_times_seen_before: 0
ACC: 0.4842105263157894
TPR/FPR: 0.9722222222222222, 0.6298701298701299
Loss: 0.114415243268013
Timestamp: 2039.8467275350004
---------------------------------------------------------------
Candidate: e2dff18956afe9b9. Changes:12
Mean loss in evaluation epoch: 0.11561372131109238, epochs needed: 200
will accept with prob tensor(0.5492)
rejecting.
Mean loss in evaluation epoch: 0.11633161455392838, epochs needed: 200


 Tracking generation 16
------------------------- TRACKING ---------------------------
Matrix Hash: 9b831c405a4a160e, num_times_seen_before: 1
ACC: 0.4842105263157894
TPR/FPR: 0.9722222222222222, 0.6298701298701299
Loss: 0.11633161455392838
Timestamp: 2176.212272338
---------------------------------------------------------------
Candidate: af842786213e63a9. Changes:15
Mean loss in evaluation epoch: 0.12052468210458755, epochs needed: 200
will accept with prob tensor(0.0611)
rejecting.
Mean loss in evaluation epoch: 0.1147158071398735, epochs needed: 200


 Tracking generation 17
------------------------- TRACKING ---------------------------
Matrix Hash: 9b831c405a4a160e, num_times_seen_before: 2
ACC: 0.4842105263157894
TPR/FPR: 0.9722222222222222, 0.6298701298701299
Loss: 0.1147158071398735
Timestamp: 2311.9960714110002
---------------------------------------------------------------
Candidate: 1845e0fe6d8415a9. Changes:12
Mean loss in evaluation epoch: 0.1156824603676796, epochs needed: 200
will accept with prob tensor(0.3804)
rejecting.
Mean loss in evaluation epoch: 0.11413954943418503, epochs needed: 200


 Tracking generation 18
------------------------- TRACKING ---------------------------
Matrix Hash: 9b831c405a4a160e, num_times_seen_before: 3
ACC: 0.4842105263157894
TPR/FPR: 0.9722222222222222, 0.6298701298701299
Loss: 0.11413954943418503
Timestamp: 2448.122080649
---------------------------------------------------------------
Candidate: f6051eb531cfd78e. Changes:8
Mean loss in evaluation epoch: 0.11398134380578995, epochs needed: 200
smaller, so accepting
Mean loss in evaluation epoch: 0.1121596246957779, epochs needed: 200


 Tracking generation 19
------------------------- TRACKING ---------------------------
Matrix Hash: f6051eb531cfd78e, num_times_seen_before: 0
ACC: 0.49473684210526314
TPR/FPR: 0.9722222222222222, 0.6168831168831169
Loss: 0.1121596246957779
Timestamp: 2583.9425948279995
---------------------------------------------------------------
Candidate: 550d6f6ed31dae76. Changes:5
Mean loss in evaluation epoch: 0.1108555793762207, epochs needed: 200
smaller, so accepting
------------------------- TRACKING ---------------------------
Matrix Hash: 550d6f6ed31dae76, num_times_seen_before: 0
ACC: 0.4789473684210527
TPR/FPR: 0.9722222222222222, 0.6363636363636364
Loss: 0.1121596246957779
Timestamp: 2662.8722032160003
---------------------------------------------------------------
Time needed: 2720.2667661390005 sec
