../data/final/cml/timeseries_ba20_1k_4_restart.pickle
../data/final/edges_ba20.pickle
SEED: 0
NUM_DYN_EPOCHS: 200
DETECT_EARLY_CONVERGENCE: False
CONTINUATION: True
CONT_ADDRESS: ../GA/GA_logs/final/cml_ba20_1k_4_restart_shortcut_eval/2021-03-11T03_17_31.151794
USE_EVALEPOCH_FOR_GUIDED_MUTATION: True
NUM_GEN: 20
FORMAT: standard
num samples: 1000
NUM_TRAIN_SAMPLES: 1000
NUM_TRAIN_BATCHES: 10
NUM_TEST_SAMPLES: 1000
NUM_TEST_BATCHES: 10
BATCH_SIZE: 100
HIDDEN_SIZE: 128
NUM_DYN_EPOCHS: 200
IS_CONTINUOUS: True
USE_MAX: False
Mean loss in evaluation epoch: 0.1174907237291336, epochs needed: 200


 Tracking generation 0
------------------------- TRACKING ---------------------------
Matrix Hash: c12bbdad7a2587f7, num_times_seen_before: 0
ACC: 0.5631578947368421
TPR/FPR: 0.8055555555555556, 0.4935064935064935
Loss: 0.1174907237291336
Timestamp: 0
---------------------------------------------------------------
Candidate: 3dc32556920e3c4a. Changes:21
Mean loss in evaluation epoch: 0.11210751533508301, epochs needed: 200
smaller, so accepting
Mean loss in evaluation epoch: 0.12186334282159805, epochs needed: 200


 Tracking generation 1
------------------------- TRACKING ---------------------------
Matrix Hash: 3dc32556920e3c4a, num_times_seen_before: 0
ACC: 0.6
TPR/FPR: 0.8055555555555556, 0.44805194805194803
Loss: 0.12186334282159805
Timestamp: 131.77482295699974
---------------------------------------------------------------
Candidate: 323a358a6627a475. Changes:18
Mean loss in evaluation epoch: 0.12120167165994644, epochs needed: 200
smaller, so accepting
Mean loss in evaluation epoch: 0.11894358694553375, epochs needed: 200


 Tracking generation 2
------------------------- TRACKING ---------------------------
Matrix Hash: 323a358a6627a475, num_times_seen_before: 0
ACC: 0.6105263157894737
TPR/FPR: 0.75, 0.42207792207792205
Loss: 0.11894358694553375
Timestamp: 263.3011639739998
---------------------------------------------------------------
Candidate: 44bf43c8d27e26be. Changes:16
Mean loss in evaluation epoch: 0.1201821118593216, epochs needed: 200
will accept with prob tensor(0.8644)
accepting!
Mean loss in evaluation epoch: 0.11860334873199463, epochs needed: 200


 Tracking generation 3
------------------------- TRACKING ---------------------------
Matrix Hash: 44bf43c8d27e26be, num_times_seen_before: 0
ACC: 0.6
TPR/FPR: 0.75, 0.43506493506493504
Loss: 0.11860334873199463
Timestamp: 394.60814760299945
---------------------------------------------------------------
Candidate: 484b78c5e7e40969. Changes:24
Mean loss in evaluation epoch: 0.11237062513828278, epochs needed: 200
smaller, so accepting
Mean loss in evaluation epoch: 0.11978190392255783, epochs needed: 200


 Tracking generation 4
------------------------- TRACKING ---------------------------
Matrix Hash: 484b78c5e7e40969, num_times_seen_before: 0
ACC: 0.49473684210526314
TPR/FPR: 0.8055555555555556, 0.577922077922078
Loss: 0.11978190392255783
Timestamp: 526.7403655089993
---------------------------------------------------------------
Candidate: 39c3ebfde4f395bd. Changes:20
Mean loss in evaluation epoch: 0.12669669091701508, epochs needed: 200
will accept with prob tensor(0.3977)
accepting!
Mean loss in evaluation epoch: 0.12579189240932465, epochs needed: 200


 Tracking generation 5
------------------------- TRACKING ---------------------------
Matrix Hash: 39c3ebfde4f395bd, num_times_seen_before: 0
ACC: 0.49473684210526314
TPR/FPR: 0.75, 0.564935064935065
Loss: 0.12579189240932465
Timestamp: 658.5089205469994
---------------------------------------------------------------
Candidate: f2410241652040e5. Changes:21
Mean loss in evaluation epoch: 0.12926895916461945, epochs needed: 200
will accept with prob tensor(0.6085)
rejecting.
Mean loss in evaluation epoch: 0.12329478561878204, epochs needed: 200


 Tracking generation 6
------------------------- TRACKING ---------------------------
Matrix Hash: 39c3ebfde4f395bd, num_times_seen_before: 1
ACC: 0.49473684210526314
TPR/FPR: 0.75, 0.564935064935065
Loss: 0.12329478561878204
Timestamp: 790.3195746379997
---------------------------------------------------------------
Candidate: c760eca559393adf. Changes:13
Mean loss in evaluation epoch: 0.12046744674444199, epochs needed: 200
smaller, so accepting
Mean loss in evaluation epoch: 0.1174461841583252, epochs needed: 200


 Tracking generation 7
------------------------- TRACKING ---------------------------
Matrix Hash: c760eca559393adf, num_times_seen_before: 0
ACC: 0.5105263157894737
TPR/FPR: 0.6944444444444444, 0.5324675324675324
Loss: 0.1174461841583252
Timestamp: 922.7585724840001
---------------------------------------------------------------
Candidate: 96e141853e9a7ba5. Changes:30
Mean loss in evaluation epoch: 0.1186630055308342, epochs needed: 200
will accept with prob tensor(0.8164)
accepting!
Mean loss in evaluation epoch: 0.11992903798818588, epochs needed: 200


 Tracking generation 8
------------------------- TRACKING ---------------------------
Matrix Hash: 96e141853e9a7ba5, num_times_seen_before: 0
ACC: 0.4368421052631579
TPR/FPR: 0.8333333333333334, 0.6558441558441559
Loss: 0.11992903798818588
Timestamp: 1054.6439957479997
---------------------------------------------------------------
Candidate: 7fc0d6ed7426cef0. Changes:29
Mean loss in evaluation epoch: 0.12632501125335693, epochs needed: 200
will accept with prob tensor(0.3126)
rejecting.
Mean loss in evaluation epoch: 0.11889345943927765, epochs needed: 200


 Tracking generation 9
------------------------- TRACKING ---------------------------
Matrix Hash: 96e141853e9a7ba5, num_times_seen_before: 1
ACC: 0.4368421052631579
TPR/FPR: 0.8333333333333334, 0.6558441558441559
Loss: 0.11889345943927765
Timestamp: 1186.4617047450001
---------------------------------------------------------------
Candidate: 30c9246de984ff5b. Changes:29
Mean loss in evaluation epoch: 0.12263862043619156, epochs needed: 200
will accept with prob tensor(0.4728)
rejecting.
Mean loss in evaluation epoch: 0.12221938371658325, epochs needed: 200


 Tracking generation 10
------------------------- TRACKING ---------------------------
Matrix Hash: 96e141853e9a7ba5, num_times_seen_before: 2
ACC: 0.4368421052631579
TPR/FPR: 0.8333333333333334, 0.6558441558441559
Loss: 0.12221938371658325
Timestamp: 1318.5906756959994
---------------------------------------------------------------
Candidate: 1d44e8c8ef14d80d. Changes:21
Mean loss in evaluation epoch: 0.12196031957864761, epochs needed: 200
smaller, so accepting
Mean loss in evaluation epoch: 0.12108572572469711, epochs needed: 200


 Tracking generation 11
------------------------- TRACKING ---------------------------
Matrix Hash: 1d44e8c8ef14d80d, num_times_seen_before: 0
ACC: 0.4421052631578948
TPR/FPR: 0.7777777777777778, 0.6363636363636364
Loss: 0.12108572572469711
Timestamp: 1450.6457866559995
---------------------------------------------------------------
Candidate: 62a2cd7a5fc8034c. Changes:16
Mean loss in evaluation epoch: 0.1220940500497818, epochs needed: 200
will accept with prob tensor(0.7772)
accepting!
Mean loss in evaluation epoch: 0.12427812069654465, epochs needed: 200


 Tracking generation 12
------------------------- TRACKING ---------------------------
Matrix Hash: 62a2cd7a5fc8034c, num_times_seen_before: 0
ACC: 0.41052631578947374
TPR/FPR: 0.7777777777777778, 0.6753246753246753
Loss: 0.12427812069654465
Timestamp: 1582.6588832239995
---------------------------------------------------------------
Candidate: 6a1a4d185fda07a7. Changes:16
Mean loss in evaluation epoch: 0.12447807937860489, epochs needed: 200
will accept with prob tensor(0.9445)
accepting!
Mean loss in evaluation epoch: 0.12144137918949127, epochs needed: 200


 Tracking generation 13
------------------------- TRACKING ---------------------------
Matrix Hash: 6a1a4d185fda07a7, num_times_seen_before: 0
ACC: 0.41052631578947374
TPR/FPR: 0.8055555555555556, 0.6818181818181818
Loss: 0.12144137918949127
Timestamp: 1714.77238382
---------------------------------------------------------------
Candidate: 9882c391686940bf. Changes:11
Mean loss in evaluation epoch: 0.1175556555390358, epochs needed: 200
smaller, so accepting
Mean loss in evaluation epoch: 0.11720110476016998, epochs needed: 200


 Tracking generation 14
------------------------- TRACKING ---------------------------
Matrix Hash: 9882c391686940bf, num_times_seen_before: 0
ACC: 0.39473684210526316
TPR/FPR: 0.8055555555555556, 0.7012987012987013
Loss: 0.11720110476016998
Timestamp: 1851.0762528449995
---------------------------------------------------------------
Candidate: 3a563f2c92385f64. Changes:15
Mean loss in evaluation epoch: 0.12184274196624756, epochs needed: 200
will accept with prob tensor(0.1562)
rejecting.
Mean loss in evaluation epoch: 0.12563736736774445, epochs needed: 200


 Tracking generation 15
------------------------- TRACKING ---------------------------
Matrix Hash: 9882c391686940bf, num_times_seen_before: 1
ACC: 0.39473684210526316
TPR/FPR: 0.8055555555555556, 0.7012987012987013
Loss: 0.12563736736774445
Timestamp: 1983.4416888179994
---------------------------------------------------------------
Candidate: 1e25d9750d402608. Changes:14
Mean loss in evaluation epoch: 0.11855552345514297, epochs needed: 200
smaller, so accepting
Mean loss in evaluation epoch: 0.12065412849187851, epochs needed: 200


 Tracking generation 16
------------------------- TRACKING ---------------------------
Matrix Hash: 1e25d9750d402608, num_times_seen_before: 0
ACC: 0.38421052631578945
TPR/FPR: 0.8611111111111112, 0.7272727272727273
Loss: 0.12065412849187851
Timestamp: 2122.869207742
---------------------------------------------------------------
Candidate: 1a6e313a5d0c30b3. Changes:24
Mean loss in evaluation epoch: 0.11434127390384674, epochs needed: 200
smaller, so accepting
Mean loss in evaluation epoch: 0.12213387340307236, epochs needed: 200


 Tracking generation 17
------------------------- TRACKING ---------------------------
Matrix Hash: 1a6e313a5d0c30b3, num_times_seen_before: 0
ACC: 0.4473684210526315
TPR/FPR: 0.8333333333333334, 0.6428571428571429
Loss: 0.12213387340307236
Timestamp: 2255.114790662
---------------------------------------------------------------
Candidate: c1056b780f8a1d34. Changes:15
Mean loss in evaluation epoch: 0.12245464324951172, epochs needed: 200
will accept with prob tensor(0.7256)
rejecting.
Mean loss in evaluation epoch: 0.11581399291753769, epochs needed: 200


 Tracking generation 18
------------------------- TRACKING ---------------------------
Matrix Hash: 1a6e313a5d0c30b3, num_times_seen_before: 1
ACC: 0.4473684210526315
TPR/FPR: 0.8333333333333334, 0.6428571428571429
Loss: 0.11581399291753769
Timestamp: 2386.7865317079995
---------------------------------------------------------------
Candidate: 828024f4230525b5. Changes:24
Mean loss in evaluation epoch: 0.11969709396362305, epochs needed: 200
will accept with prob tensor(0.0004)
rejecting.
Mean loss in evaluation epoch: 0.11608407646417618, epochs needed: 200


 Tracking generation 19
------------------------- TRACKING ---------------------------
Matrix Hash: 1a6e313a5d0c30b3, num_times_seen_before: 2
ACC: 0.4473684210526315
TPR/FPR: 0.8333333333333334, 0.6428571428571429
Loss: 0.11608407646417618
Timestamp: 2518.969410535
---------------------------------------------------------------
Candidate: acef33e9d90110a8. Changes:21
Mean loss in evaluation epoch: 0.11599111557006836, epochs needed: 200
smaller, so accepting
------------------------- TRACKING ---------------------------
Matrix Hash: acef33e9d90110a8, num_times_seen_before: 0
ACC: 0.368421052631579
TPR/FPR: 0.8611111111111112, 0.7467532467532467
Loss: 0.11608407646417618
Timestamp: 2595.731696305
---------------------------------------------------------------
Time needed: 2651.2953016 sec
