../data/final/cml/timeseries_ba10_1k_3.5_restart.pickle
../data/final/edges_ba10.pickle
CONTINUATION: False
CONT_ADDRESS: ./hill_climbing_logs/voter_ba20_100_CONT_8ep
SEED: 0
NUM_DYN_EPOCHS: 250
DETECT_EARLY_CONVERGENCE: False
USE_EVALEPOCH_FOR_GUIDED_MUTATION: True
USE_NODEWISE_LOSS: False
USE_DYNAMIC_STEPS: False
NUM_GEN: 50
DETERMINISTIC_EVAL: True
FREE WALK: False
ATTENTIONNNNNNNNNNNNNNNNNNNN RANDOM MUTATIONS
num samples: 1000
NUM_TRAIN_SAMPLES: 1000
NUM_TRAIN_BATCHES: 10
NUM_TEST_SAMPLES: 1000
NUM_TEST_BATCHES: 10
BATCH_SIZE: 100
HIDDEN_SIZE: 128
NUM_DYN_EPOCHS: 250
IS_CONTINUOUS: True
USE_MAX: False
Mean loss in evaluation epoch: 0.04371434450149536, epochs needed: 250

Generation 0
------------------------- TRACKING ---------------------------
Matrix Hash: 6f1b90fc9c8835ab, num_times_seen_before: 0
ACC: 0.4444444444444444
TPR/FPR: 0.5, 0.5862068965517241
Loss: 0.04371434450149536
Timestamp: 0
---------------------------------------------------------------
[tensor([0, 8])]
Mean loss in evaluation epoch: 0.04466928169131279, epochs needed: 250
Rejecting!

Generation 1
------------------------- TRACKING ---------------------------
Matrix Hash: 6f1b90fc9c8835ab, num_times_seen_before: 1
ACC: 0.4444444444444444
TPR/FPR: 0.5, 0.5862068965517241
Loss: 0.04371434450149536
Timestamp: 48.402896307000006
---------------------------------------------------------------
[tensor([1, 8])]
Mean loss in evaluation epoch: 0.04214736446738243, epochs needed: 250
Accepting!

Generation 2
------------------------- TRACKING ---------------------------
Matrix Hash: 7caca06721c27c4f, num_times_seen_before: 0
ACC: 0.4666666666666667
TPR/FPR: 0.5, 0.5517241379310345
Loss: 0.04214736446738243
Timestamp: 95.135672765
---------------------------------------------------------------
[tensor([0, 1])]
Mean loss in evaluation epoch: 0.042323607951402664, epochs needed: 250
Rejecting!

Generation 3
------------------------- TRACKING ---------------------------
Matrix Hash: 7caca06721c27c4f, num_times_seen_before: 1
ACC: 0.4666666666666667
TPR/FPR: 0.5, 0.5517241379310345
Loss: 0.04214736446738243
Timestamp: 140.78023225100003
---------------------------------------------------------------
[tensor([2, 6])]
Mean loss in evaluation epoch: 0.04327932372689247, epochs needed: 250
Rejecting!

Generation 4
------------------------- TRACKING ---------------------------
Matrix Hash: 7caca06721c27c4f, num_times_seen_before: 2
ACC: 0.4666666666666667
TPR/FPR: 0.5, 0.5517241379310345
Loss: 0.04214736446738243
Timestamp: 187.39992379900002
---------------------------------------------------------------
[tensor([4, 9])]
Mean loss in evaluation epoch: 0.042570438235998154, epochs needed: 250
Rejecting!

Generation 5
------------------------- TRACKING ---------------------------
Matrix Hash: 7caca06721c27c4f, num_times_seen_before: 3
ACC: 0.4666666666666667
TPR/FPR: 0.5, 0.5517241379310345
Loss: 0.04214736446738243
Timestamp: 235.42873656400002
---------------------------------------------------------------
[tensor([3, 9])]
Mean loss in evaluation epoch: 0.04169509559869766, epochs needed: 250
Accepting!

Generation 6
------------------------- TRACKING ---------------------------
Matrix Hash: 633212d975f6487f, num_times_seen_before: 0
ACC: 0.48888888888888893
TPR/FPR: 0.5625, 0.5517241379310345
Loss: 0.04169509559869766
Timestamp: 283.21275671
---------------------------------------------------------------
[tensor([4, 9])]
Mean loss in evaluation epoch: 0.041282184422016144, epochs needed: 250
Accepting!

Generation 7
------------------------- TRACKING ---------------------------
Matrix Hash: 8e6e3eaaff17c218, num_times_seen_before: 0
ACC: 0.5111111111111111
TPR/FPR: 0.5625, 0.5172413793103449
Loss: 0.041282184422016144
Timestamp: 332.313656717
---------------------------------------------------------------
[tensor([2, 3])]
Mean loss in evaluation epoch: 0.04040718451142311, epochs needed: 250
Accepting!

Generation 8
------------------------- TRACKING ---------------------------
Matrix Hash: faf134650ed6a651, num_times_seen_before: 0
ACC: 0.5333333333333333
TPR/FPR: 0.625, 0.5172413793103449
Loss: 0.04040718451142311
Timestamp: 379.76773837900004
---------------------------------------------------------------
[tensor([5, 7])]
Mean loss in evaluation epoch: 0.04110776633024216, epochs needed: 250
Rejecting!

Generation 9
------------------------- TRACKING ---------------------------
Matrix Hash: faf134650ed6a651, num_times_seen_before: 1
ACC: 0.5333333333333333
TPR/FPR: 0.625, 0.5172413793103449
Loss: 0.04040718451142311
Timestamp: 428.008026624
---------------------------------------------------------------
[tensor([4, 5])]
Mean loss in evaluation epoch: 0.04083290323615074, epochs needed: 250
Rejecting!

Generation 10
------------------------- TRACKING ---------------------------
Matrix Hash: faf134650ed6a651, num_times_seen_before: 2
ACC: 0.5333333333333333
TPR/FPR: 0.625, 0.5172413793103449
Loss: 0.04040718451142311
Timestamp: 470.499490537
---------------------------------------------------------------
[tensor([2, 6])]
Mean loss in evaluation epoch: 0.04109865799546242, epochs needed: 250
Rejecting!

Generation 11
------------------------- TRACKING ---------------------------
Matrix Hash: faf134650ed6a651, num_times_seen_before: 3
ACC: 0.5333333333333333
TPR/FPR: 0.625, 0.5172413793103449
Loss: 0.04040718451142311
Timestamp: 513.472454545
---------------------------------------------------------------
[tensor([0, 5])]
Mean loss in evaluation epoch: 0.03909267112612724, epochs needed: 250
Accepting!

Generation 12
------------------------- TRACKING ---------------------------
Matrix Hash: 18f1760e409dcf77, num_times_seen_before: 0
ACC: 0.5555555555555556
TPR/FPR: 0.6875, 0.5172413793103449
Loss: 0.03909267112612724
Timestamp: 556.6821548869999
---------------------------------------------------------------
[tensor([1, 8])]
Mean loss in evaluation epoch: 0.040588054805994034, epochs needed: 250
Rejecting!

Generation 13
------------------------- TRACKING ---------------------------
Matrix Hash: 18f1760e409dcf77, num_times_seen_before: 1
ACC: 0.5555555555555556
TPR/FPR: 0.6875, 0.5172413793103449
Loss: 0.03909267112612724
Timestamp: 600.390764174
---------------------------------------------------------------
[tensor([4, 5])]
Mean loss in evaluation epoch: 0.03974923491477966, epochs needed: 250
Rejecting!

Generation 14
------------------------- TRACKING ---------------------------
Matrix Hash: 18f1760e409dcf77, num_times_seen_before: 2
ACC: 0.5555555555555556
TPR/FPR: 0.6875, 0.5172413793103449
Loss: 0.03909267112612724
Timestamp: 643.4215792279999
---------------------------------------------------------------
[tensor([2, 8])]
Mean loss in evaluation epoch: 0.038491129875183105, epochs needed: 250
Accepting!

Generation 15
------------------------- TRACKING ---------------------------
Matrix Hash: 335ab8cf26f8ce14, num_times_seen_before: 0
ACC: 0.5777777777777777
TPR/FPR: 0.6875, 0.4827586206896552
Loss: 0.038491129875183105
Timestamp: 687.121328983
---------------------------------------------------------------
[tensor([2, 6])]
Mean loss in evaluation epoch: 0.03936221823096275, epochs needed: 250
Rejecting!

Generation 16
------------------------- TRACKING ---------------------------
Matrix Hash: 335ab8cf26f8ce14, num_times_seen_before: 1
ACC: 0.5777777777777777
TPR/FPR: 0.6875, 0.4827586206896552
Loss: 0.038491129875183105
Timestamp: 731.066611931
---------------------------------------------------------------
[tensor([3, 4])]
Mean loss in evaluation epoch: 0.0401245653629303, epochs needed: 250
Rejecting!

Generation 17
------------------------- TRACKING ---------------------------
Matrix Hash: 335ab8cf26f8ce14, num_times_seen_before: 2
ACC: 0.5777777777777777
TPR/FPR: 0.6875, 0.4827586206896552
Loss: 0.038491129875183105
Timestamp: 775.3942671249999
---------------------------------------------------------------
[tensor([1, 2])]
Mean loss in evaluation epoch: 0.04081067070364952, epochs needed: 250
Rejecting!

Generation 18
------------------------- TRACKING ---------------------------
Matrix Hash: 335ab8cf26f8ce14, num_times_seen_before: 3
ACC: 0.5777777777777777
TPR/FPR: 0.6875, 0.4827586206896552
Loss: 0.038491129875183105
Timestamp: 822.121831198
---------------------------------------------------------------
[tensor([1, 3])]
Mean loss in evaluation epoch: 0.03844485431909561, epochs needed: 250
Accepting!

Generation 19
------------------------- TRACKING ---------------------------
Matrix Hash: 40a7eccadd892496, num_times_seen_before: 0
ACC: 0.6
TPR/FPR: 0.6875, 0.4482758620689655
Loss: 0.03844485431909561
Timestamp: 869.634263111
---------------------------------------------------------------
[tensor([4, 6])]
Mean loss in evaluation epoch: 0.03731006011366844, epochs needed: 250
Accepting!

Generation 20
------------------------- TRACKING ---------------------------
Matrix Hash: 2335990f2f21ce4c, num_times_seen_before: 0
ACC: 0.6222222222222222
TPR/FPR: 0.75, 0.4482758620689655
Loss: 0.03731006011366844
Timestamp: 912.919811642
---------------------------------------------------------------
[tensor([1, 3])]
Mean loss in evaluation epoch: 0.037274718284606934, epochs needed: 250
Accepting!

Generation 21
------------------------- TRACKING ---------------------------
Matrix Hash: 85933b8ccfcce608, num_times_seen_before: 0
ACC: 0.6
TPR/FPR: 0.75, 0.4827586206896552
Loss: 0.037274718284606934
Timestamp: 955.058558674
---------------------------------------------------------------
[tensor([2, 8])]
Mean loss in evaluation epoch: 0.0382668636739254, epochs needed: 250
Rejecting!

Generation 22
------------------------- TRACKING ---------------------------
Matrix Hash: 85933b8ccfcce608, num_times_seen_before: 1
ACC: 0.6
TPR/FPR: 0.75, 0.4827586206896552
Loss: 0.037274718284606934
Timestamp: 997.961355291
---------------------------------------------------------------
[tensor([2, 3])]
Mean loss in evaluation epoch: 0.03865331411361694, epochs needed: 250
Rejecting!

Generation 23
------------------------- TRACKING ---------------------------
Matrix Hash: 85933b8ccfcce608, num_times_seen_before: 2
ACC: 0.6
TPR/FPR: 0.75, 0.4827586206896552
Loss: 0.037274718284606934
Timestamp: 1041.233327292
---------------------------------------------------------------
[tensor([1, 6])]
Mean loss in evaluation epoch: 0.03923053666949272, epochs needed: 250
Rejecting!

Generation 24
------------------------- TRACKING ---------------------------
Matrix Hash: 85933b8ccfcce608, num_times_seen_before: 3
ACC: 0.6
TPR/FPR: 0.75, 0.4827586206896552
Loss: 0.037274718284606934
Timestamp: 1085.8497761849999
---------------------------------------------------------------
[tensor([0, 7])]
Mean loss in evaluation epoch: 0.037999704480171204, epochs needed: 250
Rejecting!

Generation 25
------------------------- TRACKING ---------------------------
Matrix Hash: 85933b8ccfcce608, num_times_seen_before: 4
ACC: 0.6
TPR/FPR: 0.75, 0.4827586206896552
Loss: 0.037274718284606934
Timestamp: 1130.9207305769999
---------------------------------------------------------------
[tensor([0, 6])]
Mean loss in evaluation epoch: 0.037558168172836304, epochs needed: 250
Rejecting!

Generation 26
------------------------- TRACKING ---------------------------
Matrix Hash: 85933b8ccfcce608, num_times_seen_before: 5
ACC: 0.6
TPR/FPR: 0.75, 0.4827586206896552
Loss: 0.037274718284606934
Timestamp: 1173.198643849
---------------------------------------------------------------
[tensor([1, 2])]
Mean loss in evaluation epoch: 0.0393441878259182, epochs needed: 250
Rejecting!

Generation 27
------------------------- TRACKING ---------------------------
Matrix Hash: 85933b8ccfcce608, num_times_seen_before: 6
ACC: 0.6
TPR/FPR: 0.75, 0.4827586206896552
Loss: 0.037274718284606934
Timestamp: 1215.3704489709999
---------------------------------------------------------------
[tensor([1, 4])]
Mean loss in evaluation epoch: 0.036348819732666016, epochs needed: 250
Accepting!

Generation 28
------------------------- TRACKING ---------------------------
Matrix Hash: c19814e71551bf31, num_times_seen_before: 0
ACC: 0.6222222222222222
TPR/FPR: 0.75, 0.4482758620689655
Loss: 0.036348819732666016
Timestamp: 1258.062823642
---------------------------------------------------------------
[tensor([0, 2])]
Mean loss in evaluation epoch: 0.03753070905804634, epochs needed: 250
Rejecting!

Generation 29
------------------------- TRACKING ---------------------------
Matrix Hash: c19814e71551bf31, num_times_seen_before: 1
ACC: 0.6222222222222222
TPR/FPR: 0.75, 0.4482758620689655
Loss: 0.036348819732666016
Timestamp: 1301.692524024
---------------------------------------------------------------
[tensor([0, 6])]
Mean loss in evaluation epoch: 0.036425020545721054, epochs needed: 250
Rejecting!

Generation 30
------------------------- TRACKING ---------------------------
Matrix Hash: c19814e71551bf31, num_times_seen_before: 2
ACC: 0.6222222222222222
TPR/FPR: 0.75, 0.4482758620689655
Loss: 0.036348819732666016
Timestamp: 1343.290016408
---------------------------------------------------------------
[tensor([3, 8])]
Mean loss in evaluation epoch: 0.036919329315423965, epochs needed: 250
Rejecting!

Generation 31
------------------------- TRACKING ---------------------------
Matrix Hash: c19814e71551bf31, num_times_seen_before: 3
ACC: 0.6222222222222222
TPR/FPR: 0.75, 0.4482758620689655
Loss: 0.036348819732666016
Timestamp: 1385.116631763
---------------------------------------------------------------
[tensor([3, 5])]
Mean loss in evaluation epoch: 0.03756704926490784, epochs needed: 250
Rejecting!

Generation 32
------------------------- TRACKING ---------------------------
Matrix Hash: c19814e71551bf31, num_times_seen_before: 4
ACC: 0.6222222222222222
TPR/FPR: 0.75, 0.4482758620689655
Loss: 0.036348819732666016
Timestamp: 1428.69225567
---------------------------------------------------------------
[tensor([1, 8])]
Mean loss in evaluation epoch: 0.03763135150074959, epochs needed: 250
Rejecting!

Generation 33
------------------------- TRACKING ---------------------------
Matrix Hash: c19814e71551bf31, num_times_seen_before: 5
ACC: 0.6222222222222222
TPR/FPR: 0.75, 0.4482758620689655
Loss: 0.036348819732666016
Timestamp: 1474.183743911
---------------------------------------------------------------
[tensor([1, 8])]
Mean loss in evaluation epoch: 0.03763135150074959, epochs needed: 250
Rejecting!

Generation 34
------------------------- TRACKING ---------------------------
Matrix Hash: c19814e71551bf31, num_times_seen_before: 6
ACC: 0.6222222222222222
TPR/FPR: 0.75, 0.4482758620689655
Loss: 0.036348819732666016
Timestamp: 1518.277401502
---------------------------------------------------------------
[tensor([5, 8])]
Mean loss in evaluation epoch: 0.035281192511320114, epochs needed: 250
Accepting!

Generation 35
------------------------- TRACKING ---------------------------
Matrix Hash: 8cd5b6a93f314c8c, num_times_seen_before: 0
ACC: 0.6444444444444444
TPR/FPR: 0.75, 0.41379310344827586
Loss: 0.035281192511320114
Timestamp: 1559.492836297
---------------------------------------------------------------
[tensor([3, 9])]
Mean loss in evaluation epoch: 0.03631554916501045, epochs needed: 250
Rejecting!

Generation 36
------------------------- TRACKING ---------------------------
Matrix Hash: 8cd5b6a93f314c8c, num_times_seen_before: 1
ACC: 0.6444444444444444
TPR/FPR: 0.75, 0.41379310344827586
Loss: 0.035281192511320114
Timestamp: 1600.300183461
---------------------------------------------------------------
[tensor([5, 8])]
Mean loss in evaluation epoch: 0.036348819732666016, epochs needed: 250
Rejecting!

Generation 37
------------------------- TRACKING ---------------------------
Matrix Hash: 8cd5b6a93f314c8c, num_times_seen_before: 2
ACC: 0.6444444444444444
TPR/FPR: 0.75, 0.41379310344827586
Loss: 0.035281192511320114
Timestamp: 1645.0243558299999
---------------------------------------------------------------
[tensor([5, 6])]
Mean loss in evaluation epoch: 0.034120529890060425, epochs needed: 250
Accepting!

Generation 38
------------------------- TRACKING ---------------------------
Matrix Hash: ad4095101f7ff4f0, num_times_seen_before: 0
ACC: 0.6666666666666667
TPR/FPR: 0.8125, 0.41379310344827586
Loss: 0.034120529890060425
Timestamp: 1687.377146544
---------------------------------------------------------------
[tensor([1, 2])]
Mean loss in evaluation epoch: 0.03705179691314697, epochs needed: 250
Rejecting!

Generation 39
------------------------- TRACKING ---------------------------
Matrix Hash: ad4095101f7ff4f0, num_times_seen_before: 1
ACC: 0.6666666666666667
TPR/FPR: 0.8125, 0.41379310344827586
Loss: 0.034120529890060425
Timestamp: 1732.998068794
---------------------------------------------------------------
[tensor([6, 7])]
Mean loss in evaluation epoch: 0.03136495500802994, epochs needed: 250
Accepting!

Generation 40
------------------------- TRACKING ---------------------------
Matrix Hash: 1a6c527060f82d7f, num_times_seen_before: 0
ACC: 0.6888888888888889
TPR/FPR: 0.875, 0.41379310344827586
Loss: 0.03136495500802994
Timestamp: 1775.557872921
---------------------------------------------------------------
[tensor([3, 8])]
Mean loss in evaluation epoch: 0.03241230919957161, epochs needed: 250
Rejecting!

Generation 41
------------------------- TRACKING ---------------------------
Matrix Hash: 1a6c527060f82d7f, num_times_seen_before: 1
ACC: 0.6888888888888889
TPR/FPR: 0.875, 0.41379310344827586
Loss: 0.03136495500802994
Timestamp: 1818.804893009
---------------------------------------------------------------
[tensor([1, 9])]
Mean loss in evaluation epoch: 0.030019477009773254, epochs needed: 250
Accepting!

Generation 42
------------------------- TRACKING ---------------------------
Matrix Hash: 0cfe9ac80ee53fb8, num_times_seen_before: 0
ACC: 0.7111111111111111
TPR/FPR: 0.875, 0.3793103448275862
Loss: 0.030019477009773254
Timestamp: 1863.696194524
---------------------------------------------------------------
[tensor([2, 4])]
Mean loss in evaluation epoch: 0.02988360822200775, epochs needed: 250
Accepting!

Generation 43
------------------------- TRACKING ---------------------------
Matrix Hash: fbe62b829806e076, num_times_seen_before: 0
ACC: 0.7333333333333334
TPR/FPR: 0.875, 0.3448275862068966
Loss: 0.02988360822200775
Timestamp: 1905.9795054459998
---------------------------------------------------------------
[tensor([3, 4])]
Mean loss in evaluation epoch: 0.031015796586871147, epochs needed: 250
Rejecting!

Generation 44
------------------------- TRACKING ---------------------------
Matrix Hash: fbe62b829806e076, num_times_seen_before: 1
ACC: 0.7333333333333334
TPR/FPR: 0.875, 0.3448275862068966
Loss: 0.02988360822200775
Timestamp: 1950.126452836
---------------------------------------------------------------
[tensor([3, 6])]
Mean loss in evaluation epoch: 0.02943643368780613, epochs needed: 250
Accepting!

Generation 45
------------------------- TRACKING ---------------------------
Matrix Hash: d7208f0a3afedfce, num_times_seen_before: 0
ACC: 0.7555555555555555
TPR/FPR: 0.875, 0.3103448275862069
Loss: 0.02943643368780613
Timestamp: 1992.554841564
---------------------------------------------------------------
[tensor([6, 9])]
Mean loss in evaluation epoch: 0.030452076345682144, epochs needed: 250
Rejecting!

Generation 46
------------------------- TRACKING ---------------------------
Matrix Hash: d7208f0a3afedfce, num_times_seen_before: 1
ACC: 0.7555555555555555
TPR/FPR: 0.875, 0.3103448275862069
Loss: 0.02943643368780613
Timestamp: 2035.1906521790002
---------------------------------------------------------------
[tensor([0, 9])]
Mean loss in evaluation epoch: 0.028171569108963013, epochs needed: 250
Accepting!

Generation 47
------------------------- TRACKING ---------------------------
Matrix Hash: 59222482cec93d58, num_times_seen_before: 0
ACC: 0.7777777777777778
TPR/FPR: 0.9375, 0.3103448275862069
Loss: 0.028171569108963013
Timestamp: 2078.123949454
---------------------------------------------------------------
[tensor([4, 7])]
Mean loss in evaluation epoch: 0.02815907634794712, epochs needed: 250
Accepting!

Generation 48
------------------------- TRACKING ---------------------------
Matrix Hash: 64b8feb2050d26e3, num_times_seen_before: 0
ACC: 0.7555555555555555
TPR/FPR: 0.9375, 0.3448275862068966
Loss: 0.02815907634794712
Timestamp: 2119.971540063
---------------------------------------------------------------
[tensor([5, 6])]
Mean loss in evaluation epoch: 0.030145278200507164, epochs needed: 250
Rejecting!

Generation 49
------------------------- TRACKING ---------------------------
Matrix Hash: 64b8feb2050d26e3, num_times_seen_before: 1
ACC: 0.7555555555555555
TPR/FPR: 0.9375, 0.3448275862068966
Loss: 0.02815907634794712
Timestamp: 2162.51623137
---------------------------------------------------------------
[tensor([1, 2])]
Mean loss in evaluation epoch: 0.03403404355049133, epochs needed: 250
Rejecting!
------------------------- TRACKING ---------------------------
Matrix Hash: 64b8feb2050d26e3, num_times_seen_before: 2
ACC: 0.7555555555555555
TPR/FPR: 0.9375, 0.3448275862068966
Loss: 0.02815907634794712
Timestamp: 2205.196758162
---------------------------------------------------------------
Time needed: 2255.620159222 sec
