../data/final/netrd/SIS/timeseries_ba10_1k_0.15.pickle
../data/final/edges_ba10.pickle
CONTINUATION: False
CONT_ADDRESS: ../GA/GA_logs/final/cml_ba20_1k_4_restart_shortcut_eval/2021-03-11T03_17_31.151794
SEED: 0
NUM_DYN_EPOCHS: 200
DETECT_EARLY_CONVERGENCE: False
USE_EVALEPOCH_FOR_GUIDED_MUTATION: True
USE_NODEWISE_LOSS: False
USE_DYNAMIC_STEPS: True
NUM_GEN: 45
DETERMINISTIC_EVAL: False
FREE WALK: False
EXPERIMENTS: 5
FORMAT: timeseries
num samples: 1000
NUM_TRAIN_SAMPLES: 999
NUM_TRAIN_BATCHES: 10
NUM_TEST_SAMPLES: 999
NUM_TEST_BATCHES: 10
BATCH_SIZE: 100
HIDDEN_SIZE: 128
NUM_DYN_EPOCHS: 200
IS_CONTINUOUS: False
USE_MAX: False

Generation 0
Mean loss in evaluation epoch: 0.37234801054000854, epochs needed: 200
------------------------- TRACKING ---------------------------
Matrix Hash: 99e0ee200b2a50f5, num_times_seen_before: 0
ACC: 0.6444444444444444
TPR/FPR: 0.75, 0.41379310344827586
Loss: 0.37234801054000854
Timestamp: 0
---------------------------------------------------------------
[tensor([4, 6])]
Mean loss in evaluation epoch: 0.3724757134914398, epochs needed: 200
Rejecting!

Generation 1
Mean loss in evaluation epoch: 0.37261340022087097, epochs needed: 200
------------------------- TRACKING ---------------------------
Matrix Hash: 99e0ee200b2a50f5, num_times_seen_before: 1
ACC: 0.6444444444444444
TPR/FPR: 0.75, 0.41379310344827586
Loss: 0.37261340022087097
Timestamp: 24.84246150700028
---------------------------------------------------------------
[tensor([0, 8]), tensor([2, 4])]
Mean loss in evaluation epoch: 0.37172356247901917, epochs needed: 200
Accepting!

Generation 2
Mean loss in evaluation epoch: 0.3715485632419586, epochs needed: 200
------------------------- TRACKING ---------------------------
Matrix Hash: 047b5d1b1dd2d19c, num_times_seen_before: 0
ACC: 0.6444444444444444
TPR/FPR: 0.6875, 0.3793103448275862
Loss: 0.3715485632419586
Timestamp: 47.827830718000314
---------------------------------------------------------------
[tensor([4, 6])]
Mean loss in evaluation epoch: 0.37086793780326843, epochs needed: 200
Accepting!

Generation 3
Mean loss in evaluation epoch: 0.37163060903549194, epochs needed: 200
------------------------- TRACKING ---------------------------
Matrix Hash: 7c0b15b112b46f6c, num_times_seen_before: 0
ACC: 0.6666666666666667
TPR/FPR: 0.75, 0.3793103448275862
Loss: 0.37163060903549194
Timestamp: 71.9715626430002
---------------------------------------------------------------
S IS ALL NEGATIVE!
[]
Mean loss in evaluation epoch: 0.37081819772720337, epochs needed: 200
Accepting!

Generation 4
Mean loss in evaluation epoch: 0.3713662922382355, epochs needed: 200
------------------------- TRACKING ---------------------------
Matrix Hash: 7c0b15b112b46f6c, num_times_seen_before: 1
ACC: 0.6666666666666667
TPR/FPR: 0.75, 0.3793103448275862
Loss: 0.3713662922382355
Timestamp: 96.35773000300014
---------------------------------------------------------------
S IS ALL NEGATIVE!
[]
Mean loss in evaluation epoch: 0.37115880846977234, epochs needed: 200
Accepting!

Generation 5
Mean loss in evaluation epoch: 0.37108781933784485, epochs needed: 200
------------------------- TRACKING ---------------------------
Matrix Hash: 7c0b15b112b46f6c, num_times_seen_before: 2
ACC: 0.6666666666666667
TPR/FPR: 0.75, 0.3793103448275862
Loss: 0.37108781933784485
Timestamp: 120.77750318300014
---------------------------------------------------------------
[tensor([5, 8])]
Mean loss in evaluation epoch: 0.3702108561992645, epochs needed: 200
Accepting!

Generation 6
Mean loss in evaluation epoch: 0.3704518675804138, epochs needed: 200
------------------------- TRACKING ---------------------------
Matrix Hash: 72f5f8ba39d0f1ee, num_times_seen_before: 0
ACC: 0.6444444444444444
TPR/FPR: 0.75, 0.41379310344827586
Loss: 0.3704518675804138
Timestamp: 144.03151039000022
---------------------------------------------------------------
[tensor([2, 5]), tensor([2, 8])]
Mean loss in evaluation epoch: 0.3696522116661072, epochs needed: 200
Accepting!

Generation 7
Mean loss in evaluation epoch: 0.36840757727622986, epochs needed: 200
------------------------- TRACKING ---------------------------
Matrix Hash: 27d0fbf1064e2887, num_times_seen_before: 0
ACC: 0.6
TPR/FPR: 0.75, 0.4827586206896552
Loss: 0.36840757727622986
Timestamp: 167.6405912270002
---------------------------------------------------------------
S IS ALL NEGATIVE!
[]
Mean loss in evaluation epoch: 0.3693980276584625, epochs needed: 200
Rejecting!

Generation 8
Mean loss in evaluation epoch: 0.36883366107940674, epochs needed: 200
------------------------- TRACKING ---------------------------
Matrix Hash: 27d0fbf1064e2887, num_times_seen_before: 1
ACC: 0.6
TPR/FPR: 0.75, 0.4827586206896552
Loss: 0.36883366107940674
Timestamp: 190.6478249910001
---------------------------------------------------------------
[tensor([2, 5])]
Mean loss in evaluation epoch: 0.368119478225708, epochs needed: 200
Accepting!

Generation 9
Mean loss in evaluation epoch: 0.3692384660243988, epochs needed: 200
------------------------- TRACKING ---------------------------
Matrix Hash: f25b414a4e197109, num_times_seen_before: 0
ACC: 0.6222222222222222
TPR/FPR: 0.75, 0.4482758620689655
Loss: 0.3692384660243988
Timestamp: 214.34901630800005
---------------------------------------------------------------
[tensor([4, 9]), tensor([8, 9])]
Mean loss in evaluation epoch: 0.36887359619140625, epochs needed: 200
Accepting!

Generation 10
Mean loss in evaluation epoch: 0.36815914511680603, epochs needed: 200
------------------------- TRACKING ---------------------------
Matrix Hash: 4f352841aee29700, num_times_seen_before: 0
ACC: 0.6666666666666667
TPR/FPR: 0.75, 0.3793103448275862
Loss: 0.36815914511680603
Timestamp: 238.53198963900013
---------------------------------------------------------------
S IS ALL NEGATIVE!
[]
Mean loss in evaluation epoch: 0.36862650513648987, epochs needed: 200
Rejecting!

Generation 11
Mean loss in evaluation epoch: 0.3680807948112488, epochs needed: 200
------------------------- TRACKING ---------------------------
Matrix Hash: 4f352841aee29700, num_times_seen_before: 1
ACC: 0.6666666666666667
TPR/FPR: 0.75, 0.3793103448275862
Loss: 0.3680807948112488
Timestamp: 262.6208959650003
---------------------------------------------------------------
S IS ALL NEGATIVE!
[]
Mean loss in evaluation epoch: 0.36816683411598206, epochs needed: 200
Rejecting!

Generation 12
Mean loss in evaluation epoch: 0.36788150668144226, epochs needed: 200
------------------------- TRACKING ---------------------------
Matrix Hash: 4f352841aee29700, num_times_seen_before: 2
ACC: 0.6666666666666667
TPR/FPR: 0.75, 0.3793103448275862
Loss: 0.36788150668144226
Timestamp: 286.3404103480002
---------------------------------------------------------------
S IS ALL NEGATIVE!
[]
Mean loss in evaluation epoch: 0.36856696009635925, epochs needed: 200
Rejecting!

Generation 13
Mean loss in evaluation epoch: 0.3681277930736542, epochs needed: 200
------------------------- TRACKING ---------------------------
Matrix Hash: 4f352841aee29700, num_times_seen_before: 3
ACC: 0.6666666666666667
TPR/FPR: 0.75, 0.3793103448275862
Loss: 0.3681277930736542
Timestamp: 309.10296199899994
---------------------------------------------------------------
S IS ALL NEGATIVE!
[]
Mean loss in evaluation epoch: 0.36870402097702026, epochs needed: 200
Rejecting!

Generation 14
Mean loss in evaluation epoch: 0.36999842524528503, epochs needed: 200
------------------------- TRACKING ---------------------------
Matrix Hash: 4f352841aee29700, num_times_seen_before: 4
ACC: 0.6666666666666667
TPR/FPR: 0.75, 0.3793103448275862
Loss: 0.36999842524528503
Timestamp: 332.4589890880002
---------------------------------------------------------------
S IS ALL NEGATIVE!
[]
Mean loss in evaluation epoch: 0.3679215610027313, epochs needed: 200
Accepting!

Generation 15
Mean loss in evaluation epoch: 0.36917832493782043, epochs needed: 200
------------------------- TRACKING ---------------------------
Matrix Hash: 4f352841aee29700, num_times_seen_before: 5
ACC: 0.6666666666666667
TPR/FPR: 0.75, 0.3793103448275862
Loss: 0.36917832493782043
Timestamp: 356.59910114900003
---------------------------------------------------------------
S IS ALL NEGATIVE!
[]
Mean loss in evaluation epoch: 0.36814793944358826, epochs needed: 200
Accepting!

Generation 16
Mean loss in evaluation epoch: 0.3690347373485565, epochs needed: 200
------------------------- TRACKING ---------------------------
Matrix Hash: 4f352841aee29700, num_times_seen_before: 6
ACC: 0.6666666666666667
TPR/FPR: 0.75, 0.3793103448275862
Loss: 0.3690347373485565
Timestamp: 380.255587097
---------------------------------------------------------------
S IS ALL NEGATIVE!
[]
Mean loss in evaluation epoch: 0.37184759974479675, epochs needed: 200
Rejecting!

Generation 17
Mean loss in evaluation epoch: 0.36842426657676697, epochs needed: 200
------------------------- TRACKING ---------------------------
Matrix Hash: 4f352841aee29700, num_times_seen_before: 7
ACC: 0.6666666666666667
TPR/FPR: 0.75, 0.3793103448275862
Loss: 0.36842426657676697
Timestamp: 402.96294040600014
---------------------------------------------------------------
S IS ALL NEGATIVE!
[]
Mean loss in evaluation epoch: 0.3687814176082611, epochs needed: 200
Rejecting!

Generation 18
Mean loss in evaluation epoch: 0.3709504008293152, epochs needed: 200
------------------------- TRACKING ---------------------------
Matrix Hash: 4f352841aee29700, num_times_seen_before: 8
ACC: 0.6666666666666667
TPR/FPR: 0.75, 0.3793103448275862
Loss: 0.3709504008293152
Timestamp: 426.2870841140002
---------------------------------------------------------------
[tensor([5, 9])]
Mean loss in evaluation epoch: 0.3684785068035126, epochs needed: 200
Accepting!

Generation 19
Mean loss in evaluation epoch: 0.36888831853866577, epochs needed: 200
------------------------- TRACKING ---------------------------
Matrix Hash: c7f971187a266024, num_times_seen_before: 0
ACC: 0.6888888888888889
TPR/FPR: 0.75, 0.3448275862068966
Loss: 0.36888831853866577
Timestamp: 450.4871420180002
---------------------------------------------------------------
S IS ALL NEGATIVE!
[]
Mean loss in evaluation epoch: 0.36836764216423035, epochs needed: 200
Accepting!

Generation 20
Mean loss in evaluation epoch: 0.368752658367157, epochs needed: 200
------------------------- TRACKING ---------------------------
Matrix Hash: c7f971187a266024, num_times_seen_before: 1
ACC: 0.6888888888888889
TPR/FPR: 0.75, 0.3448275862068966
Loss: 0.368752658367157
Timestamp: 474.15212895900004
---------------------------------------------------------------
S IS ALL NEGATIVE!
[]
Mean loss in evaluation epoch: 0.3684481680393219, epochs needed: 200
Accepting!

Generation 21
Mean loss in evaluation epoch: 0.36850517988204956, epochs needed: 200
------------------------- TRACKING ---------------------------
Matrix Hash: c7f971187a266024, num_times_seen_before: 2
ACC: 0.6888888888888889
TPR/FPR: 0.75, 0.3448275862068966
Loss: 0.36850517988204956
Timestamp: 497.45723373600003
---------------------------------------------------------------
S IS ALL NEGATIVE!
[]
Mean loss in evaluation epoch: 0.368417352437973, epochs needed: 200
Accepting!

Generation 22
Mean loss in evaluation epoch: 0.3685966432094574, epochs needed: 200
------------------------- TRACKING ---------------------------
Matrix Hash: c7f971187a266024, num_times_seen_before: 3
ACC: 0.6888888888888889
TPR/FPR: 0.75, 0.3448275862068966
Loss: 0.3685966432094574
Timestamp: 520.8475345440002
---------------------------------------------------------------
S IS ALL NEGATIVE!
[]
Mean loss in evaluation epoch: 0.3692896068096161, epochs needed: 200
Rejecting!

Generation 23
Mean loss in evaluation epoch: 0.36923956871032715, epochs needed: 200
------------------------- TRACKING ---------------------------
Matrix Hash: c7f971187a266024, num_times_seen_before: 4
ACC: 0.6888888888888889
TPR/FPR: 0.75, 0.3448275862068966
Loss: 0.36923956871032715
Timestamp: 544.9708615
---------------------------------------------------------------
S IS ALL NEGATIVE!
[]
Mean loss in evaluation epoch: 0.36863982677459717, epochs needed: 200
Accepting!

Generation 24
Mean loss in evaluation epoch: 0.3695063591003418, epochs needed: 200
------------------------- TRACKING ---------------------------
Matrix Hash: c7f971187a266024, num_times_seen_before: 5
ACC: 0.6888888888888889
TPR/FPR: 0.75, 0.3448275862068966
Loss: 0.3695063591003418
Timestamp: 568.388462296
---------------------------------------------------------------
[tensor([5, 9])]
Mean loss in evaluation epoch: 0.36839815974235535, epochs needed: 200
Accepting!

Generation 25
Mean loss in evaluation epoch: 0.3688335716724396, epochs needed: 200
------------------------- TRACKING ---------------------------
Matrix Hash: 4f352841aee29700, num_times_seen_before: 9
ACC: 0.6666666666666667
TPR/FPR: 0.75, 0.3793103448275862
Loss: 0.3688335716724396
Timestamp: 591.6119190140003
---------------------------------------------------------------
[tensor([5, 9])]
Mean loss in evaluation epoch: 0.3683696985244751, epochs needed: 200
Accepting!

Generation 26
Mean loss in evaluation epoch: 0.36827874183654785, epochs needed: 200
------------------------- TRACKING ---------------------------
Matrix Hash: c7f971187a266024, num_times_seen_before: 6
ACC: 0.6888888888888889
TPR/FPR: 0.75, 0.3448275862068966
Loss: 0.36827874183654785
Timestamp: 615.183825864
---------------------------------------------------------------
S IS ALL NEGATIVE!
[]
Mean loss in evaluation epoch: 0.3684260845184326, epochs needed: 200
Rejecting!

Generation 27
Mean loss in evaluation epoch: 0.36849740147590637, epochs needed: 200
------------------------- TRACKING ---------------------------
Matrix Hash: c7f971187a266024, num_times_seen_before: 7
ACC: 0.6888888888888889
TPR/FPR: 0.75, 0.3448275862068966
Loss: 0.36849740147590637
Timestamp: 637.8943566850003
---------------------------------------------------------------
S IS ALL NEGATIVE!
[]
Mean loss in evaluation epoch: 0.3688149154186249, epochs needed: 200
Rejecting!

Generation 28
Mean loss in evaluation epoch: 0.3686939775943756, epochs needed: 200
------------------------- TRACKING ---------------------------
Matrix Hash: c7f971187a266024, num_times_seen_before: 8
ACC: 0.6888888888888889
TPR/FPR: 0.75, 0.3448275862068966
Loss: 0.3686939775943756
Timestamp: 662.1816247920001
---------------------------------------------------------------
S IS ALL NEGATIVE!
[]
Mean loss in evaluation epoch: 0.3693254888057709, epochs needed: 200
Rejecting!

Generation 29
Mean loss in evaluation epoch: 0.369007408618927, epochs needed: 200
------------------------- TRACKING ---------------------------
Matrix Hash: c7f971187a266024, num_times_seen_before: 9
ACC: 0.6888888888888889
TPR/FPR: 0.75, 0.3448275862068966
Loss: 0.369007408618927
Timestamp: 686.2119404070004
---------------------------------------------------------------
S IS ALL NEGATIVE!
[]
Mean loss in evaluation epoch: 0.36861053109169006, epochs needed: 200
Accepting!

Generation 30
Mean loss in evaluation epoch: 0.3694307506084442, epochs needed: 200
------------------------- TRACKING ---------------------------
Matrix Hash: c7f971187a266024, num_times_seen_before: 10
ACC: 0.6888888888888889
TPR/FPR: 0.75, 0.3448275862068966
Loss: 0.3694307506084442
Timestamp: 709.048747581
---------------------------------------------------------------
[tensor([5, 9])]
Mean loss in evaluation epoch: 0.36865851283073425, epochs needed: 200
Accepting!

Generation 31
Mean loss in evaluation epoch: 0.3690224587917328, epochs needed: 200
------------------------- TRACKING ---------------------------
Matrix Hash: 4f352841aee29700, num_times_seen_before: 10
ACC: 0.6666666666666667
TPR/FPR: 0.75, 0.3793103448275862
Loss: 0.3690224587917328
Timestamp: 733.2295480040002
---------------------------------------------------------------
[tensor([5, 9])]
Mean loss in evaluation epoch: 0.3686113655567169, epochs needed: 200
Accepting!

Generation 32
Mean loss in evaluation epoch: 0.3702945411205292, epochs needed: 200
------------------------- TRACKING ---------------------------
Matrix Hash: c7f971187a266024, num_times_seen_before: 11
ACC: 0.6888888888888889
TPR/FPR: 0.75, 0.3448275862068966
Loss: 0.3702945411205292
Timestamp: 756.3059739710002
---------------------------------------------------------------
S IS ALL NEGATIVE!
[]
Mean loss in evaluation epoch: 0.3681846857070923, epochs needed: 200
Accepting!

Generation 33
Mean loss in evaluation epoch: 0.36860185861587524, epochs needed: 200
------------------------- TRACKING ---------------------------
Matrix Hash: c7f971187a266024, num_times_seen_before: 12
ACC: 0.6888888888888889
TPR/FPR: 0.75, 0.3448275862068966
Loss: 0.36860185861587524
Timestamp: 780.815819552
---------------------------------------------------------------
S IS ALL NEGATIVE!
[]
Mean loss in evaluation epoch: 0.36844033002853394, epochs needed: 200
Accepting!

Generation 34
Mean loss in evaluation epoch: 0.3682722747325897, epochs needed: 200
------------------------- TRACKING ---------------------------
Matrix Hash: c7f971187a266024, num_times_seen_before: 13
ACC: 0.6888888888888889
TPR/FPR: 0.75, 0.3448275862068966
Loss: 0.3682722747325897
Timestamp: 802.5875601410003
---------------------------------------------------------------
S IS ALL NEGATIVE!
[]
Mean loss in evaluation epoch: 0.36841288208961487, epochs needed: 200
Rejecting!

Generation 35
Mean loss in evaluation epoch: 0.3684898912906647, epochs needed: 200
------------------------- TRACKING ---------------------------
Matrix Hash: c7f971187a266024, num_times_seen_before: 14
ACC: 0.6888888888888889
TPR/FPR: 0.75, 0.3448275862068966
Loss: 0.3684898912906647
Timestamp: 825.6900308110003
---------------------------------------------------------------
S IS ALL NEGATIVE!
[]
Mean loss in evaluation epoch: 0.36835357546806335, epochs needed: 200
Accepting!

Generation 36
Mean loss in evaluation epoch: 0.3686835467815399, epochs needed: 200
------------------------- TRACKING ---------------------------
Matrix Hash: c7f971187a266024, num_times_seen_before: 15
ACC: 0.6888888888888889
TPR/FPR: 0.75, 0.3448275862068966
Loss: 0.3686835467815399
Timestamp: 849.6126894530003
---------------------------------------------------------------
S IS ALL NEGATIVE!
[]
Mean loss in evaluation epoch: 0.3682776391506195, epochs needed: 200
Accepting!

Generation 37
Mean loss in evaluation epoch: 0.3683936893939972, epochs needed: 200
------------------------- TRACKING ---------------------------
Matrix Hash: c7f971187a266024, num_times_seen_before: 16
ACC: 0.6888888888888889
TPR/FPR: 0.75, 0.3448275862068966
Loss: 0.3683936893939972
Timestamp: 872.775259558
---------------------------------------------------------------
S IS ALL NEGATIVE!
[]
Mean loss in evaluation epoch: 0.36872029304504395, epochs needed: 200
Rejecting!

Generation 38
Mean loss in evaluation epoch: 0.36910280585289, epochs needed: 200
------------------------- TRACKING ---------------------------
Matrix Hash: c7f971187a266024, num_times_seen_before: 17
ACC: 0.6888888888888889
TPR/FPR: 0.75, 0.3448275862068966
Loss: 0.36910280585289
Timestamp: 894.9586446980002
---------------------------------------------------------------
S IS ALL NEGATIVE!
[]
Mean loss in evaluation epoch: 0.3694307506084442, epochs needed: 200
Rejecting!

Generation 39
Mean loss in evaluation epoch: 0.36950457096099854, epochs needed: 200
------------------------- TRACKING ---------------------------
Matrix Hash: c7f971187a266024, num_times_seen_before: 18
ACC: 0.6888888888888889
TPR/FPR: 0.75, 0.3448275862068966
Loss: 0.36950457096099854
Timestamp: 919.3388777380001
---------------------------------------------------------------
[tensor([5, 9])]
Mean loss in evaluation epoch: 0.368614137172699, epochs needed: 200
Accepting!

Generation 40
Mean loss in evaluation epoch: 0.36880478262901306, epochs needed: 200
------------------------- TRACKING ---------------------------
Matrix Hash: 4f352841aee29700, num_times_seen_before: 11
ACC: 0.6666666666666667
TPR/FPR: 0.75, 0.3793103448275862
Loss: 0.36880478262901306
Timestamp: 943.5061866390001
---------------------------------------------------------------
S IS ALL NEGATIVE!
[]
Mean loss in evaluation epoch: 0.36896196007728577, epochs needed: 200
Rejecting!

Generation 41
Mean loss in evaluation epoch: 0.3682651221752167, epochs needed: 200
------------------------- TRACKING ---------------------------
Matrix Hash: 4f352841aee29700, num_times_seen_before: 12
ACC: 0.6666666666666667
TPR/FPR: 0.75, 0.3793103448275862
Loss: 0.3682651221752167
Timestamp: 966.600727125
---------------------------------------------------------------
S IS ALL NEGATIVE!
[]
Mean loss in evaluation epoch: 0.3684973418712616, epochs needed: 200
Rejecting!

Generation 42
Mean loss in evaluation epoch: 0.368679016828537, epochs needed: 200
------------------------- TRACKING ---------------------------
Matrix Hash: 4f352841aee29700, num_times_seen_before: 13
ACC: 0.6666666666666667
TPR/FPR: 0.75, 0.3793103448275862
Loss: 0.368679016828537
Timestamp: 990.1856437490001
---------------------------------------------------------------
S IS ALL NEGATIVE!
[]
Mean loss in evaluation epoch: 0.3688632547855377, epochs needed: 200
Rejecting!

Generation 43
Mean loss in evaluation epoch: 0.3682520389556885, epochs needed: 200
------------------------- TRACKING ---------------------------
Matrix Hash: 4f352841aee29700, num_times_seen_before: 14
ACC: 0.6666666666666667
TPR/FPR: 0.75, 0.3793103448275862
Loss: 0.3682520389556885
Timestamp: 1014.2760268229999
---------------------------------------------------------------
S IS ALL NEGATIVE!
[]
Mean loss in evaluation epoch: 0.3704896867275238, epochs needed: 200
Rejecting!

Generation 44
Mean loss in evaluation epoch: 0.3688491880893707, epochs needed: 200
------------------------- TRACKING ---------------------------
Matrix Hash: 4f352841aee29700, num_times_seen_before: 15
ACC: 0.6666666666666667
TPR/FPR: 0.75, 0.3793103448275862
Loss: 0.3688491880893707
Timestamp: 1038.269985248
---------------------------------------------------------------
S IS ALL NEGATIVE!
[]
Mean loss in evaluation epoch: 0.3685723543167114, epochs needed: 200
Accepting!
------------------------- TRACKING ---------------------------
Matrix Hash: 4f352841aee29700, num_times_seen_before: 16
ACC: 0.6666666666666667
TPR/FPR: 0.75, 0.3793103448275862
Loss: 0.3685723543167114
Timestamp: 1049.9812230060002
---------------------------------------------------------------
Time needed: 1062.1330056300003 sec
