../data/final/netrd/SIS/timeseries_ba10_1k_0.15.pickle
../data/final/edges_ba10.pickle
SEED: 0
NUM_DYN_EPOCHS: 30
DETECT_EARLY_CONVERGENCE: False
CONTINUATION: False
CONT_ADDRESS: /content/drive/MyDrive/BA_Code/hillclimbing_logs/annealing/first/2021-01-27T18_56_40.854852
USE_EVALEPOCH_FOR_GUIDED_MUTATION: False
NUM_GEN: 30
num samples: 1000
NUM_TRAIN_SAMPLES: 999
NUM_TRAIN_BATCHES: 10
NUM_TEST_SAMPLES: 999
NUM_TEST_BATCHES: 10
BATCH_SIZE: 100
HIDDEN_SIZE: 128
NUM_DYN_EPOCHS: 30
IS_CONTINUOUS: False
USE_MAX: False
Mean loss in evaluation epoch: 0.3903566598892212, epochs needed: 30


 Tracking generation 0
------------------------- TRACKING ---------------------------
Matrix Hash: 0eaa2789a9694e9d, num_times_seen_before: 0
ACC: 0.5111111111111111
TPR/FPR: 0.5, 0.4827586206896552
Loss: 0.3903566598892212
Timestamp: 0
---------------------------------------------------------------
Candidate: 428f3613b97058ef. Changes:7
Mean loss in evaluation epoch: 0.3831040561199188, epochs needed: 30
smaller, so accepting
Mean loss in evaluation epoch: 0.3805728852748871, epochs needed: 30


 Tracking generation 1
------------------------- TRACKING ---------------------------
Matrix Hash: 428f3613b97058ef, num_times_seen_before: 0
ACC: 0.48888888888888893
TPR/FPR: 0.625, 0.5862068965517241
Loss: 0.3805728852748871
Timestamp: 2.9977921379999657
---------------------------------------------------------------
Candidate: 52641fda9686551f. Changes:12
Mean loss in evaluation epoch: 0.37811407446861267, epochs needed: 30
smaller, so accepting
Mean loss in evaluation epoch: 0.37909969687461853, epochs needed: 30


 Tracking generation 2
------------------------- TRACKING ---------------------------
Matrix Hash: 52641fda9686551f, num_times_seen_before: 0
ACC: 0.5333333333333333
TPR/FPR: 0.4375, 0.41379310344827586
Loss: 0.37909969687461853
Timestamp: 5.997699077999982
---------------------------------------------------------------
Candidate: 990727310f57ad3c. Changes:12
Mean loss in evaluation epoch: 0.3799118101596832, epochs needed: 30
will accept with prob tensor(0.9137)
accepting!
Mean loss in evaluation epoch: 0.378200501203537, epochs needed: 30


 Tracking generation 3
------------------------- TRACKING ---------------------------
Matrix Hash: 990727310f57ad3c, num_times_seen_before: 0
ACC: 0.4444444444444444
TPR/FPR: 0.4375, 0.5517241379310345
Loss: 0.378200501203537
Timestamp: 8.937534564999964
---------------------------------------------------------------
Candidate: 99a5d6b6c2178f9f. Changes:7
Mean loss in evaluation epoch: 0.37669795751571655, epochs needed: 30
smaller, so accepting
Mean loss in evaluation epoch: 0.3779247999191284, epochs needed: 30


 Tracking generation 4
------------------------- TRACKING ---------------------------
Matrix Hash: 99a5d6b6c2178f9f, num_times_seen_before: 0
ACC: 0.4222222222222223
TPR/FPR: 0.4375, 0.5862068965517241
Loss: 0.3779247999191284
Timestamp: 12.054696342
---------------------------------------------------------------
Candidate: 9f52410e151b14f3. Changes:5
Mean loss in evaluation epoch: 0.3774125277996063, epochs needed: 30
smaller, so accepting
Mean loss in evaluation epoch: 0.37625405192375183, epochs needed: 30


 Tracking generation 5
------------------------- TRACKING ---------------------------
Matrix Hash: 9f52410e151b14f3, num_times_seen_before: 0
ACC: 0.4
TPR/FPR: 0.25, 0.5172413793103449
Loss: 0.37625405192375183
Timestamp: 15.358900197999958
---------------------------------------------------------------
Candidate: 2f3a284ffbcebd00. Changes:12
Mean loss in evaluation epoch: 0.3937991261482239, epochs needed: 30
will accept with prob tensor(0.1116)
rejecting.
Mean loss in evaluation epoch: 0.3737407326698303, epochs needed: 30


 Tracking generation 6
------------------------- TRACKING ---------------------------
Matrix Hash: 9f52410e151b14f3, num_times_seen_before: 1
ACC: 0.4
TPR/FPR: 0.25, 0.5172413793103449
Loss: 0.3737407326698303
Timestamp: 18.352330516999984
---------------------------------------------------------------
Candidate: 053b737229f9a399. Changes:13
Mean loss in evaluation epoch: 0.37978267669677734, epochs needed: 30
will accept with prob tensor(0.4547)
accepting!
Mean loss in evaluation epoch: 0.3788094222545624, epochs needed: 30


 Tracking generation 7
------------------------- TRACKING ---------------------------
Matrix Hash: 053b737229f9a399, num_times_seen_before: 0
ACC: 0.5555555555555556
TPR/FPR: 0.5625, 0.4482758620689655
Loss: 0.3788094222545624
Timestamp: 21.559415306999995
---------------------------------------------------------------
Candidate: 2f8834d4917da0f0. Changes:12
Mean loss in evaluation epoch: 0.37797269225120544, epochs needed: 30
smaller, so accepting
Mean loss in evaluation epoch: 0.3780757188796997, epochs needed: 30


 Tracking generation 8
------------------------- TRACKING ---------------------------
Matrix Hash: 2f8834d4917da0f0, num_times_seen_before: 0
ACC: 0.5555555555555556
TPR/FPR: 0.6875, 0.5172413793103449
Loss: 0.3780757188796997
Timestamp: 24.80575390399997
---------------------------------------------------------------
Candidate: 616a5d51a072dbf4. Changes:11
Mean loss in evaluation epoch: 0.3790750205516815, epochs needed: 30
will accept with prob tensor(0.8670)
accepting!
Mean loss in evaluation epoch: 0.3780349791049957, epochs needed: 30


 Tracking generation 9
------------------------- TRACKING ---------------------------
Matrix Hash: 616a5d51a072dbf4, num_times_seen_before: 0
ACC: 0.48888888888888893
TPR/FPR: 0.375, 0.4482758620689655
Loss: 0.3780349791049957
Timestamp: 27.896920879999982
---------------------------------------------------------------
Candidate: f37573c920e78c48. Changes:6
Mean loss in evaluation epoch: 0.37626081705093384, epochs needed: 30
smaller, so accepting
Mean loss in evaluation epoch: 0.3775087893009186, epochs needed: 30


 Tracking generation 10
------------------------- TRACKING ---------------------------
Matrix Hash: f37573c920e78c48, num_times_seen_before: 0
ACC: 0.5333333333333333
TPR/FPR: 0.625, 0.5172413793103449
Loss: 0.3775087893009186
Timestamp: 30.944855663999988
---------------------------------------------------------------
Candidate: b3b40befd65b692e. Changes:7
Mean loss in evaluation epoch: 0.37501832842826843, epochs needed: 30
smaller, so accepting
Mean loss in evaluation epoch: 0.3740653693675995, epochs needed: 30


 Tracking generation 11
------------------------- TRACKING ---------------------------
Matrix Hash: b3b40befd65b692e, num_times_seen_before: 0
ACC: 0.5555555555555556
TPR/FPR: 0.5, 0.41379310344827586
Loss: 0.3740653693675995
Timestamp: 34.21864289499996
---------------------------------------------------------------
Candidate: 2962a3ccd93b4bbe. Changes:6
Mean loss in evaluation epoch: 0.37264344096183777, epochs needed: 30
smaller, so accepting
Mean loss in evaluation epoch: 0.3725084960460663, epochs needed: 30


 Tracking generation 12
------------------------- TRACKING ---------------------------
Matrix Hash: 2962a3ccd93b4bbe, num_times_seen_before: 0
ACC: 0.4666666666666667
TPR/FPR: 0.375, 0.4827586206896552
Loss: 0.3725084960460663
Timestamp: 37.330759487999956
---------------------------------------------------------------
Candidate: ce75364ca6bf5d66. Changes:10
Mean loss in evaluation epoch: 0.38121435046195984, epochs needed: 30
will accept with prob tensor(0.2152)
rejecting.
Mean loss in evaluation epoch: 0.3774816393852234, epochs needed: 30


 Tracking generation 13
------------------------- TRACKING ---------------------------
Matrix Hash: 2962a3ccd93b4bbe, num_times_seen_before: 1
ACC: 0.4666666666666667
TPR/FPR: 0.375, 0.4827586206896552
Loss: 0.3774816393852234
Timestamp: 40.55340365999996
---------------------------------------------------------------
Candidate: e3daa8e062440ace. Changes:6
Mean loss in evaluation epoch: 0.37613388895988464, epochs needed: 30
smaller, so accepting
Mean loss in evaluation epoch: 0.37650996446609497, epochs needed: 30


 Tracking generation 14
------------------------- TRACKING ---------------------------
Matrix Hash: e3daa8e062440ace, num_times_seen_before: 0
ACC: 0.5555555555555556
TPR/FPR: 0.375, 0.3448275862068966
Loss: 0.37650996446609497
Timestamp: 43.57237246
---------------------------------------------------------------
Candidate: e4336621ee2137ca. Changes:9
Mean loss in evaluation epoch: 0.3802599012851715, epochs needed: 30
will accept with prob tensor(0.4724)
rejecting.
Mean loss in evaluation epoch: 0.37978729605674744, epochs needed: 30


 Tracking generation 15
------------------------- TRACKING ---------------------------
Matrix Hash: e3daa8e062440ace, num_times_seen_before: 1
ACC: 0.5555555555555556
TPR/FPR: 0.375, 0.3448275862068966
Loss: 0.37978729605674744
Timestamp: 46.53637678299998
---------------------------------------------------------------
Candidate: d16b31d2fc37780a. Changes:7
Mean loss in evaluation epoch: 0.3777095675468445, epochs needed: 30
smaller, so accepting
Mean loss in evaluation epoch: 0.37739554047584534, epochs needed: 30


 Tracking generation 16
------------------------- TRACKING ---------------------------
Matrix Hash: d16b31d2fc37780a, num_times_seen_before: 0
ACC: 0.4444444444444444
TPR/FPR: 0.3125, 0.4827586206896552
Loss: 0.37739554047584534
Timestamp: 49.50222034199999
---------------------------------------------------------------
Candidate: c17746841bbdb422. Changes:11
Mean loss in evaluation epoch: 0.3790276050567627, epochs needed: 30
will accept with prob tensor(0.6862)
accepting!
Mean loss in evaluation epoch: 0.3776285648345947, epochs needed: 30


 Tracking generation 17
------------------------- TRACKING ---------------------------
Matrix Hash: c17746841bbdb422, num_times_seen_before: 0
ACC: 0.5111111111111111
TPR/FPR: 0.4375, 0.4482758620689655
Loss: 0.3776285648345947
Timestamp: 52.542329639
---------------------------------------------------------------
Candidate: 11a0ab1ae7895c1f. Changes:13
Mean loss in evaluation epoch: 0.38811108469963074, epochs needed: 30
will accept with prob tensor(0.0728)
rejecting.
Mean loss in evaluation epoch: 0.3775489032268524, epochs needed: 30


 Tracking generation 18
------------------------- TRACKING ---------------------------
Matrix Hash: c17746841bbdb422, num_times_seen_before: 1
ACC: 0.5111111111111111
TPR/FPR: 0.4375, 0.4482758620689655
Loss: 0.3775489032268524
Timestamp: 55.54529122099996
---------------------------------------------------------------
Candidate: a6d9ffa18c982edf. Changes:11
Mean loss in evaluation epoch: 0.3809238374233246, epochs needed: 30
will accept with prob tensor(0.3983)
accepting!
Mean loss in evaluation epoch: 0.3810158371925354, epochs needed: 30


 Tracking generation 19
------------------------- TRACKING ---------------------------
Matrix Hash: a6d9ffa18c982edf, num_times_seen_before: 0
ACC: 0.3555555555555555
TPR/FPR: 0.25, 0.5862068965517241
Loss: 0.3810158371925354
Timestamp: 58.53529599199999
---------------------------------------------------------------
Candidate: a6aa9a68d6cf782a. Changes:9
Mean loss in evaluation epoch: 0.3811740279197693, epochs needed: 30
will accept with prob tensor(0.9537)
rejecting.
Mean loss in evaluation epoch: 0.3800468146800995, epochs needed: 30


 Tracking generation 20
------------------------- TRACKING ---------------------------
Matrix Hash: a6d9ffa18c982edf, num_times_seen_before: 1
ACC: 0.3555555555555555
TPR/FPR: 0.25, 0.5862068965517241
Loss: 0.3800468146800995
Timestamp: 61.882538985999986
---------------------------------------------------------------
Candidate: 8f963a5dcb1ed3ae. Changes:8
Mean loss in evaluation epoch: 0.3833387792110443, epochs needed: 30
will accept with prob tensor(0.3338)
rejecting.
Mean loss in evaluation epoch: 0.3815268576145172, epochs needed: 30


 Tracking generation 21
------------------------- TRACKING ---------------------------
Matrix Hash: a6d9ffa18c982edf, num_times_seen_before: 2
ACC: 0.3555555555555555
TPR/FPR: 0.25, 0.5862068965517241
Loss: 0.3815268576145172
Timestamp: 64.88546926799995
---------------------------------------------------------------
Candidate: af046650762a8d13. Changes:10
Mean loss in evaluation epoch: 0.3831762969493866, epochs needed: 30
will accept with prob tensor(0.5387)
rejecting.
Mean loss in evaluation epoch: 0.3842068314552307, epochs needed: 30


 Tracking generation 22
------------------------- TRACKING ---------------------------
Matrix Hash: a6d9ffa18c982edf, num_times_seen_before: 3
ACC: 0.3555555555555555
TPR/FPR: 0.25, 0.5862068965517241
Loss: 0.3842068314552307
Timestamp: 68.00937386599998
---------------------------------------------------------------
Candidate: 6a6eb4081a4c7633. Changes:9
Mean loss in evaluation epoch: 0.3785965144634247, epochs needed: 30
smaller, so accepting
Mean loss in evaluation epoch: 0.3788946568965912, epochs needed: 30


 Tracking generation 23
------------------------- TRACKING ---------------------------
Matrix Hash: 6a6eb4081a4c7633, num_times_seen_before: 0
ACC: 0.5111111111111111
TPR/FPR: 0.5625, 0.5172413793103449
Loss: 0.3788946568965912
Timestamp: 70.967217834
---------------------------------------------------------------
Candidate: 2b572d7d9733804b. Changes:9
Mean loss in evaluation epoch: 0.3797934949398041, epochs needed: 30
will accept with prob tensor(0.6380)
accepting!
Mean loss in evaluation epoch: 0.3812824785709381, epochs needed: 30


 Tracking generation 24
------------------------- TRACKING ---------------------------
Matrix Hash: 2b572d7d9733804b, num_times_seen_before: 0
ACC: 0.48888888888888893
TPR/FPR: 0.625, 0.5862068965517241
Loss: 0.3812824785709381
Timestamp: 73.916560613
---------------------------------------------------------------
Candidate: 3b2e00e5f1bd6cea. Changes:14
Mean loss in evaluation epoch: 0.38061147928237915, epochs needed: 30
smaller, so accepting
Mean loss in evaluation epoch: 0.3818196654319763, epochs needed: 30


 Tracking generation 25
------------------------- TRACKING ---------------------------
Matrix Hash: 3b2e00e5f1bd6cea, num_times_seen_before: 0
ACC: 0.5777777777777777
TPR/FPR: 0.3125, 0.27586206896551724
Loss: 0.3818196654319763
Timestamp: 76.859987365
---------------------------------------------------------------
Candidate: baaf2520767d5cfb. Changes:4
Mean loss in evaluation epoch: 0.37956592440605164, epochs needed: 30
smaller, so accepting
Mean loss in evaluation epoch: 0.37471243739128113, epochs needed: 30


 Tracking generation 26
------------------------- TRACKING ---------------------------
Matrix Hash: baaf2520767d5cfb, num_times_seen_before: 0
ACC: 0.5777777777777777
TPR/FPR: 0.4375, 0.3448275862068966
Loss: 0.37471243739128113
Timestamp: 79.84764241599999
---------------------------------------------------------------
Candidate: b796101b8ee789f1. Changes:8
Mean loss in evaluation epoch: 0.3749427795410156, epochs needed: 30
will accept with prob tensor(0.7943)
accepting!
Mean loss in evaluation epoch: 0.37253016233444214, epochs needed: 30


 Tracking generation 27
------------------------- TRACKING ---------------------------
Matrix Hash: b796101b8ee789f1, num_times_seen_before: 0
ACC: 0.48888888888888893
TPR/FPR: 0.375, 0.4482758620689655
Loss: 0.37253016233444214
Timestamp: 82.81011147199996
---------------------------------------------------------------
Candidate: 16eb37f2c7ce0cf7. Changes:6
Mean loss in evaluation epoch: 0.3769976794719696, epochs needed: 30
will accept with prob tensor(0.0012)
rejecting.
Mean loss in evaluation epoch: 0.37354981899261475, epochs needed: 30


 Tracking generation 28
------------------------- TRACKING ---------------------------
Matrix Hash: b796101b8ee789f1, num_times_seen_before: 1
ACC: 0.48888888888888893
TPR/FPR: 0.375, 0.4482758620689655
Loss: 0.37354981899261475
Timestamp: 85.75639064500001
---------------------------------------------------------------
Candidate: 94a767ab0101af9d. Changes:10
Mean loss in evaluation epoch: 0.3799374997615814, epochs needed: 30
will accept with prob tensor(4.7599e-09)
rejecting.
Mean loss in evaluation epoch: 0.3728903532028198, epochs needed: 30


 Tracking generation 29
------------------------- TRACKING ---------------------------
Matrix Hash: b796101b8ee789f1, num_times_seen_before: 2
ACC: 0.48888888888888893
TPR/FPR: 0.375, 0.4482758620689655
Loss: 0.3728903532028198
Timestamp: 88.68293783000001
---------------------------------------------------------------
Candidate: 4866eeb2e0310258. Changes:7
Mean loss in evaluation epoch: 0.37848708033561707, epochs needed: 30
will accept with prob tensor(0.)
rejecting.
Mean loss in evaluation epoch: 0.3723706603050232, epochs needed: 30


 Tracking generation 30
------------------------- TRACKING ---------------------------
Matrix Hash: b796101b8ee789f1, num_times_seen_before: 3
ACC: 0.48888888888888893
TPR/FPR: 0.375, 0.4482758620689655
Loss: 0.3723706603050232
Timestamp: 91.86959224399993
---------------------------------------------------------------
Candidate: ffa49e38e3709540. Changes:10
Mean loss in evaluation epoch: 0.37839826941490173, epochs needed: 30
will accept with prob tensor(0.)
rejecting.
Mean loss in evaluation epoch: 0.3731709420681, epochs needed: 30


 Tracking generation 31
------------------------- TRACKING ---------------------------
Matrix Hash: b796101b8ee789f1, num_times_seen_before: 4
ACC: 0.48888888888888893
TPR/FPR: 0.375, 0.4482758620689655
Loss: 0.3731709420681
Timestamp: 94.89350330699995
---------------------------------------------------------------
Candidate: 25e26951987c8115. Changes:9
Mean loss in evaluation epoch: 0.381552517414093, epochs needed: 30
will accept with prob tensor(0.)
rejecting.
Mean loss in evaluation epoch: 0.3726109564304352, epochs needed: 30


 Tracking generation 32
------------------------- TRACKING ---------------------------
Matrix Hash: b796101b8ee789f1, num_times_seen_before: 5
ACC: 0.48888888888888893
TPR/FPR: 0.375, 0.4482758620689655
Loss: 0.3726109564304352
Timestamp: 97.89051672899996
---------------------------------------------------------------
Candidate: b86af61c0bed815e. Changes:9
Mean loss in evaluation epoch: 0.38234204053878784, epochs needed: 30
will accept with prob tensor(0.)
rejecting.
Mean loss in evaluation epoch: 0.37219667434692383, epochs needed: 30


 Tracking generation 33
------------------------- TRACKING ---------------------------
Matrix Hash: b796101b8ee789f1, num_times_seen_before: 6
ACC: 0.48888888888888893
TPR/FPR: 0.375, 0.4482758620689655
Loss: 0.37219667434692383
Timestamp: 100.880273945
---------------------------------------------------------------
Candidate: 9a11454be955d80d. Changes:11
Mean loss in evaluation epoch: 0.37797433137893677, epochs needed: 30
will accept with prob tensor(0.)
rejecting.
Mean loss in evaluation epoch: 0.3721615970134735, epochs needed: 30


 Tracking generation 34
------------------------- TRACKING ---------------------------
Matrix Hash: b796101b8ee789f1, num_times_seen_before: 7
ACC: 0.48888888888888893
TPR/FPR: 0.375, 0.4482758620689655
Loss: 0.3721615970134735
Timestamp: 103.84970451899994
---------------------------------------------------------------
Candidate: 5b911f8e119ef173. Changes:11
Mean loss in evaluation epoch: 0.3791905343532562, epochs needed: 30
will accept with prob tensor(0.)
rejecting.
Mean loss in evaluation epoch: 0.3723675608634949, epochs needed: 30


 Tracking generation 35
------------------------- TRACKING ---------------------------
Matrix Hash: b796101b8ee789f1, num_times_seen_before: 8
ACC: 0.48888888888888893
TPR/FPR: 0.375, 0.4482758620689655
Loss: 0.3723675608634949
Timestamp: 107.06658122800002
---------------------------------------------------------------
Candidate: 2ad5eb09f10e835c. Changes:8
Mean loss in evaluation epoch: 0.37651538848876953, epochs needed: 30
will accept with prob tensor(0.)
rejecting.
Mean loss in evaluation epoch: 0.3724701404571533, epochs needed: 30


 Tracking generation 36
------------------------- TRACKING ---------------------------
Matrix Hash: b796101b8ee789f1, num_times_seen_before: 9
ACC: 0.48888888888888893
TPR/FPR: 0.375, 0.4482758620689655
Loss: 0.3724701404571533
Timestamp: 110.63707683199993
---------------------------------------------------------------
Candidate: 712f2d546de3dd1b. Changes:10
Mean loss in evaluation epoch: 0.378619521856308, epochs needed: 30
will accept with prob tensor(0.)
rejecting.
Mean loss in evaluation epoch: 0.37283942103385925, epochs needed: 30


 Tracking generation 37
------------------------- TRACKING ---------------------------
Matrix Hash: b796101b8ee789f1, num_times_seen_before: 10
ACC: 0.48888888888888893
TPR/FPR: 0.375, 0.4482758620689655
Loss: 0.37283942103385925
Timestamp: 113.66597572799992
---------------------------------------------------------------
Candidate: e3225f181cf9d6a6. Changes:7
Mean loss in evaluation epoch: 0.37951844930648804, epochs needed: 30
will accept with prob tensor(0.)
rejecting.
Mean loss in evaluation epoch: 0.3723672330379486, epochs needed: 30


 Tracking generation 38
------------------------- TRACKING ---------------------------
Matrix Hash: b796101b8ee789f1, num_times_seen_before: 11
ACC: 0.48888888888888893
TPR/FPR: 0.375, 0.4482758620689655
Loss: 0.3723672330379486
Timestamp: 116.89245749199995
---------------------------------------------------------------
Candidate: 499431af8a242c3e. Changes:7
Mean loss in evaluation epoch: 0.38218042254447937, epochs needed: 30
will accept with prob tensor(0.)
rejecting.
Mean loss in evaluation epoch: 0.3727877140045166, epochs needed: 30


 Tracking generation 39
------------------------- TRACKING ---------------------------
Matrix Hash: b796101b8ee789f1, num_times_seen_before: 12
ACC: 0.48888888888888893
TPR/FPR: 0.375, 0.4482758620689655
Loss: 0.3727877140045166
Timestamp: 119.84481241100002
---------------------------------------------------------------
Candidate: 7ae4113b4cfea3f8. Changes:9
Mean loss in evaluation epoch: 0.3817187249660492, epochs needed: 30
will accept with prob tensor(0.)
rejecting.
Mean loss in evaluation epoch: 0.3751044273376465, epochs needed: 30


 Tracking generation 40
------------------------- TRACKING ---------------------------
Matrix Hash: b796101b8ee789f1, num_times_seen_before: 13
ACC: 0.48888888888888893
TPR/FPR: 0.375, 0.4482758620689655
Loss: 0.3751044273376465
Timestamp: 122.796350297
---------------------------------------------------------------
Candidate: 3ba81ac9452ade6e. Changes:12
Mean loss in evaluation epoch: 0.38532114028930664, epochs needed: 30
will accept with prob tensor(0.)
rejecting.
Mean loss in evaluation epoch: 0.3720371127128601, epochs needed: 30


 Tracking generation 41
------------------------- TRACKING ---------------------------
Matrix Hash: b796101b8ee789f1, num_times_seen_before: 14
ACC: 0.48888888888888893
TPR/FPR: 0.375, 0.4482758620689655
Loss: 0.3720371127128601
Timestamp: 125.741809666
---------------------------------------------------------------
Candidate: de24feefc483a8d2. Changes:8
Mean loss in evaluation epoch: 0.3770476281642914, epochs needed: 30
will accept with prob tensor(0.)
rejecting.
Mean loss in evaluation epoch: 0.372906357049942, epochs needed: 30


 Tracking generation 42
------------------------- TRACKING ---------------------------
Matrix Hash: b796101b8ee789f1, num_times_seen_before: 15
ACC: 0.48888888888888893
TPR/FPR: 0.375, 0.4482758620689655
Loss: 0.372906357049942
Timestamp: 128.714596851
---------------------------------------------------------------
Candidate: 6a4e951d2fedb44d. Changes:8
Mean loss in evaluation epoch: 0.38134822249412537, epochs needed: 30
will accept with prob tensor(0.)
rejecting.
Mean loss in evaluation epoch: 0.3725038468837738, epochs needed: 30


 Tracking generation 43
------------------------- TRACKING ---------------------------
Matrix Hash: b796101b8ee789f1, num_times_seen_before: 16
ACC: 0.48888888888888893
TPR/FPR: 0.375, 0.4482758620689655
Loss: 0.3725038468837738
Timestamp: 131.69507035100003
---------------------------------------------------------------
Candidate: 950033dcda60435d. Changes:17
Mean loss in evaluation epoch: 0.39672982692718506, epochs needed: 30
will accept with prob tensor(0.)
rejecting.
Mean loss in evaluation epoch: 0.37358400225639343, epochs needed: 30


 Tracking generation 44
------------------------- TRACKING ---------------------------
Matrix Hash: b796101b8ee789f1, num_times_seen_before: 17
ACC: 0.48888888888888893
TPR/FPR: 0.375, 0.4482758620689655
Loss: 0.37358400225639343
Timestamp: 134.69119098700003
---------------------------------------------------------------
Candidate: 547bef9909d47891. Changes:8
Mean loss in evaluation epoch: 0.37913036346435547, epochs needed: 30
will accept with prob tensor(0.)
rejecting.
------------------------- TRACKING ---------------------------
Matrix Hash: b796101b8ee789f1, num_times_seen_before: 18
ACC: 0.48888888888888893
TPR/FPR: 0.375, 0.4482758620689655
Loss: 0.37358400225639343
Timestamp: 136.21719957200003
---------------------------------------------------------------
Time needed: 137.81665368 sec
