num samples: 1000
NUM_TRAIN_SAMPLES: 999
NUM_TRAIN_BATCHES: 10
NUM_TEST_SAMPLES: 999
NUM_TEST_BATCHES: 10
BATCH_SIZE: 100
HIDDEN_SIZE: 128
NUM_DYN_EPOCHS: 40
IS_CONTINUOUS: False
USE_MAX: False
../data/final/netrd/SIS/timeseries_ba10_1k_0.15.pickle
../data/final/edges_ba10.pickle
CONTINUATION: False
CONT_ADDRESS: D:\Uni\BA\ColabOutputs\ba20\2020-12-10T22_50_22.113418
SEED: 0
NUM_DYN_EPOCHS: 40
NUM_DYN_EPOCHS_INIT: 200
DETECT_EARLY_CONVERGENCE: False
RESET_DYN_LEARNER_EVERY_NTH_GEN: 5
POP_SIZE: 10
NEWPOP_SIZE: 30
NUM_GEN: 45
USE_NODEWISE_EVALUATION: False
USE_EVALEPOCH_FOR_GUIDED_MUTATION: False
USE_DETERMINISTIC_EVAL: False
--------------------- Start training ------------------------
evaluating individudal 0 - ec039039af93aab5. Mean loss in evaluation epoch: 0.3796466588973999, epochs needed: 200
evaluating individudal 1 - f5b947733fb3b122. Mean loss in evaluation epoch: 0.37665578722953796, epochs needed: 200
evaluating individudal 2 - f7164e95e024219e. Mean loss in evaluation epoch: 0.3807510733604431, epochs needed: 200
evaluating individudal 3 - d6bb57fa8867fa84. Mean loss in evaluation epoch: 0.38456714153289795, epochs needed: 200
evaluating individudal 4 - 4c23a917507eb7c4. Mean loss in evaluation epoch: 0.37588557600975037, epochs needed: 200
evaluating individudal 5 - fe760cd00e2cad76. Mean loss in evaluation epoch: 0.37504783272743225, epochs needed: 200
evaluating individudal 6 - e58935ff6ae96b3f. Mean loss in evaluation epoch: 0.3773110806941986, epochs needed: 200
evaluating individudal 7 - c80f460c29063574. Mean loss in evaluation epoch: 0.3841521441936493, epochs needed: 200
evaluating individudal 8 - 122e381b43650a01. Mean loss in evaluation epoch: 0.3801259398460388, epochs needed: 200
evaluating individudal 9 - e61737bdf09728ac. Mean loss in evaluation epoch: 0.3835652768611908, epochs needed: 200
Round 0 done. -----------------------------------------
------------------------- TRACKING ---------------------------
Matrix Hash: fe760cd00e2cad76, num_times_seen_before: 0
ACC: 0.7111111111111111
TPR/FPR: 0.75, 0.3103448275862069
Loss: 0.37504783272743225
Timestamp: 0
---------------------------------------------------------------
evaluating individudal 0 - 152e4fe018922936. Mean loss in evaluation epoch: 0.37770429253578186, epochs needed: 200
evaluating individudal 1 - 3314ea66813cb601. Mean loss in evaluation epoch: 0.3747473359107971, epochs needed: 200
evaluating individudal 2 - 68c642ca25f7b226. Mean loss in evaluation epoch: 0.3771873116493225, epochs needed: 200
evaluating individudal 3 - 4cdafa3953ce0eaf. Mean loss in evaluation epoch: 0.37655335664749146, epochs needed: 200
evaluating individudal 4 - fb4ab38834d04a98. Mean loss in evaluation epoch: 0.3754420280456543, epochs needed: 200
evaluating individudal 5 - ee095cc5eac34fd9. Mean loss in evaluation epoch: 0.37384486198425293, epochs needed: 200
evaluating individudal 6 - b66c8b78df7600ff. Mean loss in evaluation epoch: 0.3827189803123474, epochs needed: 200
evaluating individudal 7 - cce19a7356ba4d09. Mean loss in evaluation epoch: 0.3816016614437103, epochs needed: 200
evaluating individudal 8 - cacf56e3dad696dc. Mean loss in evaluation epoch: 0.3775194585323334, epochs needed: 200
evaluating individudal 9 - c9d47d908a43c70d. Mean loss in evaluation epoch: 0.3752917945384979, epochs needed: 200
evaluating individudal 10 - 31d990b27fbd6255. Mean loss in evaluation epoch: 0.378998726606369, epochs needed: 200
evaluating individudal 11 - 9ca4e9cb1689ee2d. Mean loss in evaluation epoch: 0.3761860728263855, epochs needed: 200
evaluating individudal 12 - 643ed58df1b57f17. Mean loss in evaluation epoch: 0.38055887818336487, epochs needed: 200
evaluating individudal 13 - f54d4c1dd66db81d. Mean loss in evaluation epoch: 0.37348848581314087, epochs needed: 200
evaluating individudal 14 - 330ec7c4a83be450. Mean loss in evaluation epoch: 0.3757902979850769, epochs needed: 200
evaluating individudal 15 - ffddd1fa6ec42b29. Mean loss in evaluation epoch: 0.3742019236087799, epochs needed: 200
evaluating individudal 16 - 28e3e0f4fd0cfa1d. Mean loss in evaluation epoch: 0.37567785382270813, epochs needed: 200
evaluating individudal 17 - ce79c32aee0a28f9. Mean loss in evaluation epoch: 0.37703782320022583, epochs needed: 200
evaluating individudal 18 - a1a0acec73d91023. Mean loss in evaluation epoch: 0.37443017959594727, epochs needed: 200
evaluating individudal 19 - a303d8d25fc3ca0a. Mean loss in evaluation epoch: 0.3772796094417572, epochs needed: 200
evaluating individudal 20 - 0cbc20da9f31fb95. Mean loss in evaluation epoch: 0.37427711486816406, epochs needed: 200
evaluating individudal 21 - 1b9fee2828ed7ac8. Mean loss in evaluation epoch: 0.3756524324417114, epochs needed: 200
evaluating individudal 22 - ee1ea907a827eddb. Mean loss in evaluation epoch: 0.37691473960876465, epochs needed: 200
evaluating individudal 23 - bbd1759e9bbac73a. Mean loss in evaluation epoch: 0.37440142035484314, epochs needed: 200
evaluating individudal 24 - e4c24e71526fabc8. Mean loss in evaluation epoch: 0.38151541352272034, epochs needed: 200
evaluating individudal 25 - 548dd05a2e61f96d. Mean loss in evaluation epoch: 0.37217310070991516, epochs needed: 200
evaluating individudal 26 - 8105f29d0aa2a1be. Mean loss in evaluation epoch: 0.3821423053741455, epochs needed: 200
evaluating individudal 27 - 9d9258ce73b73410. Mean loss in evaluation epoch: 0.3767204284667969, epochs needed: 200
evaluating individudal 28 - e9c7d232ebd9279f. Mean loss in evaluation epoch: 0.37524983286857605, epochs needed: 200
evaluating individudal 29 - 2d2c4a886a54b7df. Mean loss in evaluation epoch: 0.37602394819259644, epochs needed: 200
evaluating individudal 0 - ec039039af93aab5. Mean loss in evaluation epoch: 0.37895041704177856, epochs needed: 200
evaluating individudal 1 - f5b947733fb3b122. Mean loss in evaluation epoch: 0.3774329125881195, epochs needed: 200
evaluating individudal 2 - f7164e95e024219e. Mean loss in evaluation epoch: 0.38012129068374634, epochs needed: 200
evaluating individudal 3 - d6bb57fa8867fa84. Mean loss in evaluation epoch: 0.38532230257987976, epochs needed: 200
evaluating individudal 4 - 4c23a917507eb7c4. Mean loss in evaluation epoch: 0.3769257664680481, epochs needed: 200
evaluating individudal 5 - fe760cd00e2cad76. Mean loss in evaluation epoch: 0.3748614490032196, epochs needed: 200
evaluating individudal 6 - e58935ff6ae96b3f. Mean loss in evaluation epoch: 0.37664490938186646, epochs needed: 200
evaluating individudal 7 - c80f460c29063574. Mean loss in evaluation epoch: 0.38344356417655945, epochs needed: 200
evaluating individudal 8 - 122e381b43650a01. Mean loss in evaluation epoch: 0.3804805874824524, epochs needed: 200
evaluating individudal 9 - e61737bdf09728ac. Mean loss in evaluation epoch: 0.3835517466068268, epochs needed: 200
Round 1 done. -----------------------------------------
------------------------- TRACKING ---------------------------
Matrix Hash: 548dd05a2e61f96d, num_times_seen_before: 0
ACC: 0.6888888888888889
TPR/FPR: 0.6875, 0.3103448275862069
Loss: 0.37217310070991516
Timestamp: 397.6568406180013
---------------------------------------------------------------
evaluating individudal 0 - 007aaa83acfc0dd3. Mean loss in evaluation epoch: 0.37603017687797546, epochs needed: 40
evaluating individudal 1 - 5e74737a43b081e5. Mean loss in evaluation epoch: 0.37615594267845154, epochs needed: 40
evaluating individudal 2 - 2c530dde62be2351. Mean loss in evaluation epoch: 0.365812748670578, epochs needed: 40
evaluating individudal 3 - ad6f0a0eccbfe3e9. Mean loss in evaluation epoch: 0.38365641236305237, epochs needed: 40
evaluating individudal 4 - 35d4bc0f69c7d56a. Mean loss in evaluation epoch: 0.3802329897880554, epochs needed: 40
evaluating individudal 5 - 77cee987a7dc1257. Mean loss in evaluation epoch: 0.375038206577301, epochs needed: 40
evaluating individudal 6 - 461023aea329cec3. Mean loss in evaluation epoch: 0.37940841913223267, epochs needed: 40
evaluating individudal 7 - d12c32e541d922b7. Mean loss in evaluation epoch: 0.37318122386932373, epochs needed: 40
evaluating individudal 8 - 4ab1a3222099c051. Mean loss in evaluation epoch: 0.3776285648345947, epochs needed: 40
evaluating individudal 9 - 252c816ac26d58c5. Mean loss in evaluation epoch: 0.37035825848579407, epochs needed: 40
evaluating individudal 10 - 7d3cead68e4ecb9c. Mean loss in evaluation epoch: 0.3724007308483124, epochs needed: 40
evaluating individudal 11 - 2bd75cadee6a17d8. Mean loss in evaluation epoch: 0.38021475076675415, epochs needed: 40
evaluating individudal 12 - 5eec3a7b9a7fbdf1. Mean loss in evaluation epoch: 0.37534552812576294, epochs needed: 40
evaluating individudal 13 - 62871412e85d2361. Mean loss in evaluation epoch: 0.3804986774921417, epochs needed: 40
evaluating individudal 14 - a47de9a8dcf2e2cd. Mean loss in evaluation epoch: 0.3750498592853546, epochs needed: 40
evaluating individudal 15 - 0436be3048f9d938. Mean loss in evaluation epoch: 0.36842238903045654, epochs needed: 40
evaluating individudal 16 - 026cc7016779599f. Mean loss in evaluation epoch: 0.3742537200450897, epochs needed: 40
evaluating individudal 17 - 084104671833a020. Mean loss in evaluation epoch: 0.37070587277412415, epochs needed: 40
evaluating individudal 18 - 6f65d7e5d9368354. Mean loss in evaluation epoch: 0.36620399355888367, epochs needed: 40
evaluating individudal 19 - b3720fc88413e970. Mean loss in evaluation epoch: 0.3758222758769989, epochs needed: 40
evaluating individudal 20 - 5cc80907ee424f3f. Mean loss in evaluation epoch: 0.3782667815685272, epochs needed: 40
evaluating individudal 21 - 5776d925addf3497. Mean loss in evaluation epoch: 0.37360846996307373, epochs needed: 40
evaluating individudal 22 - a7200d50f6c5ebd1. Mean loss in evaluation epoch: 0.378192275762558, epochs needed: 40
evaluating individudal 23 - 085b98d0c80ed6df. Mean loss in evaluation epoch: 0.3667008578777313, epochs needed: 40
evaluating individudal 24 - 4e60d269e23ed560. Mean loss in evaluation epoch: 0.3751208484172821, epochs needed: 40
evaluating individudal 25 - e6a7731c8a9156e0. Mean loss in evaluation epoch: 0.37866082787513733, epochs needed: 40
evaluating individudal 26 - 7ee5462166fd6298. Mean loss in evaluation epoch: 0.37255802750587463, epochs needed: 40
evaluating individudal 27 - 0c0fee63d9d82f7b. Mean loss in evaluation epoch: 0.37517106533050537, epochs needed: 40
evaluating individudal 28 - d275ac896a1b7ed7. Mean loss in evaluation epoch: 0.3760189414024353, epochs needed: 40
evaluating individudal 29 - 65841ea93b4e1961. Mean loss in evaluation epoch: 0.3722415566444397, epochs needed: 40
evaluating individudal 0 - 548dd05a2e61f96d. Mean loss in evaluation epoch: 0.3698243200778961, epochs needed: 40
evaluating individudal 1 - f54d4c1dd66db81d. Mean loss in evaluation epoch: 0.3730112612247467, epochs needed: 40
evaluating individudal 2 - ee095cc5eac34fd9. Mean loss in evaluation epoch: 0.37414979934692383, epochs needed: 40
evaluating individudal 3 - ffddd1fa6ec42b29. Mean loss in evaluation epoch: 0.373384565114975, epochs needed: 40
evaluating individudal 4 - 0cbc20da9f31fb95. Mean loss in evaluation epoch: 0.3725830018520355, epochs needed: 40
evaluating individudal 5 - bbd1759e9bbac73a. Mean loss in evaluation epoch: 0.37226614356040955, epochs needed: 40
evaluating individudal 6 - a1a0acec73d91023. Mean loss in evaluation epoch: 0.374232679605484, epochs needed: 40
evaluating individudal 7 - 3314ea66813cb601. Mean loss in evaluation epoch: 0.37394699454307556, epochs needed: 40
evaluating individudal 8 - fe760cd00e2cad76. Mean loss in evaluation epoch: 0.3747505843639374, epochs needed: 40
evaluating individudal 9 - e9c7d232ebd9279f. Mean loss in evaluation epoch: 0.37501636147499084, epochs needed: 40
Round 2 done. -----------------------------------------
------------------------- TRACKING ---------------------------
Matrix Hash: 2c530dde62be2351, num_times_seen_before: 0
ACC: 0.8444444444444444
TPR/FPR: 0.9375, 0.20689655172413793
Loss: 0.365812748670578
Timestamp: 474.74330478200136
---------------------------------------------------------------
evaluating individudal 0 - b8c636b65accb985. Mean loss in evaluation epoch: 0.3783586323261261, epochs needed: 40
evaluating individudal 1 - bfe9d22861829ad7. Mean loss in evaluation epoch: 0.36658862233161926, epochs needed: 40
evaluating individudal 2 - 4393bb8147844849. Mean loss in evaluation epoch: 0.3742678165435791, epochs needed: 40
evaluating individudal 3 - 23b1afccfbc83415. Mean loss in evaluation epoch: 0.36695918440818787, epochs needed: 40
evaluating individudal 4 - fea8c607d3179d75. Mean loss in evaluation epoch: 0.3682221472263336, epochs needed: 40
evaluating individudal 5 - 8ec6050d93d088eb. Mean loss in evaluation epoch: 0.3710990846157074, epochs needed: 40
evaluating individudal 6 - 44086dd9d0fb0323. Mean loss in evaluation epoch: 0.37092331051826477, epochs needed: 40
evaluating individudal 7 - e657216ed0778534. Mean loss in evaluation epoch: 0.36691147089004517, epochs needed: 40
evaluating individudal 8 - 2f562c3269385674. Mean loss in evaluation epoch: 0.3703737258911133, epochs needed: 40
evaluating individudal 9 - 9ec58733aecddc81. Mean loss in evaluation epoch: 0.36938729882240295, epochs needed: 40
evaluating individudal 10 - 34c21037f3c876cb. Mean loss in evaluation epoch: 0.37048086524009705, epochs needed: 40
evaluating individudal 11 - c3705092d6e32627. Mean loss in evaluation epoch: 0.3735215961933136, epochs needed: 40
evaluating individudal 12 - 2eeb55fcfa194144. Mean loss in evaluation epoch: 0.3708062469959259, epochs needed: 40
evaluating individudal 13 - 3d644d5ddd26df70. Mean loss in evaluation epoch: 0.3701460361480713, epochs needed: 40
evaluating individudal 14 - b06ce8c5cf2d2f77. Mean loss in evaluation epoch: 0.36820778250694275, epochs needed: 40
evaluating individudal 15 - 04c61d0cf2b7e85d. Mean loss in evaluation epoch: 0.36805105209350586, epochs needed: 40
evaluating individudal 16 - a3f96758923c805d. Mean loss in evaluation epoch: 0.37035664916038513, epochs needed: 40
evaluating individudal 17 - 82eab1b3feb6d773. Mean loss in evaluation epoch: 0.3708750903606415, epochs needed: 40
evaluating individudal 18 - de3e9b43d85baebd. Mean loss in evaluation epoch: 0.3662261366844177, epochs needed: 40
evaluating individudal 19 - 6f3d2b8119308dad. Mean loss in evaluation epoch: 0.36830031871795654, epochs needed: 40
evaluating individudal 20 - 8ff2de485b0e7ae4. Mean loss in evaluation epoch: 0.36824294924736023, epochs needed: 40
evaluating individudal 21 - c5aaaee12bb2b022. Mean loss in evaluation epoch: 0.3733835816383362, epochs needed: 40
evaluating individudal 22 - 0b7d9b5ef31fb0b2. Mean loss in evaluation epoch: 0.36981329321861267, epochs needed: 40
evaluating individudal 23 - f541d5b5c6bc3361. Mean loss in evaluation epoch: 0.37002870440483093, epochs needed: 40
evaluating individudal 24 - b7c431f2cef8ea82. Mean loss in evaluation epoch: 0.36657392978668213, epochs needed: 40
evaluating individudal 25 - f54e386544582af0. Mean loss in evaluation epoch: 0.3670364320278168, epochs needed: 40
evaluating individudal 26 - ecadc1db5683dd8b. Mean loss in evaluation epoch: 0.3742385804653168, epochs needed: 40
evaluating individudal 27 - cecca3d057a127ab. Mean loss in evaluation epoch: 0.3722951412200928, epochs needed: 40
evaluating individudal 28 - 06d60426f6f87601. Mean loss in evaluation epoch: 0.37508413195610046, epochs needed: 40
evaluating individudal 29 - fb0409e3e4ba5265. Mean loss in evaluation epoch: 0.36662694811820984, epochs needed: 40
evaluating individudal 0 - 2c530dde62be2351. Mean loss in evaluation epoch: 0.36450764536857605, epochs needed: 40
evaluating individudal 1 - 6f65d7e5d9368354. Mean loss in evaluation epoch: 0.3660005033016205, epochs needed: 40
evaluating individudal 2 - 085b98d0c80ed6df. Mean loss in evaluation epoch: 0.36506637930870056, epochs needed: 40
evaluating individudal 3 - 0436be3048f9d938. Mean loss in evaluation epoch: 0.3672979176044464, epochs needed: 40
evaluating individudal 4 - 548dd05a2e61f96d. Mean loss in evaluation epoch: 0.3694106936454773, epochs needed: 40
evaluating individudal 5 - 252c816ac26d58c5. Mean loss in evaluation epoch: 0.3697202801704407, epochs needed: 40
evaluating individudal 6 - 084104671833a020. Mean loss in evaluation epoch: 0.369096964597702, epochs needed: 40
evaluating individudal 7 - 65841ea93b4e1961. Mean loss in evaluation epoch: 0.37100666761398315, epochs needed: 40
evaluating individudal 8 - bbd1759e9bbac73a. Mean loss in evaluation epoch: 0.37119272351264954, epochs needed: 40
evaluating individudal 9 - 7d3cead68e4ecb9c. Mean loss in evaluation epoch: 0.37178516387939453, epochs needed: 40
Round 3 done. -----------------------------------------
------------------------- TRACKING ---------------------------
Matrix Hash: 2c530dde62be2351, num_times_seen_before: 1
ACC: 0.8444444444444444
TPR/FPR: 0.9375, 0.20689655172413793
Loss: 0.36450764536857605
Timestamp: 552.3340060120008
---------------------------------------------------------------
evaluating individudal 0 - a88cc0c341854a80. Mean loss in evaluation epoch: 0.3681548237800598, epochs needed: 40
evaluating individudal 1 - d2366b8ee88f1a47. Mean loss in evaluation epoch: 0.3653547465801239, epochs needed: 40
evaluating individudal 2 - 791941758fc5c26c. Mean loss in evaluation epoch: 0.36489835381507874, epochs needed: 40
evaluating individudal 3 - 3e3d22bab1fa2eb7. Mean loss in evaluation epoch: 0.3666734993457794, epochs needed: 40
evaluating individudal 4 - ad8bc78e982d1792. Mean loss in evaluation epoch: 0.37153205275535583, epochs needed: 40
evaluating individudal 5 - 8c0c7217b722503d. Mean loss in evaluation epoch: 0.3730209171772003, epochs needed: 40
evaluating individudal 6 - a7083bc1045ef6c2. Mean loss in evaluation epoch: 0.3698221445083618, epochs needed: 40
evaluating individudal 7 - 4147b725e10cf842. Mean loss in evaluation epoch: 0.3650522828102112, epochs needed: 40
evaluating individudal 8 - cf6a7e392fa5b891. Mean loss in evaluation epoch: 0.372140496969223, epochs needed: 40
evaluating individudal 9 - e1971382343e0a1b. Mean loss in evaluation epoch: 0.37073779106140137, epochs needed: 40
evaluating individudal 10 - 942a8a7e42ca30c3. Mean loss in evaluation epoch: 0.36956629157066345, epochs needed: 40
evaluating individudal 11 - 0871307670ace13e. Mean loss in evaluation epoch: 0.36418506503105164, epochs needed: 40
evaluating individudal 12 - 2487abe333d386cb. Mean loss in evaluation epoch: 0.3639884889125824, epochs needed: 40
evaluating individudal 13 - 20dabab32b04bba7. Mean loss in evaluation epoch: 0.36637699604034424, epochs needed: 40
evaluating individudal 14 - bef6845585660e97. Mean loss in evaluation epoch: 0.365617036819458, epochs needed: 40
evaluating individudal 15 - 573e196a5833e9dc. Mean loss in evaluation epoch: 0.3684096336364746, epochs needed: 40
evaluating individudal 16 - 1fb7aab13e7cd049. Mean loss in evaluation epoch: 0.36909738183021545, epochs needed: 40
evaluating individudal 17 - cbce7b99ef35ec08. Mean loss in evaluation epoch: 0.3712645471096039, epochs needed: 40
evaluating individudal 18 - 6e0e8dd23f8be2cd. Mean loss in evaluation epoch: 0.36638423800468445, epochs needed: 40
evaluating individudal 19 - b01ae546b831998e. Mean loss in evaluation epoch: 0.3647957444190979, epochs needed: 40
evaluating individudal 20 - 65d79a6e14e41992. Mean loss in evaluation epoch: 0.3729364573955536, epochs needed: 40
evaluating individudal 21 - 4ea35c6b3857d18e. Mean loss in evaluation epoch: 0.3719174563884735, epochs needed: 40
evaluating individudal 22 - f21e74064fc08ff5. Mean loss in evaluation epoch: 0.3674642741680145, epochs needed: 40
evaluating individudal 23 - 281c768ce479aa3e. Mean loss in evaluation epoch: 0.3688375651836395, epochs needed: 40
evaluating individudal 24 - be87cc01074f5e79. Mean loss in evaluation epoch: 0.36685284972190857, epochs needed: 40
evaluating individudal 25 - 26f0a5dfd2015434. Mean loss in evaluation epoch: 0.3652774393558502, epochs needed: 40
evaluating individudal 26 - ddb6487cdb935418. Mean loss in evaluation epoch: 0.3691387474536896, epochs needed: 40
evaluating individudal 27 - e08ceb779286bfc3. Mean loss in evaluation epoch: 0.3646866977214813, epochs needed: 40
evaluating individudal 28 - 13cfc840641c8994. Mean loss in evaluation epoch: 0.36828121542930603, epochs needed: 40
evaluating individudal 29 - b3203f13b2201406. Mean loss in evaluation epoch: 0.36661264300346375, epochs needed: 40
evaluating individudal 0 - 2c530dde62be2351. Mean loss in evaluation epoch: 0.3642694652080536, epochs needed: 40
evaluating individudal 1 - 085b98d0c80ed6df. Mean loss in evaluation epoch: 0.36412951350212097, epochs needed: 40
evaluating individudal 2 - 6f65d7e5d9368354. Mean loss in evaluation epoch: 0.36560699343681335, epochs needed: 40
evaluating individudal 3 - de3e9b43d85baebd. Mean loss in evaluation epoch: 0.36555495858192444, epochs needed: 40
evaluating individudal 4 - b7c431f2cef8ea82. Mean loss in evaluation epoch: 0.36557620763778687, epochs needed: 40
evaluating individudal 5 - bfe9d22861829ad7. Mean loss in evaluation epoch: 0.36585909128189087, epochs needed: 40
evaluating individudal 6 - fb0409e3e4ba5265. Mean loss in evaluation epoch: 0.36605343222618103, epochs needed: 40
evaluating individudal 7 - e657216ed0778534. Mean loss in evaluation epoch: 0.36525386571884155, epochs needed: 40
evaluating individudal 8 - 23b1afccfbc83415. Mean loss in evaluation epoch: 0.3660762906074524, epochs needed: 40
evaluating individudal 9 - f54e386544582af0. Mean loss in evaluation epoch: 0.36822831630706787, epochs needed: 40
Round 4 done. -----------------------------------------
------------------------- TRACKING ---------------------------
Matrix Hash: 2487abe333d386cb, num_times_seen_before: 0
ACC: 0.8444444444444444
TPR/FPR: 1.0, 0.2413793103448276
Loss: 0.3639884889125824
Timestamp: 643.2245646950014
---------------------------------------------------------------
evaluating individudal 0 - 432c81d0eb299ab5. Mean loss in evaluation epoch: 0.36947059631347656, epochs needed: 40
evaluating individudal 1 - 359cfe219b1235f3. Mean loss in evaluation epoch: 0.3706105351448059, epochs needed: 40
evaluating individudal 2 - 4891bbecb060ff69. Mean loss in evaluation epoch: 0.3638218641281128, epochs needed: 40
evaluating individudal 3 - 66ec11851d6c6657. Mean loss in evaluation epoch: 0.3642136752605438, epochs needed: 40
evaluating individudal 4 - 3582015447aa30dc. Mean loss in evaluation epoch: 0.3694426715373993, epochs needed: 40
evaluating individudal 5 - 957ecbf78655fe2c. Mean loss in evaluation epoch: 0.36718279123306274, epochs needed: 40
evaluating individudal 6 - 92e2dbb13f044363. Mean loss in evaluation epoch: 0.3695196211338043, epochs needed: 40
evaluating individudal 7 - 3a3e26550ab30475. Mean loss in evaluation epoch: 0.37181541323661804, epochs needed: 40
evaluating individudal 8 - 0aa1ecee4373a005. Mean loss in evaluation epoch: 0.36587363481521606, epochs needed: 40
evaluating individudal 9 - ae8e767894e5c73e. Mean loss in evaluation epoch: 0.3664190471172333, epochs needed: 40
evaluating individudal 10 - f5a63fba53b91558. Mean loss in evaluation epoch: 0.3717118799686432, epochs needed: 40
evaluating individudal 11 - f34131440efe74d6. Mean loss in evaluation epoch: 0.3710233271121979, epochs needed: 40
evaluating individudal 12 - aa861a6b0a3e6bfb. Mean loss in evaluation epoch: 0.36748847365379333, epochs needed: 40
evaluating individudal 13 - 4441223fda5a3cfd. Mean loss in evaluation epoch: 0.36535438895225525, epochs needed: 40
evaluating individudal 14 - cfd622bb5790a162. Mean loss in evaluation epoch: 0.3653374910354614, epochs needed: 40
evaluating individudal 15 - a495cb8d309cba00. Mean loss in evaluation epoch: 0.36484500765800476, epochs needed: 40
evaluating individudal 16 - 593d4f3f59c9b619. Mean loss in evaluation epoch: 0.36511489748954773, epochs needed: 40
evaluating individudal 17 - 229df77809a67f1f. Mean loss in evaluation epoch: 0.36549121141433716, epochs needed: 40
evaluating individudal 18 - b11ccbc38bcd6756. Mean loss in evaluation epoch: 0.36668679118156433, epochs needed: 40
evaluating individudal 19 - 7891f4b371260721. Mean loss in evaluation epoch: 0.3677210807800293, epochs needed: 40
evaluating individudal 20 - d0d73195d9c7c3e2. Mean loss in evaluation epoch: 0.3653561770915985, epochs needed: 40
evaluating individudal 21 - cbbee485871c74a8. Mean loss in evaluation epoch: 0.3648659884929657, epochs needed: 40
evaluating individudal 22 - e27acbb61ac6a803. Mean loss in evaluation epoch: 0.3648652732372284, epochs needed: 40
evaluating individudal 23 - 16b0191d23184012. Mean loss in evaluation epoch: 0.36504530906677246, epochs needed: 40
evaluating individudal 24 - 1d4ddf1b25f7f80b. Mean loss in evaluation epoch: 0.36458322405815125, epochs needed: 40
evaluating individudal 25 - 3c98247a66768f09. Mean loss in evaluation epoch: 0.37068602442741394, epochs needed: 40
evaluating individudal 26 - 564e22a80fcc4385. Mean loss in evaluation epoch: 0.36624810099601746, epochs needed: 40
evaluating individudal 27 - 5384e3b4d66e2da9. Mean loss in evaluation epoch: 0.3650144040584564, epochs needed: 40
evaluating individudal 28 - 8952213f945e9b9a. Mean loss in evaluation epoch: 0.3662123680114746, epochs needed: 40
evaluating individudal 29 - 6fd0cb801f5ee054. Mean loss in evaluation epoch: 0.36405861377716064, epochs needed: 40
evaluating individudal 0 - 2487abe333d386cb. Mean loss in evaluation epoch: 0.3635273873806, epochs needed: 40
evaluating individudal 1 - 085b98d0c80ed6df. Mean loss in evaluation epoch: 0.36392349004745483, epochs needed: 40
evaluating individudal 2 - 0871307670ace13e. Mean loss in evaluation epoch: 0.36391744017601013, epochs needed: 40
evaluating individudal 3 - 2c530dde62be2351. Mean loss in evaluation epoch: 0.3642474114894867, epochs needed: 40
evaluating individudal 4 - e08ceb779286bfc3. Mean loss in evaluation epoch: 0.36441949009895325, epochs needed: 40
evaluating individudal 5 - b01ae546b831998e. Mean loss in evaluation epoch: 0.36487147212028503, epochs needed: 40
evaluating individudal 6 - 791941758fc5c26c. Mean loss in evaluation epoch: 0.36451491713523865, epochs needed: 40
evaluating individudal 7 - 4147b725e10cf842. Mean loss in evaluation epoch: 0.36457547545433044, epochs needed: 40
evaluating individudal 8 - e657216ed0778534. Mean loss in evaluation epoch: 0.3654260039329529, epochs needed: 40
evaluating individudal 9 - 26f0a5dfd2015434. Mean loss in evaluation epoch: 0.3649780750274658, epochs needed: 40
Round 5 done. -----------------------------------------
------------------------- TRACKING ---------------------------
Matrix Hash: 2487abe333d386cb, num_times_seen_before: 1
ACC: 0.8444444444444444
TPR/FPR: 1.0, 0.2413793103448276
Loss: 0.3635273873806
Timestamp: 728.8733883620007
---------------------------------------------------------------
evaluating individudal 0 - 89c6dd3fde061d24. Mean loss in evaluation epoch: 0.36753231287002563, epochs needed: 200
evaluating individudal 1 - b90068d6c9217a3d. Mean loss in evaluation epoch: 0.3717215061187744, epochs needed: 200
evaluating individudal 2 - 5a8747a5467639b5. Mean loss in evaluation epoch: 0.37063953280448914, epochs needed: 200
evaluating individudal 3 - 110525a6ba4cce69. Mean loss in evaluation epoch: 0.372938871383667, epochs needed: 200
evaluating individudal 4 - a9a9820c16615d7e. Mean loss in evaluation epoch: 0.3686569631099701, epochs needed: 200
evaluating individudal 5 - 888a2b58f0a660bc. Mean loss in evaluation epoch: 0.37435898184776306, epochs needed: 200
evaluating individudal 6 - 75bf1d3d125ac10e. Mean loss in evaluation epoch: 0.3678334355354309, epochs needed: 200
evaluating individudal 7 - aca29aab9b81131b. Mean loss in evaluation epoch: 0.3688787519931793, epochs needed: 200
evaluating individudal 8 - cf19c2553c514ecb. Mean loss in evaluation epoch: 0.3694857656955719, epochs needed: 200
evaluating individudal 9 - 32ac08d0b729507f. 