../data/final/cml/timeseries_ba20_1k_4_restart.pickle
../data/final/edges_ba20.pickle
SEED: 0
NUM_DYN_EPOCHS: 200
DETECT_EARLY_CONVERGENCE: False
CONTINUATION: True
CONT_ADDRESS: ../GA/GA_logs/final/cml_ba20_1k_4_restart_shortcut_eval/2021-03-11T03_17_31.151794
USE_EVALEPOCH_FOR_GUIDED_MUTATION: True
NUM_GEN: 45
FORMAT: standard
num samples: 1000
NUM_TRAIN_SAMPLES: 1000
NUM_TRAIN_BATCHES: 10
NUM_TEST_SAMPLES: 1000
NUM_TEST_BATCHES: 10
BATCH_SIZE: 100
HIDDEN_SIZE: 128
NUM_DYN_EPOCHS: 200
IS_CONTINUOUS: True
USE_MAX: False
Mean loss in evaluation epoch: 0.11430444568395615, epochs needed: 200


 Tracking generation 0
------------------------- TRACKING ---------------------------
Matrix Hash: c12bbdad7a2587f7, num_times_seen_before: 0
ACC: 0.5631578947368421
TPR/FPR: 0.8055555555555556, 0.4935064935064935
Loss: 0.11430444568395615
Timestamp: 0
---------------------------------------------------------------
Candidate: 0c75e6ee6825bcf8. Changes:26
Mean loss in evaluation epoch: 0.11588509380817413, epochs needed: 200
will accept with prob tensor(0.8507)
accepting!
Mean loss in evaluation epoch: 0.1175658255815506, epochs needed: 200


 Tracking generation 1
------------------------- TRACKING ---------------------------
Matrix Hash: 0c75e6ee6825bcf8, num_times_seen_before: 0
ACC: 0.4894736842105263
TPR/FPR: 0.8611111111111112, 0.5974025974025974
Loss: 0.1175658255815506
Timestamp: 134.97366604
---------------------------------------------------------------
Candidate: be4acc225b690eb2. Changes:26
Mean loss in evaluation epoch: 0.12939244508743286, epochs needed: 200
will accept with prob tensor(0.2901)
accepting!
Mean loss in evaluation epoch: 0.12187431007623672, epochs needed: 200


 Tracking generation 2
------------------------- TRACKING ---------------------------
Matrix Hash: be4acc225b690eb2, num_times_seen_before: 0
ACC: 0.45789473684210524
TPR/FPR: 0.8055555555555556, 0.6233766233766234
Loss: 0.12187431007623672
Timestamp: 268.76566948100003
---------------------------------------------------------------
Candidate: b7d7320511899e96. Changes:25
Mean loss in evaluation epoch: 0.12903742492198944, epochs needed: 200
will accept with prob tensor(0.4642)
accepting!
Mean loss in evaluation epoch: 0.11826983839273453, epochs needed: 200


 Tracking generation 3
------------------------- TRACKING ---------------------------
Matrix Hash: b7d7320511899e96, num_times_seen_before: 0
ACC: 0.49473684210526314
TPR/FPR: 0.8055555555555556, 0.577922077922078
Loss: 0.11826983839273453
Timestamp: 404.13188661
---------------------------------------------------------------
Candidate: 7ac1bb0b4e9d4114. Changes:22
Mean loss in evaluation epoch: 0.11697359383106232, epochs needed: 200
smaller, so accepting
Mean loss in evaluation epoch: 0.12322359532117844, epochs needed: 200


 Tracking generation 4
------------------------- TRACKING ---------------------------
Matrix Hash: 7ac1bb0b4e9d4114, num_times_seen_before: 0
ACC: 0.42105263157894735
TPR/FPR: 0.7222222222222222, 0.6493506493506493
Loss: 0.12322359532117844
Timestamp: 539.2019920939999
---------------------------------------------------------------
Candidate: 1d88984961630979. Changes:24
Mean loss in evaluation epoch: 0.11520475149154663, epochs needed: 200
smaller, so accepting
Mean loss in evaluation epoch: 0.11759563535451889, epochs needed: 200


 Tracking generation 5
------------------------- TRACKING ---------------------------
Matrix Hash: 1d88984961630979, num_times_seen_before: 0
ACC: 0.42105263157894735
TPR/FPR: 0.6944444444444444, 0.6428571428571429
Loss: 0.11759563535451889
Timestamp: 673.7610499770001
---------------------------------------------------------------
Candidate: a51d3294421a360f. Changes:25
Mean loss in evaluation epoch: 0.12195980548858643, epochs needed: 200
will accept with prob tensor(0.6044)
accepting!
Mean loss in evaluation epoch: 0.11981453746557236, epochs needed: 200


 Tracking generation 6
------------------------- TRACKING ---------------------------
Matrix Hash: a51d3294421a360f, num_times_seen_before: 0
ACC: 0.3631578947368421
TPR/FPR: 0.6666666666666666, 0.7077922077922078
Loss: 0.11981453746557236
Timestamp: 808.3380039670001
---------------------------------------------------------------
Candidate: 1a8e393875522c82. Changes:20
Mean loss in evaluation epoch: 0.1185230240225792, epochs needed: 200
smaller, so accepting
Mean loss in evaluation epoch: 0.12282192707061768, epochs needed: 200


 Tracking generation 7
------------------------- TRACKING ---------------------------
Matrix Hash: 1a8e393875522c82, num_times_seen_before: 0
ACC: 0.39473684210526316
TPR/FPR: 0.8611111111111112, 0.7142857142857143
Loss: 0.12282192707061768
Timestamp: 941.9322756680001
---------------------------------------------------------------
Candidate: 264a9ff157053b8d. Changes:23
Mean loss in evaluation epoch: 0.11890672892332077, epochs needed: 200
smaller, so accepting
Mean loss in evaluation epoch: 0.11895381659269333, epochs needed: 200


 Tracking generation 8
------------------------- TRACKING ---------------------------
Matrix Hash: 264a9ff157053b8d, num_times_seen_before: 0
ACC: 0.3157894736842105
TPR/FPR: 0.8611111111111112, 0.8116883116883117
Loss: 0.11895381659269333
Timestamp: 1076.1405598049998
---------------------------------------------------------------
Candidate: 1ad26dfeddae6334. Changes:17
Mean loss in evaluation epoch: 0.11812670528888702, epochs needed: 200
smaller, so accepting
Mean loss in evaluation epoch: 0.1156795546412468, epochs needed: 200


 Tracking generation 9
------------------------- TRACKING ---------------------------
Matrix Hash: 1ad26dfeddae6334, num_times_seen_before: 0
ACC: 0.30000000000000004
TPR/FPR: 0.9166666666666666, 0.8441558441558441
Loss: 0.1156795546412468
Timestamp: 1210.88630982
---------------------------------------------------------------
Candidate: 8b78225cfa50ee9b. Changes:17
Mean loss in evaluation epoch: 0.12358967214822769, epochs needed: 200
will accept with prob tensor(0.3617)
rejecting.
Mean loss in evaluation epoch: 0.11819880455732346, epochs needed: 200


 Tracking generation 10
------------------------- TRACKING ---------------------------
Matrix Hash: 1ad26dfeddae6334, num_times_seen_before: 1
ACC: 0.30000000000000004
TPR/FPR: 0.9166666666666666, 0.8441558441558441
Loss: 0.11819880455732346
Timestamp: 1344.943171205
---------------------------------------------------------------
Candidate: 74f0ad4624dcd2db. Changes:12
Mean loss in evaluation epoch: 0.12169580906629562, epochs needed: 200
will accept with prob tensor(0.6295)
accepting!
Mean loss in evaluation epoch: 0.12495825439691544, epochs needed: 200


 Tracking generation 11
------------------------- TRACKING ---------------------------
Matrix Hash: 74f0ad4624dcd2db, num_times_seen_before: 0
ACC: 0.2894736842105263
TPR/FPR: 0.75, 0.8181818181818182
Loss: 0.12495825439691544
Timestamp: 1478.865794915
---------------------------------------------------------------
Candidate: 185b2cc9ca63101d. Changes:12
Mean loss in evaluation epoch: 0.12142502516508102, epochs needed: 200
smaller, so accepting
Mean loss in evaluation epoch: 0.12237479537725449, epochs needed: 200


 Tracking generation 12
------------------------- TRACKING ---------------------------
Matrix Hash: 185b2cc9ca63101d, num_times_seen_before: 0
ACC: 0.3315789473684211
TPR/FPR: 0.8333333333333334, 0.7857142857142857
Loss: 0.12237479537725449
Timestamp: 1613.214125133
---------------------------------------------------------------
Candidate: bb78d25069714b27. Changes:19
Mean loss in evaluation epoch: 0.12225788086652756, epochs needed: 200
smaller, so accepting
Mean loss in evaluation epoch: 0.1186385378241539, epochs needed: 200


 Tracking generation 13
------------------------- TRACKING ---------------------------
Matrix Hash: bb78d25069714b27, num_times_seen_before: 0
ACC: 0.33684210526315794
TPR/FPR: 0.8333333333333334, 0.7792207792207793
Loss: 0.1186385378241539
Timestamp: 1747.059340909
---------------------------------------------------------------
Candidate: 8b292b24afbdbb04. Changes:15
Mean loss in evaluation epoch: 0.11665225028991699, epochs needed: 200
smaller, so accepting
Mean loss in evaluation epoch: 0.11615712940692902, epochs needed: 200


 Tracking generation 14
------------------------- TRACKING ---------------------------
Matrix Hash: 8b292b24afbdbb04, num_times_seen_before: 0
ACC: 0.32105263157894737
TPR/FPR: 0.8888888888888888, 0.8116883116883117
Loss: 0.11615712940692902
Timestamp: 1881.437043742
---------------------------------------------------------------
Candidate: 9cdc2de59cbe703a. Changes:16
Mean loss in evaluation epoch: 0.12038736790418625, epochs needed: 200
will accept with prob tensor(0.5302)
accepting!
Mean loss in evaluation epoch: 0.11862337589263916, epochs needed: 200


 Tracking generation 15
------------------------- TRACKING ---------------------------
Matrix Hash: 9cdc2de59cbe703a, num_times_seen_before: 0
ACC: 0.3421052631578947
TPR/FPR: 0.9166666666666666, 0.7922077922077922
Loss: 0.11862337589263916
Timestamp: 2015.4121420729998
---------------------------------------------------------------
Candidate: 8a2ea403d8e81248. Changes:14
Mean loss in evaluation epoch: 0.12008892744779587, epochs needed: 200
will accept with prob tensor(0.7966)
accepting!
Mean loss in evaluation epoch: 0.12302114069461823, epochs needed: 200


 Tracking generation 16
------------------------- TRACKING ---------------------------
Matrix Hash: 8a2ea403d8e81248, num_times_seen_before: 0
ACC: 0.3631578947368421
TPR/FPR: 0.8611111111111112, 0.7532467532467533
Loss: 0.12302114069461823
Timestamp: 2149.049537129
---------------------------------------------------------------
Candidate: 08bc9fa3b27962a3. Changes:17
Mean loss in evaluation epoch: 0.12187321484088898, epochs needed: 200
smaller, so accepting
Mean loss in evaluation epoch: 0.11694452911615372, epochs needed: 200


 Tracking generation 17
------------------------- TRACKING ---------------------------
Matrix Hash: 08bc9fa3b27962a3, num_times_seen_before: 0
ACC: 0.33684210526315794
TPR/FPR: 0.8611111111111112, 0.7857142857142857
Loss: 0.11694452911615372
Timestamp: 2281.689882448
---------------------------------------------------------------
Candidate: 0ea932e089014244. Changes:13
Mean loss in evaluation epoch: 0.11579163372516632, epochs needed: 200
smaller, so accepting
Mean loss in evaluation epoch: 0.11515722423791885, epochs needed: 200


 Tracking generation 18
------------------------- TRACKING ---------------------------
Matrix Hash: 0ea932e089014244, num_times_seen_before: 0
ACC: 0.3421052631578947
TPR/FPR: 0.8888888888888888, 0.7857142857142857
Loss: 0.11515722423791885
Timestamp: 2413.722346702
---------------------------------------------------------------
Candidate: b809a360647d186f. Changes:23
Mean loss in evaluation epoch: 0.11872424185276031, epochs needed: 200
will accept with prob tensor(0.5394)
rejecting.
Mean loss in evaluation epoch: 0.11576574295759201, epochs needed: 200


 Tracking generation 19
------------------------- TRACKING ---------------------------
Matrix Hash: 0ea932e089014244, num_times_seen_before: 1
ACC: 0.3421052631578947
TPR/FPR: 0.8888888888888888, 0.7857142857142857
Loss: 0.11576574295759201
Timestamp: 2546.42470383
---------------------------------------------------------------
Candidate: 57d96da1ae87d510. Changes:25
Mean loss in evaluation epoch: 0.12114065140485764, epochs needed: 200
will accept with prob tensor(0.3800)
rejecting.
Mean loss in evaluation epoch: 0.1168370470404625, epochs needed: 200


 Tracking generation 20
------------------------- TRACKING ---------------------------
Matrix Hash: 0ea932e089014244, num_times_seen_before: 2
ACC: 0.3421052631578947
TPR/FPR: 0.8888888888888888, 0.7857142857142857
Loss: 0.1168370470404625
Timestamp: 2678.754498957
---------------------------------------------------------------
Candidate: 27cfb4159808887e. Changes:17
Mean loss in evaluation epoch: 0.12202776968479156, epochs needed: 200
will accept with prob tensor(0.3778)
rejecting.
Mean loss in evaluation epoch: 0.11580903828144073, epochs needed: 200


 Tracking generation 21
------------------------- TRACKING ---------------------------
Matrix Hash: 0ea932e089014244, num_times_seen_before: 3
ACC: 0.3421052631578947
TPR/FPR: 0.8888888888888888, 0.7857142857142857
Loss: 0.11580903828144073
Timestamp: 2811.726095573
---------------------------------------------------------------
Candidate: e135b6ebe95a478f. Changes:12
Mean loss in evaluation epoch: 0.11524833738803864, epochs needed: 200
smaller, so accepting
Mean loss in evaluation epoch: 0.11486586183309555, epochs needed: 200


 Tracking generation 22
------------------------- TRACKING ---------------------------
Matrix Hash: e135b6ebe95a478f, num_times_seen_before: 0
ACC: 0.32105263157894737
TPR/FPR: 0.8888888888888888, 0.8116883116883117
Loss: 0.11486586183309555
Timestamp: 2944.618765618
---------------------------------------------------------------
Candidate: a21d5d36ac55f35b. Changes:15
Mean loss in evaluation epoch: 0.1177818775177002, epochs needed: 200
will accept with prob tensor(0.5508)
accepting!
Mean loss in evaluation epoch: 0.11814496666193008, epochs needed: 200


 Tracking generation 23
------------------------- TRACKING ---------------------------
Matrix Hash: a21d5d36ac55f35b, num_times_seen_before: 0
ACC: 0.368421052631579
TPR/FPR: 0.8333333333333334, 0.7402597402597403
Loss: 0.11814496666193008
Timestamp: 3078.064861659
---------------------------------------------------------------
Candidate: 14f7233e2b66e4a5. Changes:12
Mean loss in evaluation epoch: 0.12308486551046371, epochs needed: 200
will accept with prob tensor(0.3470)
rejecting.
Mean loss in evaluation epoch: 0.11661505699157715, epochs needed: 200


 Tracking generation 24
------------------------- TRACKING ---------------------------
Matrix Hash: a21d5d36ac55f35b, num_times_seen_before: 1
ACC: 0.368421052631579
TPR/FPR: 0.8333333333333334, 0.7402597402597403
Loss: 0.11661505699157715
Timestamp: 3210.891019181
---------------------------------------------------------------
Candidate: 7d732c17e4b5853f. Changes:15
Mean loss in evaluation epoch: 0.11690106242895126, epochs needed: 200
will accept with prob tensor(0.9377)
accepting!
Mean loss in evaluation epoch: 0.12186045944690704, epochs needed: 200


 Tracking generation 25
------------------------- TRACKING ---------------------------
Matrix Hash: 7d732c17e4b5853f, num_times_seen_before: 0
ACC: 0.3421052631578947
TPR/FPR: 0.8611111111111112, 0.7792207792207793
Loss: 0.12186045944690704
Timestamp: 3344.267271926
---------------------------------------------------------------
Candidate: eb1fc369bde3d25c. Changes:25
Mean loss in evaluation epoch: 0.1223059669137001, epochs needed: 200
will accept with prob tensor(0.8999)
accepting!
Mean loss in evaluation epoch: 0.119319848716259, epochs needed: 200


 Tracking generation 26
------------------------- TRACKING ---------------------------
Matrix Hash: eb1fc369bde3d25c, num_times_seen_before: 0
ACC: 0.41052631578947374
TPR/FPR: 0.8333333333333334, 0.6883116883116883
Loss: 0.119319848716259
Timestamp: 3481.026726381
---------------------------------------------------------------
Candidate: 69579a93b03d6fb2. Changes:18
Mean loss in evaluation epoch: 0.1184738427400589, epochs needed: 200
smaller, so accepting
Mean loss in evaluation epoch: 0.11473088711500168, epochs needed: 200


 Tracking generation 27
------------------------- TRACKING ---------------------------
Matrix Hash: 69579a93b03d6fb2, num_times_seen_before: 0
ACC: 0.33684210526315794
TPR/FPR: 0.8333333333333334, 0.7792207792207793
Loss: 0.11473088711500168
Timestamp: 3614.460699959
---------------------------------------------------------------
Candidate: 196f6011acd673f6. Changes:18
Mean loss in evaluation epoch: 0.12062275409698486, epochs needed: 200
will accept with prob tensor(0.2102)
rejecting.
Mean loss in evaluation epoch: 0.11720374971628189, epochs needed: 200


 Tracking generation 28
------------------------- TRACKING ---------------------------
Matrix Hash: 69579a93b03d6fb2, num_times_seen_before: 1
ACC: 0.33684210526315794
TPR/FPR: 0.8333333333333334, 0.7792207792207793
Loss: 0.11720374971628189
Timestamp: 3748.029325142
---------------------------------------------------------------
Candidate: b67e90c084c6176a. Changes:18
Mean loss in evaluation epoch: 0.12243171781301498, epochs needed: 200
will accept with prob tensor(0.2298)
rejecting.
Mean loss in evaluation epoch: 0.11624784767627716, epochs needed: 200


 Tracking generation 29
------------------------- TRACKING ---------------------------
Matrix Hash: 69579a93b03d6fb2, num_times_seen_before: 2
ACC: 0.33684210526315794
TPR/FPR: 0.8333333333333334, 0.7792207792207793
Loss: 0.11624784767627716
Timestamp: 3881.736143938
---------------------------------------------------------------
Candidate: 1b6a2e9f62f450ae. Changes:19
Mean loss in evaluation epoch: 0.12318167835474014, epochs needed: 200
will accept with prob tensor(0.1249)
rejecting.
Mean loss in evaluation epoch: 0.11906594038009644, epochs needed: 200


 Tracking generation 30
------------------------- TRACKING ---------------------------
Matrix Hash: 69579a93b03d6fb2, num_times_seen_before: 3
ACC: 0.33684210526315794
TPR/FPR: 0.8333333333333334, 0.7792207792207793
Loss: 0.11906594038009644
Timestamp: 4015.593673573
---------------------------------------------------------------
Candidate: f8dc8d8c1fdbfdaf. Changes:12
Mean loss in evaluation epoch: 0.11497180908918381, epochs needed: 200
smaller, so accepting
Mean loss in evaluation epoch: 0.11582096666097641, epochs needed: 200


 Tracking generation 31
------------------------- TRACKING ---------------------------
Matrix Hash: f8dc8d8c1fdbfdaf, num_times_seen_before: 0
ACC: 0.2947368421052632
TPR/FPR: 0.8611111111111112, 0.8376623376623377
Loss: 0.11582096666097641
Timestamp: 4148.091469656
---------------------------------------------------------------
Candidate: 383c061ae036de37. Changes:14
Mean loss in evaluation epoch: 0.1176227554678917, epochs needed: 200
will accept with prob tensor(0.5360)
rejecting.
Mean loss in evaluation epoch: 0.11571791023015976, epochs needed: 200


 Tracking generation 32
------------------------- TRACKING ---------------------------
Matrix Hash: f8dc8d8c1fdbfdaf, num_times_seen_before: 1
ACC: 0.2947368421052632
TPR/FPR: 0.8611111111111112, 0.8376623376623377
Loss: 0.11571791023015976
Timestamp: 4281.378634941
---------------------------------------------------------------
Candidate: be0c2dd2731d7155. Changes:12
Mean loss in evaluation epoch: 0.11739356815814972, epochs needed: 200
will accept with prob tensor(0.5335)
rejecting.
Mean loss in evaluation epoch: 0.11565443128347397, epochs needed: 200


 Tracking generation 33
------------------------- TRACKING ---------------------------
Matrix Hash: f8dc8d8c1fdbfdaf, num_times_seen_before: 2
ACC: 0.2947368421052632
TPR/FPR: 0.8611111111111112, 0.8376623376623377
Loss: 0.11565443128347397
Timestamp: 4414.0486325150005
---------------------------------------------------------------
Candidate: 181de21cb63f7e6f. Changes:10
Mean loss in evaluation epoch: 0.11525418609380722, epochs needed: 200
smaller, so accepting
Mean loss in evaluation epoch: 0.11515749990940094, epochs needed: 200


 Tracking generation 34
------------------------- TRACKING ---------------------------
Matrix Hash: 181de21cb63f7e6f, num_times_seen_before: 0
ACC: 0.3157894736842105
TPR/FPR: 0.8333333333333334, 0.8051948051948052
Loss: 0.11515749990940094
Timestamp: 4547.584982415
---------------------------------------------------------------
Candidate: 412e4872afa43e05. Changes:13
Mean loss in evaluation epoch: 0.11911938339471817, epochs needed: 200
will accept with prob tensor(0.1682)
rejecting.
Mean loss in evaluation epoch: 0.11599848419427872, epochs needed: 200


 Tracking generation 35
------------------------- TRACKING ---------------------------
Matrix Hash: 181de21cb63f7e6f, num_times_seen_before: 1
ACC: 0.3157894736842105
TPR/FPR: 0.8333333333333334, 0.8051948051948052
Loss: 0.11599848419427872
Timestamp: 4680.805085076
---------------------------------------------------------------
Candidate: 492e9b761d2dcb64. Changes:9
Mean loss in evaluation epoch: 0.11277987062931061, epochs needed: 200
smaller, so accepting
Mean loss in evaluation epoch: 0.11323566734790802, epochs needed: 200


 Tracking generation 36
------------------------- TRACKING ---------------------------
Matrix Hash: 492e9b761d2dcb64, num_times_seen_before: 0
ACC: 0.30000000000000004
TPR/FPR: 0.8611111111111112, 0.8311688311688312
Loss: 0.11323566734790802
Timestamp: 4818.094659637
---------------------------------------------------------------
Candidate: 41d447114f08fa2f. Changes:7
Mean loss in evaluation epoch: 0.11233025044202805, epochs needed: 200
smaller, so accepting
Mean loss in evaluation epoch: 0.11437039822340012, epochs needed: 200


 Tracking generation 37
------------------------- TRACKING ---------------------------
Matrix Hash: 41d447114f08fa2f, num_times_seen_before: 0
ACC: 0.3052631578947368
TPR/FPR: 0.8333333333333334, 0.8181818181818182
Loss: 0.11437039822340012
Timestamp: 4951.300979564
---------------------------------------------------------------
Candidate: b392f8f1be921e63. Changes:9
Mean loss in evaluation epoch: 0.11604086309671402, epochs needed: 200
will accept with prob tensor(0.3417)
accepting!
Mean loss in evaluation epoch: 0.1153603345155716, epochs needed: 200


 Tracking generation 38
------------------------- TRACKING ---------------------------
Matrix Hash: b392f8f1be921e63, num_times_seen_before: 0
ACC: 0.31052631578947365
TPR/FPR: 0.8333333333333334, 0.8116883116883117
Loss: 0.1153603345155716
Timestamp: 5084.781943572
---------------------------------------------------------------
Candidate: 6c368d7973990b7d. Changes:7
Mean loss in evaluation epoch: 0.11429309844970703, epochs needed: 200
smaller, so accepting
Mean loss in evaluation epoch: 0.11378868669271469, epochs needed: 200


 Tracking generation 39
------------------------- TRACKING ---------------------------
Matrix Hash: 6c368d7973990b7d, num_times_seen_before: 0
ACC: 0.28421052631578947
TPR/FPR: 0.8333333333333334, 0.8441558441558441
Loss: 0.11378868669271469
Timestamp: 5217.663641632001
---------------------------------------------------------------
Candidate: 874ef867865c7eff. Changes:11
Mean loss in evaluation epoch: 0.11866050213575363, epochs needed: 200
will accept with prob tensor(0.0125)
rejecting.
Mean loss in evaluation epoch: 0.11263854801654816, epochs needed: 200


 Tracking generation 40
------------------------- TRACKING ---------------------------
Matrix Hash: 6c368d7973990b7d, num_times_seen_before: 1
ACC: 0.28421052631578947
TPR/FPR: 0.8333333333333334, 0.8441558441558441
Loss: 0.11263854801654816
Timestamp: 5350.820042041
---------------------------------------------------------------
Candidate: 73f4d0bececf08fd. Changes:12
Mean loss in evaluation epoch: 0.1189224123954773, epochs needed: 200
will accept with prob tensor(0.0009)
rejecting.
Mean loss in evaluation epoch: 0.1154656931757927, epochs needed: 200


 Tracking generation 41
------------------------- TRACKING ---------------------------
Matrix Hash: 6c368d7973990b7d, num_times_seen_before: 2
ACC: 0.28421052631578947
TPR/FPR: 0.8333333333333334, 0.8441558441558441
Loss: 0.1154656931757927
Timestamp: 5484.2027530000005
---------------------------------------------------------------
Candidate: f69b93a8d1c8dd51. Changes:9
Mean loss in evaluation epoch: 0.11862622946500778, epochs needed: 200
will accept with prob tensor(0.0087)
rejecting.
Mean loss in evaluation epoch: 0.11366063356399536, epochs needed: 200


 Tracking generation 42
------------------------- TRACKING ---------------------------
Matrix Hash: 6c368d7973990b7d, num_times_seen_before: 3
ACC: 0.28421052631578947
TPR/FPR: 0.8333333333333334, 0.8441558441558441
Loss: 0.11366063356399536
Timestamp: 5617.529588866
---------------------------------------------------------------
Candidate: ad641887e7645947. Changes:10
Mean loss in evaluation epoch: 0.1198105439543724, epochs needed: 200
will accept with prob tensor(9.7845e-07)
rejecting.
Mean loss in evaluation epoch: 0.11606015264987946, epochs needed: 200


 Tracking generation 43
------------------------- TRACKING ---------------------------
Matrix Hash: 6c368d7973990b7d, num_times_seen_before: 4
ACC: 0.28421052631578947
TPR/FPR: 0.8333333333333334, 0.8441558441558441
Loss: 0.11606015264987946
Timestamp: 5750.956242589001
---------------------------------------------------------------
Candidate: 0fbdbdd7a59d220f. Changes:11
Mean loss in evaluation epoch: 0.11809473484754562, epochs needed: 200
will accept with prob tensor(0.0001)
rejecting.
Mean loss in evaluation epoch: 0.11242323368787766, epochs needed: 200


 Tracking generation 44
------------------------- TRACKING ---------------------------
Matrix Hash: 6c368d7973990b7d, num_times_seen_before: 5
ACC: 0.28421052631578947
TPR/FPR: 0.8333333333333334, 0.8441558441558441
Loss: 0.11242323368787766
Timestamp: 5884.605388169
---------------------------------------------------------------
Candidate: 278dd85c76f888d5. Changes:11
Mean loss in evaluation epoch: 0.11778511852025986, epochs needed: 200
will accept with prob tensor(0.)
rejecting.
------------------------- TRACKING ---------------------------
Matrix Hash: 6c368d7973990b7d, num_times_seen_before: 6
ACC: 0.28421052631578947
TPR/FPR: 0.8333333333333334, 0.8441558441558441
Loss: 0.11242323368787766
Timestamp: 5961.298274679
---------------------------------------------------------------
Time needed: 6021.946741455 sec
