num samples: 1000
NUM_TRAIN_SAMPLES: 1000
NUM_TRAIN_BATCHES: 10
NUM_TEST_SAMPLES: 1000
NUM_TEST_BATCHES: 10
BATCH_SIZE: 100
HIDDEN_SIZE: 128
NUM_DYN_EPOCHS: 50
IS_CONTINUOUS: True
USE_MAX: False
../data/final/cml/timeseries_ba50_1k_4.pickle
../data/final/edges_ba50.pickle
CONTINUATION: False
CONT_ADDRESS: D:\Uni\BA\ColabOutputs\ba20\2020-12-10T22_50_22.113418
SEED: 0
NUM_DYN_EPOCHS: 50
NUM_DYN_EPOCHS_INIT: 200
DETECT_EARLY_CONVERGENCE: False
RESET_DYN_LEARNER_EVERY_NTH_GEN: 5
POP_SIZE: 10
NEWPOP_SIZE: 40
NUM_GEN: 45
USE_NODEWISE_EVALUATION: False
USE_EVALEPOCH_FOR_GUIDED_MUTATION: False
USE_DETERMINISTIC_EVAL: False
FORMAT: standard
--------------------- Start training ------------------------
evaluating individudal 0 - 5ad31ee666a8e6ff. Mean loss in evaluation epoch: 0.11561479419469833, epochs needed: 200
evaluating individudal 1 - 057d16aed48da3b0. Mean loss in evaluation epoch: 0.13111691176891327, epochs needed: 200
evaluating individudal 2 - 0344642c23ec41b6. Mean loss in evaluation epoch: 0.1241844892501831, epochs needed: 200
evaluating individudal 3 - 2536f400480c0930. Mean loss in evaluation epoch: 0.12345483154058456, epochs needed: 200
evaluating individudal 4 - 6a58f30e2404dea5. Mean loss in evaluation epoch: 0.1151013970375061, epochs needed: 200
evaluating individudal 5 - c54d3ce38daefac9. Mean loss in evaluation epoch: 0.11616066843271255, epochs needed: 200
evaluating individudal 6 - d60827aab569bae1. Mean loss in evaluation epoch: 0.11558735370635986, epochs needed: 200
evaluating individudal 7 - b3d7b9d8296b4c4c. Mean loss in evaluation epoch: 0.11895765364170074, epochs needed: 200
evaluating individudal 8 - fedd05d296028a0a. Mean loss in evaluation epoch: 0.1219157949090004, epochs needed: 200
evaluating individudal 9 - 47b159958b75b520. Mean loss in evaluation epoch: 0.1236703172326088, epochs needed: 200
Round 0 done. -----------------------------------------
------------------------- TRACKING ---------------------------
Matrix Hash: 6a58f30e2404dea5, num_times_seen_before: 0
ACC: 0.48081632653061224
TPR/FPR: 0.4375, 0.5155004428697962
Loss: 0.1151013970375061
Timestamp: 0
---------------------------------------------------------------
evaluating individudal 0 - 0d3609b06b3d79e6. Mean loss in evaluation epoch: 0.12297971546649933, epochs needed: 200
evaluating individudal 1 - f39664281c70507f. Mean loss in evaluation epoch: 0.11801721900701523, epochs needed: 200
evaluating individudal 2 - 62cef05c77d704f8. Mean loss in evaluation epoch: 0.1180482730269432, epochs needed: 200
evaluating individudal 3 - 81d1017ac6d96fef. Mean loss in evaluation epoch: 0.1146325096487999, epochs needed: 200
evaluating individudal 4 - dc47fe3975c72452. Mean loss in evaluation epoch: 0.11687640100717545, epochs needed: 200
evaluating individudal 5 - 762dcda70346452c. Mean loss in evaluation epoch: 0.12480545043945312, epochs needed: 200
evaluating individudal 6 - 7566d7283c24d612. Mean loss in evaluation epoch: 0.12160314619541168, epochs needed: 200
evaluating individudal 7 - 05904cb9b4844446. Mean loss in evaluation epoch: 0.11543575674295425, epochs needed: 200
evaluating individudal 8 - c4dcb1f7339af61a. Mean loss in evaluation epoch: 0.11717622727155685, epochs needed: 200
evaluating individudal 9 - 8337f88a228e2d91. Mean loss in evaluation epoch: 0.11916383355855942, epochs needed: 200
evaluating individudal 10 - 1e1ead229f1f795c. Mean loss in evaluation epoch: 0.11619632691144943, epochs needed: 200
evaluating individudal 11 - a7c0e3848b14a856. Mean loss in evaluation epoch: 0.12057022005319595, epochs needed: 200
evaluating individudal 12 - 162bb1ae30e91380. Mean loss in evaluation epoch: 0.1259186714887619, epochs needed: 200
evaluating individudal 13 - de4de11b1f305ea2. Mean loss in evaluation epoch: 0.11551041901111603, epochs needed: 200
evaluating individudal 14 - 6db22598f42dea42. Mean loss in evaluation epoch: 0.12165556102991104, epochs needed: 200
evaluating individudal 15 - 7ee2c9c65ef4e189. Mean loss in evaluation epoch: 0.11900804191827774, epochs needed: 200
evaluating individudal 16 - 735cff5381c1416a. Mean loss in evaluation epoch: 0.12276811897754669, epochs needed: 200
evaluating individudal 17 - 97685106f39dac0b. Mean loss in evaluation epoch: 0.12782244384288788, epochs needed: 200
evaluating individudal 18 - 33f511c970c324a2. Mean loss in evaluation epoch: 0.12284433841705322, epochs needed: 200
evaluating individudal 19 - f5ba7162c876a27c. Mean loss in evaluation epoch: 0.1293148249387741, epochs needed: 200
evaluating individudal 20 - 3fb561b6f374f2cd. Mean loss in evaluation epoch: 0.12007682770490646, epochs needed: 200
evaluating individudal 21 - c9eb96fc20dba296. Mean loss in evaluation epoch: 0.11447417736053467, epochs needed: 200
evaluating individudal 22 - 9ab795ec885a31b5. Mean loss in evaluation epoch: 0.12222450971603394, epochs needed: 200
evaluating individudal 23 - b5aac9b897e8aeb8. Mean loss in evaluation epoch: 0.1277671605348587, epochs needed: 200
evaluating individudal 24 - 139947ebb02ed7f5. Mean loss in evaluation epoch: 0.11824796348810196, epochs needed: 200
evaluating individudal 25 - bf2f488b74b4c51a. Mean loss in evaluation epoch: 0.11553549766540527, epochs needed: 200
evaluating individudal 26 - 13de047fb1c16465. Mean loss in evaluation epoch: 0.11733460426330566, epochs needed: 200
evaluating individudal 27 - 12bfa3a5170c8ddf. Mean loss in evaluation epoch: 0.1217622384428978, epochs needed: 200
evaluating individudal 28 - ca8e37924b24c528. Mean loss in evaluation epoch: 0.11761392652988434, epochs needed: 200
evaluating individudal 29 - 7991e4d3dd582f78. Mean loss in evaluation epoch: 0.12274960428476334, epochs needed: 200
evaluating individudal 30 - 609f38f2e8b4cf62. Mean loss in evaluation epoch: 0.11583925783634186, epochs needed: 200
evaluating individudal 31 - d6928ea906f9a615. Mean loss in evaluation epoch: 0.11593969911336899, epochs needed: 200
evaluating individudal 32 - d690f6d9caf729ff. Mean loss in evaluation epoch: 0.11959464848041534, epochs needed: 200
evaluating individudal 33 - e9dbcadd460a541d. Mean loss in evaluation epoch: 0.11801152676343918, epochs needed: 200
evaluating individudal 34 - d2af78c3857acd81. Mean loss in evaluation epoch: 0.11932267248630524, epochs needed: 200
evaluating individudal 35 - 89156d0e7728f578. Mean loss in evaluation epoch: 0.12349864095449448, epochs needed: 200
evaluating individudal 36 - 508557b515da6b3a. Mean loss in evaluation epoch: 0.11888070404529572, epochs needed: 200
evaluating individudal 37 - 152b8e4b6b25ce28. Mean loss in evaluation epoch: 0.13085566461086273, epochs needed: 200
evaluating individudal 38 - c0076c928ebfe3b3. Mean loss in evaluation epoch: 0.12049730122089386, epochs needed: 200
evaluating individudal 39 - e200c0057608b077. Mean loss in evaluation epoch: 0.1210179328918457, epochs needed: 200
evaluating individudal 0 - 5ad31ee666a8e6ff. Mean loss in evaluation epoch: 0.12596812844276428, epochs needed: 200
evaluating individudal 1 - 057d16aed48da3b0. Mean loss in evaluation epoch: 0.11770062893629074, epochs needed: 200
evaluating individudal 2 - 0344642c23ec41b6. Mean loss in evaluation epoch: 0.12292063236236572, epochs needed: 200
evaluating individudal 3 - 2536f400480c0930. Mean loss in evaluation epoch: 0.11765222996473312, epochs needed: 200
evaluating individudal 4 - 6a58f30e2404dea5. Mean loss in evaluation epoch: 0.12269952148199081, epochs needed: 200
evaluating individudal 5 - c54d3ce38daefac9. Mean loss in evaluation epoch: 0.12259016185998917, epochs needed: 200
evaluating individudal 6 - d60827aab569bae1. Mean loss in evaluation epoch: 0.11864220350980759, epochs needed: 200
evaluating individudal 7 - b3d7b9d8296b4c4c. Mean loss in evaluation epoch: 0.11637642234563828, epochs needed: 200
evaluating individudal 8 - fedd05d296028a0a. Mean loss in evaluation epoch: 0.1179039403796196, epochs needed: 200
evaluating individudal 9 - 47b159958b75b520. Mean loss in evaluation epoch: 0.12394614517688751, epochs needed: 200
Round 1 done. -----------------------------------------
------------------------- TRACKING ---------------------------
Matrix Hash: c9eb96fc20dba296, num_times_seen_before: 0
ACC: 0.5289795918367347
TPR/FPR: 0.5104166666666666, 0.46944198405668736
Loss: 0.11447417736053467
Timestamp: 13104.58104994
---------------------------------------------------------------
evaluating individudal 0 - 9d722f0e2ce0858a. Mean loss in evaluation epoch: 0.13513962924480438, epochs needed: 50
evaluating individudal 1 - 111ce406d6342a06. Mean loss in evaluation epoch: 0.13127510249614716, epochs needed: 50
evaluating individudal 2 - 51846ef87c1eb45b. Mean loss in evaluation epoch: 0.11604826897382736, epochs needed: 50
evaluating individudal 3 - bc6d8e488e7577e4. Mean loss in evaluation epoch: 0.12890417873859406, epochs needed: 50
evaluating individudal 4 - ebeac4d1c66370bc. Mean loss in evaluation epoch: 0.11240210384130478, epochs needed: 50
evaluating individudal 5 - 7b745115b1914c8b. Mean loss in evaluation epoch: 0.11569447815418243, epochs needed: 50
evaluating individudal 6 - 3ffa12a670107c97. Mean loss in evaluation epoch: 0.11556601524353027, epochs needed: 50
evaluating individudal 7 - 413d9d5aca63a293. Mean loss in evaluation epoch: 0.12345436960458755, epochs needed: 50
evaluating individudal 8 - 621fe67536adbb9e. Mean loss in evaluation epoch: 0.1352909654378891, epochs needed: 50
evaluating individudal 9 - ec43c4c84d567422. Mean loss in evaluation epoch: 0.13580062985420227, epochs needed: 50
evaluating individudal 10 - 1ff34d2f25d8d15c. Mean loss in evaluation epoch: 0.11525844782590866, epochs needed: 50
evaluating individudal 11 - c2edae72de8d69f3. Mean loss in evaluation epoch: 0.11478500813245773, epochs needed: 50
evaluating individudal 12 - b4ec9e978243e8ba. Mean loss in evaluation epoch: 0.12693677842617035, epochs needed: 50
evaluating individudal 13 - 7cf3ad7fa8945f5d. Mean loss in evaluation epoch: 0.11974599212408066, epochs needed: 50
evaluating individudal 14 - cbd55aa61406d1cb. Mean loss in evaluation epoch: 0.11813803762197495, epochs needed: 50
evaluating individudal 15 - 18d2fa81c055f4ac. Mean loss in evaluation epoch: 0.12006574869155884, epochs needed: 50
evaluating individudal 16 - 839808944b29e06e. Mean loss in evaluation epoch: 0.10929401218891144, epochs needed: 50
evaluating individudal 17 - 5691895db128e573. Mean loss in evaluation epoch: 0.11092207580804825, epochs needed: 50
evaluating individudal 18 - e0c03544d8ed314d. Mean loss in evaluation epoch: 0.12217611074447632, epochs needed: 50
evaluating individudal 19 - 85d3189fc0876390. Mean loss in evaluation epoch: 0.12409146875143051, epochs needed: 50
evaluating individudal 20 - abd2affc4c2386c2. Mean loss in evaluation epoch: 0.11914917081594467, epochs needed: 50
evaluating individudal 21 - 399cba83ff77045d. Mean loss in evaluation epoch: 0.1078043207526207, epochs needed: 50
evaluating individudal 22 - 6275ceb3b6a8a851. Mean loss in evaluation epoch: 0.12196238338947296, epochs needed: 50
evaluating individudal 23 - 384e520718e336bd. Mean loss in evaluation epoch: 0.11666836589574814, epochs needed: 50
evaluating individudal 24 - 31b3878bb2333a89. Mean loss in evaluation epoch: 0.11422183364629745, epochs needed: 50
evaluating individudal 25 - eb5b8c2ad39dbcd8. Mean loss in evaluation epoch: 0.13047859072685242, epochs needed: 50
evaluating individudal 26 - 97d8eb39c1895d8c. Mean loss in evaluation epoch: 0.12459059059619904, epochs needed: 50
evaluating individudal 27 - 11aa107f16f04438. Mean loss in evaluation epoch: 0.11685311794281006, epochs needed: 50
evaluating individudal 28 - e67839073600b9b7. Mean loss in evaluation epoch: 0.13305741548538208, epochs needed: 50
evaluating individudal 29 - 068ec4e59e1e54f2. Mean loss in evaluation epoch: 0.19173453748226166, epochs needed: 50
evaluating individudal 30 - 97c7334aebff7bc5. Mean loss in evaluation epoch: 0.10796262323856354, epochs needed: 50
evaluating individudal 31 - 661767fcd44ca53f. Mean loss in evaluation epoch: 0.11640842258930206, epochs needed: 50
evaluating individudal 32 - 3338736d30945ea8. Mean loss in evaluation epoch: 0.10971110314130783, epochs needed: 50
evaluating individudal 33 - ad72d39c530448b6. Mean loss in evaluation epoch: 0.11170746386051178, epochs needed: 50
evaluating individudal 34 - a800286043553609. Mean loss in evaluation epoch: 0.1124587208032608, epochs needed: 50
evaluating individudal 35 - 758decad5f51d16c. Mean loss in evaluation epoch: 0.12106875330209732, epochs needed: 50
evaluating individudal 36 - 8c067cf39028951f. Mean loss in evaluation epoch: 0.11655187606811523, epochs needed: 50
evaluating individudal 37 - 7d147deea6764c05. Mean loss in evaluation epoch: 0.11147792637348175, epochs needed: 50
evaluating individudal 38 - 175f87acfa5e40a4. Mean loss in evaluation epoch: 0.11105459183454514, epochs needed: 50
evaluating individudal 39 - 99585394989ecd8d. Mean loss in evaluation epoch: 0.11085698753595352, epochs needed: 50
evaluating individudal 0 - c9eb96fc20dba296. Mean loss in evaluation epoch: 0.11051838845014572, epochs needed: 50
evaluating individudal 1 - 81d1017ac6d96fef. Mean loss in evaluation epoch: 0.11177866905927658, epochs needed: 50
evaluating individudal 2 - 05904cb9b4844446. Mean loss in evaluation epoch: 0.11557992547750473, epochs needed: 50
evaluating individudal 3 - de4de11b1f305ea2. Mean loss in evaluation epoch: 0.10964913666248322, epochs needed: 50
evaluating individudal 4 - bf2f488b74b4c51a. Mean loss in evaluation epoch: 0.11073613166809082, epochs needed: 50
evaluating individudal 5 - 609f38f2e8b4cf62. Mean loss in evaluation epoch: 0.10806670039892197, epochs needed: 50
evaluating individudal 6 - d6928ea906f9a615. Mean loss in evaluation epoch: 0.11775626987218857, epochs needed: 50
evaluating individudal 7 - 1e1ead229f1f795c. Mean loss in evaluation epoch: 0.11584734916687012, epochs needed: 50
evaluating individudal 8 - b3d7b9d8296b4c4c. Mean loss in evaluation epoch: 0.1107262596487999, epochs needed: 50
evaluating individudal 9 - dc47fe3975c72452. Mean loss in evaluation epoch: 0.11115925759077072, epochs needed: 50
Round 2 done. -----------------------------------------
------------------------- TRACKING ---------------------------
Matrix Hash: 399cba83ff77045d, num_times_seen_before: 0
ACC: 0.5314285714285714
TPR/FPR: 0.5520833333333334, 0.47032772364924713
Loss: 0.1078043207526207
Timestamp: 16439.156835948997
---------------------------------------------------------------
evaluating individudal 0 - 7fc98b4aa3f74739. Mean loss in evaluation epoch: 0.11055494844913483, epochs needed: 50
evaluating individudal 1 - 6da85614dee2379d. Mean loss in evaluation epoch: 0.10714743286371231, epochs needed: 50
evaluating individudal 2 - 5f54a79e767672ca. Mean loss in evaluation epoch: 0.10878238826990128, epochs needed: 50
evaluating individudal 3 - 10e75baaf533ae99. Mean loss in evaluation epoch: 0.1117282435297966, epochs needed: 50
evaluating individudal 4 - 811c8852bbd0b431. Mean loss in evaluation epoch: 0.11242827028036118, epochs needed: 50
evaluating individudal 5 - d233b7a5e181e0cc. Mean loss in evaluation epoch: 0.10789193958044052, epochs needed: 50
evaluating individudal 6 - 3f3a79489070ca9a. Mean loss in evaluation epoch: 0.10750998556613922, epochs needed: 50
evaluating individudal 7 - 109105bddf811bf6. Mean loss in evaluation epoch: 0.10720165073871613, epochs needed: 50
evaluating individudal 8 - 0ef744e2c82a704b. Mean loss in evaluation epoch: 0.12044417858123779, epochs needed: 50
evaluating individudal 9 - 204f2c5f00bf0221. Mean loss in evaluation epoch: 0.11386781185865402, epochs needed: 50
evaluating individudal 10 - 78d614cb177a473d. Mean loss in evaluation epoch: 0.12781532108783722, epochs needed: 50
evaluating individudal 11 - f177b203515d7697. Mean loss in evaluation epoch: 0.11348295211791992, epochs needed: 50
evaluating individudal 12 - be8ba831acc3cbd3. Mean loss in evaluation epoch: 0.10686437040567398, epochs needed: 50
evaluating individudal 13 - 8e8320c457c9b7c8. Mean loss in evaluation epoch: 0.11259941011667252, epochs needed: 50
evaluating individudal 14 - 3ec30d006f32f6b0. Mean loss in evaluation epoch: 0.10799813270568848, epochs needed: 50
evaluating individudal 15 - 6ba85fa33e804408. Mean loss in evaluation epoch: 0.10832186043262482, epochs needed: 50
evaluating individudal 16 - 4b12f2359d739cbb. Mean loss in evaluation epoch: 0.10634012520313263, epochs needed: 50
evaluating individudal 17 - a0a2b85c78caa20d. Mean loss in evaluation epoch: 0.10759782046079636, epochs needed: 50
evaluating individudal 18 - 48f7f658d94006a3. Mean loss in evaluation epoch: 0.10951077938079834, epochs needed: 50
evaluating individudal 19 - 22b34965a45f320f. Mean loss in evaluation epoch: 0.11542379856109619, epochs needed: 50
evaluating individudal 20 - 2d615f15e54e6a2a. Mean loss in evaluation epoch: 0.10759540647268295, epochs needed: 50
evaluating individudal 21 - 271cc84ce380b64e. Mean loss in evaluation epoch: 0.10646118968725204, epochs needed: 50
evaluating individudal 22 - 43ab0f1aba9dfb07. Mean loss in evaluation epoch: 0.11149858683347702, epochs needed: 50
evaluating individudal 23 - 79a835d7f1cff768. Mean loss in evaluation epoch: 0.13150130212306976, epochs needed: 50
evaluating individudal 24 - e15bd55187d03b0a. Mean loss in evaluation epoch: 0.10653258860111237, epochs needed: 50
evaluating individudal 25 - 0240fa9e4a3ad466. Mean loss in evaluation epoch: 0.10657298564910889, epochs needed: 50
evaluating individudal 26 - 004291ae6e58a936. Mean loss in evaluation epoch: 0.10652263462543488, epochs needed: 50
evaluating individudal 27 - 7a426a14b1bd9d74. Mean loss in evaluation epoch: 0.10619334131479263, epochs needed: 50
evaluating individudal 28 - 129f5835b0a2ad1d. Mean loss in evaluation epoch: 0.10734029859304428, epochs needed: 50
evaluating individudal 29 - 07f7c3636582a486. Mean loss in evaluation epoch: 0.10634882748126984, epochs needed: 50
evaluating individudal 30 - 74a1429be01baa75. Mean loss in evaluation epoch: 0.10697782039642334, epochs needed: 50
evaluating individudal 31 - d3bffbfc813ca9c9. Mean loss in evaluation epoch: 0.11006268113851547, epochs needed: 50
evaluating individudal 32 - f7a05fc642b44789. Mean loss in evaluation epoch: 0.11402972787618637, epochs needed: 50
evaluating individudal 33 - 18b8638e865002e9. Mean loss in evaluation epoch: 0.10596983879804611, epochs needed: 50
evaluating individudal 34 - ac360e2aabfe40fb. Mean loss in evaluation epoch: 0.10616115480661392, epochs needed: 50
evaluating individudal 35 - d4b0705e622088ab. Mean loss in evaluation epoch: 0.10651160776615143, epochs needed: 50
evaluating individudal 36 - 38eb2bfcbdde7745. Mean loss in evaluation epoch: 0.12382180988788605, epochs needed: 50
evaluating individudal 37 - cc746c6779225a17. Mean loss in evaluation epoch: 0.10739951580762863, epochs needed: 50
evaluating individudal 38 - d618d25c7282aa77. Mean loss in evaluation epoch: 0.1097281351685524, epochs needed: 50
evaluating individudal 39 - 6372dd7ecdb1eac0. Mean loss in evaluation epoch: 0.1063947081565857, epochs needed: 50
evaluating individudal 0 - 399cba83ff77045d. Mean loss in evaluation epoch: 0.10584719479084015, epochs needed: 50
evaluating individudal 1 - 97c7334aebff7bc5. Mean loss in evaluation epoch: 0.10581766813993454, epochs needed: 50
evaluating individudal 2 - 609f38f2e8b4cf62. Mean loss in evaluation epoch: 0.10686955600976944, epochs needed: 50
evaluating individudal 3 - 839808944b29e06e. Mean loss in evaluation epoch: 0.10604824870824814, epochs needed: 50
evaluating individudal 4 - de4de11b1f305ea2. Mean loss in evaluation epoch: 0.11093594878911972, epochs needed: 50
evaluating individudal 5 - 3338736d30945ea8. Mean loss in evaluation epoch: 0.1075592041015625, epochs needed: 50
evaluating individudal 6 - c9eb96fc20dba296. Mean loss in evaluation epoch: 0.10734923928976059, epochs needed: 50
evaluating individudal 7 - b3d7b9d8296b4c4c. Mean loss in evaluation epoch: 0.10587288439273834, epochs needed: 50
evaluating individudal 8 - bf2f488b74b4c51a. Mean loss in evaluation epoch: 0.11076760292053223, epochs needed: 50
evaluating individudal 9 - 99585394989ecd8d. Mean loss in evaluation epoch: 0.10602932423353195, epochs needed: 50
Round 3 done. -----------------------------------------
------------------------- TRACKING ---------------------------
Matrix Hash: 97c7334aebff7bc5, num_times_seen_before: 0
ACC: 0.5281632653061225
TPR/FPR: 0.5833333333333334, 0.4765279007971656
Loss: 0.10581766813993454
Timestamp: 19772.266603668
---------------------------------------------------------------
evaluating individudal 0 - c9a78fa801a67913. Mean loss in evaluation epoch: 0.10495875030755997, epochs needed: 50
evaluating individudal 1 - efeb7536e8a33af3. Mean loss in evaluation epoch: 0.10408488661050797, epochs needed: 50
evaluating individudal 2 - e99d3500accf11e5. Mean loss in evaluation epoch: 0.10423123836517334, epochs needed: 50
evaluating individudal 3 - 464ff3c5e68d5c8c. Mean loss in evaluation epoch: 0.10430442541837692, epochs needed: 50
evaluating individudal 4 - c6cb340c4ffb1451. Mean loss in evaluation epoch: 0.10412514209747314, epochs needed: 50
evaluating individudal 5 - 93871ecc89649ee4. Mean loss in evaluation epoch: 0.10442862659692764, epochs needed: 50
evaluating individudal 6 - 6df472dbc8f1c972. Mean loss in evaluation epoch: 0.10556050390005112, epochs needed: 50
evaluating individudal 7 - 75ce9e60ac38d728. Mean loss in evaluation epoch: 0.10473135858774185, epochs needed: 50
evaluating individudal 8 - 324026df32f2900c. Mean loss in evaluation epoch: 0.10431068390607834, epochs needed: 50
evaluating individudal 9 - 582b84cd61f9bddf. Mean loss in evaluation epoch: 0.10555776208639145, epochs needed: 50
evaluating individudal 10 - 0eaacb2243f55764. Mean loss in evaluation epoch: 0.104462169110775, epochs needed: 50
evaluating individudal 11 - b3830050066a5527. Mean loss in evaluation epoch: 0.1050427183508873, epochs needed: 50
evaluating individudal 12 - 367a6d6e5d1b08bf. Mean loss in evaluation epoch: 0.10463130474090576, epochs needed: 50
evaluating individudal 13 - 19030f0ad275d612. Mean loss in evaluation epoch: 0.10416879504919052, epochs needed: 50
evaluating individudal 14 - d845188d1b76f3bd. Mean loss in evaluation epoch: 0.10484742373228073, epochs needed: 50
evaluating individudal 15 - 01c21b30a148dc22. Mean loss in evaluation epoch: 0.10442846268415451, epochs needed: 50
evaluating individudal 16 - 80f38cfc8dc784b9. Mean loss in evaluation epoch: 0.10582704842090607, epochs needed: 50
evaluating individudal 17 - c261f33e1af58dbf. Mean loss in evaluation epoch: 0.10447818040847778, epochs needed: 50
evaluating individudal 18 - ab864bc27775e609. Mean loss in evaluation epoch: 0.10389871895313263, epochs needed: 50
evaluating individudal 19 - 83e8060e1cd8dae1. Mean loss in evaluation epoch: 0.10592857748270035, epochs needed: 50
evaluating individudal 20 - b75156a3165584ab. Mean loss in evaluation epoch: 0.10440041124820709, epochs needed: 50
evaluating individudal 21 - 10a427a1c4a3f6dd. Mean loss in evaluation epoch: 0.10324378311634064, epochs needed: 50
evaluating individudal 22 - 295360f729b9ee31. Mean loss in evaluation epoch: 0.10459733009338379, epochs needed: 50
evaluating individudal 23 - df935344b1741bd8. Mean loss in evaluation epoch: 0.10356755554676056, epochs needed: 50
evaluating individudal 24 - 848c6a8975306a5e. Mean loss in evaluation epoch: 0.10438420623540878, epochs needed: 50
evaluating individudal 25 - 9b37b23c155cbcac. Mean loss in evaluation epoch: 0.10418983548879623, epochs needed: 50
evaluating individudal 26 - a0cf26924b1ff073. Mean loss in evaluation epoch: 0.10428209602832794, epochs needed: 50
evaluating individudal 27 - 20a1eebd818a7a09. Mean loss in evaluation epoch: 0.10363119840621948, epochs needed: 50
evaluating individudal 28 - 904a6422511a4fd7. Mean loss in evaluation epoch: 0.1043776273727417, epochs needed: 50
evaluating individudal 29 - 51aebf3fb2dc974d. Mean loss in evaluation epoch: 0.10403144359588623, epochs needed: 50
evaluating individudal 30 - ae5e0da86a77f1df. Mean loss in evaluation epoch: 0.10422792285680771, epochs needed: 50
evaluating individudal 31 - 7badabf55652314b. Mean loss in evaluation epoch: 0.10443577915430069, epochs needed: 50
evaluating individudal 32 - 8b0abfa0a2a4d13a. Mean loss in evaluation epoch: 0.10392731428146362, epochs needed: 50
evaluating individudal 33 - 581de8402ee08908. Mean loss in evaluation epoch: 0.10455464571714401, epochs needed: 50
evaluating individudal 34 - 241bfb09328de2f3. Mean loss in evaluation epoch: 0.10390990972518921, epochs needed: 50
evaluating individudal 35 - 042926951524eb3d. Mean loss in evaluation epoch: 0.10398484766483307, epochs needed: 50
evaluating individudal 36 - 48b8e22fc70016dc. Mean loss in evaluation epoch: 0.10367868095636368, epochs needed: 50
evaluating individudal 37 - d7b34c005c1f000e. Mean loss in evaluation epoch: 0.10371684283018112, epochs needed: 50
evaluating individudal 38 - b9faaf135123145b. Mean loss in evaluation epoch: 0.1038651093840599, epochs needed: 50
evaluating individudal 39 - 453289938ba0f28c. Mean loss in evaluation epoch: 0.10512632131576538, epochs needed: 50
evaluating individudal 0 - 97c7334aebff7bc5. Mean loss in evaluation epoch: 0.10522583872079849, epochs needed: 50
evaluating individudal 1 - 399cba83ff77045d. Mean loss in evaluation epoch: 0.10510652512311935, epochs needed: 50
evaluating individudal 2 - b3d7b9d8296b4c4c. Mean loss in evaluation epoch: 0.10570783913135529, epochs needed: 50
evaluating individudal 3 - 18b8638e865002e9. Mean loss in evaluation epoch: 0.10452933609485626, epochs needed: 50
evaluating individudal 4 - 99585394989ecd8d. Mean loss in evaluation epoch: 0.10519873350858688, epochs needed: 50
evaluating individudal 5 - 839808944b29e06e. Mean loss in evaluation epoch: 0.10520017147064209, epochs needed: 50
evaluating individudal 6 - ac360e2aabfe40fb. Mean loss in evaluation epoch: 0.10455702990293503, epochs needed: 50
evaluating individudal 7 - 7a426a14b1bd9d74. Mean loss in evaluation epoch: 0.10380726307630539, epochs needed: 50
evaluating individudal 8 - 4b12f2359d739cbb. Mean loss in evaluation epoch: 0.10554084926843643, epochs needed: 50
evaluating individudal 9 - 07f7c3636582a486. Mean loss in evaluation epoch: 0.10514779388904572, epochs needed: 50
Round 4 done. -----------------------------------------
------------------------- TRACKING ---------------------------
Matrix Hash: 10a427a1c4a3f6dd, num_times_seen_before: 0
ACC: 0.5559183673469388
TPR/FPR: 0.875, 0.4712134632418069
Loss: 0.10324378311634064
Timestamp: 23105.378994987
---------------------------------------------------------------
evaluating individudal 0 - 601912f1bb38dce8. Mean loss in evaluation epoch: 0.10250288248062134, epochs needed: 50
evaluating individudal 1 - 3f9a37cf213a73ba. Mean loss in evaluation epoch: 0.10299453884363174, epochs needed: 50
evaluating individudal 2 - 72383185a98305ea. Mean loss in evaluation epoch: 0.10284999758005142, epochs needed: 50
evaluating individudal 3 - 9594325564cf5a41. Mean loss in evaluation epoch: 0.10330376774072647, epochs needed: 50
evaluating individudal 4 - 0558121663fe36bb. Mean loss in evaluation epoch: 0.10310931503772736, epochs needed: 50
evaluating individudal 5 - 9997d9a5a47c9f6f. Mean loss in evaluation epoch: 0.10282029956579208, epochs needed: 50
evaluating individudal 6 - 15c1f9bc5cfaf20f. Mean loss in evaluation epoch: 0.10338766872882843, epochs needed: 50
evaluating individudal 7 - 3b89c1c98c6ed3be. Mean loss in evaluation epoch: 0.1025807186961174, epochs needed: 50
evaluating individudal 8 - e9f21ccbbcfd5c5e. Mean loss in evaluation epoch: 0.10331793129444122, epochs needed: 50
evaluating individudal 9 - 7fc1feb3922e0464. Mean loss in evaluation epoch: 0.10213010758161545, epochs needed: 50
evaluating individudal 10 - c35c802a5803aa57. Mean loss in evaluation epoch: 0.10238458961248398, epochs needed: 50
evaluating individudal 11 - 73a73ad246a3695e. Mean loss in evaluation epoch: 0.102579765021801, epochs needed: 50
evaluating individudal 12 - 8d4f50748745c19d. Mean loss in evaluation epoch: 0.1035749539732933, epochs needed: 50
evaluating individudal 13 - 9c0fff95d9a92a34. Mean loss in evaluation epoch: 0.10282669216394424, epochs needed: 50
evaluating individudal 14 - b68e38fe69bd4d9f. Mean loss in evaluation epoch: 0.10266023874282837, epochs needed: 50
evaluating individudal 15 - f36cd6b60e1f4f40. Mean loss in evaluation epoch: 0.10213599354028702, epochs needed: 50
evaluating individudal 16 - 06086bcdca8fc9da. Mean loss in evaluation epoch: 0.10258849710226059, epochs needed: 50
evaluating individudal 17 - 4d1ed816852e2414. Mean loss in evaluation epoch: 0.10283511877059937, epochs needed: 50
evaluating individudal 18 - 8afb8c1070bb30d4. Mean loss in evaluation epoch: 0.10225949436426163, epochs needed: 50
evaluating individudal 19 - d1e90ca014ba8ea6. Mean loss in evaluation epoch: 0.10282454639673233, epochs needed: 50
evaluating individudal 20 - bb87d6933aeca534. Mean loss in evaluation epoch: 0.1032983809709549, epochs needed: 50
evaluating individudal 21 - 0d6ebecc8b3897ce. Mean loss in evaluation epoch: 0.10301635414361954, epochs needed: 50
evaluating individudal 22 - 8b860d3685399a1f. Mean loss in evaluation epoch: 0.10238000005483627, epochs needed: 50
evaluating individudal 23 - 57aa03e29b3e441f. Mean loss in evaluation epoch: 0.10238943248987198, epochs needed: 50
evaluating individudal 24 - 56ca51a66c7847cb. Mean loss in evaluation epoch: 0.10261233150959015, epochs needed: 50
evaluating individudal 25 - c94ad80e80b9c35b. Mean loss in evaluation epoch: 0.10276203602552414, epochs needed: 50
evaluating individudal 26 - 10858e8117131f05. Mean loss in evaluation epoch: 0.1028592586517334, epochs needed: 50
evaluating individudal 27 - 1662788e2dda3a06. Mean loss in evaluation epoch: 0.1024770513176918, epochs needed: 50
evaluating individudal 28 - 7cec388f12718ca5. Mean loss in evaluation epoch: 0.10276440531015396, epochs needed: 50
evaluating individudal 29 - 75d0b69418c2ecba. Mean loss in evaluation epoch: 0.1022096648812294, epochs needed: 50
evaluating individudal 30 - 019a1ca70bee8be2. Mean loss in evaluation epoch: 0.10253923386335373, epochs needed: 50
evaluating individudal 31 - d5944f26493a6474. Mean loss in evaluation epoch: 0.10218997299671173, epochs needed: 50
evaluating individudal 32 - 214d39fecdae638a. Mean loss in evaluation epoch: 0.10170485824346542, epochs needed: 50
evaluating individudal 33 - 9191156a0db0d1c4. Mean loss in evaluation epoch: 0.10238271951675415, epochs needed: 50
evaluating individudal 34 - 79c9041484e25317. Mean loss in evaluation epoch: 0.10204849392175674, epochs needed: 50
evaluating individudal 35 - ca5248d6273937c3. Mean loss in evaluation epoch: 0.10203315317630768, epochs needed: 50
evaluating individudal 36 - 1fcb93db4c2bc9a2. Mean loss in evaluation epoch: 0.10289178043603897, epochs needed: 50
evaluating individudal 37 - 0c4d571062ada306. Mean loss in evaluation epoch: 0.10235513746738434, epochs needed: 50
evaluating individudal 38 - f29d5b324d1ab25b. Mean loss in evaluation epoch: 0.10205485671758652, epochs needed: 50
evaluating individudal 39 - bf26bab62f05fcf1. Mean loss in evaluation epoch: 0.10215269774198532, epochs needed: 50
evaluating individudal 0 - 10a427a1c4a3f6dd. Mean loss in evaluation epoch: 0.10264360904693604, epochs needed: 50
evaluating individudal 1 - df935344b1741bd8. Mean loss in evaluation epoch: 0.10304053127765656, epochs needed: 50
evaluating individudal 2 - 20a1eebd818a7a09. Mean loss in evaluation epoch: 0.10309895128011703, epochs needed: 50
evaluating individudal 3 - 48b8e22fc70016dc. Mean loss in evaluation epoch: 0.10243373364210129, epochs needed: 50
evaluating individudal 4 - d7b34c005c1f000e. Mean loss in evaluation epoch: 0.10380170494318008, epochs needed: 50
evaluating individudal 5 - 7a426a14b1bd9d74. Mean loss in evaluation epoch: 0.10325228422880173, epochs needed: 50
evaluating individudal 6 - b9faaf135123145b. Mean loss in evaluation epoch: 0.10316284000873566, epochs needed: 50
evaluating individudal 7 - ab864bc27775e609. Mean loss in evaluation epoch: 0.10295545309782028, epochs needed: 50
evaluating individudal 8 - 241bfb09328de2f3. Mean loss in evaluation epoch: 0.10331225395202637, epochs needed: 50
evaluating individudal 9 - 8b0abfa0a2a4d13a. Mean loss in evaluation epoch: 0.10302270948886871, epochs needed: 50
Round 5 done. -----------------------------------------
------------------------- TRACKING ---------------------------
Matrix Hash: 214d39fecdae638a, num_times_seen_before: 0
ACC: 0.5787755102040817
TPR/FPR: 0.96875, 0.45438441098317095
Loss: 0.10170485824346542
Timestamp: 26435.605959016
---------------------------------------------------------------
evaluating individudal 0 - ef919a1a6bb264e9. Mean loss in evaluation epoch: 0.1285891979932785, epochs needed: 200
evaluating individudal 1 - 70cf8cf12f3c4590. Mean loss in evaluation epoch: 0.13205109536647797, epochs needed: 200
evaluating individudal 2 - e5183736b4e96a21. Mean loss in evaluation epoch: 0.12081559002399445, epochs needed: 200
evaluating individudal 3 - 5564ef1c49673a78. Mean loss in evaluation epoch: 0.1311229020357132, epochs needed: 200
evaluating individudal 4 - c707aaaa4aaa6a1f. Mean loss in evaluation epoch: 0.12960074841976166, epochs needed: 200
evaluating individudal 5 - 94cde37310b7fa96. Mean loss in evaluation epoch: 0.12957563996315002, epochs needed: 200
evaluating individudal 6 - 7d9a477ef44bd5de. Mean loss in evaluation epoch: 0.11242933571338654, epochs needed: 200
evaluating individudal 7 - 6de239fa3ad193aa. Mean loss in evaluation epoch: 0.12010889500379562, epochs needed: 200
evaluating individudal 8 - 27d79bf42a7804fb. Mean loss in evaluation epoch: 0.12381579726934433, epochs needed: 200
evaluating individudal 9 - b9ce88dff26cbfc6. Mean loss in evaluation epoch: 0.11884403228759766, epochs needed: 200
evaluating individudal 10 - 3acf8f26bf134780. Mean loss in evaluation epoch: 0.1267222911119461, epochs needed: 200
evaluating individudal 11 - c255aad2d64bc68a. Mean loss in evaluation epoch: 0.1317983716726303, epochs needed: 200
evaluating individudal 12 - 37d977d43100fc54. Mean loss in evaluation epoch: 0.11922569572925568, epochs needed: 200
evaluating individudal 13 - 410e76da268e7f28. Mean loss in evaluation epoch: 0.13010068237781525, epochs needed: 200
evaluating individudal 14 - e9f8be94738a1fab. Mean loss in evaluation epoch: 0.12625129520893097, epochs needed: 200
evaluating individudal 15 - ba7da1820f3004cf. Mean loss in evaluation epoch: 0.11389116197824478, epochs needed: 200
evaluating individudal 16 - 84f09ac8f71c9bd4. Mean loss in evaluation epoch: 0.11594320833683014, epochs needed: 200
evaluating individudal 17 - aae8c5b8e5283d38. Mean loss in evaluation epoch: 0.11853539198637009, epochs needed: 200
evaluating individudal 18 - 24928bee8ebf761c. Mean loss in evaluation epoch: 0.12245304882526398, epochs needed: 200
evaluating individudal 19 - 7e4947ac37e6e288. Mean loss in evaluation epoch: 0.11770667880773544, epochs needed: 200
evaluating individudal 20 - 6c178654d83f5123. Mean loss in evaluation epoch: 0.12357740849256516, epochs needed: 200
evaluating individudal 21 - 59de9a7f3b963885. Mean loss in evaluation epoch: 0.11601350456476212, epochs needed: 200
evaluating individudal 22 - 49156db71f0de7ee. Mean loss in evaluation epoch: 0.12390970438718796, epochs needed: 200
evaluating individudal 23 - b058286dbab0e1ca. Mean loss in evaluation epoch: 0.10872717946767807, epochs needed: 200
evaluating individudal 24 - 3bd07196ad715edf. Mean loss in evaluation epoch: 0.12332332134246826, epochs needed: 200
evaluating individudal 25 - f6a9d093c8542818. Mean loss in evaluation epoch: 0.1293940395116806, epochs needed: 200
evaluating individudal 26 - ababe3a9b891a404. Mean loss in evaluation epoch: 0.12860099971294403, epochs needed: 200
evaluating individudal 27 - 1690f5866f6d34ce. Mean loss in evaluation epoch: 0.1197175532579422, epochs needed: 200
evaluating individudal 28 - 8bc21b6adb920e4b. Mean loss in evaluation epoch: 0.13134874403476715, epochs needed: 200
evaluating individudal 29 - 03379f13bc265897. Mean loss in evaluation epoch: 0.11116760224103928, epochs needed: 200
evaluating individudal 30 - ea57ff9d04bca3d8. Mean loss in evaluation epoch: 0.12161220610141754, epochs needed: 200
evaluating individudal 31 - 3a86139cb9d1d9c0. Mean loss in evaluation epoch: 0.11614234745502472, epochs needed: 200
evaluating individudal 32 - 84f9d493f0b96831. Mean loss in evaluation epoch: 0.11501675099134445, epochs needed: 200
evaluating individudal 33 - c21d9273ac92098a. Mean loss in evaluation epoch: 0.13109593093395233, epochs needed: 200
evaluating individudal 34 - b93892578788304c. Mean loss in evaluation epoch: 0.12223776429891586, epochs needed: 200
evaluating individudal 35 - c8f2036ae18cdfe8. Mean loss in evaluation epoch: 0.11367956548929214, epochs needed: 200
evaluating individudal 36 - 3010490d3562ff15. Mean loss in evaluation epoch: 0.12984152138233185, epochs needed: 200
evaluating individudal 37 - 1606ddc99e91939b. Mean loss in evaluation epoch: 0.13021449744701385, epochs needed: 200
evaluating individudal 38 - 6f46aa94c70e32c3. Mean loss in evaluation epoch: 0.12295744568109512, epochs needed: 200
evaluating individudal 39 - 37da585f307ec258. Mean loss in evaluation epoch: 0.13456526398658752, epochs needed: 200
evaluating individudal 0 - 214d39fecdae638a. Mean loss in evaluation epoch: 0.11940758675336838, epochs needed: 200
evaluating individudal 1 - ca5248d6273937c3. Mean loss in evaluation epoch: 0.1192854791879654, epochs needed: 200
evaluating individudal 2 - 79c9041484e25317. Mean loss in evaluation epoch: 0.135665163397789, epochs needed: 200
evaluating individudal 3 - f29d5b324d1ab25b. Mean loss in evaluation epoch: 0.11912484467029572, epochs needed: 200
evaluating individudal 4 - 7fc1feb3922e0464. Mean loss in evaluation epoch: 0.12994420528411865, epochs needed: 200
evaluating individudal 5 - f36cd6b60e1f4f40. Mean loss in evaluation epoch: 0.13003264367580414, epochs needed: 200
evaluating individudal 6 - bf26bab62f05fcf1. Mean loss in evaluation epoch: 0.11932267248630524, epochs needed: 200
evaluating individudal 7 - d5944f26493a6474. Mean loss in evaluation epoch: 0.12390538305044174, epochs needed: 200
evaluating individudal 8 - 75d0b69418c2ecba. Mean loss in evaluation epoch: 0.11190636456012726, epochs needed: 200
evaluating individudal 9 - 8afb8c1070bb30d4. Mean loss in evaluation epoch: 0.12613491714000702, epochs needed: 200
Round 6 done. -----------------------------------------
------------------------- TRACKING ---------------------------
Matrix Hash: b058286dbab0e1ca, num_times_seen_before: 0
ACC: 0.5746938775510204
TPR/FPR: 1.0, 0.46147032772364927
Loss: 0.10872717946767807
Timestamp: 39535.172304796
---------------------------------------------------------------
evaluating individudal 0 - 8fb4626dfb35fae8. Mean loss in evaluation epoch: 0.1140616312623024, epochs needed: 50
evaluating individudal 1 - f73b5e128f7d40a8. Mean loss in evaluation epoch: 0.11655659973621368, epochs needed: 50
evaluating individudal 2 - 7a3b7cd684b50028. Mean loss in evaluation epoch: 0.10998096317052841, epochs needed: 50
evaluating individudal 3 - 29aca906ff40c1e8. Mean loss in evaluation epoch: 0.1098904237151146, epochs needed: 50
evaluating individudal 4 - c7d46b2ca113db73. Mean loss in evaluation epoch: 0.11524176597595215, epochs needed: 50
evaluating individudal 5 - 7c80a388af2295e6. Mean loss in evaluation epoch: 0.10834403336048126, epochs needed: 50
evaluating individudal 6 - 113fc816f34e2ecd. Mean loss in evaluation epoch: 0.1072903499007225, epochs needed: 50
evaluating individudal 7 - 5ab2d00a78d047ee. Mean loss in evaluation epoch: 0.11032833158969879, epochs needed: 50
evaluating individudal 8 - f6eba13cc983b273. Mean loss in evaluation epoch: 0.11074083298444748, epochs needed: 50
evaluating individudal 9 - fbad98a9a681be15. Mean loss in evaluation epoch: 0.11162245273590088, epochs needed: 50
evaluating individudal 10 - 77f317815816ad36. Mean loss in evaluation epoch: 0.11277951300144196, epochs needed: 50
evaluating individudal 11 - 028d47220d3618c5. Mean loss in evaluation epoch: 0.10967642068862915, epochs needed: 50
evaluating individudal 12 - 2f9d6294a9cb970b. Mean loss in evaluation epoch: 0.10954612493515015, epochs needed: 50
evaluating individudal 13 - fb382fd1a1315e82. Mean loss in evaluation epoch: 0.10796432942152023, epochs needed: 50
evaluating individudal 14 - d3d2c654fe688ada. Mean loss in evaluation epoch: 0.10719764232635498, epochs needed: 50
evaluating individudal 15 - cb419c385b9c9484. Mean loss in evaluation epoch: 0.1096411943435669, epochs needed: 50
evaluating individudal 16 - 6dfd75102e16cfbd. Mean loss in evaluation epoch: 0.1083877831697464, epochs needed: 50
evaluating individudal 17 - a87fe0c624f26a99. Mean loss in evaluation epoch: 0.10662715882062912, epochs needed: 50
evaluating individudal 18 - 2c48c85a8a4ea185. Mean loss in evaluation epoch: 0.1723242849111557, epochs needed: 50
evaluating individudal 19 - 21a17f36fef089ae. Mean loss in evaluation epoch: 0.12324319034814835, epochs needed: 50
evaluating individudal 20 - a9dbd3529a9431ae. Mean loss in evaluation epoch: 0.10918784141540527, epochs needed: 50
evaluating individudal 21 - be84a71d00ffec84. Mean loss in evaluation epoch: 0.1110701709985733, epochs needed: 50
evaluating individudal 22 - bfebb033f5adf6ed. Mean loss in evaluation epoch: 0.10889381170272827, epochs needed: 50
evaluating individudal 23 - 852d10fa1351c26a. Mean loss in evaluation epoch: 0.10729674249887466, epochs needed: 50
evaluating individudal 24 - b98fa58e197036a7. Mean loss in evaluation epoch: 0.12081076204776764, epochs needed: 50
evaluating individudal 25 - 9e39180dd7552365. Mean loss in evaluation epoch: 0.10870768874883652, epochs needed: 50
evaluating individudal 26 - 1c7e1800d1a1c129. Mean loss in evaluation epoch: 0.10772848129272461, epochs needed: 50
evaluating individudal 27 - 2d01faa07b38f8ee. Mean loss in evaluation epoch: 0.10819635540246964, epochs needed: 50
evaluating individudal 28 - b6e5867c502bfb08. Mean loss in evaluation epoch: 0.10949748754501343, epochs needed: 50
evaluating individudal 29 - c9ad988ea8ee979b. Mean loss in evaluation epoch: 0.10788847506046295, epochs needed: 50
evaluating individudal 30 - c7c7b6f516bdd4e1. Mean loss in evaluation epoch: 0.1082180067896843, epochs needed: 50
evaluating individudal 31 - 794243e0ce856fe8. Mean loss in evaluation epoch: 0.10623908042907715, epochs needed: 50
evaluating individudal 32 - 78efd09cc74372ad. Mean loss in evaluation epoch: 0.10898850113153458, epochs needed: 50
evaluating individudal 33 - fc56634c9ae8b44e. Mean loss in evaluation epoch: 0.10771310329437256, epochs needed: 50
evaluating individudal 34 - a74aed39c99f790e. Mean loss in evaluation epoch: 0.10766822099685669, epochs needed: 50
evaluating individudal 35 - 22173405f92bdd9f. Mean loss in evaluation epoch: 0.10603208839893341, epochs needed: 50
evaluating individudal 36 - f8192e6badd8f707. Mean loss in evaluation epoch: 0.11336969584226608, epochs needed: 50
evaluating individudal 37 - 103ce6306e71cae9. Mean loss in evaluation epoch: 0.10860567539930344, epochs needed: 50
evaluating individudal 38 - cdd3042382623cb2. Mean loss in evaluation epoch: 0.10647337883710861, epochs needed: 50
evaluating individudal 39 - ade87050c15c4c30. Mean loss in evaluation epoch: 0.10826263576745987, epochs needed: 50
evaluating individudal 0 - b058286dbab0e1ca. Mean loss in evaluation epoch: 0.10587120056152344, epochs needed: 50
evaluating individudal 1 - 03379f13bc265897. Mean loss in evaluation epoch: 0.10777463763952255, epochs needed: 50
evaluating individudal 2 - 75d0b69418c2ecba. Mean loss in evaluation epoch: 0.117401622235775, epochs needed: 50
evaluating individudal 3 - 7d9a477ef44bd5de. Mean loss in evaluation epoch: 0.11188924312591553, epochs needed: 50
evaluating individudal 4 - c8f2036ae18cdfe8. Mean loss in evaluation epoch: 0.11166761070489883, epochs needed: 50
evaluating individudal 5 - ba7da1820f3004cf. Mean loss in evaluation epoch: 0.10838773101568222, epochs needed: 50
evaluating individudal 6 - 84f9d493f0b96831. Mean loss in evaluation epoch: 0.1243491917848587, epochs needed: 50
evaluating individudal 7 - 84f09ac8f71c9bd4. Mean loss in evaluation epoch: 0.12543684244155884, epochs needed: 50
evaluating individudal 8 - 59de9a7f3b963885. Mean loss in evaluation epoch: 0.1078440472483635, epochs needed: 50
evaluating individudal 9 - 3a86139cb9d1d9c0. Mean loss in evaluation epoch: 0.1072000041604042, epochs needed: 50
Round 7 done. -----------------------------------------
------------------------- TRACKING ---------------------------
Matrix Hash: b058286dbab0e1ca, num_times_seen_before: 1
ACC: 0.5746938775510204
TPR/FPR: 1.0, 0.46147032772364927
Loss: 0.10587120056152344
Timestamp: 42869.663324001
---------------------------------------------------------------
evaluating individudal 0 - 67e7f9f11c990517. Mean loss in evaluation epoch: 0.105243980884552, epochs needed: 50
evaluating individudal 1 - f7b071cbd0e4ef67. Mean loss in evaluation epoch: 0.1047712117433548, epochs needed: 50
evaluating individudal 2 - 94ac43a8f3a21fb9. Mean loss in evaluation epoch: 0.10503571480512619, epochs needed: 50
evaluating individudal 3 - 08311ddafc27e52d. Mean loss in evaluation epoch: 0.10749254375696182, epochs needed: 50
evaluating individudal 4 - ac5484793897c1f0. Mean loss in evaluation epoch: 0.10670953243970871, epochs needed: 50
evaluating individudal 5 - 731c732f89188b39. Mean loss in evaluation epoch: 0.10577990859746933, epochs needed: 50
evaluating individudal 6 - dac176d5dca01055. Mean loss in evaluation epoch: 0.10630767792463303, epochs needed: 50
evaluating individudal 7 - 35972bec00f6585e. Mean loss in evaluation epoch: 0.10793843120336533, epochs needed: 50
evaluating individudal 8 - 0da349af30dd474c. Mean loss in evaluation epoch: 0.10469571501016617, epochs needed: 50
evaluating individudal 9 - 0b9d828fe586cfa6. Mean loss in evaluation epoch: 0.10492674261331558, epochs needed: 50
evaluating individudal 10 - a23c8037acbf78ab. Mean loss in evaluation epoch: 0.10762536525726318, epochs needed: 50
evaluating individudal 11 - e78263b4034079c2. Mean loss in evaluation epoch: 0.11129061132669449, epochs needed: 50
evaluating individudal 12 - c962bfaa78774ba3. Mean loss in evaluation epoch: 0.1140841618180275, epochs needed: 50
evaluating individudal 13 - a55aa36a95902a7d. Mean loss in evaluation epoch: 0.10930833965539932, epochs needed: 50
evaluating individudal 14 - 739c12fbb436c6f7. Mean loss in evaluation epoch: 0.1061147004365921, epochs needed: 50
evaluating individudal 15 - 428c3aafd7bc3434. Mean loss in evaluation epoch: 0.10749876499176025, epochs needed: 50
evaluating individudal 16 - c80e6b5d434503d4. Mean loss in evaluation epoch: 0.10914207994937897, epochs needed: 50
evaluating individudal 17 - a6be35c5363c8d54. Mean loss in evaluation epoch: 0.10638051480054855, epochs needed: 50
evaluating individudal 18 - 251a51c850933cbe. Mean loss in evaluation epoch: 0.10584679991006851, epochs needed: 50
evaluating individudal 19 - 1141f0e1f38874d5. Mean loss in evaluation epoch: 0.10512268543243408, epochs needed: 50
evaluating individudal 20 - 8369d9579b19dfb3. Mean loss in evaluation epoch: 0.10511936992406845, epochs needed: 50
evaluating individudal 21 - 8e1d9b7263e1120c. Mean loss in evaluation epoch: 0.10585377365350723, epochs needed: 50
evaluating individudal 22 - ed7b0a9022d2067f. Mean loss in evaluation epoch: 0.10454783588647842, epochs needed: 50
evaluating individudal 23 - 3ea2416912423279. Mean loss in evaluation epoch: 0.1045808345079422, epochs needed: 50
evaluating individudal 24 - 6f87df42d26eeaf2. Mean loss in evaluation epoch: 0.10514090210199356, epochs needed: 50
evaluating individudal 25 - 4174358e33787183. Mean loss in evaluation epoch: 0.10706064850091934, epochs needed: 50
evaluating individudal 26 - 65428ab019bfa369. Mean loss in evaluation epoch: 0.1054934486746788, epochs needed: 50
evaluating individudal 27 - 73a6b24ec56f07ec. Mean loss in evaluation epoch: 0.10506696999073029, epochs needed: 50
evaluating individudal 28 - 8490c0b04d385ac6. Mean loss in evaluation epoch: 0.10454542934894562, epochs needed: 50
evaluating individudal 29 - f0b6a94dec701f03. Mean loss in evaluation epoch: 0.104932501912117, epochs needed: 50
evaluating individudal 30 - b1b739bd9adb1c4b. Mean loss in evaluation epoch: 0.10431145876646042, epochs needed: 50
evaluating individudal 31 - 2c2cb153fc3ceecc. Mean loss in evaluation epoch: 0.10600318759679794, epochs needed: 50
evaluating individudal 32 - 5e264430339f0ea2. Mean loss in evaluation epoch: 0.10437305271625519, epochs needed: 50
evaluating individudal 33 - c97a2593dff931f4. Mean loss in evaluation epoch: 0.10705625265836716, epochs needed: 50
evaluating individudal 34 - 4e738cd955f0a4eb. Mean loss in evaluation epoch: 0.10438139736652374, epochs needed: 50
evaluating individudal 35 - 89629204d73de1da. Mean loss in evaluation epoch: 0.1065288558602333, epochs needed: 50
evaluating individudal 36 - cdbe8752daf0a885. Mean loss in evaluation epoch: 0.10434015095233917, epochs needed: 50
evaluating individudal 37 - b2e80d36c3d9d728. Mean loss in evaluation epoch: 0.10600662231445312, epochs needed: 50
evaluating individudal 38 - 0e2a58b14882ef9a. Mean loss in evaluation epoch: 0.10632278025150299, epochs needed: 50
evaluating individudal 39 - 7fede8ac4248cd08. Mean loss in evaluation epoch: 0.10463020950555801, epochs needed: 50
evaluating individudal 0 - b058286dbab0e1ca. Mean loss in evaluation epoch: 0.10392027348279953, epochs needed: 50
evaluating individudal 1 - 22173405f92bdd9f. Mean loss in evaluation epoch: 0.1040741354227066, epochs needed: 50
evaluating individudal 2 - 794243e0ce856fe8. Mean loss in evaluation epoch: 0.10545529425144196, epochs needed: 50
evaluating individudal 3 - cdd3042382623cb2. Mean loss in evaluation epoch: 0.10499002039432526, epochs needed: 50
evaluating individudal 4 - a87fe0c624f26a99. Mean loss in evaluation epoch: 0.10491901636123657, epochs needed: 50
evaluating individudal 5 - d3d2c654fe688ada. Mean loss in evaluation epoch: 0.10423125326633453, epochs needed: 50
evaluating individudal 6 - 3a86139cb9d1d9c0. Mean loss in evaluation epoch: 0.10819567739963531, epochs needed: 50
evaluating individudal 7 - 113fc816f34e2ecd. Mean loss in evaluation epoch: 0.1065542921423912, epochs needed: 50
evaluating individudal 8 - 852d10fa1351c26a. Mean loss in evaluation epoch: 0.10395906120538712, epochs needed: 50
evaluating individudal 9 - a74aed39c99f790e. Mean loss in evaluation epoch: 0.10557403415441513, epochs needed: 50
Round 8 done. -----------------------------------------
------------------------- TRACKING ---------------------------
Matrix Hash: b058286dbab0e1ca, num_times_seen_before: 2
ACC: 0.5746938775510204
TPR/FPR: 1.0, 0.46147032772364927
Loss: 0.10392027348279953
Timestamp: 46202.349301786
---------------------------------------------------------------
evaluating individudal 0 - f2ae11d53daa174d. Mean loss in evaluation epoch: 0.1037789136171341, epochs needed: 50
evaluating individudal 1 - 6bc29cc181689a34. Mean loss in evaluation epoch: 0.10327179729938507, epochs needed: 50
evaluating individudal 2 - 3ab39e66d70c148b. Mean loss in evaluation epoch: 0.10303890705108643, epochs needed: 50
evaluating individudal 3 - e6a364e6c1e66f9b. Mean loss in evaluation epoch: 0.1041482612490654, epochs needed: 50
evaluating individudal 4 - 3de9b9a46029fb51. Mean loss in evaluation epoch: 0.10308023542165756, epochs needed: 50
evaluating individudal 5 - 60a9b361ccf85727. Mean loss in evaluation epoch: 0.10282566398382187, epochs needed: 50
evaluating individudal 6 - ee8aa7bb1d87787c. Mean loss in evaluation epoch: 0.1036740317940712, epochs needed: 50
evaluating individudal 7 - 1da6b0b9596afe22. Mean loss in evaluation epoch: 0.10394026339054108, epochs needed: 50
evaluating individudal 8 - 06499440cb8938f6. Mean loss in evaluation epoch: 0.10253806412220001, epochs needed: 50
evaluating individudal 9 - f5fe0144ad50f108. Mean loss in evaluation epoch: 0.10296904295682907, epochs needed: 50
evaluating individudal 10 - e9dbc60089f98234. Mean loss in evaluation epoch: 0.10261347144842148, epochs needed: 50
evaluating individudal 11 - 83f444e30c6dc7a6. Mean loss in evaluation epoch: 0.10266635566949844, epochs needed: 50
evaluating individudal 12 - 1f97dd22e7ff55e7. Mean loss in evaluation epoch: 0.10265523195266724, epochs needed: 50
evaluating individudal 13 - 7b4c5d3712b25de8. Mean loss in evaluation epoch: 0.10496144741773605, epochs needed: 50
evaluating individudal 14 - b519172359956d20. Mean loss in evaluation epoch: 0.10241787880659103, epochs needed: 50
evaluating individudal 15 - 312dad28c657a161. Mean loss in evaluation epoch: 0.10258375853300095, epochs needed: 50
evaluating individudal 16 - b6b23202a1019c25. Mean loss in evaluation epoch: 0.10231532901525497, epochs needed: 50
evaluating individudal 17 - 295d53e80628c5cf. Mean loss in evaluation epoch: 0.10261302441358566, epochs needed: 50
evaluating individudal 18 - 9c4df312446032a4. Mean loss in evaluation epoch: 0.10250259935855865, epochs needed: 50
evaluating individudal 19 - 41347a6d0cfde634. Mean loss in evaluation epoch: 0.10248930752277374, epochs needed: 50
evaluating individudal 20 - 889babcb643029f2. Mean loss in evaluation epoch: 0.10406644642353058, epochs needed: 50
evaluating individudal 21 - b1f3ea1f4a04f074. Mean loss in evaluation epoch: 0.10265505313873291, epochs needed: 50
evaluating individudal 22 - 7ec3c5c7bf25419f. Mean loss in evaluation epoch: 0.10286595672369003, epochs needed: 50
evaluating individudal 23 - 6dfbf4179a63fe56. Mean loss in evaluation epoch: 0.10276863723993301, epochs needed: 50
evaluating individudal 24 - 6a52a680f7fa1169. Mean loss in evaluation epoch: 0.10199978202581406, epochs needed: 50
evaluating individudal 25 - f77720524ccab361. Mean loss in evaluation epoch: 0.1026359349489212, epochs needed: 50
evaluating individudal 26 - 0d9184484fd02918. Mean loss in evaluation epoch: 0.10213662683963776, epochs needed: 50
evaluating individudal 27 - 0787a7ad14ca8e10. Mean loss in evaluation epoch: 0.10319943726062775, epochs needed: 50
evaluating individudal 28 - de7f00809678fe0a. Mean loss in evaluation epoch: 0.1024618148803711, epochs needed: 50
evaluating individudal 29 - bae89b43cca31e91. Mean loss in evaluation epoch: 0.10254404693841934, epochs needed: 50
evaluating individudal 30 - 145072eee032534b. Mean loss in evaluation epoch: 0.10351572185754776, epochs needed: 50
evaluating individudal 31 - 853c2a2b9efd7939. Mean loss in evaluation epoch: 0.10283198207616806, epochs needed: 50
evaluating individudal 32 - b115e45876874858. Mean loss in evaluation epoch: 0.10224281996488571, epochs needed: 50
evaluating individudal 33 - 6a8db6086f3f1e80. Mean loss in evaluation epoch: 0.1018705889582634, epochs needed: 50
evaluating individudal 34 - 1161a97f591ba68c. Mean loss in evaluation epoch: 0.10241051018238068, epochs needed: 50
evaluating individudal 35 - aac726f2f4d70a67. Mean loss in evaluation epoch: 0.10236775130033493, epochs needed: 50
evaluating individudal 36 - 9b01a013f0592a3f. Mean loss in evaluation epoch: 0.10283004492521286, epochs needed: 50
evaluating individudal 37 - 21df1974d687f9fb. Mean loss in evaluation epoch: 0.10261263698339462, epochs needed: 50
evaluating individudal 38 - 3bd4b8ad2ca1dae8. Mean loss in evaluation epoch: 0.10247304290533066, epochs needed: 50
evaluating individudal 39 - 3a1437bec3551a2c. Mean loss in evaluation epoch: 0.10322549194097519, epochs needed: 50
evaluating individudal 0 - b058286dbab0e1ca. Mean loss in evaluation epoch: 0.10482378304004669, epochs needed: 50
evaluating individudal 1 - 852d10fa1351c26a. Mean loss in evaluation epoch: 0.10349766165018082, epochs needed: 50
evaluating individudal 2 - 22173405f92bdd9f. Mean loss in evaluation epoch: 0.10311975330114365, epochs needed: 50
evaluating individudal 3 - d3d2c654fe688ada. Mean loss in evaluation epoch: 0.10319536179304123, epochs needed: 50
evaluating individudal 4 - b1b739bd9adb1c4b. Mean loss in evaluation epoch: 0.10307178646326065, epochs needed: 50
evaluating individudal 5 - cdbe8752daf0a885. Mean loss in evaluation epoch: 0.1031213328242302, epochs needed: 50
evaluating individudal 6 - 5e264430339f0ea2. Mean loss in evaluation epoch: 0.10260901600122452, epochs needed: 50
evaluating individudal 7 - 4e738cd955f0a4eb. Mean loss in evaluation epoch: 0.10312619060277939, epochs needed: 50
evaluating individudal 8 - 8490c0b04d385ac6. Mean loss in evaluation epoch: 0.10380351543426514, epochs needed: 50
evaluating individudal 9 - ed7b0a9022d2067f. Mean loss in evaluation epoch: 0.10289695113897324, epochs needed: 50
Round 9 done. -----------------------------------------
------------------------- TRACKING ---------------------------
Matrix Hash: 6a8db6086f3f1e80, num_times_seen_before: 0
ACC: 0.6
TPR/FPR: 1.0, 0.43401240035429584
Loss: 0.1018705889582634
Timestamp: 49532.966314114
---------------------------------------------------------------
evaluating individudal 0 - 54b0bd9d6cdbca22. Mean loss in evaluation epoch: 0.1016569659113884, epochs needed: 50
evaluating individudal 1 - 2402900a1200d1a3. Mean loss in evaluation epoch: 0.10159432142972946, epochs needed: 50
evaluating individudal 2 - 4163c1de4ba4858e. Mean loss in evaluation epoch: 0.10206752270460129, epochs needed: 50
evaluating individudal 3 - cd5e5ffb4605ee4a. Mean loss in evaluation epoch: 0.1020522341132164, epochs needed: 50
evaluating individudal 4 - 4aa0c67dec6008ba. Mean loss in evaluation epoch: 0.10211244970560074, epochs needed: 50
evaluating individudal 5 - ad3ba6afd23d7786. Mean loss in evaluation epoch: 0.10181444883346558, epochs needed: 50
evaluating individudal 6 - 69510e088dee8221. Mean loss in evaluation epoch: 0.10160129517316818, epochs needed: 50
evaluating individudal 7 - 986414ad64fdb3d3. Mean loss in evaluation epoch: 0.10146905481815338, epochs needed: 50
evaluating individudal 8 - 59d222ca7e2a3955. Mean loss in evaluation epoch: 0.10189101845026016, epochs needed: 50
evaluating individudal 9 - dbe5c73733693e57. Mean loss in evaluation epoch: 0.10160975903272629, epochs needed: 50
evaluating individudal 10 - e5410542cb977557. Mean loss in evaluation epoch: 0.10131745785474777, epochs needed: 50
evaluating individudal 11 - 30b58ee9e208d73c. Mean loss in evaluation epoch: 0.10172100365161896, epochs needed: 50
evaluating individudal 12 - 049ecb401228fb60. Mean loss in evaluation epoch: 0.10121970623731613, epochs needed: 50
evaluating individudal 13 - 05d455ab2bec7d78. Mean loss in evaluation epoch: 0.10121040791273117, epochs needed: 50
evaluating individudal 14 - 8b801295ba2b8e03. Mean loss in evaluation epoch: 0.10122773796319962, epochs needed: 50
evaluating individudal 15 - b42c35a6b32d1517. Mean loss in evaluation epoch: 0.1009664535522461, epochs needed: 50
evaluating individudal 16 - 4c737feae7ef2336. Mean loss in evaluation epoch: 0.10177558660507202, epochs needed: 50
evaluating individudal 17 - 2acedecd2b2f8453. Mean loss in evaluation epoch: 0.10082008689641953, epochs needed: 50
evaluating individudal 18 - 1eb6702121253363. Mean loss in evaluation epoch: 0.10133202373981476, epochs needed: 50
evaluating individudal 19 - b45b36a3f4eeb6f0. Mean loss in evaluation epoch: 0.10234221071004868, epochs needed: 50
evaluating individudal 20 - f345b56ca80865ea. Mean loss in evaluation epoch: 0.10166209191083908, epochs needed: 50
evaluating individudal 21 - 058f52198b6626b7. Mean loss in evaluation epoch: 0.10136447101831436, epochs needed: 50
evaluating individudal 22 - 78f8ff68ff78e5fd. Mean loss in evaluation epoch: 0.10114268213510513, epochs needed: 50
evaluating individudal 23 - 51becbd7c0d28f8c. Mean loss in evaluation epoch: 0.10178600996732712, epochs needed: 50
evaluating individudal 24 - b827f41a6187f188. Mean loss in evaluation epoch: 0.10161160677671432, epochs needed: 50
evaluating individudal 25 - 9c921fff846328d3. Mean loss in evaluation epoch: 0.1021333709359169, epochs needed: 50
evaluating individudal 26 - 33a5c50f4e6047ee. Mean loss in evaluation epoch: 0.1014171838760376, epochs needed: 50
evaluating individudal 27 - e991ac95c8be0678. Mean loss in evaluation epoch: 0.10107680410146713, epochs needed: 50
evaluating individudal 28 - 63971bfba3062ed3. Mean loss in evaluation epoch: 0.10202870517969131, epochs needed: 50
evaluating individudal 29 - 843ae7e9bd0964b1. Mean loss in evaluation epoch: 0.10169704258441925, epochs needed: 50
evaluating individudal 30 - ddb1e4153e7ed66b. Mean loss in evaluation epoch: 0.10167645663022995, epochs needed: 50
evaluating individudal 31 - bd5ced73472c22a5. Mean loss in evaluation epoch: 0.10135331004858017, epochs needed: 50
evaluating individudal 32 - d93ee8f2d6a18817. Mean loss in evaluation epoch: 0.1018499881029129, epochs needed: 50
evaluating individudal 33 - f6ef95bef1a12995. Mean loss in evaluation epoch: 0.10112156718969345, epochs needed: 50
evaluating individudal 34 - 9a45b08c73682819. Mean loss in evaluation epoch: 0.10071294754743576, epochs needed: 50
evaluating individudal 35 - befea6218176cc9c. Mean loss in evaluation epoch: 0.1012781411409378, epochs needed: 50
evaluating individudal 36 - 6b339915effd9eea. Mean loss in evaluation epoch: 0.10153543204069138, epochs needed: 50
evaluating individudal 37 - 1ef248d07642c871. Mean loss in evaluation epoch: 0.10051454603672028, epochs needed: 50
evaluating individudal 38 - b1cc571bf0f24478. Mean loss in evaluation epoch: 0.10198791325092316, epochs needed: 50
evaluating individudal 39 - 8b65c39cf491b8d0. Mean loss in evaluation epoch: 0.10196154564619064, epochs needed: 50
evaluating individudal 0 - 6a8db6086f3f1e80. Mean loss in evaluation epoch: 0.10148828476667404, epochs needed: 50
evaluating individudal 1 - 6a52a680f7fa1169. Mean loss in evaluation epoch: 0.10172262042760849, epochs needed: 50
evaluating individudal 2 - 0d9184484fd02918. Mean loss in evaluation epoch: 0.10278438776731491, epochs needed: 50
evaluating individudal 3 - b115e45876874858. Mean loss in evaluation epoch: 0.1016308069229126, epochs needed: 50
evaluating individudal 4 - b6b23202a1019c25. Mean loss in evaluation epoch: 0.10163765400648117, epochs needed: 50
evaluating individudal 5 - aac726f2f4d70a67. Mean loss in evaluation epoch: 0.10187115520238876, epochs needed: 50
evaluating individudal 6 - 1161a97f591ba68c. Mean loss in evaluation epoch: 0.10225670784711838, epochs needed: 50
evaluating individudal 7 - b519172359956d20. Mean loss in evaluation epoch: 0.10178482532501221, epochs needed: 50
evaluating individudal 8 - de7f00809678fe0a. Mean loss in evaluation epoch: 0.10165267437696457, epochs needed: 50
evaluating individudal 9 - 3bd4b8ad2ca1dae8. Mean loss in evaluation epoch: 0.10178527981042862, epochs needed: 50
Round 10 done. -----------------------------------------
------------------------- TRACKING ---------------------------
Matrix Hash: 1ef248d07642c871, num_times_seen_before: 0
ACC: 0.6555102040816326
TPR/FPR: 1.0, 0.37378210806023027
Loss: 0.10051454603672028
Timestamp: 52864.789909192
---------------------------------------------------------------
evaluating individudal 0 - fabe728627acba7d. Mean loss in evaluation epoch: 0.1179131492972374, epochs needed: 200
evaluating individudal 1 - 5dcdf21c0a27f133. Mean loss in evaluation epoch: 0.11532486975193024, epochs needed: 200
evaluating individudal 2 - 2c3889b960eaa346. Mean loss in evaluation epoch: 0.1106439158320427, epochs needed: 200
evaluating individudal 3 - 89266daff3c2eeb7. Mean loss in evaluation epoch: 0.12633883953094482, epochs needed: 200
evaluating individudal 4 - 687d0d71a94956e5. Mean loss in evaluation epoch: 0.11923453956842422, epochs needed: 200
evaluating individudal 5 - 84421ae96269e5c2. Mean loss in evaluation epoch: 0.1201244592666626, epochs needed: 200
evaluating individudal 6 - a42b137872f5d66a. Mean loss in evaluation epoch: 0.12079985439777374, epochs needed: 200
evaluating individudal 7 - 653d5b17ed457d8b. Mean loss in evaluation epoch: 0.12534533441066742, epochs needed: 200
evaluating individudal 8 - 5bf7f00b2b13cb92. Mean loss in evaluation epoch: 0.11751067638397217, epochs needed: 200
evaluating individudal 9 - 8e80b2778c0abbd1. Mean loss in evaluation epoch: 0.12017115205526352, epochs needed: 200
evaluating individudal 10 - 4881f594a42cb55c. 