../data/final/netrd/SIS/timeseries_ba10_1k_0.15.pickle
../data/final/edges_ba10.pickle
CONTINUATION: False
CONT_ADDRESS: ../GA/GA_logs/final/cml_ba20_1k_4_restart_shortcut_eval/2021-03-11T03_17_31.151794
SEED: 0
NUM_DYN_EPOCHS: 200
DETECT_EARLY_CONVERGENCE: False
USE_EVALEPOCH_FOR_GUIDED_MUTATION: True
USE_NODEWISE_LOSS: False
USE_DYNAMIC_STEPS: True
NUM_GEN: 45
DETERMINISTIC_EVAL: False
FREE WALK: False
EXPERIMENTS: 5
FORMAT: timeseries
num samples: 1000
NUM_TRAIN_SAMPLES: 999
NUM_TRAIN_BATCHES: 10
NUM_TEST_SAMPLES: 999
NUM_TEST_BATCHES: 10
BATCH_SIZE: 100
HIDDEN_SIZE: 128
NUM_DYN_EPOCHS: 200
IS_CONTINUOUS: False
USE_MAX: False

Generation 0
Mean loss in evaluation epoch: 0.37937983870506287, epochs needed: 200
------------------------- TRACKING ---------------------------
Matrix Hash: 4ca0338d89319b15, num_times_seen_before: 0
ACC: 0.4666666666666667
TPR/FPR: 0.375, 0.4827586206896552
Loss: 0.37937983870506287
Timestamp: 0
---------------------------------------------------------------
[tensor([0, 2]), tensor([0, 8]), tensor([0, 9])]
Mean loss in evaluation epoch: 0.37216877937316895, epochs needed: 200
Accepting!

Generation 1
Mean loss in evaluation epoch: 0.3731180727481842, epochs needed: 200
------------------------- TRACKING ---------------------------
Matrix Hash: 1671a0485eeab7b0, num_times_seen_before: 0
ACC: 0.4444444444444444
TPR/FPR: 0.3125, 0.4827586206896552
Loss: 0.3731180727481842
Timestamp: 22.709876318999704
---------------------------------------------------------------
[tensor([6, 7])]
Mean loss in evaluation epoch: 0.37179869413375854, epochs needed: 200
Accepting!

Generation 2
Mean loss in evaluation epoch: 0.3721604347229004, epochs needed: 200
------------------------- TRACKING ---------------------------
Matrix Hash: b6105e9013915803, num_times_seen_before: 0
ACC: 0.4666666666666667
TPR/FPR: 0.375, 0.4827586206896552
Loss: 0.3721604347229004
Timestamp: 45.85296348199972
---------------------------------------------------------------
[tensor([7, 8])]
Mean loss in evaluation epoch: 0.3707120716571808, epochs needed: 200
Accepting!

Generation 3
Mean loss in evaluation epoch: 0.3711906373500824, epochs needed: 200
------------------------- TRACKING ---------------------------
Matrix Hash: 7b8779b419f60904, num_times_seen_before: 0
ACC: 0.4444444444444444
TPR/FPR: 0.375, 0.5172413793103449
Loss: 0.3711906373500824
Timestamp: 69.10210488200028
---------------------------------------------------------------
[tensor([5, 9])]
Mean loss in evaluation epoch: 0.37077218294143677, epochs needed: 200
Accepting!

Generation 4
Mean loss in evaluation epoch: 0.3705097734928131, epochs needed: 200
------------------------- TRACKING ---------------------------
Matrix Hash: 77949b56aa830682, num_times_seen_before: 0
ACC: 0.4222222222222223
TPR/FPR: 0.375, 0.5517241379310345
Loss: 0.3705097734928131
Timestamp: 93.55894825999985
---------------------------------------------------------------
S IS ALL NEGATIVE!
[]
Mean loss in evaluation epoch: 0.37071606516838074, epochs needed: 200
Rejecting!

Generation 5
Mean loss in evaluation epoch: 0.3707543611526489, epochs needed: 200
------------------------- TRACKING ---------------------------
Matrix Hash: 77949b56aa830682, num_times_seen_before: 1
ACC: 0.4222222222222223
TPR/FPR: 0.375, 0.5517241379310345
Loss: 0.3707543611526489
Timestamp: 116.6090408959999
---------------------------------------------------------------
[tensor([4, 9]), tensor([6, 8])]
Mean loss in evaluation epoch: 0.3702663481235504, epochs needed: 200
Accepting!

Generation 6
Mean loss in evaluation epoch: 0.3702835142612457, epochs needed: 200
------------------------- TRACKING ---------------------------
Matrix Hash: 8636305bbc62705b, num_times_seen_before: 0
ACC: 0.4222222222222223
TPR/FPR: 0.375, 0.5517241379310345
Loss: 0.3702835142612457
Timestamp: 140.36282300199946
---------------------------------------------------------------
S IS ALL NEGATIVE!
[]
Mean loss in evaluation epoch: 0.37011799216270447, epochs needed: 200
Accepting!

Generation 7
Mean loss in evaluation epoch: 0.3711894154548645, epochs needed: 200
------------------------- TRACKING ---------------------------
Matrix Hash: 8636305bbc62705b, num_times_seen_before: 1
ACC: 0.4222222222222223
TPR/FPR: 0.375, 0.5517241379310345
Loss: 0.3711894154548645
Timestamp: 163.0908975709999
---------------------------------------------------------------
[tensor([5, 8])]
Mean loss in evaluation epoch: 0.3702506422996521, epochs needed: 200
Accepting!

Generation 8
Mean loss in evaluation epoch: 0.37039992213249207, epochs needed: 200
------------------------- TRACKING ---------------------------
Matrix Hash: 9d7f3e3d99969ed8, num_times_seen_before: 0
ACC: 0.4444444444444444
TPR/FPR: 0.375, 0.5172413793103449
Loss: 0.37039992213249207
Timestamp: 186.8227156840003
---------------------------------------------------------------
S IS ALL NEGATIVE!
[]
Mean loss in evaluation epoch: 0.36926671862602234, epochs needed: 200
Accepting!

Generation 9
Mean loss in evaluation epoch: 0.3692714273929596, epochs needed: 200
------------------------- TRACKING ---------------------------
Matrix Hash: 9d7f3e3d99969ed8, num_times_seen_before: 1
ACC: 0.4444444444444444
TPR/FPR: 0.375, 0.5172413793103449
Loss: 0.3692714273929596
Timestamp: 210.62490097999944
---------------------------------------------------------------
S IS ALL NEGATIVE!
[]
Mean loss in evaluation epoch: 0.3703022599220276, epochs needed: 200
Rejecting!

Generation 10
Mean loss in evaluation epoch: 0.36957573890686035, epochs needed: 200
------------------------- TRACKING ---------------------------
Matrix Hash: 9d7f3e3d99969ed8, num_times_seen_before: 2
ACC: 0.4444444444444444
TPR/FPR: 0.375, 0.5172413793103449
Loss: 0.36957573890686035
Timestamp: 233.5124191879995
---------------------------------------------------------------
S IS ALL NEGATIVE!
[]
Mean loss in evaluation epoch: 0.36960068345069885, epochs needed: 200
Rejecting!

Generation 11
Mean loss in evaluation epoch: 0.3699648082256317, epochs needed: 200
------------------------- TRACKING ---------------------------
Matrix Hash: 9d7f3e3d99969ed8, num_times_seen_before: 3
ACC: 0.4444444444444444
TPR/FPR: 0.375, 0.5172413793103449
Loss: 0.3699648082256317
Timestamp: 257.11529655899994
---------------------------------------------------------------
S IS ALL NEGATIVE!
[]
Mean loss in evaluation epoch: 0.36945056915283203, epochs needed: 200
Accepting!

Generation 12
Mean loss in evaluation epoch: 0.3696000277996063, epochs needed: 200
------------------------- TRACKING ---------------------------
Matrix Hash: 9d7f3e3d99969ed8, num_times_seen_before: 4
ACC: 0.4444444444444444
TPR/FPR: 0.375, 0.5172413793103449
Loss: 0.3696000277996063
Timestamp: 281.080070258
---------------------------------------------------------------
S IS ALL NEGATIVE!
[]
Mean loss in evaluation epoch: 0.36956334114074707, epochs needed: 200
Accepting!

Generation 13
Mean loss in evaluation epoch: 0.3709573745727539, epochs needed: 200
------------------------- TRACKING ---------------------------
Matrix Hash: 9d7f3e3d99969ed8, num_times_seen_before: 5
ACC: 0.4444444444444444
TPR/FPR: 0.375, 0.5172413793103449
Loss: 0.3709573745727539
Timestamp: 304.38589837200016
---------------------------------------------------------------
S IS ALL NEGATIVE!
[]
Mean loss in evaluation epoch: 0.37014999985694885, epochs needed: 200
Accepting!

Generation 14
Mean loss in evaluation epoch: 0.37078219652175903, epochs needed: 200
------------------------- TRACKING ---------------------------
Matrix Hash: 9d7f3e3d99969ed8, num_times_seen_before: 6
ACC: 0.4444444444444444
TPR/FPR: 0.375, 0.5172413793103449
Loss: 0.37078219652175903
Timestamp: 326.9743591669994
---------------------------------------------------------------
[tensor([5, 8])]
Mean loss in evaluation epoch: 0.3696354329586029, epochs needed: 200
Accepting!

Generation 15
Mean loss in evaluation epoch: 0.37032175064086914, epochs needed: 200
------------------------- TRACKING ---------------------------
Matrix Hash: 8636305bbc62705b, num_times_seen_before: 2
ACC: 0.4222222222222223
TPR/FPR: 0.375, 0.5517241379310345
Loss: 0.37032175064086914
Timestamp: 350.94472700999995
---------------------------------------------------------------
[tensor([5, 8])]
Mean loss in evaluation epoch: 0.369822233915329, epochs needed: 200
Accepting!

Generation 16
Mean loss in evaluation epoch: 0.3697454631328583, epochs needed: 200
------------------------- TRACKING ---------------------------
Matrix Hash: 9d7f3e3d99969ed8, num_times_seen_before: 7
ACC: 0.4444444444444444
TPR/FPR: 0.375, 0.5172413793103449
Loss: 0.3697454631328583
Timestamp: 374.3927235299998
---------------------------------------------------------------
S IS ALL NEGATIVE!
[]
Mean loss in evaluation epoch: 0.37018394470214844, epochs needed: 200
Rejecting!

Generation 17
Mean loss in evaluation epoch: 0.36977678537368774, epochs needed: 200
------------------------- TRACKING ---------------------------
Matrix Hash: 9d7f3e3d99969ed8, num_times_seen_before: 8
ACC: 0.4444444444444444
TPR/FPR: 0.375, 0.5172413793103449
Loss: 0.36977678537368774
Timestamp: 397.88939262199983
---------------------------------------------------------------
S IS ALL NEGATIVE!
[]
Mean loss in evaluation epoch: 0.3699963092803955, epochs needed: 200
Rejecting!

Generation 18
Mean loss in evaluation epoch: 0.37024015188217163, epochs needed: 200
------------------------- TRACKING ---------------------------
Matrix Hash: 9d7f3e3d99969ed8, num_times_seen_before: 9
ACC: 0.4444444444444444
TPR/FPR: 0.375, 0.5172413793103449
Loss: 0.37024015188217163
Timestamp: 421.5477274269997
---------------------------------------------------------------
S IS ALL NEGATIVE!
[]
Mean loss in evaluation epoch: 0.36988505721092224, epochs needed: 200
Accepting!

Generation 19
Mean loss in evaluation epoch: 0.3695423901081085, epochs needed: 200
------------------------- TRACKING ---------------------------
Matrix Hash: 9d7f3e3d99969ed8, num_times_seen_before: 10
ACC: 0.4444444444444444
TPR/FPR: 0.375, 0.5172413793103449
Loss: 0.3695423901081085
Timestamp: 445.7575069459999
---------------------------------------------------------------
S IS ALL NEGATIVE!
[]
Mean loss in evaluation epoch: 0.3731587827205658, epochs needed: 200
Rejecting!

Generation 20
Mean loss in evaluation epoch: 0.3701675534248352, epochs needed: 200
------------------------- TRACKING ---------------------------
Matrix Hash: 9d7f3e3d99969ed8, num_times_seen_before: 11
ACC: 0.4444444444444444
TPR/FPR: 0.375, 0.5172413793103449
Loss: 0.3701675534248352
Timestamp: 469.58862431299985
---------------------------------------------------------------
S IS ALL NEGATIVE!
[]
Mean loss in evaluation epoch: 0.3709658086299896, epochs needed: 200
Rejecting!

Generation 21
Mean loss in evaluation epoch: 0.37015533447265625, epochs needed: 200
------------------------- TRACKING ---------------------------
Matrix Hash: 9d7f3e3d99969ed8, num_times_seen_before: 12
ACC: 0.4444444444444444
TPR/FPR: 0.375, 0.5172413793103449
Loss: 0.37015533447265625
Timestamp: 492.6519754000001
---------------------------------------------------------------
S IS ALL NEGATIVE!
[]
Mean loss in evaluation epoch: 0.3695296049118042, epochs needed: 200
Accepting!

Generation 22
Mean loss in evaluation epoch: 0.37027570605278015, epochs needed: 200
------------------------- TRACKING ---------------------------
Matrix Hash: 9d7f3e3d99969ed8, num_times_seen_before: 13
ACC: 0.4444444444444444
TPR/FPR: 0.375, 0.5172413793103449
Loss: 0.37027570605278015
Timestamp: 516.2488198949995
---------------------------------------------------------------
S IS ALL NEGATIVE!
[]
Mean loss in evaluation epoch: 0.3702869117259979, epochs needed: 200
Rejecting!

Generation 23
Mean loss in evaluation epoch: 0.3702459931373596, epochs needed: 200
------------------------- TRACKING ---------------------------
Matrix Hash: 9d7f3e3d99969ed8, num_times_seen_before: 14
ACC: 0.4444444444444444
TPR/FPR: 0.375, 0.5172413793103449
Loss: 0.3702459931373596
Timestamp: 540.2774663159998
---------------------------------------------------------------
S IS ALL NEGATIVE!
[]
Mean loss in evaluation epoch: 0.3696991205215454, epochs needed: 200
Accepting!

Generation 24
Mean loss in evaluation epoch: 0.36997196078300476, epochs needed: 200
------------------------- TRACKING ---------------------------
Matrix Hash: 9d7f3e3d99969ed8, num_times_seen_before: 15
ACC: 0.4444444444444444
TPR/FPR: 0.375, 0.5172413793103449
Loss: 0.36997196078300476
Timestamp: 563.9920864400001
---------------------------------------------------------------
S IS ALL NEGATIVE!
[]
Mean loss in evaluation epoch: 0.3693958818912506, epochs needed: 200
Accepting!

Generation 25
Mean loss in evaluation epoch: 0.3693481385707855, epochs needed: 200
------------------------- TRACKING ---------------------------
Matrix Hash: 9d7f3e3d99969ed8, num_times_seen_before: 16
ACC: 0.4444444444444444
TPR/FPR: 0.375, 0.5172413793103449
Loss: 0.3693481385707855
Timestamp: 587.2241942149994
---------------------------------------------------------------
S IS ALL NEGATIVE!
[]
Mean loss in evaluation epoch: 0.37207886576652527, epochs needed: 200
Rejecting!

Generation 26
Mean loss in evaluation epoch: 0.37040379643440247, epochs needed: 200
------------------------- TRACKING ---------------------------
Matrix Hash: 9d7f3e3d99969ed8, num_times_seen_before: 17
ACC: 0.4444444444444444
TPR/FPR: 0.375, 0.5172413793103449
Loss: 0.37040379643440247
Timestamp: 609.5742979050001
---------------------------------------------------------------
S IS ALL NEGATIVE!
[]
Mean loss in evaluation epoch: 0.3696044385433197, epochs needed: 200
Accepting!

Generation 27
Mean loss in evaluation epoch: 0.3699677586555481, epochs needed: 200
------------------------- TRACKING ---------------------------
Matrix Hash: 9d7f3e3d99969ed8, num_times_seen_before: 18
ACC: 0.4444444444444444
TPR/FPR: 0.375, 0.5172413793103449
Loss: 0.3699677586555481
Timestamp: 634.0026547110001
---------------------------------------------------------------
S IS ALL NEGATIVE!
[]
Mean loss in evaluation epoch: 0.3698835074901581, epochs needed: 200
Accepting!

Generation 28
Mean loss in evaluation epoch: 0.36989736557006836, epochs needed: 200
------------------------- TRACKING ---------------------------
Matrix Hash: 9d7f3e3d99969ed8, num_times_seen_before: 19
ACC: 0.4444444444444444
TPR/FPR: 0.375, 0.5172413793103449
Loss: 0.36989736557006836
Timestamp: 656.5763311239998
---------------------------------------------------------------
S IS ALL NEGATIVE!
[]
Mean loss in evaluation epoch: 0.37086305022239685, epochs needed: 200
Rejecting!

Generation 29
Mean loss in evaluation epoch: 0.3709782063961029, epochs needed: 200
------------------------- TRACKING ---------------------------
Matrix Hash: 9d7f3e3d99969ed8, num_times_seen_before: 20
ACC: 0.4444444444444444
TPR/FPR: 0.375, 0.5172413793103449
Loss: 0.3709782063961029
Timestamp: 680.5162270969995
---------------------------------------------------------------
[tensor([5, 8])]
Mean loss in evaluation epoch: 0.37035897374153137, epochs needed: 200
Accepting!

Generation 30
Mean loss in evaluation epoch: 0.3701756000518799, epochs needed: 200
------------------------- TRACKING ---------------------------
Matrix Hash: 8636305bbc62705b, num_times_seen_before: 3
ACC: 0.4222222222222223
TPR/FPR: 0.375, 0.5517241379310345
Loss: 0.3701756000518799
Timestamp: 704.1662394269997
---------------------------------------------------------------
S IS ALL NEGATIVE!
[]
Mean loss in evaluation epoch: 0.37021899223327637, epochs needed: 200
Rejecting!

Generation 31
Mean loss in evaluation epoch: 0.3700682818889618, epochs needed: 200
------------------------- TRACKING ---------------------------
Matrix Hash: 8636305bbc62705b, num_times_seen_before: 4
ACC: 0.4222222222222223
TPR/FPR: 0.375, 0.5517241379310345
Loss: 0.3700682818889618
Timestamp: 728.4685505609996
---------------------------------------------------------------
S IS ALL NEGATIVE!
[]
Mean loss in evaluation epoch: 0.3703269958496094, epochs needed: 200
Rejecting!

Generation 32
Mean loss in evaluation epoch: 0.3704986274242401, epochs needed: 200
------------------------- TRACKING ---------------------------
Matrix Hash: 8636305bbc62705b, num_times_seen_before: 5
ACC: 0.4222222222222223
TPR/FPR: 0.375, 0.5517241379310345
Loss: 0.3704986274242401
Timestamp: 752.3590367269999
---------------------------------------------------------------
S IS ALL NEGATIVE!
[]
Mean loss in evaluation epoch: 0.3706062436103821, epochs needed: 200
Rejecting!

Generation 33
Mean loss in evaluation epoch: 0.3700684905052185, epochs needed: 200
------------------------- TRACKING ---------------------------
Matrix Hash: 8636305bbc62705b, num_times_seen_before: 6
ACC: 0.4222222222222223
TPR/FPR: 0.375, 0.5517241379310345
Loss: 0.3700684905052185
Timestamp: 774.6499410679999
---------------------------------------------------------------
S IS ALL NEGATIVE!
[]
Mean loss in evaluation epoch: 0.36994168162345886, epochs needed: 200
Accepting!

Generation 34
Mean loss in evaluation epoch: 0.3701677918434143, epochs needed: 200
------------------------- TRACKING ---------------------------
Matrix Hash: 8636305bbc62705b, num_times_seen_before: 7
ACC: 0.4222222222222223
TPR/FPR: 0.375, 0.5517241379310345
Loss: 0.3701677918434143
Timestamp: 798.292748115
---------------------------------------------------------------
S IS ALL NEGATIVE!
[]
Mean loss in evaluation epoch: 0.3697960078716278, epochs needed: 200
Accepting!

Generation 35
Mean loss in evaluation epoch: 0.3707515597343445, epochs needed: 200
------------------------- TRACKING ---------------------------
Matrix Hash: 8636305bbc62705b, num_times_seen_before: 8
ACC: 0.4222222222222223
TPR/FPR: 0.375, 0.5517241379310345
Loss: 0.3707515597343445
Timestamp: 821.0591681289998
---------------------------------------------------------------
S IS ALL NEGATIVE!
[]
Mean loss in evaluation epoch: 0.3702451288700104, epochs needed: 200
Accepting!

Generation 36
Mean loss in evaluation epoch: 0.3708793520927429, epochs needed: 200
------------------------- TRACKING ---------------------------
Matrix Hash: 8636305bbc62705b, num_times_seen_before: 9
ACC: 0.4222222222222223
TPR/FPR: 0.375, 0.5517241379310345
Loss: 0.3708793520927429
Timestamp: 844.9114866869995
---------------------------------------------------------------
S IS ALL NEGATIVE!
[]
Mean loss in evaluation epoch: 0.3714415729045868, epochs needed: 200
Rejecting!

Generation 37
Mean loss in evaluation epoch: 0.3709597587585449, epochs needed: 200
------------------------- TRACKING ---------------------------
Matrix Hash: 8636305bbc62705b, num_times_seen_before: 10
ACC: 0.4222222222222223
TPR/FPR: 0.375, 0.5517241379310345
Loss: 0.3709597587585449
Timestamp: 867.4241370580003
---------------------------------------------------------------
S IS ALL NEGATIVE!
[]
Mean loss in evaluation epoch: 0.37016651034355164, epochs needed: 200
Accepting!

Generation 38
Mean loss in evaluation epoch: 0.36981073021888733, epochs needed: 200
------------------------- TRACKING ---------------------------
Matrix Hash: 8636305bbc62705b, num_times_seen_before: 11
ACC: 0.4222222222222223
TPR/FPR: 0.375, 0.5517241379310345
Loss: 0.36981073021888733
Timestamp: 890.4386623399996
---------------------------------------------------------------
S IS ALL NEGATIVE!
[]
Mean loss in evaluation epoch: 0.369733989238739, epochs needed: 200
Accepting!

Generation 39
Mean loss in evaluation epoch: 0.3703775405883789, epochs needed: 200
------------------------- TRACKING ---------------------------
Matrix Hash: 8636305bbc62705b, num_times_seen_before: 12
ACC: 0.4222222222222223
TPR/FPR: 0.375, 0.5517241379310345
Loss: 0.3703775405883789
Timestamp: 914.6136032599998
---------------------------------------------------------------
S IS ALL NEGATIVE!
[]
Mean loss in evaluation epoch: 0.37055742740631104, epochs needed: 200
Rejecting!

Generation 40
Mean loss in evaluation epoch: 0.3706084191799164, epochs needed: 200
------------------------- TRACKING ---------------------------
Matrix Hash: 8636305bbc62705b, num_times_seen_before: 13
ACC: 0.4222222222222223
TPR/FPR: 0.375, 0.5517241379310345
Loss: 0.3706084191799164
Timestamp: 936.6437383339999
---------------------------------------------------------------
S IS ALL NEGATIVE!
[]
Mean loss in evaluation epoch: 0.37094688415527344, epochs needed: 200
Rejecting!

Generation 41
Mean loss in evaluation epoch: 0.3702673614025116, epochs needed: 200
------------------------- TRACKING ---------------------------
Matrix Hash: 8636305bbc62705b, num_times_seen_before: 14
ACC: 0.4222222222222223
TPR/FPR: 0.375, 0.5517241379310345
Loss: 0.3702673614025116
Timestamp: 960.8068809280003
---------------------------------------------------------------
S IS ALL NEGATIVE!
[]
Mean loss in evaluation epoch: 0.3697318136692047, epochs needed: 200
Accepting!

Generation 42
Mean loss in evaluation epoch: 0.3705122768878937, epochs needed: 200
------------------------- TRACKING ---------------------------
Matrix Hash: 8636305bbc62705b, num_times_seen_before: 15
ACC: 0.4222222222222223
TPR/FPR: 0.375, 0.5517241379310345
Loss: 0.3705122768878937
Timestamp: 984.8373504659994
---------------------------------------------------------------
S IS ALL NEGATIVE!
[]
Mean loss in evaluation epoch: 0.37021955847740173, epochs needed: 200
Accepting!

Generation 43
Mean loss in evaluation epoch: 0.36990150809288025, epochs needed: 200
------------------------- TRACKING ---------------------------
Matrix Hash: 8636305bbc62705b, num_times_seen_before: 16
ACC: 0.4222222222222223
TPR/FPR: 0.375, 0.5517241379310345
Loss: 0.36990150809288025
Timestamp: 1008.9796904189998
---------------------------------------------------------------
S IS ALL NEGATIVE!
[]
Mean loss in evaluation epoch: 0.37005752325057983, epochs needed: 200
Rejecting!

Generation 44
Mean loss in evaluation epoch: 0.3706878423690796, epochs needed: 200
------------------------- TRACKING ---------------------------
Matrix Hash: 8636305bbc62705b, num_times_seen_before: 17
ACC: 0.4222222222222223
TPR/FPR: 0.375, 0.5517241379310345
Loss: 0.3706878423690796
Timestamp: 1032.2650198599995
---------------------------------------------------------------
S IS ALL NEGATIVE!
[]
Mean loss in evaluation epoch: 0.37089744210243225, epochs needed: 200
Rejecting!
------------------------- TRACKING ---------------------------
Matrix Hash: 8636305bbc62705b, num_times_seen_before: 18
ACC: 0.4222222222222223
TPR/FPR: 0.375, 0.5517241379310345
Loss: 0.3706878423690796
Timestamp: 1043.412479218
---------------------------------------------------------------
Time needed: 1054.8718493700007 sec
----------------- Final results across all experiments ---------------
accs: [0.5777777777777777, 0.6666666666666667, 0.6666666666666667, 0.37777777777777777, 0.4222222222222223]
tprs: [0.5625, 0.9375, 0.75, 0.3125, 0.375]
fprs: [0.41379310344827586, 0.4827586206896552, 0.3793103448275862, 0.5862068965517241, 0.5517241379310345]
mean acc: 0.542222261428833
mean tpr: 0.5874999761581421
mean fpr: 0.48275861144065857
