../data/final/cml/timeseries_ba20_1k_3.5_restart.pickle
../data/final/edges_ba20.pickle
CONTINUATION: False
CONT_ADDRESS: ./hillclimbing_logs/linear/final/heuristics_comp/deterministic/cml/ba10_1k_restart_3.5_random/2021-03-04T15_54_10.394816
SEED: 0
NUM_DYN_EPOCHS: 200
DETECT_EARLY_CONVERGENCE: False
USE_EVALEPOCH_FOR_GUIDED_MUTATION: False
USE_NODEWISE_LOSS: True
USE_DYNAMIC_STEPS: True
NUM_GEN: 45
DETERMINISTIC_EVAL: False
FREE WALK: False
EXPERIMENTS: 1
FORMAT: standard
num samples: 1000
NUM_TRAIN_SAMPLES: 1000
NUM_TRAIN_BATCHES: 10
NUM_TEST_SAMPLES: 1000
NUM_TEST_BATCHES: 10
BATCH_SIZE: 100
HIDDEN_SIZE: 128
NUM_DYN_EPOCHS: 200
IS_CONTINUOUS: True
USE_MAX: False

Generation 0
Mean loss in evaluation epoch: [[0.03664703294634819], [0.08331024646759033], [0.04075661301612854], [0.050220321863889694], [0.03884890303015709], [0.049816329032182693], [0.030641792342066765], [0.05680413171648979], [0.04104768857359886], [0.05183590576052666], [0.048683006316423416], [0.062297847121953964], [0.04887796565890312], [0.05701873451471329], [0.056741368025541306], [0.07146599143743515], [0.07482019811868668], [0.06441336870193481], [0.06280424445867538], [0.07121213525533676]], epochs needed: 200
------------------------- TRACKING ---------------------------
Matrix Hash: bcfde9534d3bfd59, num_times_seen_before: 0
ACC: 0.4789473684210527
TPR/FPR: 0.5833333333333334, 0.5454545454545454
Loss: [[0.03664703294634819], [0.08331024646759033], [0.04075661301612854], [0.050220321863889694], [0.03884890303015709], [0.049816329032182693], [0.030641792342066765], [0.05680413171648979], [0.04104768857359886], [0.05183590576052666], [0.048683006316423416], [0.062297847121953964], [0.04887796565890312], [0.05701873451471329], [0.056741368025541306], [0.07146599143743515], [0.07482019811868668], [0.06441336870193481], [0.06280424445867538], [0.07121213525533676]]
Timestamp: 0
---------------------------------------------------------------
[tensor([0, 4]), tensor([0, 6]), tensor([ 0, 10]), tensor([ 0, 19]), tensor([1, 3]), tensor([1, 9]), tensor([ 1, 10]), tensor([ 1, 12]), tensor([ 1, 19]), tensor([2, 9]), tensor([ 2, 11]), tensor([ 2, 15]), tensor([ 2, 16]), tensor([3, 4]), tensor([3, 6]), tensor([3, 7]), tensor([3, 8]), tensor([3, 9]), tensor([ 3, 15]), tensor([ 3, 16]), tensor([ 3, 18]), tensor([ 4, 11]), tensor([ 4, 13]), tensor([ 4, 15]), tensor([ 5, 18]), tensor([ 6, 11]), tensor([ 6, 14]), tensor([ 6, 16]), tensor([7, 8]), tensor([7, 9]), tensor([ 7, 16]), tensor([ 7, 18]), tensor([ 8, 14]), tensor([ 8, 17]), tensor([11, 16]), tensor([11, 19]), tensor([12, 15]), tensor([12, 18]), tensor([13, 19]), tensor([14, 15]), tensor([16, 17]), tensor([17, 19]), tensor([18, 19])]
Mean loss in evaluation epoch: [[0.03596935793757439], [0.08242905139923096], [0.041357267647981644], [0.03403150662779808], [0.035189129412174225], [0.044320784509181976], [0.03353314474225044], [0.03752924129366875], [0.037844959646463394], [0.04553714394569397], [0.04240589216351509], [0.050469495356082916], [0.04387229308485985], [0.0531066358089447], [0.05222545936703682], [0.0632859393954277], [0.05553710460662842], [0.05850083380937576], [0.04828475043177605], [0.06454058736562729]], epochs needed: 200
count_changes: 42

Generation 1
Mean loss in evaluation epoch: [[0.03609292581677437], [0.08529873937368393], [0.04128209874033928], [0.03600365296006203], [0.03385636955499649], [0.043607570230960846], [0.035457395017147064], [0.036494769155979156], [0.039508480578660965], [0.046185869723558426], [0.04402577877044678], [0.050323523581027985], [0.046893127262592316], [0.05331664904952049], [0.05379727482795715], [0.06567174196243286], [0.0550973117351532], [0.05903296545147896], [0.04995039105415344], [0.0655980333685875]], epochs needed: 200
------------------------- TRACKING ---------------------------
Matrix Hash: c645cd3e932b1da5, num_times_seen_before: 0
ACC: 0.5105263157894737
TPR/FPR: 0.7777777777777778, 0.551948051948052
Loss: [[0.03609292581677437], [0.08529873937368393], [0.04128209874033928], [0.03600365296006203], [0.03385636955499649], [0.043607570230960846], [0.035457395017147064], [0.036494769155979156], [0.039508480578660965], [0.046185869723558426], [0.04402577877044678], [0.050323523581027985], [0.046893127262592316], [0.05331664904952049], [0.05379727482795715], [0.06567174196243286], [0.0550973117351532], [0.05903296545147896], [0.04995039105415344], [0.0655980333685875]]
Timestamp: 105.228641447
---------------------------------------------------------------
[tensor([0, 1]), tensor([0, 4]), tensor([0, 9]), tensor([ 0, 10]), tensor([ 0, 15]), tensor([ 0, 16]), tensor([ 0, 19]), tensor([1, 5]), tensor([ 1, 10]), tensor([ 1, 11]), tensor([ 1, 17]), tensor([ 1, 18]), tensor([ 2, 13]), tensor([ 4, 12]), tensor([ 4, 15]), tensor([5, 9]), tensor([ 6, 10]), tensor([ 6, 11]), tensor([ 6, 17]), tensor([7, 8]), tensor([ 7, 11]), tensor([ 7, 19]), tensor([ 8, 12]), tensor([ 8, 15]), tensor([ 8, 18]), tensor([10, 15]), tensor([12, 18]), tensor([14, 15]), tensor([14, 19]), tensor([15, 17])]
Mean loss in evaluation epoch: [[0.04415368288755417], [0.08318114280700684], [0.03860851377248764], [0.03807876259088516], [0.04365171119570732], [0.04900773987174034], [0.027555525302886963], [0.03995652124285698], [0.037035632878541946], [0.04243955761194229], [0.04129411652684212], [0.05165982246398926], [0.045948274433612823], [0.05263682082295418], [0.05698012188076973], [0.06562037020921707], [0.05838510021567345], [0.05940144881606102], [0.04606638103723526], [0.06443671137094498]], epochs needed: 200
count_changes: 13

Generation 2
Mean loss in evaluation epoch: [[0.03794552758336067], [0.07900205254554749], [0.03855890780687332], [0.050294067710638046], [0.03612474724650383], [0.04628073796629906], [0.02557624876499176], [0.038992345333099365], [0.03609023615717888], [0.049259036779403687], [0.03992130979895592], [0.04974052309989929], [0.04535670205950737], [0.05246814712882042], [0.05661913752555847], [0.058322723954916], [0.05549515038728714], [0.05785321071743965], [0.04452161118388176], [0.06526786088943481]], epochs needed: 200
------------------------- TRACKING ---------------------------
Matrix Hash: 928342b87e80774a, num_times_seen_before: 0
ACC: 0.49473684210526314
TPR/FPR: 0.8333333333333334, 0.5844155844155844
Loss: [[0.03794552758336067], [0.07900205254554749], [0.03855890780687332], [0.050294067710638046], [0.03612474724650383], [0.04628073796629906], [0.02557624876499176], [0.038992345333099365], [0.03609023615717888], [0.049259036779403687], [0.03992130979895592], [0.04974052309989929], [0.04535670205950737], [0.05246814712882042], [0.05661913752555847], [0.058322723954916], [0.05549515038728714], [0.05785321071743965], [0.04452161118388176], [0.06526786088943481]]
Timestamp: 211.628022156
---------------------------------------------------------------
[tensor([0, 1]), tensor([0, 4]), tensor([0, 5]), tensor([0, 9]), tensor([ 0, 10]), tensor([ 0, 17]), tensor([1, 3]), tensor([1, 4]), tensor([ 1, 11]), tensor([ 1, 13]), tensor([ 1, 16]), tensor([2, 8]), tensor([2, 9]), tensor([ 2, 14]), tensor([ 2, 18]), tensor([3, 8]), tensor([ 4, 13]), tensor([ 4, 19]), tensor([ 5, 14]), tensor([ 6, 10]), tensor([ 8, 11]), tensor([ 8, 15]), tensor([10, 19]), tensor([11, 18]), tensor([11, 19]), tensor([12, 17]), tensor([12, 19]), tensor([14, 15]), tensor([14, 19]), tensor([17, 19])]
Mean loss in evaluation epoch: [[0.04372616484761238], [0.08360730856657028], [0.03573642298579216], [0.027306487783789635], [0.033563483506441116], [0.04412674903869629], [0.026610761880874634], [0.03716815635561943], [0.03975312039256096], [0.03804914653301239], [0.04040723666548729], [0.05121379718184471], [0.04225805774331093], [0.050874579697847366], [0.04962446913123131], [0.05807613953948021], [0.05381852388381958], [0.05874663591384888], [0.04577947407960892], [0.07232357561588287]], epochs needed: 200
count_changes: 10

Generation 3
Mean loss in evaluation epoch: [[0.04968546703457832], [0.07958037406206131], [0.04115111008286476], [0.033582188189029694], [0.04173386096954346], [0.04626087471842766], [0.026725059375166893], [0.03872188180685043], [0.03546387702226639], [0.0413559190928936], [0.046243757009506226], [0.050366975367069244], [0.04572504386305809], [0.05872932821512222], [0.053622450679540634], [0.05958597734570503], [0.057726263999938965], [0.060783036053180695], [0.04427635297179222], [0.06824745982885361]], epochs needed: 200
------------------------- TRACKING ---------------------------
Matrix Hash: 1c49c231f88c3c70, num_times_seen_before: 0
ACC: 0.49473684210526314
TPR/FPR: 0.8611111111111112, 0.5909090909090909
Loss: [[0.04968546703457832], [0.07958037406206131], [0.04115111008286476], [0.033582188189029694], [0.04173386096954346], [0.04626087471842766], [0.026725059375166893], [0.03872188180685043], [0.03546387702226639], [0.0413559190928936], [0.046243757009506226], [0.050366975367069244], [0.04572504386305809], [0.05872932821512222], [0.053622450679540634], [0.05958597734570503], [0.057726263999938965], [0.060783036053180695], [0.04427635297179222], [0.06824745982885361]]
Timestamp: 316.615043449
---------------------------------------------------------------
[tensor([0, 1]), tensor([0, 4]), tensor([0, 5]), tensor([ 0, 10]), tensor([ 0, 15]), tensor([ 0, 17]), tensor([ 0, 19]), tensor([ 1, 14]), tensor([ 1, 16]), tensor([2, 3]), tensor([ 2, 14]), tensor([4, 8]), tensor([ 4, 10]), tensor([ 4, 12]), tensor([ 4, 13]), tensor([ 4, 15]), tensor([ 7, 11]), tensor([ 7, 13]), tensor([ 9, 13]), tensor([10, 18]), tensor([14, 17])]
Mean loss in evaluation epoch: [[0.0674857422709465], [0.08970197290182114], [0.06419821828603745], [0.025245314463973045], [0.06982328742742538], [0.048012275248765945], [0.03565748780965805], [0.04713481664657593], [0.037490762770175934], [0.04693121463060379], [0.04661612585186958], [0.05627530813217163], [0.049532826989889145], [0.05783040076494217], [0.09200412034988403], [0.06669210642576218], [0.06060366705060005], [0.06636809557676315], [0.05099525675177574], [0.07363564521074295]], epochs needed: 200
count_changes: 0

Generation 4
Mean loss in evaluation epoch: [[0.058537449687719345], [0.08315382897853851], [0.04532044753432274], [0.04656649008393288], [0.043905969709157944], [0.048241373151540756], [0.027793699875473976], [0.04103972017765045], [0.0368516631424427], [0.04371020570397377], [0.04815742000937462], [0.0562237873673439], [0.04839766025543213], [0.0599532425403595], [0.05897285416722298], [0.06199991703033447], [0.061607278883457184], [0.061121053993701935], [0.04549175500869751], [0.077033631503582]], epochs needed: 200
------------------------- TRACKING ---------------------------
Matrix Hash: 1c49c231f88c3c70, num_times_seen_before: 1
ACC: 0.49473684210526314
TPR/FPR: 0.8611111111111112, 0.5909090909090909
Loss: [[0.058537449687719345], [0.08315382897853851], [0.04532044753432274], [0.04656649008393288], [0.043905969709157944], [0.048241373151540756], [0.027793699875473976], [0.04103972017765045], [0.0368516631424427], [0.04371020570397377], [0.04815742000937462], [0.0562237873673439], [0.04839766025543213], [0.0599532425403595], [0.05897285416722298], [0.06199991703033447], [0.061607278883457184], [0.061121053993701935], [0.04549175500869751], [0.077033631503582]]
Timestamp: 423.71460072
---------------------------------------------------------------
[tensor([0, 1]), tensor([0, 4]), tensor([0, 7]), tensor([ 0, 10]), tensor([ 0, 15]), tensor([ 0, 16]), tensor([ 0, 17]), tensor([ 0, 19]), tensor([1, 7]), tensor([ 1, 15]), tensor([ 1, 19]), tensor([ 2, 11]), tensor([ 2, 19]), tensor([3, 6]), tensor([ 3, 16]), tensor([4, 8]), tensor([ 5, 14]), tensor([ 7, 17]), tensor([ 7, 19]), tensor([ 8, 10]), tensor([ 8, 13]), tensor([ 9, 10]), tensor([ 9, 13]), tensor([ 9, 19]), tensor([11, 18]), tensor([11, 19]), tensor([12, 19]), tensor([16, 17])]
Mean loss in evaluation epoch: [[0.039562027901411057], [0.08054067939519882], [0.037775106728076935], [0.013273169286549091], [0.030751291662454605], [0.045480214059352875], [0.025952676311135292], [0.03820854052901268], [0.034626204520463943], [0.03912011533975601], [0.041859835386276245], [0.048768576234579086], [0.04236743971705437], [0.04974011331796646], [0.051687370985746384], [0.058887697756290436], [0.05178927257657051], [0.06055022403597832], [0.043941374868154526], [0.0657108947634697]], epochs needed: 200
count_changes: 28

Generation 5
Mean loss in evaluation epoch: [[0.06255988031625748], [0.08304562419652939], [0.040568746626377106], [0.016742020845413208], [0.03601747751235962], [0.04735087230801582], [0.029831228777766228], [0.044990286231040955], [0.04616345092654228], [0.043591808527708054], [0.04953453689813614], [0.05419104918837547], [0.044468533247709274], [0.05268755555152893], [0.0533628948032856], [0.06051666662096977], [0.05390217527747154], [0.06325742602348328], [0.04684039577841759], [0.07881493866443634]], epochs needed: 200
------------------------- TRACKING ---------------------------
Matrix Hash: 795aa49b85bdb7cf, num_times_seen_before: 0
ACC: 0.5263157894736843
TPR/FPR: 0.9166666666666666, 0.564935064935065
Loss: [[0.06255988031625748], [0.08304562419652939], [0.040568746626377106], [0.016742020845413208], [0.03601747751235962], [0.04735087230801582], [0.029831228777766228], [0.044990286231040955], [0.04616345092654228], [0.043591808527708054], [0.04953453689813614], [0.05419104918837547], [0.044468533247709274], [0.05268755555152893], [0.0533628948032856], [0.06051666662096977], [0.05390217527747154], [0.06325742602348328], [0.04684039577841759], [0.07881493866443634]]
Timestamp: 529.384904246
---------------------------------------------------------------
[tensor([0, 6]), tensor([0, 8]), tensor([0, 9]), tensor([ 0, 10]), tensor([ 0, 14]), tensor([ 0, 15]), tensor([ 0, 18]), tensor([1, 7]), tensor([ 1, 12]), tensor([ 1, 19]), tensor([2, 7]), tensor([2, 8]), tensor([ 2, 12]), tensor([ 2, 18]), tensor([4, 8]), tensor([ 5, 11]), tensor([ 5, 16]), tensor([ 5, 19]), tensor([ 6, 11]), tensor([ 6, 19]), tensor([7, 9]), tensor([ 7, 13]), tensor([ 7, 18]), tensor([ 7, 19]), tensor([8, 9]), tensor([ 9, 10]), tensor([10, 13]), tensor([10, 14]), tensor([11, 14]), tensor([11, 18]), tensor([11, 19]), tensor([13, 14]), tensor([13, 17]), tensor([15, 19]), tensor([16, 19])]
Mean loss in evaluation epoch: [[0.03671860322356224], [0.08101002126932144], [0.039942383766174316], [0.018841378390789032], [0.03735451027750969], [0.04932332783937454], [0.031067563220858574], [0.06501427292823792], [0.03933311253786087], [0.04611561819911003], [0.04882605001330376], [0.06293606013059616], [0.04758664593100548], [0.0531398169696331], [0.06218552216887474], [0.06289004534482956], [0.05461055785417557], [0.06717336177825928], [0.048667069524526596], [0.07801321893930435]], epochs needed: 200
count_changes: 13

Generation 6
Mean loss in evaluation epoch: [[0.03217792883515358], [0.07940806448459625], [0.043137334287166595], [0.023493867367506027], [0.039737850427627563], [0.04587894678115845], [0.03432149812579155], [0.04253178462386131], [0.03521960601210594], [0.042193613946437836], [0.04352996498346329], [0.05111772567033768], [0.042379654943943024], [0.05298794060945511], [0.05412755161523819], [0.05747031047940254], [0.06460151821374893], [0.06005801633000374], [0.049813687801361084], [0.06118221953511238]], epochs needed: 200
------------------------- TRACKING ---------------------------
Matrix Hash: 29a743f36a48aad4, num_times_seen_before: 0
ACC: 0.5421052631578948
TPR/FPR: 0.8333333333333334, 0.525974025974026
Loss: [[0.03217792883515358], [0.07940806448459625], [0.043137334287166595], [0.023493867367506027], [0.039737850427627563], [0.04587894678115845], [0.03432149812579155], [0.04253178462386131], [0.03521960601210594], [0.042193613946437836], [0.04352996498346329], [0.05111772567033768], [0.042379654943943024], [0.05298794060945511], [0.05412755161523819], [0.05747031047940254], [0.06460151821374893], [0.06005801633000374], [0.049813687801361084], [0.06118221953511238]]
Timestamp: 634.822701241
---------------------------------------------------------------
[tensor([ 0, 16]), tensor([ 0, 18]), tensor([1, 6]), tensor([2, 6]), tensor([2, 7]), tensor([2, 8]), tensor([ 2, 15]), tensor([ 2, 18]), tensor([3, 4]), tensor([3, 5]), tensor([ 3, 10]), tensor([4, 5]), tensor([ 5, 11]), tensor([ 6, 11]), tensor([ 6, 18]), tensor([ 6, 19]), tensor([ 7, 14]), tensor([ 7, 17]), tensor([ 9, 13]), tensor([ 9, 16]), tensor([10, 14]), tensor([10, 16]), tensor([10, 17]), tensor([10, 18]), tensor([11, 12]), tensor([11, 14]), tensor([11, 16]), tensor([11, 18]), tensor([15, 18]), tensor([16, 19])]
Mean loss in evaluation epoch: [[0.03697625920176506], [0.0814746841788292], [0.05117499828338623], [0.0330704003572464], [0.043080199509859085], [0.05629400536417961], [0.04579698666930199], [0.044242020696401596], [0.03880129009485245], [0.05244789272546768], [0.05331351235508919], [0.05914954096078873], [0.046818073838949203], [0.05505364015698433], [0.05582786723971367], [0.06611844897270203], [0.06569533050060272], [0.06571025401353836], [0.06691453605890274], [0.0668223425745964]], epochs needed: 200
count_changes: 0

Generation 7
Mean loss in evaluation epoch: [[0.034518398344516754], [0.0805388018488884], [0.04624702036380768], [0.024188635870814323], [0.041494037955999374], [0.047839757055044174], [0.03854867443442345], [0.04503054544329643], [0.03725096210837364], [0.044218000024557114], [0.0441959910094738], [0.05247948318719864], [0.0438995324075222], [0.053924720734357834], [0.05561910197138786], [0.058708321303129196], [0.06713071465492249], [0.06132720783352852], [0.052681125700473785], [0.06309615820646286]], epochs needed: 200
------------------------- TRACKING ---------------------------
Matrix Hash: 29a743f36a48aad4, num_times_seen_before: 1
ACC: 0.5421052631578948
TPR/FPR: 0.8333333333333334, 0.525974025974026
Loss: [[0.034518398344516754], [0.0805388018488884], [0.04624702036380768], [0.024188635870814323], [0.041494037955999374], [0.047839757055044174], [0.03854867443442345], [0.04503054544329643], [0.03725096210837364], [0.044218000024557114], [0.0441959910094738], [0.05247948318719864], [0.0438995324075222], [0.053924720734357834], [0.05561910197138786], [0.058708321303129196], [0.06713071465492249], [0.06132720783352852], [0.052681125700473785], [0.06309615820646286]]
Timestamp: 738.862187007
---------------------------------------------------------------
[tensor([0, 3]), tensor([0, 5]), tensor([0, 9]), tensor([ 0, 18]), tensor([1, 8]), tensor([2, 6]), tensor([2, 7]), tensor([2, 8]), tensor([ 2, 11]), tensor([ 2, 12]), tensor([ 2, 15]), tensor([ 2, 18]), tensor([ 2, 19]), tensor([3, 4]), tensor([3, 5]), tensor([ 4, 14]), tensor([ 5, 17]), tensor([ 6, 10]), tensor([ 6, 11]), tensor([ 6, 18]), tensor([ 6, 19]), tensor([7, 8]), tensor([7, 9]), tensor([ 7, 18]), tensor([ 7, 19]), tensor([ 8, 13]), tensor([ 8, 14]), tensor([ 9, 11]), tensor([ 9, 13]), tensor([11, 18]), tensor([16, 19])]
Mean loss in evaluation epoch: [[0.03316064551472664], [0.08488237857818604], [0.059815436601638794], [0.04284072294831276], [0.04573878273367882], [0.048339832574129105], [0.03820347413420677], [0.04504380375146866], [0.039449047297239304], [0.04255395382642746], [0.04322640970349312], [0.0531102791428566], [0.045533642172813416], [0.060832489281892776], [0.0600414052605629], [0.062066566199064255], [0.05586188659071922], [0.06392084062099457], [0.051828086376190186], [0.06569460034370422]], epochs needed: 200
count_changes: 10

Generation 8
Mean loss in evaluation epoch: [[0.04116394743323326], [0.08190631121397018], [0.051966406404972076], [0.01635613851249218], [0.034441202878952026], [0.04358305037021637], [0.029743671417236328], [0.04008455201983452], [0.040044188499450684], [0.04905901849269867], [0.04362678527832031], [0.04976431652903557], [0.04529887065291405], [0.05075633153319359], [0.05539447069168091], [0.06035563349723816], [0.055086899548769], [0.06286223232746124], [0.05417151376605034], [0.07509519904851913]], epochs needed: 200
------------------------- TRACKING ---------------------------
Matrix Hash: 1558b55882525641, num_times_seen_before: 0
ACC: 0.5210526315789474
TPR/FPR: 0.8888888888888888, 0.564935064935065
Loss: [[0.04116394743323326], [0.08190631121397018], [0.051966406404972076], [0.01635613851249218], [0.034441202878952026], [0.04358305037021637], [0.029743671417236328], [0.04008455201983452], [0.040044188499450684], [0.04905901849269867], [0.04362678527832031], [0.04976431652903557], [0.04529887065291405], [0.05075633153319359], [0.05539447069168091], [0.06035563349723816], [0.055086899548769], [0.06286223232746124], [0.05417151376605034], [0.07509519904851913]]
Timestamp: 842.811270296
---------------------------------------------------------------
[tensor([0, 1]), tensor([0, 3]), tensor([0, 7]), tensor([0, 8]), tensor([0, 9]), tensor([ 0, 11]), tensor([1, 3]), tensor([ 1, 12]), tensor([ 1, 18]), tensor([2, 6]), tensor([2, 7]), tensor([2, 8]), tensor([ 2, 10]), tensor([ 2, 11]), tensor([ 2, 12]), tensor([ 2, 19]), tensor([3, 8]), tensor([ 3, 16]), tensor([4, 5]), tensor([4, 8]), tensor([4, 9]), tensor([ 5, 19]), tensor([6, 9]), tensor([ 6, 10]), tensor([7, 9]), tensor([ 7, 10]), tensor([ 8, 17]), tensor([ 9, 10]), tensor([ 9, 15]), tensor([ 9, 16]), tensor([ 9, 18]), tensor([11, 16]), tensor([11, 18]), tensor([11, 19]), tensor([15, 19]), tensor([17, 18])]
Mean loss in evaluation epoch: [[0.030472373589873314], [0.07739819586277008], [0.051409728825092316], [0.026989949867129326], [0.032296355813741684], [0.04489734768867493], [0.02957226149737835], [0.03716733679175377], [0.043252088129520416], [0.05895835906267166], [0.040758680552244186], [0.04696054384112358], [0.04422375187277794], [0.0500626340508461], [0.05625785514712334], [0.05910816416144371], [0.05204736068844795], [0.06157494708895683], [0.04446528106927872], [0.06231990084052086]], epochs needed: 200
count_changes: 23

Generation 9
Mean loss in evaluation epoch: [[0.040297091007232666], [0.08445526659488678], [0.06507027894258499], [0.024309879168868065], [0.04016020521521568], [0.049457889050245285], [0.03330042213201523], [0.04201136901974678], [0.03802360221743584], [0.050622403621673584], [0.04541401192545891], [0.05114367604255676], [0.05067986994981766], [0.05375765636563301], [0.05930230766534805], [0.06316032260656357], [0.056223925203084946], [0.06807252764701843], [0.049000419676303864], [0.07082964479923248]], epochs needed: 200
------------------------- TRACKING ---------------------------
Matrix Hash: dd4d75b0979d9fec, num_times_seen_before: 0
ACC: 0.5157894736842106
TPR/FPR: 0.8611111111111112, 0.564935064935065
Loss: [[0.040297091007232666], [0.08445526659488678], [0.06507027894258499], [0.024309879168868065], [0.04016020521521568], [0.049457889050245285], [0.03330042213201523], [0.04201136901974678], [0.03802360221743584], [0.050622403621673584], [0.04541401192545891], [0.05114367604255676], [0.05067986994981766], [0.05375765636563301], [0.05930230766534805], [0.06316032260656357], [0.056223925203084946], [0.06807252764701843], [0.049000419676303864], [0.07082964479923248]]
Timestamp: 946.726996932
---------------------------------------------------------------
[tensor([0, 1]), tensor([0, 3]), tensor([0, 6]), tensor([0, 7]), tensor([0, 9]), tensor([ 0, 11]), tensor([1, 3]), tensor([ 1, 18]), tensor([ 1, 19]), tensor([2, 3]), tensor([2, 6]), tensor([2, 7]), tensor([2, 9]), tensor([ 2, 12]), tensor([ 2, 16]), tensor([ 2, 17]), tensor([ 3, 14]), tensor([5, 8]), tensor([6, 9]), tensor([7, 9]), tensor([ 8, 12]), tensor([ 9, 11]), tensor([10, 19]), tensor([11, 18]), tensor([12, 16]), tensor([14, 19])]
Mean loss in evaluation epoch: [[0.04314090684056282], [0.07599460333585739], [0.046370979398489], [0.025073811411857605], [0.033521536737680435], [0.04149589687585831], [0.02907462790608406], [0.0376422144472599], [0.03375815600156784], [0.039761465042829514], [0.03954462334513664], [0.04925089702010155], [0.040984608232975006], [0.049485817551612854], [0.05274120718240738], [0.057944584637880325], [0.05476301535964012], [0.06212521344423294], [0.04715737700462341], [0.05969313532114029]], epochs needed: 200
count_changes: 24

Generation 10
Mean loss in evaluation epoch: [[0.07193759828805923], [0.08705373108386993], [0.0648421198129654], [0.0314360074698925], [0.03802482411265373], [0.04668866842985153], [0.032359737902879715], [0.045209866017103195], [0.04128226265311241], [0.04502856358885765], [0.04270480200648308], [0.05097056180238724], [0.047381073236465454], [0.05703185871243477], [0.055467188358306885], [0.06726042181253433], [0.06977962702512741], [0.07581375539302826], [0.06249908357858658], [0.06494356691837311]], epochs needed: 200
------------------------- TRACKING ---------------------------
Matrix Hash: e784ece904b0323e, num_times_seen_before: 0
ACC: 0.5578947368421052
TPR/FPR: 0.8611111111111112, 0.512987012987013
Loss: [[0.07193759828805923], [0.08705373108386993], [0.0648421198129654], [0.0314360074698925], [0.03802482411265373], [0.04668866842985153], [0.032359737902879715], [0.045209866017103195], [0.04128226265311241], [0.04502856358885765], [0.04270480200648308], [0.05097056180238724], [0.047381073236465454], [0.05703185871243477], [0.055467188358306885], [0.06726042181253433], [0.06977962702512741], [0.07581375539302826], [0.06249908357858658], [0.06494356691837311]]
Timestamp: 1050.663175557
---------------------------------------------------------------
[tensor([0, 1]), tensor([0, 4]), tensor([0, 5]), tensor([0, 6]), tensor([0, 7]), tensor([ 0, 12]), tensor([ 0, 18]), tensor([ 0, 19]), tensor([ 1, 11]), tensor([ 1, 12]), tensor([2, 3]), tensor([ 2, 12]), tensor([ 2, 16]), tensor([ 2, 17]), tensor([3, 4]), tensor([ 3, 15]), tensor([ 3, 16]), tensor([ 3, 18]), tensor([ 4, 18]), tensor([ 5, 17]), tensor([ 5, 18]), tensor([6, 9]), tensor([ 6, 13]), tensor([ 6, 15]), tensor([ 6, 18]), tensor([7, 8]), tensor([7, 9]), tensor([ 7, 18]), tensor([ 7, 19]), tensor([8, 9]), tensor([ 8, 12]), tensor([ 8, 14]), tensor([ 9, 18]), tensor([10, 12]), tensor([11, 16]), tensor([11, 18]), tensor([12, 16]), tensor([14, 16]), tensor([15, 17]), tensor([16, 17])]
Mean loss in evaluation epoch: [[0.03988310322165489], [0.07826340943574905], [0.03855646774172783], [0.023659398779273033], [0.042611073702573776], [0.047392841428518295], [0.026819396764039993], [0.03454626724123955], [0.03730260953307152], [0.039469484239816666], [0.04000979661941528], [0.04683871939778328], [0.042534925043582916], [0.05100229009985924], [0.05322160944342613], [0.06164280325174332], [0.05794958025217056], [0.058514304459095], [0.053797245025634766], [0.060500193387269974]], epochs needed: 200
count_changes: 40

Generation 11
Mean loss in evaluation epoch: [[0.039525628089904785], [0.07980658113956451], [0.04346794635057449], [0.030461415648460388], [0.044711820781230927], [0.0510856918990612], [0.031450290232896805], [0.04032013937830925], [0.04002461954951286], [0.04425448551774025], [0.044630102813243866], [0.051536381244659424], [0.046784695237874985], [0.055141985416412354], [0.05790790542960167], [0.0650462806224823], [0.059331174939870834], [0.06072784587740898], [0.054146166890859604], [0.06470626592636108]], epochs needed: 200
------------------------- TRACKING ---------------------------
Matrix Hash: 5e395ae501d069e9, num_times_seen_before: 0
ACC: 0.5263157894736843
TPR/FPR: 0.75, 0.525974025974026
Loss: [[0.039525628089904785], [0.07980658113956451], [0.04346794635057449], [0.030461415648460388], [0.044711820781230927], [0.0510856918990612], [0.031450290232896805], [0.04032013937830925], [0.04002461954951286], [0.04425448551774025], [0.044630102813243866], [0.051536381244659424], [0.046784695237874985], [0.055141985416412354], [0.05790790542960167], [0.0650462806224823], [0.059331174939870834], [0.06072784587740898], [0.054146166890859604], [0.06470626592636108]]
Timestamp: 1154.626748121
---------------------------------------------------------------
[tensor([0, 4]), tensor([0, 5]), tensor([ 0, 14]), tensor([1, 8]), tensor([ 1, 10]), tensor([ 1, 14]), tensor([ 1, 16]), tensor([ 2, 11]), tensor([ 2, 17]), tensor([ 2, 18]), tensor([ 3, 15]), tensor([ 3, 18]), tensor([ 5, 19]), tensor([ 6, 13]), tensor([ 7, 18]), tensor([ 7, 19]), tensor([ 9, 12]), tensor([ 9, 18]), tensor([10, 14]), tensor([11, 16]), tensor([11, 18]), tensor([13, 14]), tensor([13, 17]), tensor([14, 16]), tensor([14, 17]), tensor([15, 19]), tensor([16, 17]), tensor([17, 18]), tensor([17, 19])]
Mean loss in evaluation epoch: [[0.024699164554476738], [0.07267414778470993], [0.03640775755047798], [0.025245768949389458], [0.03689366206526756], [0.0405445471405983], [0.02351110801100731], [0.034128766506910324], [0.03466756269335747], [0.03983720764517784], [0.03664540871977806], [0.04428800940513611], [0.041987206786870956], [0.048999592661857605], [0.04667877033352852], [0.05524864420294762], [0.049351759254932404], [0.05131545662879944], [0.04369485005736351], [0.05592557415366173]], epochs needed: 200
count_changes: 29

Generation 12
Mean loss in evaluation epoch: [[0.026282010599970818], [0.08098137378692627], [0.037500351667404175], [0.03081415593624115], [0.037694286555051804], [0.040976595133543015], [0.025266796350479126], [0.03499830886721611], [0.0386936329305172], [0.0414920449256897], [0.03725120425224304], [0.04555186629295349], [0.04253240302205086], [0.04878753796219826], [0.0483708381652832], [0.055825114250183105], [0.05030123144388199], [0.05317489057779312], [0.044062357395887375], [0.061022378504276276]], epochs needed: 200
------------------------- TRACKING ---------------------------
Matrix Hash: 20d8a4991bd14030, num_times_seen_before: 0
ACC: 0.6052631578947368
TPR/FPR: 0.8611111111111112, 0.45454545454545453
Loss: [[0.026282010599970818], [0.08098137378692627], [0.037500351667404175], [0.03081415593624115], [0.037694286555051804], [0.040976595133543015], [0.025266796350479126], [0.03499830886721611], [0.0386936329305172], [0.0414920449256897], [0.03725120425224304], [0.04555186629295349], [0.04253240302205086], [0.04878753796219826], [0.0483708381652832], [0.055825114250183105], [0.05030123144388199], [0.05317489057779312], [0.044062357395887375], [0.061022378504276276]]
Timestamp: 1258.676315731
---------------------------------------------------------------
[tensor([0, 1]), tensor([0, 6]), tensor([ 0, 10]), tensor([ 0, 16]), tensor([1, 7]), tensor([ 1, 11]), tensor([ 1, 15]), tensor([ 2, 12]), tensor([ 2, 13]), tensor([ 2, 18]), tensor([ 3, 16]), tensor([4, 5]), tensor([ 4, 10]), tensor([ 4, 12]), tensor([ 4, 16]), tensor([ 4, 17]), tensor([ 5, 11]), tensor([ 5, 16]), tensor([ 5, 17]), tensor([6, 9]), tensor([ 6, 11]), tensor([7, 8]), tensor([ 7, 11]), tensor([ 7, 12]), tensor([8, 9]), tensor([ 8, 10]), tensor([ 8, 12]), tensor([ 8, 13]), tensor([ 8, 14]), tensor([ 8, 15]), tensor([ 9, 15]), tensor([10, 16]), tensor([11, 18]), tensor([11, 19]), tensor([12, 17]), tensor([12, 18]), tensor([13, 15]), tensor([13, 18]), tensor([14, 15])]
Mean loss in evaluation epoch: [[0.02759154513478279], [0.07638709247112274], [0.04117633402347565], [0.022605527192354202], [0.037882380187511444], [0.040301363915205], [0.028626007959246635], [0.037703704088926315], [0.030970348045229912], [0.04003814607858658], [0.03615042194724083], [0.045622751116752625], [0.04180032014846802], [0.04575728625059128], [0.04646863415837288], [0.051303207874298096], [0.04888884350657463], [0.05101342126727104], [0.0420469306409359], [0.055835556238889694]], epochs needed: 200
count_changes: 30

Generation 13
Mean loss in evaluation epoch: [[0.025262638926506042], [0.07189193367958069], [0.03952273353934288], [0.023314710706472397], [0.040657974779605865], [0.040151115506887436], [0.023416446521878242], [0.03717775270342827], [0.029502445831894875], [0.03769451007246971], [0.03234068676829338], [0.041536279022693634], [0.03980797156691551], [0.044380128383636475], [0.04516338184475899], [0.050879694521427155], [0.04785361886024475], [0.04948761686682701], [0.04332318529486656], [0.05578048154711723]], epochs needed: 200
------------------------- TRACKING ---------------------------
Matrix Hash: 93e53068d1825232, num_times_seen_before: 0
ACC: 0.668421052631579
TPR/FPR: 0.8888888888888888, 0.38311688311688313
Loss: [[0.025262638926506042], [0.07189193367958069], [0.03952273353934288], [0.023314710706472397], [0.040657974779605865], [0.040151115506887436], [0.023416446521878242], [0.03717775270342827], [0.029502445831894875], [0.03769451007246971], [0.03234068676829338], [0.041536279022693634], [0.03980797156691551], [0.044380128383636475], [0.04516338184475899], [0.050879694521427155], [0.04785361886024475], [0.04948761686682701], [0.04332318529486656], [0.05578048154711723]]
Timestamp: 1362.759667498
---------------------------------------------------------------
[tensor([0, 1]), tensor([0, 3]), tensor([ 0, 12]), tensor([ 0, 14]), tensor([ 0, 17]), tensor([1, 7]), tensor([ 1, 13]), tensor([ 1, 17]), tensor([ 1, 18]), tensor([2, 4]), tensor([ 2, 10]), tensor([ 2, 13]), tensor([ 2, 14]), tensor([ 2, 19]), tensor([3, 8]), tensor([ 3, 12]), tensor([4, 5]), tensor([4, 7]), tensor([4, 9]), tensor([ 4, 11]), tensor([ 4, 12]), tensor([ 5, 10]), tensor([6, 8]), tensor([6, 9]), tensor([7, 8]), tensor([ 7, 11]), tensor([ 8, 11]), tensor([ 8, 13]), tensor([ 8, 14]), tensor([ 8, 15]), tensor([ 9, 13]), tensor([ 9, 16]), tensor([ 9, 18]), tensor([10, 12]), tensor([10, 18]), tensor([13, 19]), tensor([15, 16]), tensor([15, 19]), tensor([16, 18]), tensor([16, 19])]
Mean loss in evaluation epoch: [[0.01368335634469986], [0.07355057448148727], [0.032200317829847336], [0.03378298878669739], [0.03329482674598694], [0.03553273156285286], [0.019442198798060417], [0.03235415369272232], [0.029238257557153702], [0.03363510221242905], [0.02722655050456524], [0.03508489951491356], [0.03186633065342903], [0.04287559539079666], [0.045784398913383484], [0.050181757658720016], [0.04409533739089966], [0.045923274010419846], [0.03821426257491112], [0.051880549639463425]], epochs needed: 200
count_changes: 36

Generation 14
Mean loss in evaluation epoch: [[0.015740375965833664], [0.06977514177560806], [0.0313497819006443], [0.024218743667006493], [0.03450211137533188], [0.03648948296904564], [0.020081287249922752], [0.03314463421702385], [0.027665993198752403], [0.03013935126364231], [0.027524257078766823], [0.03417857363820076], [0.037065982818603516], [0.039920154958963394], [0.04058847576379776], [0.05118918418884277], [0.043511103838682175], [0.04603446647524834], [0.0380888395011425], [0.04909089207649231]], epochs needed: 200
------------------------- TRACKING ---------------------------
Matrix Hash: f29a68b4b1835de5, num_times_seen_before: 0
ACC: 0.7736842105263158
TPR/FPR: 0.9166666666666666, 0.2597402597402597
Loss: [[0.015740375965833664], [0.06977514177560806], [0.0313497819006443], [0.024218743667006493], [0.03450211137533188], [0.03648948296904564], [0.020081287249922752], [0.03314463421702385], [0.027665993198752403], [0.03013935126364231], [0.027524257078766823], [0.03417857363820076], [0.037065982818603516], [0.039920154958963394], [0.04058847576379776], [0.05118918418884277], [0.043511103838682175], [0.04603446647524834], [0.0380888395011425], [0.04909089207649231]]
Timestamp: 1466.650337863
---------------------------------------------------------------
[tensor([ 0, 10]), tensor([ 0, 14]), tensor([ 0, 19]), tensor([ 1, 11]), tensor([2, 4]), tensor([2, 5]), tensor([2, 9]), tensor([ 2, 13]), tensor([ 2, 16]), tensor([3, 4]), tensor([ 3, 13]), tensor([ 3, 14]), tensor([ 3, 19]), tensor([4, 5]), tensor([4, 8]), tensor([ 4, 12]), tensor([ 4, 17]), tensor([5, 9]), tensor([ 5, 11]), tensor([ 6, 13]), tensor([ 6, 16]), tensor([7, 9]), tensor([ 7, 15]), tensor([ 9, 10]), tensor([11, 12]), tensor([11, 15]), tensor([12, 14]), tensor([15, 19]), tensor([17, 18])]
Mean loss in evaluation epoch: [[0.019090643152594566], [0.06445766985416412], [0.03358347341418266], [0.012437878176569939], [0.025442926213145256], [0.031236886978149414], [0.011477380990982056], [0.03058619797229767], [0.023306829854846], [0.025268975645303726], [0.025225628167390823], [0.025775117799639702], [0.03878188878297806], [0.04270491749048233], [0.036447685211896896], [0.0462130606174469], [0.0402960479259491], [0.037016842514276505], [0.035804059356451035], [0.044210758060216904]], epochs needed: 200
count_changes: 27

Generation 15
Mean loss in evaluation epoch: [[0.01719752512872219], [0.0650826022028923], [0.030233293771743774], [0.015921633690595627], [0.026990627869963646], [0.03119395673274994], [0.013042144477367401], [0.02953423000872135], [0.02183586172759533], [0.02567562460899353], [0.02294713631272316], [0.025660226121544838], [0.03736533224582672], [0.040293771773576736], [0.037133824080228806], [0.04654114693403244], [0.04023518040776253], [0.036242347210645676], [0.03463446721434593], [0.04457520321011543]], epochs needed: 200
------------------------- TRACKING ---------------------------
Matrix Hash: 7d98305213b21ecb, num_times_seen_before: 0
ACC: 0.8210526315789474
TPR/FPR: 0.9722222222222222, 0.21428571428571427
Loss: [[0.01719752512872219], [0.0650826022028923], [0.030233293771743774], [0.015921633690595627], [0.026990627869963646], [0.03119395673274994], [0.013042144477367401], [0.02953423000872135], [0.02183586172759533], [0.02567562460899353], [0.02294713631272316], [0.025660226121544838], [0.03736533224582672], [0.040293771773576736], [0.037133824080228806], [0.04654114693403244], [0.04023518040776253], [0.036242347210645676], [0.03463446721434593], [0.04457520321011543]]
Timestamp: 1570.657459008
---------------------------------------------------------------
[tensor([0, 6]), tensor([ 0, 10]), tensor([ 0, 14]), tensor([ 0, 19]), tensor([1, 3]), tensor([ 1, 13]), tensor([ 1, 15]), tensor([2, 9]), tensor([ 2, 18]), tensor([3, 6]), tensor([ 3, 12]), tensor([ 3, 14]), tensor([4, 5]), tensor([ 4, 12]), tensor([ 4, 14]), tensor([5, 7]), tensor([ 5, 15]), tensor([6, 9]), tensor([ 6, 13]), tensor([ 6, 15]), tensor([ 6, 16]), tensor([ 6, 17]), tensor([ 7, 11]), tensor([ 7, 12]), tensor([ 7, 17]), tensor([ 7, 18]), tensor([ 8, 13]), tensor([ 9, 10]), tensor([ 9, 17]), tensor([10, 17]), tensor([10, 18]), tensor([11, 12]), tensor([11, 16]), tensor([12, 16]), tensor([14, 15]), tensor([15, 17]), tensor([16, 19])]
Mean loss in evaluation epoch: [[0.01794695109128952], [0.05747043713927269], [0.027977092191576958], [0.01938079297542572], [0.025094136595726013], [0.025572245940566063], [0.023475918918848038], [0.02849764935672283], [0.019020935520529747], [0.02976350486278534], [0.026844030246138573], [0.03584195673465729], [0.027764415368437767], [0.03465167060494423], [0.040002625435590744], [0.04955676198005676], [0.03910817205905914], [0.04750702902674675], [0.02226327918469906], [0.03275240585207939]], epochs needed: 200
count_changes: 16

Generation 16
Mean loss in evaluation epoch: [[0.016280895099043846], [0.055235832929611206], [0.0299559123814106], [0.009928117506206036], [0.02695365808904171], [0.027107810601592064], [0.008104578591883183], [0.021573146805167198], [0.019036507233977318], [0.024531537666916847], [0.01900794543325901], [0.02486618608236313], [0.030388226732611656], [0.02821478061378002], [0.03484554961323738], [0.04065936431288719], [0.03312944248318672], [0.036667704582214355], [0.022202324122190475], [0.03204968199133873]], epochs needed: 200
------------------------- TRACKING ---------------------------
Matrix Hash: 700ba55998cdc617, num_times_seen_before: 0
ACC: 0.9052631578947369
TPR/FPR: 1.0, 0.11688311688311688
Loss: [[0.016280895099043846], [0.055235832929611206], [0.0299559123814106], [0.009928117506206036], [0.02695365808904171], [0.027107810601592064], [0.008104578591883183], [0.021573146805167198], [0.019036507233977318], [0.024531537666916847], [0.01900794543325901], [0.02486618608236313], [0.030388226732611656], [0.02821478061378002], [0.03484554961323738], [0.04065936431288719], [0.03312944248318672], [0.036667704582214355], [0.022202324122190475], [0.03204968199133873]]
Timestamp: 1675.0116888
---------------------------------------------------------------
[tensor([0, 1]), tensor([ 0, 12]), tensor([ 0, 14]), tensor([ 0, 18]), tensor([1, 3]), tensor([1, 4]), tensor([ 1, 16]), tensor([2, 9]), tensor([3, 6]), tensor([ 3, 13]), tensor([ 4, 14]), tensor([ 4, 16]), tensor([ 4, 19]), tensor([5, 7]), tensor([ 6, 13]), tensor([7, 8]), tensor([ 7, 17]), tensor([ 8, 15]), tensor([10, 17]), tensor([11, 12]), tensor([14, 16]), tensor([15, 17]), tensor([16, 18])]
Mean loss in evaluation epoch: [[0.01530204713344574], [0.06059039756655693], [0.026522710919380188], [0.011979606933891773], [0.015738848596811295], [0.027319742366671562], [0.01612005941569805], [0.026994913816452026], [0.007296566851437092], [0.021898487582802773], [0.005730988923460245], [0.007984479889273643], [0.02536091022193432], [0.03022419847548008], [0.03510464355349541], [0.004969839472323656], [0.04297671467065811], [0.03281144052743912], [0.023038148880004883], [0.007932893931865692]], epochs needed: 200
count_changes: 13

Generation 17
Mean loss in evaluation epoch: [[0.014496949501335621], [0.026541803032159805], [0.026830552145838737], [0.011399342678487301], [0.01615205779671669], [0.02629411220550537], [0.007252783514559269], [0.007547240704298019], [0.007855517789721489], [0.021977700293064117], [0.005932200700044632], [0.005703512113541365], [0.026802053675055504], [0.031943198293447495], [0.007558369543403387], [0.005243546795099974], [0.031484514474868774], [0.005325046367943287], [0.026986761018633842], [0.008837898261845112]], epochs needed: 200
------------------------- TRACKING ---------------------------
Matrix Hash: 17c9c8b077c73d25, num_times_seen_before: 0
ACC: 0.9631578947368421
TPR/FPR: 1.0, 0.045454545454545456
Loss: [[0.014496949501335621], [0.026541803032159805], [0.026830552145838737], [0.011399342678487301], [0.01615205779671669], [0.02629411220550537], [0.007252783514559269], [0.007547240704298019], [0.007855517789721489], [0.021977700293064117], [0.005932200700044632], [0.005703512113541365], [0.026802053675055504], [0.031943198293447495], [0.007558369543403387], [0.005243546795099974], [0.031484514474868774], [0.005325046367943287], [0.026986761018633842], [0.008837898261845112]]
Timestamp: 1779.524343319
---------------------------------------------------------------
[tensor([0, 1]), tensor([1, 3]), tensor([1, 5]), tensor([1, 7]), tensor([ 1, 13]), tensor([ 1, 14]), tensor([ 1, 15]), tensor([ 1, 16]), tensor([ 1, 18]), tensor([ 1, 19]), tensor([ 2, 12]), tensor([ 4, 14]), tensor([5, 7]), tensor([5, 9]), tensor([ 5, 12]), tensor([ 6, 13]), tensor([ 7, 11]), tensor([10, 16]), tensor([10, 17]), tensor([11, 14]), tensor([16, 18])]
Mean loss in evaluation epoch: [[0.01763542927801609], [0.07328006625175476], [0.023294759914278984], [0.021670108661055565], [0.020804133266210556], [0.03258686885237694], [0.01644442230463028], [0.032523833215236664], [0.011243334971368313], [0.010183841921389103], [0.023661188781261444], [0.03365439921617508], [0.010070315562188625], [0.0385444276034832], [0.043360527604818344], [0.0370282381772995], [0.044798318296670914], [0.028758978471159935], [0.03300926834344864], [0.04049162194132805]], epochs needed: 200
count_changes: 3

Generation 18
Mean loss in evaluation epoch: [[0.013820572756230831], [0.022492215037345886], [0.022791696712374687], [0.008980588056147099], [0.015892190858721733], [0.004200414754450321], [0.004237882327288389], [0.006374110467731953], [0.00689459964632988], [0.00409197062253952], [0.004713647998869419], [0.003643779782578349], [0.006584612186998129], [0.03208630159497261], [0.00313572003506124], [0.003700061934068799], [0.03126328065991402], [0.003561971476301551], [0.026324957609176636], [0.0076255337335169315]], epochs needed: 200
------------------------- TRACKING ---------------------------
Matrix Hash: 987371781e0c99d1, num_times_seen_before: 0
ACC: 0.9789473684210527
TPR/FPR: 1.0, 0.025974025974025976
Loss: [[0.013820572756230831], [0.022492215037345886], [0.022791696712374687], [0.008980588056147099], [0.015892190858721733], [0.004200414754450321], [0.004237882327288389], [0.006374110467731953], [0.00689459964632988], [0.00409197062253952], [0.004713647998869419], [0.003643779782578349], [0.006584612186998129], [0.03208630159497261], [0.00313572003506124], [0.003700061934068799], [0.03126328065991402], [0.003561971476301551], [0.026324957609176636], [0.0076255337335169315]]
Timestamp: 1883.741619826
---------------------------------------------------------------
[tensor([ 0, 18]), tensor([1, 3]), tensor([1, 6]), tensor([1, 8]), tensor([1, 9]), tensor([ 1, 12]), tensor([ 1, 13]), tensor([ 1, 14]), tensor([ 1, 15]), tensor([ 1, 16]), tensor([ 1, 17]), tensor([ 1, 18]), tensor([ 2, 12]), tensor([ 2, 13]), tensor([ 2, 14]), tensor([ 3, 13]), tensor([ 3, 14]), tensor([ 5, 15]), tensor([10, 17]), tensor([12, 16]), tensor([14, 16]), tensor([16, 18])]
Mean loss in evaluation epoch: [[0.009930267930030823], [0.07644136995077133], [0.03232535719871521], [0.020398754626512527], [0.018903305754065514], [0.02706964686512947], [0.019756009802222252], [0.010896180756390095], [0.019055156037211418], [0.02786160819232464], [0.019984567537903786], [0.010941848158836365], [0.03717372566461563], [0.043192058801651], [0.04985548183321953], [0.043286558240652084], [0.04725758358836174], [0.03721394017338753], [0.026910457760095596], [0.014991807751357555]], epochs needed: 200
count_changes: 1

Generation 19
Mean loss in evaluation epoch: [[0.005134372506290674], [0.026061931625008583], [0.02271108515560627], [0.010027020238339901], [0.015896791592240334], [0.0031229357700794935], [0.004013264086097479], [0.0061157322488725185], [0.005860892590135336], [0.003224062966182828], [0.004343824461102486], [0.0035819951444864273], [0.006320849061012268], [0.03205909952521324], [0.002648969879373908], [0.0035580992698669434], [0.03112553060054779], [0.003378055989742279], [0.02134670689702034], [0.006869752891361713]], epochs needed: 200
------------------------- TRACKING ---------------------------
Matrix Hash: ad68b4e91e19f9f0, num_times_seen_before: 0
ACC: 0.9842105263157894
TPR/FPR: 1.0, 0.01948051948051948
Loss: [[0.005134372506290674], [0.026061931625008583], [0.02271108515560627], [0.010027020238339901], [0.015896791592240334], [0.0031229357700794935], [0.004013264086097479], [0.0061157322488725185], [0.005860892590135336], [0.003224062966182828], [0.004343824461102486], [0.0035819951444864273], [0.006320849061012268], [0.03205909952521324], [0.002648969879373908], [0.0035580992698669434], [0.03112553060054779], [0.003378055989742279], [0.02134670689702034], [0.006869752891361713]]
Timestamp: 1987.832021207
---------------------------------------------------------------
[tensor([0, 1]), tensor([1, 3]), tensor([1, 5]), tensor([ 1, 11]), tensor([ 1, 13]), tensor([ 1, 15]), tensor([ 1, 16]), tensor([ 1, 17]), tensor([ 1, 18]), tensor([ 1, 19]), tensor([2, 4]), tensor([ 2, 19]), tensor([ 3, 12]), tensor([ 3, 13]), tensor([ 8, 14]), tensor([ 9, 18]), tensor([11, 15]), tensor([12, 14]), tensor([13, 14]), tensor([13, 16]), tensor([14, 18]), tensor([14, 19]), tensor([15, 17]), tensor([15, 19]), tensor([16, 18]), tensor([17, 19])]
Mean loss in evaluation epoch: [[0.017129434272646904], [0.07579854130744934], [0.028023255988955498], [0.01775505207479], [0.006997144315391779], [0.02905585803091526], [0.00998255517333746], [0.012991569004952908], [0.020934654399752617], [0.028299251571297646], [0.01089309062808752], [0.03242089971899986], [0.044159889221191406], [0.04702223092317581], [0.052169203758239746], [0.04883938655257225], [0.04452967643737793], [0.048755448311567307], [0.03960874676704407], [0.06069738417863846]], epochs needed: 200
count_changes: 1

Generation 20
Mean loss in evaluation epoch: [[0.02073558233678341], [0.03896252065896988], [0.012862375937402248], [0.030648885294795036], [0.015227707102894783], [0.014239504002034664], [0.014449375681579113], [0.014695772901177406], [0.015808895230293274], [0.013990476727485657], [0.014415733516216278], [0.01419435627758503], [0.014504951424896717], [0.0322018563747406], [0.011234946548938751], [0.01480961311608553], [0.033890001475811005], [0.014116634614765644], [0.02697719633579254], [0.013456783257424831]], epochs needed: 200
------------------------- TRACKING ---------------------------
Matrix Hash: ecdb8b8d7eae2c06, num_times_seen_before: 0
ACC: 0.9894736842105263
TPR/FPR: 1.0, 0.012987012987012988
Loss: [[0.02073558233678341], [0.03896252065896988], [0.012862375937402248], [0.030648885294795036], [0.015227707102894783], [0.014239504002034664], [0.014449375681579113], [0.014695772901177406], [0.015808895230293274], [0.013990476727485657], [0.014415733516216278], [0.01419435627758503], [0.014504951424896717], [0.0322018563747406], [0.011234946548938751], [0.01480961311608553], [0.033890001475811005], [0.014116634614765644], [0.02697719633579254], [0.013456783257424831]]
Timestamp: 2091.920487949
---------------------------------------------------------------
[tensor([0, 1]), tensor([1, 3]), tensor([1, 5]), tensor([1, 6]), tensor([1, 7]), tensor([1, 8]), tensor([1, 9]), tensor([ 1, 10]), tensor([ 1, 11]), tensor([ 1, 12]), tensor([ 1, 13]), tensor([ 1, 15]), tensor([ 1, 16]), tensor([ 1, 18]), tensor([ 1, 19]), tensor([3, 5]), tensor([4, 6]), tensor([10, 15]), tensor([16, 18])]
Mean loss in evaluation epoch: [[0.019856218248605728], [0.08299048244953156], [0.015015626326203346], [0.031125575304031372], [0.02294030785560608], [0.03635817766189575], [0.02513408474624157], [0.0230251494795084], [0.01877615787088871], [0.020875414833426476], [0.028556188568472862], [0.023622317239642143], [0.02248234674334526], [0.03570812940597534], [0.013211488723754883], [0.05686723068356514], [0.030739042907953262], [0.015002133324742317], [0.023777073249220848], [0.032252050936222076]], epochs needed: 200
count_changes: 1

Generation 21
Mean loss in evaluation epoch: [[0.008935955353081226], [0.030122390016913414], [0.005205916706472635], [0.020455077290534973], [0.005811349023133516], [0.004624897614121437], [0.006042636930942535], [0.004566693212836981], [0.00586917856708169], [0.004955345299094915], [0.005844122264534235], [0.00497870147228241], [0.008317115716636181], [0.033294595777988434], [0.0040489258244633675], [0.004888288211077452], [0.0038771089166402817], [0.004884361755102873], [0.004596664570271969], [0.004045639652758837]], epochs needed: 200
------------------------- TRACKING ---------------------------
Matrix Hash: c410433d25901f8c, num_times_seen_before: 0
ACC: 0.9947368421052631
TPR/FPR: 1.0, 0.006493506493506494
Loss: [[0.008935955353081226], [0.030122390016913414], [0.005205916706472635], [0.020455077290534973], [0.005811349023133516], [0.004624897614121437], [0.006042636930942535], [0.004566693212836981], [0.00586917856708169], [0.004955345299094915], [0.005844122264534235], [0.00497870147228241], [0.008317115716636181], [0.033294595777988434], [0.0040489258244633675], [0.004888288211077452], [0.0038771089166402817], [0.004884361755102873], [0.004596664570271969], [0.004045639652758837]]
Timestamp: 2196.311271473
---------------------------------------------------------------
[tensor([0, 1]), tensor([0, 3]), tensor([1, 3]), tensor([1, 4]), tensor([1, 5]), tensor([1, 6]), tensor([1, 7]), tensor([1, 8]), tensor([1, 9]), tensor([ 1, 10]), tensor([ 1, 11]), tensor([ 1, 12]), tensor([ 1, 13]), tensor([ 1, 14]), tensor([ 1, 15]), tensor([ 1, 17]), tensor([ 1, 18]), tensor([ 1, 19]), tensor([2, 7]), tensor([ 2, 12]), tensor([ 2, 14]), tensor([ 2, 16]), tensor([ 4, 15]), tensor([7, 9]), tensor([ 7, 10]), tensor([ 7, 15]), tensor([ 8, 11]), tensor([ 8, 14]), tensor([ 9, 19]), tensor([10, 19]), tensor([11, 15]), tensor([11, 19]), tensor([12, 14]), tensor([16, 18]), tensor([17, 18])]
Mean loss in evaluation epoch: [[0.020507538691163063], [0.14625445008277893], [0.040144097059965134], [0.058754563331604004], [0.022008271887898445], [0.03909536078572273], [0.022092148661613464], [0.04013928398489952], [0.02721177600324154], [0.037456903606653214], [0.0304445568472147], [0.04182068631052971], [0.03716986998915672], [0.050680287182331085], [0.04914291575551033], [0.046247679740190506], [0.0553024597465992], [0.05699971318244934], [0.03762279823422432], [0.06030387803912163]], epochs needed: 200
count_changes: 0

Generation 22
Mean loss in evaluation epoch: [[0.010170716792345047], [0.02231587842106819], [0.006212540436536074], [0.018515903502702713], [0.0077295913361012936], [0.006258977111428976], [0.007158070802688599], [0.006036414299160242], [0.007732489611953497], [0.00627691438421607], [0.007013580296188593], [0.00622621038928628], [0.009461346082389355], [0.03451143577694893], [0.004917479585856199], [0.006479316391050816], [0.005052178166806698], [0.006258875131607056], [0.005914438050240278], [0.005054365377873182]], epochs needed: 200
------------------------- TRACKING ---------------------------
Matrix Hash: c410433d25901f8c, num_times_seen_before: 1
ACC: 0.9947368421052631
TPR/FPR: 1.0, 0.006493506493506494
Loss: [[0.010170716792345047], [0.02231587842106819], [0.006212540436536074], [0.018515903502702713], [0.0077295913361012936], [0.006258977111428976], [0.007158070802688599], [0.006036414299160242], [0.007732489611953497], [0.00627691438421607], [0.007013580296188593], [0.00622621038928628], [0.009461346082389355], [0.03451143577694893], [0.004917479585856199], [0.006479316391050816], [0.005052178166806698], [0.006258875131607056], [0.005914438050240278], [0.005054365377873182]]
Timestamp: 2300.808692654
---------------------------------------------------------------
[tensor([0, 1]), tensor([0, 9]), tensor([ 0, 12]), tensor([1, 3]), tensor([1, 4]), tensor([1, 5]), tensor([1, 6]), tensor([1, 7]), tensor([1, 8]), tensor([1, 9]), tensor([ 1, 10]), tensor([ 1, 11]), tensor([ 1, 12]), tensor([ 1, 13]), tensor([ 1, 14]), tensor([ 1, 15]), tensor([ 1, 16]), tensor([ 1, 17]), tensor([ 1, 18]), tensor([3, 5]), tensor([3, 9]), tensor([ 3, 10]), tensor([ 3, 13]), tensor([ 5, 13]), tensor([ 6, 13]), tensor([10, 17])]
Mean loss in evaluation epoch: [[0.023420941084623337], [0.10497533529996872], [0.017506150528788567], [0.021356461569666862], [0.017156139016151428], [0.044238295406103134], [0.022571705281734467], [0.021089984104037285], [0.015974124893546104], [0.05921817570924759], [0.03208540007472038], [0.02468075416982174], [0.02578897215425968], [0.03928987309336662], [0.03343420475721359], [0.03402591496706009], [0.029645873233675957], [0.03793482854962349], [0.019839026033878326], [0.028197547420859337]], epochs needed: 200
count_changes: 0

Generation 23
Mean loss in evaluation epoch: [[0.00910020899027586], [0.014490571804344654], [0.00521711353212595], [0.021588314324617386], [0.0068136039189994335], [0.0047444128431379795], [0.007074932102113962], [0.0045354291796684265], [0.007067189551889896], [0.004822534509003162], [0.00605820445343852], [0.00493823504075408], [0.00854872353374958], [0.033871233463287354], [0.00421237712725997], [0.005248496774584055], [0.004062214400619268], [0.005281674209982157], [0.004705284722149372], [0.00444061541929841]], epochs needed: 200
------------------------- TRACKING ---------------------------
Matrix Hash: c410433d25901f8c, num_times_seen_before: 2
ACC: 0.9947368421052631
TPR/FPR: 1.0, 0.006493506493506494
Loss: [[0.00910020899027586], [0.014490571804344654], [0.00521711353212595], [0.021588314324617386], [0.0068136039189994335], [0.0047444128431379795], [0.007074932102113962], [0.0045354291796684265], [0.007067189551889896], [0.004822534509003162], [0.00605820445343852], [0.00493823504075408], [0.00854872353374958], [0.033871233463287354], [0.00421237712725997], [0.005248496774584055], [0.004062214400619268], [0.005281674209982157], [0.004705284722149372], [0.00444061541929841]]
Timestamp: 2405.252924327
---------------------------------------------------------------
[tensor([0, 1]), tensor([0, 3]), tensor([ 0, 11]), tensor([ 0, 14]), tensor([ 0, 16]), tensor([ 0, 17]), tensor([1, 4]), tensor([1, 5]), tensor([1, 6]), tensor([1, 7]), tensor([1, 9]), tensor([ 1, 10]), tensor([ 1, 11]), tensor([ 1, 14]), tensor([ 1, 15]), tensor([ 1, 17]), tensor([ 1, 18]), tensor([ 1, 19]), tensor([2, 7]), tensor([ 2, 11]), tensor([ 2, 13]), tensor([ 2, 16]), tensor([ 2, 17]), tensor([ 2, 19]), tensor([ 3, 13]), tensor([ 3, 16]), tensor([ 3, 19]), tensor([ 4, 14]), tensor([ 4, 15]), tensor([ 4, 18]), tensor([ 4, 19]), tensor([ 5, 13]), tensor([ 5, 14]), tensor([ 5, 15]), tensor([ 5, 16]), tensor([ 7, 14]), tensor([ 7, 17]), tensor([ 7, 19]), tensor([ 8, 11]), tensor([ 8, 12]), tensor([ 8, 13]), tensor([ 8, 14]), tensor([ 8, 15]), tensor([ 8, 17]), tensor([ 9, 10]), tensor([ 9, 11]), tensor([ 9, 15]), tensor([ 9, 19]), tensor([10, 14]), tensor([10, 17]), tensor([11, 12]), tensor([11, 15]), tensor([11, 16]), tensor([11, 19]), tensor([12, 16]), tensor([13, 19]), tensor([14, 15]), tensor([14, 16]), tensor([14, 17]), tensor([14, 18]), tensor([14, 19]), tensor([15, 16]), tensor([15, 17]), tensor([15, 18]), tensor([15, 19]), tensor([16, 17]), tensor([16, 19]), tensor([17, 19])]
Mean loss in evaluation epoch: [[0.029076745733618736], [0.0765126496553421], [0.03689272701740265], [0.023047184571623802], [0.029900312423706055], [0.042778994888067245], [0.02689061127603054], [0.03913598880171776], [0.03154795244336128], [0.04210463911294937], [0.03725370764732361], [0.04857730120420456], [0.040651027113199234], [0.04721583053469658], [0.05478961020708084], [0.05810469016432762], [0.05138230323791504], [0.05931023508310318], [0.041902363300323486], [0.062193192541599274]], epochs needed: 200
count_changes: 0

Generation 24
Mean loss in evaluation epoch: [[0.009824036620557308], [0.018166139721870422], [0.004861896391957998], [0.013857138343155384], [0.006114742252975702], [0.005062279757112265], [0.0055750953033566475], [0.004515595734119415], [0.0055279238149523735], [0.004798188805580139], [0.005791907198727131], [0.004915107507258654], [0.007196237798780203], [0.03160686418414116], [0.004288277123123407], [0.006121971178799868], [0.004185485187917948], [0.005659622140228748], [0.00443158159032464], [0.004448761232197285]], epochs needed: 200
------------------------- TRACKING ---------------------------
Matrix Hash: c410433d25901f8c, num_times_seen_before: 3
ACC: 0.9947368421052631
TPR/FPR: 1.0, 0.006493506493506494
Loss: [[0.009824036620557308], [0.018166139721870422], [0.004861896391957998], [0.013857138343155384], [0.006114742252975702], [0.005062279757112265], [0.0055750953033566475], [0.004515595734119415], [0.0055279238149523735], [0.004798188805580139], [0.005791907198727131], [0.004915107507258654], [0.007196237798780203], [0.03160686418414116], [0.004288277123123407], [0.006121971178799868], [0.004185485187917948], [0.005659622140228748], [0.00443158159032464], [0.004448761232197285]]
Timestamp: 2509.555139306
---------------------------------------------------------------
[tensor([0, 8]), tensor([1, 3]), tensor([1, 4]), tensor([ 1, 10]), tensor([ 1, 11]), tensor([ 1, 12]), tensor([ 1, 13]), tensor([ 1, 15]), tensor([ 1, 16]), tensor([ 1, 18]), tensor([ 1, 19]), tensor([ 3, 12]), tensor([ 3, 13]), tensor([6, 7]), tensor([ 7, 16]), tensor([ 9, 14]), tensor([10, 15]), tensor([12, 19]), tensor([14, 19])]
Mean loss in evaluation epoch: [[0.017954621464014053], [0.07768546789884567], [0.01070601586252451], [0.01855527237057686], [0.020193466916680336], [0.013758539222180843], [0.022886881604790688], [0.048296697437763214], [0.022499743849039078], [0.031364332884550095], [0.03028704598546028], [0.029741773381829262], [0.04479958489537239], [0.036147281527519226], [0.05842653661966324], [0.054843463003635406], [0.05548778921365738], [0.01976018212735653], [0.029221734032034874], [0.05289483070373535]], epochs needed: 200
count_changes: 0

Generation 25
Mean loss in evaluation epoch: [[0.006662972271442413], [0.01672239787876606], [0.0033646307419985533], [0.009872189722955227], [0.004142514895647764], [0.003224679036065936], [0.00419251574203372], [0.003082169685512781], [0.004006424453109503], [0.003119879635050893], [0.004341505002230406], [0.0033148345537483692], [0.006498418748378754], [0.03244226053357124], [0.0023791894782334566], [0.0033141046296805143], [0.002314069541171193], [0.0034172912128269672], [0.0030975358095020056], [0.0023500672541558743]], epochs needed: 200
------------------------- TRACKING ---------------------------
Matrix Hash: c410433d25901f8c, num_times_seen_before: 4
ACC: 0.9947368421052631
TPR/FPR: 1.0, 0.006493506493506494
Loss: [[0.006662972271442413], [0.01672239787876606], [0.0033646307419985533], [0.009872189722955227], [0.004142514895647764], [0.003224679036065936], [0.00419251574203372], [0.003082169685512781], [0.004006424453109503], [0.003119879635050893], [0.004341505002230406], [0.0033148345537483692], [0.006498418748378754], [0.03244226053357124], [0.0023791894782334566], [0.0033141046296805143], [0.002314069541171193], [0.0034172912128269672], [0.0030975358095020056], [0.0023500672541558743]]
Timestamp: 2614.161580703
---------------------------------------------------------------
[tensor([1, 4]), tensor([1, 6]), tensor([1, 7]), tensor([1, 8]), tensor([1, 9]), tensor([ 1, 11]), tensor([ 1, 12]), tensor([ 1, 13]), tensor([ 1, 15]), tensor([ 1, 19]), tensor([ 3, 12]), tensor([ 3, 13]), tensor([4, 8])]
Mean loss in evaluation epoch: [[0.010830222629010677], [0.0820329338312149], [0.010575971566140652], [0.015167090110480785], [0.025388700887560844], [0.008628788404166698], [0.01983131468296051], [0.024720724672079086], [0.0240622628480196], [0.024038070812821388], [0.011095111258327961], [0.025151094421744347], [0.04068697243928909], [0.03619678318500519], [0.011282061226665974], [0.034568194299936295], [0.011994622647762299], [0.010443711653351784], [0.011322195641696453], [0.03705703467130661]], epochs needed: 200
count_changes: 0

Generation 26
Mean loss in evaluation epoch: [[0.008210819214582443], [0.021159229800105095], [0.005057366099208593], [0.01296225842088461], [0.006488393526524305], [0.004951524548232555], [0.006092239636927843], [0.004687455482780933], [0.006119379308074713], [0.0048883589915931225], [0.006152653601020575], [0.0047790901735424995], [0.00847772415727377], [0.03406187519431114], [0.004051961470395327], [0.005150917451828718], [0.004156320821493864], [0.00503983860835433], [0.004577485378831625], [0.004082092549651861]], epochs needed: 200
------------------------- TRACKING ---------------------------
Matrix Hash: c410433d25901f8c, num_times_seen_before: 5
ACC: 0.9947368421052631
TPR/FPR: 1.0, 0.006493506493506494
Loss: [[0.008210819214582443], [0.021159229800105095], [0.005057366099208593], [0.01296225842088461], [0.006488393526524305], [0.004951524548232555], [0.006092239636927843], [0.004687455482780933], [0.006119379308074713], [0.0048883589915931225], [0.006152653601020575], [0.0047790901735424995], [0.00847772415727377], [0.03406187519431114], [0.004051961470395327], [0.005150917451828718], [0.004156320821493864], [0.00503983860835433], [0.004577485378831625], [0.004082092549651861]]
Timestamp: 2718.555229885
---------------------------------------------------------------
[tensor([0, 1]), tensor([0, 3]), tensor([1, 4]), tensor([1, 5]), tensor([1, 6]), tensor([1, 7]), tensor([1, 8]), tensor([1, 9]), tensor([ 1, 10]), tensor([ 1, 11]), tensor([ 1, 12]), tensor([ 1, 13]), tensor([ 1, 14]), tensor([ 1, 15]), tensor([ 1, 16]), tensor([ 1, 17]), tensor([ 1, 18]), tensor([ 1, 19]), tensor([ 3, 10]), tensor([ 3, 11]), tensor([ 3, 17]), tensor([ 4, 12]), tensor([ 5, 14]), tensor([ 6, 13]), tensor([ 6, 15]), tensor([ 6, 17]), tensor([10, 14]), tensor([10, 19]), tensor([13, 16]), tensor([16, 19]), tensor([17, 19])]
Mean loss in evaluation epoch: [[0.01951136253774166], [0.10576541721820831], [0.02133437991142273], [0.023387743160128593], [0.019869644194841385], [0.02816600538790226], [0.02540711872279644], [0.018970878794789314], [0.013580364175140858], [0.018738821148872375], [0.04042789712548256], [0.047566529363393784], [0.02494058571755886], [0.04138687252998352], [0.04012424871325493], [0.04272065311670303], [0.04025702923536301], [0.06725987046957016], [0.019484741613268852], [0.05065653473138809]], epochs needed: 200
count_changes: 0

Generation 27
Mean loss in evaluation epoch: [[0.006222983356565237], [0.01850205473601818], [0.0035799299366772175], [0.013879570178687572], [0.003478633239865303], [0.0029483106918632984], [0.0032231814693659544], [0.002895530080422759], [0.003283139318227768], [0.003050726605579257], [0.004644008819013834], [0.003066929755732417], [0.006582514848560095], [0.032691314816474915], [0.0025679958052933216], [0.0034919080790132284], [0.002534173894673586], [0.003347277408465743], [0.0029633750673383474], [0.0027343935798853636]], epochs needed: 200
------------------------- TRACKING ---------------------------
Matrix Hash: c410433d25901f8c, num_times_seen_before: 6
ACC: 0.9947368421052631
TPR/FPR: 1.0, 0.006493506493506494
Loss: [[0.006222983356565237], [0.01850205473601818], [0.0035799299366772175], [0.013879570178687572], [0.003478633239865303], [0.0029483106918632984], [0.0032231814693659544], [0.002895530080422759], [0.003283139318227768], [0.003050726605579257], [0.004644008819013834], [0.003066929755732417], [0.006582514848560095], [0.032691314816474915], [0.0025679958052933216], [0.0034919080790132284], [0.002534173894673586], [0.003347277408465743], [0.0029633750673383474], [0.0027343935798853636]]
Timestamp: 2823.461923976
---------------------------------------------------------------
[tensor([0, 1]), tensor([0, 3]), tensor([ 0, 14]), tensor([ 0, 17]), tensor([1, 3]), tensor([1, 4]), tensor([1, 5]), tensor([1, 7]), tensor([1, 9]), tensor([ 1, 10]), tensor([ 1, 11]), tensor([ 1, 12]), tensor([ 1, 14]), tensor([ 1, 15]), tensor([ 1, 17]), tensor([ 1, 18]), tensor([ 1, 19]), tensor([ 2, 12]), tensor([4, 5]), tensor([4, 9]), tensor([ 4, 14]), tensor([ 4, 18]), tensor([ 5, 14]), tensor([ 5, 15]), tensor([6, 8]), tensor([ 6, 17]), tensor([ 7, 10]), tensor([ 7, 15]), tensor([ 7, 16]), tensor([ 8, 14]), tensor([ 8, 15]), tensor([ 8, 18]), tensor([ 9, 12]), tensor([ 9, 16]), tensor([ 9, 17]), tensor([10, 12]), tensor([10, 14]), tensor([11, 12]), tensor([11, 14]), tensor([11, 15]), tensor([12, 14]), tensor([12, 16]), tensor([14, 15]), tensor([14, 16]), tensor([15, 17]), tensor([15, 19]), tensor([16, 19])]
Mean loss in evaluation epoch: [[0.024679308757185936], [0.07420895248651505], [0.02515924535691738], [0.016635769978165627], [0.02715526521205902], [0.0363357737660408], [0.0200621597468853], [0.04234284535050392], [0.03131578862667084], [0.03462797403335571], [0.033558111637830734], [0.03986590728163719], [0.03870972990989685], [0.03306467458605766], [0.05001937225461006], [0.05429297313094139], [0.056163061410188675], [0.052336838096380234], [0.04342034459114075], [0.05040893703699112]], epochs needed: 200
count_changes: 0

Generation 28
