../data/final/Voter/timeseries_ba20_5k.pickle
../data/final/edges_ba20.pickle
CONTINUATION: False
CONT_ADDRESS: ./hill_climbing_logs/voter_ba20_100_CONT_8ep
SEED: 0
NUM_DYN_EPOCHS: 40
DETECT_EARLY_CONVERGENCE: False
USE_EVALEPOCH_FOR_GUIDED_MUTATION: False
USE_NODEWISE_LOSS: False
MAX_CHANGES: 1
USE_DYNAMIC_STEPS: False
NUM_GEN: 200
NUM_TRAIN_SAMPLES: 5000
NUM_TRAIN_BATCHES: 50
NUM_TEST_SAMPLES: 5000
NUM_TEST_BATCHES: 50
BATCH_SIZE: 100
HIDDEN_SIZE: 128
NUM_DYN_EPOCHS: 40
IS_CONTINUOUS: False
USE_MAX: False

Generation 0
Mean loss in evaluation epoch: 0.5386064648628235, epochs needed: 40
------------------------- TRACKING ---------------------------
Matrix Hash: bcfde9534d3bfd59, num_times_seen_before: 0
ACC: 0.4789473684210527
TPR/FPR: 0.5833333333333334, 0.5454545454545454
Loss: 0.5386064648628235
Timestamp: 0
---------------------------------------------------------------
[tensor([12, 19])]
Mean loss in evaluation epoch: 0.5383294820785522, epochs needed: 40
Accepting!

Generation 1
Mean loss in evaluation epoch: 0.53753662109375, epochs needed: 40
------------------------- TRACKING ---------------------------
Matrix Hash: 0beb6535e4366174, num_times_seen_before: 0
ACC: 0.4842105263157894
TPR/FPR: 0.5833333333333334, 0.538961038961039
Loss: 0.53753662109375
Timestamp: 20.290571705999998
---------------------------------------------------------------
[tensor([ 1, 16])]
Mean loss in evaluation epoch: 0.5373579859733582, epochs needed: 40
Accepting!

Generation 2
Mean loss in evaluation epoch: 0.5375818014144897, epochs needed: 40
------------------------- TRACKING ---------------------------
Matrix Hash: 90954c9e1b712609, num_times_seen_before: 0
ACC: 0.4894736842105263
TPR/FPR: 0.5833333333333334, 0.5324675324675324
Loss: 0.5375818014144897
Timestamp: 42.210585196
---------------------------------------------------------------
[tensor([3, 9])]
Mean loss in evaluation epoch: 0.5351881384849548, epochs needed: 40
Accepting!

Generation 3
Mean loss in evaluation epoch: 0.5353342294692993, epochs needed: 40
------------------------- TRACKING ---------------------------
Matrix Hash: 61ca2203557ae944, num_times_seen_before: 0
ACC: 0.49473684210526314
TPR/FPR: 0.6111111111111112, 0.5324675324675324
Loss: 0.5353342294692993
Timestamp: 63.49632461600001
---------------------------------------------------------------
[tensor([ 5, 12])]
Mean loss in evaluation epoch: 0.5354363918304443, epochs needed: 40
Rejecting!

Generation 4
Mean loss in evaluation epoch: 0.5359076857566833, epochs needed: 40
------------------------- TRACKING ---------------------------
Matrix Hash: 61ca2203557ae944, num_times_seen_before: 1
ACC: 0.49473684210526314
TPR/FPR: 0.6111111111111112, 0.5324675324675324
Loss: 0.5359076857566833
Timestamp: 84.840594635
---------------------------------------------------------------
[tensor([0, 5])]
Mean loss in evaluation epoch: 0.5335977077484131, epochs needed: 40
Accepting!

Generation 5
Mean loss in evaluation epoch: 0.5334150791168213, epochs needed: 40
------------------------- TRACKING ---------------------------
Matrix Hash: 1047fd9558d1bab0, num_times_seen_before: 0
ACC: 0.5
TPR/FPR: 0.6388888888888888, 0.5324675324675324
Loss: 0.5334150791168213
Timestamp: 106.741935429
---------------------------------------------------------------
[tensor([ 8, 14])]
Mean loss in evaluation epoch: 0.5339303612709045, epochs needed: 40
Rejecting!

Generation 6
Mean loss in evaluation epoch: 0.534769594669342, epochs needed: 40
------------------------- TRACKING ---------------------------
Matrix Hash: 1047fd9558d1bab0, num_times_seen_before: 1
ACC: 0.5
TPR/FPR: 0.6388888888888888, 0.5324675324675324
Loss: 0.534769594669342
Timestamp: 127.408955462
---------------------------------------------------------------
[tensor([ 3, 15])]
Mean loss in evaluation epoch: 0.531651496887207, epochs needed: 40
Accepting!

Generation 7
Mean loss in evaluation epoch: 0.5312281250953674, epochs needed: 40
------------------------- TRACKING ---------------------------
Matrix Hash: cf322fe402297800, num_times_seen_before: 0
ACC: 0.5052631578947369
TPR/FPR: 0.6666666666666666, 0.5324675324675324
Loss: 0.5312281250953674
Timestamp: 150.13843194
---------------------------------------------------------------
[tensor([ 2, 16])]
Mean loss in evaluation epoch: 0.5309340357780457, epochs needed: 40
Accepting!

Generation 8
Mean loss in evaluation epoch: 0.5316839218139648, epochs needed: 40
------------------------- TRACKING ---------------------------
Matrix Hash: cc02008c4327bda3, num_times_seen_before: 0
ACC: 0.5
TPR/FPR: 0.6666666666666666, 0.538961038961039
Loss: 0.5316839218139648
Timestamp: 170.689561203
---------------------------------------------------------------
[tensor([ 7, 12])]
Mean loss in evaluation epoch: 0.5302830934524536, epochs needed: 40
Accepting!

Generation 9
Mean loss in evaluation epoch: 0.5302565097808838, epochs needed: 40
------------------------- TRACKING ---------------------------
Matrix Hash: e14542a2bbe07e81, num_times_seen_before: 0
ACC: 0.5052631578947369
TPR/FPR: 0.6666666666666666, 0.5324675324675324
Loss: 0.5302565097808838
Timestamp: 191.60092931
---------------------------------------------------------------
[tensor([ 4, 10])]
Mean loss in evaluation epoch: 0.5286491513252258, epochs needed: 40
Accepting!

Generation 10
Mean loss in evaluation epoch: 0.5285477638244629, epochs needed: 40
------------------------- TRACKING ---------------------------
Matrix Hash: a8eea84a760a8ba4, num_times_seen_before: 0
ACC: 0.5105263157894737
TPR/FPR: 0.6944444444444444, 0.5324675324675324
Loss: 0.5285477638244629
Timestamp: 212.171577289
---------------------------------------------------------------
[tensor([ 9, 16])]
Mean loss in evaluation epoch: 0.5276530981063843, epochs needed: 40
Accepting!

Generation 11
Mean loss in evaluation epoch: 0.5282844305038452, epochs needed: 40
------------------------- TRACKING ---------------------------
Matrix Hash: 70f84e96ae722065, num_times_seen_before: 0
ACC: 0.5157894736842106
TPR/FPR: 0.6944444444444444, 0.525974025974026
Loss: 0.5282844305038452
Timestamp: 234.72716672200002
---------------------------------------------------------------
[tensor([ 0, 19])]
Mean loss in evaluation epoch: 0.527134895324707, epochs needed: 40
Accepting!

Generation 12
Mean loss in evaluation epoch: 0.5270814299583435, epochs needed: 40
------------------------- TRACKING ---------------------------
Matrix Hash: f0417faf814adf33, num_times_seen_before: 0
ACC: 0.5210526315789474
TPR/FPR: 0.6944444444444444, 0.5194805194805194
Loss: 0.5270814299583435
Timestamp: 254.924136209
---------------------------------------------------------------
[tensor([ 3, 19])]
Mean loss in evaluation epoch: 0.527145504951477, epochs needed: 40
Rejecting!

Generation 13
Mean loss in evaluation epoch: 0.5273364186286926, epochs needed: 40
------------------------- TRACKING ---------------------------
Matrix Hash: f0417faf814adf33, num_times_seen_before: 1
ACC: 0.5210526315789474
TPR/FPR: 0.6944444444444444, 0.5194805194805194
Loss: 0.5273364186286926
Timestamp: 274.96880735099995
---------------------------------------------------------------
[tensor([ 6, 14])]
Mean loss in evaluation epoch: 0.5240052938461304, epochs needed: 40
Accepting!

Generation 14
Mean loss in evaluation epoch: 0.5237165093421936, epochs needed: 40
------------------------- TRACKING ---------------------------
Matrix Hash: 113f1b171a471bbb, num_times_seen_before: 0
ACC: 0.5263157894736843
TPR/FPR: 0.7222222222222222, 0.5194805194805194
Loss: 0.5237165093421936
Timestamp: 295.112689268
---------------------------------------------------------------
[tensor([ 3, 18])]
Mean loss in evaluation epoch: 0.5215277075767517, epochs needed: 40
Accepting!

Generation 15
Mean loss in evaluation epoch: 0.5210633873939514, epochs needed: 40
------------------------- TRACKING ---------------------------
Matrix Hash: 1e412320ef510b96, num_times_seen_before: 0
ACC: 0.531578947368421
TPR/FPR: 0.75, 0.5194805194805194
Loss: 0.5210633873939514
Timestamp: 316.416582335
---------------------------------------------------------------
[tensor([18, 19])]
Mean loss in evaluation epoch: 0.5160005688667297, epochs needed: 40
Accepting!

Generation 16
Mean loss in evaluation epoch: 0.5163946151733398, epochs needed: 40
------------------------- TRACKING ---------------------------
Matrix Hash: cccba0fabee8e54d, num_times_seen_before: 0
ACC: 0.5368421052631579
TPR/FPR: 0.7777777777777778, 0.5194805194805194
Loss: 0.5163946151733398
Timestamp: 337.077860802
---------------------------------------------------------------
[tensor([12, 14])]
Mean loss in evaluation epoch: 0.5150277614593506, epochs needed: 40
Accepting!

Generation 17
Mean loss in evaluation epoch: 0.5165823101997375, epochs needed: 40
------------------------- TRACKING ---------------------------
Matrix Hash: c3b0e7c92533152c, num_times_seen_before: 0
ACC: 0.5421052631578948
TPR/FPR: 0.7777777777777778, 0.512987012987013
Loss: 0.5165823101997375
Timestamp: 357.147296882
---------------------------------------------------------------
[tensor([ 8, 18])]
Mean loss in evaluation epoch: 0.5116750001907349, epochs needed: 40
Accepting!

Generation 18
Mean loss in evaluation epoch: 0.5156283378601074, epochs needed: 40
------------------------- TRACKING ---------------------------
Matrix Hash: 0ac133fb801503ff, num_times_seen_before: 0
ACC: 0.5473684210526315
TPR/FPR: 0.8055555555555556, 0.512987012987013
Loss: 0.5156283378601074
Timestamp: 377.46748132399995
---------------------------------------------------------------
[tensor([11, 15])]
Mean loss in evaluation epoch: 0.5161179304122925, epochs needed: 40
Rejecting!

Generation 19
Mean loss in evaluation epoch: 0.51320481300354, epochs needed: 40
------------------------- TRACKING ---------------------------
Matrix Hash: 0ac133fb801503ff, num_times_seen_before: 1
ACC: 0.5473684210526315
TPR/FPR: 0.8055555555555556, 0.512987012987013
Loss: 0.51320481300354
Timestamp: 397.97540080199997
---------------------------------------------------------------
[tensor([ 0, 10])]
Mean loss in evaluation epoch: 0.5126014947891235, epochs needed: 40
Accepting!

Generation 20
Mean loss in evaluation epoch: 0.5117934346199036, epochs needed: 40
------------------------- TRACKING ---------------------------
Matrix Hash: 779bea6f071ef075, num_times_seen_before: 0
ACC: 0.5526315789473684
TPR/FPR: 0.8055555555555556, 0.5064935064935064
Loss: 0.5117934346199036
Timestamp: 417.69621608
---------------------------------------------------------------
[tensor([ 9, 15])]
Mean loss in evaluation epoch: 0.512325644493103, epochs needed: 40
Rejecting!

Generation 21
Mean loss in evaluation epoch: 0.5121111869812012, epochs needed: 40
------------------------- TRACKING ---------------------------
Matrix Hash: 779bea6f071ef075, num_times_seen_before: 1
ACC: 0.5526315789473684
TPR/FPR: 0.8055555555555556, 0.5064935064935064
Loss: 0.5121111869812012
Timestamp: 438.609093993
---------------------------------------------------------------
[tensor([16, 19])]
Mean loss in evaluation epoch: 0.512449324131012, epochs needed: 40
Rejecting!

Generation 22
Mean loss in evaluation epoch: 0.5115512609481812, epochs needed: 40
------------------------- TRACKING ---------------------------
Matrix Hash: 779bea6f071ef075, num_times_seen_before: 2
ACC: 0.5526315789473684
TPR/FPR: 0.8055555555555556, 0.5064935064935064
Loss: 0.5115512609481812
Timestamp: 458.77969881999996
---------------------------------------------------------------
[tensor([ 5, 10])]
Mean loss in evaluation epoch: 0.5119524598121643, epochs needed: 40
Rejecting!

Generation 23
Mean loss in evaluation epoch: 0.5120385885238647, epochs needed: 40
------------------------- TRACKING ---------------------------
Matrix Hash: 779bea6f071ef075, num_times_seen_before: 3
ACC: 0.5526315789473684
TPR/FPR: 0.8055555555555556, 0.5064935064935064
Loss: 0.5120385885238647
Timestamp: 480.100344153
---------------------------------------------------------------
[tensor([ 3, 19])]
Mean loss in evaluation epoch: 0.5112307071685791, epochs needed: 40
Accepting!

Generation 24
Mean loss in evaluation epoch: 0.5114307999610901, epochs needed: 40
------------------------- TRACKING ---------------------------
Matrix Hash: 323afb4831f9bdc3, num_times_seen_before: 0
ACC: 0.5578947368421052
TPR/FPR: 0.8055555555555556, 0.5
Loss: 0.5114307999610901
Timestamp: 500.341124551
---------------------------------------------------------------
[tensor([16, 19])]
Mean loss in evaluation epoch: 0.5112000703811646, epochs needed: 40
Accepting!

Generation 25
Mean loss in evaluation epoch: 0.5109751224517822, epochs needed: 40
------------------------- TRACKING ---------------------------
Matrix Hash: 1ecb525ad3a87402, num_times_seen_before: 0
ACC: 0.5526315789473684
TPR/FPR: 0.8055555555555556, 0.5064935064935064
Loss: 0.5109751224517822
Timestamp: 520.743461348
---------------------------------------------------------------
[tensor([ 8, 17])]
Mean loss in evaluation epoch: 0.5101383924484253, epochs needed: 40
Accepting!

Generation 26
Mean loss in evaluation epoch: 0.5101385712623596, epochs needed: 40
------------------------- TRACKING ---------------------------
Matrix Hash: fc91f5e0b80ddd6c, num_times_seen_before: 0
ACC: 0.5578947368421052
TPR/FPR: 0.8055555555555556, 0.5
Loss: 0.5101385712623596
Timestamp: 541.1380953319999
---------------------------------------------------------------
[tensor([ 7, 13])]
Mean loss in evaluation epoch: 0.5109339356422424, epochs needed: 40
Rejecting!

Generation 27
Mean loss in evaluation epoch: 0.5108718276023865, epochs needed: 40
------------------------- TRACKING ---------------------------
Matrix Hash: fc91f5e0b80ddd6c, num_times_seen_before: 1
ACC: 0.5578947368421052
TPR/FPR: 0.8055555555555556, 0.5
Loss: 0.5108718276023865
Timestamp: 561.517263001
---------------------------------------------------------------
[tensor([2, 5])]
Mean loss in evaluation epoch: 0.5105051398277283, epochs needed: 40
Accepting!

Generation 28
Mean loss in evaluation epoch: 0.5096082091331482, epochs needed: 40
------------------------- TRACKING ---------------------------
Matrix Hash: 0cec3eb310032754, num_times_seen_before: 0
ACC: 0.5631578947368421
TPR/FPR: 0.8055555555555556, 0.4935064935064935
Loss: 0.5096082091331482
Timestamp: 582.072744256
---------------------------------------------------------------
[tensor([ 8, 11])]
Mean loss in evaluation epoch: 0.5103983283042908, epochs needed: 40
Rejecting!

Generation 29
Mean loss in evaluation epoch: 0.5107733607292175, epochs needed: 40
------------------------- TRACKING ---------------------------
Matrix Hash: 0cec3eb310032754, num_times_seen_before: 1
ACC: 0.5631578947368421
TPR/FPR: 0.8055555555555556, 0.4935064935064935
Loss: 0.5107733607292175
Timestamp: 602.2926142929999
---------------------------------------------------------------
[tensor([ 0, 11])]
Mean loss in evaluation epoch: 0.5090385675430298, epochs needed: 40
Accepting!

Generation 30
Mean loss in evaluation epoch: 0.5087398886680603, epochs needed: 40
------------------------- TRACKING ---------------------------
Matrix Hash: 9b5f81be5e645d15, num_times_seen_before: 0
ACC: 0.5684210526315789
TPR/FPR: 0.8055555555555556, 0.487012987012987
Loss: 0.5087398886680603
Timestamp: 623.611083937
---------------------------------------------------------------
[tensor([ 7, 16])]
Mean loss in evaluation epoch: 0.5044186115264893, epochs needed: 40
Accepting!

Generation 31
Mean loss in evaluation epoch: 0.5038536190986633, epochs needed: 40
------------------------- TRACKING ---------------------------
Matrix Hash: 10d4593f35ae8e7b, num_times_seen_before: 0
ACC: 0.5736842105263158
TPR/FPR: 0.8333333333333334, 0.487012987012987
Loss: 0.5038536190986633
Timestamp: 644.716658383
---------------------------------------------------------------
[tensor([10, 15])]
Mean loss in evaluation epoch: 0.5009385347366333, epochs needed: 40
Accepting!

Generation 32
Mean loss in evaluation epoch: 0.5009886026382446, epochs needed: 40
------------------------- TRACKING ---------------------------
Matrix Hash: a1e12f464a92fdd7, num_times_seen_before: 0
ACC: 0.5789473684210527
TPR/FPR: 0.8611111111111112, 0.487012987012987
Loss: 0.5009886026382446
Timestamp: 666.1549714519999
---------------------------------------------------------------
[tensor([12, 18])]
Mean loss in evaluation epoch: 0.5000723004341125, epochs needed: 40
Accepting!

Generation 33
Mean loss in evaluation epoch: 0.5004533529281616, epochs needed: 40
------------------------- TRACKING ---------------------------
Matrix Hash: 3e44c72071005f41, num_times_seen_before: 0
ACC: 0.5842105263157895
TPR/FPR: 0.8611111111111112, 0.4805194805194805
Loss: 0.5004533529281616
Timestamp: 686.50849923
---------------------------------------------------------------
[tensor([14, 19])]
Mean loss in evaluation epoch: 0.4990987181663513, epochs needed: 40
Accepting!

Generation 34
Mean loss in evaluation epoch: 0.498964786529541, epochs needed: 40
------------------------- TRACKING ---------------------------
Matrix Hash: 7bef41723b1b1e5e, num_times_seen_before: 0
ACC: 0.5894736842105264
TPR/FPR: 0.8611111111111112, 0.474025974025974
Loss: 0.498964786529541
Timestamp: 706.285304349
---------------------------------------------------------------
[tensor([4, 8])]
Mean loss in evaluation epoch: 0.4963153600692749, epochs needed: 40
Accepting!

Generation 35
Mean loss in evaluation epoch: 0.4966786205768585, epochs needed: 40
------------------------- TRACKING ---------------------------
Matrix Hash: 38fe4ba04a3b069a, num_times_seen_before: 0
ACC: 0.5947368421052632
TPR/FPR: 0.8888888888888888, 0.474025974025974
Loss: 0.4966786205768585
Timestamp: 726.03048843
---------------------------------------------------------------
[tensor([1, 4])]
Mean loss in evaluation epoch: 0.4982914328575134, epochs needed: 40
Rejecting!

Generation 36
Mean loss in evaluation epoch: 0.49693816900253296, epochs needed: 40
------------------------- TRACKING ---------------------------
Matrix Hash: 38fe4ba04a3b069a, num_times_seen_before: 1
ACC: 0.5947368421052632
TPR/FPR: 0.8888888888888888, 0.474025974025974
Loss: 0.49693816900253296
Timestamp: 745.689377078
---------------------------------------------------------------
[tensor([ 3, 12])]
Mean loss in evaluation epoch: 0.49327850341796875, epochs needed: 40
Accepting!

Generation 37
Mean loss in evaluation epoch: 0.49526190757751465, epochs needed: 40
------------------------- TRACKING ---------------------------
Matrix Hash: af8d540d595fdd07, num_times_seen_before: 0
ACC: 0.6
TPR/FPR: 0.9166666666666666, 0.474025974025974
Loss: 0.49526190757751465
Timestamp: 765.518003849
---------------------------------------------------------------
[tensor([ 6, 15])]
Mean loss in evaluation epoch: 0.49480491876602173, epochs needed: 40
Accepting!

Generation 38
Mean loss in evaluation epoch: 0.49349111318588257, epochs needed: 40
------------------------- TRACKING ---------------------------
Matrix Hash: 021ef4a39048b0b2, num_times_seen_before: 0
ACC: 0.6052631578947368
TPR/FPR: 0.9166666666666666, 0.4675324675324675
Loss: 0.49349111318588257
Timestamp: 786.032627706
---------------------------------------------------------------
[tensor([0, 9])]
Mean loss in evaluation epoch: 0.4914354085922241, epochs needed: 40
Accepting!

Generation 39
Mean loss in evaluation epoch: 0.49248793721199036, epochs needed: 40
------------------------- TRACKING ---------------------------
Matrix Hash: b6e51e91f64c5a60, num_times_seen_before: 0
ACC: 0.6105263157894737
TPR/FPR: 0.9444444444444444, 0.4675324675324675
Loss: 0.49248793721199036
Timestamp: 807.0996660459999
---------------------------------------------------------------
[tensor([13, 17])]
Mean loss in evaluation epoch: 0.4915350377559662, epochs needed: 40
Accepting!

Generation 40
Mean loss in evaluation epoch: 0.49038732051849365, epochs needed: 40
------------------------- TRACKING ---------------------------
Matrix Hash: b62e638ce3028c7c, num_times_seen_before: 0
ACC: 0.6157894736842106
TPR/FPR: 0.9444444444444444, 0.461038961038961
Loss: 0.49038732051849365
Timestamp: 828.209098417
---------------------------------------------------------------
[tensor([ 6, 13])]
Mean loss in evaluation epoch: 0.49010133743286133, epochs needed: 40
Accepting!

Generation 41
Mean loss in evaluation epoch: 0.48914098739624023, epochs needed: 40
------------------------- TRACKING ---------------------------
Matrix Hash: 61fcc27548244b3f, num_times_seen_before: 0
ACC: 0.6210526315789473
TPR/FPR: 0.9444444444444444, 0.45454545454545453
Loss: 0.48914098739624023
Timestamp: 848.287592939
---------------------------------------------------------------
[tensor([13, 18])]
Mean loss in evaluation epoch: 0.48841312527656555, epochs needed: 40
Accepting!

Generation 42
Mean loss in evaluation epoch: 0.4883860647678375, epochs needed: 40
------------------------- TRACKING ---------------------------
Matrix Hash: dff453cf7b31d5a7, num_times_seen_before: 0
ACC: 0.6263157894736842
TPR/FPR: 0.9444444444444444, 0.44805194805194803
Loss: 0.4883860647678375
Timestamp: 870.7348336069999
---------------------------------------------------------------
[tensor([8, 9])]
Mean loss in evaluation epoch: 0.488016277551651, epochs needed: 40
Accepting!

Generation 43
Mean loss in evaluation epoch: 0.4889862835407257, epochs needed: 40
------------------------- TRACKING ---------------------------
Matrix Hash: f74c909ecb34c600, num_times_seen_before: 0
ACC: 0.631578947368421
TPR/FPR: 0.9444444444444444, 0.44155844155844154
Loss: 0.4889862835407257
Timestamp: 891.436613216
---------------------------------------------------------------
[tensor([15, 16])]
Mean loss in evaluation epoch: 0.487324059009552, epochs needed: 40
Accepting!

Generation 44
Mean loss in evaluation epoch: 0.4883682429790497, epochs needed: 40
------------------------- TRACKING ---------------------------
Matrix Hash: 34a20418e348b2f2, num_times_seen_before: 0
ACC: 0.6368421052631579
TPR/FPR: 0.9444444444444444, 0.43506493506493504
Loss: 0.4883682429790497
Timestamp: 912.4930626639999
---------------------------------------------------------------
[tensor([ 1, 12])]
Mean loss in evaluation epoch: 0.48765021562576294, epochs needed: 40
Accepting!

Generation 45
Mean loss in evaluation epoch: 0.48960810899734497, epochs needed: 40
------------------------- TRACKING ---------------------------
Matrix Hash: 0b3b3ba80d534b82, num_times_seen_before: 0
ACC: 0.6421052631578947
TPR/FPR: 0.9444444444444444, 0.42857142857142855
Loss: 0.48960810899734497
Timestamp: 933.858727883
---------------------------------------------------------------
[tensor([ 6, 17])]
Mean loss in evaluation epoch: 0.4858200252056122, epochs needed: 40
Accepting!

Generation 46
Mean loss in evaluation epoch: 0.4859684407711029, epochs needed: 40
------------------------- TRACKING ---------------------------
Matrix Hash: 8f09d77c49e8aaf2, num_times_seen_before: 0
ACC: 0.6473684210526316
TPR/FPR: 0.9444444444444444, 0.42207792207792205
Loss: 0.4859684407711029
Timestamp: 955.17755366
---------------------------------------------------------------
[tensor([4, 5])]
