num samples: 1000
NUM_TRAIN_SAMPLES: 999
NUM_TRAIN_BATCHES: 10
NUM_TEST_SAMPLES: 999
NUM_TEST_BATCHES: 10
BATCH_SIZE: 100
HIDDEN_SIZE: 128
NUM_DYN_EPOCHS: 40
IS_CONTINUOUS: False
USE_MAX: False
../data/final/netrd/SIS/timeseries_ba10_1k_0.15.pickle
../data/final/edges_ba10.pickle
CONTINUATION: False
CONT_ADDRESS: D:\Uni\BA\ColabOutputs\ba20\2020-12-10T22_50_22.113418
SEED: 1
NUM_DYN_EPOCHS: 40
NUM_DYN_EPOCHS_INIT: 40
DETECT_EARLY_CONVERGENCE: False
RESET_DYN_LEARNER_EVERY_NTH_GEN: 1
POP_SIZE: 8
NEWPOP_SIZE: 16
NUM_GEN: 30
USE_NODEWISE_EVALUATION: False
USE_EVALEPOCH_FOR_GUIDED_MUTATION: False
USE_DETERMINISTIC_EVAL: False
--------------------- Start training ------------------------
evaluating individudal 0 - 94cf24c06efba5c4. Mean loss in evaluation epoch: 0.38182172179222107, epochs needed: 40
evaluating individudal 1 - 3c58787ee6841826. Mean loss in evaluation epoch: 0.38684919476509094, epochs needed: 40
evaluating individudal 2 - 92a963e5aae769be. Mean loss in evaluation epoch: 0.38689905405044556, epochs needed: 40
evaluating individudal 3 - 4c51885fdd2a8f9e. Mean loss in evaluation epoch: 0.38606876134872437, epochs needed: 40
evaluating individudal 4 - bcadd1e21859a8d9. Mean loss in evaluation epoch: 0.38905176520347595, epochs needed: 40
evaluating individudal 5 - afa21911074a328b. Mean loss in evaluation epoch: 0.3870165944099426, epochs needed: 40
evaluating individudal 6 - 13727a1845cbb6e8. Mean loss in evaluation epoch: 0.3883373439311981, epochs needed: 40
evaluating individudal 7 - 8272c9c0a573b9be. Mean loss in evaluation epoch: 0.38608691096305847, epochs needed: 40
Round 0 done. -----------------------------------------
------------------------- TRACKING ---------------------------
Matrix Hash: 94cf24c06efba5c4, num_times_seen_before: 0
ACC: 0.48888888888888893
TPR/FPR: 0.5, 0.5172413793103449
Loss: 0.38182172179222107
Timestamp: 0
---------------------------------------------------------------
evaluating individudal 0 - a16c9ffff8c8870e. Mean loss in evaluation epoch: 0.3790839612483978, epochs needed: 40
evaluating individudal 1 - cedf2b4c40f29c18. Mean loss in evaluation epoch: 0.3780969977378845, epochs needed: 40
evaluating individudal 2 - d7cbdbd112a996f4. Mean loss in evaluation epoch: 0.37410426139831543, epochs needed: 40
evaluating individudal 3 - e728a388bde14911. Mean loss in evaluation epoch: 0.38657644391059875, epochs needed: 40
evaluating individudal 4 - 178360ff075c0b0d. Mean loss in evaluation epoch: 0.383034884929657, epochs needed: 40
evaluating individudal 5 - 858ff5ce6127fcf5. Mean loss in evaluation epoch: 0.38717302680015564, epochs needed: 40
evaluating individudal 6 - 4e17ab38724609ef. Mean loss in evaluation epoch: 0.3821861743927002, epochs needed: 40
evaluating individudal 7 - db0e7d5175624a3e. Mean loss in evaluation epoch: 0.3833485543727875, epochs needed: 40
evaluating individudal 8 - 365cbc1e18da37c6. Mean loss in evaluation epoch: 0.3878529965877533, epochs needed: 40
evaluating individudal 9 - 763d91bd04bd19fe. Mean loss in evaluation epoch: 0.3774765133857727, epochs needed: 40
evaluating individudal 10 - c67d6c9662fbe9dc. Mean loss in evaluation epoch: 0.3790890872478485, epochs needed: 40
evaluating individudal 11 - 9facb28f51a9d5f5. Mean loss in evaluation epoch: 0.3792979419231415, epochs needed: 40
evaluating individudal 12 - a1d0917b07649243. Mean loss in evaluation epoch: 0.375859797000885, epochs needed: 40
evaluating individudal 13 - 3e4c6015396e0ce9. Mean loss in evaluation epoch: 0.3762245178222656, epochs needed: 40
evaluating individudal 14 - fed047c1840da638. Mean loss in evaluation epoch: 0.382366806268692, epochs needed: 40
evaluating individudal 15 - 1f03b1044ce9a72d. Mean loss in evaluation epoch: 0.38702690601348877, epochs needed: 40
evaluating individudal 0 - 94cf24c06efba5c4. Mean loss in evaluation epoch: 0.38289153575897217, epochs needed: 40
evaluating individudal 1 - 3c58787ee6841826. Mean loss in evaluation epoch: 0.38482388854026794, epochs needed: 40
evaluating individudal 2 - 92a963e5aae769be. Mean loss in evaluation epoch: 0.3888563811779022, epochs needed: 40
evaluating individudal 3 - 4c51885fdd2a8f9e. Mean loss in evaluation epoch: 0.3866141140460968, epochs needed: 40
evaluating individudal 4 - bcadd1e21859a8d9. Mean loss in evaluation epoch: 0.39287784695625305, epochs needed: 40
evaluating individudal 5 - afa21911074a328b. Mean loss in evaluation epoch: 0.3859051465988159, epochs needed: 40
evaluating individudal 6 - 13727a1845cbb6e8. Mean loss in evaluation epoch: 0.388240784406662, epochs needed: 40
evaluating individudal 7 - 8272c9c0a573b9be. Mean loss in evaluation epoch: 0.38259169459342957, epochs needed: 40
Round 1 done. -----------------------------------------
------------------------- TRACKING ---------------------------
Matrix Hash: d7cbdbd112a996f4, num_times_seen_before: 0
ACC: 0.33333333333333337
TPR/FPR: 0.4375, 0.7241379310344828
Loss: 0.37410426139831543
Timestamp: 48.98278159900019
---------------------------------------------------------------
evaluating individudal 0 - 4cc1d466e680e79e. Mean loss in evaluation epoch: 0.37475019693374634, epochs needed: 40
evaluating individudal 1 - 221bbe46c59b1bf4. Mean loss in evaluation epoch: 0.3841438293457031, epochs needed: 40
evaluating individudal 2 - 6bfd6184e184b680. Mean loss in evaluation epoch: 0.3872329890727997, epochs needed: 40
evaluating individudal 3 - c88ec0ab213817e1. Mean loss in evaluation epoch: 0.3772016167640686, epochs needed: 40
evaluating individudal 4 - e8a7df1702878412. Mean loss in evaluation epoch: 0.37759825587272644, epochs needed: 40
evaluating individudal 5 - 9b90655f566ac9a3. Mean loss in evaluation epoch: 0.3752466142177582, epochs needed: 40
evaluating individudal 6 - addc88abc49eaeb3. Mean loss in evaluation epoch: 0.38051316142082214, epochs needed: 40
evaluating individudal 7 - d6984ac3d5f5b675. Mean loss in evaluation epoch: 0.38323986530303955, epochs needed: 40
evaluating individudal 8 - 8f303222d12ee0c9. Mean loss in evaluation epoch: 0.3776944577693939, epochs needed: 40
evaluating individudal 9 - e2abc702d8616a6f. Mean loss in evaluation epoch: 0.38693156838417053, epochs needed: 40
evaluating individudal 10 - e74ca4cb3932d5d4. Mean loss in evaluation epoch: 0.3791114091873169, epochs needed: 40
evaluating individudal 11 - ace188f22f89505e. Mean loss in evaluation epoch: 0.3750259280204773, epochs needed: 40
evaluating individudal 12 - 773abdd56e72fc74. Mean loss in evaluation epoch: 0.3762568533420563, epochs needed: 40
evaluating individudal 13 - 410f554fa164485b. Mean loss in evaluation epoch: 0.3773566484451294, epochs needed: 40
evaluating individudal 14 - cdc5924ab2df171e. Mean loss in evaluation epoch: 0.38441702723503113, epochs needed: 40
evaluating individudal 15 - cc681daa67f5c40e. Mean loss in evaluation epoch: 0.3759635388851166, epochs needed: 40
evaluating individudal 0 - d7cbdbd112a996f4. Mean loss in evaluation epoch: 0.3737134635448456, epochs needed: 40
evaluating individudal 1 - a1d0917b07649243. Mean loss in evaluation epoch: 0.37499508261680603, epochs needed: 40
evaluating individudal 2 - 3e4c6015396e0ce9. Mean loss in evaluation epoch: 0.37622755765914917, epochs needed: 40
evaluating individudal 3 - 763d91bd04bd19fe. Mean loss in evaluation epoch: 0.3787430226802826, epochs needed: 40
evaluating individudal 4 - cedf2b4c40f29c18. Mean loss in evaluation epoch: 0.37820062041282654, epochs needed: 40
evaluating individudal 5 - a16c9ffff8c8870e. Mean loss in evaluation epoch: 0.380486398935318, epochs needed: 40
evaluating individudal 6 - c67d6c9662fbe9dc. Mean loss in evaluation epoch: 0.37935900688171387, epochs needed: 40
evaluating individudal 7 - 9facb28f51a9d5f5. Mean loss in evaluation epoch: 0.3777071535587311, epochs needed: 40
Round 2 done. -----------------------------------------
------------------------- TRACKING ---------------------------
Matrix Hash: d7cbdbd112a996f4, num_times_seen_before: 1
ACC: 0.33333333333333337
TPR/FPR: 0.4375, 0.7241379310344828
Loss: 0.3737134635448456
Timestamp: 96.12091811699975
---------------------------------------------------------------
evaluating individudal 0 - 863cf63ff06fd0f1. Mean loss in evaluation epoch: 0.375027596950531, epochs needed: 40
evaluating individudal 1 - 2fa8474fef056eaa. Mean loss in evaluation epoch: 0.38082030415534973, epochs needed: 40
evaluating individudal 2 - a5c9c5b64dc7375d. Mean loss in evaluation epoch: 0.37313270568847656, epochs needed: 40
evaluating individudal 3 - e06398d5c74f8b6b. Mean loss in evaluation epoch: 0.3770194947719574, epochs needed: 40
evaluating individudal 4 - 6503bf3b73898339. Mean loss in evaluation epoch: 0.37658214569091797, epochs needed: 40
evaluating individudal 5 - 34b88d7242c1c36c. Mean loss in evaluation epoch: 0.3747689425945282, epochs needed: 40
evaluating individudal 6 - a9181fbde039ff5f. Mean loss in evaluation epoch: 0.3795070946216583, epochs needed: 40
evaluating individudal 7 - a5d39b339d05dcb7. Mean loss in evaluation epoch: 0.3740658462047577, epochs needed: 40
evaluating individudal 8 - 9b2834437e2c3c20. Mean loss in evaluation epoch: 0.3734900653362274, epochs needed: 40
evaluating individudal 9 - 28c735a9635d2e5f. Mean loss in evaluation epoch: 0.3754805624485016, epochs needed: 40
evaluating individudal 10 - 34ed78b52e23a770. Mean loss in evaluation epoch: 0.37513938546180725, epochs needed: 40
evaluating individudal 11 - 6a226455ca8adda9. Mean loss in evaluation epoch: 0.3801184296607971, epochs needed: 40
evaluating individudal 12 - b80179ef1944d092. Mean loss in evaluation epoch: 0.37360140681266785, epochs needed: 40
evaluating individudal 13 - 51af7c3c58ae0de3. Mean loss in evaluation epoch: 0.37490126490592957, epochs needed: 40
evaluating individudal 14 - 2d27b4f38a5967ba. Mean loss in evaluation epoch: 0.38198354840278625, epochs needed: 40
evaluating individudal 15 - 81df70bd64640233. Mean loss in evaluation epoch: 0.3798779845237732, epochs needed: 40
evaluating individudal 0 - d7cbdbd112a996f4. Mean loss in evaluation epoch: 0.3756575882434845, epochs needed: 40
evaluating individudal 1 - 4cc1d466e680e79e. Mean loss in evaluation epoch: 0.37467238306999207, epochs needed: 40
evaluating individudal 2 - a1d0917b07649243. Mean loss in evaluation epoch: 0.3793640732765198, epochs needed: 40
evaluating individudal 3 - ace188f22f89505e. Mean loss in evaluation epoch: 0.37442365288734436, epochs needed: 40
evaluating individudal 4 - 9b90655f566ac9a3. Mean loss in evaluation epoch: 0.37456342577934265, epochs needed: 40
evaluating individudal 5 - cc681daa67f5c40e. Mean loss in evaluation epoch: 0.37484610080718994, epochs needed: 40
evaluating individudal 6 - 3e4c6015396e0ce9. Mean loss in evaluation epoch: 0.377392441034317, epochs needed: 40
evaluating individudal 7 - 773abdd56e72fc74. Mean loss in evaluation epoch: 0.37571245431900024, epochs needed: 40
Round 3 done. -----------------------------------------
------------------------- TRACKING ---------------------------
Matrix Hash: a5c9c5b64dc7375d, num_times_seen_before: 0
ACC: 0.4666666666666667
TPR/FPR: 0.625, 0.6206896551724138
Loss: 0.37313270568847656
Timestamp: 144.14016868
---------------------------------------------------------------
evaluating individudal 0 - 0723916002b34110. Mean loss in evaluation epoch: 0.3726021945476532, epochs needed: 40
evaluating individudal 1 - 226847dac3876706. Mean loss in evaluation epoch: 0.37695422768592834, epochs needed: 40
evaluating individudal 2 - 15553376f0979dd1. Mean loss in evaluation epoch: 0.3805369436740875, epochs needed: 40
evaluating individudal 3 - e60d49d83e7d4057. Mean loss in evaluation epoch: 0.3860921561717987, epochs needed: 40
evaluating individudal 4 - cc0c810fe64db68e. Mean loss in evaluation epoch: 0.37961578369140625, epochs needed: 40
evaluating individudal 5 - 65b4093c05d12074. Mean loss in evaluation epoch: 0.3761375844478607, epochs needed: 40
evaluating individudal 6 - dfc80de8d5bc6cf6. Mean loss in evaluation epoch: 0.3752441108226776, epochs needed: 40
evaluating individudal 7 - c1aa20fea5d83aa4. Mean loss in evaluation epoch: 0.375334769487381, epochs needed: 40
evaluating individudal 8 - fbd70ac1ca5377ba. Mean loss in evaluation epoch: 0.3775099217891693, epochs needed: 40
evaluating individudal 9 - f871beeb44b6372c. Mean loss in evaluation epoch: 0.37431439757347107, epochs needed: 40
evaluating individudal 10 - 3b10efa451019fd4. Mean loss in evaluation epoch: 0.37440332770347595, epochs needed: 40
evaluating individudal 11 - bc177718badafe3b. Mean loss in evaluation epoch: 0.3758368194103241, epochs needed: 40
evaluating individudal 12 - dfb37aff7444af97. Mean loss in evaluation epoch: 0.3803862929344177, epochs needed: 40
evaluating individudal 13 - 827b6292c1371f45. Mean loss in evaluation epoch: 0.3820668160915375, epochs needed: 40
evaluating individudal 14 - 12a915545d326055. Mean loss in evaluation epoch: 0.37793123722076416, epochs needed: 40
evaluating individudal 15 - 5521e270f12bc159. Mean loss in evaluation epoch: 0.3785021901130676, epochs needed: 40
evaluating individudal 0 - a5c9c5b64dc7375d. Mean loss in evaluation epoch: 0.37315478920936584, epochs needed: 40
evaluating individudal 1 - 9b2834437e2c3c20. Mean loss in evaluation epoch: 0.37268438935279846, epochs needed: 40
evaluating individudal 2 - b80179ef1944d092. Mean loss in evaluation epoch: 0.37399742007255554, epochs needed: 40
evaluating individudal 3 - a5d39b339d05dcb7. Mean loss in evaluation epoch: 0.3736298978328705, epochs needed: 40
evaluating individudal 4 - ace188f22f89505e. Mean loss in evaluation epoch: 0.37575870752334595, epochs needed: 40
evaluating individudal 5 - 9b90655f566ac9a3. Mean loss in evaluation epoch: 0.3744151294231415, epochs needed: 40
evaluating individudal 6 - 4cc1d466e680e79e. Mean loss in evaluation epoch: 0.3742339015007019, epochs needed: 40
evaluating individudal 7 - 34b88d7242c1c36c. Mean loss in evaluation epoch: 0.37397512793540955, epochs needed: 40
Round 4 done. -----------------------------------------
------------------------- TRACKING ---------------------------
Matrix Hash: 0723916002b34110, num_times_seen_before: 0
ACC: 0.4444444444444444
TPR/FPR: 0.4375, 0.5517241379310345
Loss: 0.3726021945476532
Timestamp: 186.03829994499938
---------------------------------------------------------------
evaluating individudal 0 - 936a09f2914ee7f9. Mean loss in evaluation epoch: 0.3770715594291687, epochs needed: 40
evaluating individudal 1 - bd68973b2e8d3d44. Mean loss in evaluation epoch: 0.3764580190181732, epochs needed: 40
evaluating individudal 2 - 887b6b696f64b2ec. Mean loss in evaluation epoch: 0.3738957345485687, epochs needed: 40
evaluating individudal 3 - 36554dcbbbc3014d. Mean loss in evaluation epoch: 0.3837912082672119, epochs needed: 40
evaluating individudal 4 - 5b243bfa27ef6566. Mean loss in evaluation epoch: 0.3784199357032776, epochs needed: 40
evaluating individudal 5 - 3ff392c7ed1e2840. Mean loss in evaluation epoch: 0.3732295334339142, epochs needed: 40
evaluating individudal 6 - f50b9040d85b23c0. Mean loss in evaluation epoch: 0.38193461298942566, epochs needed: 40
evaluating individudal 7 - 5d9409b846695543. Mean loss in evaluation epoch: 0.37710806727409363, epochs needed: 40
evaluating individudal 8 - 448dd9699c98b9c1. Mean loss in evaluation epoch: 0.3812888562679291, epochs needed: 40
evaluating individudal 9 - b3fe985b3b406ac4. Mean loss in evaluation epoch: 0.37726694345474243, epochs needed: 40
evaluating individudal 10 - 6ddef6dacb2a9fcf. Mean loss in evaluation epoch: 0.3782186210155487, epochs needed: 40
evaluating individudal 11 - efef42751bda3406. Mean loss in evaluation epoch: 0.37851569056510925, epochs needed: 40
evaluating individudal 12 - f0629f5b18a65225. Mean loss in evaluation epoch: 0.3728328347206116, epochs needed: 40
evaluating individudal 13 - c75be4239adf8bdf. Mean loss in evaluation epoch: 0.3848831355571747, epochs needed: 40
evaluating individudal 14 - 82d50f23ec2d2418. Mean loss in evaluation epoch: 0.38123440742492676, epochs needed: 40
evaluating individudal 15 - fd0567ef21884d74. Mean loss in evaluation epoch: 0.3850409984588623, epochs needed: 40
evaluating individudal 0 - 0723916002b34110. Mean loss in evaluation epoch: 0.37372130155563354, epochs needed: 40
evaluating individudal 1 - 9b2834437e2c3c20. Mean loss in evaluation epoch: 0.37450075149536133, epochs needed: 40
evaluating individudal 2 - a5c9c5b64dc7375d. Mean loss in evaluation epoch: 0.3742005228996277, epochs needed: 40
evaluating individudal 3 - a5d39b339d05dcb7. Mean loss in evaluation epoch: 0.37491974234580994, epochs needed: 40
evaluating individudal 4 - 34b88d7242c1c36c. Mean loss in evaluation epoch: 0.3733108341693878, epochs needed: 40
evaluating individudal 5 - b80179ef1944d092. Mean loss in evaluation epoch: 0.3737180829048157, epochs needed: 40
evaluating individudal 6 - 4cc1d466e680e79e. Mean loss in evaluation epoch: 0.3750903308391571, epochs needed: 40
evaluating individudal 7 - f871beeb44b6372c. Mean loss in evaluation epoch: 0.3727688789367676, epochs needed: 40
Round 5 done. -----------------------------------------
------------------------- TRACKING ---------------------------
Matrix Hash: f871beeb44b6372c, num_times_seen_before: 0
ACC: 0.48888888888888893
TPR/FPR: 0.625, 0.5862068965517241
Loss: 0.3727688789367676
Timestamp: 233.5597511119995
---------------------------------------------------------------
evaluating individudal 0 - 36f5f584d201fd4b. Mean loss in evaluation epoch: 0.3758460283279419, epochs needed: 40
evaluating individudal 1 - 1890e05386184c74. Mean loss in evaluation epoch: 0.37836647033691406, epochs needed: 40
evaluating individudal 2 - 22b0b1f85e814dca. Mean loss in evaluation epoch: 0.3796144127845764, epochs needed: 40
evaluating individudal 3 - be6c21930bc77ec2. Mean loss in evaluation epoch: 0.38183847069740295, epochs needed: 40
evaluating individudal 4 - dad87abdaa05d04e. Mean loss in evaluation epoch: 0.3815968632698059, epochs needed: 40
evaluating individudal 5 - e415d4d00983df0a. Mean loss in evaluation epoch: 0.37884148955345154, epochs needed: 40
evaluating individudal 6 - f23124421c53395b. Mean loss in evaluation epoch: 0.37604984641075134, epochs needed: 40
evaluating individudal 7 - 12682e370c3c2066. Mean loss in evaluation epoch: 0.3757936358451843, epochs needed: 40
evaluating individudal 8 - ae1ea09bbb695343. Mean loss in evaluation epoch: 0.37995463609695435, epochs needed: 40
evaluating individudal 9 - b12ef35782b2be52. Mean loss in evaluation epoch: 0.37986084818840027, epochs needed: 40
evaluating individudal 10 - 55aa231313204939. Mean loss in evaluation epoch: 0.3781591057777405, epochs needed: 40
evaluating individudal 11 - 4ad30875774e94f2. Mean loss in evaluation epoch: 0.3793976306915283, epochs needed: 40
evaluating individudal 12 - ed49057618324e2b. Mean loss in evaluation epoch: 0.37874147295951843, epochs needed: 40
evaluating individudal 13 - 7a8c85eb89219d4c. Mean loss in evaluation epoch: 0.37643417716026306, epochs needed: 40
evaluating individudal 14 - 5d9f00ebc4321674. Mean loss in evaluation epoch: 0.3761535584926605, epochs needed: 40
evaluating individudal 15 - 8d0d6e4c18cc65b2. Mean loss in evaluation epoch: 0.38628625869750977, epochs needed: 40
evaluating individudal 0 - f871beeb44b6372c. Mean loss in evaluation epoch: 0.37356528639793396, epochs needed: 40
evaluating individudal 1 - f0629f5b18a65225. Mean loss in evaluation epoch: 0.37251344323158264, epochs needed: 40
evaluating individudal 2 - 3ff392c7ed1e2840. Mean loss in evaluation epoch: 0.3740027844905853, epochs needed: 40
evaluating individudal 3 - 34b88d7242c1c36c. Mean loss in evaluation epoch: 0.3771239221096039, epochs needed: 40
evaluating individudal 4 - b80179ef1944d092. Mean loss in evaluation epoch: 0.373950332403183, epochs needed: 40
evaluating individudal 5 - 0723916002b34110. Mean loss in evaluation epoch: 0.3738984167575836, epochs needed: 40
evaluating individudal 6 - 887b6b696f64b2ec. Mean loss in evaluation epoch: 0.3762210011482239, epochs needed: 40
evaluating individudal 7 - a5c9c5b64dc7375d. Mean loss in evaluation epoch: 0.3781833350658417, epochs needed: 40
Round 6 done. -----------------------------------------
------------------------- TRACKING ---------------------------
Matrix Hash: f0629f5b18a65225, num_times_seen_before: 0
ACC: 0.4222222222222223
TPR/FPR: 0.5625, 0.6551724137931034
Loss: 0.37251344323158264
Timestamp: 283.3277265259994
---------------------------------------------------------------
evaluating individudal 0 - accabd7ab057fba6. Mean loss in evaluation epoch: 0.37557145953178406, epochs needed: 40
evaluating individudal 1 - 4bf74af9ebc1f77e. Mean loss in evaluation epoch: 0.37608543038368225, epochs needed: 40
evaluating individudal 2 - 766464d28369d3d8. Mean loss in evaluation epoch: 0.3788929879665375, epochs needed: 40
evaluating individudal 3 - 881d3d2ce1d125e4. Mean loss in evaluation epoch: 0.374195396900177, epochs needed: 40
evaluating individudal 4 - 19c73006fca19deb. Mean loss in evaluation epoch: 0.3751979172229767, epochs needed: 40
evaluating individudal 5 - 78708e6a3d7d7bda. Mean loss in evaluation epoch: 0.37831324338912964, epochs needed: 40
evaluating individudal 6 - 697788cfdb0e3ded. Mean loss in evaluation epoch: 0.378885418176651, epochs needed: 40
evaluating individudal 7 - c43cd7435df011cc. Mean loss in evaluation epoch: 0.3755929172039032, epochs needed: 40
evaluating individudal 8 - 01bd8555afb18401. Mean loss in evaluation epoch: 0.3755113184452057, epochs needed: 40
evaluating individudal 9 - ca8efb3e771d9a7d. Mean loss in evaluation epoch: 0.3786936104297638, epochs needed: 40
evaluating individudal 10 - b36c0be24bf6602d. Mean loss in evaluation epoch: 0.3779972195625305, epochs needed: 40
evaluating individudal 11 - 3e19fd4b67f855cb. Mean loss in evaluation epoch: 0.3762625455856323, epochs needed: 40
evaluating individudal 12 - f4128d57df3813fb. Mean loss in evaluation epoch: 0.37701451778411865, epochs needed: 40
evaluating individudal 13 - 09ab9a7261157c1f. Mean loss in evaluation epoch: 0.3760415017604828, epochs needed: 40
evaluating individudal 14 - ab60e96b885a47b1. Mean loss in evaluation epoch: 0.3803929388523102, epochs needed: 40
evaluating individudal 15 - f1dbc2cc8cc550a5. Mean loss in evaluation epoch: 0.3739648759365082, epochs needed: 40
evaluating individudal 0 - f0629f5b18a65225. Mean loss in evaluation epoch: 0.3727986216545105, epochs needed: 40
evaluating individudal 1 - f871beeb44b6372c. Mean loss in evaluation epoch: 0.3737151026725769, epochs needed: 40
evaluating individudal 2 - 0723916002b34110. Mean loss in evaluation epoch: 0.37128946185112, epochs needed: 40
evaluating individudal 3 - b80179ef1944d092. Mean loss in evaluation epoch: 0.3737828731536865, epochs needed: 40
evaluating individudal 4 - 3ff392c7ed1e2840. Mean loss in evaluation epoch: 0.37349921464920044, epochs needed: 40
evaluating individudal 5 - 12682e370c3c2066. Mean loss in evaluation epoch: 0.37578824162483215, epochs needed: 40
evaluating individudal 6 - 36f5f584d201fd4b. Mean loss in evaluation epoch: 0.376518577337265, epochs needed: 40
evaluating individudal 7 - f23124421c53395b. Mean loss in evaluation epoch: 0.37490391731262207, epochs needed: 40
Round 7 done. -----------------------------------------
------------------------- TRACKING ---------------------------
Matrix Hash: 0723916002b34110, num_times_seen_before: 1
ACC: 0.4444444444444444
TPR/FPR: 0.4375, 0.5517241379310345
Loss: 0.37128946185112
Timestamp: 332.21133704099975
---------------------------------------------------------------
evaluating individudal 0 - 3056143ad6f8c027. Mean loss in evaluation epoch: 0.3782612383365631, epochs needed: 40
evaluating individudal 1 - c366be9d896f8dcd. Mean loss in evaluation epoch: 0.3807227313518524, epochs needed: 40
evaluating individudal 2 - 08f71b796163ece2. Mean loss in evaluation epoch: 0.3773885667324066, epochs needed: 40
evaluating individudal 3 - a9b53a0aba42ac60. Mean loss in evaluation epoch: 0.3829101324081421, epochs needed: 40
evaluating individudal 4 - 98c92dec782a4874. Mean loss in evaluation epoch: 0.3808155655860901, epochs needed: 40
evaluating individudal 5 - d7445c8c6b523abd. Mean loss in evaluation epoch: 0.38519054651260376, epochs needed: 40
evaluating individudal 6 - 479f82d8e2d7826d. Mean loss in evaluation epoch: 0.38014063239097595, epochs needed: 40
evaluating individudal 7 - 9265bd66e0df10f3. Mean loss in evaluation epoch: 0.37915539741516113, epochs needed: 40
evaluating individudal 8 - ab11cd59f14f8c12. Mean loss in evaluation epoch: 0.38548317551612854, epochs needed: 40
evaluating individudal 9 - 2991f0772f06b3d3. Mean loss in evaluation epoch: 0.38392049074172974, epochs needed: 40
evaluating individudal 10 - add5c771c0dc1dfc. Mean loss in evaluation epoch: 0.3782164454460144, epochs needed: 40
evaluating individudal 11 - 7a5fc90b5c64eae0. Mean loss in evaluation epoch: 0.38825294375419617, epochs needed: 40
evaluating individudal 12 - b5de01cfa9e09ec3. Mean loss in evaluation epoch: 0.37327104806900024, epochs needed: 40
evaluating individudal 13 - 4089be13ff5b6922. Mean loss in evaluation epoch: 0.37775880098342896, epochs needed: 40
evaluating individudal 14 - 6dae4b659a199218. Mean loss in evaluation epoch: 0.37853285670280457, epochs needed: 40
evaluating individudal 15 - f91689f46d48491d. Mean loss in evaluation epoch: 0.3794541656970978, epochs needed: 40
evaluating individudal 0 - 0723916002b34110. Mean loss in evaluation epoch: 0.3712730407714844, epochs needed: 40
evaluating individudal 1 - f0629f5b18a65225. Mean loss in evaluation epoch: 0.3729191720485687, epochs needed: 40
evaluating individudal 2 - 3ff392c7ed1e2840. Mean loss in evaluation epoch: 0.37352225184440613, epochs needed: 40
evaluating individudal 3 - f871beeb44b6372c. Mean loss in evaluation epoch: 0.373022198677063, epochs needed: 40
evaluating individudal 4 - b80179ef1944d092. Mean loss in evaluation epoch: 0.374832421541214, epochs needed: 40
evaluating individudal 5 - f1dbc2cc8cc550a5. Mean loss in evaluation epoch: 0.37348541617393494, epochs needed: 40
evaluating individudal 6 - 881d3d2ce1d125e4. Mean loss in evaluation epoch: 0.37809455394744873, epochs needed: 40
evaluating individudal 7 - f23124421c53395b. Mean loss in evaluation epoch: 0.37595605850219727, epochs needed: 40
Round 8 done. -----------------------------------------
------------------------- TRACKING ---------------------------
Matrix Hash: 0723916002b34110, num_times_seen_before: 2
ACC: 0.4444444444444444
TPR/FPR: 0.4375, 0.5517241379310345
Loss: 0.3712730407714844
Timestamp: 381.24543482900026
---------------------------------------------------------------
evaluating individudal 0 - e652e858ae705ab7. Mean loss in evaluation epoch: 0.3858894109725952, epochs needed: 40
evaluating individudal 1 - 5e72d4f3f318b8a8. Mean loss in evaluation epoch: 0.37317049503326416, epochs needed: 40
evaluating individudal 2 - f587776b74cfa0b9. Mean loss in evaluation epoch: 0.37670671939849854, epochs needed: 40
evaluating individudal 3 - 4a7e2fdf1ad0a890. Mean loss in evaluation epoch: 0.37375667691230774, epochs needed: 40
evaluating individudal 4 - 4afeb0f7a73d5a56. Mean loss in evaluation epoch: 0.3798341155052185, epochs needed: 40
evaluating individudal 5 - 3277512bb0b6a86f. Mean loss in evaluation epoch: 0.3776822090148926, epochs needed: 40
evaluating individudal 6 - fed85806757ac0d3. Mean loss in evaluation epoch: 0.3778725862503052, epochs needed: 40
evaluating individudal 7 - 301f478c01a30902. Mean loss in evaluation epoch: 0.3804728090763092, epochs needed: 40
evaluating individudal 8 - 57311834f7fce554. Mean loss in evaluation epoch: 0.37246257066726685, epochs needed: 40
evaluating individudal 9 - ba57324e2b3764bf. Mean loss in evaluation epoch: 0.3777216970920563, epochs needed: 40
evaluating individudal 10 - 0bbfbe648c26cbf3. Mean loss in evaluation epoch: 0.37839505076408386, epochs needed: 40
evaluating individudal 11 - 6dd612bc6ffda5fb. Mean loss in evaluation epoch: 0.3805162310600281, epochs needed: 40
evaluating individudal 12 - c964e3c69b051234. Mean loss in evaluation epoch: 0.37360990047454834, epochs needed: 40
evaluating individudal 13 - 79640c98fa89cd5a. Mean loss in evaluation epoch: 0.3735107183456421, epochs needed: 40
evaluating individudal 14 - e502492c0a1493ea. Mean loss in evaluation epoch: 0.37753355503082275, epochs needed: 40
evaluating individudal 15 - cd24bbc8654729ec. Mean loss in evaluation epoch: 0.38139399886131287, epochs needed: 40
evaluating individudal 0 - 0723916002b34110. Mean loss in evaluation epoch: 0.37119871377944946, epochs needed: 40
evaluating individudal 1 - f0629f5b18a65225. Mean loss in evaluation epoch: 0.37258052825927734, epochs needed: 40
evaluating individudal 2 - f871beeb44b6372c. Mean loss in evaluation epoch: 0.3744651675224304, epochs needed: 40
evaluating individudal 3 - b5de01cfa9e09ec3. Mean loss in evaluation epoch: 0.37390637397766113, epochs needed: 40
evaluating individudal 4 - f1dbc2cc8cc550a5. Mean loss in evaluation epoch: 0.37810561060905457, epochs needed: 40
evaluating individudal 5 - 3ff392c7ed1e2840. Mean loss in evaluation epoch: 0.3742198646068573, epochs needed: 40
evaluating individudal 6 - b80179ef1944d092. Mean loss in evaluation epoch: 0.3741523027420044, epochs needed: 40
evaluating individudal 7 - f23124421c53395b. Mean loss in evaluation epoch: 0.37527820467948914, epochs needed: 40
Round 9 done. -----------------------------------------
------------------------- TRACKING ---------------------------
Matrix Hash: 0723916002b34110, num_times_seen_before: 3
ACC: 0.4444444444444444
TPR/FPR: 0.4375, 0.5517241379310345
Loss: 0.37119871377944946
Timestamp: 431.2087509189996
---------------------------------------------------------------
evaluating individudal 0 - fc76343795e325d0. Mean loss in evaluation epoch: 0.38554999232292175, epochs needed: 40
evaluating individudal 1 - f70febe7ec98bc12. Mean loss in evaluation epoch: 0.38245847821235657, epochs needed: 40
evaluating individudal 2 - b2c38f4594b33a02. Mean loss in evaluation epoch: 0.3754104673862457, epochs needed: 40
evaluating individudal 3 - 06def33a9586e45e. Mean loss in evaluation epoch: 0.3773868680000305, epochs needed: 40
evaluating individudal 4 - c2efa12d7264e7c6. Mean loss in evaluation epoch: 0.3875488340854645, epochs needed: 40
evaluating individudal 5 - a2429203e6718698. Mean loss in evaluation epoch: 0.3745674788951874, epochs needed: 40
evaluating individudal 6 - 18aa2efac5de67df. Mean loss in evaluation epoch: 0.3770800232887268, epochs needed: 40
evaluating individudal 7 - 4e7ba843ec691956. Mean loss in evaluation epoch: 0.37728413939476013, epochs needed: 40
evaluating individudal 8 - e7146c89207b1188. Mean loss in evaluation epoch: 0.38161882758140564, epochs needed: 40
evaluating individudal 9 - 84102129a3ac831f. Mean loss in evaluation epoch: 0.3772505223751068, epochs needed: 40
evaluating individudal 10 - 75ea8af50a1b2039. Mean loss in evaluation epoch: 0.3828596770763397, epochs needed: 40
evaluating individudal 11 - e1ea03072f256cf4. Mean loss in evaluation epoch: 0.3748985230922699, epochs needed: 40
evaluating individudal 12 - 0516e4d56c8aca97. Mean loss in evaluation epoch: 0.37995097041130066, epochs needed: 40
evaluating individudal 13 - 109c50bb1b68246d. Mean loss in evaluation epoch: 0.37593233585357666, epochs needed: 40
evaluating individudal 14 - 8fc3f9bb671ce730. Mean loss in evaluation epoch: 0.37833231687545776, epochs needed: 40
evaluating individudal 15 - 1124d27cf2dbcd65. Mean loss in evaluation epoch: 0.3791067600250244, epochs needed: 40
evaluating individudal 0 - 0723916002b34110. Mean loss in evaluation epoch: 0.3717103898525238, epochs needed: 40
evaluating individudal 1 - 57311834f7fce554. Mean loss in evaluation epoch: 0.3736414909362793, epochs needed: 40
evaluating individudal 2 - f0629f5b18a65225. Mean loss in evaluation epoch: 0.3734396994113922, epochs needed: 40
evaluating individudal 3 - 5e72d4f3f318b8a8. Mean loss in evaluation epoch: 0.3777204155921936, epochs needed: 40
evaluating individudal 4 - 79640c98fa89cd5a. Mean loss in evaluation epoch: 0.3741433024406433, epochs needed: 40
evaluating individudal 5 - c964e3c69b051234. Mean loss in evaluation epoch: 0.3714015483856201, epochs needed: 40
evaluating individudal 6 - 4a7e2fdf1ad0a890. Mean loss in evaluation epoch: 0.37429627776145935, epochs needed: 40
evaluating individudal 7 - b5de01cfa9e09ec3. Mean loss in evaluation epoch: 0.37334346771240234, epochs needed: 40
Round 10 done. -----------------------------------------
------------------------- TRACKING ---------------------------
Matrix Hash: c964e3c69b051234, num_times_seen_before: 0
ACC: 0.4222222222222223
TPR/FPR: 0.5, 0.6206896551724138
Loss: 0.3714015483856201
Timestamp: 480.4308993249997
---------------------------------------------------------------
evaluating individudal 0 - 53aa969ab92163f4. Mean loss in evaluation epoch: 0.3778389096260071, epochs needed: 40
evaluating individudal 1 - 42277a4c6819b367. Mean loss in evaluation epoch: 0.3735567629337311, epochs needed: 40
evaluating individudal 2 - 036ed14851bc0427. Mean loss in evaluation epoch: 0.37590643763542175, epochs needed: 40
evaluating individudal 3 - 2db847211ba128af. Mean loss in evaluation epoch: 0.38033565878868103, epochs needed: 40
evaluating individudal 4 - 43ae51134e4471e7. Mean loss in evaluation epoch: 0.3864302635192871, epochs needed: 40
evaluating individudal 5 - 554841b70b5be6bf. Mean loss in evaluation epoch: 0.38449183106422424, epochs needed: 40
evaluating individudal 6 - 7c8974208ea70918. Mean loss in evaluation epoch: 0.37198156118392944, epochs needed: 40
evaluating individudal 7 - 066ce83264455fa2. Mean loss in evaluation epoch: 0.3767639994621277, epochs needed: 40
evaluating individudal 8 - 33df050fde8083da. Mean loss in evaluation epoch: 0.3765200972557068, epochs needed: 40
evaluating individudal 9 - f8f9c64e246609b8. Mean loss in evaluation epoch: 0.3732738196849823, epochs needed: 40
evaluating individudal 10 - 851bb819faf7b149. Mean loss in evaluation epoch: 0.3779635429382324, epochs needed: 40
evaluating individudal 11 - 55729cf4aeb13be7. Mean loss in evaluation epoch: 0.3850414454936981, epochs needed: 40
evaluating individudal 12 - 55cae7f5946853da. Mean loss in evaluation epoch: 0.3761434257030487, epochs needed: 40
evaluating individudal 13 - 1203deac2c18dc39. Mean loss in evaluation epoch: 0.37949636578559875, epochs needed: 40
evaluating individudal 14 - 088423948b4cfb0f. Mean loss in evaluation epoch: 0.3837760090827942, epochs needed: 40
evaluating individudal 15 - 0e8db7b21f8dbd04. Mean loss in evaluation epoch: 0.3825719654560089, epochs needed: 40
evaluating individudal 0 - c964e3c69b051234. Mean loss in evaluation epoch: 0.37197837233543396, epochs needed: 40
evaluating individudal 1 - 0723916002b34110. Mean loss in evaluation epoch: 0.37207794189453125, epochs needed: 40
evaluating individudal 2 - b5de01cfa9e09ec3. Mean loss in evaluation epoch: 0.3795924186706543, epochs needed: 40
evaluating individudal 3 - f0629f5b18a65225. Mean loss in evaluation epoch: 0.37349578738212585, epochs needed: 40
evaluating individudal 4 - 57311834f7fce554. Mean loss in evaluation epoch: 0.37268683314323425, epochs needed: 40
evaluating individudal 5 - 79640c98fa89cd5a. Mean loss in evaluation epoch: 0.37408247590065, epochs needed: 40
evaluating individudal 6 - 4a7e2fdf1ad0a890. Mean loss in evaluation epoch: 0.37353643774986267, epochs needed: 40
evaluating individudal 7 - a2429203e6718698. Mean loss in evaluation epoch: 0.374892920255661, epochs needed: 40
Round 11 done. -----------------------------------------
------------------------- TRACKING ---------------------------
Matrix Hash: c964e3c69b051234, num_times_seen_before: 1
ACC: 0.4222222222222223
TPR/FPR: 0.5, 0.6206896551724138
Loss: 0.37197837233543396
Timestamp: 532.9905359639997
---------------------------------------------------------------
evaluating individudal 0 - 6584a75457961d3a. Mean loss in evaluation epoch: 0.3732243478298187, epochs needed: 40
evaluating individudal 1 - 73961970d7cbce59. Mean loss in evaluation epoch: 0.3782752454280853, epochs needed: 40
evaluating individudal 2 - ee3970d6d3dd4704. Mean loss in evaluation epoch: 0.37929412722587585, epochs needed: 40
evaluating individudal 3 - ebfe88cddd1c16e6. Mean loss in evaluation epoch: 0.37559235095977783, epochs needed: 40
evaluating individudal 4 - c25860a4d487e12b. Mean loss in evaluation epoch: 0.3762335777282715, epochs needed: 40
evaluating individudal 5 - 3ebbcbd41f67893b. Mean loss in evaluation epoch: 0.3821239173412323, epochs needed: 40
evaluating individudal 6 - 5ce8eb8e3048e73c. Mean loss in evaluation epoch: 0.3779798150062561, epochs needed: 40
evaluating individudal 7 - 592d4292d4e9941e. Mean loss in evaluation epoch: 0.37944021821022034, epochs needed: 40
evaluating individudal 8 - 9bb48bd42de0d760. Mean loss in evaluation epoch: 0.37612804770469666, epochs needed: 40
evaluating individudal 9 - 2dcbdd20f616203f. Mean loss in evaluation epoch: 0.37896475195884705, epochs needed: 40
evaluating individudal 10 - d9b309f1f6b96a47. Mean loss in evaluation epoch: 0.38121435046195984, epochs needed: 40
evaluating individudal 11 - f6c33c9975d20713. Mean loss in evaluation epoch: 0.3779979348182678, epochs needed: 40
evaluating individudal 12 - 1ca9de5f8ed170e1. Mean loss in evaluation epoch: 0.3768359124660492, epochs needed: 40
evaluating individudal 13 - 8e0b06ba6b898a22. Mean loss in evaluation epoch: 0.37784165143966675, epochs needed: 40
evaluating individudal 14 - 768254c33ef7aa83. Mean loss in evaluation epoch: 0.37669968605041504, epochs needed: 40
evaluating individudal 15 - 88f22cd6163c5b1c. Mean loss in evaluation epoch: 0.3725449740886688, epochs needed: 40
evaluating individudal 0 - c964e3c69b051234. Mean loss in evaluation epoch: 0.37213245034217834, epochs needed: 40
evaluating individudal 1 - 7c8974208ea70918. Mean loss in evaluation epoch: 0.37252411246299744, epochs needed: 40
evaluating individudal 2 - 0723916002b34110. Mean loss in evaluation epoch: 0.37231606245040894, epochs needed: 40
evaluating individudal 3 - 57311834f7fce554. Mean loss in evaluation epoch: 0.37185755372047424, epochs needed: 40
evaluating individudal 4 - f8f9c64e246609b8. Mean loss in evaluation epoch: 0.3741275370121002, epochs needed: 40
evaluating individudal 5 - f0629f5b18a65225. Mean loss in evaluation epoch: 0.3723779618740082, epochs needed: 40
evaluating individudal 6 - 4a7e2fdf1ad0a890. Mean loss in evaluation epoch: 0.3753441870212555, epochs needed: 40
evaluating individudal 7 - 42277a4c6819b367. Mean loss in evaluation epoch: 0.374136358499527, epochs needed: 40
Round 12 done. -----------------------------------------
------------------------- TRACKING ---------------------------
Matrix Hash: 57311834f7fce554, num_times_seen_before: 0
ACC: 0.4
TPR/FPR: 0.5, 0.6551724137931034
Loss: 0.37185755372047424
Timestamp: 583.7228777169994
---------------------------------------------------------------
evaluating individudal 0 - 8b96015970136e4c. Mean loss in evaluation epoch: 0.3775969445705414, epochs needed: 40
evaluating individudal 1 - 1726982c734248a2. Mean loss in evaluation epoch: 0.38279059529304504, epochs needed: 40
evaluating individudal 2 - 1d42586841fabb40. Mean loss in evaluation epoch: 0.38446319103240967, epochs needed: 40
evaluating individudal 3 - 5beabac9c8a25bde. Mean loss in evaluation epoch: 0.379444420337677, epochs needed: 40
evaluating individudal 4 - 0d833cc9ff8a51d1. Mean loss in evaluation epoch: 0.3781001567840576, epochs needed: 40
evaluating individudal 5 - 940f07c4380cceb9. Mean loss in evaluation epoch: 0.37914276123046875, epochs needed: 40
evaluating individudal 6 - 94c630bdba607dce. Mean loss in evaluation epoch: 0.3775576651096344, epochs needed: 40
evaluating individudal 7 - 5c44e59d6126cf88. Mean loss in evaluation epoch: 0.3798659145832062, epochs needed: 40
evaluating individudal 8 - ad205be97647ddc7. Mean loss in evaluation epoch: 0.37619444727897644, epochs needed: 40
evaluating individudal 9 - 064f1cf51a6a654c. Mean loss in evaluation epoch: 0.37892329692840576, epochs needed: 40
evaluating individudal 10 - 3e3a4dc09977efdb. Mean loss in evaluation epoch: 0.3759058117866516, epochs needed: 40
evaluating individudal 11 - a00eee2c1fb987eb. Mean loss in evaluation epoch: 0.3795569837093353, epochs needed: 40
evaluating individudal 12 - 41f90cd0eec33843. Mean loss in evaluation epoch: 0.37774619460105896, epochs needed: 40
evaluating individudal 13 - 341f234a7b7fc43e. Mean loss in evaluation epoch: 0.3964134752750397, epochs needed: 40
evaluating individudal 14 - 88767a6d9f2cf6a2. Mean loss in evaluation epoch: 0.3821271061897278, epochs needed: 40
evaluating individudal 15 - 07ab61215ad73a7b. Mean loss in evaluation epoch: 0.38421908020973206, epochs needed: 40
evaluating individudal 0 - 57311834f7fce554. Mean loss in evaluation epoch: 0.37349364161491394, epochs needed: 40
evaluating individudal 1 - c964e3c69b051234. Mean loss in evaluation epoch: 0.3720444142818451, epochs needed: 40
evaluating individudal 2 - 0723916002b34110. Mean loss in evaluation epoch: 0.37345972657203674, epochs needed: 40
evaluating individudal 3 - f0629f5b18a65225. Mean loss in evaluation epoch: 0.37290987372398376, epochs needed: 40
evaluating individudal 4 - 7c8974208ea70918. Mean loss in evaluation epoch: 0.3715698719024658, epochs needed: 40
evaluating individudal 5 - 88f22cd6163c5b1c. Mean loss in evaluation epoch: 0.3729541301727295, epochs needed: 40
evaluating individudal 6 - 6584a75457961d3a. Mean loss in evaluation epoch: 0.3760063052177429, epochs needed: 40
evaluating individudal 7 - f8f9c64e246609b8. Mean loss in evaluation epoch: 0.37283509969711304, epochs needed: 40
Round 13 done. -----------------------------------------
------------------------- TRACKING ---------------------------
Matrix Hash: 7c8974208ea70918, num_times_seen_before: 0
ACC: 0.5333333333333333
TPR/FPR: 0.4375, 0.41379310344827586
Loss: 0.3715698719024658
Timestamp: 634.3019684780002
---------------------------------------------------------------
evaluating individudal 0 - 79868161b8c419af. Mean loss in evaluation epoch: 0.37661823630332947, epochs needed: 40
evaluating individudal 1 - d98e0a74fe5c86db. Mean loss in evaluation epoch: 0.38252100348472595, epochs needed: 40
evaluating individudal 2 - d79aaf858a691b93. Mean loss in evaluation epoch: 0.3780491054058075, epochs needed: 40
evaluating individudal 3 - ef7544f3309203f1. Mean loss in evaluation epoch: 0.3717443645000458, epochs needed: 40
evaluating individudal 4 - 7eb4b319931e9370. Mean loss in evaluation epoch: 0.3839575946331024, epochs needed: 40
evaluating individudal 5 - 6b05abc258e370aa. Mean loss in evaluation epoch: 0.38685882091522217, epochs needed: 40
evaluating individudal 6 - d577f73d41740b71. Mean loss in evaluation epoch: 0.37231507897377014, epochs needed: 40
evaluating individudal 7 - d88ae9b9810b5991. Mean loss in evaluation epoch: 0.37986767292022705, epochs needed: 40
evaluating individudal 8 - f082c66c89e3ee80. Mean loss in evaluation epoch: 0.37860503792762756, epochs needed: 40
evaluating individudal 9 - e3c7be47de412720. Mean loss in evaluation epoch: 0.3904849588871002, epochs needed: 40
evaluating individudal 10 - df07bd57fc614403. Mean loss in evaluation epoch: 0.37598592042922974, epochs needed: 40
evaluating individudal 11 - c8540b0022fdac83. Mean loss in evaluation epoch: 0.37599825859069824, epochs needed: 40
evaluating individudal 12 - 21488fa404b299b6. Mean loss in evaluation epoch: 0.37720099091529846, epochs needed: 40
evaluating individudal 13 - e110aba6b22e8d2c. Mean loss in evaluation epoch: 0.3742906153202057, epochs needed: 40
evaluating individudal 14 - 31f2f4049d07bfac. Mean loss in evaluation epoch: 0.3788766860961914, epochs needed: 40
evaluating individudal 15 - 816511e6acc6e3a7. Mean loss in evaluation epoch: 0.3891029357910156, epochs needed: 40
evaluating individudal 0 - 7c8974208ea70918. Mean loss in evaluation epoch: 0.3714892864227295, epochs needed: 40
evaluating individudal 1 - c964e3c69b051234. Mean loss in evaluation epoch: 0.37185150384902954, epochs needed: 40
evaluating individudal 2 - f8f9c64e246609b8. Mean loss in evaluation epoch: 0.37297606468200684, epochs needed: 40
evaluating individudal 3 - f0629f5b18a65225. Mean loss in evaluation epoch: 0.3742412030696869, epochs needed: 40
evaluating individudal 4 - 88f22cd6163c5b1c. Mean loss in evaluation epoch: 0.3739975094795227, epochs needed: 40
evaluating individudal 5 - 0723916002b34110. Mean loss in evaluation epoch: 0.3715839982032776, epochs needed: 40
evaluating individudal 6 - 57311834f7fce554. Mean loss in evaluation epoch: 0.3747277557849884, epochs needed: 40
evaluating individudal 7 - 3e3a4dc09977efdb. Mean loss in evaluation epoch: 0.3747834861278534, epochs needed: 40
Round 14 done. -----------------------------------------
------------------------- TRACKING ---------------------------
Matrix Hash: 7c8974208ea70918, num_times_seen_before: 1
ACC: 0.5333333333333333
TPR/FPR: 0.4375, 0.41379310344827586
Loss: 0.3714892864227295
Timestamp: 683.0044820889998
---------------------------------------------------------------
evaluating individudal 0 - 3e0e2f071febd515. Mean loss in evaluation epoch: 0.3807205855846405, epochs needed: 40
evaluating individudal 1 - 4c08798a600e78de. Mean loss in evaluation epoch: 0.3849566578865051, epochs needed: 40
evaluating individudal 2 - a9e1c8c09d4920a5. Mean loss in evaluation epoch: 0.3813207447528839, epochs needed: 40
evaluating individudal 3 - a41bc0279872d8ce. Mean loss in evaluation epoch: 0.38053038716316223, epochs needed: 40
evaluating individudal 4 - 6a92709f613f02a7. Mean loss in evaluation epoch: 0.3775121569633484, epochs needed: 40
evaluating individudal 5 - 3a71040ff9789d4f. Mean loss in evaluation epoch: 0.3827820420265198, epochs needed: 40
evaluating individudal 6 - 3f4f977116ecc94e. Mean loss in evaluation epoch: 0.3748230040073395, epochs needed: 40
evaluating individudal 7 - b17f6973cf786d70. Mean loss in evaluation epoch: 0.3737131655216217, epochs needed: 40
evaluating individudal 8 - d659aeeb1ec43d29. Mean loss in evaluation epoch: 0.38363227248191833, epochs needed: 40
evaluating individudal 9 - 3602984eaf72e40c. Mean loss in evaluation epoch: 0.37630313634872437, epochs needed: 40
evaluating individudal 10 - a1a71283f26dce09. Mean loss in evaluation epoch: 0.38302576541900635, epochs needed: 40
evaluating individudal 11 - 7a02b592b9f35ecf. Mean loss in evaluation epoch: 0.3733613193035126, epochs needed: 40
evaluating individudal 12 - a12bc2a2df39edf9. Mean loss in evaluation epoch: 0.38886648416519165, epochs needed: 40
evaluating individudal 13 - b3cd8b8bf9014e9f. Mean loss in evaluation epoch: 0.38193389773368835, epochs needed: 40
evaluating individudal 14 - 9d7c320d4b0166c8. Mean loss in evaluation epoch: 0.4171372354030609, epochs needed: 40
evaluating individudal 15 - ddc63734f57cf5a8. Mean loss in evaluation epoch: 0.37707778811454773, epochs needed: 40
evaluating individudal 0 - 7c8974208ea70918. Mean loss in evaluation epoch: 0.37376484274864197, epochs needed: 40
evaluating individudal 1 - 0723916002b34110. Mean loss in evaluation epoch: 0.3726916015148163, epochs needed: 40
evaluating individudal 2 - ef7544f3309203f1. Mean loss in evaluation epoch: 0.3730892837047577, epochs needed: 40
evaluating individudal 3 - c964e3c69b051234. Mean loss in evaluation epoch: 0.3716138005256653, epochs needed: 40
evaluating individudal 4 - d577f73d41740b71. Mean loss in evaluation epoch: 0.3717362582683563, epochs needed: 40
evaluating individudal 5 - f8f9c64e246609b8. Mean loss in evaluation epoch: 0.37369319796562195, epochs needed: 40
evaluating individudal 6 - 88f22cd6163c5b1c. Mean loss in evaluation epoch: 0.37264856696128845, epochs needed: 40
evaluating individudal 7 - f0629f5b18a65225. Mean loss in evaluation epoch: 0.37281641364097595, epochs needed: 40
Round 15 done. -----------------------------------------
------------------------- TRACKING ---------------------------
Matrix Hash: c964e3c69b051234, num_times_seen_before: 2
ACC: 0.4222222222222223
TPR/FPR: 0.5, 0.6206896551724138
Loss: 0.3716138005256653
Timestamp: 730.9534631790002
---------------------------------------------------------------
evaluating individudal 0 - e1a5a3d472ec2023. Mean loss in evaluation epoch: 0.37354016304016113, epochs needed: 40
evaluating individudal 1 - 65443dfe3c4fa2b9. Mean loss in evaluation epoch: 0.385532945394516, epochs needed: 40
evaluating individudal 2 - 1612bf89abddc772. Mean loss in evaluation epoch: 0.3809320032596588, epochs needed: 40
evaluating individudal 3 - 94ff32a94e2028ab. Mean loss in evaluation epoch: 0.37824705243110657, epochs needed: 40
evaluating individudal 4 - 598748c7aeabc25c. Mean loss in evaluation epoch: 0.38032475113868713, epochs needed: 40
evaluating individudal 5 - 5a6a25e35b100527. Mean loss in evaluation epoch: 0.3750455975532532, epochs needed: 40
evaluating individudal 6 - d179b36e8047d4b5. Mean loss in evaluation epoch: 0.37876978516578674, epochs needed: 40
evaluating individudal 7 - 7ab5972d4fd5e41c. Mean loss in evaluation epoch: 0.37566229701042175, epochs needed: 40
evaluating individudal 8 - 6d626f0ba1efe062. Mean loss in evaluation epoch: 0.3767862021923065, epochs needed: 40
evaluating individudal 9 - 512c1ca202b75b75. Mean loss in evaluation epoch: 0.3773023188114166, epochs needed: 40
evaluating individudal 10 - 21916f108bc8a989. Mean loss in evaluation epoch: 0.3803383409976959, epochs needed: 40
evaluating individudal 11 - b9ffd2ee2b21881e. Mean loss in evaluation epoch: 0.3770170211791992, epochs needed: 40
evaluating individudal 12 - 02d9bf9fa2dfdc11. Mean loss in evaluation epoch: 0.37823137640953064, epochs needed: 40
evaluating individudal 13 - e6bc07e76bcd2b02. Mean loss in evaluation epoch: 0.3806858956813812, epochs needed: 40
evaluating individudal 14 - 2c77504940560059. Mean loss in evaluation epoch: 0.37751370668411255, epochs needed: 40
evaluating individudal 15 - 057cf4c86d8e14d2. Mean loss in evaluation epoch: 0.37614214420318604, epochs needed: 40
evaluating individudal 0 - c964e3c69b051234. Mean loss in evaluation epoch: 0.3713279664516449, epochs needed: 40
evaluating individudal 1 - d577f73d41740b71. Mean loss in evaluation epoch: 0.37279725074768066, epochs needed: 40
evaluating individudal 2 - 88f22cd6163c5b1c. Mean loss in evaluation epoch: 0.373069703578949, epochs needed: 40
evaluating individudal 3 - 0723916002b34110. Mean loss in evaluation epoch: 0.37162768840789795, epochs needed: 40
evaluating individudal 4 - f0629f5b18a65225. Mean loss in evaluation epoch: 0.37268349528312683, epochs needed: 40
evaluating individudal 5 - ef7544f3309203f1. Mean loss in evaluation epoch: 0.3733621835708618, epochs needed: 40
evaluating individudal 6 - 7a02b592b9f35ecf. Mean loss in evaluation epoch: 0.37400326132774353, epochs needed: 40
evaluating individudal 7 - f8f9c64e246609b8. Mean loss in evaluation epoch: 0.372749388217926, epochs needed: 40
Round 16 done. -----------------------------------------
------------------------- TRACKING ---------------------------
Matrix Hash: c964e3c69b051234, num_times_seen_before: 3
ACC: 0.4222222222222223
TPR/FPR: 0.5, 0.6206896551724138
Loss: 0.3713279664516449
Timestamp: 781.9988939019995
---------------------------------------------------------------
evaluating individudal 0 - f5af7774e427c6a6. Mean loss in evaluation epoch: 0.3768807053565979, epochs needed: 40
evaluating individudal 1 - d9ecc8d6c35ab1c3. Mean loss in evaluation epoch: 0.3793450891971588, epochs needed: 40
evaluating individudal 2 - a5f486092ce53baa. Mean loss in evaluation epoch: 0.38349804282188416, epochs needed: 40
evaluating individudal 3 - f293f79e7e6f60d8. Mean loss in evaluation epoch: 0.37547191977500916, epochs needed: 40
evaluating individudal 4 - 4eb51673b668003e. Mean loss in evaluation epoch: 0.3764885365962982, epochs needed: 40
evaluating individudal 5 - 1b0cd47ba0b4d3d0. Mean loss in evaluation epoch: 0.37970277667045593, epochs needed: 40
evaluating individudal 6 - d62516583fa7690d. Mean loss in evaluation epoch: 0.386800616979599, epochs needed: 40
evaluating individudal 7 - 9321071f26f8086b. Mean loss in evaluation epoch: 0.37614870071411133, epochs needed: 40
evaluating individudal 8 - 65c998ef8b1483be. Mean loss in evaluation epoch: 0.37682780623435974, epochs needed: 40
evaluating individudal 9 - 57e99632a5bba2c7. Mean loss in evaluation epoch: 0.3781551420688629, epochs needed: 40
evaluating individudal 10 - 41538c0f476660df. Mean loss in evaluation epoch: 0.38336583971977234, epochs needed: 40
evaluating individudal 11 - 075f91e14f566585. Mean loss in evaluation epoch: 0.37961363792419434, epochs needed: 40
evaluating individudal 12 - 30a52cb6f815c15d. Mean loss in evaluation epoch: 0.38290128111839294, epochs needed: 40
evaluating individudal 13 - 2f91312c2da2dcf4. Mean loss in evaluation epoch: 0.3779046833515167, epochs needed: 40
evaluating individudal 14 - 41d2f547450ec30a. Mean loss in evaluation epoch: 0.38361024856567383, epochs needed: 40
evaluating individudal 15 - 40bf3fa33f764664. Mean loss in evaluation epoch: 0.3780995309352875, epochs needed: 40
evaluating individudal 0 - c964e3c69b051234. Mean loss in evaluation epoch: 0.37218746542930603, epochs needed: 40
evaluating individudal 1 - 0723916002b34110. Mean loss in evaluation epoch: 0.37205764651298523, epochs needed: 40
evaluating individudal 2 - f0629f5b18a65225. Mean loss in evaluation epoch: 0.37266960740089417, epochs needed: 40
evaluating individudal 3 - f8f9c64e246609b8. Mean loss in evaluation epoch: 0.3726668059825897, epochs needed: 40
evaluating individudal 4 - d577f73d41740b71. Mean loss in evaluation epoch: 0.3723340630531311, epochs needed: 40
evaluating individudal 5 - 88f22cd6163c5b1c. Mean loss in evaluation epoch: 0.37325990200042725, epochs needed: 40
evaluating individudal 6 - ef7544f3309203f1. Mean loss in evaluation epoch: 0.3721644878387451, epochs needed: 40
evaluating individudal 7 - e1a5a3d472ec2023. Mean loss in evaluation epoch: 0.37487611174583435, epochs needed: 40
Round 17 done. -----------------------------------------
------------------------- TRACKING ---------------------------
Matrix Hash: 0723916002b34110, num_times_seen_before: 4
ACC: 0.4444444444444444
TPR/FPR: 0.4375, 0.5517241379310345
Loss: 0.37205764651298523
Timestamp: 832.9429918309997
---------------------------------------------------------------
evaluating individudal 0 - 6575853ec01a8fb2. Mean loss in evaluation epoch: 0.3764132559299469, epochs needed: 40
evaluating individudal 1 - 6a4c1866563e2fc2. Mean loss in evaluation epoch: 0.379131942987442, epochs needed: 40
evaluating individudal 2 - 74913bf903ee2735. Mean loss in evaluation epoch: 0.37892624735832214, epochs needed: 40
evaluating individudal 3 - e419a4a6bed84cf7. Mean loss in evaluation epoch: 0.3764192759990692, epochs needed: 40
evaluating individudal 4 - 007eb86d21b5900a. Mean loss in evaluation epoch: 0.37332597374916077, epochs needed: 40
evaluating individudal 5 - 576ca7daf003bd85. Mean loss in evaluation epoch: 0.37408822774887085, epochs needed: 40
evaluating individudal 6 - c7899f228060cce0. Mean loss in evaluation epoch: 0.39549657702445984, epochs needed: 40
evaluating individudal 7 - 4be4ab284a4442ae. Mean loss in evaluation epoch: 0.37772220373153687, epochs needed: 40
evaluating individudal 8 - 38ecb1a8aaba4d26. Mean loss in evaluation epoch: 0.37459516525268555, epochs needed: 40
evaluating individudal 9 - e4159db8aff4c0f0. Mean loss in evaluation epoch: 0.37401339411735535, epochs needed: 40
evaluating individudal 10 - b9699e86f4254921. Mean loss in evaluation epoch: 0.3820055425167084, epochs needed: 40
evaluating individudal 11 - bf38e39818f03275. Mean loss in evaluation epoch: 0.3793843984603882, epochs needed: 40
evaluating individudal 12 - accfe9ae3fce68ef. Mean loss in evaluation epoch: 0.3789491355419159, epochs needed: 40
evaluating individudal 13 - a309812b4255d3c1. Mean loss in evaluation epoch: 0.38147255778312683, epochs needed: 40
evaluating individudal 14 - 4e259b9aa813d835. Mean loss in evaluation epoch: 0.3801632523536682, epochs needed: 40
evaluating individudal 15 - 4efbb2d9b373ec0c. Mean loss in evaluation epoch: 0.3804636597633362, epochs needed: 40
evaluating individudal 0 - 0723916002b34110. Mean loss in evaluation epoch: 0.3722888231277466, epochs needed: 40
evaluating individudal 1 - ef7544f3309203f1. Mean loss in evaluation epoch: 0.37217459082603455, epochs needed: 40
evaluating individudal 2 - c964e3c69b051234. Mean loss in evaluation epoch: 0.37247005105018616, epochs needed: 40
evaluating individudal 3 - d577f73d41740b71. Mean loss in evaluation epoch: 0.371927410364151, epochs needed: 40
evaluating individudal 4 - f8f9c64e246609b8. Mean loss in evaluation epoch: 0.37320244312286377, epochs needed: 40
evaluating individudal 5 - f0629f5b18a65225. Mean loss in evaluation epoch: 0.372806578874588, epochs needed: 40
evaluating individudal 6 - 88f22cd6163c5b1c. Mean loss in evaluation epoch: 0.3765586018562317, epochs needed: 40
evaluating individudal 7 - e1a5a3d472ec2023. Mean loss in evaluation epoch: 0.37368282675743103, epochs needed: 40
Round 18 done. -----------------------------------------
------------------------- TRACKING ---------------------------
Matrix Hash: d577f73d41740b71, num_times_seen_before: 0
ACC: 0.4666666666666667
TPR/FPR: 0.4375, 0.5172413793103449
Loss: 0.371927410364151
Timestamp: 882.1853250889999
---------------------------------------------------------------
evaluating individudal 0 - 6b8b770595c1afb2. Mean loss in evaluation epoch: 0.38643574714660645, epochs needed: 40
evaluating individudal 1 - e3655f74eacb488a. Mean loss in evaluation epoch: 0.37968429923057556, epochs needed: 40
evaluating individudal 2 - 5dc01b5127e876b7. Mean loss in evaluation epoch: 0.39109131693840027, epochs needed: 40
evaluating individudal 3 - 2af3606c76731e5a. Mean loss in evaluation epoch: 0.3724347651004791, epochs needed: 40
evaluating individudal 4 - 9e783819f1ea45f7. Mean loss in evaluation epoch: 0.38673654198646545, epochs needed: 40
evaluating individudal 5 - d4aa3a6b4087e401. Mean loss in evaluation epoch: 0.3819136619567871, epochs needed: 40
evaluating individudal 6 - f35b5a5c6c083c86. Mean loss in evaluation epoch: 0.37639132142066956, epochs needed: 40
evaluating individudal 7 - 5a4e5bdac0cafb03. Mean loss in evaluation epoch: 0.37857356667518616, epochs needed: 40
evaluating individudal 8 - 7250c2abf3b407f2. Mean loss in evaluation epoch: 0.37667784094810486, epochs needed: 40
evaluating individudal 9 - 5dc0f79261d74e5d. Mean loss in evaluation epoch: 0.3813217282295227, epochs needed: 40
evaluating individudal 10 - 1072ae432ffc8c8d. Mean loss in evaluation epoch: 0.3795502781867981, epochs needed: 40
evaluating individudal 11 - e9475e07b0bf5cd9. Mean loss in evaluation epoch: 0.38049349188804626, epochs needed: 40
evaluating individudal 12 - b17cbe2cb735fb23. Mean loss in evaluation epoch: 0.3740193545818329, epochs needed: 40
evaluating individudal 13 - a15c92e62dd72bdb. Mean loss in evaluation epoch: 0.38087931275367737, epochs needed: 40
evaluating individudal 14 - f5a4aaa62385c9bc. Mean loss in evaluation epoch: 0.3803749978542328, epochs needed: 40
evaluating individudal 15 - 35696e8d4b771762. Mean loss in evaluation epoch: 0.3791385591030121, epochs needed: 40
evaluating individudal 0 - d577f73d41740b71. Mean loss in evaluation epoch: 0.37211909890174866, epochs needed: 40
evaluating individudal 1 - ef7544f3309203f1. Mean loss in evaluation epoch: 0.37569889426231384, epochs needed: 40
evaluating individudal 2 - 0723916002b34110. Mean loss in evaluation epoch: 0.37361064553260803, epochs needed: 40
evaluating individudal 3 - c964e3c69b051234. Mean loss in evaluation epoch: 0.37201038002967834, epochs needed: 40
evaluating individudal 4 - f0629f5b18a65225. Mean loss in evaluation epoch: 0.3761274814605713, epochs needed: 40
evaluating individudal 5 - f8f9c64e246609b8. Mean loss in evaluation epoch: 0.3750666379928589, epochs needed: 40
evaluating individudal 6 - 007eb86d21b5900a. Mean loss in evaluation epoch: 0.37257620692253113, epochs needed: 40
evaluating individudal 7 - e1a5a3d472ec2023. Mean loss in evaluation epoch: 0.37364205718040466, epochs needed: 40
Round 19 done. -----------------------------------------
------------------------- TRACKING ---------------------------
Matrix Hash: c964e3c69b051234, num_times_seen_before: 4
ACC: 0.4222222222222223
TPR/FPR: 0.5, 0.6206896551724138
Loss: 0.37201038002967834
Timestamp: 931.5510904949997
---------------------------------------------------------------
evaluating individudal 0 - 7e6fa9ca63dbab73. Mean loss in evaluation epoch: 0.3755853474140167, epochs needed: 40
evaluating individudal 1 - c603d22404fb2153. Mean loss in evaluation epoch: 0.3801839351654053, epochs needed: 40
evaluating individudal 2 - ef724369cd9b0cc8. Mean loss in evaluation epoch: 0.37759557366371155, epochs needed: 40
evaluating individudal 3 - 1e2cc32a9a97b4a6. Mean loss in evaluation epoch: 0.37951600551605225, epochs needed: 40
evaluating individudal 4 - 7628c805d8dbf736. Mean loss in evaluation epoch: 0.3764720559120178, epochs needed: 40
evaluating individudal 5 - 762077c597bfb91f. Mean loss in evaluation epoch: 0.37332257628440857, epochs needed: 40
evaluating individudal 6 - 2e00a63f573f593f. Mean loss in evaluation epoch: 0.39719629287719727, epochs needed: 40
evaluating individudal 7 - 9b7ec49e52f68e9c. Mean loss in evaluation epoch: 0.38172101974487305, epochs needed: 40
evaluating individudal 8 - fbcaa8b4f18c137a. Mean loss in evaluation epoch: 0.37523913383483887, epochs needed: 40
evaluating individudal 9 - dbcee6791f4e5799. Mean loss in evaluation epoch: 0.37377414107322693, epochs needed: 40
evaluating individudal 10 - 3a9d2ed898a4f578. Mean loss in evaluation epoch: 0.3744299113750458, epochs needed: 40
evaluating individudal 11 - 9fa04db74b95670c. Mean loss in evaluation epoch: 0.37527379393577576, epochs needed: 40
evaluating individudal 12 - ad66451b995006de. Mean loss in evaluation epoch: 0.3790639340877533, epochs needed: 40
evaluating individudal 13 - cab0808e5c8d5e2e. Mean loss in evaluation epoch: 0.3773956000804901, epochs needed: 40
evaluating individudal 14 - e98c8c27936a4a4b. Mean loss in evaluation epoch: 0.381054162979126, epochs needed: 40
evaluating individudal 15 - 12ce60c41c040c80. Mean loss in evaluation epoch: 0.4012622833251953, epochs needed: 40
evaluating individudal 0 - c964e3c69b051234. Mean loss in evaluation epoch: 0.3712630867958069, epochs needed: 40
evaluating individudal 1 - d577f73d41740b71. Mean loss in evaluation epoch: 0.3715117871761322, epochs needed: 40
evaluating individudal 2 - 2af3606c76731e5a. Mean loss in evaluation epoch: 0.3726600706577301, epochs needed: 40
evaluating individudal 3 - 007eb86d21b5900a. Mean loss in evaluation epoch: 0.3726046085357666, epochs needed: 40
evaluating individudal 4 - 0723916002b34110. Mean loss in evaluation epoch: 0.3727351427078247, epochs needed: 40
evaluating individudal 5 - e1a5a3d472ec2023. Mean loss in evaluation epoch: 0.37363171577453613, epochs needed: 40
evaluating individudal 6 - b17cbe2cb735fb23. Mean loss in evaluation epoch: 0.37433356046676636, epochs needed: 40
evaluating individudal 7 - f8f9c64e246609b8. Mean loss in evaluation epoch: 0.37532883882522583, epochs needed: 40
Round 20 done. -----------------------------------------
------------------------- TRACKING ---------------------------
Matrix Hash: c964e3c69b051234, num_times_seen_before: 5
ACC: 0.4222222222222223
TPR/FPR: 0.5, 0.6206896551724138
Loss: 0.3712630867958069
Timestamp: 982.0124492929999
---------------------------------------------------------------
evaluating individudal 0 - 96fda046fbaf640b. Mean loss in evaluation epoch: 0.3755154311656952, epochs needed: 40
evaluating individudal 1 - 4ffdb6b167abea52. Mean loss in evaluation epoch: 0.37729334831237793, epochs needed: 40
evaluating individudal 2 - 9c4e0fa06a1af318. Mean loss in evaluation epoch: 0.3773413896560669, epochs needed: 40
evaluating individudal 3 - e1b53991b6a32731. Mean loss in evaluation epoch: 0.3741830289363861, epochs needed: 40
evaluating individudal 4 - d76aa5b99dc23827. Mean loss in evaluation epoch: 0.37393757700920105, epochs needed: 40
evaluating individudal 5 - 5f1aaefa1c7a2ad6. Mean loss in evaluation epoch: 0.377476304769516, epochs needed: 40
evaluating individudal 6 - b4b62b2a50033d4c. Mean loss in evaluation epoch: 0.37740659713745117, epochs needed: 40
evaluating individudal 7 - 21b8dac7edd4f905. Mean loss in evaluation epoch: 0.37957796454429626, epochs needed: 40
evaluating individudal 8 - 373fc1f2f4eea505. Mean loss in evaluation epoch: 0.38079023361206055, epochs needed: 40
evaluating individudal 9 - 21610f5b122981e3. Mean loss in evaluation epoch: 0.3798515498638153, epochs needed: 40
evaluating individudal 10 - 441cb8e462693dfa. Mean loss in evaluation epoch: 0.3756295144557953, epochs needed: 40
evaluating individudal 11 - 8b27dc6069eb41bd. Mean loss in evaluation epoch: 0.3778669834136963, epochs needed: 40
evaluating individudal 12 - e08cf48a4e46a234. Mean loss in evaluation epoch: 0.3801862895488739, epochs needed: 40
evaluating individudal 13 - 0a2936b49bb51509. Mean loss in evaluation epoch: 0.37476179003715515, epochs needed: 40
evaluating individudal 14 - 3ec8e7f50e845e82. Mean loss in evaluation epoch: 0.3767921030521393, epochs needed: 40
evaluating individudal 15 - 858bd643eec1fba0. Mean loss in evaluation epoch: 0.37980732321739197, epochs needed: 40
evaluating individudal 0 - c964e3c69b051234. Mean loss in evaluation epoch: 0.3712836802005768, epochs needed: 40
evaluating individudal 1 - d577f73d41740b71. Mean loss in evaluation epoch: 0.3736993074417114, epochs needed: 40
evaluating individudal 2 - 007eb86d21b5900a. Mean loss in evaluation epoch: 0.37298327684402466, epochs needed: 40
evaluating individudal 3 - 2af3606c76731e5a. Mean loss in evaluation epoch: 0.3750647008419037, epochs needed: 40
evaluating individudal 4 - 0723916002b34110. Mean loss in evaluation epoch: 0.37281081080436707, epochs needed: 40
evaluating individudal 5 - 762077c597bfb91f. Mean loss in evaluation epoch: 0.3740273416042328, epochs needed: 40
evaluating individudal 6 - e1a5a3d472ec2023. Mean loss in evaluation epoch: 0.3781542479991913, epochs needed: 40
evaluating individudal 7 - dbcee6791f4e5799. Mean loss in evaluation epoch: 0.3738323450088501, epochs needed: 40
Round 21 done. -----------------------------------------
------------------------- TRACKING ---------------------------
Matrix Hash: c964e3c69b051234, num_times_seen_before: 6
ACC: 0.4222222222222223
TPR/FPR: 0.5, 0.6206896551724138
Loss: 0.3712836802005768
Timestamp: 1032.7572287839994
---------------------------------------------------------------
evaluating individudal 0 - 3865f12b3e3df950. Mean loss in evaluation epoch: 0.37671351432800293, epochs needed: 40
evaluating individudal 1 - 0aca85ca7fa10dd6. Mean loss in evaluation epoch: 0.378544420003891, epochs needed: 40
evaluating individudal 2 - bee69ff8d6ce821f. Mean loss in evaluation epoch: 0.37942859530448914, epochs needed: 40
evaluating individudal 3 - d37a9af1c224ea58. Mean loss in evaluation epoch: 0.3846500515937805, epochs needed: 40
evaluating individudal 4 - 83fc09eb9c714eda. Mean loss in evaluation epoch: 0.3767949938774109, epochs needed: 40
evaluating individudal 5 - 7de78ebcc4b9a71e. Mean loss in evaluation epoch: 0.37854549288749695, epochs needed: 40
evaluating individudal 6 - e8931b6f7698dc98. Mean loss in evaluation epoch: 0.3855058550834656, epochs needed: 40
evaluating individudal 7 - c1d9e48ef253a5e3. Mean loss in evaluation epoch: 0.3821605443954468, epochs needed: 40
evaluating individudal 8 - 54e86109bc49c430. Mean loss in evaluation epoch: 0.37652555108070374, epochs needed: 40
evaluating individudal 9 - c8f5fb3d3b7aa3e8. Mean loss in evaluation epoch: 0.37602946162223816, epochs needed: 40
evaluating individudal 10 - c041b1b127406809. Mean loss in evaluation epoch: 0.3742859959602356, epochs needed: 40
evaluating individudal 11 - 138b1febdca7f69e. Mean loss in evaluation epoch: 0.3748749792575836, epochs needed: 40
evaluating individudal 12 - df9cb4878ea50d3f. Mean loss in evaluation epoch: 0.3810324966907501, epochs needed: 40
evaluating individudal 13 - 387181cd986ced68. Mean loss in evaluation epoch: 0.37637773156166077, epochs needed: 40
evaluating individudal 14 - 15a610c813050fc4. Mean loss in evaluation epoch: 0.37433767318725586, epochs needed: 40
evaluating individudal 15 - 4e8153f64475c3b0. Mean loss in evaluation epoch: 0.37626656889915466, epochs needed: 40
evaluating individudal 0 - c964e3c69b051234. Mean loss in evaluation epoch: 0.3711526393890381, epochs needed: 40
evaluating individudal 1 - 0723916002b34110. Mean loss in evaluation epoch: 0.37189623713493347, epochs needed: 40
evaluating individudal 2 - 007eb86d21b5900a. Mean loss in evaluation epoch: 0.3739328980445862, epochs needed: 40
evaluating individudal 3 - d577f73d41740b71. Mean loss in evaluation epoch: 0.37241706252098083, epochs needed: 40
evaluating individudal 4 - dbcee6791f4e5799. Mean loss in evaluation epoch: 0.37383875250816345, epochs needed: 40
evaluating individudal 5 - d76aa5b99dc23827. Mean loss in evaluation epoch: 0.37439653277397156, epochs needed: 40
evaluating individudal 6 - 762077c597bfb91f. Mean loss in evaluation epoch: 0.3742016851902008, epochs needed: 40
evaluating individudal 7 - e1b53991b6a32731. Mean loss in evaluation epoch: 0.3746631145477295, epochs needed: 40
Round 22 done. -----------------------------------------
------------------------- TRACKING ---------------------------
Matrix Hash: c964e3c69b051234, num_times_seen_before: 7
ACC: 0.4222222222222223
TPR/FPR: 0.5, 0.6206896551724138
Loss: 0.3711526393890381
Timestamp: 1081.4542085960002
---------------------------------------------------------------
evaluating individudal 0 - 4f6903f24c10e291. Mean loss in evaluation epoch: 0.3730389475822449, epochs needed: 40
evaluating individudal 1 - 74e179e03e98523e. Mean loss in evaluation epoch: 0.374983549118042, epochs needed: 40
evaluating individudal 2 - 039bc2fc0d619972. Mean loss in evaluation epoch: 0.3814414441585541, epochs needed: 40
evaluating individudal 3 - 4e5016bda4c90968. Mean loss in evaluation epoch: 0.37675172090530396, epochs needed: 40
evaluating individudal 4 - bfdc931efabb9fcc. Mean loss in evaluation epoch: 0.3789174258708954, epochs needed: 40
evaluating individudal 5 - 3f18d92b360338f7. Mean loss in evaluation epoch: 0.37531936168670654, epochs needed: 40
evaluating individudal 6 - fac04c4258964319. Mean loss in evaluation epoch: 0.3751971423625946, epochs needed: 40
evaluating individudal 7 - 9130faa894c7a7d6. Mean loss in evaluation epoch: 0.37375879287719727, epochs needed: 40
evaluating individudal 8 - 9c36b3a1d842dcf3. Mean loss in evaluation epoch: 0.37286052107810974, epochs needed: 40
evaluating individudal 9 - 9ff8fbb419ff89d8. Mean loss in evaluation epoch: 0.3774593472480774, epochs needed: 40
evaluating individudal 10 - 0d8427217a88adbe. Mean loss in evaluation epoch: 0.3740084767341614, epochs needed: 40
evaluating individudal 11 - 155c90ecee575e5e. Mean loss in evaluation epoch: 0.3741510510444641, epochs needed: 40
evaluating individudal 12 - 4129936d998c74ff. Mean loss in evaluation epoch: 0.3808075785636902, epochs needed: 40
evaluating individudal 13 - fb7b9f2c30d1728d. Mean loss in evaluation epoch: 0.37626662850379944, epochs needed: 40
evaluating individudal 14 - dc2ed77d6461381e. Mean loss in evaluation epoch: 0.37542256712913513, epochs needed: 40
evaluating individudal 15 - 8f1613a82c015aaa. Mean loss in evaluation epoch: 0.37381649017333984, epochs needed: 40
evaluating individudal 0 - c964e3c69b051234. Mean loss in evaluation epoch: 0.37219706177711487, epochs needed: 40
evaluating individudal 1 - 0723916002b34110. Mean loss in evaluation epoch: 0.37175697088241577, epochs needed: 40
evaluating individudal 2 - d577f73d41740b71. Mean loss in evaluation epoch: 0.37372517585754395, epochs needed: 40
evaluating individudal 3 - dbcee6791f4e5799. Mean loss in evaluation epoch: 0.3736386299133301, epochs needed: 40
evaluating individudal 4 - 007eb86d21b5900a. Mean loss in evaluation epoch: 0.3733333647251129, epochs needed: 40
evaluating individudal 5 - 762077c597bfb91f. Mean loss in evaluation epoch: 0.3734598159790039, epochs needed: 40
evaluating individudal 6 - c041b1b127406809. Mean loss in evaluation epoch: 0.37667760252952576, epochs needed: 40
evaluating individudal 7 - 15a610c813050fc4. Mean loss in evaluation epoch: 0.3743171691894531, epochs needed: 40
Round 23 done. -----------------------------------------
------------------------- TRACKING ---------------------------
Matrix Hash: 0723916002b34110, num_times_seen_before: 5
ACC: 0.4444444444444444
TPR/FPR: 0.4375, 0.5517241379310345
Loss: 0.37175697088241577
Timestamp: 1129.1115662390002
---------------------------------------------------------------
evaluating individudal 0 - cf1dfe3d17964350. Mean loss in evaluation epoch: 0.37797608971595764, epochs needed: 40
evaluating individudal 1 - 4ab2a8c06d08045c. Mean loss in evaluation epoch: 0.3772454559803009, epochs needed: 40
evaluating individudal 2 - 08f7e78fedca89fd. Mean loss in evaluation epoch: 0.3791724145412445, epochs needed: 40
evaluating individudal 3 - 64630a419363aa8c. Mean loss in evaluation epoch: 0.3766814172267914, epochs needed: 40
evaluating individudal 4 - 18b28e9f405b9d4f. Mean loss in evaluation epoch: 0.38001155853271484, epochs needed: 40
evaluating individudal 5 - 872b6813923d5670. Mean loss in evaluation epoch: 0.37945470213890076, epochs needed: 40
evaluating individudal 6 - 32eb442bc1b09f39. Mean loss in evaluation epoch: 0.3745931386947632, epochs needed: 40
evaluating individudal 7 - 87b9ad6b8e25d8df. Mean loss in evaluation epoch: 0.37778183817863464, epochs needed: 40
evaluating individudal 8 - 86ebb3fe7873dfb3. Mean loss in evaluation epoch: 0.37552666664123535, epochs needed: 40
evaluating individudal 9 - 1a6c62b81d9230ba. Mean loss in evaluation epoch: 0.37510430812835693, epochs needed: 40
evaluating individudal 10 - 2e6bc6723cc752f1. Mean loss in evaluation epoch: 0.3792664110660553, epochs needed: 40
evaluating individudal 11 - 4ed64e953d50e625. Mean loss in evaluation epoch: 0.3792986571788788, epochs needed: 40
evaluating individudal 12 - 27fa2cdb79d9a128. Mean loss in evaluation epoch: 0.3761930465698242, epochs needed: 40
evaluating individudal 13 - 5b9da0c094e4774c. Mean loss in evaluation epoch: 0.3755778670310974, epochs needed: 40
evaluating individudal 14 - 1da6c14e5033553a. Mean loss in evaluation epoch: 0.3860313892364502, epochs needed: 40
evaluating individudal 15 - 3906207229cdc666. Mean loss in evaluation epoch: 0.37815579771995544, epochs needed: 40
evaluating individudal 0 - 0723916002b34110. Mean loss in evaluation epoch: 0.3714492917060852, epochs needed: 40
evaluating individudal 1 - c964e3c69b051234. Mean loss in evaluation epoch: 0.3723066747188568, epochs needed: 40
evaluating individudal 2 - 9c36b3a1d842dcf3. Mean loss in evaluation epoch: 0.37296661734580994, epochs needed: 40
evaluating individudal 3 - 4f6903f24c10e291. Mean loss in evaluation epoch: 0.3735022246837616, epochs needed: 40
evaluating individudal 4 - 007eb86d21b5900a. Mean loss in evaluation epoch: 0.3726516664028168, epochs needed: 40
evaluating individudal 5 - 762077c597bfb91f. Mean loss in evaluation epoch: 0.3741466999053955, epochs needed: 40
evaluating individudal 6 - dbcee6791f4e5799. Mean loss in evaluation epoch: 0.376396507024765, epochs needed: 40
evaluating individudal 7 - d577f73d41740b71. Mean loss in evaluation epoch: 0.3716214895248413, epochs needed: 40
Round 24 done. -----------------------------------------
------------------------- TRACKING ---------------------------
Matrix Hash: 0723916002b34110, num_times_seen_before: 6
ACC: 0.4444444444444444
TPR/FPR: 0.4375, 0.5517241379310345
Loss: 0.3714492917060852
Timestamp: 1180.3075361929996
---------------------------------------------------------------
evaluating individudal 0 - d1aad2800147e38c. Mean loss in evaluation epoch: 0.3797982931137085, epochs needed: 40
evaluating individudal 1 - e2492c7fc5b20a1c. Mean loss in evaluation epoch: 0.3833204507827759, epochs needed: 40
evaluating individudal 2 - 96ca4c25216bd35f. Mean loss in evaluation epoch: 0.381784051656723, epochs needed: 40
evaluating individudal 3 - 5d9fdc38194de73e. Mean loss in evaluation epoch: 0.37406569719314575, epochs needed: 40
evaluating individudal 4 - 9fa661e18f592e7c. Mean loss in evaluation epoch: 0.3803841173648834, epochs needed: 40
evaluating individudal 5 - a82cc5888f207139. Mean loss in evaluation epoch: 0.37390148639678955, epochs needed: 40
evaluating individudal 6 - 2fc7078982250c0b. Mean loss in evaluation epoch: 0.3742384910583496, epochs needed: 40
evaluating individudal 7 - 8bbd6f175720d6b4. Mean loss in evaluation epoch: 0.37956687808036804, epochs needed: 40
evaluating individudal 8 - 912083131e11b132. Mean loss in evaluation epoch: 0.3755057156085968, epochs needed: 40
evaluating individudal 9 - 592f37ef24e54ea9. Mean loss in evaluation epoch: 0.376900851726532, epochs needed: 40
evaluating individudal 10 - 5bd03bd07a03ce5f. Mean loss in evaluation epoch: 0.3734373152256012, epochs needed: 40
evaluating individudal 11 - 91ad7ef81b16dc40. Mean loss in evaluation epoch: 0.38303837180137634, epochs needed: 40
evaluating individudal 12 - fc8fbd15c67d2a39. Mean loss in evaluation epoch: 0.37845492362976074, epochs needed: 40
evaluating individudal 13 - bc02b7e06487142d. Mean loss in evaluation epoch: 0.37580054998397827, epochs needed: 40
evaluating individudal 14 - d5bcdc06c49294d7. Mean loss in evaluation epoch: 0.38271552324295044, epochs needed: 40
evaluating individudal 15 - 62bd107b749e2bbb. Mean loss in evaluation epoch: 0.3908362090587616, epochs needed: 40
evaluating individudal 0 - 0723916002b34110. Mean loss in evaluation epoch: 0.37129732966423035, epochs needed: 40
evaluating individudal 1 - d577f73d41740b71. Mean loss in evaluation epoch: 0.3717208802700043, epochs needed: 40
evaluating individudal 2 - c964e3c69b051234. Mean loss in evaluation epoch: 0.37481507658958435, epochs needed: 40
evaluating individudal 3 - 007eb86d21b5900a. Mean loss in evaluation epoch: 0.37278327345848083, epochs needed: 40
evaluating individudal 4 - 9c36b3a1d842dcf3. Mean loss in evaluation epoch: 0.37335968017578125, epochs needed: 40
evaluating individudal 5 - 4f6903f24c10e291. Mean loss in evaluation epoch: 0.3770161271095276, epochs needed: 40
evaluating individudal 6 - 762077c597bfb91f. Mean loss in evaluation epoch: 0.3760131001472473, epochs needed: 40
evaluating individudal 7 - 32eb442bc1b09f39. Mean loss in evaluation epoch: 0.3752087652683258, epochs needed: 40
Round 25 done. -----------------------------------------
------------------------- TRACKING ---------------------------
Matrix Hash: 0723916002b34110, num_times_seen_before: 7
ACC: 0.4444444444444444
TPR/FPR: 0.4375, 0.5517241379310345
Loss: 0.37129732966423035
Timestamp: 1230.9804208199994
---------------------------------------------------------------
evaluating individudal 0 - 06c90f3097500f42. Mean loss in evaluation epoch: 0.38232421875, epochs needed: 40
evaluating individudal 1 - cc8fa63cb39f3b18. Mean loss in evaluation epoch: 0.38259968161582947, epochs needed: 40
evaluating individudal 2 - 3b79775ab9adf880. Mean loss in evaluation epoch: 0.37421807646751404, epochs needed: 40
evaluating individudal 3 - 104be4c2cc684ff2. Mean loss in evaluation epoch: 0.3801721930503845, epochs needed: 40
evaluating individudal 4 - ab79d5ae56577165. Mean loss in evaluation epoch: 0.3768605589866638, epochs needed: 40
evaluating individudal 5 - c3284c238c3ec3a4. Mean loss in evaluation epoch: 0.37776055932044983, epochs needed: 40
evaluating individudal 6 - 3bedcbea18528eec. Mean loss in evaluation epoch: 0.38017162680625916, epochs needed: 40
evaluating individudal 7 - b0ab5602dbf23f57. Mean loss in evaluation epoch: 0.3838767111301422, epochs needed: 40
evaluating individudal 8 - aa7584be984f5ad3. Mean loss in evaluation epoch: 0.37990787625312805, epochs needed: 40
evaluating individudal 9 - 650529cd3b7fbc23. Mean loss in evaluation epoch: 0.3795619308948517, epochs needed: 40
evaluating individudal 10 - c2ba84cc98e4270d. Mean loss in evaluation epoch: 0.3815127909183502, epochs needed: 40
evaluating individudal 11 - 2837e2aa3a41694d. Mean loss in evaluation epoch: 0.3812483847141266, epochs needed: 40
evaluating individudal 12 - 3b8286c0a50794ce. Mean loss in evaluation epoch: 0.37996745109558105, epochs needed: 40
evaluating individudal 13 - 39ea31e1fbc4739e. Mean loss in evaluation epoch: 0.37885579466819763, epochs needed: 40
evaluating individudal 14 - cf5518967fcd8aca. Mean loss in evaluation epoch: 0.37221041321754456, epochs needed: 40
evaluating individudal 15 - 4c2aea991ee68f0f. Mean loss in evaluation epoch: 0.3765076994895935, epochs needed: 40
evaluating individudal 0 - 0723916002b34110. Mean loss in evaluation epoch: 0.3735346496105194, epochs needed: 40
evaluating individudal 1 - d577f73d41740b71. Mean loss in evaluation epoch: 0.3732881546020508, epochs needed: 40
evaluating individudal 2 - 007eb86d21b5900a. Mean loss in evaluation epoch: 0.3724989593029022, epochs needed: 40
evaluating individudal 3 - 9c36b3a1d842dcf3. Mean loss in evaluation epoch: 0.3730792701244354, epochs needed: 40
evaluating individudal 4 - 5bd03bd07a03ce5f. Mean loss in evaluation epoch: 0.37386205792427063, epochs needed: 40
evaluating individudal 5 - a82cc5888f207139. Mean loss in evaluation epoch: 0.3748481869697571, epochs needed: 40
evaluating individudal 6 - 5d9fdc38194de73e. Mean loss in evaluation epoch: 0.376446932554245, epochs needed: 40
evaluating individudal 7 - 2fc7078982250c0b. Mean loss in evaluation epoch: 0.3753868341445923, epochs needed: 40
Round 26 done. -----------------------------------------
------------------------- TRACKING ---------------------------
Matrix Hash: cf5518967fcd8aca, num_times_seen_before: 0
ACC: 0.4666666666666667
TPR/FPR: 0.5625, 0.5862068965517241
Loss: 0.37221041321754456
Timestamp: 1280.1535638220003
---------------------------------------------------------------
evaluating individudal 0 - 94726dc4622dcc76. Mean loss in evaluation epoch: 0.3769964873790741, epochs needed: 40
evaluating individudal 1 - 0e1d4e674fff36a6. Mean loss in evaluation epoch: 0.3766877353191376, epochs needed: 40
evaluating individudal 2 - d580ea6ff00fc3ea. Mean loss in evaluation epoch: 0.3779684603214264, epochs needed: 40
evaluating individudal 3 - 0a88519f0fb7ce25. Mean loss in evaluation epoch: 0.386040061712265, epochs needed: 40
evaluating individudal 4 - 855ea80bfedbc224. Mean loss in evaluation epoch: 0.3809778690338135, epochs needed: 40
evaluating individudal 5 - f050aef8b8de00a8. Mean loss in evaluation epoch: 0.37270820140838623, epochs needed: 40
evaluating individudal 6 - 19be854b3e16ef40. Mean loss in evaluation epoch: 0.3895944654941559, epochs needed: 40
evaluating individudal 7 - dd6f3f66a791af6b. Mean loss in evaluation epoch: 0.3742443025112152, epochs needed: 40
evaluating individudal 8 - 485cd86283c98e90. Mean loss in evaluation epoch: 0.37295034527778625, epochs needed: 40
evaluating individudal 9 - a0b136cbf7e7a13c. Mean loss in evaluation epoch: 0.37970730662345886, epochs needed: 40
evaluating individudal 10 - 63dd7fe126c8e9b3. Mean loss in evaluation epoch: 0.3762974739074707, epochs needed: 40
evaluating individudal 11 - 8c41a070c7be39be. Mean loss in evaluation epoch: 0.3769916296005249, epochs needed: 40
evaluating individudal 12 - d97e8333d534ec3c. Mean loss in evaluation epoch: 0.3781757354736328, epochs needed: 40
evaluating individudal 13 - 85031a3749d797d3. Mean loss in evaluation epoch: 0.37957021594047546, epochs needed: 40
evaluating individudal 14 - 6ca0ac8038bc5a1b. Mean loss in evaluation epoch: 0.3766389787197113, epochs needed: 40
evaluating individudal 15 - de3db3af220f93e4. Mean loss in evaluation epoch: 0.3896283805370331, epochs needed: 40
evaluating individudal 0 - cf5518967fcd8aca. Mean loss in evaluation epoch: 0.3728844225406647, epochs needed: 40
evaluating individudal 1 - 007eb86d21b5900a. Mean loss in evaluation epoch: 0.37701576948165894, epochs needed: 40
evaluating individudal 2 - 9c36b3a1d842dcf3. Mean loss in evaluation epoch: 0.3724498748779297, epochs needed: 40
evaluating individudal 3 - d577f73d41740b71. Mean loss in evaluation epoch: 0.3717438876628876, epochs needed: 40
evaluating individudal 4 - 0723916002b34110. Mean loss in evaluation epoch: 0.37284448742866516, epochs needed: 40
evaluating individudal 5 - 5bd03bd07a03ce5f. Mean loss in evaluation epoch: 0.3750903606414795, epochs needed: 40
evaluating individudal 6 - 3b79775ab9adf880. Mean loss in evaluation epoch: 0.3742501437664032, epochs needed: 40
evaluating individudal 7 - a82cc5888f207139. Mean loss in evaluation epoch: 0.37433922290802, epochs needed: 40
Round 27 done. -----------------------------------------
------------------------- TRACKING ---------------------------
Matrix Hash: d577f73d41740b71, num_times_seen_before: 1
ACC: 0.4666666666666667
TPR/FPR: 0.4375, 0.5172413793103449
Loss: 0.3717438876628876
Timestamp: 1329.7123903559996
---------------------------------------------------------------
evaluating individudal 0 - 02a838d21c4394fd. Mean loss in evaluation epoch: 0.377780020236969, epochs needed: 40
evaluating individudal 1 - bfa5ed3b2148a285. Mean loss in evaluation epoch: 0.37796446681022644, epochs needed: 40
evaluating individudal 2 - afe188ce5da504e4. Mean loss in evaluation epoch: 0.37617918848991394, epochs needed: 40
evaluating individudal 3 - be73397fc2fdfbb2. Mean loss in evaluation epoch: 0.3790239691734314, epochs needed: 40
evaluating individudal 4 - 3242931d2df548da. Mean loss in evaluation epoch: 0.3768969476222992, epochs needed: 40
evaluating individudal 5 - 3e9be788af5f5f5e. Mean loss in evaluation epoch: 0.37550053000450134, epochs needed: 40
evaluating individudal 6 - 0a504daff5591cd4. Mean loss in evaluation epoch: 0.37863636016845703, epochs needed: 40
evaluating individudal 7 - 2b48b09d23cc64f7. Mean loss in evaluation epoch: 0.38264963030815125, epochs needed: 40
evaluating individudal 8 - 5e972cdf789093f9. Mean loss in evaluation epoch: 0.3744152784347534, epochs needed: 40
evaluating individudal 9 - 842c2112504151ff. Mean loss in evaluation epoch: 0.3781811594963074, epochs needed: 40
evaluating individudal 10 - e930684da1339ddb. Mean loss in evaluation epoch: 0.3792394697666168, epochs needed: 40
evaluating individudal 11 - 304837f307905f29. Mean loss in evaluation epoch: 0.37686988711357117, epochs needed: 40
evaluating individudal 12 - bcee4ecc6a957b7f. Mean loss in evaluation epoch: 0.37816596031188965, epochs needed: 40
evaluating individudal 13 - 20e9dc2811286500. Mean loss in evaluation epoch: 0.3815295398235321, epochs needed: 40
evaluating individudal 14 - f8349bb856b4c797. Mean loss in evaluation epoch: 0.3761318624019623, epochs needed: 40
evaluating individudal 15 - a9cd59dea7eff2d7. Mean loss in evaluation epoch: 0.3786753714084625, epochs needed: 40
evaluating individudal 0 - d577f73d41740b71. Mean loss in evaluation epoch: 0.37225770950317383, epochs needed: 40
evaluating individudal 1 - 9c36b3a1d842dcf3. Mean loss in evaluation epoch: 0.37321239709854126, epochs needed: 40
evaluating individudal 2 - f050aef8b8de00a8. Mean loss in evaluation epoch: 0.3733460605144501, epochs needed: 40
evaluating individudal 3 - 0723916002b34110. Mean loss in evaluation epoch: 0.37202486395835876, epochs needed: 40
evaluating individudal 4 - cf5518967fcd8aca. Mean loss in evaluation epoch: 0.3725024461746216, epochs needed: 40
evaluating individudal 5 - 485cd86283c98e90. Mean loss in evaluation epoch: 0.3741157650947571, epochs needed: 40
evaluating individudal 6 - dd6f3f66a791af6b. Mean loss in evaluation epoch: 0.3747386932373047, epochs needed: 40
evaluating individudal 7 - 3b79775ab9adf880. Mean loss in evaluation epoch: 0.3745705187320709, epochs needed: 40
Round 28 done. -----------------------------------------
------------------------- TRACKING ---------------------------
Matrix Hash: 0723916002b34110, num_times_seen_before: 8
ACC: 0.4444444444444444
TPR/FPR: 0.4375, 0.5517241379310345
Loss: 0.37202486395835876
Timestamp: 1380.8393652309996
---------------------------------------------------------------
evaluating individudal 0 - 3106bd61a6ebe4f7. Mean loss in evaluation epoch: 0.37337175011634827, epochs needed: 40
evaluating individudal 1 - 11c92ce832960ded. Mean loss in evaluation epoch: 0.3750104308128357, epochs needed: 40
evaluating individudal 2 - e0f732a3129a9699. Mean loss in evaluation epoch: 0.3800424039363861, epochs needed: 40
evaluating individudal 3 - b6332aeb8dfa1294. Mean loss in evaluation epoch: 0.38032472133636475, epochs needed: 40
evaluating individudal 4 - 348af924d9d99b40. Mean loss in evaluation epoch: 0.3779592514038086, epochs needed: 40
evaluating individudal 5 - 949e685e252993fc. Mean loss in evaluation epoch: 0.37431442737579346, epochs needed: 40
evaluating individudal 6 - 9442fd866bb31f6a. Mean loss in evaluation epoch: 0.3759767711162567, epochs needed: 40
evaluating individudal 7 - 58364a0e189da039. Mean loss in evaluation epoch: 0.37548407912254333, epochs needed: 40
evaluating individudal 8 - 806796d98751b4d5. Mean loss in evaluation epoch: 0.37652072310447693, epochs needed: 40
evaluating individudal 9 - f1e07f3f1af04f25. Mean loss in evaluation epoch: 0.37424707412719727, epochs needed: 40
evaluating individudal 10 - 7c71f6f1d3a7b1e2. Mean loss in evaluation epoch: 0.37670597434043884, epochs needed: 40
evaluating individudal 11 - 2ceadf1f260a4e37. Mean loss in evaluation epoch: 0.3879541754722595, epochs needed: 40
evaluating individudal 12 - f519e60abffbc841. Mean loss in evaluation epoch: 0.3785039186477661, epochs needed: 40
evaluating individudal 13 - ff3f117a6f15bd38. Mean loss in evaluation epoch: 0.37856525182724, epochs needed: 40
evaluating individudal 14 - 74b98cded23235a7. Mean loss in evaluation epoch: 0.38385558128356934, epochs needed: 40
evaluating individudal 15 - d752a414c14b8ee2. Mean loss in evaluation epoch: 0.37852731347084045, epochs needed: 40
evaluating individudal 0 - 0723916002b34110. Mean loss in evaluation epoch: 0.3719894289970398, epochs needed: 40
evaluating individudal 1 - d577f73d41740b71. Mean loss in evaluation epoch: 0.3744213283061981, epochs needed: 40
evaluating individudal 2 - cf5518967fcd8aca. Mean loss in evaluation epoch: 0.37286874651908875, epochs needed: 40
evaluating individudal 3 - 9c36b3a1d842dcf3. Mean loss in evaluation epoch: 0.37453147768974304, epochs needed: 40
evaluating individudal 4 - f050aef8b8de00a8. Mean loss in evaluation epoch: 0.376486599445343, epochs needed: 40
evaluating individudal 5 - 485cd86283c98e90. Mean loss in evaluation epoch: 0.3730684816837311, epochs needed: 40
evaluating individudal 6 - 5e972cdf789093f9. Mean loss in evaluation epoch: 0.3750511109828949, epochs needed: 40
evaluating individudal 7 - 3b79775ab9adf880. Mean loss in evaluation epoch: 0.37509262561798096, epochs needed: 40
Round 29 done. -----------------------------------------
------------------------- TRACKING ---------------------------
Matrix Hash: 0723916002b34110, num_times_seen_before: 9
ACC: 0.4444444444444444
TPR/FPR: 0.4375, 0.5517241379310345
Loss: 0.3719894289970398
Timestamp: 1430.0065082789997
---------------------------------------------------------------
evaluating individudal 0 - 90ed1b3a734727c3. Mean loss in evaluation epoch: 0.37441781163215637, epochs needed: 40
evaluating individudal 1 - 91f93c78fb50601e. Mean loss in evaluation epoch: 0.3770245909690857, epochs needed: 40
evaluating individudal 2 - efcd22cf3f0a7664. Mean loss in evaluation epoch: 0.3935047686100006, epochs needed: 40
evaluating individudal 3 - b10e471facad0807. Mean loss in evaluation epoch: 0.3814403712749481, epochs needed: 40
evaluating individudal 4 - 29f063f57c1d5a6d. Mean loss in evaluation epoch: 0.37807953357696533, epochs needed: 40
evaluating individudal 5 - 946d322eb60429a9. Mean loss in evaluation epoch: 0.3808329701423645, epochs needed: 40
evaluating individudal 6 - e51b514ba8b53f37. Mean loss in evaluation epoch: 0.37835559248924255, epochs needed: 40
evaluating individudal 7 - 82b1b79b048312da. Mean loss in evaluation epoch: 0.37871047854423523, epochs needed: 40
evaluating individudal 8 - ceb0af2eb3fda71e. Mean loss in evaluation epoch: 0.3751769959926605, epochs needed: 40
evaluating individudal 9 - 2df0186011737713. Mean loss in evaluation epoch: 0.3780510425567627, epochs needed: 40
evaluating individudal 10 - d547e1d9e231002b. Mean loss in evaluation epoch: 0.37979236245155334, epochs needed: 40
evaluating individudal 11 - b8f46e7e845c4a17. Mean loss in evaluation epoch: 0.3928898870944977, epochs needed: 40
evaluating individudal 12 - b91571471c652f9f. Mean loss in evaluation epoch: 0.37742891907691956, epochs needed: 40
evaluating individudal 13 - b71fb64646337427. Mean loss in evaluation epoch: 0.3765765130519867, epochs needed: 40
evaluating individudal 14 - 99bc8242eb02c114. Mean loss in evaluation epoch: 0.3931431472301483, epochs needed: 40
evaluating individudal 15 - 2f46d810fbf2a0e0. Mean loss in evaluation epoch: 0.37416133284568787, epochs needed: 40
evaluating individudal 0 - 0723916002b34110. Mean loss in evaluation epoch: 0.3752005994319916, epochs needed: 40
evaluating individudal 1 - cf5518967fcd8aca. Mean loss in evaluation epoch: 0.37587982416152954, epochs needed: 40
evaluating individudal 2 - 485cd86283c98e90. Mean loss in evaluation epoch: 0.37245821952819824, epochs needed: 40
evaluating individudal 3 - 3106bd61a6ebe4f7. Mean loss in evaluation epoch: 0.3735855519771576, epochs needed: 40
evaluating individudal 4 - f1e07f3f1af04f25. Mean loss in evaluation epoch: 0.3740021884441376, epochs needed: 40
evaluating individudal 5 - 949e685e252993fc. Mean loss in evaluation epoch: 0.3734518885612488, epochs needed: 40
evaluating individudal 6 - d577f73d41740b71. Mean loss in evaluation epoch: 0.37184208631515503, epochs needed: 40
evaluating individudal 7 - 9c36b3a1d842dcf3. Mean loss in evaluation epoch: 0.3731381595134735, epochs needed: 40
------------------------- TRACKING ---------------------------
Matrix Hash: d577f73d41740b71, num_times_seen_before: 2
ACC: 0.4666666666666667
TPR/FPR: 0.4375, 0.5172413793103449
Loss: 0.37184208631515503
Timestamp: 1479.8520942200003
---------------------------------------------------------------
