num samples: 5000
NUM_TRAIN_SAMPLES: 4999
NUM_TRAIN_BATCHES: 50
NUM_TEST_SAMPLES: 4999
NUM_TEST_BATCHES: 50
BATCH_SIZE: 100
HIDDEN_SIZE: 128
NUM_DYN_EPOCHS: 60
IS_CONTINUOUS: False
USE_MAX: False
../data/final/netrd/SIS/timeseries_ba20_5k_0.1.pickle
../data/final/edges_ba20.pickle
CONTINUATION: False
CONT_ADDRESS: D:\Uni\BA\ColabOutputs\ba20\2020-12-10T22_50_22.113418
SEED: 0
NUM_DYN_EPOCHS: 60
NUM_DYN_EPOCHS_INIT: 60
DETECT_EARLY_CONVERGENCE: False
RESET_DYN_LEARNER_EVERY_NTH_GEN: 1
POP_SIZE: 8
NEWPOP_SIZE: 16
NUM_GEN: 20
USE_NODEWISE_EVALUATION: False
USE_EVALEPOCH_FOR_GUIDED_MUTATION: False
USE_DETERMINISTIC_EVAL: False
--------------------- Start training ------------------------
evaluating individudal 0 - bcfde9534d3bfd59. Mean loss in evaluation epoch: 0.324236124753952, epochs needed: 60
evaluating individudal 1 - e653c9d83091eaf2. Mean loss in evaluation epoch: 0.32499492168426514, epochs needed: 60
evaluating individudal 2 - 72f998262bbfe450. Mean loss in evaluation epoch: 0.324491947889328, epochs needed: 60
evaluating individudal 3 - 69390fc8c80db59e. Mean loss in evaluation epoch: 0.32440292835235596, epochs needed: 60
evaluating individudal 4 - 9b2d78cf0e6453cb. Mean loss in evaluation epoch: 0.3243384063243866, epochs needed: 60
evaluating individudal 5 - 6792c0317c2b3f18. Mean loss in evaluation epoch: 0.32529956102371216, epochs needed: 60
evaluating individudal 6 - 1571397118f4ddec. Mean loss in evaluation epoch: 0.3245570957660675, epochs needed: 60
evaluating individudal 7 - f7d7d55008e33627. Mean loss in evaluation epoch: 0.3240205943584442, epochs needed: 60
Round 0 done. -----------------------------------------
------------------------- TRACKING ---------------------------
Matrix Hash: f7d7d55008e33627, num_times_seen_before: 0
ACC: 0.4631578947368421
TPR/FPR: 0.4166666666666667, 0.525974025974026
Loss: 0.3240205943584442
Timestamp: 0
---------------------------------------------------------------
evaluating individudal 0 - a592b7415a96ca9f. Mean loss in evaluation epoch: 0.3218585252761841, epochs needed: 60
evaluating individudal 1 - 0aedd82711d1d2e6. Mean loss in evaluation epoch: 0.32249870896339417, epochs needed: 60
evaluating individudal 2 - f15c3578af4a3aa8. Mean loss in evaluation epoch: 0.3233720064163208, epochs needed: 60
evaluating individudal 3 - 5b1f93460fc6ff68. Mean loss in evaluation epoch: 0.320726603269577, epochs needed: 60
evaluating individudal 4 - 41fe7932e8cf66d3. Mean loss in evaluation epoch: 0.32121118903160095, epochs needed: 60
evaluating individudal 5 - 0dcf6200c6bfa022. Mean loss in evaluation epoch: 0.322233110666275, epochs needed: 60
evaluating individudal 6 - cc63cde701b80b32. Mean loss in evaluation epoch: 0.3218202590942383, epochs needed: 60
evaluating individudal 7 - 527716e844a38af4. Mean loss in evaluation epoch: 0.32130926847457886, epochs needed: 60
evaluating individudal 8 - b4ed419183059580. Mean loss in evaluation epoch: 0.31938645243644714, epochs needed: 60
evaluating individudal 9 - 3d8a30b27accc0e4. Mean loss in evaluation epoch: 0.3205796778202057, epochs needed: 60
evaluating individudal 10 - ccd1e34341f02b07. Mean loss in evaluation epoch: 0.3215273320674896, epochs needed: 60
evaluating individudal 11 - 6bc3f76de5a53b3a. Mean loss in evaluation epoch: 0.31976643204689026, epochs needed: 60
evaluating individudal 12 - 8821e3c616f13f91. Mean loss in evaluation epoch: 0.3222765624523163, epochs needed: 60
evaluating individudal 13 - fb7a0a854c3e0771. Mean loss in evaluation epoch: 0.32226797938346863, epochs needed: 60
evaluating individudal 14 - 2d4afcdcf783a492. Mean loss in evaluation epoch: 0.32182905077934265, epochs needed: 60
evaluating individudal 15 - 52e953a35b450257. Mean loss in evaluation epoch: 0.32131195068359375, epochs needed: 60
evaluating individudal 0 - bcfde9534d3bfd59. Mean loss in evaluation epoch: 0.3247740566730499, epochs needed: 60
evaluating individudal 1 - e653c9d83091eaf2. Mean loss in evaluation epoch: 0.3250500559806824, epochs needed: 60
evaluating individudal 2 - 72f998262bbfe450. Mean loss in evaluation epoch: 0.3243464231491089, epochs needed: 60
evaluating individudal 3 - 69390fc8c80db59e. Mean loss in evaluation epoch: 0.3244490623474121, epochs needed: 60
evaluating individudal 4 - 9b2d78cf0e6453cb. Mean loss in evaluation epoch: 0.32448798418045044, epochs needed: 60
evaluating individudal 5 - 6792c0317c2b3f18. Mean loss in evaluation epoch: 0.32521122694015503, epochs needed: 60
evaluating individudal 6 - 1571397118f4ddec. Mean loss in evaluation epoch: 0.3244155943393707, epochs needed: 60
evaluating individudal 7 - f7d7d55008e33627. Mean loss in evaluation epoch: 0.32443851232528687, epochs needed: 60
Round 1 done. -----------------------------------------
------------------------- TRACKING ---------------------------
Matrix Hash: b4ed419183059580, num_times_seen_before: 0
ACC: 0.4368421052631579
TPR/FPR: 0.5555555555555556, 0.5909090909090909
Loss: 0.31938645243644714
Timestamp: 369.243372146
---------------------------------------------------------------
evaluating individudal 0 - f559730eba3004ef. Mean loss in evaluation epoch: 0.32142385840415955, epochs needed: 60
evaluating individudal 1 - dfa4f87728e928b6. Mean loss in evaluation epoch: 0.31963038444519043, epochs needed: 60
evaluating individudal 2 - f3ac640579c66774. Mean loss in evaluation epoch: 0.3183642625808716, epochs needed: 60
evaluating individudal 3 - 188632e56c3cea2c. Mean loss in evaluation epoch: 0.31965917348861694, epochs needed: 60
evaluating individudal 4 - 7e25e4ed9b8808e9. Mean loss in evaluation epoch: 0.31878653168678284, epochs needed: 60
evaluating individudal 5 - 20d1d8874e059ab5. Mean loss in evaluation epoch: 0.31937289237976074, epochs needed: 60
evaluating individudal 6 - 5e6f82a94ece1c8c. Mean loss in evaluation epoch: 0.3195006251335144, epochs needed: 60
evaluating individudal 7 - 900d416df43dafc5. Mean loss in evaluation epoch: 0.3178630769252777, epochs needed: 60
evaluating individudal 8 - 91d0ca46abbca67e. Mean loss in evaluation epoch: 0.31949615478515625, epochs needed: 60
evaluating individudal 9 - 975a31367c3fb221. Mean loss in evaluation epoch: 0.3179827928543091, epochs needed: 60
evaluating individudal 10 - 313189887bb18253. Mean loss in evaluation epoch: 0.31867989897727966, epochs needed: 60
evaluating individudal 11 - 17a8e3ab76f5f6a6. Mean loss in evaluation epoch: 0.31954315304756165, epochs needed: 60
evaluating individudal 12 - f053e5165fda472a. Mean loss in evaluation epoch: 0.3191589117050171, epochs needed: 60
evaluating individudal 13 - b79ed7f0ce068dd3. Mean loss in evaluation epoch: 0.3186699151992798, epochs needed: 60
evaluating individudal 14 - 13f8633349c17607. Mean loss in evaluation epoch: 0.3191910982131958, epochs needed: 60
evaluating individudal 15 - bf4ef0861265829c. Mean loss in evaluation epoch: 0.3193455636501312, epochs needed: 60
evaluating individudal 0 - b4ed419183059580. Mean loss in evaluation epoch: 0.3203074634075165, epochs needed: 60
evaluating individudal 1 - 6bc3f76de5a53b3a. Mean loss in evaluation epoch: 0.3198603093624115, epochs needed: 60
evaluating individudal 2 - 3d8a30b27accc0e4. Mean loss in evaluation epoch: 0.32036280632019043, epochs needed: 60
evaluating individudal 3 - 5b1f93460fc6ff68. Mean loss in evaluation epoch: 0.32082152366638184, epochs needed: 60
evaluating individudal 4 - 41fe7932e8cf66d3. Mean loss in evaluation epoch: 0.32130417227745056, epochs needed: 60
evaluating individudal 5 - 527716e844a38af4. Mean loss in evaluation epoch: 0.3211086690425873, epochs needed: 60
evaluating individudal 6 - 52e953a35b450257. Mean loss in evaluation epoch: 0.32070568203926086, epochs needed: 60
evaluating individudal 7 - ccd1e34341f02b07. Mean loss in evaluation epoch: 0.32103803753852844, epochs needed: 60
Round 2 done. -----------------------------------------
------------------------- TRACKING ---------------------------
Matrix Hash: 900d416df43dafc5, num_times_seen_before: 0
ACC: 0.4842105263157894
TPR/FPR: 0.6388888888888888, 0.551948051948052
Loss: 0.3178630769252777
Timestamp: 737.756834774
---------------------------------------------------------------
evaluating individudal 0 - 8a7974cc4278edee. Mean loss in evaluation epoch: 0.31844115257263184, epochs needed: 60
evaluating individudal 1 - d50a73855d6a33cc. Mean loss in evaluation epoch: 0.320412814617157, epochs needed: 60
evaluating individudal 2 - e615f4a781aa5e1c. Mean loss in evaluation epoch: 0.31890907883644104, epochs needed: 60
evaluating individudal 3 - 0284a14390702d7f. Mean loss in evaluation epoch: 0.3186493515968323, epochs needed: 60
evaluating individudal 4 - f3e500aa375e4301. Mean loss in evaluation epoch: 0.3190585672855377, epochs needed: 60
evaluating individudal 5 - e1e5b3c5f459d299. Mean loss in evaluation epoch: 0.31941133737564087, epochs needed: 60
evaluating individudal 6 - 0db0a7bfa18ea12d. Mean loss in evaluation epoch: 0.31927454471588135, epochs needed: 60
evaluating individudal 7 - e26e6ebd164ff8c0. Mean loss in evaluation epoch: 0.3194994032382965, epochs needed: 60
evaluating individudal 8 - a9fb7593a6dc013e. Mean loss in evaluation epoch: 0.3194729685783386, epochs needed: 60
evaluating individudal 9 - 5575dfb4cefb0085. Mean loss in evaluation epoch: 0.3217581808567047, epochs needed: 60
evaluating individudal 10 - 5786df2e6c235f97. Mean loss in evaluation epoch: 0.3195585310459137, epochs needed: 60
evaluating individudal 11 - 7f7db87ed9290d63. Mean loss in evaluation epoch: 0.31865745782852173, epochs needed: 60
evaluating individudal 12 - 558afb11a2d5f741. Mean loss in evaluation epoch: 0.3199029564857483, epochs needed: 60
evaluating individudal 13 - 49b3b15043df6c77. Mean loss in evaluation epoch: 0.3201172649860382, epochs needed: 60
evaluating individudal 14 - f16a135c41b1e61e. Mean loss in evaluation epoch: 0.31966105103492737, epochs needed: 60
evaluating individudal 15 - 041ad402dd9b6aa6. Mean loss in evaluation epoch: 0.3204970359802246, epochs needed: 60
evaluating individudal 0 - 900d416df43dafc5. Mean loss in evaluation epoch: 0.317892462015152, epochs needed: 60
evaluating individudal 1 - 975a31367c3fb221. Mean loss in evaluation epoch: 0.3179917335510254, epochs needed: 60
evaluating individudal 2 - f3ac640579c66774. Mean loss in evaluation epoch: 0.3183761537075043, epochs needed: 60
evaluating individudal 3 - b79ed7f0ce068dd3. Mean loss in evaluation epoch: 0.318755567073822, epochs needed: 60
evaluating individudal 4 - 313189887bb18253. Mean loss in evaluation epoch: 0.31848910450935364, epochs needed: 60
evaluating individudal 5 - 7e25e4ed9b8808e9. Mean loss in evaluation epoch: 0.3189523220062256, epochs needed: 60
evaluating individudal 6 - f053e5165fda472a. Mean loss in evaluation epoch: 0.3193984925746918, epochs needed: 60
evaluating individudal 7 - 13f8633349c17607. Mean loss in evaluation epoch: 0.3195246458053589, epochs needed: 60
Round 3 done. -----------------------------------------
------------------------- TRACKING ---------------------------
Matrix Hash: 900d416df43dafc5, num_times_seen_before: 1
ACC: 0.4842105263157894
TPR/FPR: 0.6388888888888888, 0.551948051948052
Loss: 0.317892462015152
Timestamp: 1103.4265118389999
---------------------------------------------------------------
evaluating individudal 0 - 49f8b6a55ca9c258. Mean loss in evaluation epoch: 0.31828573346138, epochs needed: 60
evaluating individudal 1 - 8ec05e6191a428ac. Mean loss in evaluation epoch: 0.3195008933544159, epochs needed: 60
evaluating individudal 2 - cf7b83dbfdfd112b. Mean loss in evaluation epoch: 0.3180675804615021, epochs needed: 60
evaluating individudal 3 - c5814f38ca66b85b. Mean loss in evaluation epoch: 0.3193894028663635, epochs needed: 60
evaluating individudal 4 - 795a67be82fa339e. Mean loss in evaluation epoch: 0.3198127746582031, epochs needed: 60
evaluating individudal 5 - f444c5ee8587909a. Mean loss in evaluation epoch: 0.31927481293678284, epochs needed: 60
evaluating individudal 6 - 1a223f211ce1a8b5. Mean loss in evaluation epoch: 0.320035845041275, epochs needed: 60
evaluating individudal 7 - 859b1fc6f6951edb. Mean loss in evaluation epoch: 0.3185981512069702, epochs needed: 60
evaluating individudal 8 - 7f8f41e9bddaa248. Mean loss in evaluation epoch: 0.32017287611961365, epochs needed: 60
evaluating individudal 9 - c4e68c3f056efeed. Mean loss in evaluation epoch: 0.3188834488391876, epochs needed: 60
evaluating individudal 10 - 69a428f3c72dbcd4. Mean loss in evaluation epoch: 0.3175293207168579, epochs needed: 60
evaluating individudal 11 - 0f1606cb8a00c343. Mean loss in evaluation epoch: 0.3198913037776947, epochs needed: 60
evaluating individudal 12 - 8dd64986f460f6eb. Mean loss in evaluation epoch: 0.3187330961227417, epochs needed: 60
evaluating individudal 13 - 2c1012ead50e07a4. Mean loss in evaluation epoch: 0.31911641359329224, epochs needed: 60
evaluating individudal 14 - 9981d7275bbdf24e. Mean loss in evaluation epoch: 0.3182421326637268, epochs needed: 60
evaluating individudal 15 - 15ce194e1bb0acd2. Mean loss in evaluation epoch: 0.318801611661911, epochs needed: 60
evaluating individudal 0 - 900d416df43dafc5. Mean loss in evaluation epoch: 0.3183492124080658, epochs needed: 60
evaluating individudal 1 - 975a31367c3fb221. Mean loss in evaluation epoch: 0.31873637437820435, epochs needed: 60
evaluating individudal 2 - f3ac640579c66774. Mean loss in evaluation epoch: 0.3193184733390808, epochs needed: 60
evaluating individudal 3 - 8a7974cc4278edee. Mean loss in evaluation epoch: 0.3182235360145569, epochs needed: 60
evaluating individudal 4 - 313189887bb18253. Mean loss in evaluation epoch: 0.3188069462776184, epochs needed: 60
evaluating individudal 5 - 0284a14390702d7f. Mean loss in evaluation epoch: 0.31879663467407227, epochs needed: 60
evaluating individudal 6 - 7f7db87ed9290d63. Mean loss in evaluation epoch: 0.3182305693626404, epochs needed: 60
evaluating individudal 7 - b79ed7f0ce068dd3. Mean loss in evaluation epoch: 0.3193233907222748, epochs needed: 60
Round 4 done. -----------------------------------------
------------------------- TRACKING ---------------------------
Matrix Hash: 69a428f3c72dbcd4, num_times_seen_before: 0
ACC: 0.4526315789473684
TPR/FPR: 0.6388888888888888, 0.5909090909090909
Loss: 0.3175293207168579
Timestamp: 1460.949245696
---------------------------------------------------------------
evaluating individudal 0 - 5b537c52d688255c. Mean loss in evaluation epoch: 0.31970447301864624, epochs needed: 60
evaluating individudal 1 - e3e549e796e62992. Mean loss in evaluation epoch: 0.31873154640197754, epochs needed: 60
evaluating individudal 2 - 2d42bd912e40fd38. Mean loss in evaluation epoch: 0.3221605122089386, epochs needed: 60
evaluating individudal 3 - 7bca792c40d0e806. Mean loss in evaluation epoch: 0.31970733404159546, epochs needed: 60
evaluating individudal 4 - f415130c9bf89f40. Mean loss in evaluation epoch: 0.318637490272522, epochs needed: 60
evaluating individudal 5 - 696944dfbd9ac91f. Mean loss in evaluation epoch: 0.31895554065704346, epochs needed: 60
evaluating individudal 6 - 0012d71bea4f8dd1. Mean loss in evaluation epoch: 0.3218231797218323, epochs needed: 60
evaluating individudal 7 - c8e448e4bfc7871a. Mean loss in evaluation epoch: 0.31880468130111694, epochs needed: 60
evaluating individudal 8 - 154a94e2e924fad1. Mean loss in evaluation epoch: 0.320559024810791, epochs needed: 60
evaluating individudal 9 - e29c7f78b0e8fedb. Mean loss in evaluation epoch: 0.31913629174232483, epochs needed: 60
evaluating individudal 10 - 6a86741ca333a5cf. Mean loss in evaluation epoch: 0.31819814443588257, epochs needed: 60
evaluating individudal 11 - 7bec4c6c00e2d4dc. Mean loss in evaluation epoch: 0.31970933079719543, epochs needed: 60
evaluating individudal 12 - 035fd9505333bcd6. Mean loss in evaluation epoch: 0.3216657042503357, epochs needed: 60
evaluating individudal 13 - f1b62ee496bff273. Mean loss in evaluation epoch: 0.31813564896583557, epochs needed: 60
evaluating individudal 14 - 7f6053a76f9a059b. Mean loss in evaluation epoch: 0.31753847002983093, epochs needed: 60
evaluating individudal 15 - 586433ebcd31b045. Mean loss in evaluation epoch: 0.3204692006111145, epochs needed: 60
evaluating individudal 0 - 69a428f3c72dbcd4. Mean loss in evaluation epoch: 0.3183455467224121, epochs needed: 60
evaluating individudal 1 - cf7b83dbfdfd112b. Mean loss in evaluation epoch: 0.31838709115982056, epochs needed: 60
evaluating individudal 2 - 8a7974cc4278edee. Mean loss in evaluation epoch: 0.3181421458721161, epochs needed: 60
evaluating individudal 3 - 7f7db87ed9290d63. Mean loss in evaluation epoch: 0.3189106583595276, epochs needed: 60
evaluating individudal 4 - 9981d7275bbdf24e. Mean loss in evaluation epoch: 0.31862032413482666, epochs needed: 60
evaluating individudal 5 - 49f8b6a55ca9c258. Mean loss in evaluation epoch: 0.31857502460479736, epochs needed: 60
evaluating individudal 6 - 900d416df43dafc5. Mean loss in evaluation epoch: 0.3178863823413849, epochs needed: 60
evaluating individudal 7 - 859b1fc6f6951edb. Mean loss in evaluation epoch: 0.31938034296035767, epochs needed: 60
Round 5 done. -----------------------------------------
------------------------- TRACKING ---------------------------
Matrix Hash: 7f6053a76f9a059b, num_times_seen_before: 0
ACC: 0.6105263157894737
TPR/FPR: 0.9444444444444444, 0.4675324675324675
Loss: 0.31753847002983093
Timestamp: 1822.74891248
---------------------------------------------------------------
evaluating individudal 0 - 0891d9ef53c07c3b. Mean loss in evaluation epoch: 0.31744396686553955, epochs needed: 60
evaluating individudal 1 - 3e8d54b389a7656d. Mean loss in evaluation epoch: 0.31826815009117126, epochs needed: 60
evaluating individudal 2 - 847eab7d170c6c03. Mean loss in evaluation epoch: 0.3183010518550873, epochs needed: 60
evaluating individudal 3 - 470d58a238904bec. Mean loss in evaluation epoch: 0.3198895752429962, epochs needed: 60
evaluating individudal 4 - 9a7975a02ef326ff. Mean loss in evaluation epoch: 0.3190481960773468, epochs needed: 60
evaluating individudal 5 - 1b916af268eb0359. Mean loss in evaluation epoch: 0.31831857562065125, epochs needed: 60
evaluating individudal 6 - a3fa66c6600b4690. Mean loss in evaluation epoch: 0.3195539116859436, epochs needed: 60
evaluating individudal 7 - 8017f0cae12f2b9f. Mean loss in evaluation epoch: 0.3174772560596466, epochs needed: 60
evaluating individudal 8 - 026ca21c5410d6e3. Mean loss in evaluation epoch: 0.31721481680870056, epochs needed: 60
evaluating individudal 9 - cfd71ca738f07ee5. Mean loss in evaluation epoch: 0.31880342960357666, epochs needed: 60
evaluating individudal 10 - a6647d9be1b8564b. Mean loss in evaluation epoch: 0.319011390209198, epochs needed: 60
evaluating individudal 11 - 84bec4e533cb1420. Mean loss in evaluation epoch: 0.3177569806575775, epochs needed: 60
evaluating individudal 12 - a87e4d07583cd7fd. Mean loss in evaluation epoch: 0.3175658583641052, epochs needed: 60
evaluating individudal 13 - 6f34068ac19f46ac. Mean loss in evaluation epoch: 0.31779056787490845, epochs needed: 60
evaluating individudal 14 - 0e4c655a709d951a. Mean loss in evaluation epoch: 0.31746652722358704, epochs needed: 60
evaluating individudal 15 - 9587c38a8727272c. Mean loss in evaluation epoch: 0.319474995136261, epochs needed: 60
evaluating individudal 0 - 7f6053a76f9a059b. Mean loss in evaluation epoch: 0.3188881576061249, epochs needed: 60
evaluating individudal 1 - 900d416df43dafc5. Mean loss in evaluation epoch: 0.318791925907135, epochs needed: 60
evaluating individudal 2 - f1b62ee496bff273. Mean loss in evaluation epoch: 0.31844502687454224, epochs needed: 60
evaluating individudal 3 - 8a7974cc4278edee. Mean loss in evaluation epoch: 0.3184666633605957, epochs needed: 60
evaluating individudal 4 - 6a86741ca333a5cf. Mean loss in evaluation epoch: 0.3188802897930145, epochs needed: 60
evaluating individudal 5 - 69a428f3c72dbcd4. Mean loss in evaluation epoch: 0.31785935163497925, epochs needed: 60
evaluating individudal 6 - cf7b83dbfdfd112b. Mean loss in evaluation epoch: 0.31785571575164795, epochs needed: 60
evaluating individudal 7 - 49f8b6a55ca9c258. Mean loss in evaluation epoch: 0.3185376822948456, epochs needed: 60
Round 6 done. -----------------------------------------
------------------------- TRACKING ---------------------------
Matrix Hash: 026ca21c5410d6e3, num_times_seen_before: 0
ACC: 0.49473684210526314
TPR/FPR: 0.6944444444444444, 0.551948051948052
Loss: 0.31721481680870056
Timestamp: 2185.332733792
---------------------------------------------------------------
evaluating individudal 0 - 511e437dc5b7df29. Mean loss in evaluation epoch: 0.3206198811531067, epochs needed: 60
evaluating individudal 1 - 21cc2ba909efa66a. Mean loss in evaluation epoch: 0.31715819239616394, epochs needed: 60
evaluating individudal 2 - 308a705977c46ae4. Mean loss in evaluation epoch: 0.31926167011260986, epochs needed: 60
evaluating individudal 3 - 6d379785ed76e5fc. Mean loss in evaluation epoch: 0.319162517786026, epochs needed: 60
evaluating individudal 4 - 97f3e1f96eb2c210. Mean loss in evaluation epoch: 0.3217677175998688, epochs needed: 60
evaluating individudal 5 - cbcb997e406fa5c8. Mean loss in evaluation epoch: 0.3177964389324188, epochs needed: 60
evaluating individudal 6 - 2e9ce339ef33b3a4. Mean loss in evaluation epoch: 0.31911468505859375, epochs needed: 60
evaluating individudal 7 - 2517ec3a160f47a9. Mean loss in evaluation epoch: 0.3181893229484558, epochs needed: 60
evaluating individudal 8 - 2cff9587f4776d26. Mean loss in evaluation epoch: 0.318419873714447, epochs needed: 60
evaluating individudal 9 - 943f7a88ba313e71. Mean loss in evaluation epoch: 0.3213357925415039, epochs needed: 60
evaluating individudal 10 - 83671145e7c614dc. Mean loss in evaluation epoch: 0.3188819885253906, epochs needed: 60
evaluating individudal 11 - 47ed0742afa5e84d. Mean loss in evaluation epoch: 0.3213314116001129, epochs needed: 60
evaluating individudal 12 - 72dfa218722e56ac. Mean loss in evaluation epoch: 0.32005590200424194, epochs needed: 60
evaluating individudal 13 - b205049c09a91651. Mean loss in evaluation epoch: 0.31971728801727295, epochs needed: 60
evaluating individudal 14 - bd209b5725bd6648. Mean loss in evaluation epoch: 0.3238402009010315, epochs needed: 60
evaluating individudal 15 - d017dc48e5809bd5. Mean loss in evaluation epoch: 0.31875887513160706, epochs needed: 60
evaluating individudal 0 - 026ca21c5410d6e3. Mean loss in evaluation epoch: 0.3184208869934082, epochs needed: 60
evaluating individudal 1 - 0891d9ef53c07c3b. Mean loss in evaluation epoch: 0.31726741790771484, epochs needed: 60
evaluating individudal 2 - 0e4c655a709d951a. Mean loss in evaluation epoch: 0.31745073199272156, epochs needed: 60
evaluating individudal 3 - 8017f0cae12f2b9f. Mean loss in evaluation epoch: 0.3183292746543884, epochs needed: 60
evaluating individudal 4 - a87e4d07583cd7fd. Mean loss in evaluation epoch: 0.3187785744667053, epochs needed: 60
evaluating individudal 5 - 84bec4e533cb1420. Mean loss in evaluation epoch: 0.3184075653553009, epochs needed: 60
evaluating individudal 6 - 6f34068ac19f46ac. Mean loss in evaluation epoch: 0.31832122802734375, epochs needed: 60
evaluating individudal 7 - cf7b83dbfdfd112b. Mean loss in evaluation epoch: 0.3178783655166626, epochs needed: 60
Round 7 done. -----------------------------------------
------------------------- TRACKING ---------------------------
Matrix Hash: 21cc2ba909efa66a, num_times_seen_before: 0
ACC: 0.5736842105263158
TPR/FPR: 0.9166666666666666, 0.5064935064935064
Loss: 0.31715819239616394
Timestamp: 2545.599864848
---------------------------------------------------------------
evaluating individudal 0 - eceb517304dd1460. Mean loss in evaluation epoch: 0.31797343492507935, epochs needed: 60
evaluating individudal 1 - f08c49929c41ece7. Mean loss in evaluation epoch: 0.31903302669525146, epochs needed: 60
evaluating individudal 2 - ee27729ada9fc589. Mean loss in evaluation epoch: 0.31808409094810486, epochs needed: 60
evaluating individudal 3 - 4084e64aaca8e069. Mean loss in evaluation epoch: 0.3174282908439636, epochs needed: 60
evaluating individudal 4 - 7d049f91e8da1479. Mean loss in evaluation epoch: 0.318894624710083, epochs needed: 60
evaluating individudal 5 - a412070e0f063809. Mean loss in evaluation epoch: 0.31894218921661377, epochs needed: 60
evaluating individudal 6 - 98356cf49625e774. Mean loss in evaluation epoch: 0.3195055425167084, epochs needed: 60
evaluating individudal 7 - 192b210aece11a55. Mean loss in evaluation epoch: 0.3177046477794647, epochs needed: 60
evaluating individudal 8 - df37ae41f91c32dc. Mean loss in evaluation epoch: 0.3186503052711487, epochs needed: 60
evaluating individudal 9 - c5df343e78fd2186. Mean loss in evaluation epoch: 0.31734755635261536, epochs needed: 60
evaluating individudal 10 - ad7d09efea8c6a8e. Mean loss in evaluation epoch: 0.3188619613647461, epochs needed: 60
evaluating individudal 11 - 46c4dd541aed81f3. Mean loss in evaluation epoch: 0.31857144832611084, epochs needed: 60
evaluating individudal 12 - 822f9bfa1037fbb5. Mean loss in evaluation epoch: 0.3191753327846527, epochs needed: 60
evaluating individudal 13 - 9eef7cf0ad03e3f7. Mean loss in evaluation epoch: 0.3182622194290161, epochs needed: 60
evaluating individudal 14 - afb994c2e643511b. Mean loss in evaluation epoch: 0.318082332611084, epochs needed: 60
evaluating individudal 15 - 1499264362f2b774. Mean loss in evaluation epoch: 0.31782522797584534, epochs needed: 60
evaluating individudal 0 - 21cc2ba909efa66a. Mean loss in evaluation epoch: 0.3178085684776306, epochs needed: 60
evaluating individudal 1 - 0891d9ef53c07c3b. Mean loss in evaluation epoch: 0.3178976774215698, epochs needed: 60
evaluating individudal 2 - 0e4c655a709d951a. Mean loss in evaluation epoch: 0.31761565804481506, epochs needed: 60
evaluating individudal 3 - cbcb997e406fa5c8. Mean loss in evaluation epoch: 0.3195682168006897, epochs needed: 60
evaluating individudal 4 - cf7b83dbfdfd112b. Mean loss in evaluation epoch: 0.3189254403114319, epochs needed: 60
evaluating individudal 5 - 2517ec3a160f47a9. Mean loss in evaluation epoch: 0.31860679388046265, epochs needed: 60
evaluating individudal 6 - 6f34068ac19f46ac. Mean loss in evaluation epoch: 0.3184856176376343, epochs needed: 60
evaluating individudal 7 - 8017f0cae12f2b9f. Mean loss in evaluation epoch: 0.31802505254745483, epochs needed: 60
Round 8 done. -----------------------------------------
------------------------- TRACKING ---------------------------
Matrix Hash: c5df343e78fd2186, num_times_seen_before: 0
ACC: 0.6526315789473685
TPR/FPR: 0.8888888888888888, 0.4025974025974026
Loss: 0.31734755635261536
Timestamp: 2909.361933874
---------------------------------------------------------------
evaluating individudal 0 - 4899ad935c42606b. Mean loss in evaluation epoch: 0.3191295564174652, epochs needed: 60
evaluating individudal 1 - b96dac6d8aa1e6f6. Mean loss in evaluation epoch: 0.3189902901649475, epochs needed: 60
evaluating individudal 2 - 75e954c6bab112b8. Mean loss in evaluation epoch: 0.3194297254085541, epochs needed: 60
evaluating individudal 3 - c8c9f70cbf88ebcb. Mean loss in evaluation epoch: 0.31833669543266296, epochs needed: 60
evaluating individudal 4 - 3cde04bc9d7be95c. Mean loss in evaluation epoch: 0.31862419843673706, epochs needed: 60
evaluating individudal 5 - 50057ce84d5122e1. Mean loss in evaluation epoch: 0.31914129853248596, epochs needed: 60
evaluating individudal 6 - df0166c12d3bb917. Mean loss in evaluation epoch: 0.31889286637306213, epochs needed: 60
evaluating individudal 7 - 39e7e2c8418d3c80. Mean loss in evaluation epoch: 0.32202598452568054, epochs needed: 60
evaluating individudal 8 - a40e0bb473e262d8. Mean loss in evaluation epoch: 0.32073065638542175, epochs needed: 60
evaluating individudal 9 - ad18861d465bbc65. Mean loss in evaluation epoch: 0.32073134183883667, epochs needed: 60
evaluating individudal 10 - 54cdd1c1b86574f5. Mean loss in evaluation epoch: 0.3173080086708069, epochs needed: 60
evaluating individudal 11 - 54e6ef9f4b65429d. Mean loss in evaluation epoch: 0.3177023231983185, epochs needed: 60
evaluating individudal 12 - 9e78ee0b04fe4588. Mean loss in evaluation epoch: 0.31929996609687805, epochs needed: 60
evaluating individudal 13 - f104b22b5a4aa6a4. Mean loss in evaluation epoch: 0.3200381100177765, epochs needed: 60
evaluating individudal 14 - 8866f7a3aac4afe9. Mean loss in evaluation epoch: 0.3191674053668976, epochs needed: 60
evaluating individudal 15 - ac1e7c446502568e. Mean loss in evaluation epoch: 0.3186900019645691, epochs needed: 60
evaluating individudal 0 - c5df343e78fd2186. Mean loss in evaluation epoch: 0.3173474371433258, epochs needed: 60
evaluating individudal 1 - 4084e64aaca8e069. Mean loss in evaluation epoch: 0.3176648020744324, epochs needed: 60
evaluating individudal 2 - 0e4c655a709d951a. Mean loss in evaluation epoch: 0.31806403398513794, epochs needed: 60
evaluating individudal 3 - 192b210aece11a55. Mean loss in evaluation epoch: 0.3178534209728241, epochs needed: 60
evaluating individudal 4 - 21cc2ba909efa66a. Mean loss in evaluation epoch: 0.31741079688072205, epochs needed: 60
evaluating individudal 5 - 1499264362f2b774. Mean loss in evaluation epoch: 0.31805768609046936, epochs needed: 60
evaluating individudal 6 - 0891d9ef53c07c3b. Mean loss in evaluation epoch: 0.31737279891967773, epochs needed: 60
evaluating individudal 7 - eceb517304dd1460. Mean loss in evaluation epoch: 0.31745174527168274, epochs needed: 60
Round 9 done. -----------------------------------------
------------------------- TRACKING ---------------------------
Matrix Hash: 54cdd1c1b86574f5, num_times_seen_before: 0
ACC: 0.6842105263157895
TPR/FPR: 0.9444444444444444, 0.37662337662337664
Loss: 0.3173080086708069
Timestamp: 3276.9586259019998
---------------------------------------------------------------
evaluating individudal 0 - 431f986e70d0c243. Mean loss in evaluation epoch: 0.31827932596206665, epochs needed: 60
evaluating individudal 1 - eb15397a74174535. Mean loss in evaluation epoch: 0.3181973993778229, epochs needed: 60
evaluating individudal 2 - 849df6d3d21269b8. Mean loss in evaluation epoch: 0.3180982172489166, epochs needed: 60
evaluating individudal 3 - 0b9d258211515de6. Mean loss in evaluation epoch: 0.31929999589920044, epochs needed: 60
evaluating individudal 4 - 4e2ffdc137f9edeb. Mean loss in evaluation epoch: 0.3186540901660919, epochs needed: 60
evaluating individudal 5 - 149fb1fd69d2ee57. Mean loss in evaluation epoch: 0.3186640739440918, epochs needed: 60
evaluating individudal 6 - b274f509b38397a7. Mean loss in evaluation epoch: 0.3165663778781891, epochs needed: 60
evaluating individudal 7 - df97bac30ed7010d. Mean loss in evaluation epoch: 0.31828388571739197, epochs needed: 60
evaluating individudal 8 - dfd5dddde3995fec. Mean loss in evaluation epoch: 0.3163245618343353, epochs needed: 60
evaluating individudal 9 - 0c10db42362bf05e. Mean loss in evaluation epoch: 0.3200281858444214, epochs needed: 60
evaluating individudal 10 - c2ef8a4343689dc5. Mean loss in evaluation epoch: 0.3180028796195984, epochs needed: 60
evaluating individudal 11 - 2b32dbdaade2cc94. Mean loss in evaluation epoch: 0.31639575958251953, epochs needed: 60
evaluating individudal 12 - df4e6b32fa969d2d. Mean loss in evaluation epoch: 0.3185805678367615, epochs needed: 60
evaluating individudal 13 - ac5cae44d3adaa87. Mean loss in evaluation epoch: 0.32002487778663635, epochs needed: 60
evaluating individudal 14 - 7cf3297ce19432e9. Mean loss in evaluation epoch: 0.3178761601448059, epochs needed: 60
evaluating individudal 15 - 9cb6c31746bcaa0c. Mean loss in evaluation epoch: 0.31858572363853455, epochs needed: 60
evaluating individudal 0 - 54cdd1c1b86574f5. Mean loss in evaluation epoch: 0.31816768646240234, epochs needed: 60
evaluating individudal 1 - c5df343e78fd2186. Mean loss in evaluation epoch: 0.3175063729286194, epochs needed: 60
evaluating individudal 2 - 0891d9ef53c07c3b. Mean loss in evaluation epoch: 0.317400723695755, epochs needed: 60
evaluating individudal 3 - 21cc2ba909efa66a. Mean loss in evaluation epoch: 0.3173612356185913, epochs needed: 60
evaluating individudal 4 - eceb517304dd1460. Mean loss in evaluation epoch: 0.3172072172164917, epochs needed: 60
evaluating individudal 5 - 4084e64aaca8e069. Mean loss in evaluation epoch: 0.3175502419471741, epochs needed: 60
evaluating individudal 6 - 54e6ef9f4b65429d. Mean loss in evaluation epoch: 0.3176296651363373, epochs needed: 60
evaluating individudal 7 - 192b210aece11a55. Mean loss in evaluation epoch: 0.31762099266052246, epochs needed: 60
Round 10 done. -----------------------------------------
------------------------- TRACKING ---------------------------
Matrix Hash: dfd5dddde3995fec, num_times_seen_before: 0
ACC: 0.7157894736842105
TPR/FPR: 0.9166666666666666, 0.33116883116883117
Loss: 0.3163245618343353
Timestamp: 3649.365464683
---------------------------------------------------------------
evaluating individudal 0 - 83172e8aaf484194. Mean loss in evaluation epoch: 0.3184725046157837, epochs needed: 60
evaluating individudal 1 - fc9912cade1ee812. Mean loss in evaluation epoch: 0.3175724446773529, epochs needed: 60
evaluating individudal 2 - 0668f41630fee168. Mean loss in evaluation epoch: 0.31794604659080505, epochs needed: 60
evaluating individudal 3 - 355e92b4564a6b6c. Mean loss in evaluation epoch: 0.31684058904647827, epochs needed: 60
evaluating individudal 4 - ad094ad7ed36f4df. Mean loss in evaluation epoch: 0.3194461464881897, epochs needed: 60
evaluating individudal 5 - da0a7847615b31fa. Mean loss in evaluation epoch: 0.3178679049015045, epochs needed: 60
evaluating individudal 6 - 6c86ca3a08922692. Mean loss in evaluation epoch: 0.31817683577537537, epochs needed: 60
evaluating individudal 7 - e1688bfd33fd9f9f. Mean loss in evaluation epoch: 0.31703901290893555, epochs needed: 60
evaluating individudal 8 - aabb2982bdc0677a. Mean loss in evaluation epoch: 0.31703799962997437, epochs needed: 60
evaluating individudal 9 - 75b766a1d9e06f69. Mean loss in evaluation epoch: 0.3181816339492798, epochs needed: 60
evaluating individudal 10 - 5e8a56b3f5c9f0cb. Mean loss in evaluation epoch: 0.3193962275981903, epochs needed: 60
evaluating individudal 11 - e306d96d50e18aab. Mean loss in evaluation epoch: 0.3168543577194214, epochs needed: 60
evaluating individudal 12 - ecd32c042d3e64d3. Mean loss in evaluation epoch: 0.31708019971847534, epochs needed: 60
evaluating individudal 13 - 530cfee7a62ac594. Mean loss in evaluation epoch: 0.31757649779319763, epochs needed: 60
evaluating individudal 14 - b8f827fd18fc8a2a. Mean loss in evaluation epoch: 0.31778502464294434, epochs needed: 60
evaluating individudal 15 - 2cfce6e1207b8603. Mean loss in evaluation epoch: 0.317731112241745, epochs needed: 60
evaluating individudal 0 - dfd5dddde3995fec. Mean loss in evaluation epoch: 0.3159584105014801, epochs needed: 60
evaluating individudal 1 - 2b32dbdaade2cc94. Mean loss in evaluation epoch: 0.31615835428237915, epochs needed: 60
evaluating individudal 2 - b274f509b38397a7. Mean loss in evaluation epoch: 0.3167232573032379, epochs needed: 60
evaluating individudal 3 - eceb517304dd1460. Mean loss in evaluation epoch: 0.3179340362548828, epochs needed: 60
evaluating individudal 4 - 21cc2ba909efa66a. Mean loss in evaluation epoch: 0.31804370880126953, epochs needed: 60
evaluating individudal 5 - 0891d9ef53c07c3b. Mean loss in evaluation epoch: 0.3171938955783844, epochs needed: 60
evaluating individudal 6 - c5df343e78fd2186. Mean loss in evaluation epoch: 0.31790369749069214, epochs needed: 60
evaluating individudal 7 - 4084e64aaca8e069. Mean loss in evaluation epoch: 0.3177105188369751, epochs needed: 60
Round 11 done. -----------------------------------------
------------------------- TRACKING ---------------------------
Matrix Hash: dfd5dddde3995fec, num_times_seen_before: 1
ACC: 0.7157894736842105
TPR/FPR: 0.9166666666666666, 0.33116883116883117
Loss: 0.3159584105014801
Timestamp: 4011.2251159459997
---------------------------------------------------------------
evaluating individudal 0 - 50c380281297d573. Mean loss in evaluation epoch: 0.317783921957016, epochs needed: 60
evaluating individudal 1 - fd2c04aa845d74db. Mean loss in evaluation epoch: 0.31736618280410767, epochs needed: 60
evaluating individudal 2 - d7ff1d3cdebc7747. Mean loss in evaluation epoch: 0.31843507289886475, epochs needed: 60
evaluating individudal 3 - e16dd6e3dcbed1b8. Mean loss in evaluation epoch: 0.31743067502975464, epochs needed: 60
evaluating individudal 4 - d3915c3ec1bbcd72. Mean loss in evaluation epoch: 0.3217069208621979, epochs needed: 60
evaluating individudal 5 - da7406400f623d21. Mean loss in evaluation epoch: 0.31665629148483276, epochs needed: 60
evaluating individudal 6 - 411024af07274c10. Mean loss in evaluation epoch: 0.3177023231983185, epochs needed: 60
evaluating individudal 7 - 61d26893d0287e92. Mean loss in evaluation epoch: 0.31982484459877014, epochs needed: 60
evaluating individudal 8 - 0f3c2f870a7b0f39. Mean loss in evaluation epoch: 0.32004547119140625, epochs needed: 60
evaluating individudal 9 - 25179f66384582f5. Mean loss in evaluation epoch: 0.3178463280200958, epochs needed: 60
evaluating individudal 10 - 6703c87c6779ffc0. Mean loss in evaluation epoch: 0.3191426694393158, epochs needed: 60
evaluating individudal 11 - 8afdc85fd14d83ce. Mean loss in evaluation epoch: 0.3195546269416809, epochs needed: 60
evaluating individudal 12 - 286556996c39fe80. Mean loss in evaluation epoch: 0.31835630536079407, epochs needed: 60
evaluating individudal 13 - 34aabec94be97804. Mean loss in evaluation epoch: 0.32250723242759705, epochs needed: 60
evaluating individudal 14 - 548a32822e6a4476. Mean loss in evaluation epoch: 0.3194485902786255, epochs needed: 60
evaluating individudal 15 - 70babdd85929b800. Mean loss in evaluation epoch: 0.31850090622901917, epochs needed: 60
evaluating individudal 0 - dfd5dddde3995fec. Mean loss in evaluation epoch: 0.3159968852996826, epochs needed: 60
evaluating individudal 1 - 2b32dbdaade2cc94. Mean loss in evaluation epoch: 0.3166820704936981, epochs needed: 60
evaluating individudal 2 - b274f509b38397a7. Mean loss in evaluation epoch: 0.316220760345459, epochs needed: 60
evaluating individudal 3 - 355e92b4564a6b6c. Mean loss in evaluation epoch: 0.3167221248149872, epochs needed: 60
evaluating individudal 4 - e306d96d50e18aab. Mean loss in evaluation epoch: 0.3169507384300232, epochs needed: 60
evaluating individudal 5 - aabb2982bdc0677a. Mean loss in evaluation epoch: 0.3185276389122009, epochs needed: 60
evaluating individudal 6 - e1688bfd33fd9f9f. Mean loss in evaluation epoch: 0.317577600479126, epochs needed: 60
evaluating individudal 7 - ecd32c042d3e64d3. Mean loss in evaluation epoch: 0.3174697756767273, epochs needed: 60
Round 12 done. -----------------------------------------
------------------------- TRACKING ---------------------------
Matrix Hash: dfd5dddde3995fec, num_times_seen_before: 2
ACC: 0.7157894736842105
TPR/FPR: 0.9166666666666666, 0.33116883116883117
Loss: 0.3159968852996826
Timestamp: 4374.039708732001
---------------------------------------------------------------
evaluating individudal 0 - 195c3c2d11b2e5ad. Mean loss in evaluation epoch: 0.3191843628883362, epochs needed: 60
evaluating individudal 1 - 63b480c2b842cc12. Mean loss in evaluation epoch: 0.31773003935813904, epochs needed: 60
evaluating individudal 2 - bd5c373e75ce3ed9. Mean loss in evaluation epoch: 0.318741112947464, epochs needed: 60
evaluating individudal 3 - 27f86f427c9656b2. Mean loss in evaluation epoch: 0.3180430829524994, epochs needed: 60
evaluating individudal 4 - 5feb8c4a16151aee. Mean loss in evaluation epoch: 0.31851765513420105, epochs needed: 60
evaluating individudal 5 - 0147e8ba4b1dbbd1. Mean loss in evaluation epoch: 0.32062992453575134, epochs needed: 60
evaluating individudal 6 - 16b0686ee10b7168. Mean loss in evaluation epoch: 0.3183290958404541, epochs needed: 60
evaluating individudal 7 - 4f93ed9fcadbe2ba. Mean loss in evaluation epoch: 0.3171026408672333, epochs needed: 60
evaluating individudal 8 - a110638d64467e1f. Mean loss in evaluation epoch: 0.318480521440506, epochs needed: 60
evaluating individudal 9 - 3d5cbc6385242986. Mean loss in evaluation epoch: 0.31895187497138977, epochs needed: 60
evaluating individudal 10 - 814fd77cc54bf969. Mean loss in evaluation epoch: 0.3164082169532776, epochs needed: 60
evaluating individudal 11 - 12715d05e5961202. Mean loss in evaluation epoch: 0.3175649642944336, epochs needed: 60
evaluating individudal 12 - da1e01403233ae43. Mean loss in evaluation epoch: 0.3175964653491974, epochs needed: 60
evaluating individudal 13 - e16ad699848ca57a. Mean loss in evaluation epoch: 0.3175552785396576, epochs needed: 60
evaluating individudal 14 - 2e237715aed9e3c5. Mean loss in evaluation epoch: 0.3167141079902649, epochs needed: 60
evaluating individudal 15 - 2207c862166107eb. Mean loss in evaluation epoch: 0.31790030002593994, epochs needed: 60
evaluating individudal 0 - dfd5dddde3995fec. Mean loss in evaluation epoch: 0.3162526488304138, epochs needed: 60
evaluating individudal 1 - b274f509b38397a7. Mean loss in evaluation epoch: 0.31726688146591187, epochs needed: 60
evaluating individudal 2 - da7406400f623d21. Mean loss in evaluation epoch: 0.31706470251083374, epochs needed: 60
evaluating individudal 3 - 2b32dbdaade2cc94. Mean loss in evaluation epoch: 0.3161196708679199, epochs needed: 60
evaluating individudal 4 - 355e92b4564a6b6c. Mean loss in evaluation epoch: 0.31659045815467834, epochs needed: 60
evaluating individudal 5 - e306d96d50e18aab. Mean loss in evaluation epoch: 0.3166959881782532, epochs needed: 60
evaluating individudal 6 - fd2c04aa845d74db. Mean loss in evaluation epoch: 0.31965553760528564, epochs needed: 60
evaluating individudal 7 - e16dd6e3dcbed1b8. Mean loss in evaluation epoch: 0.317317396402359, epochs needed: 60
Round 13 done. -----------------------------------------
------------------------- TRACKING ---------------------------
Matrix Hash: 2b32dbdaade2cc94, num_times_seen_before: 0
ACC: 0.7105263157894737
TPR/FPR: 0.8333333333333334, 0.3181818181818182
Loss: 0.3161196708679199
Timestamp: 4739.007201901
---------------------------------------------------------------
evaluating individudal 0 - d6109456c73f96bc. Mean loss in evaluation epoch: 0.3176354765892029, epochs needed: 60
evaluating individudal 1 - a3ef38e676c0e13c. Mean loss in evaluation epoch: 0.3178923726081848, epochs needed: 60
evaluating individudal 2 - c80534058ea788c2. Mean loss in evaluation epoch: 0.3168746531009674, epochs needed: 60
evaluating individudal 3 - 4d19a2a66fbe1495. Mean loss in evaluation epoch: 0.31820186972618103, epochs needed: 60
evaluating individudal 4 - 808eed83cb9e65b1. Mean loss in evaluation epoch: 0.3182019293308258, epochs needed: 60
evaluating individudal 5 - badad3cd23e07111. Mean loss in evaluation epoch: 0.318154513835907, epochs needed: 60
evaluating individudal 6 - 7c8855c430e42765. Mean loss in evaluation epoch: 0.3180026412010193, epochs needed: 60
evaluating individudal 7 - 46892643080f640a. Mean loss in evaluation epoch: 0.3166770040988922, epochs needed: 60
evaluating individudal 8 - 2212d5a18d210400. Mean loss in evaluation epoch: 0.31881657242774963, epochs needed: 60
evaluating individudal 9 - 756e2e0622b0e6e1. Mean loss in evaluation epoch: 0.3189752399921417, epochs needed: 60
evaluating individudal 10 - ed24e02e0a5a1cb5. Mean loss in evaluation epoch: 0.3167153000831604, epochs needed: 60
evaluating individudal 11 - b28faf7476c8e9c0. Mean loss in evaluation epoch: 0.3175560534000397, epochs needed: 60
evaluating individudal 12 - 2a114aa15de4293d. Mean loss in evaluation epoch: 0.318044513463974, epochs needed: 60
evaluating individudal 13 - 79ada0a764c27030. Mean loss in evaluation epoch: 0.3194008469581604, epochs needed: 60
evaluating individudal 14 - 3dc5d4592348da48. Mean loss in evaluation epoch: 0.3186696469783783, epochs needed: 60
evaluating individudal 15 - 1d6e7e21f5e8792c. Mean loss in evaluation epoch: 0.3168608546257019, epochs needed: 60
evaluating individudal 0 - 2b32dbdaade2cc94. Mean loss in evaluation epoch: 0.316516250371933, epochs needed: 60
evaluating individudal 1 - dfd5dddde3995fec. Mean loss in evaluation epoch: 0.31686243414878845, epochs needed: 60
evaluating individudal 2 - 814fd77cc54bf969. Mean loss in evaluation epoch: 0.3166232407093048, epochs needed: 60
evaluating individudal 3 - 355e92b4564a6b6c. Mean loss in evaluation epoch: 0.3172951638698578, epochs needed: 60
evaluating individudal 4 - e306d96d50e18aab. Mean loss in evaluation epoch: 0.3174944519996643, epochs needed: 60
evaluating individudal 5 - 2e237715aed9e3c5. Mean loss in evaluation epoch: 0.3167818486690521, epochs needed: 60
evaluating individudal 6 - da7406400f623d21. Mean loss in evaluation epoch: 0.31834158301353455, epochs needed: 60
evaluating individudal 7 - 4f93ed9fcadbe2ba. Mean loss in evaluation epoch: 0.31768998503685, epochs needed: 60
Round 14 done. -----------------------------------------
------------------------- TRACKING ---------------------------
Matrix Hash: 2b32dbdaade2cc94, num_times_seen_before: 1
ACC: 0.7105263157894737
TPR/FPR: 0.8333333333333334, 0.3181818181818182
Loss: 0.316516250371933
Timestamp: 5103.539898557
---------------------------------------------------------------
evaluating individudal 0 - 20320f9a3cbe919e. Mean loss in evaluation epoch: 0.3168380558490753, epochs needed: 60
evaluating individudal 1 - 63d1a2d6b42f92c8. Mean loss in evaluation epoch: 0.3170222043991089, epochs needed: 60
evaluating individudal 2 - 45d92d95a1481cb3. Mean loss in evaluation epoch: 0.3173934519290924, epochs needed: 60
evaluating individudal 3 - 399482c627466538. Mean loss in evaluation epoch: 0.3177928924560547, epochs needed: 60
evaluating individudal 4 - a649cdaff3a8d759. Mean loss in evaluation epoch: 0.31925317645072937, epochs needed: 60
evaluating individudal 5 - bcc0d9f9021066b0. Mean loss in evaluation epoch: 0.31963658332824707, epochs needed: 60
evaluating individudal 6 - 970f3838bf05d6a1. Mean loss in evaluation epoch: 0.31925317645072937, epochs needed: 60
evaluating individudal 7 - 42cbf2ac26edaaac. Mean loss in evaluation epoch: 0.31860458850860596, epochs needed: 60
evaluating individudal 8 - 4a7168d45bd6faee. Mean loss in evaluation epoch: 0.31952720880508423, epochs needed: 60
evaluating individudal 9 - a9785baef4fe73d2. Mean loss in evaluation epoch: 0.31877565383911133, epochs needed: 60
evaluating individudal 10 - d8586e2df4867eee. Mean loss in evaluation epoch: 0.32116591930389404, epochs needed: 60
evaluating individudal 11 - df40a1648dc04cef. Mean loss in evaluation epoch: 0.3183150291442871, epochs needed: 60
evaluating individudal 12 - abf6c212f882c0cf. Mean loss in evaluation epoch: 0.3179703950881958, epochs needed: 60
evaluating individudal 13 - 7ff40a47cf86df4e. Mean loss in evaluation epoch: 0.3194776773452759, epochs needed: 60
evaluating individudal 14 - c0153a547bc6580d. Mean loss in evaluation epoch: 0.31887727975845337, epochs needed: 60
evaluating individudal 15 - 56fc1d812ffe12fb. Mean loss in evaluation epoch: 0.31831297278404236, epochs needed: 60
evaluating individudal 0 - 2b32dbdaade2cc94. Mean loss in evaluation epoch: 0.3162093758583069, epochs needed: 60
evaluating individudal 1 - 814fd77cc54bf969. Mean loss in evaluation epoch: 0.3163386583328247, epochs needed: 60
evaluating individudal 2 - 46892643080f640a. Mean loss in evaluation epoch: 0.316948264837265, epochs needed: 60
evaluating individudal 3 - ed24e02e0a5a1cb5. Mean loss in evaluation epoch: 0.317179411649704, epochs needed: 60
evaluating individudal 4 - 2e237715aed9e3c5. Mean loss in evaluation epoch: 0.31728920340538025, epochs needed: 60
evaluating individudal 5 - 1d6e7e21f5e8792c. Mean loss in evaluation epoch: 0.316756933927536, epochs needed: 60
evaluating individudal 6 - dfd5dddde3995fec. Mean loss in evaluation epoch: 0.3164029121398926, epochs needed: 60
evaluating individudal 7 - c80534058ea788c2. Mean loss in evaluation epoch: 0.31700029969215393, epochs needed: 60
Round 15 done. -----------------------------------------
------------------------- TRACKING ---------------------------
Matrix Hash: 2b32dbdaade2cc94, num_times_seen_before: 2
ACC: 0.7105263157894737
TPR/FPR: 0.8333333333333334, 0.3181818181818182
Loss: 0.3162093758583069
Timestamp: 5470.253295762001
---------------------------------------------------------------
evaluating individudal 0 - 9d3e2de16142aa12. Mean loss in evaluation epoch: 0.3179130256175995, epochs needed: 60
evaluating individudal 1 - e08053f41609ae83. Mean loss in evaluation epoch: 0.3193065822124481, epochs needed: 60
evaluating individudal 2 - c04a3347cda3c852. Mean loss in evaluation epoch: 0.3192934989929199, epochs needed: 60
evaluating individudal 3 - 263623cda9194ab2. Mean loss in evaluation epoch: 0.31694296002388, epochs needed: 60
evaluating individudal 4 - d22ab5df38a58a5b. Mean loss in evaluation epoch: 0.31667062640190125, epochs needed: 60
evaluating individudal 5 - 03bc977d3fd217b1. Mean loss in evaluation epoch: 0.3187207281589508, epochs needed: 60
evaluating individudal 6 - 309718947b044b39. Mean loss in evaluation epoch: 0.31978073716163635, epochs needed: 60
evaluating individudal 7 - 17998313b6d949d7. Mean loss in evaluation epoch: 0.3183743357658386, epochs needed: 60
evaluating individudal 8 - b9fe117798a67c10. Mean loss in evaluation epoch: 0.318756103515625, epochs needed: 60
evaluating individudal 9 - 9c8efa2da29771a6. Mean loss in evaluation epoch: 0.31570637226104736, epochs needed: 60
evaluating individudal 10 - 159358136ae806fd. Mean loss in evaluation epoch: 0.31664004921913147, epochs needed: 60
evaluating individudal 11 - 54ec3e1fc3d0b764. Mean loss in evaluation epoch: 0.31896647810935974, epochs needed: 60
evaluating individudal 12 - 7c35984c6e28174d. Mean loss in evaluation epoch: 0.3163580894470215, epochs needed: 60
evaluating individudal 13 - c4c44c6a7652476a. Mean loss in evaluation epoch: 0.3191104531288147, epochs needed: 60
evaluating individudal 14 - 3b2ea181af985ec6. Mean loss in evaluation epoch: 0.3201282322406769, epochs needed: 60
evaluating individudal 15 - 9970cd0241045a06. Mean loss in evaluation epoch: 0.31707754731178284, epochs needed: 60
evaluating individudal 0 - 2b32dbdaade2cc94. Mean loss in evaluation epoch: 0.316887229681015, epochs needed: 60
evaluating individudal 1 - 814fd77cc54bf969. Mean loss in evaluation epoch: 0.3170595169067383, epochs needed: 60
evaluating individudal 2 - dfd5dddde3995fec. Mean loss in evaluation epoch: 0.31664615869522095, epochs needed: 60
evaluating individudal 3 - 1d6e7e21f5e8792c. Mean loss in evaluation epoch: 0.31710827350616455, epochs needed: 60
evaluating individudal 4 - 20320f9a3cbe919e. Mean loss in evaluation epoch: 0.3166496157646179, epochs needed: 60
evaluating individudal 5 - 46892643080f640a. Mean loss in evaluation epoch: 0.3166857063770294, epochs needed: 60
evaluating individudal 6 - c80534058ea788c2. Mean loss in evaluation epoch: 0.3173067271709442, epochs needed: 60
evaluating individudal 7 - 63d1a2d6b42f92c8. Mean loss in evaluation epoch: 0.31761524081230164, epochs needed: 60
Round 16 done. -----------------------------------------
------------------------- TRACKING ---------------------------
Matrix Hash: 9c8efa2da29771a6, num_times_seen_before: 0
ACC: 0.6842105263157895
TPR/FPR: 0.9444444444444444, 0.37662337662337664
Loss: 0.31570637226104736
Timestamp: 5835.334082487
---------------------------------------------------------------
evaluating individudal 0 - ac5807ef545aa74b. Mean loss in evaluation epoch: 0.3209954798221588, epochs needed: 60
evaluating individudal 1 - abfac6063a56a2c0. Mean loss in evaluation epoch: 0.317877858877182, epochs needed: 60
evaluating individudal 2 - bad41b4a3771c3b3. Mean loss in evaluation epoch: 0.3166353404521942, epochs needed: 60
evaluating individudal 3 - 013d93ba57f4b559. Mean loss in evaluation epoch: 0.3183235228061676, epochs needed: 60
evaluating individudal 4 - 46e50f7cc808a317. Mean loss in evaluation epoch: 0.31865206360816956, epochs needed: 60
evaluating individudal 5 - bb6d2f2d4fc2df53. Mean loss in evaluation epoch: 0.3186132609844208, epochs needed: 60
evaluating individudal 6 - 00479971044fd4e8. Mean loss in evaluation epoch: 0.31811296939849854, epochs needed: 60
evaluating individudal 7 - a4ddc4c30c60ab46. Mean loss in evaluation epoch: 0.31875330209732056, epochs needed: 60
evaluating individudal 8 - 06289af9657cd57e. Mean loss in evaluation epoch: 0.3174423575401306, epochs needed: 60
evaluating individudal 9 - 61810ef903bbd398. Mean loss in evaluation epoch: 0.3175618350505829, epochs needed: 60
evaluating individudal 10 - 8c93eff523b2726d. Mean loss in evaluation epoch: 0.319203644990921, epochs needed: 60
evaluating individudal 11 - ee1f0b5f28f4e3b7. Mean loss in evaluation epoch: 0.31984102725982666, epochs needed: 60
evaluating individudal 12 - 48653555cd23a689. Mean loss in evaluation epoch: 0.318642258644104, epochs needed: 60
evaluating individudal 13 - 4530d8442f8bf8f7. Mean loss in evaluation epoch: 0.3180887997150421, epochs needed: 60
evaluating individudal 14 - 87a0386d211fb846. Mean loss in evaluation epoch: 0.31779855489730835, epochs needed: 60
evaluating individudal 15 - 0315ade1d84914a7. Mean loss in evaluation epoch: 0.31682756543159485, epochs needed: 60
evaluating individudal 0 - 9c8efa2da29771a6. Mean loss in evaluation epoch: 0.3156960606575012, epochs needed: 60
evaluating individudal 1 - 7c35984c6e28174d. Mean loss in evaluation epoch: 0.3163672685623169, epochs needed: 60
evaluating individudal 2 - 159358136ae806fd. Mean loss in evaluation epoch: 0.3166288733482361, epochs needed: 60
evaluating individudal 3 - dfd5dddde3995fec. Mean loss in evaluation epoch: 0.3161345422267914, epochs needed: 60
evaluating individudal 4 - 20320f9a3cbe919e. Mean loss in evaluation epoch: 0.31712713837623596, epochs needed: 60
evaluating individudal 5 - d22ab5df38a58a5b. Mean loss in evaluation epoch: 0.3172347843647003, epochs needed: 60
evaluating individudal 6 - 46892643080f640a. Mean loss in evaluation epoch: 0.31722167134284973, epochs needed: 60
evaluating individudal 7 - 2b32dbdaade2cc94. Mean loss in evaluation epoch: 0.3163752555847168, epochs needed: 60
Round 17 done. -----------------------------------------
------------------------- TRACKING ---------------------------
Matrix Hash: 9c8efa2da29771a6, num_times_seen_before: 1
ACC: 0.6842105263157895
TPR/FPR: 0.9444444444444444, 0.37662337662337664
Loss: 0.3156960606575012
Timestamp: 6187.653011155
---------------------------------------------------------------
evaluating individudal 0 - 47a0d53e43dfdce7. Mean loss in evaluation epoch: 0.31785857677459717, epochs needed: 60
evaluating individudal 1 - fff12924a34faf29. Mean loss in evaluation epoch: 0.31581664085388184, epochs needed: 60
evaluating individudal 2 - 2de70842337372db. Mean loss in evaluation epoch: 0.3163599669933319, epochs needed: 60
evaluating individudal 3 - df493116a0ec809e. Mean loss in evaluation epoch: 0.3181372284889221, epochs needed: 60
evaluating individudal 4 - 8d56f17cd88a01e5. Mean loss in evaluation epoch: 0.3180249333381653, epochs needed: 60
evaluating individudal 5 - 60e4bfa03e04e208. Mean loss in evaluation epoch: 0.3167751133441925, epochs needed: 60
evaluating individudal 6 - f05ff2929d9ef38c. Mean loss in evaluation epoch: 0.31833648681640625, epochs needed: 60
evaluating individudal 7 - cfe57c0cd389c21e. Mean loss in evaluation epoch: 0.3175203502178192, epochs needed: 60
evaluating individudal 8 - 65d029afe8e16b02. Mean loss in evaluation epoch: 0.3183494508266449, epochs needed: 60
evaluating individudal 9 - dafc6dbd34e3ac94. Mean loss in evaluation epoch: 0.3182484805583954, epochs needed: 60
evaluating individudal 10 - e7b732252aeb0c86. Mean loss in evaluation epoch: 0.31856250762939453, epochs needed: 60
evaluating individudal 11 - f00ea7d498381256. Mean loss in evaluation epoch: 0.31852108240127563, epochs needed: 60
evaluating individudal 12 - 1056f946c04bec87. Mean loss in evaluation epoch: 0.31833121180534363, epochs needed: 60
evaluating individudal 13 - 4cbb64380aa9e1e6. Mean loss in evaluation epoch: 0.3175746202468872, epochs needed: 60
evaluating individudal 14 - 90289e3f415bdb79. Mean loss in evaluation epoch: 0.3174891173839569, epochs needed: 60
evaluating individudal 15 - 40869c49c6c53cbb. Mean loss in evaluation epoch: 0.31688961386680603, epochs needed: 60
evaluating individudal 0 - 9c8efa2da29771a6. Mean loss in evaluation epoch: 0.31556692719459534, epochs needed: 60
evaluating individudal 1 - dfd5dddde3995fec. Mean loss in evaluation epoch: 0.31690818071365356, epochs needed: 60
evaluating individudal 2 - 7c35984c6e28174d. Mean loss in evaluation epoch: 0.3172582685947418, epochs needed: 60
evaluating individudal 3 - 2b32dbdaade2cc94. Mean loss in evaluation epoch: 0.3164176046848297, epochs needed: 60
evaluating individudal 4 - 159358136ae806fd. Mean loss in evaluation epoch: 0.31677013635635376, epochs needed: 60
evaluating individudal 5 - bad41b4a3771c3b3. Mean loss in evaluation epoch: 0.31650763750076294, epochs needed: 60
evaluating individudal 6 - 0315ade1d84914a7. Mean loss in evaluation epoch: 0.31725093722343445, epochs needed: 60
evaluating individudal 7 - 20320f9a3cbe919e. Mean loss in evaluation epoch: 0.31734853982925415, epochs needed: 60
Round 18 done. -----------------------------------------
------------------------- TRACKING ---------------------------
Matrix Hash: 9c8efa2da29771a6, num_times_seen_before: 2
ACC: 0.6842105263157895
TPR/FPR: 0.9444444444444444, 0.37662337662337664
Loss: 0.31556692719459534
Timestamp: 6537.180017386
---------------------------------------------------------------
evaluating individudal 0 - e2c12afff8f818e5. Mean loss in evaluation epoch: 0.3194887936115265, epochs needed: 60
evaluating individudal 1 - 8c5f07e48cd9f0e2. Mean loss in evaluation epoch: 0.3169688582420349, epochs needed: 60
evaluating individudal 2 - 1186e7d294f79971. Mean loss in evaluation epoch: 0.3166806697845459, epochs needed: 60
evaluating individudal 3 - 5a5c054620d1698b. Mean loss in evaluation epoch: 0.3187718391418457, epochs needed: 60
evaluating individudal 4 - b26b61055bace70a. Mean loss in evaluation epoch: 0.31704461574554443, epochs needed: 60
evaluating individudal 5 - 3151bc2652100e4c. Mean loss in evaluation epoch: 0.31671780347824097, epochs needed: 60
evaluating individudal 6 - bb6881daf16cac85. Mean loss in evaluation epoch: 0.3204635679721832, epochs needed: 60
evaluating individudal 7 - 2f7599230d952540. Mean loss in evaluation epoch: 0.3188311755657196, epochs needed: 60
evaluating individudal 8 - 40b5422d6264920c. Mean loss in evaluation epoch: 0.3176381289958954, epochs needed: 60
evaluating individudal 9 - 97b97c73bbff8aa5. Mean loss in evaluation epoch: 0.31857821345329285, epochs needed: 60
evaluating individudal 10 - 065d6b5a8a00d772. Mean loss in evaluation epoch: 0.3175656497478485, epochs needed: 60
evaluating individudal 11 - 34f1d5615306d7d7. Mean loss in evaluation epoch: 0.3183918297290802, epochs needed: 60
evaluating individudal 12 - 8ed861ea93ee5ea2. Mean loss in evaluation epoch: 0.3164055049419403, epochs needed: 60
evaluating individudal 13 - ac0bf8d3b2ecd26a. Mean loss in evaluation epoch: 0.3164388835430145, epochs needed: 60
evaluating individudal 14 - 244d16cb7c07ebbf. Mean loss in evaluation epoch: 0.3173465132713318, epochs needed: 60
evaluating individudal 15 - 54d74fd6386c0a82. Mean loss in evaluation epoch: 0.3174351453781128, epochs needed: 60
evaluating individudal 0 - 9c8efa2da29771a6. Mean loss in evaluation epoch: 0.3160153925418854, epochs needed: 60
evaluating individudal 1 - fff12924a34faf29. Mean loss in evaluation epoch: 0.3161816895008087, epochs needed: 60
evaluating individudal 2 - 2de70842337372db. Mean loss in evaluation epoch: 0.3165605962276459, epochs needed: 60
evaluating individudal 3 - 2b32dbdaade2cc94. Mean loss in evaluation epoch: 0.3168092370033264, epochs needed: 60
evaluating individudal 4 - bad41b4a3771c3b3. Mean loss in evaluation epoch: 0.31687602400779724, epochs needed: 60
evaluating individudal 5 - 159358136ae806fd. Mean loss in evaluation epoch: 0.3176199793815613, epochs needed: 60
evaluating individudal 6 - 60e4bfa03e04e208. Mean loss in evaluation epoch: 0.31614935398101807, epochs needed: 60
evaluating individudal 7 - 40869c49c6c53cbb. Mean loss in evaluation epoch: 0.31714996695518494, epochs needed: 60
Round 19 done. -----------------------------------------
------------------------- TRACKING ---------------------------
Matrix Hash: 9c8efa2da29771a6, num_times_seen_before: 3
ACC: 0.6842105263157895
TPR/FPR: 0.9444444444444444, 0.37662337662337664
Loss: 0.3160153925418854
Timestamp: 6888.702277263001
---------------------------------------------------------------
evaluating individudal 0 - c0b92c59e17f3f09. Mean loss in evaluation epoch: 0.3175641894340515, epochs needed: 60
evaluating individudal 1 - a5caf0724aa09b0d. Mean loss in evaluation epoch: 0.3169776499271393, epochs needed: 60
evaluating individudal 2 - d712f6ca78040008. Mean loss in evaluation epoch: 0.3175565302371979, epochs needed: 60
evaluating individudal 3 - 520474be16bdf5db. Mean loss in evaluation epoch: 0.317288875579834, epochs needed: 60
evaluating individudal 4 - 721e32ad66d92895. Mean loss in evaluation epoch: 0.31836196780204773, epochs needed: 60
evaluating individudal 5 - 4e2d3d16e55238b8. Mean loss in evaluation epoch: 0.31841835379600525, epochs needed: 60
evaluating individudal 6 - 48e45dbecc2aad24. Mean loss in evaluation epoch: 0.31659889221191406, epochs needed: 60
evaluating individudal 7 - 91460ec2c415ec89. Mean loss in evaluation epoch: 0.3182811141014099, epochs needed: 60
evaluating individudal 8 - 0024113110ac10a4. Mean loss in evaluation epoch: 0.3205377459526062, epochs needed: 60
evaluating individudal 9 - 3dea0e87c275ba95. Mean loss in evaluation epoch: 0.3165215849876404, epochs needed: 60
evaluating individudal 10 - 3e0da4b5ac5361b1. Mean loss in evaluation epoch: 0.3185093402862549, epochs needed: 60
evaluating individudal 11 - c515d6ed0d03ee10. Mean loss in evaluation epoch: 0.3184041976928711, epochs needed: 60
evaluating individudal 12 - bfaeb0a2d184f8b5. Mean loss in evaluation epoch: 0.321323037147522, epochs needed: 60
evaluating individudal 13 - af9d380e7e124641. Mean loss in evaluation epoch: 0.3173031210899353, epochs needed: 60
evaluating individudal 14 - 34c8f58361cc49f5. Mean loss in evaluation epoch: 0.3168363571166992, epochs needed: 60
evaluating individudal 15 - 8d4db08f1e0c8480. Mean loss in evaluation epoch: 0.3169107735157013, epochs needed: 60
evaluating individudal 0 - 9c8efa2da29771a6. Mean loss in evaluation epoch: 0.3156924545764923, epochs needed: 60
evaluating individudal 1 - 60e4bfa03e04e208. Mean loss in evaluation epoch: 0.31656453013420105, epochs needed: 60
evaluating individudal 2 - fff12924a34faf29. Mean loss in evaluation epoch: 0.31586337089538574, epochs needed: 60
evaluating individudal 3 - 8ed861ea93ee5ea2. Mean loss in evaluation epoch: 0.3162868916988373, epochs needed: 60
evaluating individudal 4 - ac0bf8d3b2ecd26a. Mean loss in evaluation epoch: 0.31614765524864197, epochs needed: 60
evaluating individudal 5 - 2de70842337372db. Mean loss in evaluation epoch: 0.3166063129901886, epochs needed: 60
evaluating individudal 6 - 1186e7d294f79971. Mean loss in evaluation epoch: 0.31703871488571167, epochs needed: 60
evaluating individudal 7 - 3151bc2652100e4c. Mean loss in evaluation epoch: 0.3172934651374817, epochs needed: 60
------------------------- TRACKING ---------------------------
Matrix Hash: 9c8efa2da29771a6, num_times_seen_before: 4
ACC: 0.6842105263157895
TPR/FPR: 0.9444444444444444, 0.37662337662337664
Loss: 0.3156924545764923
Timestamp: 7238.294874130001
---------------------------------------------------------------
