../data/final/netrd/SIS/timeseries_ba10_5k_0.15.pickle
../data/final/edges_ba10.pickle
SEED: 0
NUM_DYN_EPOCHS: 40
DETECT_EARLY_CONVERGENCE: False
CONTINUATION: False
CONT_ADDRESS: /content/drive/MyDrive/BA_Code/hillclimbing_logs/annealing/first/2021-01-27T18_56_40.854852
USE_EVALEPOCH_FOR_GUIDED_MUTATION: False
NUM_GEN: 45
FORMAT: timeseries
num samples: 5000
NUM_TRAIN_SAMPLES: 4999
NUM_TRAIN_BATCHES: 50
NUM_TEST_SAMPLES: 4999
NUM_TEST_BATCHES: 50
BATCH_SIZE: 100
HIDDEN_SIZE: 128
NUM_DYN_EPOCHS: 40
IS_CONTINUOUS: False
USE_MAX: False
Mean loss in evaluation epoch: 0.3891601860523224, epochs needed: 40


 Tracking generation 0
------------------------- TRACKING ---------------------------
Matrix Hash: f530b30abea945a2, num_times_seen_before: 0
ACC: 0.4444444444444444
TPR/FPR: 0.4375, 0.5517241379310345
Loss: 0.3891601860523224
Timestamp: 0
---------------------------------------------------------------
Candidate: 5b8d4d1a139fa2f1. Changes:9
Mean loss in evaluation epoch: 0.3867420554161072, epochs needed: 40
smaller, so accepting
Mean loss in evaluation epoch: 0.3863539695739746, epochs needed: 40


 Tracking generation 1
------------------------- TRACKING ---------------------------
Matrix Hash: 5b8d4d1a139fa2f1, num_times_seen_before: 0
ACC: 0.4666666666666667
TPR/FPR: 0.25, 0.41379310344827586
Loss: 0.3863539695739746
Timestamp: 20.486200685999847
---------------------------------------------------------------
Candidate: 4e3905f10a9427ea. Changes:6
Mean loss in evaluation epoch: 0.3842005729675293, epochs needed: 40
smaller, so accepting
Mean loss in evaluation epoch: 0.3852463364601135, epochs needed: 40


 Tracking generation 2
------------------------- TRACKING ---------------------------
Matrix Hash: 4e3905f10a9427ea, num_times_seen_before: 0
ACC: 0.37777777777777777
TPR/FPR: 0.3125, 0.5862068965517241
Loss: 0.3852463364601135
Timestamp: 40.46755762700013
---------------------------------------------------------------
Candidate: bea59e18aaee87d6. Changes:13
Mean loss in evaluation epoch: 0.3825090825557709, epochs needed: 40
smaller, so accepting
Mean loss in evaluation epoch: 0.38268038630485535, epochs needed: 40


 Tracking generation 3
------------------------- TRACKING ---------------------------
Matrix Hash: bea59e18aaee87d6, num_times_seen_before: 0
ACC: 0.4444444444444444
TPR/FPR: 0.125, 0.3793103448275862
Loss: 0.38268038630485535
Timestamp: 60.80665234399976
---------------------------------------------------------------
Candidate: 23d06915e21fd638. Changes:7
Mean loss in evaluation epoch: 0.3874824345111847, epochs needed: 40
will accept with prob tensor(0.5903)
rejecting.
Mean loss in evaluation epoch: 0.38250628113746643, epochs needed: 40


 Tracking generation 4
------------------------- TRACKING ---------------------------
Matrix Hash: bea59e18aaee87d6, num_times_seen_before: 1
ACC: 0.4444444444444444
TPR/FPR: 0.125, 0.3793103448275862
Loss: 0.38250628113746643
Timestamp: 80.7049180439999
---------------------------------------------------------------
Candidate: 4d4e5fcadfc1e28a. Changes:11
Mean loss in evaluation epoch: 0.38681110739707947, epochs needed: 40
will accept with prob tensor(0.6161)
rejecting.
Mean loss in evaluation epoch: 0.3821709454059601, epochs needed: 40


 Tracking generation 5
------------------------- TRACKING ---------------------------
Matrix Hash: bea59e18aaee87d6, num_times_seen_before: 2
ACC: 0.4444444444444444
TPR/FPR: 0.125, 0.3793103448275862
Loss: 0.3821709454059601
Timestamp: 101.102774555
---------------------------------------------------------------
Candidate: 63e5609f6c32a9e1. Changes:10
Mean loss in evaluation epoch: 0.38665884733200073, epochs needed: 40
will accept with prob tensor(0.5958)
accepting!
Mean loss in evaluation epoch: 0.3858303129673004, epochs needed: 40


 Tracking generation 6
------------------------- TRACKING ---------------------------
Matrix Hash: 63e5609f6c32a9e1, num_times_seen_before: 0
ACC: 0.4444444444444444
TPR/FPR: 0.4375, 0.5517241379310345
Loss: 0.3858303129673004
Timestamp: 121.82090287900019
---------------------------------------------------------------
Candidate: 658189d5aee6ef8f. Changes:13
Mean loss in evaluation epoch: 0.3818129599094391, epochs needed: 40
smaller, so accepting
Mean loss in evaluation epoch: 0.381830096244812, epochs needed: 40


 Tracking generation 7
------------------------- TRACKING ---------------------------
Matrix Hash: 658189d5aee6ef8f, num_times_seen_before: 0
ACC: 0.37777777777777777
TPR/FPR: 0.375, 0.6206896551724138
Loss: 0.381830096244812
Timestamp: 141.69802531200003
---------------------------------------------------------------
Candidate: b05ba372f554df1b. Changes:7
Mean loss in evaluation epoch: 0.3811401426792145, epochs needed: 40
smaller, so accepting
Mean loss in evaluation epoch: 0.38080069422721863, epochs needed: 40


 Tracking generation 8
------------------------- TRACKING ---------------------------
Matrix Hash: b05ba372f554df1b, num_times_seen_before: 0
ACC: 0.3111111111111111
TPR/FPR: 0.375, 0.7241379310344828
Loss: 0.38080069422721863
Timestamp: 161.80735168
---------------------------------------------------------------
Candidate: 5b4b8dfcea9adfcc. Changes:10
Mean loss in evaluation epoch: 0.38078200817108154, epochs needed: 40
smaller, so accepting
Mean loss in evaluation epoch: 0.38032057881355286, epochs needed: 40


 Tracking generation 9
------------------------- TRACKING ---------------------------
Matrix Hash: 5b4b8dfcea9adfcc, num_times_seen_before: 0
ACC: 0.4444444444444444
TPR/FPR: 0.5, 0.5862068965517241
Loss: 0.38032057881355286
Timestamp: 181.82698349300017
---------------------------------------------------------------
Candidate: f8c59d0e7a3ba124. Changes:9
Mean loss in evaluation epoch: 0.3826192319393158, epochs needed: 40
will accept with prob tensor(0.7441)
accepting!
Mean loss in evaluation epoch: 0.382260799407959, epochs needed: 40


 Tracking generation 10
------------------------- TRACKING ---------------------------
Matrix Hash: f8c59d0e7a3ba124, num_times_seen_before: 0
ACC: 0.5111111111111111
TPR/FPR: 0.3125, 0.3793103448275862
Loss: 0.382260799407959
Timestamp: 202.6897083959998
---------------------------------------------------------------
Candidate: ed20801094ebc204. Changes:8
Mean loss in evaluation epoch: 0.38192588090896606, epochs needed: 40
smaller, so accepting
Mean loss in evaluation epoch: 0.38194432854652405, epochs needed: 40


 Tracking generation 11
------------------------- TRACKING ---------------------------
Matrix Hash: ed20801094ebc204, num_times_seen_before: 0
ACC: 0.6
TPR/FPR: 0.25, 0.20689655172413793
Loss: 0.38194432854652405
Timestamp: 224.3550993140002
---------------------------------------------------------------
Candidate: 55c78d6d7a7131fa. Changes:9
Mean loss in evaluation epoch: 0.3861766755580902, epochs needed: 40
will accept with prob tensor(0.5615)
accepting!
Mean loss in evaluation epoch: 0.38604751229286194, epochs needed: 40


 Tracking generation 12
------------------------- TRACKING ---------------------------
Matrix Hash: 55c78d6d7a7131fa, num_times_seen_before: 0
ACC: 0.5777777777777777
TPR/FPR: 0.4375, 0.3448275862068966
Loss: 0.38604751229286194
Timestamp: 244.3765533589999
---------------------------------------------------------------
Candidate: 7a773504d30937f1. Changes:11
Mean loss in evaluation epoch: 0.3845124840736389, epochs needed: 40
smaller, so accepting
Mean loss in evaluation epoch: 0.38474372029304504, epochs needed: 40


 Tracking generation 13
------------------------- TRACKING ---------------------------
Matrix Hash: 7a773504d30937f1, num_times_seen_before: 0
ACC: 0.6888888888888889
TPR/FPR: 0.6875, 0.3103448275862069
Loss: 0.38474372029304504
Timestamp: 264.52302789899977
---------------------------------------------------------------
Candidate: b372c0d8c6f9e3b8. Changes:8
Mean loss in evaluation epoch: 0.38014501333236694, epochs needed: 40
smaller, so accepting
Mean loss in evaluation epoch: 0.3805910348892212, epochs needed: 40


 Tracking generation 14
------------------------- TRACKING ---------------------------
Matrix Hash: b372c0d8c6f9e3b8, num_times_seen_before: 0
ACC: 0.7777777777777778
TPR/FPR: 0.6875, 0.1724137931034483
Loss: 0.3805910348892212
Timestamp: 284.8784247829999
---------------------------------------------------------------
Candidate: e00cb9a71cb32088. Changes:6
Mean loss in evaluation epoch: 0.3810800611972809, epochs needed: 40
will accept with prob tensor(0.9293)
accepting!
Mean loss in evaluation epoch: 0.3815257251262665, epochs needed: 40


 Tracking generation 15
------------------------- TRACKING ---------------------------
Matrix Hash: e00cb9a71cb32088, num_times_seen_before: 0
ACC: 0.7333333333333334
TPR/FPR: 0.75, 0.27586206896551724
Loss: 0.3815257251262665
Timestamp: 304.91957877899995
---------------------------------------------------------------
Candidate: 36993ab0b38de4cf. Changes:3
Mean loss in evaluation epoch: 0.38095328211784363, epochs needed: 40
smaller, so accepting
Mean loss in evaluation epoch: 0.38072967529296875, epochs needed: 40


 Tracking generation 16
------------------------- TRACKING ---------------------------
Matrix Hash: 36993ab0b38de4cf, num_times_seen_before: 0
ACC: 0.7111111111111111
TPR/FPR: 0.6875, 0.27586206896551724
Loss: 0.38072967529296875
Timestamp: 325.7446029920002
---------------------------------------------------------------
Candidate: 836bece37b1861e0. Changes:9
Mean loss in evaluation epoch: 0.38507887721061707, epochs needed: 40
will accept with prob tensor(0.4971)
accepting!
Mean loss in evaluation epoch: 0.3819149434566498, epochs needed: 40


 Tracking generation 17
------------------------- TRACKING ---------------------------
Matrix Hash: 836bece37b1861e0, num_times_seen_before: 0
ACC: 0.6888888888888889
TPR/FPR: 0.8125, 0.3793103448275862
Loss: 0.3819149434566498
Timestamp: 345.23744913200017
---------------------------------------------------------------
Candidate: 29f882e4b473c46e. Changes:7
Mean loss in evaluation epoch: 0.38023582100868225, epochs needed: 40
smaller, so accepting
Mean loss in evaluation epoch: 0.38021227717399597, epochs needed: 40


 Tracking generation 18
------------------------- TRACKING ---------------------------
Matrix Hash: 29f882e4b473c46e, num_times_seen_before: 0
ACC: 0.8
TPR/FPR: 0.875, 0.2413793103448276
Loss: 0.38021227717399597
Timestamp: 364.961004193
---------------------------------------------------------------
Candidate: a742eb6e5b63c0f6. Changes:7
Mean loss in evaluation epoch: 0.3808276653289795, epochs needed: 40
will accept with prob tensor(0.8990)
accepting!
Mean loss in evaluation epoch: 0.3809974491596222, epochs needed: 40


 Tracking generation 19
------------------------- TRACKING ---------------------------
Matrix Hash: a742eb6e5b63c0f6, num_times_seen_before: 0
ACC: 0.7777777777777778
TPR/FPR: 0.8125, 0.2413793103448276
Loss: 0.3809974491596222
Timestamp: 384.0870388980002
---------------------------------------------------------------
Candidate: 6d1b1d5547f8e372. Changes:7
Mean loss in evaluation epoch: 0.3843933045864105, epochs needed: 40
will accept with prob tensor(0.5427)
rejecting.
Mean loss in evaluation epoch: 0.38153067231178284, epochs needed: 40


 Tracking generation 20
------------------------- TRACKING ---------------------------
Matrix Hash: a742eb6e5b63c0f6, num_times_seen_before: 1
ACC: 0.7777777777777778
TPR/FPR: 0.8125, 0.2413793103448276
Loss: 0.38153067231178284
Timestamp: 403.77347573399993
---------------------------------------------------------------
Candidate: 4ba1816608842505. Changes:6
Mean loss in evaluation epoch: 0.3798801004886627, epochs needed: 40
smaller, so accepting
Mean loss in evaluation epoch: 0.3818209767341614, epochs needed: 40


 Tracking generation 21
------------------------- TRACKING ---------------------------
Matrix Hash: 4ba1816608842505, num_times_seen_before: 0
ACC: 0.7333333333333334
TPR/FPR: 0.8125, 0.3103448275862069
Loss: 0.3818209767341614
Timestamp: 423.4449430919999
---------------------------------------------------------------
Candidate: 27c73174a05488e1. Changes:11
Mean loss in evaluation epoch: 0.38607096672058105, epochs needed: 40
will accept with prob tensor(0.4354)
accepting!
Mean loss in evaluation epoch: 0.384336918592453, epochs needed: 40


 Tracking generation 22
------------------------- TRACKING ---------------------------
Matrix Hash: 27c73174a05488e1, num_times_seen_before: 0
ACC: 0.7111111111111111
TPR/FPR: 0.625, 0.2413793103448276
Loss: 0.384336918592453
Timestamp: 442.83778032500004
---------------------------------------------------------------
Candidate: 4fdca24de6e0aee0. Changes:7
Mean loss in evaluation epoch: 0.37908852100372314, epochs needed: 40
smaller, so accepting
Mean loss in evaluation epoch: 0.37891802191734314, epochs needed: 40


 Tracking generation 23
------------------------- TRACKING ---------------------------
Matrix Hash: 4fdca24de6e0aee0, num_times_seen_before: 0
ACC: 0.7333333333333334
TPR/FPR: 0.75, 0.27586206896551724
Loss: 0.37891802191734314
Timestamp: 462.4268557109999
---------------------------------------------------------------
Candidate: a316dcc338f4a8ba. Changes:11
Mean loss in evaluation epoch: 0.3817051351070404, epochs needed: 40
will accept with prob tensor(0.5503)
accepting!
Mean loss in evaluation epoch: 0.380899578332901, epochs needed: 40


 Tracking generation 24
------------------------- TRACKING ---------------------------
Matrix Hash: a316dcc338f4a8ba, num_times_seen_before: 0
ACC: 0.7111111111111111
TPR/FPR: 0.9375, 0.41379310344827586
Loss: 0.380899578332901
Timestamp: 482.4455327599999
---------------------------------------------------------------
Candidate: a090fd8015ac43ff. Changes:7
Mean loss in evaluation epoch: 0.3879564702510834, epochs needed: 40
will accept with prob tensor(0.2044)
rejecting.
Mean loss in evaluation epoch: 0.3811163306236267, epochs needed: 40


 Tracking generation 25
------------------------- TRACKING ---------------------------
Matrix Hash: a316dcc338f4a8ba, num_times_seen_before: 1
ACC: 0.7111111111111111
TPR/FPR: 0.9375, 0.41379310344827586
Loss: 0.3811163306236267
Timestamp: 502.1943105700002
---------------------------------------------------------------
Candidate: ca2a7e3e98a147ec. Changes:8
Mean loss in evaluation epoch: 0.38354164361953735, epochs needed: 40
will accept with prob tensor(0.5630)
accepting!
Mean loss in evaluation epoch: 0.38288095593452454, epochs needed: 40


 Tracking generation 26
------------------------- TRACKING ---------------------------
Matrix Hash: ca2a7e3e98a147ec, num_times_seen_before: 0
ACC: 0.7111111111111111
TPR/FPR: 0.9375, 0.41379310344827586
Loss: 0.38288095593452454
Timestamp: 521.7965133870002
---------------------------------------------------------------
Candidate: a74162cfd32b71ea. Changes:7
Mean loss in evaluation epoch: 0.3828655779361725, epochs needed: 40
smaller, so accepting
Mean loss in evaluation epoch: 0.3828642964363098, epochs needed: 40


 Tracking generation 27
------------------------- TRACKING ---------------------------
Matrix Hash: a74162cfd32b71ea, num_times_seen_before: 0
ACC: 0.6888888888888889
TPR/FPR: 1.0, 0.4827586206896552
Loss: 0.3828642964363098
Timestamp: 541.7744552189997
---------------------------------------------------------------
Candidate: 9f26ac13eef3acec. Changes:6
Mean loss in evaluation epoch: 0.3882693350315094, epochs needed: 40
will accept with prob tensor(0.2391)
rejecting.
Mean loss in evaluation epoch: 0.3820127546787262, epochs needed: 40


 Tracking generation 28
------------------------- TRACKING ---------------------------
Matrix Hash: a74162cfd32b71ea, num_times_seen_before: 1
ACC: 0.6888888888888889
TPR/FPR: 1.0, 0.4827586206896552
Loss: 0.3820127546787262
Timestamp: 561.6425884800001
---------------------------------------------------------------
Candidate: 786fa7d37618810c. Changes:10
Mean loss in evaluation epoch: 0.3834662437438965, epochs needed: 40
will accept with prob tensor(0.6645)
accepting!
Mean loss in evaluation epoch: 0.3835233151912689, epochs needed: 40


 Tracking generation 29
------------------------- TRACKING ---------------------------
Matrix Hash: 786fa7d37618810c, num_times_seen_before: 0
ACC: 0.7333333333333334
TPR/FPR: 0.875, 0.3448275862068966
Loss: 0.3835233151912689
Timestamp: 581.3139568409997
---------------------------------------------------------------
Candidate: 19b2a496648d4257. Changes:3
Mean loss in evaluation epoch: 0.37950897216796875, epochs needed: 40
smaller, so accepting
Mean loss in evaluation epoch: 0.37891241908073425, epochs needed: 40


 Tracking generation 30
------------------------- TRACKING ---------------------------
Matrix Hash: 19b2a496648d4257, num_times_seen_before: 0
ACC: 0.7555555555555555
TPR/FPR: 0.9375, 0.3448275862068966
Loss: 0.37891241908073425
Timestamp: 600.6613297160002
---------------------------------------------------------------
Candidate: 9540ac11547305d8. Changes:9
Mean loss in evaluation epoch: 0.38335949182510376, epochs needed: 40
will accept with prob tensor(0.2394)
accepting!
Mean loss in evaluation epoch: 0.3836109936237335, epochs needed: 40


 Tracking generation 31
------------------------- TRACKING ---------------------------
Matrix Hash: 9540ac11547305d8, num_times_seen_before: 0
ACC: 0.7333333333333334
TPR/FPR: 0.6875, 0.2413793103448276
Loss: 0.3836109936237335
Timestamp: 620.2955763170003
---------------------------------------------------------------
Candidate: 6162a7b5353f2100. Changes:8
Mean loss in evaluation epoch: 0.3775765597820282, epochs needed: 40
smaller, so accepting
Mean loss in evaluation epoch: 0.3777245283126831, epochs needed: 40


 Tracking generation 32
------------------------- TRACKING ---------------------------
Matrix Hash: 6162a7b5353f2100, num_times_seen_before: 0
ACC: 0.7333333333333334
TPR/FPR: 0.9375, 0.3793103448275862
Loss: 0.3777245283126831
Timestamp: 640.0691587949996
---------------------------------------------------------------
Candidate: ed025ec8255e19c9. Changes:11
Mean loss in evaluation epoch: 0.37923845648765564, epochs needed: 40
will accept with prob tensor(0.5668)
accepting!
Mean loss in evaluation epoch: 0.3800697922706604, epochs needed: 40


 Tracking generation 33
------------------------- TRACKING ---------------------------
Matrix Hash: ed025ec8255e19c9, num_times_seen_before: 0
ACC: 0.8
TPR/FPR: 1.0, 0.3103448275862069
Loss: 0.3800697922706604
Timestamp: 659.6716847079997
---------------------------------------------------------------
Candidate: 6e4a153fd5340797. Changes:3
Mean loss in evaluation epoch: 0.3805046081542969, epochs needed: 40
will accept with prob tensor(0.8370)
accepting!
Mean loss in evaluation epoch: 0.38119935989379883, epochs needed: 40


 Tracking generation 34
------------------------- TRACKING ---------------------------
Matrix Hash: 6e4a153fd5340797, num_times_seen_before: 0
ACC: 0.8222222222222222
TPR/FPR: 0.9375, 0.2413793103448276
Loss: 0.38119935989379883
Timestamp: 679.6672285510003
---------------------------------------------------------------
Candidate: cbd0ae26476c84a4. Changes:10
Mean loss in evaluation epoch: 0.38157400488853455, epochs needed: 40
will accept with prob tensor(0.8449)
accepting!
Mean loss in evaluation epoch: 0.38206198811531067, epochs needed: 40


 Tracking generation 35
------------------------- TRACKING ---------------------------
Matrix Hash: cbd0ae26476c84a4, num_times_seen_before: 0
ACC: 0.7777777777777778
TPR/FPR: 0.75, 0.20689655172413793
Loss: 0.38206198811531067
Timestamp: 699.4332464939998
---------------------------------------------------------------
Candidate: 9e845aa3f528d5d6. Changes:3
Mean loss in evaluation epoch: 0.378743052482605, epochs needed: 40
smaller, so accepting
Mean loss in evaluation epoch: 0.3787572383880615, epochs needed: 40


 Tracking generation 36
------------------------- TRACKING ---------------------------
Matrix Hash: 9e845aa3f528d5d6, num_times_seen_before: 0
ACC: 0.8
TPR/FPR: 0.8125, 0.20689655172413793
Loss: 0.3787572383880615
Timestamp: 719.1962804980003
---------------------------------------------------------------
Candidate: d0ff848f54087e24. Changes:7
Mean loss in evaluation epoch: 0.3818466067314148, epochs needed: 40
will accept with prob tensor(0.1759)
rejecting.
Mean loss in evaluation epoch: 0.3790256679058075, epochs needed: 40


 Tracking generation 37
------------------------- TRACKING ---------------------------
Matrix Hash: 9e845aa3f528d5d6, num_times_seen_before: 1
ACC: 0.8
TPR/FPR: 0.8125, 0.20689655172413793
Loss: 0.3790256679058075
Timestamp: 739.3061928839998
---------------------------------------------------------------
Candidate: 5f80f9e2ac96e0b9. Changes:14
Mean loss in evaluation epoch: 0.38092052936553955, epochs needed: 40
will accept with prob tensor(0.2958)
accepting!
Mean loss in evaluation epoch: 0.37996649742126465, epochs needed: 40


 Tracking generation 38
------------------------- TRACKING ---------------------------
Matrix Hash: 5f80f9e2ac96e0b9, num_times_seen_before: 0
ACC: 0.7555555555555555
TPR/FPR: 0.9375, 0.3448275862068966
Loss: 0.37996649742126465
Timestamp: 759.1636801289997
---------------------------------------------------------------
Candidate: 3a032302219a7762. Changes:5
Mean loss in evaluation epoch: 0.380431592464447, epochs needed: 40
will accept with prob tensor(0.7055)
accepting!
Mean loss in evaluation epoch: 0.37984704971313477, epochs needed: 40


 Tracking generation 39
------------------------- TRACKING ---------------------------
Matrix Hash: 3a032302219a7762, num_times_seen_before: 0
ACC: 0.7333333333333334
TPR/FPR: 1.0, 0.41379310344827586
Loss: 0.37984704971313477
Timestamp: 779.2106170859997
---------------------------------------------------------------
Candidate: 8bb8729fbfe0d768. Changes:7
Mean loss in evaluation epoch: 0.37730517983436584, epochs needed: 40
smaller, so accepting
Mean loss in evaluation epoch: 0.37821584939956665, epochs needed: 40


 Tracking generation 40
------------------------- TRACKING ---------------------------
Matrix Hash: 8bb8729fbfe0d768, num_times_seen_before: 0
ACC: 0.8
TPR/FPR: 1.0, 0.3103448275862069
Loss: 0.37821584939956665
Timestamp: 799.184623229
---------------------------------------------------------------
Candidate: a82d591a9242efce. Changes:6
Mean loss in evaluation epoch: 0.37670251727104187, epochs needed: 40
smaller, so accepting
Mean loss in evaluation epoch: 0.37696120142936707, epochs needed: 40


 Tracking generation 41
------------------------- TRACKING ---------------------------
Matrix Hash: a82d591a9242efce, num_times_seen_before: 0
ACC: 0.8888888888888888
TPR/FPR: 0.9375, 0.13793103448275862
Loss: 0.37696120142936707
Timestamp: 818.6077339479998
---------------------------------------------------------------
Candidate: 22f6ec8ef6170aa0. Changes:4
Mean loss in evaluation epoch: 0.3735756576061249, epochs needed: 40
smaller, so accepting
Mean loss in evaluation epoch: 0.373918741941452, epochs needed: 40


 Tracking generation 42
------------------------- TRACKING ---------------------------
Matrix Hash: 22f6ec8ef6170aa0, num_times_seen_before: 0
ACC: 0.9333333333333333
TPR/FPR: 1.0, 0.10344827586206896
Loss: 0.373918741941452
Timestamp: 838.4034762170004
---------------------------------------------------------------
Candidate: 598698ea3024dc77. Changes:6
Mean loss in evaluation epoch: 0.3753002882003784, epochs needed: 40
will accept with prob tensor(0.0447)
rejecting.
Mean loss in evaluation epoch: 0.3733151853084564, epochs needed: 40


 Tracking generation 43
------------------------- TRACKING ---------------------------
Matrix Hash: 22f6ec8ef6170aa0, num_times_seen_before: 1
ACC: 0.9333333333333333
TPR/FPR: 1.0, 0.10344827586206896
Loss: 0.3733151853084564
Timestamp: 857.8865245449997
---------------------------------------------------------------
Candidate: 464ce438cc36781f. Changes:4
Mean loss in evaluation epoch: 0.37522464990615845, epochs needed: 40
will accept with prob tensor(0.0002)
rejecting.
Mean loss in evaluation epoch: 0.37350669503211975, epochs needed: 40


 Tracking generation 44
------------------------- TRACKING ---------------------------
Matrix Hash: 22f6ec8ef6170aa0, num_times_seen_before: 2
ACC: 0.9333333333333333
TPR/FPR: 1.0, 0.10344827586206896
Loss: 0.37350669503211975
Timestamp: 877.2103435520003
---------------------------------------------------------------
Candidate: 573d27a9596926e5. Changes:10
Mean loss in evaluation epoch: 0.3876766264438629, epochs needed: 40
will accept with prob tensor(0.)
rejecting.
------------------------- TRACKING ---------------------------
Matrix Hash: 22f6ec8ef6170aa0, num_times_seen_before: 3
ACC: 0.9333333333333333
TPR/FPR: 1.0, 0.10344827586206896
Loss: 0.37350669503211975
Timestamp: 887.0062385519996
---------------------------------------------------------------
Time needed: 897.157897912 sec
----------------- Final results across all experiments ---------------
accs: [0.8, 0.5111111111111111, 0.9333333333333333, 0.6888888888888889, 0.9333333333333333]
tprs: [0.8125, 0.6875, 1.0, 0.9375, 1.0]
fprs: [0.20689655172413793, 0.5862068965517241, 0.10344827586206896, 0.4482758620689655, 0.10344827586206896]
mean acc: 0.7733333706855774
mean tpr: 0.887499988079071
mean fpr: 0.2896551489830017
