num samples: 1000
NUM_TRAIN_SAMPLES: 999
NUM_TRAIN_BATCHES: 10
NUM_TEST_SAMPLES: 999
NUM_TEST_BATCHES: 10
BATCH_SIZE: 100
HIDDEN_SIZE: 128
NUM_DYN_EPOCHS: 200
IS_CONTINUOUS: False
USE_MAX: False
../data/final/netrd/SIS/timeseries_ba10_1k_0.15.pickle
../data/final/edges_ba10.pickle
CONTINUATION: False
CONT_ADDRESS: D:\Uni\BA\ColabOutputs\ba20\2020-12-10T22_50_22.113418
SEED: 0
NUM_DYN_EPOCHS: 200
NUM_DYN_EPOCHS_INIT: 200
DETECT_EARLY_CONVERGENCE: False
RESET_DYN_LEARNER_EVERY_NTH_GEN: 1
POP_SIZE: 10
NEWPOP_SIZE: 30
NUM_GEN: 45
USE_NODEWISE_EVALUATION: False
USE_EVALEPOCH_FOR_GUIDED_MUTATION: False
USE_DETERMINISTIC_EVAL: False
--------------------- Start training ------------------------
evaluating individudal 0 - b5dfaaab4356012c. Mean loss in evaluation epoch: 0.3843224346637726, epochs needed: 200
evaluating individudal 1 - 47fb102d73aa1ff9. Mean loss in evaluation epoch: 0.38458043336868286, epochs needed: 200
evaluating individudal 2 - b41a187ecc4ddfca. Mean loss in evaluation epoch: 0.3797297179698944, epochs needed: 200
evaluating individudal 3 - b2f3945d4bf08eda. Mean loss in evaluation epoch: 0.3806694447994232, epochs needed: 200
evaluating individudal 4 - 4a8f7fe9ac34ca58. Mean loss in evaluation epoch: 0.37610796093940735, epochs needed: 200
evaluating individudal 5 - 7e919bbe24b0b4ee. Mean loss in evaluation epoch: 0.3815558850765228, epochs needed: 200
evaluating individudal 6 - 9e78a853c7716ab0. Mean loss in evaluation epoch: 0.3800509572029114, epochs needed: 200
evaluating individudal 7 - 6089c7b2803bd0f3. Mean loss in evaluation epoch: 0.38069140911102295, epochs needed: 200
evaluating individudal 8 - 444ce2c97ba24303. Mean loss in evaluation epoch: 0.3831476867198944, epochs needed: 200
evaluating individudal 9 - 823b471034dfd3ed. Mean loss in evaluation epoch: 0.3832671344280243, epochs needed: 200
Round 0 done. -----------------------------------------
------------------------- TRACKING ---------------------------
Matrix Hash: 4a8f7fe9ac34ca58, num_times_seen_before: 0
ACC: 0.6444444444444444
TPR/FPR: 0.5625, 0.3103448275862069
Loss: 0.37610796093940735
Timestamp: 0
---------------------------------------------------------------
evaluating individudal 0 - 6596e150188d0230. Mean loss in evaluation epoch: 0.37974095344543457, epochs needed: 200
evaluating individudal 1 - 6c3a27acdba09ceb. Mean loss in evaluation epoch: 0.37384697794914246, epochs needed: 200
evaluating individudal 2 - affc8c82639d155e. Mean loss in evaluation epoch: 0.37518271803855896, epochs needed: 200
evaluating individudal 3 - fc6062474b41deb8. Mean loss in evaluation epoch: 0.3780403435230255, epochs needed: 200
evaluating individudal 4 - 4df8a73b29ad0840. Mean loss in evaluation epoch: 0.37800726294517517, epochs needed: 200
evaluating individudal 5 - c8c2c0941f7d9312. Mean loss in evaluation epoch: 0.37828579545021057, epochs needed: 200
evaluating individudal 6 - 4307a82c2fd851a7. Mean loss in evaluation epoch: 0.37702152132987976, epochs needed: 200
evaluating individudal 7 - e635559fe5e55d81. Mean loss in evaluation epoch: 0.37750884890556335, epochs needed: 200
evaluating individudal 8 - 5d562a644ec2d730. Mean loss in evaluation epoch: 0.3767729699611664, epochs needed: 200
evaluating individudal 9 - 39cd1d35e1552386. Mean loss in evaluation epoch: 0.3731437623500824, epochs needed: 200
evaluating individudal 10 - e052d4ea3649cf58. Mean loss in evaluation epoch: 0.37590059638023376, epochs needed: 200
evaluating individudal 11 - 86b58bd23f04745f. Mean loss in evaluation epoch: 0.37446391582489014, epochs needed: 200
evaluating individudal 12 - 08277a198eac6c26. Mean loss in evaluation epoch: 0.37382155656814575, epochs needed: 200
evaluating individudal 13 - 2f0f19d94241f013. Mean loss in evaluation epoch: 0.37429389357566833, epochs needed: 200
evaluating individudal 14 - 496792bcd8f74e15. Mean loss in evaluation epoch: 0.37601953744888306, epochs needed: 200
evaluating individudal 15 - 7c6a2f13872583e5. Mean loss in evaluation epoch: 0.37606745958328247, epochs needed: 200
evaluating individudal 16 - 8b6570974a5d5d34. Mean loss in evaluation epoch: 0.37543463706970215, epochs needed: 200
evaluating individudal 17 - a1ec6697207dcae9. Mean loss in evaluation epoch: 0.37372899055480957, epochs needed: 200
evaluating individudal 18 - 4a2c559d0af65431. Mean loss in evaluation epoch: 0.3761659264564514, epochs needed: 200
evaluating individudal 19 - 49b9c020f0fa53d4. Mean loss in evaluation epoch: 0.37805086374282837, epochs needed: 200
evaluating individudal 20 - 2ad3841b3f9e0461. Mean loss in evaluation epoch: 0.3768225610256195, epochs needed: 200
evaluating individudal 21 - fea6bdb11f589a2b. Mean loss in evaluation epoch: 0.37724313139915466, epochs needed: 200
evaluating individudal 22 - 1cbc1174a4abdc35. Mean loss in evaluation epoch: 0.37579837441444397, epochs needed: 200
evaluating individudal 23 - 4c26d9fb5a1f0850. Mean loss in evaluation epoch: 0.3783114552497864, epochs needed: 200
evaluating individudal 24 - 4d9086bf20bb27b1. Mean loss in evaluation epoch: 0.37557050585746765, epochs needed: 200
evaluating individudal 25 - 0f02a55686d208b4. Mean loss in evaluation epoch: 0.3766079843044281, epochs needed: 200
evaluating individudal 26 - 9687036cf7eb151e. Mean loss in evaluation epoch: 0.37407270073890686, epochs needed: 200
evaluating individudal 27 - 597de8e14d8a4e15. Mean loss in evaluation epoch: 0.37615081667900085, epochs needed: 200
evaluating individudal 28 - 85e0606a9d3dce8a. Mean loss in evaluation epoch: 0.3765687942504883, epochs needed: 200
evaluating individudal 29 - 90d1759bdf69b0d8. Mean loss in evaluation epoch: 0.37938547134399414, epochs needed: 200
evaluating individudal 0 - b5dfaaab4356012c. Mean loss in evaluation epoch: 0.3843078911304474, epochs needed: 200
evaluating individudal 1 - 47fb102d73aa1ff9. Mean loss in evaluation epoch: 0.38461360335350037, epochs needed: 200
evaluating individudal 2 - b41a187ecc4ddfca. Mean loss in evaluation epoch: 0.38070517778396606, epochs needed: 200
evaluating individudal 3 - b2f3945d4bf08eda. Mean loss in evaluation epoch: 0.38337430357933044, epochs needed: 200
evaluating individudal 4 - 4a8f7fe9ac34ca58. Mean loss in evaluation epoch: 0.3766496777534485, epochs needed: 200
evaluating individudal 5 - 7e919bbe24b0b4ee. Mean loss in evaluation epoch: 0.38177940249443054, epochs needed: 200
evaluating individudal 6 - 9e78a853c7716ab0. Mean loss in evaluation epoch: 0.38022908568382263, epochs needed: 200
evaluating individudal 7 - 6089c7b2803bd0f3. Mean loss in evaluation epoch: 0.38054338097572327, epochs needed: 200
evaluating individudal 8 - 444ce2c97ba24303. Mean loss in evaluation epoch: 0.3831588625907898, epochs needed: 200
evaluating individudal 9 - 823b471034dfd3ed. Mean loss in evaluation epoch: 0.38374730944633484, epochs needed: 200
Round 1 done. -----------------------------------------
------------------------- TRACKING ---------------------------
Matrix Hash: 39cd1d35e1552386, num_times_seen_before: 0
ACC: 0.4222222222222223
TPR/FPR: 0.5625, 0.6551724137931034
Loss: 0.3731437623500824
Timestamp: 422.10895676600194
---------------------------------------------------------------
evaluating individudal 0 - 02ce051e7ceedd19. Mean loss in evaluation epoch: 0.37945249676704407, epochs needed: 200
evaluating individudal 1 - b582d0beeaf77e95. Mean loss in evaluation epoch: 0.3726060092449188, epochs needed: 200
evaluating individudal 2 - 312005a69f0c8414. Mean loss in evaluation epoch: 0.3793126046657562, epochs needed: 200
evaluating individudal 3 - 45258301ca45dca9. Mean loss in evaluation epoch: 0.3721579313278198, epochs needed: 200
evaluating individudal 4 - aeb4c5ad81adc759. Mean loss in evaluation epoch: 0.374216765165329, epochs needed: 200
evaluating individudal 5 - def13e515cfaf1ab. Mean loss in evaluation epoch: 0.3747096359729767, epochs needed: 200
evaluating individudal 6 - 360782e6090312c9. Mean loss in evaluation epoch: 0.3749413788318634, epochs needed: 200
evaluating individudal 7 - 5f20e32451deac0c. Mean loss in evaluation epoch: 0.3752628266811371, epochs needed: 200
evaluating individudal 8 - 6ca2d41a056374ca. Mean loss in evaluation epoch: 0.378581166267395, epochs needed: 200
evaluating individudal 9 - 72f1e650d5cc15a9. Mean loss in evaluation epoch: 0.3736875653266907, epochs needed: 200
evaluating individudal 10 - 20c7c55b8282caf7. Mean loss in evaluation epoch: 0.37672707438468933, epochs needed: 200
evaluating individudal 11 - 7486e77cae51e8c7. Mean loss in evaluation epoch: 0.3744874894618988, epochs needed: 200
evaluating individudal 12 - 2cb88ab44cd3eaeb. Mean loss in evaluation epoch: 0.3757825493812561, epochs needed: 200
evaluating individudal 13 - 5c9c14a2c9218b66. Mean loss in evaluation epoch: 0.379060298204422, epochs needed: 200
evaluating individudal 14 - e3b2bff90b62556a. Mean loss in evaluation epoch: 0.37667733430862427, epochs needed: 200
evaluating individudal 15 - ee643744207f4f8b. Mean loss in evaluation epoch: 0.371553897857666, epochs needed: 200
evaluating individudal 16 - 8115b8c2da4649de. Mean loss in evaluation epoch: 0.3751048743724823, epochs needed: 200
evaluating individudal 17 - b5f16592b4130bc6. Mean loss in evaluation epoch: 0.37385377287864685, epochs needed: 200
evaluating individudal 18 - 85bd859e78e370d9. Mean loss in evaluation epoch: 0.37367138266563416, epochs needed: 200
evaluating individudal 19 - 43578c6ee073970e. Mean loss in evaluation epoch: 0.38001081347465515, epochs needed: 200
evaluating individudal 20 - d96883c1fb33f011. Mean loss in evaluation epoch: 0.37835463881492615, epochs needed: 200
evaluating individudal 21 - ac2559896bd3ac7d. Mean loss in evaluation epoch: 0.3770751953125, epochs needed: 200
evaluating individudal 22 - 127f5132cdda04e6. Mean loss in evaluation epoch: 0.37435442209243774, epochs needed: 200
evaluating individudal 23 - 90bfcdf6e55911e3. Mean loss in evaluation epoch: 0.37607964873313904, epochs needed: 200
evaluating individudal 24 - 7d509d5598ef8663. Mean loss in evaluation epoch: 0.37488019466400146, epochs needed: 200
evaluating individudal 25 - e840527e596ce3f8. Mean loss in evaluation epoch: 0.37436673045158386, epochs needed: 200
evaluating individudal 26 - 2027ae625dfb6ec9. Mean loss in evaluation epoch: 0.3765384256839752, epochs needed: 200
evaluating individudal 27 - ce0c3fd0ca8a8c67. Mean loss in evaluation epoch: 0.37279799580574036, epochs needed: 200
evaluating individudal 28 - c3fa56fd185ed11a. Mean loss in evaluation epoch: 0.3754596710205078, epochs needed: 200
evaluating individudal 29 - f52f50e80ef5a8d9. Mean loss in evaluation epoch: 0.3727688491344452, epochs needed: 200
evaluating individudal 0 - 39cd1d35e1552386. Mean loss in evaluation epoch: 0.3746199607849121, epochs needed: 200
evaluating individudal 1 - a1ec6697207dcae9. Mean loss in evaluation epoch: 0.3739050626754761, epochs needed: 200
evaluating individudal 2 - 08277a198eac6c26. Mean loss in evaluation epoch: 0.37390607595443726, epochs needed: 200
evaluating individudal 3 - 6c3a27acdba09ceb. Mean loss in evaluation epoch: 0.37408509850502014, epochs needed: 200
evaluating individudal 4 - 9687036cf7eb151e. Mean loss in evaluation epoch: 0.37453708052635193, epochs needed: 200
evaluating individudal 5 - 2f0f19d94241f013. Mean loss in evaluation epoch: 0.37398678064346313, epochs needed: 200
evaluating individudal 6 - 86b58bd23f04745f. Mean loss in evaluation epoch: 0.3774210512638092, epochs needed: 200
evaluating individudal 7 - affc8c82639d155e. Mean loss in evaluation epoch: 0.3748704493045807, epochs needed: 200
evaluating individudal 8 - 8b6570974a5d5d34. Mean loss in evaluation epoch: 0.37434569001197815, epochs needed: 200
evaluating individudal 9 - 4d9086bf20bb27b1. Mean loss in evaluation epoch: 0.37613803148269653, epochs needed: 200
Round 2 done. -----------------------------------------
------------------------- TRACKING ---------------------------
Matrix Hash: ee643744207f4f8b, num_times_seen_before: 0
ACC: 0.5555555555555556
TPR/FPR: 0.3125, 0.3103448275862069
Loss: 0.371553897857666
Timestamp: 834.9638074390023
---------------------------------------------------------------
evaluating individudal 0 - 35cc21ce8585e23e. Mean loss in evaluation epoch: 0.37482327222824097, epochs needed: 200
evaluating individudal 1 - 7c95ab0bdabacfe8. Mean loss in evaluation epoch: 0.3783697783946991, epochs needed: 200
evaluating individudal 2 - 6bd09cdb456d072f. Mean loss in evaluation epoch: 0.37717458605766296, epochs needed: 200
evaluating individudal 3 - 5bbd60636f44dfac. Mean loss in evaluation epoch: 0.37047508358955383, epochs needed: 200
evaluating individudal 4 - 88daa6de12e1da09. Mean loss in evaluation epoch: 0.37846148014068604, epochs needed: 200
evaluating individudal 5 - f1c00c671e06bf3b. Mean loss in evaluation epoch: 0.37624117732048035, epochs needed: 200
evaluating individudal 6 - ee4809281f667d14. Mean loss in evaluation epoch: 0.37685632705688477, epochs needed: 200
evaluating individudal 7 - a4ab9ab7f7418386. Mean loss in evaluation epoch: 0.3749264180660248, epochs needed: 200
evaluating individudal 8 - 10cbe1a428bbffee. Mean loss in evaluation epoch: 0.3800058662891388, epochs needed: 200
evaluating individudal 9 - 77a162ffa09972cb. Mean loss in evaluation epoch: 0.37769103050231934, epochs needed: 200
evaluating individudal 10 - 26a3a64e23c27441. Mean loss in evaluation epoch: 0.37859123945236206, epochs needed: 200
evaluating individudal 11 - 4b3a28cad097e5d4. Mean loss in evaluation epoch: 0.3747922480106354, epochs needed: 200
evaluating individudal 12 - 4008b9a424ca8fa6. Mean loss in evaluation epoch: 0.374742329120636, epochs needed: 200
evaluating individudal 13 - c6f26077b1f0b71c. Mean loss in evaluation epoch: 0.3712445795536041, epochs needed: 200
evaluating individudal 14 - 32ef263679bfea06. Mean loss in evaluation epoch: 0.3742483854293823, epochs needed: 200
evaluating individudal 15 - 11d9d21a98d54d25. Mean loss in evaluation epoch: 0.36817869544029236, epochs needed: 200
evaluating individudal 16 - ab504f3013d6beaf. Mean loss in evaluation epoch: 0.37616443634033203, epochs needed: 200
evaluating individudal 17 - 4abc11070e1583da. Mean loss in evaluation epoch: 0.37143436074256897, epochs needed: 200
evaluating individudal 18 - 33ea45dbec001f85. Mean loss in evaluation epoch: 0.37270233035087585, epochs needed: 200
evaluating individudal 19 - 711f865398491dfe. Mean loss in evaluation epoch: 0.37756046652793884, epochs needed: 200
evaluating individudal 20 - a3a8f2decc999d5b. Mean loss in evaluation epoch: 0.3742590546607971, epochs needed: 200
evaluating individudal 21 - 6fd525b70bd7a406. Mean loss in evaluation epoch: 0.3715799152851105, epochs needed: 200
evaluating individudal 22 - f8b468b85f256a9e. Mean loss in evaluation epoch: 0.3767207860946655, epochs needed: 200
evaluating individudal 23 - c7f84ae618e84751. Mean loss in evaluation epoch: 0.3741152882575989, epochs needed: 200
evaluating individudal 24 - 0801e72387072dab. Mean loss in evaluation epoch: 0.3748648762702942, epochs needed: 200
evaluating individudal 25 - f6da2495e60095dc. Mean loss in evaluation epoch: 0.37634801864624023, epochs needed: 200
evaluating individudal 26 - 6f2fc6c943bbdc9d. Mean loss in evaluation epoch: 0.3786868751049042, epochs needed: 200
evaluating individudal 27 - d69cd842b8e4338e. Mean loss in evaluation epoch: 0.37448152899742126, epochs needed: 200
evaluating individudal 28 - 05dc027c2d03ad5f. Mean loss in evaluation epoch: 0.3766920864582062, epochs needed: 200
evaluating individudal 29 - 80f26813d0011d48. Mean loss in evaluation epoch: 0.3684552013874054, epochs needed: 200
evaluating individudal 0 - ee643744207f4f8b. Mean loss in evaluation epoch: 0.3721298575401306, epochs needed: 200
evaluating individudal 1 - 45258301ca45dca9. Mean loss in evaluation epoch: 0.3719017207622528, epochs needed: 200
evaluating individudal 2 - b582d0beeaf77e95. Mean loss in evaluation epoch: 0.37287822365760803, epochs needed: 200
evaluating individudal 3 - f52f50e80ef5a8d9. Mean loss in evaluation epoch: 0.37226054072380066, epochs needed: 200
evaluating individudal 4 - ce0c3fd0ca8a8c67. Mean loss in evaluation epoch: 0.3728155195713043, epochs needed: 200
evaluating individudal 5 - 85bd859e78e370d9. Mean loss in evaluation epoch: 0.37364718317985535, epochs needed: 200
evaluating individudal 6 - 72f1e650d5cc15a9. Mean loss in evaluation epoch: 0.3736707866191864, epochs needed: 200
evaluating individudal 7 - b5f16592b4130bc6. 