../data/final/Voter/timeseries_ba20_1k.pickle
../data/final/edges_ba20.pickle
CONTINUATION: False
CONT_ADDRESS: ./hillclimbing_logs/linear/final/heuristics_comp/deterministic/cml/ba10_1k_restart_3.5_random/2021-03-04T15_54_10.394816
SEED: 0
NUM_DYN_EPOCHS: 30
DETECT_EARLY_CONVERGENCE: False
USE_EVALEPOCH_FOR_GUIDED_MUTATION: False
USE_NODEWISE_LOSS: False
USE_DYNAMIC_STEPS: True
NUM_GEN: 45
DETERMINISTIC_EVAL: False
FREE WALK: False
EXPERIMENTS: 5
NUM_TRAIN_SAMPLES: 1000
NUM_TRAIN_BATCHES: 10
NUM_TEST_SAMPLES: 1000
NUM_TEST_BATCHES: 10
BATCH_SIZE: 100
HIDDEN_SIZE: 128
NUM_DYN_EPOCHS: 30
IS_CONTINUOUS: False
USE_MAX: False

Generation 0
Mean loss in evaluation epoch: 0.5488151907920837, epochs needed: 30
------------------------- TRACKING ---------------------------
Matrix Hash: bcfde9534d3bfd59, num_times_seen_before: 0
ACC: 0.4789473684210527
TPR/FPR: 0.5833333333333334, 0.5454545454545454
Loss: 0.5488151907920837
Timestamp: 0
---------------------------------------------------------------
[tensor([0, 5]), tensor([0, 9]), tensor([2, 9]), tensor([3, 7]), tensor([3, 9]), tensor([ 3, 12]), tensor([ 3, 15]), tensor([ 3, 18]), tensor([5, 8]), tensor([6, 8]), tensor([ 6, 14]), tensor([ 7, 10]), tensor([ 7, 16]), tensor([ 7, 18]), tensor([8, 9]), tensor([ 8, 18]), tensor([10, 14]), tensor([10, 15]), tensor([14, 17]), tensor([14, 19]), tensor([16, 18]), tensor([18, 19])]
Mean loss in evaluation epoch: 0.5097643136978149, epochs needed: 30
Accepting!

Generation 1
Mean loss in evaluation epoch: 0.5096715092658997, epochs needed: 30
------------------------- TRACKING ---------------------------
Matrix Hash: c0cd971b58ac5dac, num_times_seen_before: 0
ACC: 0.5842105263157895
TPR/FPR: 0.9166666666666666, 0.4935064935064935
Loss: 0.5096715092658997
Timestamp: 3.1515617890000005
---------------------------------------------------------------
[tensor([ 0, 12]), tensor([ 0, 19]), tensor([1, 4]), tensor([ 1, 10]), tensor([ 1, 14]), tensor([ 1, 16]), tensor([2, 4]), tensor([2, 8]), tensor([ 2, 15]), tensor([ 2, 18]), tensor([ 2, 19]), tensor([3, 4]), tensor([ 3, 19]), tensor([4, 8]), tensor([4, 9]), tensor([ 4, 10]), tensor([ 4, 15]), tensor([5, 7]), tensor([ 5, 14]), tensor([6, 9]), tensor([ 6, 10]), tensor([7, 8]), tensor([ 7, 10]), tensor([ 7, 12]), tensor([ 7, 13]), tensor([ 9, 16]), tensor([ 9, 18]), tensor([ 9, 19]), tensor([10, 14]), tensor([11, 18]), tensor([12, 14]), tensor([12, 15]), tensor([12, 18]), tensor([13, 18]), tensor([17, 18])]
Mean loss in evaluation epoch: 0.4773031175136566, epochs needed: 30
Accepting!

Generation 2
Mean loss in evaluation epoch: 0.47558507323265076, epochs needed: 30
------------------------- TRACKING ---------------------------
Matrix Hash: e33c943828a519cf, num_times_seen_before: 0
ACC: 0.7263157894736842
TPR/FPR: 1.0, 0.33766233766233766
Loss: 0.47558507323265076
Timestamp: 6.394755053999999
---------------------------------------------------------------
[tensor([0, 6]), tensor([ 0, 11]), tensor([ 0, 14]), tensor([ 0, 18]), tensor([1, 5]), tensor([1, 7]), tensor([ 1, 12]), tensor([ 1, 15]), tensor([2, 5]), tensor([4, 5]), tensor([4, 7]), tensor([ 4, 13]), tensor([ 4, 14]), tensor([ 4, 19]), tensor([ 5, 10]), tensor([ 5, 15]), tensor([ 5, 16]), tensor([ 6, 13]), tensor([ 6, 17]), tensor([7, 9]), tensor([ 7, 17]), tensor([ 7, 19]), tensor([ 8, 11]), tensor([ 8, 14]), tensor([ 8, 17]), tensor([ 9, 12]), tensor([10, 13]), tensor([10, 14]), tensor([10, 16]), tensor([10, 19]), tensor([12, 16]), tensor([12, 19]), tensor([13, 15]), tensor([13, 16]), tensor([14, 15]), tensor([15, 16]), tensor([16, 19])]
Mean loss in evaluation epoch: 0.4300456643104553, epochs needed: 30
Accepting!

Generation 3
Mean loss in evaluation epoch: 0.43073272705078125, epochs needed: 30
------------------------- TRACKING ---------------------------
Matrix Hash: 01a64452b3dcf08c, num_times_seen_before: 0
ACC: 0.8789473684210526
TPR/FPR: 1.0, 0.14935064935064934
Loss: 0.43073272705078125
Timestamp: 9.808769022
---------------------------------------------------------------
[tensor([1, 5]), tensor([1, 8]), tensor([ 1, 17]), tensor([ 2, 17]), tensor([3, 8]), tensor([ 5, 12]), tensor([ 5, 14]), tensor([ 5, 16]), tensor([ 7, 11]), tensor([ 7, 15]), tensor([ 9, 15]), tensor([10, 16]), tensor([11, 15]), tensor([13, 14]), tensor([13, 17]), tensor([15, 16]), tensor([16, 18]), tensor([16, 19])]
Mean loss in evaluation epoch: 0.40380269289016724, epochs needed: 30
Accepting!

Generation 4
Mean loss in evaluation epoch: 0.3985109329223633, epochs needed: 30
------------------------- TRACKING ---------------------------
Matrix Hash: 5f0bb42d264fdc9f, num_times_seen_before: 0
ACC: 0.9210526315789473
TPR/FPR: 1.0, 0.09740259740259741
Loss: 0.3985109329223633
Timestamp: 13.51850061
---------------------------------------------------------------
[tensor([ 0, 10]), tensor([1, 9]), tensor([ 1, 17]), tensor([3, 8]), tensor([ 4, 13]), tensor([ 4, 18]), tensor([ 5, 15]), tensor([ 5, 16]), tensor([ 6, 15]), tensor([ 7, 13]), tensor([ 8, 17]), tensor([ 9, 17]), tensor([10, 17]), tensor([13, 16]), tensor([13, 17]), tensor([15, 16]), tensor([16, 19])]
Mean loss in evaluation epoch: 0.38617730140686035, epochs needed: 30
Accepting!

Generation 5
Mean loss in evaluation epoch: 0.3848048746585846, epochs needed: 30
------------------------- TRACKING ---------------------------
Matrix Hash: 1bc1a36416126a20, num_times_seen_before: 0
ACC: 0.9578947368421052
TPR/FPR: 1.0, 0.05194805194805195
Loss: 0.3848048746585846
Timestamp: 17.06635232
---------------------------------------------------------------
[tensor([ 1, 13]), tensor([3, 8]), tensor([ 3, 19]), tensor([ 4, 13]), tensor([ 5, 15]), tensor([ 8, 17]), tensor([ 9, 17]), tensor([13, 16]), tensor([13, 17])]
Mean loss in evaluation epoch: 0.36346206068992615, epochs needed: 30
Accepting!

Generation 6
Mean loss in evaluation epoch: 0.36076265573501587, epochs needed: 30
------------------------- TRACKING ---------------------------
Matrix Hash: 0ed43e2e4496056b, num_times_seen_before: 0
ACC: 0.9631578947368421
TPR/FPR: 1.0, 0.045454545454545456
Loss: 0.36076265573501587
Timestamp: 20.272762356
---------------------------------------------------------------
[tensor([2, 3]), tensor([ 2, 11]), tensor([3, 4]), tensor([3, 8]), tensor([3, 9]), tensor([ 3, 18]), tensor([ 3, 19]), tensor([ 4, 13]), tensor([ 4, 17]), tensor([ 5, 12]), tensor([ 7, 13]), tensor([13, 14]), tensor([13, 16]), tensor([16, 17]), tensor([16, 19])]
Mean loss in evaluation epoch: 0.4047607481479645, epochs needed: 30
Rejecting!

Generation 7
Mean loss in evaluation epoch: 0.36126062273979187, epochs needed: 30
------------------------- TRACKING ---------------------------
Matrix Hash: 0ed43e2e4496056b, num_times_seen_before: 1
ACC: 0.9631578947368421
TPR/FPR: 1.0, 0.045454545454545456
Loss: 0.36126062273979187
Timestamp: 23.627288366
---------------------------------------------------------------
[tensor([ 3, 18]), tensor([ 3, 19]), tensor([ 4, 13]), tensor([ 4, 18]), tensor([ 5, 16]), tensor([ 7, 10]), tensor([ 7, 12]), tensor([ 7, 13]), tensor([10, 16]), tensor([13, 16]), tensor([14, 16]), tensor([16, 19])]
Mean loss in evaluation epoch: 0.3730933368206024, epochs needed: 30
Rejecting!

Generation 8
Mean loss in evaluation epoch: 0.3601764440536499, epochs needed: 30
------------------------- TRACKING ---------------------------
Matrix Hash: 0ed43e2e4496056b, num_times_seen_before: 2
ACC: 0.9631578947368421
TPR/FPR: 1.0, 0.045454545454545456
Loss: 0.3601764440536499
Timestamp: 27.319689961
---------------------------------------------------------------
[tensor([3, 4]), tensor([3, 8]), tensor([3, 9]), tensor([ 3, 19]), tensor([ 4, 13]), tensor([ 4, 17]), tensor([ 7, 10]), tensor([10, 16]), tensor([16, 19])]
Mean loss in evaluation epoch: 0.36354348063468933, epochs needed: 30
Rejecting!

Generation 9
Mean loss in evaluation epoch: 0.3623029291629791, epochs needed: 30
------------------------- TRACKING ---------------------------
Matrix Hash: 0ed43e2e4496056b, num_times_seen_before: 3
ACC: 0.9631578947368421
TPR/FPR: 1.0, 0.045454545454545456
Loss: 0.3623029291629791
Timestamp: 30.484175815
---------------------------------------------------------------
[tensor([0, 5]), tensor([ 3, 18]), tensor([ 3, 19]), tensor([ 4, 13]), tensor([ 4, 19]), tensor([7, 9]), tensor([ 7, 10]), tensor([ 8, 17]), tensor([13, 16]), tensor([16, 19])]
Mean loss in evaluation epoch: 0.373884916305542, epochs needed: 30
Rejecting!

Generation 10
Mean loss in evaluation epoch: 0.3607665002346039, epochs needed: 30
------------------------- TRACKING ---------------------------
Matrix Hash: 0ed43e2e4496056b, num_times_seen_before: 4
ACC: 0.9631578947368421
TPR/FPR: 1.0, 0.045454545454545456
Loss: 0.3607665002346039
Timestamp: 33.521040701
---------------------------------------------------------------
[tensor([0, 9]), tensor([3, 8]), tensor([ 3, 19]), tensor([4, 5]), tensor([ 4, 13]), tensor([ 4, 14]), tensor([13, 16]), tensor([16, 19])]
Mean loss in evaluation epoch: 0.3629755973815918, epochs needed: 30
Rejecting!

Generation 11
Mean loss in evaluation epoch: 0.36250385642051697, epochs needed: 30
------------------------- TRACKING ---------------------------
Matrix Hash: 0ed43e2e4496056b, num_times_seen_before: 5
ACC: 0.9631578947368421
TPR/FPR: 1.0, 0.045454545454545456
Loss: 0.36250385642051697
Timestamp: 36.586535033
---------------------------------------------------------------
[tensor([3, 8]), tensor([ 3, 19]), tensor([ 4, 13]), tensor([ 7, 10]), tensor([ 8, 17]), tensor([ 9, 12]), tensor([10, 16]), tensor([13, 16]), tensor([14, 16]), tensor([16, 19])]
Mean loss in evaluation epoch: 0.3507670760154724, epochs needed: 30
Accepting!

Generation 12
Mean loss in evaluation epoch: 0.35173460841178894, epochs needed: 30
------------------------- TRACKING ---------------------------
Matrix Hash: d50579bc61336544, num_times_seen_before: 0
ACC: 0.9842105263157894
TPR/FPR: 1.0, 0.01948051948051948
Loss: 0.35173460841178894
Timestamp: 39.650584023
---------------------------------------------------------------
[tensor([2, 3]), tensor([ 3, 19]), tensor([ 8, 17]), tensor([14, 16]), tensor([14, 17])]
Mean loss in evaluation epoch: 0.36183521151542664, epochs needed: 30
Rejecting!

Generation 13
Mean loss in evaluation epoch: 0.353614866733551, epochs needed: 30
------------------------- TRACKING ---------------------------
Matrix Hash: d50579bc61336544, num_times_seen_before: 1
ACC: 0.9842105263157894
TPR/FPR: 1.0, 0.01948051948051948
Loss: 0.353614866733551
Timestamp: 42.506712403
---------------------------------------------------------------
[tensor([ 0, 11]), tensor([ 3, 18]), tensor([4, 5]), tensor([ 9, 12]), tensor([14, 16])]
Mean loss in evaluation epoch: 0.3563337028026581, epochs needed: 30
Rejecting!

Generation 14
Mean loss in evaluation epoch: 0.3523828387260437, epochs needed: 30
------------------------- TRACKING ---------------------------
Matrix Hash: d50579bc61336544, num_times_seen_before: 2
ACC: 0.9842105263157894
TPR/FPR: 1.0, 0.01948051948051948
Loss: 0.3523828387260437
Timestamp: 45.093681277
---------------------------------------------------------------
[tensor([0, 4]), tensor([3, 4]), tensor([3, 8]), tensor([ 3, 11]), tensor([ 3, 15]), tensor([ 6, 10]), tensor([ 8, 17]), tensor([ 9, 12]), tensor([14, 16])]
Mean loss in evaluation epoch: 0.37371906638145447, epochs needed: 30
Rejecting!

Generation 15
Mean loss in evaluation epoch: 0.352568119764328, epochs needed: 30
------------------------- TRACKING ---------------------------
Matrix Hash: d50579bc61336544, num_times_seen_before: 3
ACC: 0.9842105263157894
TPR/FPR: 1.0, 0.01948051948051948
Loss: 0.352568119764328
Timestamp: 47.67440328
---------------------------------------------------------------
[tensor([2, 3]), tensor([ 2, 14]), tensor([3, 7]), tensor([3, 8]), tensor([ 9, 12]), tensor([ 9, 16]), tensor([13, 14]), tensor([14, 16]), tensor([16, 17])]
Mean loss in evaluation epoch: 0.37947914004325867, epochs needed: 30
Rejecting!

Generation 16
Mean loss in evaluation epoch: 0.355707049369812, epochs needed: 30
------------------------- TRACKING ---------------------------
Matrix Hash: d50579bc61336544, num_times_seen_before: 4
ACC: 0.9842105263157894
TPR/FPR: 1.0, 0.01948051948051948
Loss: 0.355707049369812
Timestamp: 50.644579188
---------------------------------------------------------------
[tensor([2, 3]), tensor([3, 6]), tensor([ 3, 11]), tensor([ 4, 19]), tensor([ 5, 17]), tensor([ 8, 17]), tensor([ 9, 12]), tensor([12, 19]), tensor([13, 14]), tensor([14, 16])]
Mean loss in evaluation epoch: 0.3821474313735962, epochs needed: 30
Rejecting!

Generation 17
Mean loss in evaluation epoch: 0.3508341610431671, epochs needed: 30
------------------------- TRACKING ---------------------------
Matrix Hash: d50579bc61336544, num_times_seen_before: 5
ACC: 0.9842105263157894
TPR/FPR: 1.0, 0.01948051948051948
Loss: 0.3508341610431671
Timestamp: 53.643495207
---------------------------------------------------------------
[tensor([0, 5]), tensor([2, 3]), tensor([ 4, 17]), tensor([ 5, 14]), tensor([ 6, 15]), tensor([ 7, 10]), tensor([ 8, 17]), tensor([ 9, 12]), tensor([10, 14]), tensor([14, 16])]
Mean loss in evaluation epoch: 0.3735712170600891, epochs needed: 30
Rejecting!

Generation 18
Mean loss in evaluation epoch: 0.3529350459575653, epochs needed: 30
------------------------- TRACKING ---------------------------
Matrix Hash: d50579bc61336544, num_times_seen_before: 6
ACC: 0.9842105263157894
TPR/FPR: 1.0, 0.01948051948051948
Loss: 0.3529350459575653
Timestamp: 56.873544181999996
---------------------------------------------------------------
[tensor([2, 7]), tensor([ 2, 16]), tensor([ 3, 12]), tensor([ 3, 15]), tensor([ 8, 17]), tensor([ 9, 12]), tensor([10, 14]), tensor([13, 14]), tensor([14, 16]), tensor([16, 17])]
Mean loss in evaluation epoch: 0.3861895501613617, epochs needed: 30
Rejecting!

Generation 19
Mean loss in evaluation epoch: 0.3539746403694153, epochs needed: 30
------------------------- TRACKING ---------------------------
Matrix Hash: d50579bc61336544, num_times_seen_before: 7
ACC: 0.9842105263157894
TPR/FPR: 1.0, 0.01948051948051948
Loss: 0.3539746403694153
Timestamp: 59.977333368
---------------------------------------------------------------
[tensor([2, 3]), tensor([2, 4]), tensor([ 3, 11]), tensor([ 3, 18]), tensor([ 8, 17]), tensor([ 9, 12]), tensor([13, 16]), tensor([14, 16]), tensor([14, 17])]
Mean loss in evaluation epoch: 0.3810981214046478, epochs needed: 30
Rejecting!

Generation 20
Mean loss in evaluation epoch: 0.3511791527271271, epochs needed: 30
------------------------- TRACKING ---------------------------
Matrix Hash: d50579bc61336544, num_times_seen_before: 8
ACC: 0.9842105263157894
TPR/FPR: 1.0, 0.01948051948051948
Loss: 0.3511791527271271
Timestamp: 63.27571172
---------------------------------------------------------------
[tensor([ 5, 14]), tensor([ 8, 17]), tensor([ 9, 12]), tensor([10, 14]), tensor([13, 16]), tensor([14, 16]), tensor([16, 17]), tensor([16, 19])]
Mean loss in evaluation epoch: 0.3646816909313202, epochs needed: 30
Rejecting!

Generation 21
Mean loss in evaluation epoch: 0.35354897379875183, epochs needed: 30
------------------------- TRACKING ---------------------------
Matrix Hash: d50579bc61336544, num_times_seen_before: 9
ACC: 0.9842105263157894
TPR/FPR: 1.0, 0.01948051948051948
Loss: 0.35354897379875183
Timestamp: 66.943590403
---------------------------------------------------------------
[tensor([3, 5]), tensor([ 7, 12]), tensor([ 7, 17]), tensor([ 8, 17]), tensor([13, 14]), tensor([14, 16]), tensor([14, 17]), tensor([16, 18])]
Mean loss in evaluation epoch: 0.3793416917324066, epochs needed: 30
Rejecting!

Generation 22
Mean loss in evaluation epoch: 0.3535747230052948, epochs needed: 30
------------------------- TRACKING ---------------------------
Matrix Hash: d50579bc61336544, num_times_seen_before: 10
ACC: 0.9842105263157894
TPR/FPR: 1.0, 0.01948051948051948
Loss: 0.3535747230052948
Timestamp: 70.48301708400001
---------------------------------------------------------------
[tensor([2, 3]), tensor([ 2, 16]), tensor([3, 4]), tensor([3, 5]), tensor([3, 8]), tensor([ 3, 15]), tensor([ 3, 18]), tensor([14, 16]), tensor([16, 18])]
Mean loss in evaluation epoch: 0.39545854926109314, epochs needed: 30
Rejecting!

Generation 23
Mean loss in evaluation epoch: 0.3497743308544159, epochs needed: 30
------------------------- TRACKING ---------------------------
Matrix Hash: d50579bc61336544, num_times_seen_before: 11
ACC: 0.9842105263157894
TPR/FPR: 1.0, 0.01948051948051948
Loss: 0.3497743308544159
Timestamp: 73.838853946
---------------------------------------------------------------
[tensor([2, 3]), tensor([ 3, 15]), tensor([ 7, 10]), tensor([ 8, 17]), tensor([ 9, 16]), tensor([11, 16]), tensor([12, 19]), tensor([14, 16]), tensor([16, 17])]
Mean loss in evaluation epoch: 0.3931419551372528, epochs needed: 30
Rejecting!

Generation 24
Mean loss in evaluation epoch: 0.3515138328075409, epochs needed: 30
------------------------- TRACKING ---------------------------
Matrix Hash: d50579bc61336544, num_times_seen_before: 12
ACC: 0.9842105263157894
TPR/FPR: 1.0, 0.01948051948051948
Loss: 0.3515138328075409
Timestamp: 77.066118663
---------------------------------------------------------------
[tensor([2, 3]), tensor([ 2, 11]), tensor([3, 7]), tensor([3, 8]), tensor([ 3, 11]), tensor([4, 5]), tensor([ 6, 17]), tensor([ 8, 17]), tensor([ 9, 12]), tensor([11, 16]), tensor([14, 16])]
Mean loss in evaluation epoch: 0.37305721640586853, epochs needed: 30
Rejecting!

Generation 25
Mean loss in evaluation epoch: 0.34902480244636536, epochs needed: 30
------------------------- TRACKING ---------------------------
Matrix Hash: d50579bc61336544, num_times_seen_before: 13
ACC: 0.9842105263157894
TPR/FPR: 1.0, 0.01948051948051948
Loss: 0.34902480244636536
Timestamp: 80.289968276
---------------------------------------------------------------
[tensor([2, 6]), tensor([3, 8]), tensor([ 4, 12]), tensor([ 4, 13]), tensor([ 5, 14]), tensor([ 8, 17]), tensor([ 9, 12]), tensor([13, 16]), tensor([14, 16])]
Mean loss in evaluation epoch: 0.3575609624385834, epochs needed: 30
Rejecting!

Generation 26
Mean loss in evaluation epoch: 0.3600784242153168, epochs needed: 30
------------------------- TRACKING ---------------------------
Matrix Hash: d50579bc61336544, num_times_seen_before: 14
ACC: 0.9842105263157894
TPR/FPR: 1.0, 0.01948051948051948
Loss: 0.3600784242153168
Timestamp: 83.481027128
---------------------------------------------------------------
[tensor([3, 8]), tensor([ 4, 17]), tensor([ 5, 14]), tensor([ 8, 18]), tensor([ 9, 12]), tensor([14, 16])]
Mean loss in evaluation epoch: 0.35862621665000916, epochs needed: 30
Accepting!

Generation 27
Mean loss in evaluation epoch: 0.360607773065567, epochs needed: 30
------------------------- TRACKING ---------------------------
Matrix Hash: 50186b037fba2572, num_times_seen_before: 0
ACC: 0.9736842105263158
TPR/FPR: 0.9722222222222222, 0.025974025974025976
Loss: 0.360607773065567
Timestamp: 86.78204771399999
---------------------------------------------------------------
[tensor([ 0, 18]), tensor([ 4, 18]), tensor([ 8, 18]), tensor([10, 18]), tensor([13, 18]), tensor([14, 18])]
Mean loss in evaluation epoch: 0.3647509217262268, epochs needed: 30
Rejecting!

Generation 28
Mean loss in evaluation epoch: 0.3592588007450104, epochs needed: 30
------------------------- TRACKING ---------------------------
Matrix Hash: 50186b037fba2572, num_times_seen_before: 1
ACC: 0.9736842105263158
TPR/FPR: 0.9722222222222222, 0.025974025974025976
Loss: 0.3592588007450104
Timestamp: 89.947959876
---------------------------------------------------------------
[tensor([ 4, 18]), tensor([ 6, 18]), tensor([ 8, 18]), tensor([11, 18]), tensor([14, 18])]
Mean loss in evaluation epoch: 0.36261916160583496, epochs needed: 30
Rejecting!

Generation 29
Mean loss in evaluation epoch: 0.36008721590042114, epochs needed: 30
------------------------- TRACKING ---------------------------
Matrix Hash: 50186b037fba2572, num_times_seen_before: 2
ACC: 0.9736842105263158
TPR/FPR: 0.9722222222222222, 0.025974025974025976
Loss: 0.36008721590042114
Timestamp: 92.966329498
---------------------------------------------------------------
[tensor([ 1, 18]), tensor([ 8, 18]), tensor([ 9, 18])]
Mean loss in evaluation epoch: 0.37119123339653015, epochs needed: 30
Rejecting!

Generation 30
Mean loss in evaluation epoch: 0.36063772439956665, epochs needed: 30
------------------------- TRACKING ---------------------------
Matrix Hash: 50186b037fba2572, num_times_seen_before: 3
ACC: 0.9736842105263158
TPR/FPR: 0.9722222222222222, 0.025974025974025976
Loss: 0.36063772439956665
Timestamp: 96.47214137200001
---------------------------------------------------------------
[tensor([ 5, 18]), tensor([ 6, 18]), tensor([ 8, 18]), tensor([10, 18])]
Mean loss in evaluation epoch: 0.3588024079799652, epochs needed: 30
Accepting!

Generation 31
Mean loss in evaluation epoch: 0.3614532947540283, epochs needed: 30
------------------------- TRACKING ---------------------------
Matrix Hash: 624a2a8e5359e642, num_times_seen_before: 0
ACC: 0.9631578947368421
TPR/FPR: 1.0, 0.045454545454545456
Loss: 0.3614532947540283
Timestamp: 99.55232130300001
---------------------------------------------------------------
[tensor([3, 8]), tensor([ 5, 14]), tensor([ 5, 18]), tensor([ 6, 15]), tensor([ 6, 18]), tensor([ 9, 17]), tensor([10, 17])]
Mean loss in evaluation epoch: 0.35443711280822754, epochs needed: 30
Accepting!

Generation 32
Mean loss in evaluation epoch: 0.35295864939689636, epochs needed: 30
------------------------- TRACKING ---------------------------
Matrix Hash: 2cad3413384807bf, num_times_seen_before: 0
ACC: 0.968421052631579
TPR/FPR: 1.0, 0.03896103896103896
Loss: 0.35295864939689636
Timestamp: 102.636711405
---------------------------------------------------------------
[tensor([3, 5]), tensor([ 3, 18]), tensor([ 4, 17]), tensor([ 6, 15]), tensor([ 6, 17]), tensor([ 8, 17]), tensor([ 9, 17]), tensor([10, 17]), tensor([10, 18])]
Mean loss in evaluation epoch: 0.35888850688934326, epochs needed: 30
Rejecting!

Generation 33
Mean loss in evaluation epoch: 0.3545795977115631, epochs needed: 30
------------------------- TRACKING ---------------------------
Matrix Hash: 2cad3413384807bf, num_times_seen_before: 1
ACC: 0.968421052631579
TPR/FPR: 1.0, 0.03896103896103896
Loss: 0.3545795977115631
Timestamp: 105.97859651799999
---------------------------------------------------------------
[tensor([2, 3]), tensor([ 4, 17]), tensor([ 6, 15]), tensor([ 8, 17]), tensor([ 9, 17]), tensor([10, 18])]
Mean loss in evaluation epoch: 0.3488447070121765, epochs needed: 30
Accepting!

Generation 34
Mean loss in evaluation epoch: 0.3486148715019226, epochs needed: 30
------------------------- TRACKING ---------------------------
Matrix Hash: 6604d888cda7a7f0, num_times_seen_before: 0
ACC: 0.9894736842105263
TPR/FPR: 0.9722222222222222, 0.006493506493506494
Loss: 0.3486148715019226
Timestamp: 109.06703801500001
---------------------------------------------------------------
[tensor([2, 3]), tensor([2, 6]), tensor([2, 7]), tensor([2, 8]), tensor([ 2, 12]), tensor([ 2, 13]), tensor([ 2, 17]), tensor([ 2, 18])]
Mean loss in evaluation epoch: 0.3610653877258301, epochs needed: 30
Rejecting!

Generation 35
Mean loss in evaluation epoch: 0.3507363498210907, epochs needed: 30
------------------------- TRACKING ---------------------------
Matrix Hash: 6604d888cda7a7f0, num_times_seen_before: 1
ACC: 0.9894736842105263
TPR/FPR: 0.9722222222222222, 0.006493506493506494
Loss: 0.3507363498210907
Timestamp: 112.05899606400001
---------------------------------------------------------------
[tensor([2, 3]), tensor([2, 5]), tensor([2, 7]), tensor([ 2, 18]), tensor([ 2, 19])]
Mean loss in evaluation epoch: 0.35848769545555115, epochs needed: 30
Rejecting!

Generation 36
Mean loss in evaluation epoch: 0.3494108319282532, epochs needed: 30
------------------------- TRACKING ---------------------------
Matrix Hash: 6604d888cda7a7f0, num_times_seen_before: 2
ACC: 0.9894736842105263
TPR/FPR: 0.9722222222222222, 0.006493506493506494
Loss: 0.3494108319282532
Timestamp: 115.202666996
---------------------------------------------------------------
[tensor([0, 2]), tensor([2, 3]), tensor([2, 4]), tensor([2, 5]), tensor([2, 7]), tensor([2, 9]), tensor([ 2, 10]), tensor([ 2, 15]), tensor([ 2, 18]), tensor([ 2, 19])]
Mean loss in evaluation epoch: 0.374431312084198, epochs needed: 30
Rejecting!

Generation 37
Mean loss in evaluation epoch: 0.35075923800468445, epochs needed: 30
------------------------- TRACKING ---------------------------
Matrix Hash: 6604d888cda7a7f0, num_times_seen_before: 3
ACC: 0.9894736842105263
TPR/FPR: 0.9722222222222222, 0.006493506493506494
Loss: 0.35075923800468445
Timestamp: 118.20732841099999
---------------------------------------------------------------
[tensor([2, 3]), tensor([2, 5]), tensor([2, 6]), tensor([2, 9]), tensor([ 2, 10]), tensor([ 2, 13]), tensor([ 2, 16]), tensor([ 2, 19])]
Mean loss in evaluation epoch: 0.3671973645687103, epochs needed: 30
Rejecting!

Generation 38
Mean loss in evaluation epoch: 0.3501902222633362, epochs needed: 30
------------------------- TRACKING ---------------------------
Matrix Hash: 6604d888cda7a7f0, num_times_seen_before: 4
ACC: 0.9894736842105263
TPR/FPR: 0.9722222222222222, 0.006493506493506494
Loss: 0.3501902222633362
Timestamp: 121.67774687300002
---------------------------------------------------------------
[tensor([2, 3]), tensor([2, 6]), tensor([2, 8]), tensor([2, 9]), tensor([ 2, 12]), tensor([ 2, 16]), tensor([ 2, 17]), tensor([ 2, 18])]
Mean loss in evaluation epoch: 0.36086753010749817, epochs needed: 30
Rejecting!

Generation 39
Mean loss in evaluation epoch: 0.3499647080898285, epochs needed: 30
------------------------- TRACKING ---------------------------
Matrix Hash: 6604d888cda7a7f0, num_times_seen_before: 5
ACC: 0.9894736842105263
TPR/FPR: 0.9722222222222222, 0.006493506493506494
Loss: 0.3499647080898285
Timestamp: 124.891419063
---------------------------------------------------------------
[tensor([2, 3]), tensor([2, 7]), tensor([2, 9]), tensor([ 2, 13]), tensor([ 2, 15]), tensor([ 2, 16]), tensor([ 2, 18]), tensor([3, 4])]
Mean loss in evaluation epoch: 0.3722841739654541, epochs needed: 30
Rejecting!

Generation 40
Mean loss in evaluation epoch: 0.35062703490257263, epochs needed: 30
------------------------- TRACKING ---------------------------
Matrix Hash: 6604d888cda7a7f0, num_times_seen_before: 6
ACC: 0.9894736842105263
TPR/FPR: 0.9722222222222222, 0.006493506493506494
Loss: 0.35062703490257263
Timestamp: 127.99493891
---------------------------------------------------------------
[tensor([2, 3]), tensor([2, 9]), tensor([ 2, 11]), tensor([ 2, 12]), tensor([ 2, 14]), tensor([ 2, 16]), tensor([ 2, 18])]
Mean loss in evaluation epoch: 0.36252447962760925, epochs needed: 30
Rejecting!

Generation 41
Mean loss in evaluation epoch: 0.3493102490901947, epochs needed: 30
------------------------- TRACKING ---------------------------
Matrix Hash: 6604d888cda7a7f0, num_times_seen_before: 7
ACC: 0.9894736842105263
TPR/FPR: 0.9722222222222222, 0.006493506493506494
Loss: 0.3493102490901947
Timestamp: 131.281508721
---------------------------------------------------------------
[tensor([2, 3]), tensor([2, 6]), tensor([ 2, 13]), tensor([ 2, 14]), tensor([ 2, 15]), tensor([ 2, 16])]
Mean loss in evaluation epoch: 0.36441871523857117, epochs needed: 30
Rejecting!

Generation 42
Mean loss in evaluation epoch: 0.3497508466243744, epochs needed: 30
------------------------- TRACKING ---------------------------
Matrix Hash: 6604d888cda7a7f0, num_times_seen_before: 8
ACC: 0.9894736842105263
TPR/FPR: 0.9722222222222222, 0.006493506493506494
Loss: 0.3497508466243744
Timestamp: 134.398509392
---------------------------------------------------------------
[tensor([2, 3]), tensor([2, 4]), tensor([2, 5]), tensor([2, 6]), tensor([2, 7]), tensor([2, 8]), tensor([ 2, 17]), tensor([ 2, 18])]
Mean loss in evaluation epoch: 0.3626715838909149, epochs needed: 30
Rejecting!

Generation 43
Mean loss in evaluation epoch: 0.34893637895584106, epochs needed: 30
------------------------- TRACKING ---------------------------
Matrix Hash: 6604d888cda7a7f0, num_times_seen_before: 9
ACC: 0.9894736842105263
TPR/FPR: 0.9722222222222222, 0.006493506493506494
Loss: 0.34893637895584106
Timestamp: 137.597696955
---------------------------------------------------------------
[tensor([2, 3]), tensor([2, 7]), tensor([2, 9]), tensor([ 2, 11]), tensor([ 2, 12]), tensor([ 2, 18])]
Mean loss in evaluation epoch: 0.3577907979488373, epochs needed: 30
Rejecting!

Generation 44
Mean loss in evaluation epoch: 0.34898215532302856, epochs needed: 30
------------------------- TRACKING ---------------------------
Matrix Hash: 6604d888cda7a7f0, num_times_seen_before: 10
ACC: 0.9894736842105263
TPR/FPR: 0.9722222222222222, 0.006493506493506494
Loss: 0.34898215532302856
Timestamp: 141.194200448
---------------------------------------------------------------
[tensor([2, 3]), tensor([2, 8]), tensor([ 2, 10]), tensor([ 2, 11]), tensor([ 2, 12]), tensor([ 2, 13]), tensor([ 2, 14]), tensor([ 2, 16]), tensor([ 2, 17]), tensor([ 2, 18]), tensor([ 3, 18])]
Mean loss in evaluation epoch: 0.38002321124076843, epochs needed: 30
Rejecting!
------------------------- TRACKING ---------------------------
Matrix Hash: 6604d888cda7a7f0, num_times_seen_before: 11
ACC: 0.9894736842105263
TPR/FPR: 0.9722222222222222, 0.006493506493506494
Loss: 0.34898215532302856
Timestamp: 142.91359211900001
---------------------------------------------------------------
Time needed: 146.882997897 sec
