num samples: 1000
NUM_TRAIN_SAMPLES: 1000
NUM_TRAIN_BATCHES: 10
NUM_TEST_SAMPLES: 1000
NUM_TEST_BATCHES: 10
BATCH_SIZE: 100
HIDDEN_SIZE: 128
NUM_DYN_EPOCHS: 200
IS_CONTINUOUS: True
USE_MAX: False
../data/final/cml/timeseries_ba20_1k_3.5_restart.pickle
../data/final/edges_ba20.pickle
CONTINUATION: False
CONT_ADDRESS: D:\Uni\BA\ColabOutputs\ba20\2020-12-10T22_50_22.113418
SEED: 0
NUM_DYN_EPOCHS: 200
NUM_DYN_EPOCHS_INIT: 200
DETECT_EARLY_CONVERGENCE: False
RESET_DYN_LEARNER_EVERY_NTH_GEN: 1
POP_SIZE: 10
NEWPOP_SIZE: 40
NUM_GEN: 45
USE_NODEWISE_EVALUATION: False
USE_EVALEPOCH_FOR_GUIDED_MUTATION: False
USE_DETERMINISTIC_EVAL: False
FORMAT: standard
--------------------- Start training ------------------------
evaluating individudal 0 - bcfde9534d3bfd59. Mean loss in evaluation epoch: 0.05047206953167915, epochs needed: 200
evaluating individudal 1 - e653c9d83091eaf2. Mean loss in evaluation epoch: 0.05033043771982193, epochs needed: 200
evaluating individudal 2 - 72f998262bbfe450. Mean loss in evaluation epoch: 0.04951275512576103, epochs needed: 200
evaluating individudal 3 - 69390fc8c80db59e. Mean loss in evaluation epoch: 0.04863899573683739, epochs needed: 200
evaluating individudal 4 - 9b2d78cf0e6453cb. Mean loss in evaluation epoch: 0.0477568693459034, epochs needed: 200
evaluating individudal 5 - 6792c0317c2b3f18. Mean loss in evaluation epoch: 0.051316261291503906, epochs needed: 200
evaluating individudal 6 - 1571397118f4ddec. Mean loss in evaluation epoch: 0.04638117179274559, epochs needed: 200
evaluating individudal 7 - f7d7d55008e33627. Mean loss in evaluation epoch: 0.05623322352766991, epochs needed: 200
evaluating individudal 8 - c58ddceb1b9d2e6d. Mean loss in evaluation epoch: 0.05179719999432564, epochs needed: 200
evaluating individudal 9 - e716d3a681e45702. Mean loss in evaluation epoch: 0.0496726930141449, epochs needed: 200
Round 0 done. -----------------------------------------
------------------------- TRACKING ---------------------------
Matrix Hash: 1571397118f4ddec, num_times_seen_before: 0
ACC: 0.5368421052631579
TPR/FPR: 0.5833333333333334, 0.474025974025974
Loss: 0.04638117179274559
Timestamp: 0
---------------------------------------------------------------
evaluating individudal 0 - d60b67c6b308bb52. Mean loss in evaluation epoch: 0.04894673451781273, epochs needed: 200
evaluating individudal 1 - 65b4a6e2a9b0a9b8. Mean loss in evaluation epoch: 0.05373133346438408, epochs needed: 200
evaluating individudal 2 - e6b2f17799e52fd6. Mean loss in evaluation epoch: 0.044333118945360184, epochs needed: 200
evaluating individudal 3 - f891fe75b5682324. Mean loss in evaluation epoch: 0.05168982967734337, epochs needed: 200
evaluating individudal 4 - 94d3c0a4f7db98f7. Mean loss in evaluation epoch: 0.04819367453455925, epochs needed: 200
evaluating individudal 5 - 8c43cda7e1e54c59. Mean loss in evaluation epoch: 0.04532507807016373, epochs needed: 200
evaluating individudal 6 - 688fbd9fc0a9b789. Mean loss in evaluation epoch: 0.04748806357383728, epochs needed: 200
evaluating individudal 7 - 0685a5edeb4ccb50. Mean loss in evaluation epoch: 0.04737898334860802, epochs needed: 200
evaluating individudal 8 - 942644254c74630f. Mean loss in evaluation epoch: 0.04397953301668167, epochs needed: 200
evaluating individudal 9 - d9fd68432e4cd9fc. Mean loss in evaluation epoch: 0.047147125005722046, epochs needed: 200
evaluating individudal 10 - db5263916d139d41. Mean loss in evaluation epoch: 0.04406106099486351, epochs needed: 200
evaluating individudal 11 - 8b76723cab3ce299. Mean loss in evaluation epoch: 0.049162689596414566, epochs needed: 200
evaluating individudal 12 - 0f91bee25f77e479. Mean loss in evaluation epoch: 0.0454583577811718, epochs needed: 200
evaluating individudal 13 - cc69231468066ba9. Mean loss in evaluation epoch: 0.053021468222141266, epochs needed: 200
evaluating individudal 14 - d26119031074313e. Mean loss in evaluation epoch: 0.05419827625155449, epochs needed: 200
evaluating individudal 15 - cd0679836d6a871d. Mean loss in evaluation epoch: 0.04795905575156212, epochs needed: 200
evaluating individudal 16 - 624cf73f3b269e0b. Mean loss in evaluation epoch: 0.047890495508909225, epochs needed: 200
evaluating individudal 17 - 7f432f315116b1cd. Mean loss in evaluation epoch: 0.04561370238661766, epochs needed: 200
evaluating individudal 18 - d8ad55a6d4e022bc. Mean loss in evaluation epoch: 0.04552661255002022, epochs needed: 200
evaluating individudal 19 - 6cde18de8a2f098d. Mean loss in evaluation epoch: 0.044146910309791565, epochs needed: 200
evaluating individudal 20 - 96797e09385c4306. Mean loss in evaluation epoch: 0.047648850828409195, epochs needed: 200
evaluating individudal 21 - 0788c32a2b862827. Mean loss in evaluation epoch: 0.04263143613934517, epochs needed: 200
evaluating individudal 22 - 97a22091b08c5e79. Mean loss in evaluation epoch: 0.04663199186325073, epochs needed: 200
evaluating individudal 23 - 5a9c76a4ca8f4b20. Mean loss in evaluation epoch: 0.046610765159130096, epochs needed: 200
evaluating individudal 24 - a1aadc53d5ea6ec4. Mean loss in evaluation epoch: 0.05532047897577286, epochs needed: 200
evaluating individudal 25 - f004675e04acd9db. Mean loss in evaluation epoch: 0.04567962512373924, epochs needed: 200
evaluating individudal 26 - 4955b7f2ef7fff3d. Mean loss in evaluation epoch: 0.048852935433387756, epochs needed: 200
evaluating individudal 27 - d2a8ad65ba9edaa0. Mean loss in evaluation epoch: 0.045184310525655746, epochs needed: 200
evaluating individudal 28 - b3b36db8271d9530. Mean loss in evaluation epoch: 0.04669933393597603, epochs needed: 200
evaluating individudal 29 - 9c341e136ddd7676. Mean loss in evaluation epoch: 0.049089737236499786, epochs needed: 200
evaluating individudal 30 - 0bd2edfa13e26481. Mean loss in evaluation epoch: 0.056810494512319565, epochs needed: 200
evaluating individudal 31 - 9562c1623b7ad997. Mean loss in evaluation epoch: 0.045989930629730225, epochs needed: 200
evaluating individudal 32 - 084cc1b0b21bb9a3. Mean loss in evaluation epoch: 0.043109338730573654, epochs needed: 200
evaluating individudal 33 - 7c6ac757ee27dd49. Mean loss in evaluation epoch: 0.04964742809534073, epochs needed: 200
evaluating individudal 34 - 14e3ff4c489e2560. Mean loss in evaluation epoch: 0.043603915721178055, epochs needed: 200
evaluating individudal 35 - c4f199c6e398567b. Mean loss in evaluation epoch: 0.05784507468342781, epochs needed: 200
evaluating individudal 36 - 39a1d9a4f7a846c5. Mean loss in evaluation epoch: 0.05353661999106407, epochs needed: 200
evaluating individudal 37 - 6e1e928ec36b1399. Mean loss in evaluation epoch: 0.05614010617136955, epochs needed: 200
evaluating individudal 38 - f3d6367f1029825f. Mean loss in evaluation epoch: 0.04358038306236267, epochs needed: 200
evaluating individudal 39 - 740e1ce2894b1b74. Mean loss in evaluation epoch: 0.04888904094696045, epochs needed: 200
evaluating individudal 0 - bcfde9534d3bfd59. Mean loss in evaluation epoch: 0.048512816429138184, epochs needed: 200
evaluating individudal 1 - e653c9d83091eaf2. Mean loss in evaluation epoch: 0.05115927383303642, epochs needed: 200
evaluating individudal 2 - 72f998262bbfe450. Mean loss in evaluation epoch: 0.05549175664782524, epochs needed: 200
evaluating individudal 3 - 69390fc8c80db59e. Mean loss in evaluation epoch: 0.04762566089630127, epochs needed: 200
evaluating individudal 4 - 9b2d78cf0e6453cb. Mean loss in evaluation epoch: 0.04670671746134758, epochs needed: 200
evaluating individudal 5 - 6792c0317c2b3f18. Mean loss in evaluation epoch: 0.049413811415433884, epochs needed: 200
evaluating individudal 6 - 1571397118f4ddec. Mean loss in evaluation epoch: 0.049258191138505936, epochs needed: 200
evaluating individudal 7 - f7d7d55008e33627. Mean loss in evaluation epoch: 0.04963149502873421, epochs needed: 200
evaluating individudal 8 - c58ddceb1b9d2e6d. Mean loss in evaluation epoch: 0.04972442612051964, epochs needed: 200
evaluating individudal 9 - e716d3a681e45702. Mean loss in evaluation epoch: 0.04805329442024231, epochs needed: 200
Round 1 done. -----------------------------------------
------------------------- TRACKING ---------------------------
Matrix Hash: 0788c32a2b862827, num_times_seen_before: 0
ACC: 0.6
TPR/FPR: 0.6944444444444444, 0.42207792207792205
Loss: 0.04263143613934517
Timestamp: 2672.991542788
---------------------------------------------------------------
evaluating individudal 0 - 748b9a8ca37e420f. Mean loss in evaluation epoch: 0.04073847457766533, epochs needed: 200
evaluating individudal 1 - e8bca3c619af84d4. Mean loss in evaluation epoch: 0.04129078984260559, epochs needed: 200
evaluating individudal 2 - d096e353c9cf1197. Mean loss in evaluation epoch: 0.04370133578777313, epochs needed: 200
evaluating individudal 3 - 5ace2ff63eac02ff. Mean loss in evaluation epoch: 0.040222205221652985, epochs needed: 200
evaluating individudal 4 - 8b13ecf2eb0eddff. Mean loss in evaluation epoch: 0.04649138078093529, epochs needed: 200
evaluating individudal 5 - 0351c82ce54be2e3. Mean loss in evaluation epoch: 0.04039107635617256, epochs needed: 200
evaluating individudal 6 - b9d2e07a8b15a86d. Mean loss in evaluation epoch: 0.0633210688829422, epochs needed: 200
evaluating individudal 7 - 31e1c1120fbf0d56. Mean loss in evaluation epoch: 0.04636121913790703, epochs needed: 200
evaluating individudal 8 - 5f495cd7dbb926c4. Mean loss in evaluation epoch: 0.04544992372393608, epochs needed: 200
evaluating individudal 9 - ff153e91d9719478. Mean loss in evaluation epoch: 0.038158249109983444, epochs needed: 200
evaluating individudal 10 - 0161af8765c36037. Mean loss in evaluation epoch: 0.04025191441178322, epochs needed: 200
evaluating individudal 11 - 037f3f639edc16be. Mean loss in evaluation epoch: 0.043908506631851196, epochs needed: 200
evaluating individudal 12 - de68b5aeb538a890. Mean loss in evaluation epoch: 0.03916512057185173, epochs needed: 200
evaluating individudal 13 - 74abdc076297d58c. Mean loss in evaluation epoch: 0.043496932834386826, epochs needed: 200
evaluating individudal 14 - e6c0bd27c11a896a. 