../data/final/Voter/timeseries_ba20_1k.pickle
../data/final/edges_ba20.pickle
CONTINUATION: False
CONT_ADDRESS: ./hillclimbing_logs/linear/final/heuristics_comp/deterministic/cml/ba10_1k_restart_3.5_random/2021-03-04T15_54_10.394816
SEED: 0
NUM_DYN_EPOCHS: 30
DETECT_EARLY_CONVERGENCE: False
USE_EVALEPOCH_FOR_GUIDED_MUTATION: False
USE_NODEWISE_LOSS: True
USE_DYNAMIC_STEPS: True
NUM_GEN: 45
DETERMINISTIC_EVAL: False
FREE WALK: False
EXPERIMENTS: 5
FORMAT: old
NUM_TRAIN_SAMPLES: 1000
NUM_TRAIN_BATCHES: 10
NUM_TEST_SAMPLES: 1000
NUM_TEST_BATCHES: 10
BATCH_SIZE: 100
HIDDEN_SIZE: 128
NUM_DYN_EPOCHS: 30
IS_CONTINUOUS: False
USE_MAX: False

Generation 0
Mean loss in evaluation epoch: [0.5758492350578308, 0.5780100226402283, 0.539616584777832, 0.5460080504417419, 0.5550771951675415, 0.6056209206581116, 0.5423621535301208, 0.5691405534744263, 0.6203551888465881, 0.5619202256202698, 0.48137885332107544, 0.5308210253715515, 0.5522987246513367, 0.566182017326355, 0.5744451880455017, 0.5484046936035156, 0.5464856624603271, 0.6130954623222351, 0.6456583142280579, 0.6066479682922363], epochs needed: 30
------------------------- TRACKING ---------------------------
Matrix Hash: 06606b7c90ee7572, num_times_seen_before: 0
ACC: 0.5
TPR/FPR: 0.4722222222222222, 0.4935064935064935
Loss: [0.5758492350578308, 0.5780100226402283, 0.539616584777832, 0.5460080504417419, 0.5550771951675415, 0.6056209206581116, 0.5423621535301208, 0.5691405534744263, 0.6203551888465881, 0.5619202256202698, 0.48137885332107544, 0.5308210253715515, 0.5522987246513367, 0.566182017326355, 0.5744451880455017, 0.5484046936035156, 0.5464856624603271, 0.6130954623222351, 0.6456583142280579, 0.6066479682922363]
Timestamp: 0
---------------------------------------------------------------
[tensor([0, 7]), tensor([ 0, 10]), tensor([1, 2]), tensor([ 2, 14]), tensor([3, 8]), tensor([ 3, 13]), tensor([ 3, 15]), tensor([4, 5]), tensor([4, 6]), tensor([5, 6]), tensor([ 5, 13]), tensor([ 5, 14]), tensor([6, 9]), tensor([ 7, 16]), tensor([ 8, 13]), tensor([ 8, 19]), tensor([10, 17]), tensor([11, 19]), tensor([12, 16]), tensor([14, 17]), tensor([16, 17])]
Mean loss in evaluation epoch: [0.5787562727928162, 0.49575528502464294, 0.4873727858066559, 0.5243806838989258, 0.5293653607368469, 0.5540162920951843, 0.49205636978149414, 0.5408670902252197, 0.5701294541358948, 0.5541689991950989, 0.4696381688117981, 0.5382806062698364, 0.5416089296340942, 0.5355941653251648, 0.5636603832244873, 0.5049282312393188, 0.49086055159568787, 0.5942986607551575, 0.6747821569442749, 0.5578294992446899], epochs needed: 30
count_changes: 21 / 21

Generation 1
Mean loss in evaluation epoch: [0.5816646814346313, 0.4953572452068329, 0.4902328550815582, 0.524402916431427, 0.5332333445549011, 0.5579517483711243, 0.49473315477371216, 0.5362200140953064, 0.5741903185844421, 0.5607622265815735, 0.47046995162963867, 0.530022144317627, 0.5464717149734497, 0.5397566556930542, 0.5654084086418152, 0.5022307634353638, 0.49729371070861816, 0.5884587168693542, 0.6643576622009277, 0.5552536249160767], epochs needed: 30
------------------------- TRACKING ---------------------------
Matrix Hash: f5c032c1c74240d9, num_times_seen_before: 0
ACC: 0.5368421052631579
TPR/FPR: 0.6388888888888888, 0.487012987012987
Loss: [0.5816646814346313, 0.4953572452068329, 0.4902328550815582, 0.524402916431427, 0.5332333445549011, 0.5579517483711243, 0.49473315477371216, 0.5362200140953064, 0.5741903185844421, 0.5607622265815735, 0.47046995162963867, 0.530022144317627, 0.5464717149734497, 0.5397566556930542, 0.5654084086418152, 0.5022307634353638, 0.49729371070861816, 0.5884587168693542, 0.6643576622009277, 0.5552536249160767]
Timestamp: 3.4935524100000066
---------------------------------------------------------------
[tensor([0, 3]), tensor([ 0, 13]), tensor([ 0, 17]), tensor([1, 6]), tensor([ 1, 13]), tensor([2, 5]), tensor([ 2, 10]), tensor([3, 5]), tensor([3, 6]), tensor([ 3, 12]), tensor([ 3, 17]), tensor([4, 8]), tensor([ 4, 16]), tensor([5, 7]), tensor([6, 7]), tensor([ 7, 19]), tensor([8, 9]), tensor([ 8, 14]), tensor([ 8, 18]), tensor([ 9, 11]), tensor([ 9, 15]), tensor([ 9, 18]), tensor([11, 17]), tensor([12, 18]), tensor([13, 17]), tensor([14, 19])]
Mean loss in evaluation epoch: [0.5387246012687683, 0.46650487184524536, 0.4715758264064789, 0.5135952234268188, 0.49337396025657654, 0.511170506477356, 0.46507856249809265, 0.49278712272644043, 0.5179729461669922, 0.5154030919075012, 0.4604928195476532, 0.4938652217388153, 0.48967599868774414, 0.4800247848033905, 0.5462234020233154, 0.49611425399780273, 0.48696884512901306, 0.48020410537719727, 0.6124500632286072, 0.530522346496582], epochs needed: 30
count_changes: 26 / 26

Generation 2
Mean loss in evaluation epoch: [0.5430528521537781, 0.46653100848197937, 0.47061029076576233, 0.5162426829338074, 0.49238067865371704, 0.5117902159690857, 0.46511316299438477, 0.4914894104003906, 0.5179578065872192, 0.517888605594635, 0.4583761692047119, 0.4914821684360504, 0.49054351449012756, 0.4846268594264984, 0.5506717562675476, 0.4944995939731598, 0.48697057366371155, 0.47798943519592285, 0.6146222352981567, 0.5288958549499512], epochs needed: 30
------------------------- TRACKING ---------------------------
Matrix Hash: 908c9723cfedefa3, num_times_seen_before: 0
ACC: 0.631578947368421
TPR/FPR: 0.8888888888888888, 0.42857142857142855
Loss: [0.5430528521537781, 0.46653100848197937, 0.47061029076576233, 0.5162426829338074, 0.49238067865371704, 0.5117902159690857, 0.46511316299438477, 0.4914894104003906, 0.5179578065872192, 0.517888605594635, 0.4583761692047119, 0.4914821684360504, 0.49054351449012756, 0.4846268594264984, 0.5506717562675476, 0.4944995939731598, 0.48697057366371155, 0.47798943519592285, 0.6146222352981567, 0.5288958549499512]
Timestamp: 7.016610447000005
---------------------------------------------------------------
[tensor([ 0, 18]), tensor([ 0, 19]), tensor([1, 3]), tensor([ 1, 18]), tensor([2, 8]), tensor([ 2, 14]), tensor([4, 7]), tensor([ 6, 16]), tensor([ 8, 15]), tensor([ 9, 14]), tensor([13, 15]), tensor([14, 15]), tensor([14, 16]), tensor([14, 18])]
Mean loss in evaluation epoch: [0.535649299621582, 0.4536307454109192, 0.45479926466941833, 0.5116841793060303, 0.48544812202453613, 0.5107656717300415, 0.4579906463623047, 0.4862081706523895, 0.5053965449333191, 0.4830227792263031, 0.45867395401000977, 0.497174471616745, 0.4858788549900055, 0.4737798273563385, 0.4823008179664612, 0.4938105046749115, 0.47444286942481995, 0.47838160395622253, 0.5871780514717102, 0.5108727812767029], epochs needed: 30
count_changes: 14 / 14

Generation 3
Mean loss in evaluation epoch: [0.5474855303764343, 0.451983779668808, 0.4495905935764313, 0.524605393409729, 0.47937655448913574, 0.5119309425354004, 0.4552488923072815, 0.48570308089256287, 0.5030043721199036, 0.48558899760246277, 0.4574909806251526, 0.5015962719917297, 0.4830091893672943, 0.47951897978782654, 0.4836311936378479, 0.493500292301178, 0.4725339114665985, 0.4729354977607727, 0.592113196849823, 0.5043782591819763], epochs needed: 30
------------------------- TRACKING ---------------------------
Matrix Hash: b80960eec394a0f6, num_times_seen_before: 0
ACC: 0.6842105263157895
TPR/FPR: 0.9166666666666666, 0.37012987012987014
Loss: [0.5474855303764343, 0.451983779668808, 0.4495905935764313, 0.524605393409729, 0.47937655448913574, 0.5119309425354004, 0.4552488923072815, 0.48570308089256287, 0.5030043721199036, 0.48558899760246277, 0.4574909806251526, 0.5015962719917297, 0.4830091893672943, 0.47951897978782654, 0.4836311936378479, 0.493500292301178, 0.4725339114665985, 0.4729354977607727, 0.592113196849823, 0.5043782591819763]
Timestamp: 10.523245870999972
---------------------------------------------------------------
[tensor([0, 5]), tensor([0, 7]), tensor([ 0, 14]), tensor([ 0, 15]), tensor([1, 8]), tensor([ 1, 10]), tensor([ 1, 19]), tensor([ 2, 11]), tensor([3, 6]), tensor([ 3, 18]), tensor([ 4, 13]), tensor([ 4, 16]), tensor([5, 9]), tensor([ 5, 16]), tensor([ 5, 17]), tensor([ 5, 19]), tensor([6, 9]), tensor([ 6, 17]), tensor([ 7, 10]), tensor([ 7, 13]), tensor([ 7, 18]), tensor([ 8, 15]), tensor([10, 14]), tensor([11, 12]), tensor([11, 13]), tensor([11, 14]), tensor([11, 18]), tensor([12, 15]), tensor([12, 19]), tensor([13, 17]), tensor([15, 16]), tensor([15, 18]), tensor([17, 18])]
Mean loss in evaluation epoch: [0.5123793482780457, 0.4178505837917328, 0.39474835991859436, 0.5492064356803894, 0.45242786407470703, 0.44899120926856995, 0.431433767080307, 0.4300908148288727, 0.4935731887817383, 0.44988369941711426, 0.4395996630191803, 0.43103310465812683, 0.41868969798088074, 0.4495222568511963, 0.4345107078552246, 0.39777761697769165, 0.45802041888237, 0.42496147751808167, 0.47307220101356506, 0.41941604018211365], epochs needed: 30
count_changes: 32 / 33

Generation 4
Mean loss in evaluation epoch: [0.5114657282829285, 0.4147079586982727, 0.39236292243003845, 0.5530238151550293, 0.45187804102897644, 0.45158058404922485, 0.4394044876098633, 0.4274253845214844, 0.49613314867019653, 0.45040059089660645, 0.4374065399169922, 0.4280168116092682, 0.42059326171875, 0.4503481984138489, 0.4357330799102783, 0.39612671732902527, 0.4571572244167328, 0.4252379834651947, 0.47295019030570984, 0.41924023628234863], epochs needed: 30
------------------------- TRACKING ---------------------------
Matrix Hash: 619b55bd5e3997ae, num_times_seen_before: 0
ACC: 0.8421052631578947
TPR/FPR: 0.9722222222222222, 0.18831168831168832
Loss: [0.5114657282829285, 0.4147079586982727, 0.39236292243003845, 0.5530238151550293, 0.45187804102897644, 0.45158058404922485, 0.4394044876098633, 0.4274253845214844, 0.49613314867019653, 0.45040059089660645, 0.4374065399169922, 0.4280168116092682, 0.42059326171875, 0.4503481984138489, 0.4357330799102783, 0.39612671732902527, 0.4571572244167328, 0.4252379834651947, 0.47295019030570984, 0.41924023628234863]
Timestamp: 14.014057585999979
---------------------------------------------------------------
[tensor([0, 1]), tensor([0, 8]), tensor([ 1, 12]), tensor([ 2, 16]), tensor([ 4, 18]), tensor([ 5, 11]), tensor([ 5, 14]), tensor([ 6, 13]), tensor([ 6, 15]), tensor([ 6, 18]), tensor([ 9, 10]), tensor([13, 18]), tensor([16, 17]), tensor([16, 19])]
Mean loss in evaluation epoch: [0.47060948610305786, 0.3757714331150055, 0.3457760810852051, 0.538346529006958, 0.4672172963619232, 0.430544912815094, 0.4122008979320526, 0.4244127869606018, 0.45515570044517517, 0.4267675578594208, 0.4263586699962616, 0.4025612771511078, 0.3996163010597229, 0.4169919192790985, 0.43552789092063904, 0.4116925299167633, 0.4350322186946869, 0.4054388999938965, 0.42605406045913696, 0.37165671586990356], epochs needed: 30
count_changes: 14 / 14

Generation 5
Mean loss in evaluation epoch: [0.4785965085029602, 0.37204456329345703, 0.3397826850414276, 0.5529211163520813, 0.4704216420650482, 0.4364956021308899, 0.41616979241371155, 0.42231178283691406, 0.45714083313941956, 0.43402573466300964, 0.42645666003227234, 0.3991861939430237, 0.4024817645549774, 0.4230491816997528, 0.4415491223335266, 0.41090771555900574, 0.4371979832649231, 0.4047214984893799, 0.4270568788051605, 0.36966586112976074], epochs needed: 30
------------------------- TRACKING ---------------------------
Matrix Hash: 799aa95e539855af, num_times_seen_before: 0
ACC: 0.8947368421052632
TPR/FPR: 1.0, 0.12987012987012986
Loss: [0.4785965085029602, 0.37204456329345703, 0.3397826850414276, 0.5529211163520813, 0.4704216420650482, 0.4364956021308899, 0.41616979241371155, 0.42231178283691406, 0.45714083313941956, 0.43402573466300964, 0.42645666003227234, 0.3991861939430237, 0.4024817645549774, 0.4230491816997528, 0.4415491223335266, 0.41090771555900574, 0.4371979832649231, 0.4047214984893799, 0.4270568788051605, 0.36966586112976074]
Timestamp: 16.910249858999975
---------------------------------------------------------------
[tensor([ 0, 11]), tensor([ 1, 14]), tensor([2, 3]), tensor([ 4, 18]), tensor([ 5, 10]), tensor([6, 8]), tensor([7, 9]), tensor([10, 12]), tensor([10, 13]), tensor([10, 14]), tensor([10, 19]), tensor([14, 16]), tensor([14, 17]), tensor([16, 17]), tensor([16, 19])]
Mean loss in evaluation epoch: [0.4588187336921692, 0.3398805558681488, 0.4495905339717865, 0.5528321862220764, 0.45088669657707214, 0.4384460151195526, 0.42867937684059143, 0.3965327739715576, 0.4766101837158203, 0.4017557203769684, 0.4347049295902252, 0.3700868785381317, 0.42151498794555664, 0.39861980080604553, 0.39318355917930603, 0.41133442521095276, 0.432826429605484, 0.3864683508872986, 0.3790226876735687, 0.369057297706604], epochs needed: 30
count_changes: 10 / 15

Generation 6
Mean loss in evaluation epoch: [0.46348124742507935, 0.3349296748638153, 0.3401813209056854, 0.5728695392608643, 0.4522092938423157, 0.4364103376865387, 0.41832566261291504, 0.3948443830013275, 0.45752888917922974, 0.4045504629611969, 0.41940245032310486, 0.36668238043785095, 0.39874395728111267, 0.40491315722465515, 0.39393749833106995, 0.4099394977092743, 0.4341690242290497, 0.3876168429851532, 0.3764212429523468, 0.41599902510643005], epochs needed: 30
------------------------- TRACKING ---------------------------
Matrix Hash: f46b43448bc35817, num_times_seen_before: 0
ACC: 0.9157894736842105
TPR/FPR: 1.0, 0.1038961038961039
Loss: [0.46348124742507935, 0.3349296748638153, 0.3401813209056854, 0.5728695392608643, 0.4522092938423157, 0.4364103376865387, 0.41832566261291504, 0.3948443830013275, 0.45752888917922974, 0.4045504629611969, 0.41940245032310486, 0.36668238043785095, 0.39874395728111267, 0.40491315722465515, 0.39393749833106995, 0.4099394977092743, 0.4341690242290497, 0.3876168429851532, 0.3764212429523468, 0.41599902510643005]
Timestamp: 19.881906191999974
---------------------------------------------------------------
[tensor([1, 5]), tensor([1, 9]), tensor([ 1, 13]), tensor([ 1, 15]), tensor([ 1, 17]), tensor([ 5, 15]), tensor([ 6, 15]), tensor([7, 8]), tensor([ 7, 12]), tensor([ 8, 18]), tensor([10, 14]), tensor([10, 17]), tensor([10, 19]), tensor([11, 15]), tensor([13, 14]), tensor([13, 16]), tensor([13, 17]), tensor([16, 17])]
Mean loss in evaluation epoch: [0.4583617150783539, 0.3212520182132721, 0.33706697821617126, 0.5581972002983093, 0.45175933837890625, 0.40221819281578064, 0.41354838013648987, 0.40336400270462036, 0.5315784811973572, 0.369577556848526, 0.36056166887283325, 0.3186802566051483, 0.34313103556632996, 0.3318999707698822, 0.2781813442707062, 0.3412657678127289, 0.4016794264316559, 0.3941284120082855, 0.5113961696624756, 0.3640698790550232], epochs needed: 30
count_changes: 16 / 18

Generation 7
Mean loss in evaluation epoch: [0.4616541564464569, 0.32039472460746765, 0.3401314914226532, 0.565892219543457, 0.4531421661376953, 0.40203234553337097, 0.418486088514328, 0.34546390175819397, 0.45346617698669434, 0.36692243814468384, 0.3648407459259033, 0.3230428695678711, 0.34038636088371277, 0.3303473889827728, 0.27391359210014343, 0.3433572053909302, 0.4081895351409912, 0.39620986580848694, 0.3729463219642639, 0.3632478415966034], epochs needed: 30
------------------------- TRACKING ---------------------------
Matrix Hash: a8ce9858c941dea2, num_times_seen_before: 0
ACC: 0.968421052631579
TPR/FPR: 1.0, 0.03896103896103896
Loss: [0.4616541564464569, 0.32039472460746765, 0.3401314914226532, 0.565892219543457, 0.4531421661376953, 0.40203234553337097, 0.418486088514328, 0.34546390175819397, 0.45346617698669434, 0.36692243814468384, 0.3648407459259033, 0.3230428695678711, 0.34038636088371277, 0.3303473889827728, 0.27391359210014343, 0.3433572053909302, 0.4081895351409912, 0.39620986580848694, 0.3729463219642639, 0.3632478415966034]
Timestamp: 23.443029523999996
---------------------------------------------------------------
[tensor([ 1, 15]), tensor([ 1, 17]), tensor([2, 3]), tensor([2, 6]), tensor([3, 4]), tensor([ 5, 16]), tensor([ 7, 10]), tensor([13, 17]), tensor([15, 17]), tensor([16, 19])]
Mean loss in evaluation epoch: [0.45616284012794495, 0.02401621639728546, 0.5248976945877075, 0.5243351459503174, 0.5064651370048523, 0.360687255859375, 0.42320871353149414, 0.3932524621486664, 0.45105886459350586, 0.3697015047073364, 0.3919234871864319, 0.32406115531921387, 0.34387287497520447, 0.2500780522823334, 0.2733330726623535, 0.3301468789577484, 0.2719338834285736, 0.32846614718437195, 0.3748575747013092, 0.2677639126777649], epochs needed: 30
count_changes: 6 / 10

Generation 8
Mean loss in evaluation epoch: [0.4591694474220276, 0.012575963512063026, 0.33755314350128174, 0.5582084059715271, 0.4527257978916168, 0.3561736047267914, 0.41544681787490845, 0.3434225916862488, 0.45534810423851013, 0.36414635181427, 0.36316701769828796, 0.32049304246902466, 0.3391479551792145, 0.24384525418281555, 0.2677062749862671, 0.32725289463996887, 0.26690033078193665, 0.3279256522655487, 0.37128207087516785, 0.26320168375968933], epochs needed: 30
------------------------- TRACKING ---------------------------
Matrix Hash: 9cece7bdfab43764, num_times_seen_before: 0
ACC: 0.9894736842105263
TPR/FPR: 1.0, 0.012987012987012988
Loss: [0.4591694474220276, 0.012575963512063026, 0.33755314350128174, 0.5582084059715271, 0.4527257978916168, 0.3561736047267914, 0.41544681787490845, 0.3434225916862488, 0.45534810423851013, 0.36414635181427, 0.36316701769828796, 0.32049304246902466, 0.3391479551792145, 0.24384525418281555, 0.2677062749862671, 0.32725289463996887, 0.26690033078193665, 0.3279256522655487, 0.37128207087516785, 0.26320168375968933]
Timestamp: 26.963010897000004
---------------------------------------------------------------
[tensor([3, 6]), tensor([ 3, 19]), tensor([4, 9]), tensor([11, 16]), tensor([15, 17])]
Mean loss in evaluation epoch: [0.458822101354599, 0.013957071118056774, 0.337494820356369, 0.5722417831420898, 0.4662400782108307, 0.3566189408302307, 0.39269179105758667, 0.3432398736476898, 0.45349016785621643, 0.4178645610809326, 0.36251530051231384, 0.3767337501049042, 0.3398056924343109, 0.24425935745239258, 0.2679847478866577, 0.24176259338855743, 0.3624842166900635, 0.24991431832313538, 0.37134668231010437, 0.37478920817375183], epochs needed: 30
count_changes: 2 / 5

Generation 9
Mean loss in evaluation epoch: [0.45543408393859863, 0.005091736558824778, 0.3357032835483551, 0.5084624290466309, 0.45029106736183167, 0.356138676404953, 0.39309391379356384, 0.3402891457080841, 0.45073843002319336, 0.36779576539993286, 0.36295607686042786, 0.3171024024486542, 0.3398781716823578, 0.2433786243200302, 0.2672572731971741, 0.2397623509168625, 0.26515287160873413, 0.2493171989917755, 0.37102454900741577, 0.26164504885673523], epochs needed: 30
------------------------- TRACKING ---------------------------
Matrix Hash: 27a06185e85d7864, num_times_seen_before: 0
ACC: 1.0
TPR/FPR: 1.0, 0.0
Loss: [0.45543408393859863, 0.005091736558824778, 0.3357032835483551, 0.5084624290466309, 0.45029106736183167, 0.356138676404953, 0.39309391379356384, 0.3402891457080841, 0.45073843002319336, 0.36779576539993286, 0.36295607686042786, 0.3171024024486542, 0.3398781716823578, 0.2433786243200302, 0.2672572731971741, 0.2397623509168625, 0.26515287160873413, 0.2493171989917755, 0.37102454900741577, 0.26164504885673523]
Timestamp: 30.511788583999987
---------------------------------------------------------------
[tensor([2, 3]), tensor([2, 7]), tensor([3, 4]), tensor([3, 8]), tensor([3, 9]), tensor([ 3, 18]), tensor([ 4, 14]), tensor([6, 8]), tensor([ 6, 17]), tensor([ 7, 10]), tensor([ 8, 17]), tensor([11, 17]), tensor([13, 14])]
Mean loss in evaluation epoch: [0.462496280670166, 0.05686376616358757, 0.47548219561576843, 0.5467023253440857, 0.4957181513309479, 0.36246609687805176, 0.4281679689884186, 0.4273814857006073, 0.5149446129798889, 0.5121819972991943, 0.38861921429634094, 0.4340345561504364, 0.3469488322734833, 0.33812376856803894, 0.39970681071281433, 0.26194360852241516, 0.2852551341056824, 0.5709390640258789, 0.5086657404899597, 0.2802819013595581], epochs needed: 30
count_changes: 0 / 13

Generation 10
Mean loss in evaluation epoch: [0.4589746594429016, 0.008865254931151867, 0.33724772930145264, 0.5242916941642761, 0.4533320963382721, 0.36066871881484985, 0.3956484794616699, 0.34335222840309143, 0.4533374309539795, 0.36965224146842957, 0.3665132522583008, 0.31771790981292725, 0.3439086377620697, 0.24425768852233887, 0.26797324419021606, 0.23935897648334503, 0.26593050360679626, 0.25088730454444885, 0.37306055426597595, 0.26263362169265747], epochs needed: 30
------------------------- TRACKING ---------------------------
Matrix Hash: 27a06185e85d7864, num_times_seen_before: 1
ACC: 1.0
TPR/FPR: 1.0, 0.0
Loss: [0.4589746594429016, 0.008865254931151867, 0.33724772930145264, 0.5242916941642761, 0.4533320963382721, 0.36066871881484985, 0.3956484794616699, 0.34335222840309143, 0.4533374309539795, 0.36965224146842957, 0.3665132522583008, 0.31771790981292725, 0.3439086377620697, 0.24425768852233887, 0.26797324419021606, 0.23935897648334503, 0.26593050360679626, 0.25088730454444885, 0.37306055426597595, 0.26263362169265747]
Timestamp: 33.73718914099999
---------------------------------------------------------------
[tensor([0, 5]), tensor([2, 3]), tensor([ 2, 16]), tensor([3, 4]), tensor([3, 5]), tensor([3, 7]), tensor([3, 8]), tensor([ 3, 10]), tensor([ 3, 12]), tensor([ 3, 19]), tensor([4, 9]), tensor([ 4, 13]), tensor([ 4, 14]), tensor([ 4, 18]), tensor([ 7, 11]), tensor([ 7, 17]), tensor([10, 13]), tensor([13, 16]), tensor([16, 17])]
Mean loss in evaluation epoch: [0.46555057168006897, 0.12009153515100479, 0.46709582209587097, 0.5684370994567871, 0.5001186728477478, 0.5669116973876953, 0.3950340449810028, 0.4987953305244446, 0.4830789566040039, 0.42478933930397034, 0.4469195306301117, 0.37164002656936646, 0.4259137213230133, 0.4270996153354645, 0.38016054034233093, 0.2760711908340454, 0.4289027750492096, 0.3963906764984131, 0.4278185963630676, 0.38764506578445435], epochs needed: 30
count_changes: 0 / 19

Generation 11
Mean loss in evaluation epoch: [0.4564412236213684, 0.016753604635596275, 0.3373625874519348, 0.5187698602676392, 0.45085573196411133, 0.3580814003944397, 0.3935945928096771, 0.3420921266078949, 0.45124173164367676, 0.3700253963470459, 0.36480435729026794, 0.3182670474052429, 0.34183067083358765, 0.24543438851833344, 0.2693062424659729, 0.24186019599437714, 0.26690447330474854, 0.25127556920051575, 0.37242528796195984, 0.2635883390903473], epochs needed: 30
------------------------- TRACKING ---------------------------
Matrix Hash: 27a06185e85d7864, num_times_seen_before: 2
ACC: 1.0
TPR/FPR: 1.0, 0.0
Loss: [0.4564412236213684, 0.016753604635596275, 0.3373625874519348, 0.5187698602676392, 0.45085573196411133, 0.3580814003944397, 0.3935945928096771, 0.3420921266078949, 0.45124173164367676, 0.3700253963470459, 0.36480435729026794, 0.3182670474052429, 0.34183067083358765, 0.24543438851833344, 0.2693062424659729, 0.24186019599437714, 0.26690447330474854, 0.25127556920051575, 0.37242528796195984, 0.2635883390903473]
Timestamp: 36.783638929999995
---------------------------------------------------------------
[tensor([2, 3]), tensor([3, 4]), tensor([3, 5]), tensor([3, 8]), tensor([ 3, 12]), tensor([ 3, 15]), tensor([ 3, 18]), tensor([11, 17])]
Mean loss in evaluation epoch: [0.4629673957824707, 0.12304073572158813, 0.4477977454662323, 0.5628864169120789, 0.4896547496318817, 0.4594338834285736, 0.3974742591381073, 0.36142104864120483, 0.47888311743736267, 0.3844563066959381, 0.37270310521125793, 0.4221206605434418, 0.42645055055618286, 0.28261664509773254, 0.3047538697719574, 0.4659314751625061, 0.3018944263458252, 0.4472411274909973, 0.47859320044517517, 0.29533109068870544], epochs needed: 30
count_changes: 0 / 8

Generation 12
Mean loss in evaluation epoch: [0.458319753408432, 0.01398690976202488, 0.33992597460746765, 0.5169252753257751, 0.4548618793487549, 0.35858917236328125, 0.39834460616111755, 0.34572577476501465, 0.45137929916381836, 0.36747226119041443, 0.36892104148864746, 0.32194802165031433, 0.3410626947879791, 0.24428732693195343, 0.26820147037506104, 0.24114437401294708, 0.26600027084350586, 0.25000104308128357, 0.37288546562194824, 0.26239922642707825], epochs needed: 30
------------------------- TRACKING ---------------------------
Matrix Hash: 27a06185e85d7864, num_times_seen_before: 3
ACC: 1.0
TPR/FPR: 1.0, 0.0
Loss: [0.458319753408432, 0.01398690976202488, 0.33992597460746765, 0.5169252753257751, 0.4548618793487549, 0.35858917236328125, 0.39834460616111755, 0.34572577476501465, 0.45137929916381836, 0.36747226119041443, 0.36892104148864746, 0.32194802165031433, 0.3410626947879791, 0.24428732693195343, 0.26820147037506104, 0.24114437401294708, 0.26600027084350586, 0.25000104308128357, 0.37288546562194824, 0.26239922642707825]
Timestamp: 39.78680677400001
---------------------------------------------------------------
[tensor([2, 3]), tensor([3, 5]), tensor([3, 8]), tensor([3, 9]), tensor([ 3, 12]), tensor([ 3, 15]), tensor([ 3, 18]), tensor([4, 9]), tensor([ 4, 12]), tensor([ 5, 12]), tensor([ 5, 14]), tensor([6, 8]), tensor([ 6, 17]), tensor([ 9, 12])]
Mean loss in evaluation epoch: [0.46117696166038513, 0.08806490898132324, 0.4483078122138977, 0.5428614020347595, 0.48740050196647644, 0.50074303150177, 0.4338427484035492, 0.3598608672618866, 0.4980939030647278, 0.5433981418609619, 0.3742971122264862, 0.3384755849838257, 0.5308545231819153, 0.2783375680446625, 0.360927551984787, 0.48794683814048767, 0.2986689507961273, 0.36505869030952454, 0.48065701127052307, 0.29381313920021057], epochs needed: 30
count_changes: 0 / 14

Generation 13
Mean loss in evaluation epoch: [0.4547342360019684, 0.011167543940246105, 0.336434930562973, 0.5217733979225159, 0.450795978307724, 0.35727962851524353, 0.3932878077030182, 0.34129127860069275, 0.45053717494010925, 0.36863818764686584, 0.36341047286987305, 0.3175245225429535, 0.34090954065322876, 0.24386358261108398, 0.2676427662372589, 0.2402878999710083, 0.2658299207687378, 0.24980305135250092, 0.37160924077033997, 0.26229727268218994], epochs needed: 30
------------------------- TRACKING ---------------------------
Matrix Hash: 27a06185e85d7864, num_times_seen_before: 4
ACC: 1.0
TPR/FPR: 1.0, 0.0
Loss: [0.4547342360019684, 0.011167543940246105, 0.336434930562973, 0.5217733979225159, 0.450795978307724, 0.35727962851524353, 0.3932878077030182, 0.34129127860069275, 0.45053717494010925, 0.36863818764686584, 0.36341047286987305, 0.3175245225429535, 0.34090954065322876, 0.24386358261108398, 0.2676427662372589, 0.2402878999710083, 0.2658299207687378, 0.24980305135250092, 0.37160924077033997, 0.26229727268218994]
Timestamp: 42.99952022299999
---------------------------------------------------------------
[tensor([2, 3]), tensor([ 2, 11]), tensor([ 2, 16]), tensor([3, 5]), tensor([3, 8]), tensor([ 3, 15]), tensor([4, 5]), tensor([4, 9]), tensor([ 5, 14]), tensor([7, 9]), tensor([ 8, 17]), tensor([17, 19])]
Mean loss in evaluation epoch: [0.4591486155986786, 0.07956444472074509, 0.49830976128578186, 0.5325725674629211, 0.48094722628593445, 0.5229693651199341, 0.39520201086997986, 0.3940713405609131, 0.4977993667125702, 0.4429320991039276, 0.3609280288219452, 0.37455809116363525, 0.3426985740661621, 0.259522408246994, 0.34737929701805115, 0.4979591965675354, 0.354028582572937, 0.4180593192577362, 0.37554582953453064, 0.35606443881988525], epochs needed: 30
count_changes: 0 / 12

Generation 14
Mean loss in evaluation epoch: [0.46234774589538574, 0.011530819348990917, 0.33904945850372314, 0.5571686625480652, 0.4535526931285858, 0.3566025197505951, 0.39683371782302856, 0.3443359434604645, 0.453676700592041, 0.36622628569602966, 0.3652423918247223, 0.3216507136821747, 0.3393615782260895, 0.24400654435157776, 0.2678568959236145, 0.24156315624713898, 0.2663706839084625, 0.24948082864284515, 0.37200984358787537, 0.26277419924736023], epochs needed: 30
------------------------- TRACKING ---------------------------
Matrix Hash: 27a06185e85d7864, num_times_seen_before: 5
ACC: 1.0
TPR/FPR: 1.0, 0.0
Loss: [0.46234774589538574, 0.011530819348990917, 0.33904945850372314, 0.5571686625480652, 0.4535526931285858, 0.3566025197505951, 0.39683371782302856, 0.3443359434604645, 0.453676700592041, 0.36622628569602966, 0.3652423918247223, 0.3216507136821747, 0.3393615782260895, 0.24400654435157776, 0.2678568959236145, 0.24156315624713898, 0.2663706839084625, 0.24948082864284515, 0.37200984358787537, 0.26277419924736023]
Timestamp: 46.11595084099997
---------------------------------------------------------------
[tensor([0, 5]), tensor([2, 3]), tensor([2, 4]), tensor([3, 4]), tensor([3, 5]), tensor([3, 6]), tensor([3, 8]), tensor([ 3, 10]), tensor([ 3, 11]), tensor([ 3, 12]), tensor([ 3, 15]), tensor([ 3, 17]), tensor([ 3, 18]), tensor([ 3, 19]), tensor([ 5, 15]), tensor([ 6, 15]), tensor([ 7, 10])]
Mean loss in evaluation epoch: [0.4657159745693207, 0.11274595558643341, 0.4954560399055481, 0.6065661907196045, 0.48544031381607056, 0.5502525568008423, 0.4163455069065094, 0.39922916889190674, 0.48048773407936096, 0.38669899106025696, 0.44752106070518494, 0.44006940722465515, 0.4253876805305481, 0.28722304105758667, 0.308870792388916, 0.5430217981338501, 0.3068133294582367, 0.5209798216819763, 0.47088250517845154, 0.39410164952278137], epochs needed: 30
count_changes: 0 / 17

Generation 15
Mean loss in evaluation epoch: [0.457118421792984, 0.012824269942939281, 0.3377212882041931, 0.5421066284179688, 0.4512667655944824, 0.35889241099357605, 0.3932669162750244, 0.34380850195884705, 0.45086684823036194, 0.3675745129585266, 0.36397823691368103, 0.3191499710083008, 0.3420393168926239, 0.24416188895702362, 0.26789411902427673, 0.24057812988758087, 0.2661568522453308, 0.25023603439331055, 0.372239887714386, 0.26265180110931396], epochs needed: 30
------------------------- TRACKING ---------------------------
Matrix Hash: 27a06185e85d7864, num_times_seen_before: 6
ACC: 1.0
TPR/FPR: 1.0, 0.0
Loss: [0.457118421792984, 0.012824269942939281, 0.3377212882041931, 0.5421066284179688, 0.4512667655944824, 0.35889241099357605, 0.3932669162750244, 0.34380850195884705, 0.45086684823036194, 0.3675745129585266, 0.36397823691368103, 0.3191499710083008, 0.3420393168926239, 0.24416188895702362, 0.26789411902427673, 0.24057812988758087, 0.2661568522453308, 0.25023603439331055, 0.372239887714386, 0.26265180110931396]
Timestamp: 49.15747016400002
---------------------------------------------------------------
[tensor([ 0, 11]), tensor([2, 3]), tensor([2, 6]), tensor([ 2, 11]), tensor([3, 4]), tensor([3, 5]), tensor([3, 6]), tensor([3, 8]), tensor([3, 9]), tensor([ 3, 12]), tensor([ 3, 15]), tensor([4, 9]), tensor([ 7, 10]), tensor([10, 12]), tensor([10, 13])]
Mean loss in evaluation epoch: [0.4744725823402405, 0.07931245863437653, 0.472572386264801, 0.574967622756958, 0.49545741081237793, 0.4687056541442871, 0.42211636900901794, 0.3947109878063202, 0.4793805181980133, 0.5426521301269531, 0.42438045144081116, 0.40880081057548523, 0.46682223677635193, 0.3539639711380005, 0.29330897331237793, 0.4982461929321289, 0.2910100817680359, 0.273729532957077, 0.38196873664855957, 0.2854776680469513], epochs needed: 30
count_changes: 0 / 15

Generation 16
Mean loss in evaluation epoch: [0.4627692401409149, 0.010652617551386356, 0.3353806436061859, 0.552253246307373, 0.4540359079837799, 0.35954973101615906, 0.39499756693840027, 0.3405704200267792, 0.4556236267089844, 0.37044888734817505, 0.36337271332740784, 0.3156188130378723, 0.34354081749916077, 0.24448418617248535, 0.26819780468940735, 0.23991811275482178, 0.26621198654174805, 0.2510189712047577, 0.37267613410949707, 0.2628762423992157], epochs needed: 30
------------------------- TRACKING ---------------------------
Matrix Hash: 27a06185e85d7864, num_times_seen_before: 7
ACC: 1.0
TPR/FPR: 1.0, 0.0
Loss: [0.4627692401409149, 0.010652617551386356, 0.3353806436061859, 0.552253246307373, 0.4540359079837799, 0.35954973101615906, 0.39499756693840027, 0.3405704200267792, 0.4556236267089844, 0.37044888734817505, 0.36337271332740784, 0.3156188130378723, 0.34354081749916077, 0.24448418617248535, 0.26819780468940735, 0.23991811275482178, 0.26621198654174805, 0.2510189712047577, 0.37267613410949707, 0.2628762423992157]
Timestamp: 52.42113788199998
---------------------------------------------------------------
[tensor([3, 6]), tensor([3, 8]), tensor([ 3, 10]), tensor([ 3, 16]), tensor([ 3, 17]), tensor([ 3, 19]), tensor([4, 5]), tensor([ 6, 15]), tensor([16, 17]), tensor([17, 19])]
Mean loss in evaluation epoch: [0.454905241727829, 0.0403200201690197, 0.3393319249153137, 0.5364064574241638, 0.4675608277320862, 0.40793338418006897, 0.4124740660190582, 0.343637615442276, 0.4774121940135956, 0.37293195724487305, 0.4473040699958801, 0.32145532965660095, 0.3464268147945404, 0.25850844383239746, 0.28135183453559875, 0.3374606668949127, 0.4037940204143524, 0.6336115002632141, 0.3771508038043976, 0.41950592398643494], epochs needed: 30
count_changes: 0 / 10

Generation 17
Mean loss in evaluation epoch: [0.46072426438331604, 0.010316542349755764, 0.3388371765613556, 0.506348729133606, 0.45603808760643005, 0.35900574922561646, 0.3996066749095917, 0.3454172611236572, 0.4511885643005371, 0.36602121591567993, 0.37055107951164246, 0.32092928886413574, 0.34147873520851135, 0.24396970868110657, 0.2676656246185303, 0.2407698631286621, 0.26629602909088135, 0.24986322224140167, 0.37246498465538025, 0.26280632615089417], epochs needed: 30
------------------------- TRACKING ---------------------------
Matrix Hash: 27a06185e85d7864, num_times_seen_before: 8
ACC: 1.0
TPR/FPR: 1.0, 0.0
Loss: [0.46072426438331604, 0.010316542349755764, 0.3388371765613556, 0.506348729133606, 0.45603808760643005, 0.35900574922561646, 0.3996066749095917, 0.3454172611236572, 0.4511885643005371, 0.36602121591567993, 0.37055107951164246, 0.32092928886413574, 0.34147873520851135, 0.24396970868110657, 0.2676656246185303, 0.2407698631286621, 0.26629602909088135, 0.24986322224140167, 0.37246498465538025, 0.26280632615089417]
Timestamp: 55.99143827299997
---------------------------------------------------------------
[tensor([0, 8]), tensor([2, 3]), tensor([3, 5]), tensor([3, 6]), tensor([3, 8]), tensor([ 3, 12]), tensor([ 3, 19]), tensor([4, 9]), tensor([ 5, 14]), tensor([ 8, 18]), tensor([13, 16])]
Mean loss in evaluation epoch: [0.47568613290786743, 0.06300320476293564, 0.4627014100551605, 0.5186585783958435, 0.4647756516933441, 0.4804345667362213, 0.41644707322120667, 0.34957608580589294, 0.5716609358787537, 0.4234639108181, 0.3647218644618988, 0.32733437418937683, 0.43726426362991333, 0.34884166717529297, 0.35173365473747253, 0.2626727521419525, 0.36167874932289124, 0.2715197801589966, 0.4803009033203125, 0.38054949045181274], epochs needed: 30
count_changes: 0 / 11

Generation 18
Mean loss in evaluation epoch: [0.4580408036708832, 0.010326645337045193, 0.339468777179718, 0.5389729738235474, 0.45201021432876587, 0.36140766739845276, 0.3941972255706787, 0.3460100293159485, 0.4514888823032379, 0.3695167601108551, 0.36808812618255615, 0.32046958804130554, 0.3443255126476288, 0.2445133477449417, 0.26818373799324036, 0.2407982349395752, 0.26653918623924255, 0.25047433376312256, 0.3739696145057678, 0.26316577196121216], epochs needed: 30
------------------------- TRACKING ---------------------------
Matrix Hash: 27a06185e85d7864, num_times_seen_before: 9
ACC: 1.0
TPR/FPR: 1.0, 0.0
Loss: [0.4580408036708832, 0.010326645337045193, 0.339468777179718, 0.5389729738235474, 0.45201021432876587, 0.36140766739845276, 0.3941972255706787, 0.3460100293159485, 0.4514888823032379, 0.3695167601108551, 0.36808812618255615, 0.32046958804130554, 0.3443255126476288, 0.2445133477449417, 0.26818373799324036, 0.2407982349395752, 0.26653918623924255, 0.25047433376312256, 0.3739696145057678, 0.26316577196121216]
Timestamp: 59.59234170000002
---------------------------------------------------------------
[tensor([2, 3]), tensor([2, 6]), tensor([3, 4]), tensor([3, 5]), tensor([3, 6]), tensor([3, 8]), tensor([ 3, 10]), tensor([ 3, 12]), tensor([ 3, 15]), tensor([ 3, 18]), tensor([ 3, 19]), tensor([ 5, 14]), tensor([6, 8]), tensor([ 6, 10]), tensor([7, 9]), tensor([ 7, 10]), tensor([ 7, 12])]
Mean loss in evaluation epoch: [0.45767852663993835, 0.08876601606607437, 0.4718446731567383, 0.5445780158042908, 0.48361292481422424, 0.471558541059494, 0.44946223497390747, 0.44695377349853516, 0.492500364780426, 0.41907939314842224, 0.4604966640472412, 0.33526140451431274, 0.46498510241508484, 0.2768850326538086, 0.3606664836406708, 0.48725634813308716, 0.29703447222709656, 0.28006601333618164, 0.4816562235355377, 0.3877437710762024], epochs needed: 30
count_changes: 0 / 17

Generation 19
Mean loss in evaluation epoch: [0.4673406183719635, 0.014031009748578072, 0.3355117440223694, 0.5236807465553284, 0.4558827579021454, 0.35888105630874634, 0.3968942165374756, 0.34091660380363464, 0.4555679261684418, 0.36936327815055847, 0.36765050888061523, 0.3161330819129944, 0.34289440512657166, 0.24443848431110382, 0.268032044172287, 0.23982612788677216, 0.2663910388946533, 0.2509417235851288, 0.37219247221946716, 0.2631321847438812], epochs needed: 30
------------------------- TRACKING ---------------------------
Matrix Hash: 27a06185e85d7864, num_times_seen_before: 10
ACC: 1.0
TPR/FPR: 1.0, 0.0
Loss: [0.4673406183719635, 0.014031009748578072, 0.3355117440223694, 0.5236807465553284, 0.4558827579021454, 0.35888105630874634, 0.3968942165374756, 0.34091660380363464, 0.4555679261684418, 0.36936327815055847, 0.36765050888061523, 0.3161330819129944, 0.34289440512657166, 0.24443848431110382, 0.268032044172287, 0.23982612788677216, 0.2663910388946533, 0.2509417235851288, 0.37219247221946716, 0.2631321847438812]
Timestamp: 63.11881507200002
---------------------------------------------------------------
[tensor([2, 3]), tensor([3, 4]), tensor([3, 6]), tensor([3, 8]), tensor([ 3, 19]), tensor([4, 9]), tensor([ 6, 15]), tensor([11, 17]), tensor([12, 13]), tensor([13, 16])]
Mean loss in evaluation epoch: [0.45436811447143555, 0.11322604864835739, 0.44613608717918396, 0.5254811644554138, 0.49947986006736755, 0.3678102493286133, 0.4148004651069641, 0.3510987460613251, 0.4786016643047333, 0.42469698190689087, 0.36543503403663635, 0.41662654280662537, 0.4638853073120117, 0.5334716439247131, 0.30017805099487305, 0.343982070684433, 0.3656008839607239, 0.44864875078201294, 0.38161179423332214, 0.38360270857810974], epochs needed: 30
count_changes: 0 / 10

Generation 20
Mean loss in evaluation epoch: [0.4664461314678192, 0.008382600732147694, 0.33610931038856506, 0.5209274888038635, 0.45631924271583557, 0.3599541187286377, 0.39845460653305054, 0.3414328694343567, 0.45577582716941833, 0.37073659896850586, 0.36749139428138733, 0.31627997756004333, 0.34380942583084106, 0.24454979598522186, 0.26818305253982544, 0.23942606151103973, 0.2663266360759735, 0.25133296847343445, 0.37291958928108215, 0.26307034492492676], epochs needed: 30
------------------------- TRACKING ---------------------------
Matrix Hash: 27a06185e85d7864, num_times_seen_before: 11
ACC: 1.0
TPR/FPR: 1.0, 0.0
Loss: [0.4664461314678192, 0.008382600732147694, 0.33610931038856506, 0.5209274888038635, 0.45631924271583557, 0.3599541187286377, 0.39845460653305054, 0.3414328694343567, 0.45577582716941833, 0.37073659896850586, 0.36749139428138733, 0.31627997756004333, 0.34380942583084106, 0.24454979598522186, 0.26818305253982544, 0.23942606151103973, 0.2663266360759735, 0.25133296847343445, 0.37291958928108215, 0.26307034492492676]
Timestamp: 66.32483634800002
---------------------------------------------------------------
[tensor([0, 5]), tensor([2, 3]), tensor([3, 4]), tensor([3, 5]), tensor([3, 9]), tensor([ 3, 11]), tensor([ 3, 12]), tensor([ 3, 15]), tensor([ 3, 18]), tensor([4, 5]), tensor([ 4, 13]), tensor([ 5, 14]), tensor([ 6, 15]), tensor([13, 17]), tensor([16, 19])]
Mean loss in evaluation epoch: [0.46856966614723206, 0.13393175601959229, 0.43993932008743286, 0.615421712398529, 0.512205183506012, 0.5716999769210815, 0.4004984498023987, 0.35805121064186096, 0.4574666917324066, 0.48012247681617737, 0.36673983931541443, 0.4373590648174286, 0.42541739344596863, 0.3933078944683075, 0.3596913516521454, 0.5119149088859558, 0.3755949139595032, 0.3646518886089325, 0.4695710241794586, 0.37701377272605896], epochs needed: 30
count_changes: 0 / 15

Generation 21
Mean loss in evaluation epoch: [0.4630165994167328, 0.013190150260925293, 0.3372381329536438, 0.5217910408973694, 0.45450955629348755, 0.36011072993278503, 0.3962019383907318, 0.34305649995803833, 0.4537161886692047, 0.36997824907302856, 0.3684973418712616, 0.31782862544059753, 0.3437900245189667, 0.24426357448101044, 0.26791104674339294, 0.24033525586128235, 0.2663450241088867, 0.2505300045013428, 0.37301746010780334, 0.2630034387111664], epochs needed: 30
------------------------- TRACKING ---------------------------
Matrix Hash: 27a06185e85d7864, num_times_seen_before: 12
ACC: 1.0
TPR/FPR: 1.0, 0.0
Loss: [0.4630165994167328, 0.013190150260925293, 0.3372381329536438, 0.5217910408973694, 0.45450955629348755, 0.36011072993278503, 0.3962019383907318, 0.34305649995803833, 0.4537161886692047, 0.36997824907302856, 0.3684973418712616, 0.31782862544059753, 0.3437900245189667, 0.24426357448101044, 0.26791104674339294, 0.24033525586128235, 0.2663450241088867, 0.2505300045013428, 0.37301746010780334, 0.2630034387111664]
Timestamp: 69.29484339499999
---------------------------------------------------------------
[tensor([0, 5]), tensor([0, 8]), tensor([ 2, 16]), tensor([3, 5]), tensor([3, 8]), tensor([ 3, 15]), tensor([ 7, 11]), tensor([13, 16])]
Mean loss in evaluation epoch: [0.4950591027736664, 0.1097416803240776, 0.3865751326084137, 0.5500777363777161, 0.4529116153717041, 0.5766279101371765, 0.3949824273586273, 0.40091830492019653, 0.5306347012519836, 0.37418609857559204, 0.36551833152770996, 0.3696010410785675, 0.3489186763763428, 0.35306838154792786, 0.28946423530578613, 0.47062864899635315, 0.40646734833717346, 0.271377295255661, 0.37746119499206543, 0.2829227149486542], epochs needed: 30
count_changes: 0 / 8

Generation 22
Mean loss in evaluation epoch: [0.45902106165885925, 0.018271496519446373, 0.3393639028072357, 0.5312776565551758, 0.45389214158058167, 0.3622705638408661, 0.39575931429862976, 0.34602856636047363, 0.4514440596103668, 0.3702937066555023, 0.36820727586746216, 0.32005634903907776, 0.3452910780906677, 0.24508638679981232, 0.2686711549758911, 0.24090276658535004, 0.26708173751831055, 0.25174063444137573, 0.3743616044521332, 0.2637636661529541], epochs needed: 30
------------------------- TRACKING ---------------------------
Matrix Hash: 27a06185e85d7864, num_times_seen_before: 13
ACC: 1.0
TPR/FPR: 1.0, 0.0
Loss: [0.45902106165885925, 0.018271496519446373, 0.3393639028072357, 0.5312776565551758, 0.45389214158058167, 0.3622705638408661, 0.39575931429862976, 0.34602856636047363, 0.4514440596103668, 0.3702937066555023, 0.36820727586746216, 0.32005634903907776, 0.3452910780906677, 0.24508638679981232, 0.2686711549758911, 0.24090276658535004, 0.26708173751831055, 0.25174063444137573, 0.3743616044521332, 0.2637636661529541]
Timestamp: 72.29927259599998
---------------------------------------------------------------
[tensor([0, 4]), tensor([0, 8]), tensor([2, 3]), tensor([2, 4]), tensor([ 2, 16]), tensor([3, 8]), tensor([ 3, 10]), tensor([ 3, 11]), tensor([ 3, 12]), tensor([ 3, 17]), tensor([4, 5]), tensor([5, 7]), tensor([ 5, 14]), tensor([6, 8])]
Mean loss in evaluation epoch: [0.5011786818504333, 0.09505867958068848, 0.5214498043060303, 0.5583842396736145, 0.5048335194587708, 0.4603915214538574, 0.4281277656555176, 0.4135449528694153, 0.5278276801109314, 0.37749606370925903, 0.426546573638916, 0.45799532532691956, 0.4305495321750641, 0.2747185230255127, 0.35787340998649597, 0.27311640977859497, 0.3667759597301483, 0.5380110144615173, 0.38496023416519165, 0.2914004325866699], epochs needed: 30
count_changes: 0 / 14

Generation 23
Mean loss in evaluation epoch: [0.46402254700660706, 0.017724303528666496, 0.33912569284439087, 0.5410133600234985, 0.4538736939430237, 0.36075258255004883, 0.39628154039382935, 0.34411880373954773, 0.4549769461154938, 0.372704416513443, 0.367885023355484, 0.31924891471862793, 0.34430447220802307, 0.2459287941455841, 0.2698360085487366, 0.2414131611585617, 0.26696455478668213, 0.2520861327648163, 0.3742140233516693, 0.2637697160243988], epochs needed: 30
------------------------- TRACKING ---------------------------
Matrix Hash: 27a06185e85d7864, num_times_seen_before: 14
ACC: 1.0
TPR/FPR: 1.0, 0.0
Loss: [0.46402254700660706, 0.017724303528666496, 0.33912569284439087, 0.5410133600234985, 0.4538736939430237, 0.36075258255004883, 0.39628154039382935, 0.34411880373954773, 0.4549769461154938, 0.372704416513443, 0.367885023355484, 0.31924891471862793, 0.34430447220802307, 0.2459287941455841, 0.2698360085487366, 0.2414131611585617, 0.26696455478668213, 0.2520861327648163, 0.3742140233516693, 0.2637697160243988]
Timestamp: 75.518860141
---------------------------------------------------------------
[tensor([2, 7]), tensor([3, 6]), tensor([3, 8]), tensor([ 3, 12]), tensor([4, 5]), tensor([11, 17])]
Mean loss in evaluation epoch: [0.4546396732330322, 0.07208357006311417, 0.3875846862792969, 0.5104849338531494, 0.4647466838359833, 0.40825825929641724, 0.41603443026542664, 0.39705806970596313, 0.4780048429965973, 0.3718886077404022, 0.3613418936729431, 0.43615779280662537, 0.4486444890499115, 0.261302649974823, 0.2840363383293152, 0.25526925921440125, 0.2818565368652344, 0.48684605956077576, 0.3756713569164276, 0.2771506607532501], epochs needed: 30
count_changes: 2 / 6

Generation 24
Mean loss in evaluation epoch: [0.45457932353019714, 0.008238362148404121, 0.33674541115760803, 0.5056634545326233, 0.4516996443271637, 0.3563230335712433, 0.4165163040161133, 0.34188753366470337, 0.47643908858299255, 0.3666655719280243, 0.36437126994132996, 0.318693608045578, 0.33978936076164246, 0.24358895421028137, 0.26735591888427734, 0.24101665616035461, 0.26618894934654236, 0.24945226311683655, 0.3711599111557007, 0.2627619206905365], epochs needed: 30
------------------------- TRACKING ---------------------------
Matrix Hash: 606460186ae4422a, num_times_seen_before: 0
ACC: 0.9894736842105263
TPR/FPR: 1.0, 0.012987012987012988
Loss: [0.45457932353019714, 0.008238362148404121, 0.33674541115760803, 0.5056634545326233, 0.4516996443271637, 0.3563230335712433, 0.4165163040161133, 0.34188753366470337, 0.47643908858299255, 0.3666655719280243, 0.36437126994132996, 0.318693608045578, 0.33978936076164246, 0.24358895421028137, 0.26735591888427734, 0.24101665616035461, 0.26618894934654236, 0.24945226311683655, 0.3711599111557007, 0.2627619206905365]
Timestamp: 79.07452574000001
---------------------------------------------------------------
[tensor([ 0, 11]), tensor([ 0, 16]), tensor([2, 7]), tensor([3, 4]), tensor([3, 6]), tensor([3, 8]), tensor([4, 9]), tensor([ 4, 18]), tensor([ 5, 14]), tensor([11, 17]), tensor([13, 16])]
Mean loss in evaluation epoch: [0.48267993330955505, 0.07497859746217728, 0.389376699924469, 0.5239847898483276, 0.5232306718826294, 0.40790149569511414, 0.3954312205314636, 0.39908933639526367, 0.4602358043193817, 0.42681288719177246, 0.36518847942352295, 0.4682241380214691, 0.3507464826107025, 0.3490825295448303, 0.34916621446609497, 0.2551215589046478, 0.41391807794570923, 0.4809132516384125, 0.42777809500694275, 0.27888384461402893], epochs needed: 30
count_changes: 1 / 11

Generation 25
Mean loss in evaluation epoch: [0.45419764518737793, 0.007571724243462086, 0.3367672860622406, 0.5129758715629578, 0.4516874849796295, 0.3561091721057892, 0.394365131855011, 0.341939777135849, 0.47694721817970276, 0.3664250671863556, 0.3650147616863251, 0.318782776594162, 0.3396128714084625, 0.2433582842350006, 0.26721978187561035, 0.24035564064979553, 0.26549777388572693, 0.24916230142116547, 0.3710448443889618, 0.2620466649532318], epochs needed: 30
------------------------- TRACKING ---------------------------
Matrix Hash: dbf89cb811746f02, num_times_seen_before: 0
ACC: 0.9947368421052631
TPR/FPR: 1.0, 0.006493506493506494
Loss: [0.45419764518737793, 0.007571724243462086, 0.3367672860622406, 0.5129758715629578, 0.4516874849796295, 0.3561091721057892, 0.394365131855011, 0.341939777135849, 0.47694721817970276, 0.3664250671863556, 0.3650147616863251, 0.318782776594162, 0.3396128714084625, 0.2433582842350006, 0.26721978187561035, 0.24035564064979553, 0.26549777388572693, 0.24916230142116547, 0.3710448443889618, 0.2620466649532318]
Timestamp: 82.71293158200001
---------------------------------------------------------------
[tensor([0, 5]), tensor([0, 9]), tensor([ 0, 15]), tensor([ 0, 16]), tensor([2, 3]), tensor([2, 7]), tensor([ 2, 16]), tensor([3, 4]), tensor([3, 8]), tensor([ 3, 15]), tensor([ 3, 16]), tensor([4, 9]), tensor([ 4, 18]), tensor([ 7, 12]), tensor([13, 14]), tensor([13, 16]), tensor([16, 19])]
Mean loss in evaluation epoch: [0.4935794770717621, 0.07319879531860352, 0.47716400027275085, 0.5347133278846741, 0.510976254940033, 0.46444937586784363, 0.3961794376373291, 0.4288051724433899, 0.4601742923259735, 0.5438355803489685, 0.36353635787963867, 0.33036184310913086, 0.3952411711215973, 0.3818551003932953, 0.3563564419746399, 0.5776119232177734, 0.4544382095336914, 0.2748630940914154, 0.42585667967796326, 0.3699544370174408], epochs needed: 30
count_changes: 0 / 17

Generation 26
Mean loss in evaluation epoch: [0.4605386257171631, 0.018831834197044373, 0.34524255990982056, 0.522185742855072, 0.459277868270874, 0.3612271845340729, 0.4040237069129944, 0.35097160935401917, 0.48034366965293884, 0.3706909716129303, 0.3745077848434448, 0.32767024636268616, 0.3432184159755707, 0.24548886716365814, 0.2694527804851532, 0.24382467567920685, 0.26768574118614197, 0.2509852349758148, 0.3763340413570404, 0.26425978541374207], epochs needed: 30
------------------------- TRACKING ---------------------------
Matrix Hash: dbf89cb811746f02, num_times_seen_before: 1
ACC: 0.9947368421052631
TPR/FPR: 1.0, 0.006493506493506494
Loss: [0.4605386257171631, 0.018831834197044373, 0.34524255990982056, 0.522185742855072, 0.459277868270874, 0.3612271845340729, 0.4040237069129944, 0.35097160935401917, 0.48034366965293884, 0.3706909716129303, 0.3745077848434448, 0.32767024636268616, 0.3432184159755707, 0.24548886716365814, 0.2694527804851532, 0.24382467567920685, 0.26768574118614197, 0.2509852349758148, 0.3763340413570404, 0.26425978541374207]
Timestamp: 85.85818534399999
---------------------------------------------------------------
[tensor([0, 5]), tensor([3, 4]), tensor([3, 8])]
Mean loss in evaluation epoch: [0.4633651375770569, 0.034823574125766754, 0.34311601519584656, 0.5250093936920166, 0.505085289478302, 0.5127288103103638, 0.397711843252182, 0.3489125669002533, 0.45300301909446716, 0.36983522772789, 0.3687729835510254, 0.3256996273994446, 0.34411370754241943, 0.2524942457675934, 0.2759583294391632, 0.2502939701080322, 0.2741667926311493, 0.2580544948577881, 0.3756195306777954, 0.27037960290908813], epochs needed: 30
count_changes: 1 / 3

Generation 27
Mean loss in evaluation epoch: [0.45831385254859924, 0.00991355162113905, 0.34227195382118225, 0.5405579209327698, 0.4541335701942444, 0.36180195212364197, 0.3977018892765045, 0.34955650568008423, 0.4508682191371918, 0.3678675889968872, 0.37055084109306335, 0.3243568241596222, 0.3439296782016754, 0.24351847171783447, 0.2672436237335205, 0.24119506776332855, 0.2664528787136078, 0.2491554319858551, 0.3748748302459717, 0.2628035843372345], epochs needed: 30
------------------------- TRACKING ---------------------------
Matrix Hash: 27a06185e85d7864, num_times_seen_before: 15
ACC: 1.0
TPR/FPR: 1.0, 0.0
Loss: [0.45831385254859924, 0.00991355162113905, 0.34227195382118225, 0.5405579209327698, 0.4541335701942444, 0.36180195212364197, 0.3977018892765045, 0.34955650568008423, 0.4508682191371918, 0.3678675889968872, 0.37055084109306335, 0.3243568241596222, 0.3439296782016754, 0.24351847171783447, 0.2672436237335205, 0.24119506776332855, 0.2664528787136078, 0.2491554319858551, 0.3748748302459717, 0.2628035843372345]
Timestamp: 88.85140844300003
---------------------------------------------------------------
[tensor([2, 3]), tensor([2, 4]), tensor([3, 8]), tensor([ 3, 10]), tensor([ 3, 11]), tensor([ 3, 12]), tensor([ 3, 15]), tensor([ 3, 17]), tensor([ 3, 18]), tensor([4, 5]), tensor([4, 9]), tensor([ 4, 14]), tensor([5, 7]), tensor([ 5, 10]), tensor([ 5, 14]), tensor([ 6, 17]), tensor([7, 9]), tensor([ 7, 10]), tensor([ 7, 12]), tensor([ 7, 15]), tensor([ 9, 12])]
Mean loss in evaluation epoch: [0.45967015624046326, 0.08299823850393295, 0.49002161622047424, 0.5625053644180298, 0.49511608481407166, 0.4682658612728119, 0.4170708656311035, 0.48747020959854126, 0.4831903576850891, 0.4617445170879364, 0.46326184272766113, 0.43948110938072205, 0.4847272038459778, 0.2891123294830322, 0.4178105890750885, 0.5232011675834656, 0.30884596705436707, 0.5370350480079651, 0.4697361886501312, 0.30392512679100037], epochs needed: 30
count_changes: 0 / 21

Generation 28
Mean loss in evaluation epoch: [0.45735278725624084, 0.011775064282119274, 0.3401928246021271, 0.5357585549354553, 0.45188531279563904, 0.3580363690853119, 0.3958829939365387, 0.3455382287502289, 0.4509637951850891, 0.3677690923213959, 0.3665969967842102, 0.3223184645175934, 0.3404475152492523, 0.2446087896823883, 0.26870056986808777, 0.2427150011062622, 0.2666377127170563, 0.24961327016353607, 0.3729168772697449, 0.26284104585647583], epochs needed: 30
------------------------- TRACKING ---------------------------
Matrix Hash: 27a06185e85d7864, num_times_seen_before: 16
ACC: 1.0
TPR/FPR: 1.0, 0.0
Loss: [0.45735278725624084, 0.011775064282119274, 0.3401928246021271, 0.5357585549354553, 0.45188531279563904, 0.3580363690853119, 0.3958829939365387, 0.3455382287502289, 0.4509637951850891, 0.3677690923213959, 0.3665969967842102, 0.3223184645175934, 0.3404475152492523, 0.2446087896823883, 0.26870056986808777, 0.2427150011062622, 0.2666377127170563, 0.24961327016353607, 0.3729168772697449, 0.26284104585647583]
Timestamp: 91.98836854000001
---------------------------------------------------------------
[tensor([2, 3]), tensor([3, 8]), tensor([3, 9]), tensor([ 3, 12]), tensor([4, 9]), tensor([ 5, 11]), tensor([7, 9])]
Mean loss in evaluation epoch: [0.45731934905052185, 0.041607435792684555, 0.492977112531662, 0.5256751775741577, 0.46344661712646484, 0.3985287845134735, 0.3939822316169739, 0.39411231875419617, 0.47849470376968384, 0.5875678062438965, 0.3620714843273163, 0.3770793676376343, 0.4591939151287079, 0.25672176480293274, 0.2796611487865448, 0.2530262768268585, 0.27805793285369873, 0.26097509264945984, 0.3751237094402313, 0.2737807631492615], epochs needed: 30
count_changes: 0 / 7

Generation 29
Mean loss in evaluation epoch: [0.45924097299575806, 0.019860366359353065, 0.34077906608581543, 0.5003864169120789, 0.45587483048439026, 0.36166492104530334, 0.3998337984085083, 0.3466772437095642, 0.4512942433357239, 0.3714235723018646, 0.3723126947879791, 0.32155266404151917, 0.34459221363067627, 0.24563990533351898, 0.2694299817085266, 0.24265053868293762, 0.26751431822776794, 0.2513968050479889, 0.37474843859672546, 0.2641713619232178], epochs needed: 30
------------------------- TRACKING ---------------------------
Matrix Hash: 27a06185e85d7864, num_times_seen_before: 17
ACC: 1.0
TPR/FPR: 1.0, 0.0
Loss: [0.45924097299575806, 0.019860366359353065, 0.34077906608581543, 0.5003864169120789, 0.45587483048439026, 0.36166492104530334, 0.3998337984085083, 0.3466772437095642, 0.4512942433357239, 0.3714235723018646, 0.3723126947879791, 0.32155266404151917, 0.34459221363067627, 0.24563990533351898, 0.2694299817085266, 0.24265053868293762, 0.26751431822776794, 0.2513968050479889, 0.37474843859672546, 0.2641713619232178]
Timestamp: 95.69412147600002
---------------------------------------------------------------
[tensor([3, 8]), tensor([ 3, 18]), tensor([4, 9])]
Mean loss in evaluation epoch: [0.45549097657203674, 0.024653751403093338, 0.3389893174171448, 0.5303968191146851, 0.46745291352272034, 0.35718804597854614, 0.3965478241443634, 0.343821257352829, 0.4772714078426361, 0.4226120412349701, 0.3649844825267792, 0.3211123049259186, 0.34052687883377075, 0.24732446670532227, 0.2708223760128021, 0.2439107745885849, 0.26939576864242554, 0.2531784474849701, 0.5901280045509338, 0.2658936679363251], epochs needed: 30
count_changes: 0 / 3

Generation 30
Mean loss in evaluation epoch: [0.4560464024543762, 0.012050199322402477, 0.3378252685070038, 0.5244961380958557, 0.4519842267036438, 0.36023399233818054, 0.3940139710903168, 0.34412646293640137, 0.45276495814323425, 0.36902305483818054, 0.3668863773345947, 0.3188166618347168, 0.3437890112400055, 0.2443808615207672, 0.26800858974456787, 0.24035762250423431, 0.2664586901664734, 0.2505602240562439, 0.3730531632900238, 0.2630476653575897], epochs needed: 30
------------------------- TRACKING ---------------------------
Matrix Hash: 27a06185e85d7864, num_times_seen_before: 18
ACC: 1.0
TPR/FPR: 1.0, 0.0
Loss: [0.4560464024543762, 0.012050199322402477, 0.3378252685070038, 0.5244961380958557, 0.4519842267036438, 0.36023399233818054, 0.3940139710903168, 0.34412646293640137, 0.45276495814323425, 0.36902305483818054, 0.3668863773345947, 0.3188166618347168, 0.3437890112400055, 0.2443808615207672, 0.26800858974456787, 0.24035762250423431, 0.2664586901664734, 0.2505602240562439, 0.3730531632900238, 0.2630476653575897]
Timestamp: 98.79492447199999
---------------------------------------------------------------
[tensor([0, 4]), tensor([ 0, 16]), tensor([2, 3]), tensor([2, 7]), tensor([ 2, 11]), tensor([3, 5]), tensor([3, 7]), tensor([3, 8]), tensor([ 3, 11]), tensor([ 3, 12]), tensor([ 3, 15]), tensor([4, 9]), tensor([ 4, 18]), tensor([6, 8]), tensor([ 6, 10]), tensor([7, 9]), tensor([ 7, 10])]
Mean loss in evaluation epoch: [0.47544851899147034, 0.07758241891860962, 0.4846772253513336, 0.5507097244262695, 0.5011560320854187, 0.4639575183391571, 0.4336133599281311, 0.501342236995697, 0.4995826780796051, 0.44950342178344727, 0.4141468107700348, 0.4905017912387848, 0.43085503578186035, 0.27527686953544617, 0.29733115434646606, 0.5002596974372864, 0.39322665333747864, 0.2787172496318817, 0.43282461166381836, 0.29087916016578674], epochs needed: 30
count_changes: 0 / 17

Generation 31
Mean loss in evaluation epoch: [0.45571526885032654, 0.00892687402665615, 0.3397931754589081, 0.5243679285049438, 0.4531240165233612, 0.36016425490379333, 0.39611515402793884, 0.3466176688671112, 0.45049816370010376, 0.36708304286003113, 0.3676799237728119, 0.32163068652153015, 0.3426332473754883, 0.24339206516742706, 0.26714026927948, 0.24033860862255096, 0.265749990940094, 0.2491942197084427, 0.3732582628726959, 0.262175053358078], epochs needed: 30
------------------------- TRACKING ---------------------------
Matrix Hash: 27a06185e85d7864, num_times_seen_before: 19
ACC: 1.0
TPR/FPR: 1.0, 0.0
Loss: [0.45571526885032654, 0.00892687402665615, 0.3397931754589081, 0.5243679285049438, 0.4531240165233612, 0.36016425490379333, 0.39611515402793884, 0.3466176688671112, 0.45049816370010376, 0.36708304286003113, 0.3676799237728119, 0.32163068652153015, 0.3426332473754883, 0.24339206516742706, 0.26714026927948, 0.24033860862255096, 0.265749990940094, 0.2491942197084427, 0.3732582628726959, 0.262175053358078]
Timestamp: 101.73640146700001
---------------------------------------------------------------
[tensor([0, 4]), tensor([0, 8]), tensor([2, 3]), tensor([2, 6]), tensor([2, 7]), tensor([ 2, 18]), tensor([3, 4]), tensor([3, 5]), tensor([3, 8]), tensor([ 3, 12]), tensor([4, 9]), tensor([ 4, 12]), tensor([ 4, 14]), tensor([ 4, 18]), tensor([ 5, 14]), tensor([ 6, 10]), tensor([7, 9]), tensor([ 7, 11]), tensor([ 8, 17]), tensor([ 9, 12]), tensor([13, 16]), tensor([17, 19])]
Mean loss in evaluation epoch: [0.5069226026535034, 0.038673702627420425, 0.48296627402305603, 0.5322677493095398, 0.5336179733276367, 0.49075785279273987, 0.433964341878891, 0.4642276465892792, 0.5418620109558105, 0.47657641768455505, 0.4046667218208313, 0.3730532228946686, 0.5253973603248596, 0.3556639850139618, 0.41388794779777527, 0.2585655152797699, 0.36826688051223755, 0.42857566475868225, 0.47711417078971863, 0.37271982431411743], epochs needed: 30
count_changes: 0 / 22

Generation 32
Mean loss in evaluation epoch: [0.4692305624485016, 0.010860718786716461, 0.33962282538414, 0.5153020620346069, 0.4585895538330078, 0.36239489912986755, 0.4023962914943695, 0.345003217458725, 0.45618531107902527, 0.37378576397895813, 0.37405136227607727, 0.3193114101886749, 0.34586891531944275, 0.2447684109210968, 0.26862242817878723, 0.24028225243091583, 0.26612114906311035, 0.25101950764656067, 0.37510767579078674, 0.2628524899482727], epochs needed: 30
------------------------- TRACKING ---------------------------
Matrix Hash: 27a06185e85d7864, num_times_seen_before: 20
ACC: 1.0
TPR/FPR: 1.0, 0.0
Loss: [0.4692305624485016, 0.010860718786716461, 0.33962282538414, 0.5153020620346069, 0.4585895538330078, 0.36239489912986755, 0.4023962914943695, 0.345003217458725, 0.45618531107902527, 0.37378576397895813, 0.37405136227607727, 0.3193114101886749, 0.34586891531944275, 0.2447684109210968, 0.26862242817878723, 0.24028225243091583, 0.26612114906311035, 0.25101950764656067, 0.37510767579078674, 0.2628524899482727]
Timestamp: 105.14014335399997
---------------------------------------------------------------
[tensor([0, 5]), tensor([2, 3]), tensor([3, 5]), tensor([ 3, 12]), tensor([ 3, 18]), tensor([4, 5])]
Mean loss in evaluation epoch: [0.46296191215515137, 0.07865501195192337, 0.45840176939964294, 0.5365811586380005, 0.46816250681877136, 0.6300911903381348, 0.395734041929245, 0.3552202880382538, 0.45261865854263306, 0.37865111231803894, 0.37101998925209045, 0.32898393273353577, 0.4353165328502655, 0.26931047439575195, 0.29175853729248047, 0.2638527452945709, 0.28952836990356445, 0.2731153666973114, 0.4926896095275879, 0.28478842973709106], epochs needed: 30
count_changes: 0 / 6

Generation 33
Mean loss in evaluation epoch: [0.45509400963783264, 0.015533074736595154, 0.33962225914001465, 0.5345006585121155, 0.4510064125061035, 0.36070486903190613, 0.3937538266181946, 0.34582820534706116, 0.45052576065063477, 0.3695003092288971, 0.36721301078796387, 0.32067885994911194, 0.3435564935207367, 0.24443593621253967, 0.26828160881996155, 0.24098670482635498, 0.26615476608276367, 0.25022128224372864, 0.37370118498802185, 0.26267820596694946], epochs needed: 30
------------------------- TRACKING ---------------------------
Matrix Hash: 27a06185e85d7864, num_times_seen_before: 21
ACC: 1.0
TPR/FPR: 1.0, 0.0
Loss: [0.45509400963783264, 0.015533074736595154, 0.33962225914001465, 0.5345006585121155, 0.4510064125061035, 0.36070486903190613, 0.3937538266181946, 0.34582820534706116, 0.45052576065063477, 0.3695003092288971, 0.36721301078796387, 0.32067885994911194, 0.3435564935207367, 0.24443593621253967, 0.26828160881996155, 0.24098670482635498, 0.26615476608276367, 0.25022128224372864, 0.37370118498802185, 0.26267820596694946]
Timestamp: 108.287368791
---------------------------------------------------------------
[tensor([0, 8]), tensor([2, 3]), tensor([2, 4]), tensor([2, 7]), tensor([3, 4]), tensor([3, 6]), tensor([3, 8]), tensor([ 3, 10]), tensor([ 3, 12]), tensor([ 3, 15]), tensor([ 3, 17]), tensor([ 3, 18]), tensor([ 3, 19]), tensor([4, 5]), tensor([4, 9]), tensor([ 4, 13]), tensor([6, 8]), tensor([ 6, 10]), tensor([ 6, 17]), tensor([7, 9]), tensor([ 7, 11]), tensor([ 7, 12])]
Mean loss in evaluation epoch: [0.47374850511550903, 0.0957777127623558, 0.49368277192115784, 0.5506210327148438, 0.5226040482521057, 0.42030826210975647, 0.45548152923583984, 0.4720568358898163, 0.5248054265975952, 0.45223042368888855, 0.44033271074295044, 0.37737390398979187, 0.46528878808021545, 0.366891473531723, 0.3044959008693695, 0.4808470904827118, 0.30245378613471985, 0.5442266464233398, 0.47563275694847107, 0.3914981484413147], epochs needed: 30
count_changes: 0 / 22

Generation 34
Mean loss in evaluation epoch: [0.45806121826171875, 0.019164791330695152, 0.3401477634906769, 0.5554144978523254, 0.45308390259742737, 0.3588560223579407, 0.39609280228614807, 0.3462694585323334, 0.451033353805542, 0.36721891164779663, 0.36743560433387756, 0.3222784698009491, 0.34144866466522217, 0.24414849281311035, 0.267972469329834, 0.24170303344726562, 0.26656410098075867, 0.24964308738708496, 0.3730196952819824, 0.2629309594631195], epochs needed: 30
------------------------- TRACKING ---------------------------
Matrix Hash: 27a06185e85d7864, num_times_seen_before: 22
ACC: 1.0
TPR/FPR: 1.0, 0.0
Loss: [0.45806121826171875, 0.019164791330695152, 0.3401477634906769, 0.5554144978523254, 0.45308390259742737, 0.3588560223579407, 0.39609280228614807, 0.3462694585323334, 0.451033353805542, 0.36721891164779663, 0.36743560433387756, 0.3222784698009491, 0.34144866466522217, 0.24414849281311035, 0.267972469329834, 0.24170303344726562, 0.26656410098075867, 0.24964308738708496, 0.3730196952819824, 0.2629309594631195]
Timestamp: 111.34198924499998
---------------------------------------------------------------
[tensor([2, 4]), tensor([3, 6]), tensor([3, 8]), tensor([ 3, 11]), tensor([ 3, 17]), tensor([ 5, 14]), tensor([ 7, 10]), tensor([ 9, 12]), tensor([10, 12])]
Mean loss in evaluation epoch: [0.45793673396110535, 0.07845555990934372, 0.39910003542900085, 0.5731385350227356, 0.46325793862342834, 0.4052923321723938, 0.4151866137981415, 0.38865888118743896, 0.48184409737586975, 0.41234350204467773, 0.40974870324134827, 0.48185649514198303, 0.4244852066040039, 0.26011139154434204, 0.34833070635795593, 0.2553069293498993, 0.2814820110797882, 0.5595911145210266, 0.3761502802371979, 0.27835187315940857], epochs needed: 30
count_changes: 0 / 9

Generation 35
Mean loss in evaluation epoch: [0.4562581181526184, 0.011478237807750702, 0.34051138162612915, 0.5107927918434143, 0.45386940240859985, 0.3607746660709381, 0.39716729521751404, 0.3472224175930023, 0.4498875141143799, 0.36806562542915344, 0.3696013391017914, 0.3221907317638397, 0.34318262338638306, 0.2441970854997635, 0.26792195439338684, 0.24134336411952972, 0.2665989398956299, 0.249851256608963, 0.373857319355011, 0.2630854547023773], epochs needed: 30
------------------------- TRACKING ---------------------------
Matrix Hash: 27a06185e85d7864, num_times_seen_before: 23
ACC: 1.0
TPR/FPR: 1.0, 0.0
Loss: [0.4562581181526184, 0.011478237807750702, 0.34051138162612915, 0.5107927918434143, 0.45386940240859985, 0.3607746660709381, 0.39716729521751404, 0.3472224175930023, 0.4498875141143799, 0.36806562542915344, 0.3696013391017914, 0.3221907317638397, 0.34318262338638306, 0.2441970854997635, 0.26792195439338684, 0.24134336411952972, 0.2665989398956299, 0.249851256608963, 0.373857319355011, 0.2630854547023773]
Timestamp: 114.371642253
---------------------------------------------------------------
[tensor([2, 6]), tensor([3, 5]), tensor([3, 6]), tensor([3, 8]), tensor([ 3, 10]), tensor([ 3, 12]), tensor([ 3, 18]), tensor([ 3, 19]), tensor([4, 9]), tensor([ 5, 10]), tensor([ 6, 15]), tensor([ 7, 12])]
Mean loss in evaluation epoch: [0.4637061655521393, 0.03381503000855446, 0.3952746093273163, 0.5216708183288574, 0.46924901008605957, 0.4893662631511688, 0.42930421233177185, 0.4061456620693207, 0.48195943236351013, 0.4307023584842682, 0.4503094255924225, 0.3284890353679657, 0.4703938066959381, 0.2625749111175537, 0.28519922494888306, 0.34459131956100464, 0.2838471829891205, 0.2683171331882477, 0.5054413676261902, 0.3847624957561493], epochs needed: 30
count_changes: 0 / 12

Generation 36
Mean loss in evaluation epoch: [0.45830202102661133, 0.01058176625519991, 0.3388623893260956, 0.5496360659599304, 0.4529723823070526, 0.36112865805625916, 0.3949182629585266, 0.34463992714881897, 0.4526766836643219, 0.3712140619754791, 0.3676115572452545, 0.3192026913166046, 0.3443930745124817, 0.24425964057445526, 0.26806876063346863, 0.23982679843902588, 0.2658287584781647, 0.2506287097930908, 0.37390759587287903, 0.2624410092830658], epochs needed: 30
------------------------- TRACKING ---------------------------
Matrix Hash: 27a06185e85d7864, num_times_seen_before: 24
ACC: 1.0
TPR/FPR: 1.0, 0.0
Loss: [0.45830202102661133, 0.01058176625519991, 0.3388623893260956, 0.5496360659599304, 0.4529723823070526, 0.36112865805625916, 0.3949182629585266, 0.34463992714881897, 0.4526766836643219, 0.3712140619754791, 0.3676115572452545, 0.3192026913166046, 0.3443930745124817, 0.24425964057445526, 0.26806876063346863, 0.23982679843902588, 0.2658287584781647, 0.2506287097930908, 0.37390759587287903, 0.2624410092830658]
Timestamp: 117.39634469800001
---------------------------------------------------------------
[tensor([2, 6]), tensor([3, 4]), tensor([3, 5]), tensor([3, 8]), tensor([3, 9]), tensor([ 3, 12]), tensor([ 3, 16]), tensor([ 3, 18])]
Mean loss in evaluation epoch: [0.4650375545024872, 0.06601260602474213, 0.39877158403396606, 0.5745023488998413, 0.49741825461387634, 0.47991225123405457, 0.41551610827445984, 0.3552069365978241, 0.48168888688087463, 0.5108782649040222, 0.3716103136539459, 0.33198270201683044, 0.4418361186981201, 0.2639954090118408, 0.2870180606842041, 0.2612212002277374, 0.37505266070365906, 0.26813092827796936, 0.5032309889793396, 0.280367910861969], epochs needed: 30
count_changes: 0 / 8

Generation 37
Mean loss in evaluation epoch: [0.4548061490058899, 0.014811242930591106, 0.33589255809783936, 0.532853901386261, 0.4515138268470764, 0.357117623090744, 0.3930743634700775, 0.341768354177475, 0.45181068778038025, 0.36530572175979614, 0.3623257577419281, 0.3178541362285614, 0.3401043713092804, 0.24422918260097504, 0.26795417070388794, 0.24100719392299652, 0.26647573709487915, 0.25025805830955505, 0.37096115946769714, 0.262960821390152], epochs needed: 30
------------------------- TRACKING ---------------------------
Matrix Hash: 27a06185e85d7864, num_times_seen_before: 25
ACC: 1.0
TPR/FPR: 1.0, 0.0
Loss: [0.4548061490058899, 0.014811242930591106, 0.33589255809783936, 0.532853901386261, 0.4515138268470764, 0.357117623090744, 0.3930743634700775, 0.341768354177475, 0.45181068778038025, 0.36530572175979614, 0.3623257577419281, 0.3178541362285614, 0.3401043713092804, 0.24422918260097504, 0.26795417070388794, 0.24100719392299652, 0.26647573709487915, 0.25025805830955505, 0.37096115946769714, 0.262960821390152]
Timestamp: 120.40695240500003
---------------------------------------------------------------
[tensor([2, 3]), tensor([2, 4]), tensor([2, 6]), tensor([2, 7]), tensor([ 2, 16]), tensor([3, 4]), tensor([3, 6]), tensor([3, 7]), tensor([3, 8]), tensor([ 3, 15]), tensor([ 3, 18]), tensor([4, 5]), tensor([ 4, 19]), tensor([ 5, 14]), tensor([ 7, 12]), tensor([ 7, 17]), tensor([ 8, 17]), tensor([ 8, 18]), tensor([10, 12])]
Mean loss in evaluation epoch: [0.4563849866390228, 0.11711549013853073, 0.5214626789093018, 0.5470705032348633, 0.5116799473762512, 0.432756632566452, 0.42242977023124695, 0.5343654751777649, 0.5313383936882019, 0.3728256821632385, 0.38833364844322205, 0.3242208659648895, 0.4278416633605957, 0.27074316143989563, 0.3478597104549408, 0.46666136384010315, 0.35857370495796204, 0.4026380479335785, 0.5951260924339294, 0.36232995986938477], epochs needed: 30
count_changes: 0 / 19

Generation 38
Mean loss in evaluation epoch: [0.45513907074928284, 0.011866784654557705, 0.34049126505851746, 0.5289897918701172, 0.4520655572414398, 0.3592447340488434, 0.3959524631500244, 0.3466894030570984, 0.45113974809646606, 0.3671817481517792, 0.36763665080070496, 0.3226589560508728, 0.3415221571922302, 0.24419717490673065, 0.26801973581314087, 0.24113133549690247, 0.26617535948753357, 0.25002437829971313, 0.3732745945453644, 0.26258835196495056], epochs needed: 30
------------------------- TRACKING ---------------------------
Matrix Hash: 27a06185e85d7864, num_times_seen_before: 26
ACC: 1.0
TPR/FPR: 1.0, 0.0
Loss: [0.45513907074928284, 0.011866784654557705, 0.34049126505851746, 0.5289897918701172, 0.4520655572414398, 0.3592447340488434, 0.3959524631500244, 0.3466894030570984, 0.45113974809646606, 0.3671817481517792, 0.36763665080070496, 0.3226589560508728, 0.3415221571922302, 0.24419717490673065, 0.26801973581314087, 0.24113133549690247, 0.26617535948753357, 0.25002437829971313, 0.3732745945453644, 0.26258835196495056]
Timestamp: 123.38863245300001
---------------------------------------------------------------
[tensor([0, 5]), tensor([2, 3]), tensor([3, 6]), tensor([3, 8]), tensor([ 3, 11]), tensor([ 3, 12]), tensor([ 4, 14]), tensor([ 4, 18]), tensor([ 5, 11]), tensor([ 5, 12]), tensor([ 6, 15]), tensor([7, 9]), tensor([ 9, 12]), tensor([11, 17])]
Mean loss in evaluation epoch: [0.46849384903907776, 0.08891445398330688, 0.45152923464775085, 0.5385341048240662, 0.47579070925712585, 0.48598024249076843, 0.416668176651001, 0.39232417941093445, 0.483426570892334, 0.4412819445133209, 0.3632987141609192, 0.6176093220710754, 0.5201868414878845, 0.27491042017936707, 0.376289427280426, 0.34281182289123535, 0.2940167486667633, 0.4681602120399475, 0.42791318893432617, 0.2886289656162262], epochs needed: 30
count_changes: 0 / 14

Generation 39
Mean loss in evaluation epoch: [0.4870770573616028, 0.010808623395860195, 0.33712440729141235, 0.5622892379760742, 0.46800023317337036, 0.36613163352012634, 0.4064911901950836, 0.3431701362133026, 0.4694959819316864, 0.3761562407016754, 0.3737477660179138, 0.31605491042137146, 0.3506196439266205, 0.2476932853460312, 0.2710944712162018, 0.2406371682882309, 0.2695496082305908, 0.25578317046165466, 0.37732458114624023, 0.26670536398887634], epochs needed: 30
------------------------- TRACKING ---------------------------
Matrix Hash: 27a06185e85d7864, num_times_seen_before: 27
ACC: 1.0
TPR/FPR: 1.0, 0.0
Loss: [0.4870770573616028, 0.010808623395860195, 0.33712440729141235, 0.5622892379760742, 0.46800023317337036, 0.36613163352012634, 0.4064911901950836, 0.3431701362133026, 0.4694959819316864, 0.3761562407016754, 0.3737477660179138, 0.31605491042137146, 0.3506196439266205, 0.2476932853460312, 0.2710944712162018, 0.2406371682882309, 0.2695496082305908, 0.25578317046165466, 0.37732458114624023, 0.26670536398887634]
Timestamp: 126.35019234599997
---------------------------------------------------------------
[tensor([0, 4]), tensor([0, 8]), tensor([2, 3]), tensor([3, 4]), tensor([3, 5]), tensor([ 3, 12]), tensor([ 3, 18]), tensor([ 5, 14]), tensor([11, 17])]
Mean loss in evaluation epoch: [0.5056219100952148, 0.08944494277238846, 0.45357275009155273, 0.5632153749465942, 0.5164910554885864, 0.4793703258037567, 0.39541372656822205, 0.35336849093437195, 0.5051418542861938, 0.37880411744117737, 0.36708900332450867, 0.4196268618106842, 0.43464013934135437, 0.27350279688835144, 0.3568165898323059, 0.26612958312034607, 0.2931119501590729, 0.4676061272621155, 0.49149176478385925, 0.28799036145210266], epochs needed: 30
count_changes: 0 / 9

Generation 40
Mean loss in evaluation epoch: [0.45569154620170593, 0.008665243163704872, 0.33905646204948425, 0.5164551138877869, 0.45266756415367126, 0.3609676957130432, 0.3955862820148468, 0.3455829620361328, 0.45209142565727234, 0.3693154752254486, 0.36737319827079773, 0.3200852870941162, 0.34415408968925476, 0.24357552826404572, 0.26724469661712646, 0.23965351283550262, 0.26572540402412415, 0.24983088672161102, 0.3736402094364166, 0.26227304339408875], epochs needed: 30
------------------------- TRACKING ---------------------------
Matrix Hash: 27a06185e85d7864, num_times_seen_before: 28
ACC: 1.0
TPR/FPR: 1.0, 0.0
Loss: [0.45569154620170593, 0.008665243163704872, 0.33905646204948425, 0.5164551138877869, 0.45266756415367126, 0.3609676957130432, 0.3955862820148468, 0.3455829620361328, 0.45209142565727234, 0.3693154752254486, 0.36737319827079773, 0.3200852870941162, 0.34415408968925476, 0.24357552826404572, 0.26724469661712646, 0.23965351283550262, 0.26572540402412415, 0.24983088672161102, 0.3736402094364166, 0.26227304339408875]
Timestamp: 129.270822674
---------------------------------------------------------------
[tensor([2, 3]), tensor([2, 6]), tensor([2, 7]), tensor([3, 5]), tensor([3, 8]), tensor([3, 9]), tensor([ 3, 12]), tensor([ 3, 18]), tensor([ 4, 19]), tensor([ 5, 14]), tensor([ 5, 15]), tensor([6, 8]), tensor([13, 16]), tensor([16, 19])]
Mean loss in evaluation epoch: [0.4615461528301239, 0.0668388158082962, 0.4857703149318695, 0.5549834370613098, 0.47206711769104004, 0.4665769636631012, 0.43105393648147583, 0.40379610657691956, 0.5001875758171082, 0.5012184977531433, 0.3663646876811981, 0.32980185747146606, 0.4371504783630371, 0.35046741366386414, 0.3510530889034271, 0.35114970803260803, 0.40329709649086, 0.27258601784706116, 0.49462220072746277, 0.4129730761051178], epochs needed: 30
count_changes: 0 / 14

Generation 41
Mean loss in evaluation epoch: [0.45998653769493103, 0.023225154727697372, 0.3402709662914276, 0.5348101854324341, 0.4560052454471588, 0.36532062292099, 0.397879958152771, 0.34704533219337463, 0.4569682776927948, 0.3733736276626587, 0.3698480427265167, 0.3199004828929901, 0.3481239676475525, 0.2468092441558838, 0.2705959975719452, 0.24168279767036438, 0.26791051030158997, 0.2533958852291107, 0.3763163685798645, 0.2647649943828583], epochs needed: 30
------------------------- TRACKING ---------------------------
Matrix Hash: 27a06185e85d7864, num_times_seen_before: 29
ACC: 1.0
TPR/FPR: 1.0, 0.0
Loss: [0.45998653769493103, 0.023225154727697372, 0.3402709662914276, 0.5348101854324341, 0.4560052454471588, 0.36532062292099, 0.397879958152771, 0.34704533219337463, 0.4569682776927948, 0.3733736276626587, 0.3698480427265167, 0.3199004828929901, 0.3481239676475525, 0.2468092441558838, 0.2705959975719452, 0.24168279767036438, 0.26791051030158997, 0.2533958852291107, 0.3763163685798645, 0.2647649943828583]
Timestamp: 132.12098847099998
---------------------------------------------------------------
[tensor([3, 5]), tensor([3, 6]), tensor([3, 8]), tensor([ 3, 19])]
Mean loss in evaluation epoch: [0.45317965745925903, 0.023668432608246803, 0.33606529235839844, 0.5082285404205322, 0.4506232440471649, 0.5420404076576233, 0.4161706864833832, 0.3409760892391205, 0.4760431945323944, 0.36727067828178406, 0.3610573410987854, 0.31809425354003906, 0.3411099910736084, 0.24905763566493988, 0.27259498834609985, 0.2449754774570465, 0.2705889642238617, 0.254465252161026, 0.37223178148269653, 0.37417763471603394], epochs needed: 30
count_changes: 2 / 4

Generation 42
Mean loss in evaluation epoch: [0.4557364583015442, 0.006724859122186899, 0.3351311981678009, 0.5065683126449585, 0.45146670937538147, 0.35626527667045593, 0.4160842001438141, 0.3405801057815552, 0.47835880517959595, 0.3655206561088562, 0.36296379566192627, 0.3170817196369171, 0.3397200405597687, 0.24339942634105682, 0.2671814262866974, 0.2406545728445053, 0.2658851742744446, 0.24917106330394745, 0.3706348240375519, 0.26239022612571716], epochs needed: 30
------------------------- TRACKING ---------------------------
Matrix Hash: 606460186ae4422a, num_times_seen_before: 1
ACC: 0.9894736842105263
TPR/FPR: 1.0, 0.012987012987012988
Loss: [0.4557364583015442, 0.006724859122186899, 0.3351311981678009, 0.5065683126449585, 0.45146670937538147, 0.35626527667045593, 0.4160842001438141, 0.3405801057815552, 0.47835880517959595, 0.3655206561088562, 0.36296379566192627, 0.3170817196369171, 0.3397200405597687, 0.24339942634105682, 0.2671814262866974, 0.2406545728445053, 0.2658851742744446, 0.24917106330394745, 0.3706348240375519, 0.26239022612571716]
Timestamp: 135.33321511600002
---------------------------------------------------------------
[tensor([ 0, 16]), tensor([ 2, 16]), tensor([ 2, 18]), tensor([3, 6]), tensor([3, 8]), tensor([ 3, 16]), tensor([ 4, 13]), tensor([ 4, 19])]
Mean loss in evaluation epoch: [0.4716295301914215, 0.006799527443945408, 0.4310688078403473, 0.533957839012146, 0.4842176139354706, 0.35546502470970154, 0.39875394105911255, 0.3432024419307709, 0.45386838912963867, 0.3653375208377838, 0.3657713532447815, 0.3213540017604828, 0.3384365141391754, 0.3473491668701172, 0.26834607124328613, 0.24300043284893036, 0.4441653788089752, 0.24932530522346497, 0.4351024329662323, 0.3552364408969879], epochs needed: 30
count_changes: 0 / 8

Generation 43
Mean loss in evaluation epoch: [0.45460525155067444, 0.006577478256076574, 0.3361305296421051, 0.5050002932548523, 0.45042601227760315, 0.3548099100589752, 0.4175513684749603, 0.3406982123851776, 0.47624608874320984, 0.3658394515514374, 0.3619300425052643, 0.31867846846580505, 0.3385418951511383, 0.24365337193012238, 0.2674211263656616, 0.24074378609657288, 0.2659938931465149, 0.24962110817432404, 0.37084659934043884, 0.2625488340854645], epochs needed: 30
------------------------- TRACKING ---------------------------
Matrix Hash: 606460186ae4422a, num_times_seen_before: 2
ACC: 0.9894736842105263
TPR/FPR: 1.0, 0.012987012987012988
Loss: [0.45460525155067444, 0.006577478256076574, 0.3361305296421051, 0.5050002932548523, 0.45042601227760315, 0.3548099100589752, 0.4175513684749603, 0.3406982123851776, 0.47624608874320984, 0.3658394515514374, 0.3619300425052643, 0.31867846846580505, 0.3385418951511383, 0.24365337193012238, 0.2674211263656616, 0.24074378609657288, 0.2659938931465149, 0.24962110817432404, 0.37084659934043884, 0.2625488340854645]
Timestamp: 138.646871927
---------------------------------------------------------------
[tensor([ 0, 16]), tensor([2, 3]), tensor([2, 6]), tensor([3, 6]), tensor([3, 8]), tensor([4, 5]), tensor([4, 9]), tensor([ 4, 18]), tensor([ 8, 17]), tensor([11, 17]), tensor([16, 17])]
Mean loss in evaluation epoch: [0.4653538763523102, 0.04663099721074104, 0.4865049421787262, 0.5100323557853699, 0.4863457679748535, 0.4127362370491028, 0.40971049666404724, 0.346843957901001, 0.47741732001304626, 0.4251347482204437, 0.36559605598449707, 0.43460240960121155, 0.3495565354824066, 0.2619800865650177, 0.2844189703464508, 0.2551301121711731, 0.41916441917419434, 0.547872006893158, 0.4269743859767914, 0.2772768437862396], epochs needed: 30
count_changes: 1 / 11

Generation 44
Mean loss in evaluation epoch: [0.45392876863479614, 0.017000380903482437, 0.3403378129005432, 0.5189034938812256, 0.45161429047584534, 0.3590964674949646, 0.39569488167762756, 0.34630024433135986, 0.4768088757991791, 0.36771273612976074, 0.36749061942100525, 0.3224897086620331, 0.3416767418384552, 0.2455127090215683, 0.26941773295402527, 0.24439075589179993, 0.26830577850341797, 0.25093594193458557, 0.37328553199768066, 0.26475802063941956], epochs needed: 30
------------------------- TRACKING ---------------------------
Matrix Hash: dbf89cb811746f02, num_times_seen_before: 2
ACC: 0.9947368421052631
TPR/FPR: 1.0, 0.006493506493506494
Loss: [0.45392876863479614, 0.017000380903482437, 0.3403378129005432, 0.5189034938812256, 0.45161429047584534, 0.3590964674949646, 0.39569488167762756, 0.34630024433135986, 0.4768088757991791, 0.36771273612976074, 0.36749061942100525, 0.3224897086620331, 0.3416767418384552, 0.2455127090215683, 0.26941773295402527, 0.24439075589179993, 0.26830577850341797, 0.25093594193458557, 0.37328553199768066, 0.26475802063941956]
Timestamp: 141.80450423399998
---------------------------------------------------------------
[tensor([ 0, 10]), tensor([3, 4]), tensor([3, 7]), tensor([3, 8]), tensor([ 8, 15]), tensor([ 8, 17])]
Mean loss in evaluation epoch: [0.46905627846717834, 0.029803557321429253, 0.33920809626579285, 0.5219544768333435, 0.5014523863792419, 0.3582407534122467, 0.3943142592906952, 0.4838371276855469, 0.48905643820762634, 0.3699067533016205, 0.4019796550273895, 0.32122308015823364, 0.3423147201538086, 0.25192388892173767, 0.27523988485336304, 0.3443789482116699, 0.2732012867927551, 0.3545457422733307, 0.3736606240272522, 0.26955610513687134], epochs needed: 30
count_changes: 0 / 6
------------------------- TRACKING ---------------------------
Matrix Hash: dbf89cb811746f02, num_times_seen_before: 3
ACC: 0.9947368421052631
TPR/FPR: 1.0, 0.006493506493506494
Loss: [0.45392876863479614, 0.017000380903482437, 0.3403378129005432, 0.5189034938812256, 0.45161429047584534, 0.3590964674949646, 0.39569488167762756, 0.34630024433135986, 0.4768088757991791, 0.36771273612976074, 0.36749061942100525, 0.3224897086620331, 0.3416767418384552, 0.2455127090215683, 0.26941773295402527, 0.24439075589179993, 0.26830577850341797, 0.25093594193458557, 0.37328553199768066, 0.26475802063941956]
Timestamp: 143.632532412
---------------------------------------------------------------
Time needed: 145.420349192 sec
