num samples: 1000
NUM_TRAIN_SAMPLES: 999
NUM_TRAIN_BATCHES: 10
NUM_TEST_SAMPLES: 999
NUM_TEST_BATCHES: 10
BATCH_SIZE: 100
HIDDEN_SIZE: 128
NUM_DYN_EPOCHS: 40
IS_CONTINUOUS: False
USE_MAX: False
../data/final/netrd/SIS/timeseries_ba10_1k_0.15.pickle
../data/final/edges_ba10.pickle
CONTINUATION: False
CONT_ADDRESS: D:\Uni\BA\ColabOutputs\ba20\2020-12-10T22_50_22.113418
SEED: 0
NUM_DYN_EPOCHS: 40
NUM_DYN_EPOCHS_INIT: 200
DETECT_EARLY_CONVERGENCE: False
RESET_DYN_LEARNER_EVERY_NTH_GEN: 5
POP_SIZE: 10
NEWPOP_SIZE: 30
NUM_GEN: 45
USE_NODEWISE_EVALUATION: False
USE_EVALEPOCH_FOR_GUIDED_MUTATION: False
USE_DETERMINISTIC_EVAL: False
--------------------- Start training ------------------------
evaluating individudal 0 - 460612a95341c2dc. Mean loss in evaluation epoch: 0.3796485364437103, epochs needed: 200
evaluating individudal 1 - cb318701c6264389. Mean loss in evaluation epoch: 0.3780432641506195, epochs needed: 200
evaluating individudal 2 - 256cd74a9083c764. Mean loss in evaluation epoch: 0.3751688599586487, epochs needed: 200
evaluating individudal 3 - 1b6b651afe8002a5. Mean loss in evaluation epoch: 0.38345715403556824, epochs needed: 200
evaluating individudal 4 - bcedbb598440425e. Mean loss in evaluation epoch: 0.383066862821579, epochs needed: 200
evaluating individudal 5 - 51f3cb9141bf47bf. Mean loss in evaluation epoch: 0.3817386031150818, epochs needed: 200
evaluating individudal 6 - 997119a227ab564a. Mean loss in evaluation epoch: 0.37959080934524536, epochs needed: 200
evaluating individudal 7 - 90b4f6b2180fa1fc. Mean loss in evaluation epoch: 0.3768363296985626, epochs needed: 200
evaluating individudal 8 - 5fe9ec07c725dc0b. Mean loss in evaluation epoch: 0.38048139214515686, epochs needed: 200
evaluating individudal 9 - 0a757b0da086bed7. Mean loss in evaluation epoch: 0.37854668498039246, epochs needed: 200
Round 0 done. -----------------------------------------
------------------------- TRACKING ---------------------------
Matrix Hash: 256cd74a9083c764, num_times_seen_before: 0
ACC: 0.6
TPR/FPR: 0.5625, 0.3793103448275862
Loss: 0.3751688599586487
Timestamp: 0
---------------------------------------------------------------
evaluating individudal 0 - 777cc3af0ea05e8e. Mean loss in evaluation epoch: 0.3760300576686859, epochs needed: 200
evaluating individudal 1 - ef5c23c716d2f980. Mean loss in evaluation epoch: 0.3796570599079132, epochs needed: 200
evaluating individudal 2 - ce76cb475da8406f. Mean loss in evaluation epoch: 0.3731251358985901, epochs needed: 200
evaluating individudal 3 - 1b6e90427e81bfe0. Mean loss in evaluation epoch: 0.3739328384399414, epochs needed: 200
evaluating individudal 4 - 8a60985861422095. Mean loss in evaluation epoch: 0.3758596181869507, epochs needed: 200
evaluating individudal 5 - 6ac92f9ce2efb4f4. Mean loss in evaluation epoch: 0.3754214942455292, epochs needed: 200
evaluating individudal 6 - ea3554d1de9f3037. Mean loss in evaluation epoch: 0.377855122089386, epochs needed: 200
evaluating individudal 7 - 55938f5b24f0edda. Mean loss in evaluation epoch: 0.37729936838150024, epochs needed: 200
evaluating individudal 8 - 95642a8ddf96568a. Mean loss in evaluation epoch: 0.38004228472709656, epochs needed: 200
evaluating individudal 9 - 11547cb874739df0. Mean loss in evaluation epoch: 0.37672027945518494, epochs needed: 200
evaluating individudal 10 - b23d72425a12e58f. Mean loss in evaluation epoch: 0.37738654017448425, epochs needed: 200
evaluating individudal 11 - 329bbbb7d082eea0. Mean loss in evaluation epoch: 0.37452584505081177, epochs needed: 200
evaluating individudal 12 - 5c0f5543d917925b. Mean loss in evaluation epoch: 0.38073381781578064, epochs needed: 200
evaluating individudal 13 - df24bcc09ed0b2a8. Mean loss in evaluation epoch: 0.37496811151504517, epochs needed: 200
evaluating individudal 14 - e4647cf2dc47dea3. Mean loss in evaluation epoch: 0.37543168663978577, epochs needed: 200
evaluating individudal 15 - 8e636636e299262f. Mean loss in evaluation epoch: 0.3769688308238983, epochs needed: 200
evaluating individudal 16 - 4bbf12cbe5ce49b9. Mean loss in evaluation epoch: 0.37632402777671814, epochs needed: 200
evaluating individudal 17 - ce22a8ce4ef0280c. Mean loss in evaluation epoch: 0.3776167035102844, epochs needed: 200
evaluating individudal 18 - 7a95c05e7e329c59. Mean loss in evaluation epoch: 0.37524959444999695, epochs needed: 200
evaluating individudal 19 - 0b6aa14e7520e01c. Mean loss in evaluation epoch: 0.37423235177993774, epochs needed: 200
evaluating individudal 20 - f2aa21716d6db16a. Mean loss in evaluation epoch: 0.3740772306919098, epochs needed: 200
evaluating individudal 21 - 6a360a33e16715bc. Mean loss in evaluation epoch: 0.37761661410331726, epochs needed: 200
evaluating individudal 22 - 5add1eef6eea28a3. Mean loss in evaluation epoch: 0.37289223074913025, epochs needed: 200
evaluating individudal 23 - 1097ee217883ff74. Mean loss in evaluation epoch: 0.3797357976436615, epochs needed: 200
evaluating individudal 24 - 402d479e88c6878a. Mean loss in evaluation epoch: 0.37801676988601685, epochs needed: 200
evaluating individudal 25 - c16d5431fb1138f4. Mean loss in evaluation epoch: 0.37353596091270447, epochs needed: 200
evaluating individudal 26 - 436c8cf96c9083f1. Mean loss in evaluation epoch: 0.3756561279296875, epochs needed: 200
evaluating individudal 27 - cca3b2fc07be26e2. Mean loss in evaluation epoch: 0.3778195083141327, epochs needed: 200
evaluating individudal 28 - 014ae633ac2564d9. Mean loss in evaluation epoch: 0.37777695059776306, epochs needed: 200
evaluating individudal 29 - f1f854c5515d3fae. Mean loss in evaluation epoch: 0.3734935522079468, epochs needed: 200
evaluating individudal 0 - 460612a95341c2dc. Mean loss in evaluation epoch: 0.3800766170024872, epochs needed: 200
evaluating individudal 1 - cb318701c6264389. Mean loss in evaluation epoch: 0.378296434879303, epochs needed: 200
evaluating individudal 2 - 256cd74a9083c764. Mean loss in evaluation epoch: 0.37429389357566833, epochs needed: 200
evaluating individudal 3 - 1b6b651afe8002a5. Mean loss in evaluation epoch: 0.383026659488678, epochs needed: 200
evaluating individudal 4 - bcedbb598440425e. Mean loss in evaluation epoch: 0.382979154586792, epochs needed: 200
evaluating individudal 5 - 51f3cb9141bf47bf. Mean loss in evaluation epoch: 0.3816843330860138, epochs needed: 200
evaluating individudal 6 - 997119a227ab564a. Mean loss in evaluation epoch: 0.3794970214366913, epochs needed: 200
evaluating individudal 7 - 90b4f6b2180fa1fc. Mean loss in evaluation epoch: 0.3761480450630188, epochs needed: 200
evaluating individudal 8 - 5fe9ec07c725dc0b. Mean loss in evaluation epoch: 0.3806917667388916, epochs needed: 200
evaluating individudal 9 - 0a757b0da086bed7. Mean loss in evaluation epoch: 0.3803938627243042, epochs needed: 200
Round 1 done. -----------------------------------------
------------------------- TRACKING ---------------------------
Matrix Hash: 5add1eef6eea28a3, num_times_seen_before: 0
ACC: 0.5555555555555556
TPR/FPR: 0.5625, 0.4482758620689655
Loss: 0.37289223074913025
Timestamp: 409.0891568729967
---------------------------------------------------------------
evaluating individudal 0 - 0a338178314a7d1c. Mean loss in evaluation epoch: 0.3724093437194824, epochs needed: 40
evaluating individudal 1 - db870d1891d4da74. Mean loss in evaluation epoch: 0.37616902589797974, epochs needed: 40
evaluating individudal 2 - 658f2c3ddee09192. Mean loss in evaluation epoch: 0.3797912299633026, epochs needed: 40
evaluating individudal 3 - 4f9add57373e65ad. Mean loss in evaluation epoch: 0.3751295208930969, epochs needed: 40
evaluating individudal 4 - d5b5bd9d06c5080a. Mean loss in evaluation epoch: 0.3754788935184479, epochs needed: 40
evaluating individudal 5 - 550243a6f86ffb14. Mean loss in evaluation epoch: 0.3748423159122467, epochs needed: 40
evaluating individudal 6 - 42f4eeb8f66c2781. Mean loss in evaluation epoch: 0.3749350607395172, epochs needed: 40
evaluating individudal 7 - dcadf671d2b9cd42. Mean loss in evaluation epoch: 0.3758251667022705, epochs needed: 40
evaluating individudal 8 - 8046f5bc96725111. Mean loss in evaluation epoch: 0.3792557418346405, epochs needed: 40
evaluating individudal 9 - e0cfaa14e7586427. Mean loss in evaluation epoch: 0.3686830997467041, epochs needed: 40
evaluating individudal 10 - 35ba18dcedc6e99d. Mean loss in evaluation epoch: 0.3821626305580139, epochs needed: 40
evaluating individudal 11 - bfb303d1be0877d9. Mean loss in evaluation epoch: 0.381989449262619, epochs needed: 40
evaluating individudal 12 - 19487ffc49a9614d. Mean loss in evaluation epoch: 0.37721848487854004, epochs needed: 40
evaluating individudal 13 - 877ab881828bb8dc. Mean loss in evaluation epoch: 0.3714524209499359, epochs needed: 40
evaluating individudal 14 - e0ff54f4274a504c. Mean loss in evaluation epoch: 0.3710338771343231, epochs needed: 40
evaluating individudal 15 - 5ddfe44daef395a2. Mean loss in evaluation epoch: 0.37237298488616943, epochs needed: 40
evaluating individudal 16 - b80e9a5c8d01ad96. Mean loss in evaluation epoch: 0.3746860921382904, epochs needed: 40
evaluating individudal 17 - 26db3cd26c2be1b2. Mean loss in evaluation epoch: 0.3746173083782196, epochs needed: 40
evaluating individudal 18 - d01d45f8ddc61ba1. Mean loss in evaluation epoch: 0.3691980540752411, epochs needed: 40
evaluating individudal 19 - 1f50a9c3f760048b. Mean loss in evaluation epoch: 0.3719831109046936, epochs needed: 40
evaluating individudal 20 - 85474444e892a71e. Mean loss in evaluation epoch: 0.3784126341342926, epochs needed: 40
evaluating individudal 21 - 581876f39ad6c53b. Mean loss in evaluation epoch: 0.37873902916908264, epochs needed: 40
evaluating individudal 22 - aa72b12b1633c2b2. Mean loss in evaluation epoch: 0.3752518594264984, epochs needed: 40
evaluating individudal 23 - 01d4dc2d7b4a7e40. Mean loss in evaluation epoch: 0.3792366087436676, epochs needed: 40
evaluating individudal 24 - 20427af9e67d8b70. Mean loss in evaluation epoch: 0.3748370110988617, epochs needed: 40
evaluating individudal 25 - 9ff315e5eeddc7a7. Mean loss in evaluation epoch: 0.3755243420600891, epochs needed: 40
evaluating individudal 26 - 936fc6e2640b97e9. Mean loss in evaluation epoch: 0.37575897574424744, epochs needed: 40
evaluating individudal 27 - 08991fb553ef33d2. Mean loss in evaluation epoch: 0.3714960217475891, epochs needed: 40
evaluating individudal 28 - 1542454a6785d8b9. Mean loss in evaluation epoch: 0.370545357465744, epochs needed: 40
evaluating individudal 29 - 3ab8f81e68739d50. Mean loss in evaluation epoch: 0.3792932629585266, epochs needed: 40
evaluating individudal 0 - 5add1eef6eea28a3. Mean loss in evaluation epoch: 0.3716364800930023, epochs needed: 40
evaluating individudal 1 - ce76cb475da8406f. Mean loss in evaluation epoch: 0.3730413317680359, epochs needed: 40
evaluating individudal 2 - f1f854c5515d3fae. Mean loss in evaluation epoch: 0.37326356768608093, epochs needed: 40
evaluating individudal 3 - c16d5431fb1138f4. Mean loss in evaluation epoch: 0.37173256278038025, epochs needed: 40
evaluating individudal 4 - 1b6e90427e81bfe0. Mean loss in evaluation epoch: 0.3734082281589508, epochs needed: 40
evaluating individudal 5 - f2aa21716d6db16a. Mean loss in evaluation epoch: 0.3741860091686249, epochs needed: 40
evaluating individudal 6 - 0b6aa14e7520e01c. Mean loss in evaluation epoch: 0.37318480014801025, epochs needed: 40
evaluating individudal 7 - 256cd74a9083c764. Mean loss in evaluation epoch: 0.37452566623687744, epochs needed: 40
evaluating individudal 8 - 329bbbb7d082eea0. Mean loss in evaluation epoch: 0.37349340319633484, epochs needed: 40
evaluating individudal 9 - df24bcc09ed0b2a8. Mean loss in evaluation epoch: 0.37558332085609436, epochs needed: 40
Round 2 done. -----------------------------------------
------------------------- TRACKING ---------------------------
Matrix Hash: e0cfaa14e7586427, num_times_seen_before: 0
ACC: 0.8
TPR/FPR: 0.75, 0.1724137931034483
Loss: 0.3686830997467041
Timestamp: 489.77577526499954
---------------------------------------------------------------
evaluating individudal 0 - 4272c0fd54e2b66e. Mean loss in evaluation epoch: 0.37250328063964844, epochs needed: 40
evaluating individudal 1 - 596b15668649b990. Mean loss in evaluation epoch: 0.3731510639190674, epochs needed: 40
evaluating individudal 2 - 60625b0ff5390e52. Mean loss in evaluation epoch: 0.38019147515296936, epochs needed: 40
evaluating individudal 3 - 1237feb994f51151. Mean loss in evaluation epoch: 0.372175395488739, epochs needed: 40
evaluating individudal 4 - 422128cb41df6d3e. Mean loss in evaluation epoch: 0.3768673837184906, epochs needed: 40
evaluating individudal 5 - eeacde5381c1f163. Mean loss in evaluation epoch: 0.371727854013443, epochs needed: 40
evaluating individudal 6 - 04c7721602c74bff. Mean loss in evaluation epoch: 0.3730280101299286, epochs needed: 40
evaluating individudal 7 - 28ebe2585253b4d7. Mean loss in evaluation epoch: 0.3656502366065979, epochs needed: 40
evaluating individudal 8 - dc74d98459e22f52. Mean loss in evaluation epoch: 0.3706481456756592, epochs needed: 40
evaluating individudal 9 - 1e01017e4a670c56. Mean loss in evaluation epoch: 0.3654431402683258, epochs needed: 40
evaluating individudal 10 - f2d16261eeedbe3e. Mean loss in evaluation epoch: 0.3642120063304901, epochs needed: 40
evaluating individudal 11 - feac0068642701b7. Mean loss in evaluation epoch: 0.36998534202575684, epochs needed: 40
evaluating individudal 12 - dd6e772a1807fdaf. Mean loss in evaluation epoch: 0.36896345019340515, epochs needed: 40
evaluating individudal 13 - 76b6c3ec1ea93e34. Mean loss in evaluation epoch: 0.3685072958469391, epochs needed: 40
evaluating individudal 14 - 0fc10d494c4adeff. Mean loss in evaluation epoch: 0.37538155913352966, epochs needed: 40
evaluating individudal 15 - d958bd2026c8f2f1. Mean loss in evaluation epoch: 0.37142249941825867, epochs needed: 40
evaluating individudal 16 - 1e935600d7fe346f. Mean loss in evaluation epoch: 0.3641144931316376, epochs needed: 40
evaluating individudal 17 - f8fb4f21a440b57a. Mean loss in evaluation epoch: 0.3734138309955597, epochs needed: 40
evaluating individudal 18 - ca21798ef9bb24b7. Mean loss in evaluation epoch: 0.37084028124809265, epochs needed: 40
evaluating individudal 19 - 709e356dc4a037a6. Mean loss in evaluation epoch: 0.37419018149375916, epochs needed: 40
evaluating individudal 20 - 6e601bbd0b154c16. Mean loss in evaluation epoch: 0.36767441034317017, epochs needed: 40
evaluating individudal 21 - 870408989afdc56e. Mean loss in evaluation epoch: 0.3721575140953064, epochs needed: 40
evaluating individudal 22 - 12acadb555344de7. Mean loss in evaluation epoch: 0.37051922082901, epochs needed: 40
evaluating individudal 23 - d28398c3ab969e45. Mean loss in evaluation epoch: 0.3663789629936218, epochs needed: 40
evaluating individudal 24 - 484e52dd988afd7d. Mean loss in evaluation epoch: 0.37130871415138245, epochs needed: 40
evaluating individudal 25 - 3a04d7078567ab4b. Mean loss in evaluation epoch: 0.37114495038986206, epochs needed: 40
evaluating individudal 26 - 9a36729823631d4a. Mean loss in evaluation epoch: 0.37198254466056824, epochs needed: 40
evaluating individudal 27 - 6cb198acd9e0a04d. Mean loss in evaluation epoch: 0.36639636754989624, epochs needed: 40
evaluating individudal 28 - 4bc8ec0e6989793b. Mean loss in evaluation epoch: 0.36597752571105957, epochs needed: 40
evaluating individudal 29 - 5650752980e53d89. Mean loss in evaluation epoch: 0.3701026141643524, epochs needed: 40
evaluating individudal 0 - e0cfaa14e7586427. Mean loss in evaluation epoch: 0.36751824617385864, epochs needed: 40
evaluating individudal 1 - d01d45f8ddc61ba1. Mean loss in evaluation epoch: 0.36872029304504395, epochs needed: 40
evaluating individudal 2 - 1542454a6785d8b9. Mean loss in evaluation epoch: 0.3703973889350891, epochs needed: 40
evaluating individudal 3 - e0ff54f4274a504c. Mean loss in evaluation epoch: 0.3734782636165619, epochs needed: 40
evaluating individudal 4 - 877ab881828bb8dc. Mean loss in evaluation epoch: 0.3707946240901947, epochs needed: 40
evaluating individudal 5 - 08991fb553ef33d2. Mean loss in evaluation epoch: 0.37332627177238464, epochs needed: 40
evaluating individudal 6 - 5add1eef6eea28a3. Mean loss in evaluation epoch: 0.3702082335948944, epochs needed: 40
evaluating individudal 7 - c16d5431fb1138f4. Mean loss in evaluation epoch: 0.3713613450527191, epochs needed: 40
evaluating individudal 8 - 1f50a9c3f760048b. Mean loss in evaluation epoch: 0.37141522765159607, epochs needed: 40
evaluating individudal 9 - 5ddfe44daef395a2. Mean loss in evaluation epoch: 0.3718620240688324, epochs needed: 40
Round 3 done. -----------------------------------------
------------------------- TRACKING ---------------------------
Matrix Hash: 1e935600d7fe346f, num_times_seen_before: 0
ACC: 0.8888888888888888
TPR/FPR: 0.9375, 0.13793103448275862
Loss: 0.3641144931316376
Timestamp: 571.3370411549986
---------------------------------------------------------------
evaluating individudal 0 - 954246e29f87db07. Mean loss in evaluation epoch: 0.3745536208152771, epochs needed: 40
evaluating individudal 1 - 7b87cda87e7b8bf7. Mean loss in evaluation epoch: 0.37020477652549744, epochs needed: 40
evaluating individudal 2 - 0bb5b634399cb45f. Mean loss in evaluation epoch: 0.365381121635437, epochs needed: 40
evaluating individudal 3 - 5e777612ba06b013. Mean loss in evaluation epoch: 0.3666808605194092, epochs needed: 40
evaluating individudal 4 - 1e15236c5657980b. Mean loss in evaluation epoch: 0.3692140281200409, epochs needed: 40
evaluating individudal 5 - 1a4c41000f209494. Mean loss in evaluation epoch: 0.36886152625083923, epochs needed: 40
evaluating individudal 6 - 373758113406d59c. Mean loss in evaluation epoch: 0.366277277469635, epochs needed: 40
evaluating individudal 7 - 2d54696de94689bb. Mean loss in evaluation epoch: 0.36497780680656433, epochs needed: 40
evaluating individudal 8 - 42c4efde9a8e448f. Mean loss in evaluation epoch: 0.36585646867752075, epochs needed: 40
evaluating individudal 9 - 8e67166d76b57650. Mean loss in evaluation epoch: 0.36892929673194885, epochs needed: 40
evaluating individudal 10 - e71b5cc250b487de. Mean loss in evaluation epoch: 0.36998626589775085, epochs needed: 40
evaluating individudal 11 - 9115a48e6f696e7d. Mean loss in evaluation epoch: 0.3647635877132416, epochs needed: 40
evaluating individudal 12 - c810a98cf630c69f. Mean loss in evaluation epoch: 0.3737049698829651, epochs needed: 40
evaluating individudal 13 - 2ce8ae20d4be896a. Mean loss in evaluation epoch: 0.3650733530521393, epochs needed: 40
evaluating individudal 14 - f36afa6619bfee7d. Mean loss in evaluation epoch: 0.3639354705810547, epochs needed: 40
evaluating individudal 15 - 9d0163578490cc0b. Mean loss in evaluation epoch: 0.3644979000091553, epochs needed: 40
evaluating individudal 16 - 15e9c7f7000a3786. Mean loss in evaluation epoch: 0.3684583306312561, epochs needed: 40
evaluating individudal 17 - 5fa8c934196ed494. Mean loss in evaluation epoch: 0.36678123474121094, epochs needed: 40
evaluating individudal 18 - e6475fc15f3e2e4a. Mean loss in evaluation epoch: 0.3674500584602356, epochs needed: 40
evaluating individudal 19 - 5114bc1b33bee85b. Mean loss in evaluation epoch: 0.3661823272705078, epochs needed: 40
evaluating individudal 20 - c9147fcc73e3c706. Mean loss in evaluation epoch: 0.36865290999412537, epochs needed: 40
evaluating individudal 21 - 52bade082b7af0ed. Mean loss in evaluation epoch: 0.3763573169708252, epochs needed: 40
evaluating individudal 22 - a00f73bb496544ba. Mean loss in evaluation epoch: 0.36663350462913513, epochs needed: 40
evaluating individudal 23 - 14c778801668a455. Mean loss in evaluation epoch: 0.3650708794593811, epochs needed: 40
evaluating individudal 24 - 36a32056836bfb23. Mean loss in evaluation epoch: 0.3680422306060791, epochs needed: 40
evaluating individudal 25 - 6cb2e920bab8659c. Mean loss in evaluation epoch: 0.3654215931892395, epochs needed: 40
evaluating individudal 26 - efef3303f0800120. Mean loss in evaluation epoch: 0.3663637638092041, epochs needed: 40
evaluating individudal 27 - 19087efe578925a5. Mean loss in evaluation epoch: 0.36355215311050415, epochs needed: 40
evaluating individudal 28 - 0375451ec76ba67e. Mean loss in evaluation epoch: 0.3641098439693451, epochs needed: 40
evaluating individudal 29 - 0c788e1d71971ad8. Mean loss in evaluation epoch: 0.3699745833873749, epochs needed: 40
evaluating individudal 0 - 1e935600d7fe346f. Mean loss in evaluation epoch: 0.3640217185020447, epochs needed: 40
evaluating individudal 1 - f2d16261eeedbe3e. Mean loss in evaluation epoch: 0.363575279712677, epochs needed: 40
evaluating individudal 2 - 1e01017e4a670c56. Mean loss in evaluation epoch: 0.3638131618499756, epochs needed: 40
evaluating individudal 3 - 28ebe2585253b4d7. Mean loss in evaluation epoch: 0.3643573224544525, epochs needed: 40
evaluating individudal 4 - 4bc8ec0e6989793b. Mean loss in evaluation epoch: 0.3653680980205536, epochs needed: 40
evaluating individudal 5 - d28398c3ab969e45. Mean loss in evaluation epoch: 0.36596357822418213, epochs needed: 40
evaluating individudal 6 - 6cb198acd9e0a04d. Mean loss in evaluation epoch: 0.3662092387676239, epochs needed: 40
evaluating individudal 7 - e0cfaa14e7586427. Mean loss in evaluation epoch: 0.36681538820266724, epochs needed: 40
evaluating individudal 8 - 6e601bbd0b154c16. Mean loss in evaluation epoch: 0.3677951991558075, epochs needed: 40
evaluating individudal 9 - 76b6c3ec1ea93e34. Mean loss in evaluation epoch: 0.3683284521102905, epochs needed: 40
Round 4 done. -----------------------------------------
------------------------- TRACKING ---------------------------
Matrix Hash: 19087efe578925a5, num_times_seen_before: 0
ACC: 0.8888888888888888
TPR/FPR: 0.9375, 0.13793103448275862
Loss: 0.36355215311050415
Timestamp: 654.6624716169972
---------------------------------------------------------------
evaluating individudal 0 - d9aca7aa0242c27b. Mean loss in evaluation epoch: 0.3645996153354645, epochs needed: 40
evaluating individudal 1 - 61d8fcc5bca0072d. Mean loss in evaluation epoch: 0.36967453360557556, epochs needed: 40
evaluating individudal 2 - fcf0ad8e568b67f6. Mean loss in evaluation epoch: 0.36745530366897583, epochs needed: 40
evaluating individudal 3 - 35a442859a182ac6. Mean loss in evaluation epoch: 0.3679533898830414, epochs needed: 40
evaluating individudal 4 - 5a3c8e957777e696. Mean loss in evaluation epoch: 0.3663351535797119, epochs needed: 40
evaluating individudal 5 - 5fbf1573bcebc601. Mean loss in evaluation epoch: 0.36792951822280884, epochs needed: 40
evaluating individudal 6 - 0db040bde601a9bf. Mean loss in evaluation epoch: 0.36825886368751526, epochs needed: 40
evaluating individudal 7 - d6713583c446c18e. Mean loss in evaluation epoch: 0.3666021525859833, epochs needed: 40
evaluating individudal 8 - 528fd8bc728ce2ac. Mean loss in evaluation epoch: 0.36204037070274353, epochs needed: 40
evaluating individudal 9 - fba3b9424bda1412. Mean loss in evaluation epoch: 0.36740145087242126, epochs needed: 40
evaluating individudal 10 - 939ec26b95991e18. Mean loss in evaluation epoch: 0.3651079535484314, epochs needed: 40
evaluating individudal 11 - e3db3fa9d37b2b7e. Mean loss in evaluation epoch: 0.36735278367996216, epochs needed: 40
evaluating individudal 12 - e04a8d5abe8ecaa9. Mean loss in evaluation epoch: 0.3650665879249573, epochs needed: 40
evaluating individudal 13 - 6bb069b35d2eb18e. Mean loss in evaluation epoch: 0.36675822734832764, epochs needed: 40
evaluating individudal 14 - e979923e69b5dca4. Mean loss in evaluation epoch: 0.37202849984169006, epochs needed: 40
evaluating individudal 15 - 325a857a560479ed. Mean loss in evaluation epoch: 0.36826226115226746, epochs needed: 40
evaluating individudal 16 - 15a6d5858a00713e. Mean loss in evaluation epoch: 0.368739515542984, epochs needed: 40
evaluating individudal 17 - 7afc766be8fbdd99. Mean loss in evaluation epoch: 0.3654578626155853, epochs needed: 40
evaluating individudal 18 - b5b20146cbe57852. Mean loss in evaluation epoch: 0.37518689036369324, epochs needed: 40
evaluating individudal 19 - 486527e11e1947c2. Mean loss in evaluation epoch: 0.366839736700058, epochs needed: 40
evaluating individudal 20 - 4efc1d385e615ec7. Mean loss in evaluation epoch: 0.3639448583126068, epochs needed: 40
evaluating individudal 21 - c870b7309bad4348. Mean loss in evaluation epoch: 0.3689523935317993, epochs needed: 40
evaluating individudal 22 - 92781d54d64fcfea. Mean loss in evaluation epoch: 0.36719146370887756, epochs needed: 40
evaluating individudal 23 - 5826cc1826085b96. Mean loss in evaluation epoch: 0.36692070960998535, epochs needed: 40
evaluating individudal 24 - 54b61c980b75f895. Mean loss in evaluation epoch: 0.36740708351135254, epochs needed: 40
evaluating individudal 25 - 8cd169528805b5b4. Mean loss in evaluation epoch: 0.3728921115398407, epochs needed: 40
evaluating individudal 26 - 73e2a3bce2bcd8d5. Mean loss in evaluation epoch: 0.3697839677333832, epochs needed: 40
evaluating individudal 27 - 5bcff6e6ca2f02fe. Mean loss in evaluation epoch: 0.36379900574684143, epochs needed: 40
evaluating individudal 28 - ff40e29742e1cd5a. Mean loss in evaluation epoch: 0.3728771507740021, epochs needed: 40
evaluating individudal 29 - ea42c51bf49a74ad. Mean loss in evaluation epoch: 0.37259641289711, epochs needed: 40
evaluating individudal 0 - 19087efe578925a5. Mean loss in evaluation epoch: 0.36422109603881836, epochs needed: 40
evaluating individudal 1 - f2d16261eeedbe3e. Mean loss in evaluation epoch: 0.3636694848537445, epochs needed: 40
evaluating individudal 2 - 1e01017e4a670c56. Mean loss in evaluation epoch: 0.364297479391098, epochs needed: 40
evaluating individudal 3 - f36afa6619bfee7d. Mean loss in evaluation epoch: 0.364173948764801, epochs needed: 40
evaluating individudal 4 - 1e935600d7fe346f. Mean loss in evaluation epoch: 0.3641917407512665, epochs needed: 40
evaluating individudal 5 - 0375451ec76ba67e. Mean loss in evaluation epoch: 0.3640225827693939, epochs needed: 40
evaluating individudal 6 - 28ebe2585253b4d7. Mean loss in evaluation epoch: 0.36438190937042236, epochs needed: 40
evaluating individudal 7 - 9d0163578490cc0b. Mean loss in evaluation epoch: 0.36445000767707825, epochs needed: 40
evaluating individudal 8 - 9115a48e6f696e7d. Mean loss in evaluation epoch: 0.3643817901611328, epochs needed: 40
evaluating individudal 9 - 2d54696de94689bb. Mean loss in evaluation epoch: 0.36496254801750183, epochs needed: 40
Round 5 done. -----------------------------------------
------------------------- TRACKING ---------------------------
Matrix Hash: 528fd8bc728ce2ac, num_times_seen_before: 0
ACC: 0.9555555555555556
TPR/FPR: 1.0, 0.06896551724137931
Loss: 0.36204037070274353
Timestamp: 736.961914184998
---------------------------------------------------------------
evaluating individudal 0 - 6bfcf1a371a09d9c. Mean loss in evaluation epoch: 0.37297913432121277, epochs needed: 200
evaluating individudal 1 - 85efa07e86425925. Mean loss in evaluation epoch: 0.37308189272880554, epochs needed: 200
evaluating individudal 2 - edfe31452c384e3b. Mean loss in evaluation epoch: 0.3700789213180542, epochs needed: 200
evaluating individudal 3 - 4ac70365b81b4ebb. Mean loss in evaluation epoch: 0.3760559558868408, epochs needed: 200
evaluating individudal 4 - 35b5e8d3b27fea83. Mean loss in evaluation epoch: 0.369258850812912, epochs needed: 200
evaluating individudal 5 - cfbff3c6b792d2ab. Mean loss in evaluation epoch: 0.37306004762649536, epochs needed: 200
evaluating individudal 6 - b29f1eb0955462ba. Mean loss in evaluation epoch: 0.3703731596469879, epochs needed: 200
evaluating individudal 7 - 06c9e1f36f48029b. Mean loss in evaluation epoch: 0.3679286241531372, epochs needed: 200
evaluating individudal 8 - c1d81bdda958480f. Mean loss in evaluation epoch: 0.373955637216568, epochs needed: 200
evaluating individudal 9 - 681442eb7b5c6090. Mean loss in evaluation epoch: 0.3722386360168457, epochs needed: 200
evaluating individudal 10 - 85e6e4c67452ee52. Mean loss in evaluation epoch: 0.3745057284832001, epochs needed: 200
evaluating individudal 11 - c65e4817914ce997. Mean loss in evaluation epoch: 0.3724776804447174, epochs needed: 200
evaluating individudal 12 - 14ce86ec1ed948b3. Mean loss in evaluation epoch: 0.3658777177333832, epochs needed: 200
evaluating individudal 13 - 662cf4563f12cc9f. Mean loss in evaluation epoch: 0.36986878514289856, epochs needed: 200
evaluating individudal 14 - 3db9e0bca58e16a9. Mean loss in evaluation epoch: 0.37273070216178894, epochs needed: 200
evaluating individudal 15 - 5ad70ed3387a26ea. Mean loss in evaluation epoch: 0.37166091799736023, epochs needed: 200
evaluating individudal 16 - fe9a61df53b84112. Mean loss in evaluation epoch: 0.37185201048851013, epochs needed: 200
evaluating individudal 17 - 9d5796464c0e0b35. Mean loss in evaluation epoch: 0.3732016980648041, epochs needed: 200
evaluating individudal 18 - 1738392d3655a9ed. Mean loss in evaluation epoch: 0.37205129861831665, epochs needed: 200
evaluating individudal 19 - a9d41d3cadf5340d. Mean loss in evaluation epoch: 0.3705986440181732, epochs needed: 200
evaluating individudal 20 - a18376ae77c3eeb4. Mean loss in evaluation epoch: 0.36779096722602844, epochs needed: 200
evaluating individudal 21 - 2eb9689357ea9a82. Mean loss in evaluation epoch: 0.36861172318458557, epochs needed: 200
evaluating individudal 22 - 8d0e76bb612ec8a2. Mean loss in evaluation epoch: 0.37409257888793945, epochs needed: 200
evaluating individudal 23 - f0b40681efee03e7. Mean loss in evaluation epoch: 0.3718985617160797, epochs needed: 200
evaluating individudal 24 - 607ef21873137df3. Mean loss in evaluation epoch: 0.3697098195552826, epochs needed: 200
evaluating individudal 25 - 56baf77e023ad6a3. Mean loss in evaluation epoch: 0.36839643120765686, epochs needed: 200
evaluating individudal 26 - 5338deb84d1e0287. Mean loss in evaluation epoch: 0.3661929965019226, epochs needed: 200
evaluating individudal 27 - e6fb54fb1e4c86b3. Mean loss in evaluation epoch: 0.3721385896205902, epochs needed: 200
evaluating individudal 28 - 78a08428766be8c8. Mean loss in evaluation epoch: 0.371622771024704, epochs needed: 200
evaluating individudal 29 - b4f586e97db468fd. Mean loss in evaluation epoch: 0.37468501925468445, epochs needed: 200
evaluating individudal 0 - 528fd8bc728ce2ac. Mean loss in evaluation epoch: 0.363533079624176, epochs needed: 200
evaluating individudal 1 - f2d16261eeedbe3e. Mean loss in evaluation epoch: 0.3657127022743225, epochs needed: 200
evaluating individudal 2 - 5bcff6e6ca2f02fe. Mean loss in evaluation epoch: 0.36432456970214844, epochs needed: 200
evaluating individudal 3 - 4efc1d385e615ec7. Mean loss in evaluation epoch: 0.3652987778186798, epochs needed: 200
evaluating individudal 4 - 0375451ec76ba67e. Mean loss in evaluation epoch: 0.36644893884658813, epochs needed: 200
evaluating individudal 5 - f36afa6619bfee7d. Mean loss in evaluation epoch: 0.3646221160888672, epochs needed: 200
evaluating individudal 6 - 1e935600d7fe346f. Mean loss in evaluation epoch: 0.3648372292518616, epochs needed: 200
evaluating individudal 7 - 19087efe578925a5. Mean loss in evaluation epoch: 0.3663684129714966, epochs needed: 200
evaluating individudal 8 - 1e01017e4a670c56. Mean loss in evaluation epoch: 0.36649811267852783, epochs needed: 200
evaluating individudal 9 - 9115a48e6f696e7d. Mean loss in evaluation epoch: 0.36534830927848816, epochs needed: 200
Round 6 done. -----------------------------------------
------------------------- TRACKING ---------------------------
Matrix Hash: 528fd8bc728ce2ac, num_times_seen_before: 1
ACC: 0.9555555555555556
TPR/FPR: 1.0, 0.06896551724137931
Loss: 0.363533079624176
Timestamp: 1139.3581341589997
---------------------------------------------------------------
evaluating individudal 0 - a4ae82ef98e46713. Mean loss in evaluation epoch: 0.3708449602127075, epochs needed: 40
evaluating individudal 1 - 1db89471446fa110. Mean loss in evaluation epoch: 0.3658369481563568, epochs needed: 40
evaluating individudal 2 - 187f7fc8a43165a7. Mean loss in evaluation epoch: 0.3664901554584503, epochs needed: 40
evaluating individudal 3 - bec2ec0e49235e82. Mean loss in evaluation epoch: 0.3668072819709778, epochs needed: 40
evaluating individudal 4 - de36da0671ad07b1. Mean loss in evaluation epoch: 0.36736080050468445, epochs needed: 40
evaluating individudal 5 - fc9337e3e0611a13. Mean loss in evaluation epoch: 0.36401110887527466, epochs needed: 40
evaluating individudal 6 - 06634d672cacc41c. 