../data/final/cml/timeseries_ba20_1k_4_restart.pickle
../data/final/edges_ba20.pickle
SEED: 0
NUM_DYN_EPOCHS: 200
DETECT_EARLY_CONVERGENCE: False
CONTINUATION: False
CONT_ADDRESS: /content/drive/MyDrive/BA_Code/hillclimbing_logs/annealing/first/2021-01-27T18_56_40.854852
USE_EVALEPOCH_FOR_GUIDED_MUTATION: False
NUM_GEN: 45
FORMAT: standard
num samples: 1000
NUM_TRAIN_SAMPLES: 1000
NUM_TRAIN_BATCHES: 10
NUM_TEST_SAMPLES: 1000
NUM_TEST_BATCHES: 10
BATCH_SIZE: 100
HIDDEN_SIZE: 128
NUM_DYN_EPOCHS: 200
IS_CONTINUOUS: True
USE_MAX: False
Mean loss in evaluation epoch: 0.1202891618013382, epochs needed: 200


 Tracking generation 0
------------------------- TRACKING ---------------------------
Matrix Hash: 7a9ccf5a532a499c, num_times_seen_before: 0
ACC: 0.4789473684210527
TPR/FPR: 0.4166666666666667, 0.5064935064935064
Loss: 0.1202891618013382
Timestamp: 0
---------------------------------------------------------------
Candidate: 9d7f9b750b2e6534. Changes:40
Mean loss in evaluation epoch: 0.1180044412612915, epochs needed: 200
smaller, so accepting
Mean loss in evaluation epoch: 0.11548168957233429, epochs needed: 200


 Tracking generation 1
------------------------- TRACKING ---------------------------
Matrix Hash: 9d7f9b750b2e6534, num_times_seen_before: 0
ACC: 0.4473684210526315
TPR/FPR: 0.7222222222222222, 0.6168831168831169
Loss: 0.11548168957233429
Timestamp: 104.58062922600038
---------------------------------------------------------------
Candidate: 66ba0d3e33746146. Changes:28
Mean loss in evaluation epoch: 0.1174260601401329, epochs needed: 200
will accept with prob tensor(0.8159)
accepting!
Mean loss in evaluation epoch: 0.12438597530126572, epochs needed: 200


 Tracking generation 2
------------------------- TRACKING ---------------------------
Matrix Hash: 66ba0d3e33746146, num_times_seen_before: 0
ACC: 0.46842105263157896
TPR/FPR: 0.6666666666666666, 0.577922077922078
Loss: 0.12438597530126572
Timestamp: 208.6250954900006
---------------------------------------------------------------
Candidate: e73c03672b80f839. Changes:28
Mean loss in evaluation epoch: 0.12041518837213516, epochs needed: 200
smaller, so accepting
Mean loss in evaluation epoch: 0.11732874065637589, epochs needed: 200


 Tracking generation 3
------------------------- TRACKING ---------------------------
Matrix Hash: e73c03672b80f839, num_times_seen_before: 0
ACC: 0.4263157894736842
TPR/FPR: 0.8333333333333334, 0.6688311688311688
Loss: 0.11732874065637589
Timestamp: 312.851914754001
---------------------------------------------------------------
Candidate: 4baab1b0873947a7. Changes:48
Mean loss in evaluation epoch: 0.11835616081953049, epochs needed: 200
will accept with prob tensor(0.8934)
accepting!
Mean loss in evaluation epoch: 0.11570446938276291, epochs needed: 200


 Tracking generation 4
------------------------- TRACKING ---------------------------
Matrix Hash: 4baab1b0873947a7, num_times_seen_before: 0
ACC: 0.3421052631578947
TPR/FPR: 0.6944444444444444, 0.7402597402597403
Loss: 0.11570446938276291
Timestamp: 417.1672192440001
---------------------------------------------------------------
Candidate: cb0f3641a30ee580. Changes:33
Mean loss in evaluation epoch: 0.12049708515405655, epochs needed: 200
will accept with prob tensor(0.5832)
rejecting.
Mean loss in evaluation epoch: 0.11967189610004425, epochs needed: 200


 Tracking generation 5
------------------------- TRACKING ---------------------------
Matrix Hash: 4baab1b0873947a7, num_times_seen_before: 1
ACC: 0.3421052631578947
TPR/FPR: 0.6944444444444444, 0.7402597402597403
Loss: 0.11967189610004425
Timestamp: 521.1870384270005
---------------------------------------------------------------
Candidate: 3093f0ef8fbaa590. Changes:31
Mean loss in evaluation epoch: 0.11754617840051651, epochs needed: 200
smaller, so accepting
Mean loss in evaluation epoch: 0.1224495992064476, epochs needed: 200


 Tracking generation 6
------------------------- TRACKING ---------------------------
Matrix Hash: 3093f0ef8fbaa590, num_times_seen_before: 0
ACC: 0.33684210526315794
TPR/FPR: 0.8888888888888888, 0.7922077922077922
Loss: 0.1224495992064476
Timestamp: 625.3771821600003
---------------------------------------------------------------
Candidate: 402f8e642d09c5c0. Changes:33
Mean loss in evaluation epoch: 0.11750270426273346, epochs needed: 200
smaller, so accepting
Mean loss in evaluation epoch: 0.11939188092947006, epochs needed: 200


 Tracking generation 7
------------------------- TRACKING ---------------------------
Matrix Hash: 402f8e642d09c5c0, num_times_seen_before: 0
ACC: 0.32105263157894737
TPR/FPR: 0.6944444444444444, 0.7662337662337663
Loss: 0.11939188092947006
Timestamp: 729.2720284890001
---------------------------------------------------------------
Candidate: 7552c4322dbe18f7. Changes:37
Mean loss in evaluation epoch: 0.12056203931570053, epochs needed: 200
will accept with prob tensor(0.8673)
accepting!
Mean loss in evaluation epoch: 0.12149405479431152, epochs needed: 200


 Tracking generation 8
------------------------- TRACKING ---------------------------
Matrix Hash: 7552c4322dbe18f7, num_times_seen_before: 0
ACC: 0.3263157894736842
TPR/FPR: 0.8055555555555556, 0.7857142857142857
Loss: 0.12149405479431152
Timestamp: 833.6190729270002
---------------------------------------------------------------
Candidate: 6824524c4d1f61cc. Changes:35
Mean loss in evaluation epoch: 0.12686626613140106, epochs needed: 200
will accept with prob tensor(0.5109)
accepting!
Mean loss in evaluation epoch: 0.12012233585119247, epochs needed: 200


 Tracking generation 9
------------------------- TRACKING ---------------------------
Matrix Hash: 6824524c4d1f61cc, num_times_seen_before: 0
ACC: 0.37368421052631584
TPR/FPR: 0.9444444444444444, 0.7597402597402597
Loss: 0.12012233585119247
Timestamp: 938.581239825
---------------------------------------------------------------
Candidate: 64518f0ddfbe41ff. Changes:33
Mean loss in evaluation epoch: 0.12660646438598633, epochs needed: 200
will accept with prob tensor(0.4345)
rejecting.
Mean loss in evaluation epoch: 0.11879274994134903, epochs needed: 200


 Tracking generation 10
------------------------- TRACKING ---------------------------
Matrix Hash: 6824524c4d1f61cc, num_times_seen_before: 1
ACC: 0.37368421052631584
TPR/FPR: 0.9444444444444444, 0.7597402597402597
Loss: 0.11879274994134903
Timestamp: 1042.4621454120006
---------------------------------------------------------------
Candidate: 684589fca0574c54. Changes:30
Mean loss in evaluation epoch: 0.12412893027067184, epochs needed: 200
will accept with prob tensor(0.4935)
accepting!
Mean loss in evaluation epoch: 0.12355216592550278, epochs needed: 200


 Tracking generation 11
------------------------- TRACKING ---------------------------
Matrix Hash: 684589fca0574c54, num_times_seen_before: 0
ACC: 0.3315789473684211
TPR/FPR: 0.7222222222222222, 0.7597402597402597
Loss: 0.12355216592550278
Timestamp: 1146.5995748910009
---------------------------------------------------------------
Candidate: 6fa6255fadb2ea45. Changes:33
Mean loss in evaluation epoch: 0.13201789557933807, epochs needed: 200
will accept with prob tensor(0.3152)
rejecting.
Mean loss in evaluation epoch: 0.12677568197250366, epochs needed: 200


 Tracking generation 12
------------------------- TRACKING ---------------------------
Matrix Hash: 684589fca0574c54, num_times_seen_before: 1
ACC: 0.3315789473684211
TPR/FPR: 0.7222222222222222, 0.7597402597402597
Loss: 0.12677568197250366
Timestamp: 1250.7644439900014
---------------------------------------------------------------
Candidate: 9e8fb9cfce720055. Changes:29
Mean loss in evaluation epoch: 0.12538836896419525, epochs needed: 200
smaller, so accepting
Mean loss in evaluation epoch: 0.12309427559375763, epochs needed: 200


 Tracking generation 13
------------------------- TRACKING ---------------------------
Matrix Hash: 9e8fb9cfce720055, num_times_seen_before: 0
ACC: 0.3263157894736842
TPR/FPR: 0.8333333333333334, 0.7922077922077922
Loss: 0.12309427559375763
Timestamp: 1354.9651516630001
---------------------------------------------------------------
Candidate: 933e2f6283a1103e. Changes:37
Mean loss in evaluation epoch: 0.11776755005121231, epochs needed: 200
smaller, so accepting
Mean loss in evaluation epoch: 0.12824872136116028, epochs needed: 200


 Tracking generation 14
------------------------- TRACKING ---------------------------
Matrix Hash: 933e2f6283a1103e, num_times_seen_before: 0
ACC: 0.37368421052631584
TPR/FPR: 0.8611111111111112, 0.7402597402597403
Loss: 0.12824872136116028
Timestamp: 1459.252192975
---------------------------------------------------------------
Candidate: 94ad53b38e35fc4d. Changes:32
Mean loss in evaluation epoch: 0.1211441159248352, epochs needed: 200
smaller, so accepting
Mean loss in evaluation epoch: 0.12234055995941162, epochs needed: 200


 Tracking generation 15
------------------------- TRACKING ---------------------------
Matrix Hash: 94ad53b38e35fc4d, num_times_seen_before: 0
ACC: 0.2894736842105263
TPR/FPR: 0.6388888888888888, 0.7922077922077922
Loss: 0.12234055995941162
Timestamp: 1563.4674264050009
---------------------------------------------------------------
Candidate: fdaa8f9b6b32b1b0. Changes:38
Mean loss in evaluation epoch: 0.12200071662664413, epochs needed: 200
smaller, so accepting
Mean loss in evaluation epoch: 0.12610949575901031, epochs needed: 200


 Tracking generation 16
------------------------- TRACKING ---------------------------
Matrix Hash: fdaa8f9b6b32b1b0, num_times_seen_before: 0
ACC: 0.3631578947368421
TPR/FPR: 0.5833333333333334, 0.6883116883116883
Loss: 0.12610949575901031
Timestamp: 1667.5956878750003
---------------------------------------------------------------
Candidate: 45b3616289560410. Changes:25
Mean loss in evaluation epoch: 0.11799254268407822, epochs needed: 200
smaller, so accepting
Mean loss in evaluation epoch: 0.11798719316720963, epochs needed: 200


 Tracking generation 17
------------------------- TRACKING ---------------------------
Matrix Hash: 45b3616289560410, num_times_seen_before: 0
ACC: 0.3894736842105263
TPR/FPR: 0.8055555555555556, 0.7077922077922078
Loss: 0.11798719316720963
Timestamp: 1771.6156337150005
---------------------------------------------------------------
Candidate: 56ef7d598b1d3483. Changes:34
Mean loss in evaluation epoch: 0.11406391113996506, epochs needed: 200
smaller, so accepting
Mean loss in evaluation epoch: 0.11681349575519562, epochs needed: 200


 Tracking generation 18
------------------------- TRACKING ---------------------------
Matrix Hash: 56ef7d598b1d3483, num_times_seen_before: 0
ACC: 0.41052631578947374
TPR/FPR: 0.8888888888888888, 0.7012987012987013
Loss: 0.11681349575519562
Timestamp: 1875.6533128760002
---------------------------------------------------------------
Candidate: e55f20cbd4517185. Changes:42
Mean loss in evaluation epoch: 0.11859889328479767, epochs needed: 200
will accept with prob tensor(0.7342)
accepting!
Mean loss in evaluation epoch: 0.11854726076126099, epochs needed: 200


 Tracking generation 19
------------------------- TRACKING ---------------------------
Matrix Hash: e55f20cbd4517185, num_times_seen_before: 0
ACC: 0.34736842105263155
TPR/FPR: 0.8333333333333334, 0.7662337662337663
Loss: 0.11854726076126099
Timestamp: 1979.6316274780002
---------------------------------------------------------------
Candidate: 9c2a4d7d66123e7e. Changes:35
Mean loss in evaluation epoch: 0.12361180782318115, epochs needed: 200
will accept with prob tensor(0.4019)
accepting!
Mean loss in evaluation epoch: 0.12432663887739182, epochs needed: 200


 Tracking generation 20
------------------------- TRACKING ---------------------------
Matrix Hash: 9c2a4d7d66123e7e, num_times_seen_before: 0
ACC: 0.3421052631578947
TPR/FPR: 0.7222222222222222, 0.7467532467532467
Loss: 0.12432663887739182
Timestamp: 2083.5826698170004
---------------------------------------------------------------
Candidate: 09c2a3ae9296c0d1. Changes:34
Mean loss in evaluation epoch: 0.1251487284898758, epochs needed: 200
will accept with prob tensor(0.8572)
rejecting.
Mean loss in evaluation epoch: 0.12907560169696808, epochs needed: 200


 Tracking generation 21
------------------------- TRACKING ---------------------------
Matrix Hash: 9c2a4d7d66123e7e, num_times_seen_before: 1
ACC: 0.3421052631578947
TPR/FPR: 0.7222222222222222, 0.7467532467532467
Loss: 0.12907560169696808
Timestamp: 2188.332345862
---------------------------------------------------------------
Candidate: 820c7381369aaed4. Changes:33
Mean loss in evaluation epoch: 0.11654285341501236, epochs needed: 200
smaller, so accepting
Mean loss in evaluation epoch: 0.1219133511185646, epochs needed: 200


 Tracking generation 22
------------------------- TRACKING ---------------------------
Matrix Hash: 820c7381369aaed4, num_times_seen_before: 0
ACC: 0.3789473684210526
TPR/FPR: 0.75, 0.7077922077922078
Loss: 0.1219133511185646
Timestamp: 2292.375060574999
---------------------------------------------------------------
Candidate: 3d5ac06852236a99. Changes:39
Mean loss in evaluation epoch: 0.12424027174711227, epochs needed: 200
will accept with prob tensor(0.6213)
accepting!
Mean loss in evaluation epoch: 0.12064509838819504, epochs needed: 200


 Tracking generation 23
------------------------- TRACKING ---------------------------
Matrix Hash: 3d5ac06852236a99, num_times_seen_before: 0
ACC: 0.3526315789473684
TPR/FPR: 0.6944444444444444, 0.7272727272727273
Loss: 0.12064509838819504
Timestamp: 2396.2867454160005
---------------------------------------------------------------
Candidate: 56e66713fd41604d. Changes:53
Mean loss in evaluation epoch: 0.11711990833282471, epochs needed: 200
smaller, so accepting
Mean loss in evaluation epoch: 0.11418963968753815, epochs needed: 200


 Tracking generation 24
------------------------- TRACKING ---------------------------
Matrix Hash: 56e66713fd41604d, num_times_seen_before: 0
ACC: 0.43157894736842106
TPR/FPR: 0.5833333333333334, 0.6038961038961039
Loss: 0.11418963968753815
Timestamp: 2500.265620647002
---------------------------------------------------------------
Candidate: 5304898d4197284b. Changes:39
Mean loss in evaluation epoch: 0.1327509880065918, epochs needed: 200
will accept with prob tensor(0.0154)
rejecting.
Mean loss in evaluation epoch: 0.1147867813706398, epochs needed: 200


 Tracking generation 25
------------------------- TRACKING ---------------------------
Matrix Hash: 56e66713fd41604d, num_times_seen_before: 1
ACC: 0.43157894736842106
TPR/FPR: 0.5833333333333334, 0.6038961038961039
Loss: 0.1147867813706398
Timestamp: 2604.235247192999
---------------------------------------------------------------
Candidate: e24edbfaa0a45220. Changes:40
Mean loss in evaluation epoch: 0.1154884621500969, epochs needed: 200
will accept with prob tensor(0.8469)
accepting!
Mean loss in evaluation epoch: 0.1169818565249443, epochs needed: 200


 Tracking generation 26
------------------------- TRACKING ---------------------------
Matrix Hash: e24edbfaa0a45220, num_times_seen_before: 0
ACC: 0.42105263157894735
TPR/FPR: 0.8333333333333334, 0.6753246753246753
Loss: 0.1169818565249443
Timestamp: 2708.256508241
---------------------------------------------------------------
Candidate: cc58582e80893474. Changes:42
Mean loss in evaluation epoch: 0.12264443933963776, epochs needed: 200
will accept with prob tensor(0.2428)
rejecting.
Mean loss in evaluation epoch: 0.11968598514795303, epochs needed: 200


 Tracking generation 27
------------------------- TRACKING ---------------------------
Matrix Hash: e24edbfaa0a45220, num_times_seen_before: 1
ACC: 0.42105263157894735
TPR/FPR: 0.8333333333333334, 0.6753246753246753
Loss: 0.11968598514795303
Timestamp: 2812.231978035001
---------------------------------------------------------------
Candidate: ce50e596796e3b68. Changes:42
Mean loss in evaluation epoch: 0.1367512196302414, epochs needed: 200
will accept with prob tensor(0.0109)
rejecting.
Mean loss in evaluation epoch: 0.12641318142414093, epochs needed: 200


 Tracking generation 28
------------------------- TRACKING ---------------------------
Matrix Hash: e24edbfaa0a45220, num_times_seen_before: 2
ACC: 0.42105263157894735
TPR/FPR: 0.8333333333333334, 0.6753246753246753
Loss: 0.12641318142414093
Timestamp: 2916.138684071
---------------------------------------------------------------
Candidate: 4c68a7c206ce5896. Changes:42
Mean loss in evaluation epoch: 0.12460591644048691, epochs needed: 200
smaller, so accepting
Mean loss in evaluation epoch: 0.12683294713497162, epochs needed: 200


 Tracking generation 29
------------------------- TRACKING ---------------------------
Matrix Hash: 4c68a7c206ce5896, num_times_seen_before: 0
ACC: 0.35789473684210527
TPR/FPR: 0.5833333333333334, 0.6948051948051948
Loss: 0.12683294713497162
Timestamp: 3020.201082194002
---------------------------------------------------------------
Candidate: afa3e49e0eae1f51. Changes:23
Mean loss in evaluation epoch: 0.11626317352056503, epochs needed: 200
smaller, so accepting
Mean loss in evaluation epoch: 0.125174880027771, epochs needed: 200


 Tracking generation 30
------------------------- TRACKING ---------------------------
Matrix Hash: afa3e49e0eae1f51, num_times_seen_before: 0
ACC: 0.4263157894736842
TPR/FPR: 0.5833333333333334, 0.6103896103896104
Loss: 0.125174880027771
Timestamp: 3124.282273749999
---------------------------------------------------------------
Candidate: 9297647b8d3040c2. Changes:39
Mean loss in evaluation epoch: 0.11975295841693878, epochs needed: 200
smaller, so accepting
Mean loss in evaluation epoch: 0.12089941650629044, epochs needed: 200


 Tracking generation 31
------------------------- TRACKING ---------------------------
Matrix Hash: 9297647b8d3040c2, num_times_seen_before: 0
ACC: 0.42105263157894735
TPR/FPR: 0.7777777777777778, 0.6623376623376623
Loss: 0.12089941650629044
Timestamp: 3228.4750645860004
---------------------------------------------------------------
Candidate: 67d1ba8cc7c64285. Changes:30
Mean loss in evaluation epoch: 0.12344121187925339, epochs needed: 200
will accept with prob tensor(0.4148)
accepting!
Mean loss in evaluation epoch: 0.12544186413288116, epochs needed: 200


 Tracking generation 32
------------------------- TRACKING ---------------------------
Matrix Hash: 67d1ba8cc7c64285, num_times_seen_before: 0
ACC: 0.35789473684210527
TPR/FPR: 0.5277777777777778, 0.6818181818181818
Loss: 0.12544186413288116
Timestamp: 3332.5700366220008
---------------------------------------------------------------
Candidate: 4bff1ec6e9b768ef. Changes:40
Mean loss in evaluation epoch: 0.11902599781751633, epochs needed: 200
smaller, so accepting
Mean loss in evaluation epoch: 0.12047755718231201, epochs needed: 200


 Tracking generation 33
------------------------- TRACKING ---------------------------
Matrix Hash: 4bff1ec6e9b768ef, num_times_seen_before: 0
ACC: 0.41052631578947374
TPR/FPR: 0.5555555555555556, 0.6233766233766234
Loss: 0.12047755718231201
Timestamp: 3436.640851840002
---------------------------------------------------------------
Candidate: 53cbd5282c5a1af5. Changes:32
Mean loss in evaluation epoch: 0.11237489432096481, epochs needed: 200
smaller, so accepting
Mean loss in evaluation epoch: 0.1224023848772049, epochs needed: 200


 Tracking generation 34
------------------------- TRACKING ---------------------------
Matrix Hash: 53cbd5282c5a1af5, num_times_seen_before: 0
ACC: 0.41052631578947374
TPR/FPR: 0.8055555555555556, 0.6818181818181818
Loss: 0.1224023848772049
Timestamp: 3540.9221720370006
---------------------------------------------------------------
Candidate: 89f37165273dabe3. Changes:30
Mean loss in evaluation epoch: 0.11465165764093399, epochs needed: 200
smaller, so accepting
Mean loss in evaluation epoch: 0.11499637365341187, epochs needed: 200


 Tracking generation 35
------------------------- TRACKING ---------------------------
Matrix Hash: 89f37165273dabe3, num_times_seen_before: 0
ACC: 0.28421052631578947
TPR/FPR: 0.8888888888888888, 0.8571428571428571
Loss: 0.11499637365341187
Timestamp: 3644.969710063
---------------------------------------------------------------
Candidate: 0fe245608cc7c832. Changes:26
Mean loss in evaluation epoch: 0.11509480327367783, epochs needed: 200
will accept with prob tensor(0.9520)
accepting!
Mean loss in evaluation epoch: 0.12187190353870392, epochs needed: 200


 Tracking generation 36
------------------------- TRACKING ---------------------------
Matrix Hash: 0fe245608cc7c832, num_times_seen_before: 0
ACC: 0.3263157894736842
TPR/FPR: 0.7777777777777778, 0.7792207792207793
Loss: 0.12187190353870392
Timestamp: 3749.085351182999
---------------------------------------------------------------
Candidate: 330bce2e5c8ecfef. Changes:27
Mean loss in evaluation epoch: 0.11856565624475479, epochs needed: 200
smaller, so accepting
Mean loss in evaluation epoch: 0.12455357611179352, epochs needed: 200


 Tracking generation 37
------------------------- TRACKING ---------------------------
Matrix Hash: 330bce2e5c8ecfef, num_times_seen_before: 0
ACC: 0.2789473684210526
TPR/FPR: 0.8611111111111112, 0.8571428571428571
Loss: 0.12455357611179352
Timestamp: 3853.269828108001
---------------------------------------------------------------
Candidate: 38c324b9f7b4a8df. Changes:24
Mean loss in evaluation epoch: 0.11601793766021729, epochs needed: 200
smaller, so accepting
Mean loss in evaluation epoch: 0.11665206402540207, epochs needed: 200


 Tracking generation 38
------------------------- TRACKING ---------------------------
Matrix Hash: 38c324b9f7b4a8df, num_times_seen_before: 0
ACC: 0.2684210526315789
TPR/FPR: 0.8888888888888888, 0.8766233766233766
Loss: 0.11665206402540207
Timestamp: 3957.2398081030005
---------------------------------------------------------------
Candidate: 91548e52f90f192e. Changes:24
Mean loss in evaluation epoch: 0.11999215185642242, epochs needed: 200
will accept with prob tensor(0.0817)
rejecting.
Mean loss in evaluation epoch: 0.11839117854833603, epochs needed: 200


 Tracking generation 39
------------------------- TRACKING ---------------------------
Matrix Hash: 38c324b9f7b4a8df, num_times_seen_before: 1
ACC: 0.2684210526315789
TPR/FPR: 0.8888888888888888, 0.8766233766233766
Loss: 0.11839117854833603
Timestamp: 4061.4319353890023
---------------------------------------------------------------
Candidate: 8813cf8b05decb60. Changes:27
Mean loss in evaluation epoch: 0.11949693411588669, epochs needed: 200
will accept with prob tensor(0.3697)
rejecting.
Mean loss in evaluation epoch: 0.11967306584119797, epochs needed: 200


 Tracking generation 40
------------------------- TRACKING ---------------------------
Matrix Hash: 38c324b9f7b4a8df, num_times_seen_before: 2
ACC: 0.2684210526315789
TPR/FPR: 0.8888888888888888, 0.8766233766233766
Loss: 0.11967306584119797
Timestamp: 4165.467897318002
---------------------------------------------------------------
Candidate: db3fb6e78f2e9051. Changes:37
Mean loss in evaluation epoch: 0.12581531703472137, epochs needed: 200
will accept with prob tensor(0.0010)
rejecting.
Mean loss in evaluation epoch: 0.1186266764998436, epochs needed: 200


 Tracking generation 41
------------------------- TRACKING ---------------------------
Matrix Hash: 38c324b9f7b4a8df, num_times_seen_before: 3
ACC: 0.2684210526315789
TPR/FPR: 0.8888888888888888, 0.8766233766233766
Loss: 0.1186266764998436
Timestamp: 4269.444039218
---------------------------------------------------------------
Candidate: a6497e674e5ac236. Changes:39
Mean loss in evaluation epoch: 0.12086627632379532, epochs needed: 200
will accept with prob tensor(0.0348)
rejecting.
Mean loss in evaluation epoch: 0.117314912378788, epochs needed: 200


 Tracking generation 42
------------------------- TRACKING ---------------------------
Matrix Hash: 38c324b9f7b4a8df, num_times_seen_before: 4
ACC: 0.2684210526315789
TPR/FPR: 0.8888888888888888, 0.8766233766233766
Loss: 0.117314912378788
Timestamp: 4373.390073212002
---------------------------------------------------------------
Candidate: c9b336c11ab1935a. Changes:37
Mean loss in evaluation epoch: 0.11629390716552734, epochs needed: 200
smaller, so accepting
Mean loss in evaluation epoch: 0.1353277564048767, epochs needed: 200


 Tracking generation 43
------------------------- TRACKING ---------------------------
Matrix Hash: c9b336c11ab1935a, num_times_seen_before: 0
ACC: 0.3157894736842105
TPR/FPR: 0.75, 0.7857142857142857
Loss: 0.1353277564048767
Timestamp: 4477.411745809
---------------------------------------------------------------
Candidate: 40fed72c229de643. Changes:17
Mean loss in evaluation epoch: 0.12150522321462631, epochs needed: 200
smaller, so accepting
Mean loss in evaluation epoch: 0.12209327518939972, epochs needed: 200


 Tracking generation 44
------------------------- TRACKING ---------------------------
Matrix Hash: 40fed72c229de643, num_times_seen_before: 0
ACC: 0.32105263157894737
TPR/FPR: 0.9444444444444444, 0.8246753246753247
Loss: 0.12209327518939972
Timestamp: 4581.504712736001
---------------------------------------------------------------
Candidate: 225f737acf3a11c4. Changes:40
Mean loss in evaluation epoch: 0.11642160266637802, epochs needed: 200
smaller, so accepting
------------------------- TRACKING ---------------------------
Matrix Hash: 225f737acf3a11c4, num_times_seen_before: 0
ACC: 0.38421052631578945
TPR/FPR: 0.6666666666666666, 0.6818181818181818
Loss: 0.12209327518939972
Timestamp: 4633.9101931059995
---------------------------------------------------------------
Time needed: 4685.946650753 sec
