../data/final/cml/timeseries_ba20_5k_4_restart.pickle
../data/final/edges_ba20.pickle
SEED: 0
BATCH_SIZE: 100
HIDDEN_SIZE: 128
NUM_DYN_EPOCHS_PER_CYCLE: 30
NUM_NET_EPOCHS_PER_CYCLE: 5
NUM_CYCLES: 100
USE_GUMBEL: True
EXPERIMENTS: 1
FORMAT: standard
num samples: 5000
------------------------- TRACKING ---------------------------
Matrix Hash: 3f11c41c2fc1fd5b, num_times_seen_before: 0
ACC: 0.5105263157894737
TPR/FPR: 0.5277777777777778, 0.4935064935064935
Loss: 0.8866544961929321
Timestamp: 0
---------------------------------------------------------------
Mean Loss in Dyn Epoch 0: 0.2569883167743683
Mean Loss in Dyn Epoch 1: 0.21095257997512817
Mean Loss in Dyn Epoch 2: 0.20096857845783234
Mean Loss in Dyn Epoch 3: 0.16376344859600067
Mean Loss in Dyn Epoch 4: 0.14903810620307922
Mean Loss in Dyn Epoch 5: 0.14629864692687988
Mean Loss in Dyn Epoch 6: 0.14491771161556244
Mean Loss in Dyn Epoch 7: 0.14446376264095306
Mean Loss in Dyn Epoch 8: 0.14340169727802277
Mean Loss in Dyn Epoch 9: 0.14236530661582947
Mean Loss in Dyn Epoch 10: 0.14219899475574493
Mean Loss in Dyn Epoch 11: 0.14073215425014496
Mean Loss in Dyn Epoch 12: 0.1395106315612793
Mean Loss in Dyn Epoch 13: 0.13845762610435486
Mean Loss in Dyn Epoch 14: 0.1380739063024521
Mean Loss in Dyn Epoch 15: 0.1371346116065979
Mean Loss in Dyn Epoch 16: 0.13579457998275757
Mean Loss in Dyn Epoch 17: 0.13488008081912994
Mean Loss in Dyn Epoch 18: 0.1336468905210495
Mean Loss in Dyn Epoch 19: 0.13266147673130035
Mean Loss in Dyn Epoch 20: 0.1316148042678833
Mean Loss in Dyn Epoch 21: 0.1306379735469818
Mean Loss in Dyn Epoch 22: 0.12993000447750092
Mean Loss in Dyn Epoch 23: 0.12863218784332275
Mean Loss in Dyn Epoch 24: 0.12799108028411865
Mean Loss in Dyn Epoch 25: 0.12659958004951477
Mean Loss in Dyn Epoch 26: 0.12536877393722534
Mean Loss in Dyn Epoch 27: 0.12536361813545227
Mean Loss in Dyn Epoch 28: 0.12279384583234787
Mean Loss in Dyn Epoch 29: 0.12066429853439331
Mean Loss in Net Epoch 0: 0.11353471130132675
Mean Loss in Net Epoch 1: 0.11239579319953918
Mean Loss in Net Epoch 2: 0.11215626448392868
Mean Loss in Net Epoch 3: 0.11193440854549408
Mean Loss in Net Epoch 4: 0.1117863655090332
Tracking cycle 0
------------------------- TRACKING ---------------------------
Matrix Hash: fbd3d20e03495f20, num_times_seen_before: 0
ACC: 0.34736842105263155
TPR/FPR: 1.0, 0.8051948051948052
Loss: 0.11236150562763214
Timestamp: 43.881125013
---------------------------------------------------------------
Mean Loss in Dyn Epoch 0: 1.1976532936096191
Mean Loss in Dyn Epoch 1: 0.19878211617469788
Mean Loss in Dyn Epoch 2: 0.16968919336795807
Mean Loss in Dyn Epoch 3: 0.1578698456287384
Mean Loss in Dyn Epoch 4: 0.15458473563194275
Mean Loss in Dyn Epoch 5: 0.15171965956687927
Mean Loss in Dyn Epoch 6: 0.1494065225124359
Mean Loss in Dyn Epoch 7: 0.14795748889446259
Mean Loss in Dyn Epoch 8: 0.14618758857250214
Mean Loss in Dyn Epoch 9: 0.14450131356716156
Mean Loss in Dyn Epoch 10: 0.14330630004405975
Mean Loss in Dyn Epoch 11: 0.14215682446956635
Mean Loss in Dyn Epoch 12: 0.14132654666900635
Mean Loss in Dyn Epoch 13: 0.14063940942287445
Mean Loss in Dyn Epoch 14: 0.1396903246641159
Mean Loss in Dyn Epoch 15: 0.13905224204063416
Mean Loss in Dyn Epoch 16: 0.13857635855674744
Mean Loss in Dyn Epoch 17: 0.13830366730690002
Mean Loss in Dyn Epoch 18: 0.13787882030010223
Mean Loss in Dyn Epoch 19: 0.13753941655158997
Mean Loss in Dyn Epoch 20: 0.13731281459331512
Mean Loss in Dyn Epoch 21: 0.13721902668476105
Mean Loss in Dyn Epoch 22: 0.13675682246685028
Mean Loss in Dyn Epoch 23: 0.13661855459213257
Mean Loss in Dyn Epoch 24: 0.1362171769142151
Mean Loss in Dyn Epoch 25: 0.13606275618076324
Mean Loss in Dyn Epoch 26: 0.13579197227954865
Mean Loss in Dyn Epoch 27: 0.1355935037136078
Mean Loss in Dyn Epoch 28: 0.13532735407352448
Mean Loss in Dyn Epoch 29: 0.13532747328281403
Mean Loss in Net Epoch 0: 0.13890744745731354
Mean Loss in Net Epoch 1: 0.12754139304161072
Mean Loss in Net Epoch 2: 0.12702982127666473
Mean Loss in Net Epoch 3: 0.12694989144802094
Mean Loss in Net Epoch 4: 0.12693217396736145
Tracking cycle 1
------------------------- TRACKING ---------------------------
Matrix Hash: d589b4e10999f082, num_times_seen_before: 0
ACC: 0.18947368421052635
TPR/FPR: 1.0, 1.0
Loss: 0.12947215139865875
Timestamp: 87.723094108
---------------------------------------------------------------
Mean Loss in Dyn Epoch 0: 0.12880301475524902
Mean Loss in Dyn Epoch 1: 0.12608373165130615
Mean Loss in Dyn Epoch 2: 0.12508511543273926
Mean Loss in Dyn Epoch 3: 0.1244952455163002
Mean Loss in Dyn Epoch 4: 0.12397768348455429
Mean Loss in Dyn Epoch 5: 0.12354017794132233
Mean Loss in Dyn Epoch 6: 0.12331383675336838
Mean Loss in Dyn Epoch 7: 0.12310012429952621
Mean Loss in Dyn Epoch 8: 0.12289503961801529
Mean Loss in Dyn Epoch 9: 0.12272052466869354
Mean Loss in Dyn Epoch 10: 0.1224941611289978
Mean Loss in Dyn Epoch 11: 0.12215448170900345
Mean Loss in Dyn Epoch 12: 0.12202512472867966
Mean Loss in Dyn Epoch 13: 0.12181919813156128
Mean Loss in Dyn Epoch 14: 0.12153339385986328
Mean Loss in Dyn Epoch 15: 0.12140650302171707
Mean Loss in Dyn Epoch 16: 0.12138330936431885
Mean Loss in Dyn Epoch 17: 0.12132281064987183
Mean Loss in Dyn Epoch 18: 0.12109967321157455
Mean Loss in Dyn Epoch 19: 0.12096156924962997
Mean Loss in Dyn Epoch 20: 0.1207914873957634
Mean Loss in Dyn Epoch 21: 0.12070850282907486
Mean Loss in Dyn Epoch 22: 0.12063081562519073
Mean Loss in Dyn Epoch 23: 0.12067751586437225
Mean Loss in Dyn Epoch 24: 0.12048548460006714
Mean Loss in Dyn Epoch 25: 0.12040632963180542
Mean Loss in Dyn Epoch 26: 0.12023385614156723
Mean Loss in Dyn Epoch 27: 0.12030286341905594
Mean Loss in Dyn Epoch 28: 0.12014184892177582
Mean Loss in Dyn Epoch 29: 0.12004901468753815
Mean Loss in Net Epoch 0: 0.1287630796432495
Mean Loss in Net Epoch 1: 0.12316838651895523
Mean Loss in Net Epoch 2: 0.12171680480241776
Mean Loss in Net Epoch 3: 0.12116050720214844
Mean Loss in Net Epoch 4: 0.12085361033678055
Tracking cycle 2
------------------------- TRACKING ---------------------------
Matrix Hash: d589b4e10999f082, num_times_seen_before: 1
ACC: 0.18947368421052635
TPR/FPR: 1.0, 1.0
Loss: 0.12313246726989746
Timestamp: 131.226845351
---------------------------------------------------------------
Mean Loss in Dyn Epoch 0: 0.1199769601225853
Mean Loss in Dyn Epoch 1: 0.11982998251914978
Mean Loss in Dyn Epoch 2: 0.11975537240505219
Mean Loss in Dyn Epoch 3: 0.11964959651231766
Mean Loss in Dyn Epoch 4: 0.11964628845453262
Mean Loss in Dyn Epoch 5: 0.11963613331317902
Mean Loss in Dyn Epoch 6: 0.1193697452545166
Mean Loss in Dyn Epoch 7: 0.11927439272403717
Mean Loss in Dyn Epoch 8: 0.11914084851741791
Mean Loss in Dyn Epoch 9: 0.11940000206232071
Mean Loss in Dyn Epoch 10: 0.11913276463747025
Mean Loss in Dyn Epoch 11: 0.11925908178091049
Mean Loss in Dyn Epoch 12: 0.11891898512840271
Mean Loss in Dyn Epoch 13: 0.1189463809132576
Mean Loss in Dyn Epoch 14: 0.11879447847604752
Mean Loss in Dyn Epoch 15: 0.11877942085266113
Mean Loss in Dyn Epoch 16: 0.11893884092569351
Mean Loss in Dyn Epoch 17: 0.11878035962581635
Mean Loss in Dyn Epoch 18: 0.11855420470237732
Mean Loss in Dyn Epoch 19: 0.11842165887355804
Mean Loss in Dyn Epoch 20: 0.11840762197971344
Mean Loss in Dyn Epoch 21: 0.11841857433319092
Mean Loss in Dyn Epoch 22: 0.11844836175441742
Mean Loss in Dyn Epoch 23: 0.11839897185564041
Mean Loss in Dyn Epoch 24: 0.11812684684991837
Mean Loss in Dyn Epoch 25: 0.11806253343820572
Mean Loss in Dyn Epoch 26: 0.11810620874166489
Mean Loss in Dyn Epoch 27: 0.11795878410339355
Mean Loss in Dyn Epoch 28: 0.11780049651861191
Mean Loss in Dyn Epoch 29: 0.11799010634422302
Mean Loss in Net Epoch 0: 0.11850297451019287
Mean Loss in Net Epoch 1: 0.11840256303548813
Mean Loss in Net Epoch 2: 0.11832896620035172
Mean Loss in Net Epoch 3: 0.11827010661363602
Mean Loss in Net Epoch 4: 0.11822530627250671
Tracking cycle 3
------------------------- TRACKING ---------------------------
Matrix Hash: d589b4e10999f082, num_times_seen_before: 2
ACC: 0.18947368421052635
TPR/FPR: 1.0, 1.0
Loss: 0.11834599077701569
Timestamp: 174.87456293300002
---------------------------------------------------------------
Mean Loss in Dyn Epoch 0: 0.11759461462497711
Mean Loss in Dyn Epoch 1: 0.11754859983921051
Mean Loss in Dyn Epoch 2: 0.1173032745718956
Mean Loss in Dyn Epoch 3: 0.11740490794181824
Mean Loss in Dyn Epoch 4: 0.11758201569318771
Mean Loss in Dyn Epoch 5: 0.11732678860425949
Mean Loss in Dyn Epoch 6: 0.11716175079345703
Mean Loss in Dyn Epoch 7: 0.11729475110769272
Mean Loss in Dyn Epoch 8: 0.11710911244153976
Mean Loss in Dyn Epoch 9: 0.11673928052186966
Mean Loss in Dyn Epoch 10: 0.11689332872629166
Mean Loss in Dyn Epoch 11: 0.11676417291164398
Mean Loss in Dyn Epoch 12: 0.11650826781988144
Mean Loss in Dyn Epoch 13: 0.11636523902416229
Mean Loss in Dyn Epoch 14: 0.11619295179843903
Mean Loss in Dyn Epoch 15: 0.11613301187753677
Mean Loss in Dyn Epoch 16: 0.11600406467914581
Mean Loss in Dyn Epoch 17: 0.11603833734989166
Mean Loss in Dyn Epoch 18: 0.11559538543224335
Mean Loss in Dyn Epoch 19: 0.11536232382059097
Mean Loss in Dyn Epoch 20: 0.11552806943655014
Mean Loss in Dyn Epoch 21: 0.11584680527448654
Mean Loss in Dyn Epoch 22: 0.11520816385746002
Mean Loss in Dyn Epoch 23: 0.11564851552248001
Mean Loss in Dyn Epoch 24: 0.11645618081092834
Mean Loss in Dyn Epoch 25: 0.11551736295223236
Mean Loss in Dyn Epoch 26: 0.11486504971981049
Mean Loss in Dyn Epoch 27: 0.11520242691040039
Mean Loss in Dyn Epoch 28: 0.11547662317752838
Mean Loss in Dyn Epoch 29: 0.11512726545333862
Mean Loss in Net Epoch 0: 0.11766483634710312
Mean Loss in Net Epoch 1: 0.1174992173910141
Mean Loss in Net Epoch 2: 0.11739158630371094
Mean Loss in Net Epoch 3: 0.11730729788541794
Mean Loss in Net Epoch 4: 0.11724197119474411
Tracking cycle 4
------------------------- TRACKING ---------------------------
Matrix Hash: d589b4e10999f082, num_times_seen_before: 3
ACC: 0.18947368421052635
TPR/FPR: 1.0, 1.0
Loss: 0.1174209862947464
Timestamp: 218.49609145800002
---------------------------------------------------------------
Mean Loss in Dyn Epoch 0: 0.11503421515226364
Mean Loss in Dyn Epoch 1: 0.11456926167011261
Mean Loss in Dyn Epoch 2: 0.115201435983181
Mean Loss in Dyn Epoch 3: 0.11498056352138519
Mean Loss in Dyn Epoch 4: 0.11440388113260269
Mean Loss in Dyn Epoch 5: 0.1141585111618042
Mean Loss in Dyn Epoch 6: 0.11385764926671982
Mean Loss in Dyn Epoch 7: 0.11291957646608353
Mean Loss in Dyn Epoch 8: 0.11014571785926819
Mean Loss in Dyn Epoch 9: 0.10982222110033035
Mean Loss in Dyn Epoch 10: 0.11022862792015076
Mean Loss in Dyn Epoch 11: 0.10945245623588562
Mean Loss in Dyn Epoch 12: 0.10969296842813492
Mean Loss in Dyn Epoch 13: 0.1094960942864418
Mean Loss in Dyn Epoch 14: 0.10962120443582535
Mean Loss in Dyn Epoch 15: 0.10974288731813431
Mean Loss in Dyn Epoch 16: 0.10967203229665756
Mean Loss in Dyn Epoch 17: 0.10955250263214111
Mean Loss in Dyn Epoch 18: 0.10938748717308044
Mean Loss in Dyn Epoch 19: 0.10958531498908997
Mean Loss in Dyn Epoch 20: 0.10916120558977127
Mean Loss in Dyn Epoch 21: 0.10936819761991501
Mean Loss in Dyn Epoch 22: 0.10963696241378784
Mean Loss in Dyn Epoch 23: 0.1096893921494484
Mean Loss in Dyn Epoch 24: 0.10965480655431747
Mean Loss in Dyn Epoch 25: 0.10946144908666611
Mean Loss in Dyn Epoch 26: 0.10951970517635345
Mean Loss in Dyn Epoch 27: 0.10892504453659058
Mean Loss in Dyn Epoch 28: 0.10922462493181229
Mean Loss in Dyn Epoch 29: 0.10925466567277908
Mean Loss in Net Epoch 0: 0.10888134688138962
Mean Loss in Net Epoch 1: 0.10883523523807526
Mean Loss in Net Epoch 2: 0.10881741344928741
Mean Loss in Net Epoch 3: 0.1088080033659935
Mean Loss in Net Epoch 4: 0.10880202800035477
Tracking cycle 5
------------------------- TRACKING ---------------------------
Matrix Hash: d589b4e10999f082, num_times_seen_before: 4
ACC: 0.18947368421052635
TPR/FPR: 1.0, 1.0
Loss: 0.10882880538702011
Timestamp: 262.492881651
---------------------------------------------------------------
Mean Loss in Dyn Epoch 0: 0.10939916223287582
Mean Loss in Dyn Epoch 1: 0.10976745188236237
Mean Loss in Dyn Epoch 2: 0.10956505686044693
Mean Loss in Dyn Epoch 3: 0.11112762242555618
Mean Loss in Dyn Epoch 4: 0.10972196608781815
Mean Loss in Dyn Epoch 5: 0.10936881601810455
Mean Loss in Dyn Epoch 6: 0.1095079779624939
Mean Loss in Dyn Epoch 7: 0.10916001349687576
Mean Loss in Dyn Epoch 8: 0.10959190130233765
Mean Loss in Dyn Epoch 9: 0.10959892719984055
Mean Loss in Dyn Epoch 10: 0.10959380120038986
Mean Loss in Dyn Epoch 11: 0.10998136550188065
Mean Loss in Dyn Epoch 12: 0.10937634855508804
Mean Loss in Dyn Epoch 13: 0.10978863388299942
Mean Loss in Dyn Epoch 14: 0.10977521538734436
Mean Loss in Dyn Epoch 15: 0.10921919345855713
Mean Loss in Dyn Epoch 16: 0.11047855764627457
Mean Loss in Dyn Epoch 17: 0.10946851223707199
Mean Loss in Dyn Epoch 18: 0.10943254828453064
Mean Loss in Dyn Epoch 19: 0.10957345366477966
Mean Loss in Dyn Epoch 20: 0.11010107398033142
Mean Loss in Dyn Epoch 21: 0.10954374074935913
Mean Loss in Dyn Epoch 22: 0.10947795957326889
Mean Loss in Dyn Epoch 23: 0.10927898436784744
Mean Loss in Dyn Epoch 24: 0.10914310067892075
Mean Loss in Dyn Epoch 25: 0.10936439037322998
Mean Loss in Dyn Epoch 26: 0.11023909598588943
Mean Loss in Dyn Epoch 27: 0.10968512296676636
Mean Loss in Dyn Epoch 28: 0.10950320214033127
Mean Loss in Dyn Epoch 29: 0.10925981402397156
Mean Loss in Net Epoch 0: 0.10918012261390686
Mean Loss in Net Epoch 1: 0.1091671884059906
Mean Loss in Net Epoch 2: 0.10916342586278915
Mean Loss in Net Epoch 3: 0.10916032642126083
Mean Loss in Net Epoch 4: 0.10915280878543854
Tracking cycle 6
------------------------- TRACKING ---------------------------
Matrix Hash: d589b4e10999f082, num_times_seen_before: 5
ACC: 0.18947368421052635
TPR/FPR: 1.0, 1.0
Loss: 0.1091647744178772
Timestamp: 306.121321543
---------------------------------------------------------------
Mean Loss in Dyn Epoch 0: 0.10994650423526764
Mean Loss in Dyn Epoch 1: 0.10918492823839188
Mean Loss in Dyn Epoch 2: 0.1092531755566597
Mean Loss in Dyn Epoch 3: 0.10974813252687454
Mean Loss in Dyn Epoch 4: 0.10935897380113602
Mean Loss in Dyn Epoch 5: 0.10967020690441132
Mean Loss in Dyn Epoch 6: 0.11028411984443665
Mean Loss in Dyn Epoch 7: 0.1095607653260231
Mean Loss in Dyn Epoch 8: 0.1091172993183136
Mean Loss in Dyn Epoch 9: 0.11063138395547867
Mean Loss in Dyn Epoch 10: 0.10985951125621796
Mean Loss in Dyn Epoch 11: 0.10900957137346268
Mean Loss in Dyn Epoch 12: 0.10897290706634521
Mean Loss in Dyn Epoch 13: 0.1094081848859787
Mean Loss in Dyn Epoch 14: 0.1090947687625885
Mean Loss in Dyn Epoch 15: 0.10934390872716904
Mean Loss in Dyn Epoch 16: 0.1094900518655777
Mean Loss in Dyn Epoch 17: 0.10933521389961243
Mean Loss in Dyn Epoch 18: 0.10982807725667953
Mean Loss in Dyn Epoch 19: 0.10929643362760544
Mean Loss in Dyn Epoch 20: 0.10941676050424576
Mean Loss in Dyn Epoch 21: 0.10921808332204819
Mean Loss in Dyn Epoch 22: 0.1094207838177681
Mean Loss in Dyn Epoch 23: 0.1093740463256836
Mean Loss in Dyn Epoch 24: 0.10977649688720703
Mean Loss in Dyn Epoch 25: 0.10950841009616852
Mean Loss in Dyn Epoch 26: 0.10874435305595398
Mean Loss in Dyn Epoch 27: 0.10969286412000656
Mean Loss in Dyn Epoch 28: 0.10909639298915863
Mean Loss in Dyn Epoch 29: 0.10894889384508133
Mean Loss in Net Epoch 0: 0.10884887725114822
Mean Loss in Net Epoch 1: 0.1088438332080841
Mean Loss in Net Epoch 2: 0.10884089022874832
Mean Loss in Net Epoch 3: 0.10883794724941254
Mean Loss in Net Epoch 4: 0.10883451253175735
Tracking cycle 7
------------------------- TRACKING ---------------------------
Matrix Hash: d589b4e10999f082, num_times_seen_before: 6
ACC: 0.18947368421052635
TPR/FPR: 1.0, 1.0
Loss: 0.10884121805429459
Timestamp: 349.821273164
---------------------------------------------------------------
Mean Loss in Dyn Epoch 0: 0.10921724885702133
Mean Loss in Dyn Epoch 1: 0.11019496619701385
Mean Loss in Dyn Epoch 2: 0.11181668192148209
Mean Loss in Dyn Epoch 3: 0.11074592173099518
Mean Loss in Dyn Epoch 4: 0.11391835659742355
Mean Loss in Dyn Epoch 5: 0.1090734675526619
Mean Loss in Dyn Epoch 6: 0.1094779372215271
Mean Loss in Dyn Epoch 7: 0.11084314435720444
Mean Loss in Dyn Epoch 8: 0.11016761511564255
Mean Loss in Dyn Epoch 9: 0.10955999046564102
Mean Loss in Dyn Epoch 10: 0.10909160226583481
Mean Loss in Dyn Epoch 11: 0.1110849678516388
Mean Loss in Dyn Epoch 12: 0.1109522208571434
Mean Loss in Dyn Epoch 13: 0.10919870436191559
Mean Loss in Dyn Epoch 14: 0.10916738212108612
Mean Loss in Dyn Epoch 15: 0.10997022688388824
Mean Loss in Dyn Epoch 16: 0.10919290035963058
Mean Loss in Dyn Epoch 17: 0.1094541922211647
Mean Loss in Dyn Epoch 18: 0.10962075740098953
Mean Loss in Dyn Epoch 19: 0.10914289951324463
Mean Loss in Dyn Epoch 20: 0.11006161570549011
Mean Loss in Dyn Epoch 21: 0.10993307828903198
Mean Loss in Dyn Epoch 22: 0.10913179069757462
Mean Loss in Dyn Epoch 23: 0.10986656695604324
Mean Loss in Dyn Epoch 24: 0.10881496220827103
Mean Loss in Dyn Epoch 25: 0.1091025173664093
Mean Loss in Dyn Epoch 26: 0.10900795459747314
Mean Loss in Dyn Epoch 27: 0.10908389836549759
Mean Loss in Dyn Epoch 28: 0.10951709747314453
Mean Loss in Dyn Epoch 29: 0.1087939590215683
Mean Loss in Net Epoch 0: 0.10979616641998291
Mean Loss in Net Epoch 1: 0.10979356616735458
Mean Loss in Net Epoch 2: 0.10978679358959198
Mean Loss in Net Epoch 3: 0.10978365689516068
Mean Loss in Net Epoch 4: 0.10978042334318161
Tracking cycle 8
------------------------- TRACKING ---------------------------
Matrix Hash: d589b4e10999f082, num_times_seen_before: 7
ACC: 0.18947368421052635
TPR/FPR: 1.0, 1.0
Loss: 0.10978813469409943
Timestamp: 393.35004024
---------------------------------------------------------------
Mean Loss in Dyn Epoch 0: 0.10907211154699326
Mean Loss in Dyn Epoch 1: 0.10965035855770111
Mean Loss in Dyn Epoch 2: 0.10928530246019363
Mean Loss in Dyn Epoch 3: 0.1096818819642067
Mean Loss in Dyn Epoch 4: 0.10919047147035599
Mean Loss in Dyn Epoch 5: 0.10907064378261566
Mean Loss in Dyn Epoch 6: 0.10934963822364807
Mean Loss in Dyn Epoch 7: 0.10949064046144485
Mean Loss in Dyn Epoch 8: 0.11016479879617691
Mean Loss in Dyn Epoch 9: 0.10895621031522751
Mean Loss in Dyn Epoch 10: 0.10880880057811737
Mean Loss in Dyn Epoch 11: 0.10889773815870285
Mean Loss in Dyn Epoch 12: 0.10900413244962692
Mean Loss in Dyn Epoch 13: 0.10973735898733139
Mean Loss in Dyn Epoch 14: 0.10870536416769028
Mean Loss in Dyn Epoch 15: 0.10991772264242172
Mean Loss in Dyn Epoch 16: 0.11072341352701187
Mean Loss in Dyn Epoch 17: 0.10875113308429718
Mean Loss in Dyn Epoch 18: 0.10943526774644852
Mean Loss in Dyn Epoch 19: 0.10900766402482986
Mean Loss in Dyn Epoch 20: 0.11059750616550446
Mean Loss in Dyn Epoch 21: 0.10901030153036118
Mean Loss in Dyn Epoch 22: 0.10867828875780106
Mean Loss in Dyn Epoch 23: 0.10861551761627197
Mean Loss in Dyn Epoch 24: 0.10860694944858551
Mean Loss in Dyn Epoch 25: 0.10883565992116928
Mean Loss in Dyn Epoch 26: 0.10985938459634781
Mean Loss in Dyn Epoch 27: 0.11058603227138519
Mean Loss in Dyn Epoch 28: 0.10905027389526367
Mean Loss in Dyn Epoch 29: 0.1089605912566185
Mean Loss in Net Epoch 0: 0.10911643505096436
Mean Loss in Net Epoch 1: 0.10911523550748825
Mean Loss in Net Epoch 2: 0.10911210626363754
Mean Loss in Net Epoch 3: 0.10911029577255249
Mean Loss in Net Epoch 4: 0.10910669714212418
Tracking cycle 9
------------------------- TRACKING ---------------------------
Matrix Hash: d589b4e10999f082, num_times_seen_before: 8
ACC: 0.18947368421052635
TPR/FPR: 1.0, 1.0
Loss: 0.10911215841770172
Timestamp: 437.223418488
---------------------------------------------------------------
Mean Loss in Dyn Epoch 0: 0.10865287482738495
Mean Loss in Dyn Epoch 1: 0.1091187372803688
Mean Loss in Dyn Epoch 2: 0.10992501676082611
Mean Loss in Dyn Epoch 3: 0.1097799688577652
Mean Loss in Dyn Epoch 4: 0.10955503582954407
Mean Loss in Dyn Epoch 5: 0.10924120992422104
Mean Loss in Dyn Epoch 6: 0.10902093350887299
Mean Loss in Dyn Epoch 7: 0.10885671526193619
Mean Loss in Dyn Epoch 8: 0.10878648608922958
Mean Loss in Dyn Epoch 9: 0.10844483971595764
Mean Loss in Dyn Epoch 10: 0.10984378308057785
Mean Loss in Dyn Epoch 11: 0.1113678589463234
Mean Loss in Dyn Epoch 12: 0.10941846668720245
Mean Loss in Dyn Epoch 13: 0.10853935033082962
Mean Loss in Dyn Epoch 14: 0.10855300724506378
Mean Loss in Dyn Epoch 15: 0.10892123728990555
Mean Loss in Dyn Epoch 16: 0.10868273675441742
Mean Loss in Dyn Epoch 17: 0.10905200988054276
Mean Loss in Dyn Epoch 18: 0.10895589739084244
Mean Loss in Dyn Epoch 19: 0.10901472717523575
Mean Loss in Dyn Epoch 20: 0.10901383310556412
Mean Loss in Dyn Epoch 21: 0.1090499684214592
Mean Loss in Dyn Epoch 22: 0.1084071546792984
Mean Loss in Dyn Epoch 23: 0.10846355557441711
Mean Loss in Dyn Epoch 24: 0.11023344099521637
Mean Loss in Dyn Epoch 25: 0.10872117429971695
Mean Loss in Dyn Epoch 26: 0.109720379114151
Mean Loss in Dyn Epoch 27: 0.10894837975502014
Mean Loss in Dyn Epoch 28: 0.11374916136264801
Mean Loss in Dyn Epoch 29: 0.10953899472951889
Mean Loss in Net Epoch 0: 0.10805387049913406
Mean Loss in Net Epoch 1: 0.10804905742406845
Mean Loss in Net Epoch 2: 0.10804911702871323
Mean Loss in Net Epoch 3: 0.10804950445890427
Mean Loss in Net Epoch 4: 0.10804636031389236
Tracking cycle 10
------------------------- TRACKING ---------------------------
Matrix Hash: d589b4e10999f082, num_times_seen_before: 9
ACC: 0.18947368421052635
TPR/FPR: 1.0, 1.0
Loss: 0.10804958641529083
Timestamp: 481.00301256
---------------------------------------------------------------
Mean Loss in Dyn Epoch 0: 0.10892768949270248
Mean Loss in Dyn Epoch 1: 0.10886577516794205
Mean Loss in Dyn Epoch 2: 0.10858441144227982
Mean Loss in Dyn Epoch 3: 0.1102333813905716
Mean Loss in Dyn Epoch 4: 0.10917773097753525
Mean Loss in Dyn Epoch 5: 0.10883242636919022
Mean Loss in Dyn Epoch 6: 0.10940174013376236
Mean Loss in Dyn Epoch 7: 0.10924182832241058
Mean Loss in Dyn Epoch 8: 0.10841391980648041
Mean Loss in Dyn Epoch 9: 0.10902415215969086
Mean Loss in Dyn Epoch 10: 0.10988573729991913
Mean Loss in Dyn Epoch 11: 0.10840272903442383
Mean Loss in Dyn Epoch 12: 0.1090373769402504
Mean Loss in Dyn Epoch 13: 0.10839354991912842
Mean Loss in Dyn Epoch 14: 0.1090262308716774
Mean Loss in Dyn Epoch 15: 0.1085565835237503
Mean Loss in Dyn Epoch 16: 0.10846221446990967
Mean Loss in Dyn Epoch 17: 0.1087367981672287
Mean Loss in Dyn Epoch 18: 0.10875402390956879
Mean Loss in Dyn Epoch 19: 0.10873483121395111
Mean Loss in Dyn Epoch 20: 0.10869388282299042
Mean Loss in Dyn Epoch 21: 0.10892385244369507
Mean Loss in Dyn Epoch 22: 0.11015637964010239
Mean Loss in Dyn Epoch 23: 0.1083410456776619
Mean Loss in Dyn Epoch 24: 0.10938911139965057
Mean Loss in Dyn Epoch 25: 0.10867317020893097
Mean Loss in Dyn Epoch 26: 0.10931149125099182
Mean Loss in Dyn Epoch 27: 0.10854759067296982
Mean Loss in Dyn Epoch 28: 0.10882889479398727
Mean Loss in Dyn Epoch 29: 0.10869845747947693
Mean Loss in Net Epoch 0: 0.10802307724952698
Mean Loss in Net Epoch 1: 0.10798545926809311
Mean Loss in Net Epoch 2: 0.10796555131673813
Mean Loss in Net Epoch 3: 0.10793894529342651
Mean Loss in Net Epoch 4: 0.10792383551597595
Tracking cycle 11
------------------------- TRACKING ---------------------------
Matrix Hash: d589b4e10999f082, num_times_seen_before: 10
ACC: 0.18947368421052635
TPR/FPR: 1.0, 1.0
Loss: 0.10796737670898438
Timestamp: 524.599099639
---------------------------------------------------------------
Mean Loss in Dyn Epoch 0: 0.10887721180915833
Mean Loss in Dyn Epoch 1: 0.10854261368513107
Mean Loss in Dyn Epoch 2: 0.10856591165065765
Mean Loss in Dyn Epoch 3: 0.10852732509374619
Mean Loss in Dyn Epoch 4: 0.10857696086168289
Mean Loss in Dyn Epoch 5: 0.10832071304321289
Mean Loss in Dyn Epoch 6: 0.108741894364357
Mean Loss in Dyn Epoch 7: 0.1082981526851654
Mean Loss in Dyn Epoch 8: 0.10869443416595459
Mean Loss in Dyn Epoch 9: 0.1091214120388031
Mean Loss in Dyn Epoch 10: 0.10892181098461151
Mean Loss in Dyn Epoch 11: 0.10889436304569244
Mean Loss in Dyn Epoch 12: 0.10831484198570251
Mean Loss in Dyn Epoch 13: 0.10860320180654526
Mean Loss in Dyn Epoch 14: 0.10854717344045639
Mean Loss in Dyn Epoch 15: 0.10962784290313721
Mean Loss in Dyn Epoch 16: 0.10818278789520264
Mean Loss in Dyn Epoch 17: 0.10920241475105286
Mean Loss in Dyn Epoch 18: 0.10953596979379654
Mean Loss in Dyn Epoch 19: 0.10857726633548737
Mean Loss in Dyn Epoch 20: 0.10826672613620758
Mean Loss in Dyn Epoch 21: 0.10894230753183365
Mean Loss in Dyn Epoch 22: 0.10849389433860779
Mean Loss in Dyn Epoch 23: 0.10916192829608917
Mean Loss in Dyn Epoch 24: 0.10994230210781097
Mean Loss in Dyn Epoch 25: 0.10836336016654968
Mean Loss in Dyn Epoch 26: 0.10839681327342987
Mean Loss in Dyn Epoch 27: 0.1083020344376564
Mean Loss in Dyn Epoch 28: 0.10838457196950912
Mean Loss in Dyn Epoch 29: 0.10914187133312225
Mean Loss in Net Epoch 0: 0.11010261625051498
Mean Loss in Net Epoch 1: 0.11004629731178284
Mean Loss in Net Epoch 2: 0.11003036051988602
Mean Loss in Net Epoch 3: 0.110020212829113
Mean Loss in Net Epoch 4: 0.11001130938529968
Tracking cycle 12
------------------------- TRACKING ---------------------------
Matrix Hash: d589b4e10999f082, num_times_seen_before: 11
ACC: 0.18947368421052635
TPR/FPR: 1.0, 1.0
Loss: 0.11004216969013214
Timestamp: 568.17420244
---------------------------------------------------------------
Mean Loss in Dyn Epoch 0: 0.10892157256603241
Mean Loss in Dyn Epoch 1: 0.10861995816230774
Mean Loss in Dyn Epoch 2: 0.10808061063289642
Mean Loss in Dyn Epoch 3: 0.10971575230360031
Mean Loss in Dyn Epoch 4: 0.11164365708827972
Mean Loss in Dyn Epoch 5: 0.10849825292825699
Mean Loss in Dyn Epoch 6: 0.10901322960853577
Mean Loss in Dyn Epoch 7: 0.10870054364204407
Mean Loss in Dyn Epoch 8: 0.10883747041225433
Mean Loss in Dyn Epoch 9: 0.1107538491487503
Mean Loss in Dyn Epoch 10: 0.1082502156496048
Mean Loss in Dyn Epoch 11: 0.10824044793844223
Mean Loss in Dyn Epoch 12: 0.10933785885572433
Mean Loss in Dyn Epoch 13: 0.10823465138673782
Mean Loss in Dyn Epoch 14: 0.1084737554192543
Mean Loss in Dyn Epoch 15: 0.10856028646230698
Mean Loss in Dyn Epoch 16: 0.10825613886117935
Mean Loss in Dyn Epoch 17: 0.10853847861289978
Mean Loss in Dyn Epoch 18: 0.10892803966999054
Mean Loss in Dyn Epoch 19: 0.11196693032979965
Mean Loss in Dyn Epoch 20: 0.10990651696920395
Mean Loss in Dyn Epoch 21: 0.10826167464256287
Mean Loss in Dyn Epoch 22: 0.10829988121986389
Mean Loss in Dyn Epoch 23: 0.10807735472917557
Mean Loss in Dyn Epoch 24: 0.1087358146905899
Mean Loss in Dyn Epoch 25: 0.10942714661359787
Mean Loss in Dyn Epoch 26: 0.10824329406023026
Mean Loss in Dyn Epoch 27: 0.10857176780700684
Mean Loss in Dyn Epoch 28: 0.10877647250890732
Mean Loss in Dyn Epoch 29: 0.10844390839338303
Mean Loss in Net Epoch 0: 0.10900110006332397
Mean Loss in Net Epoch 1: 0.10894569754600525
Mean Loss in Net Epoch 2: 0.10889579355716705
Mean Loss in Net Epoch 3: 0.10885787010192871
Mean Loss in Net Epoch 4: 0.10883156210184097
Tracking cycle 13
------------------------- TRACKING ---------------------------
Matrix Hash: d589b4e10999f082, num_times_seen_before: 12
ACC: 0.18947368421052635
TPR/FPR: 1.0, 1.0
Loss: 0.10890640318393707
Timestamp: 611.7409231720001
---------------------------------------------------------------
Mean Loss in Dyn Epoch 0: 0.10881128907203674
Mean Loss in Dyn Epoch 1: 0.10871440917253494
Mean Loss in Dyn Epoch 2: 0.10854952782392502
Mean Loss in Dyn Epoch 3: 0.10818427056074142
Mean Loss in Dyn Epoch 4: 0.10806162655353546
Mean Loss in Dyn Epoch 5: 0.10856136679649353
Mean Loss in Dyn Epoch 6: 0.10861396789550781
Mean Loss in Dyn Epoch 7: 0.108208566904068
Mean Loss in Dyn Epoch 8: 0.1080823466181755
Mean Loss in Dyn Epoch 9: 0.10847477614879608
Mean Loss in Dyn Epoch 10: 0.10809877514839172
Mean Loss in Dyn Epoch 11: 0.10870982706546783
Mean Loss in Dyn Epoch 12: 0.10888012498617172
Mean Loss in Dyn Epoch 13: 0.10810061544179916
Mean Loss in Dyn Epoch 14: 0.10829618573188782
Mean Loss in Dyn Epoch 15: 0.1082875207066536
Mean Loss in Dyn Epoch 16: 0.10894521325826645
Mean Loss in Dyn Epoch 17: 0.10838277637958527
Mean Loss in Dyn Epoch 18: 0.10837430506944656
Mean Loss in Dyn Epoch 19: 0.10841132700443268
Mean Loss in Dyn Epoch 20: 0.1083102598786354
Mean Loss in Dyn Epoch 21: 0.10864268988370895
Mean Loss in Dyn Epoch 22: 0.1093345507979393
Mean Loss in Dyn Epoch 23: 0.1094239205121994
Mean Loss in Dyn Epoch 24: 0.10869322717189789
Mean Loss in Dyn Epoch 25: 0.1089191809296608
Mean Loss in Dyn Epoch 26: 0.10884092003107071
Mean Loss in Dyn Epoch 27: 0.1096293106675148
Mean Loss in Dyn Epoch 28: 0.10817773640155792
Mean Loss in Dyn Epoch 29: 0.10878781229257584
Mean Loss in Net Epoch 0: 0.10783742368221283
Mean Loss in Net Epoch 1: 0.10782620310783386
Mean Loss in Net Epoch 2: 0.10781890898942947
Mean Loss in Net Epoch 3: 0.10781832784414291
Mean Loss in Net Epoch 4: 0.10781293362379074
Tracking cycle 14
------------------------- TRACKING ---------------------------
Matrix Hash: d589b4e10999f082, num_times_seen_before: 13
ACC: 0.18947368421052635
TPR/FPR: 1.0, 1.0
Loss: 0.10782275348901749
Timestamp: 655.500624024
---------------------------------------------------------------
Mean Loss in Dyn Epoch 0: 0.10844552516937256
Mean Loss in Dyn Epoch 1: 0.1081719771027565
Mean Loss in Dyn Epoch 2: 0.10829237103462219
Mean Loss in Dyn Epoch 3: 0.10839167982339859
Mean Loss in Dyn Epoch 4: 0.10871483385562897
Mean Loss in Dyn Epoch 5: 0.10833064466714859
Mean Loss in Dyn Epoch 6: 0.10831333696842194
Mean Loss in Dyn Epoch 7: 0.10856154561042786
Mean Loss in Dyn Epoch 8: 0.10835698992013931
Mean Loss in Dyn Epoch 9: 0.10837402194738388
Mean Loss in Dyn Epoch 10: 0.10797856003046036
Mean Loss in Dyn Epoch 11: 0.10882266610860825
Mean Loss in Dyn Epoch 12: 0.10867313295602798
Mean Loss in Dyn Epoch 13: 0.10824509710073471
Mean Loss in Dyn Epoch 14: 0.10824098438024521
Mean Loss in Dyn Epoch 15: 0.10791202634572983
Mean Loss in Dyn Epoch 16: 0.10842115432024002
Mean Loss in Dyn Epoch 17: 0.10861734300851822
Mean Loss in Dyn Epoch 18: 0.1082211434841156
Mean Loss in Dyn Epoch 19: 0.1081470251083374
Mean Loss in Dyn Epoch 20: 0.1083020269870758
Mean Loss in Dyn Epoch 21: 0.10801660269498825
Mean Loss in Dyn Epoch 22: 0.10905811190605164
Mean Loss in Dyn Epoch 23: 0.10840819776058197
Mean Loss in Dyn Epoch 24: 0.10864639282226562
Mean Loss in Dyn Epoch 25: 0.10796870291233063
Mean Loss in Dyn Epoch 26: 0.11008540540933609
Mean Loss in Dyn Epoch 27: 0.10940761119127274
Mean Loss in Dyn Epoch 28: 0.10841362923383713
Mean Loss in Dyn Epoch 29: 0.10840381681919098
Mean Loss in Net Epoch 0: 0.10819303244352341
Mean Loss in Net Epoch 1: 0.10818741470575333
Mean Loss in Net Epoch 2: 0.10819617658853531
Mean Loss in Net Epoch 3: 0.10818900913000107
Mean Loss in Net Epoch 4: 0.10818714648485184
Tracking cycle 15
------------------------- TRACKING ---------------------------
Matrix Hash: d589b4e10999f082, num_times_seen_before: 14
ACC: 0.18947368421052635
TPR/FPR: 1.0, 1.0
Loss: 0.10819055885076523
Timestamp: 699.177075814
---------------------------------------------------------------
Mean Loss in Dyn Epoch 0: 0.10909610241651535
Mean Loss in Dyn Epoch 1: 0.1093970462679863
Mean Loss in Dyn Epoch 2: 0.1082867756485939
Mean Loss in Dyn Epoch 3: 0.10808537155389786
Mean Loss in Dyn Epoch 4: 0.10790971666574478
Mean Loss in Dyn Epoch 5: 0.1087561547756195
Mean Loss in Dyn Epoch 6: 0.1083398386836052
Mean Loss in Dyn Epoch 7: 0.1082390546798706
Mean Loss in Dyn Epoch 8: 0.10792221128940582
Mean Loss in Dyn Epoch 9: 0.1081317812204361
Mean Loss in Dyn Epoch 10: 0.10879002511501312
Mean Loss in Dyn Epoch 11: 0.10851849615573883
Mean Loss in Dyn Epoch 12: 0.10863829404115677
Mean Loss in Dyn Epoch 13: 0.10814882069826126
Mean Loss in Dyn Epoch 14: 0.10800597816705704
Mean Loss in Dyn Epoch 15: 0.1081087663769722
Mean Loss in Dyn Epoch 16: 0.10877944529056549
Mean Loss in Dyn Epoch 17: 0.10815852135419846
Mean Loss in Dyn Epoch 18: 0.10899709165096283
Mean Loss in Dyn Epoch 19: 0.10825906693935394
Mean Loss in Dyn Epoch 20: 0.10843443870544434
Mean Loss in Dyn Epoch 21: 0.10896190255880356
Mean Loss in Dyn Epoch 22: 0.10910188406705856
Mean Loss in Dyn Epoch 23: 0.1085745096206665
Mean Loss in Dyn Epoch 24: 0.10802541673183441
Mean Loss in Dyn Epoch 25: 0.10817519575357437
Mean Loss in Dyn Epoch 26: 0.10833924263715744
Mean Loss in Dyn Epoch 27: 0.10859140008687973
Mean Loss in Dyn Epoch 28: 0.10853532701730728
Mean Loss in Dyn Epoch 29: 0.10869936645030975
Mean Loss in Net Epoch 0: 0.108390673995018
Mean Loss in Net Epoch 1: 0.10835598409175873
Mean Loss in Net Epoch 2: 0.10834962874650955
Mean Loss in Net Epoch 3: 0.1083490177989006
Mean Loss in Net Epoch 4: 0.10834160447120667
Tracking cycle 16
------------------------- TRACKING ---------------------------
Matrix Hash: 5574ebd17af39f4e, num_times_seen_before: 0
ACC: 0.1947368421052632
TPR/FPR: 1.0, 0.9935064935064936
Loss: 0.10835738480091095
Timestamp: 742.851287027
---------------------------------------------------------------
Mean Loss in Dyn Epoch 0: 0.10821637511253357
Mean Loss in Dyn Epoch 1: 0.10816739499568939
Mean Loss in Dyn Epoch 2: 0.10807280987501144
Mean Loss in Dyn Epoch 3: 0.10842562466859818
Mean Loss in Dyn Epoch 4: 0.10904022306203842
Mean Loss in Dyn Epoch 5: 0.10846275091171265
Mean Loss in Dyn Epoch 6: 0.1083187386393547
Mean Loss in Dyn Epoch 7: 0.10823667049407959
Mean Loss in Dyn Epoch 8: 0.10837940126657486
Mean Loss in Dyn Epoch 9: 0.10867892950773239
Mean Loss in Dyn Epoch 10: 0.10991651564836502
Mean Loss in Dyn Epoch 11: 0.11024505645036697
Mean Loss in Dyn Epoch 12: 0.10823539644479752
Mean Loss in Dyn Epoch 13: 0.10822181403636932
Mean Loss in Dyn Epoch 14: 0.10802941769361496
Mean Loss in Dyn Epoch 15: 0.10833553224802017
Mean Loss in Dyn Epoch 16: 0.10798927396535873
Mean Loss in Dyn Epoch 17: 0.10864236950874329
Mean Loss in Dyn Epoch 18: 0.10808197408914566
Mean Loss in Dyn Epoch 19: 0.10804988443851471
Mean Loss in Dyn Epoch 20: 0.10844387114048004
Mean Loss in Dyn Epoch 21: 0.10789638012647629
Mean Loss in Dyn Epoch 22: 0.10788211226463318
Mean Loss in Dyn Epoch 23: 0.10804193466901779
Mean Loss in Dyn Epoch 24: 0.10809081047773361
Mean Loss in Dyn Epoch 25: 0.10823843628168106
Mean Loss in Dyn Epoch 26: 0.10828376561403275
Mean Loss in Dyn Epoch 27: 0.10857591032981873
Mean Loss in Dyn Epoch 28: 0.10813505202531815
Mean Loss in Dyn Epoch 29: 0.10798721015453339
Mean Loss in Net Epoch 0: 0.10758261382579803
Mean Loss in Net Epoch 1: 0.10757085680961609
Mean Loss in Net Epoch 2: 0.1075461208820343
Mean Loss in Net Epoch 3: 0.10755215585231781
Mean Loss in Net Epoch 4: 0.10754753649234772
Tracking cycle 17
------------------------- TRACKING ---------------------------
Matrix Hash: 5574ebd17af39f4e, num_times_seen_before: 1
ACC: 0.1947368421052632
TPR/FPR: 1.0, 0.9935064935064936
Loss: 0.10755985975265503
Timestamp: 786.481714127
---------------------------------------------------------------
Mean Loss in Dyn Epoch 0: 0.10819034278392792
Mean Loss in Dyn Epoch 1: 0.1084219440817833
Mean Loss in Dyn Epoch 2: 0.10797092318534851
Mean Loss in Dyn Epoch 3: 0.10844019800424576
Mean Loss in Dyn Epoch 4: 0.10828043520450592
Mean Loss in Dyn Epoch 5: 0.10834096372127533
Mean Loss in Dyn Epoch 6: 0.10874399542808533
Mean Loss in Dyn Epoch 7: 0.10798224806785583
Mean Loss in Dyn Epoch 8: 0.1082036942243576
Mean Loss in Dyn Epoch 9: 0.1081961989402771
Mean Loss in Dyn Epoch 10: 0.10806325823068619
Mean Loss in Dyn Epoch 11: 0.10797267407178879
Mean Loss in Dyn Epoch 12: 0.10836789011955261
Mean Loss in Dyn Epoch 13: 0.10803564637899399
Mean Loss in Dyn Epoch 14: 0.10799793154001236
Mean Loss in Dyn Epoch 15: 0.10816589742898941
Mean Loss in Dyn Epoch 16: 0.10777351260185242
Mean Loss in Dyn Epoch 17: 0.1080237329006195
Mean Loss in Dyn Epoch 18: 0.10899275541305542
Mean Loss in Dyn Epoch 19: 0.10800809413194656
Mean Loss in Dyn Epoch 20: 0.10819613188505173
Mean Loss in Dyn Epoch 21: 0.10802987962961197
Mean Loss in Dyn Epoch 22: 0.10849449038505554
Mean Loss in Dyn Epoch 23: 0.10820452123880386
Mean Loss in Dyn Epoch 24: 0.10783055424690247
Mean Loss in Dyn Epoch 25: 0.10902044922113419
Mean Loss in Dyn Epoch 26: 0.1083727553486824
Mean Loss in Dyn Epoch 27: 0.10816878825426102
Mean Loss in Dyn Epoch 28: 0.10810838639736176
Mean Loss in Dyn Epoch 29: 0.10841016471385956
Mean Loss in Net Epoch 0: 0.10765116661787033
Mean Loss in Net Epoch 1: 0.10761142522096634
Mean Loss in Net Epoch 2: 0.10761656612157822
Mean Loss in Net Epoch 3: 0.10761520266532898
Mean Loss in Net Epoch 4: 0.1076105460524559
Tracking cycle 18
------------------------- TRACKING ---------------------------
Matrix Hash: d589b4e10999f082, num_times_seen_before: 15
ACC: 0.18947368421052635
TPR/FPR: 1.0, 1.0
Loss: 0.1076209768652916
Timestamp: 829.984748574
---------------------------------------------------------------
Mean Loss in Dyn Epoch 0: 0.1083894893527031
Mean Loss in Dyn Epoch 1: 0.10847657173871994
Mean Loss in Dyn Epoch 2: 0.10813342034816742
Mean Loss in Dyn Epoch 3: 0.1089145839214325
Mean Loss in Dyn Epoch 4: 0.10804572701454163
Mean Loss in Dyn Epoch 5: 0.10800732672214508
Mean Loss in Dyn Epoch 6: 0.10810918360948563
Mean Loss in Dyn Epoch 7: 0.10831034183502197
Mean Loss in Dyn Epoch 8: 0.10807854682207108
Mean Loss in Dyn Epoch 9: 0.10810383409261703
Mean Loss in Dyn Epoch 10: 0.10807400196790695
Mean Loss in Dyn Epoch 11: 0.10793008655309677
Mean Loss in Dyn Epoch 12: 0.10785072296857834
Mean Loss in Dyn Epoch 13: 0.10846968740224838
Mean Loss in Dyn Epoch 14: 0.10800547152757645
Mean Loss in Dyn Epoch 15: 0.10823096334934235
Mean Loss in Dyn Epoch 16: 0.10862381011247635
Mean Loss in Dyn Epoch 17: 0.10775710642337799
Mean Loss in Dyn Epoch 18: 0.10805724561214447
Mean Loss in Dyn Epoch 19: 0.10806834697723389
Mean Loss in Dyn Epoch 20: 0.10800876468420029
Mean Loss in Dyn Epoch 21: 0.1081942543387413
Mean Loss in Dyn Epoch 22: 0.10847795009613037
Mean Loss in Dyn Epoch 23: 0.10802818089723587
Mean Loss in Dyn Epoch 24: 0.10865161567926407
Mean Loss in Dyn Epoch 25: 0.10785055160522461
Mean Loss in Dyn Epoch 26: 0.1081182137131691
Mean Loss in Dyn Epoch 27: 0.10804291814565659
Mean Loss in Dyn Epoch 28: 0.10826785117387772
Mean Loss in Dyn Epoch 29: 0.10806140303611755
Mean Loss in Net Epoch 0: 0.10767355561256409
Mean Loss in Net Epoch 1: 0.10764680802822113
Mean Loss in Net Epoch 2: 0.10764174908399582
Mean Loss in Net Epoch 3: 0.10764270275831223
Mean Loss in Net Epoch 4: 0.10763803124427795
Tracking cycle 19
------------------------- TRACKING ---------------------------
Matrix Hash: d589b4e10999f082, num_times_seen_before: 16
ACC: 0.18947368421052635
TPR/FPR: 1.0, 1.0
Loss: 0.1076485738158226
Timestamp: 873.489995606
---------------------------------------------------------------
Mean Loss in Dyn Epoch 0: 0.10909713804721832
Mean Loss in Dyn Epoch 1: 0.10786134749650955
Mean Loss in Dyn Epoch 2: 0.10776260495185852
Mean Loss in Dyn Epoch 3: 0.10803843289613724
Mean Loss in Dyn Epoch 4: 0.1077595129609108
Mean Loss in Dyn Epoch 5: 0.10859718918800354
Mean Loss in Dyn Epoch 6: 0.10794910043478012
Mean Loss in Dyn Epoch 7: 0.10791994631290436
Mean Loss in Dyn Epoch 8: 0.10827122628688812
Mean Loss in Dyn Epoch 9: 0.10816728323698044
Mean Loss in Dyn Epoch 10: 0.10797164589166641
Mean Loss in Dyn Epoch 11: 0.10842565447092056
Mean Loss in Dyn Epoch 12: 0.1078977957367897
Mean Loss in Dyn Epoch 13: 0.10825721174478531
Mean Loss in Dyn Epoch 14: 0.10779745876789093
Mean Loss in Dyn Epoch 15: 0.10801417380571365
Mean Loss in Dyn Epoch 16: 0.10785499215126038
Mean Loss in Dyn Epoch 17: 0.10766896605491638
Mean Loss in Dyn Epoch 18: 0.10796725004911423
Mean Loss in Dyn Epoch 19: 0.10855364799499512
Mean Loss in Dyn Epoch 20: 0.10819113254547119
Mean Loss in Dyn Epoch 21: 0.10810691863298416
Mean Loss in Dyn Epoch 22: 0.1079481691122055
Mean Loss in Dyn Epoch 23: 0.10820581018924713
Mean Loss in Dyn Epoch 24: 0.10775631666183472
Mean Loss in Dyn Epoch 25: 0.10814500600099564
Mean Loss in Dyn Epoch 26: 0.10822900384664536
Mean Loss in Dyn Epoch 27: 0.10780004411935806
Mean Loss in Dyn Epoch 28: 0.10857409983873367
Mean Loss in Dyn Epoch 29: 0.1082983911037445
Mean Loss in Net Epoch 0: 0.10865715146064758
Mean Loss in Net Epoch 1: 0.10861167311668396
Mean Loss in Net Epoch 2: 0.10859157145023346
Mean Loss in Net Epoch 3: 0.10857779532670975
Mean Loss in Net Epoch 4: 0.10857578366994858
Tracking cycle 20
------------------------- TRACKING ---------------------------
Matrix Hash: d589b4e10999f082, num_times_seen_before: 17
ACC: 0.18947368421052635
TPR/FPR: 1.0, 1.0
Loss: 0.10860279947519302
Timestamp: 917.00299492
---------------------------------------------------------------
Mean Loss in Dyn Epoch 0: 0.10784932971000671
Mean Loss in Dyn Epoch 1: 0.10773669928312302
Mean Loss in Dyn Epoch 2: 0.10755537450313568
Mean Loss in Dyn Epoch 3: 0.10859711468219757
Mean Loss in Dyn Epoch 4: 0.10778816044330597
Mean Loss in Dyn Epoch 5: 0.10801585763692856
Mean Loss in Dyn Epoch 6: 0.10778926312923431
Mean Loss in Dyn Epoch 7: 0.10757288336753845
Mean Loss in Dyn Epoch 8: 0.10770852118730545
Mean Loss in Dyn Epoch 9: 0.10762420296669006
Mean Loss in Dyn Epoch 10: 0.10810842365026474
Mean Loss in Dyn Epoch 11: 0.1081780195236206
Mean Loss in Dyn Epoch 12: 0.10786449909210205
Mean Loss in Dyn Epoch 13: 0.10802899301052094
Mean Loss in Dyn Epoch 14: 0.10761861503124237
Mean Loss in Dyn Epoch 15: 0.10826936364173889
Mean Loss in Dyn Epoch 16: 0.1079598218202591
Mean Loss in Dyn Epoch 17: 0.10792228579521179
Mean Loss in Dyn Epoch 18: 0.10772793740034103
Mean Loss in Dyn Epoch 19: 0.10784084349870682
Mean Loss in Dyn Epoch 20: 0.10802766680717468
Mean Loss in Dyn Epoch 21: 0.10818209499120712
Mean Loss in Dyn Epoch 22: 0.10799218714237213
Mean Loss in Dyn Epoch 23: 0.1078822910785675
Mean Loss in Dyn Epoch 24: 0.10768882185220718
Mean Loss in Dyn Epoch 25: 0.10794948041439056
Mean Loss in Dyn Epoch 26: 0.1076522022485733
Mean Loss in Dyn Epoch 27: 0.10748948901891708
Mean Loss in Dyn Epoch 28: 0.10783351957798004
Mean Loss in Dyn Epoch 29: 0.1078467071056366
Mean Loss in Net Epoch 0: 0.10812293738126755
Mean Loss in Net Epoch 1: 0.10811316221952438
Mean Loss in Net Epoch 2: 0.10810409486293793
Mean Loss in Net Epoch 3: 0.1080954521894455
Mean Loss in Net Epoch 4: 0.10809119045734406
Tracking cycle 21
------------------------- TRACKING ---------------------------
Matrix Hash: d589b4e10999f082, num_times_seen_before: 18
ACC: 0.18947368421052635
TPR/FPR: 1.0, 1.0
Loss: 0.1081053763628006
Timestamp: 960.689486364
---------------------------------------------------------------
Mean Loss in Dyn Epoch 0: 0.10922445356845856
Mean Loss in Dyn Epoch 1: 0.10777889937162399
Mean Loss in Dyn Epoch 2: 0.108006551861763
Mean Loss in Dyn Epoch 3: 0.10758265852928162
Mean Loss in Dyn Epoch 4: 0.10759291052818298
Mean Loss in Dyn Epoch 5: 0.10794612765312195
Mean Loss in Dyn Epoch 6: 0.10746485739946365
Mean Loss in Dyn Epoch 7: 0.10786350071430206
Mean Loss in Dyn Epoch 8: 0.10755383968353271
Mean Loss in Dyn Epoch 9: 0.1074291318655014
Mean Loss in Dyn Epoch 10: 0.10766609013080597
Mean Loss in Dyn Epoch 11: 0.10745342075824738
Mean Loss in Dyn Epoch 12: 0.10768938064575195
Mean Loss in Dyn Epoch 13: 0.10761187970638275
Mean Loss in Dyn Epoch 14: 0.1073559895157814
Mean Loss in Dyn Epoch 15: 0.10791972279548645
Mean Loss in Dyn Epoch 16: 0.10790101438760757
Mean Loss in Dyn Epoch 17: 0.10752999782562256
Mean Loss in Dyn Epoch 18: 0.1082124337553978
Mean Loss in Dyn Epoch 19: 0.10773202031850815
Mean Loss in Dyn Epoch 20: 0.10760022699832916
Mean Loss in Dyn Epoch 21: 0.10766272991895676
Mean Loss in Dyn Epoch 22: 0.10804043710231781
Mean Loss in Dyn Epoch 23: 0.10754810273647308
Mean Loss in Dyn Epoch 24: 0.10792899876832962
Mean Loss in Dyn Epoch 25: 0.10746852308511734
Mean Loss in Dyn Epoch 26: 0.10773362964391708
Mean Loss in Dyn Epoch 27: 0.10764779150485992
Mean Loss in Dyn Epoch 28: 0.1075265109539032
Mean Loss in Dyn Epoch 29: 0.10762381553649902
Mean Loss in Net Epoch 0: 0.10772790014743805
Mean Loss in Net Epoch 1: 0.10772034525871277
Mean Loss in Net Epoch 2: 0.10772031545639038
Mean Loss in Net Epoch 3: 0.1077125146985054
Mean Loss in Net Epoch 4: 0.10770802199840546
Tracking cycle 22
------------------------- TRACKING ---------------------------
Matrix Hash: d589b4e10999f082, num_times_seen_before: 19
ACC: 0.19210526315789478
TPR/FPR: 1.0, 0.9967532467532467
Loss: 0.10771782696247101
Timestamp: 1004.24220397
---------------------------------------------------------------
Mean Loss in Dyn Epoch 0: 0.10758554190397263
Mean Loss in Dyn Epoch 1: 0.10747474431991577
Mean Loss in Dyn Epoch 2: 0.10775941610336304
Mean Loss in Dyn Epoch 3: 0.10758288204669952
Mean Loss in Dyn Epoch 4: 0.10743492841720581
Mean Loss in Dyn Epoch 5: 0.10747582465410233
Mean Loss in Dyn Epoch 6: 0.10729418694972992
Mean Loss in Dyn Epoch 7: 0.1078222319483757
Mean Loss in Dyn Epoch 8: 0.1076279878616333
Mean Loss in Dyn Epoch 9: 0.10842777788639069
Mean Loss in Dyn Epoch 10: 0.10790117084980011
Mean Loss in Dyn Epoch 11: 0.1073230654001236
Mean Loss in Dyn Epoch 12: 0.10788766294717789
Mean Loss in Dyn Epoch 13: 0.10719925910234451
Mean Loss in Dyn Epoch 14: 0.10783477872610092
Mean Loss in Dyn Epoch 15: 0.10733648389577866
Mean Loss in Dyn Epoch 16: 0.10730672627687454
Mean Loss in Dyn Epoch 17: 0.10729244351387024
Mean Loss in Dyn Epoch 18: 0.1072448343038559
Mean Loss in Dyn Epoch 19: 0.10732603073120117
Mean Loss in Dyn Epoch 20: 0.10768935829401016
Mean Loss in Dyn Epoch 21: 0.10763970762491226
Mean Loss in Dyn Epoch 22: 0.10784908384084702
Mean Loss in Dyn Epoch 23: 0.10742294043302536
Mean Loss in Dyn Epoch 24: 0.10761675238609314
Mean Loss in Dyn Epoch 25: 0.10750298947095871
Mean Loss in Dyn Epoch 26: 0.10756734013557434
Mean Loss in Dyn Epoch 27: 0.10793966054916382
Mean Loss in Dyn Epoch 28: 0.10723625123500824
Mean Loss in Dyn Epoch 29: 0.10766840726137161
Mean Loss in Net Epoch 0: 0.10764443129301071
Mean Loss in Net Epoch 1: 0.10763684660196304
Mean Loss in Net Epoch 2: 0.10763634741306305
Mean Loss in Net Epoch 3: 0.10763805359601974
Mean Loss in Net Epoch 4: 0.10764091461896896
Tracking cycle 23
------------------------- TRACKING ---------------------------
Matrix Hash: d589b4e10999f082, num_times_seen_before: 20
ACC: 0.19210526315789478
TPR/FPR: 1.0, 0.9967532467532467
Loss: 0.10763931274414062
Timestamp: 1047.82710357
---------------------------------------------------------------
Mean Loss in Dyn Epoch 0: 0.10766231268644333
Mean Loss in Dyn Epoch 1: 0.10759634524583817
Mean Loss in Dyn Epoch 2: 0.10719000548124313
Mean Loss in Dyn Epoch 3: 0.10749328136444092
Mean Loss in Dyn Epoch 4: 0.10743178427219391
Mean Loss in Dyn Epoch 5: 0.10709717869758606
Mean Loss in Dyn Epoch 6: 0.10714759677648544
Mean Loss in Dyn Epoch 7: 0.10758474469184875
Mean Loss in Dyn Epoch 8: 0.10743466764688492
Mean Loss in Dyn Epoch 9: 0.10845836251974106
Mean Loss in Dyn Epoch 10: 0.10731354355812073
Mean Loss in Dyn Epoch 11: 0.10743556916713715
Mean Loss in Dyn Epoch 12: 0.10741318762302399
Mean Loss in Dyn Epoch 13: 0.10770495980978012
Mean Loss in Dyn Epoch 14: 0.10752106457948685
Mean Loss in Dyn Epoch 15: 0.10792505741119385
Mean Loss in Dyn Epoch 16: 0.1074059009552002
Mean Loss in Dyn Epoch 17: 0.1071825698018074
Mean Loss in Dyn Epoch 18: 0.10706960409879684
Mean Loss in Dyn Epoch 19: 0.10702480375766754
Mean Loss in Dyn Epoch 20: 0.10717742890119553
Mean Loss in Dyn Epoch 21: 0.10737625509500504
Mean Loss in Dyn Epoch 22: 0.10722579061985016
Mean Loss in Dyn Epoch 23: 0.10756107419729233
Mean Loss in Dyn Epoch 24: 0.10744369029998779
Mean Loss in Dyn Epoch 25: 0.1074128970503807
Mean Loss in Dyn Epoch 26: 0.10731194913387299
Mean Loss in Dyn Epoch 27: 0.10737016797065735
Mean Loss in Dyn Epoch 28: 0.1077456995844841
Mean Loss in Dyn Epoch 29: 0.10734643787145615
Mean Loss in Net Epoch 0: 0.107065349817276
Mean Loss in Net Epoch 1: 0.10704487562179565
Mean Loss in Net Epoch 2: 0.10705038905143738
Mean Loss in Net Epoch 3: 0.1070440262556076
Mean Loss in Net Epoch 4: 0.10704150795936584
Tracking cycle 24
------------------------- TRACKING ---------------------------
Matrix Hash: d589b4e10999f082, num_times_seen_before: 21
ACC: 0.19210526315789478
TPR/FPR: 1.0, 0.9967532467532467
Loss: 0.10704922676086426
Timestamp: 1091.9382314349998
---------------------------------------------------------------
Mean Loss in Dyn Epoch 0: 0.10723839700222015
Mean Loss in Dyn Epoch 1: 0.10717981308698654
Mean Loss in Dyn Epoch 2: 0.10704617947340012
Mean Loss in Dyn Epoch 3: 0.10799539089202881
Mean Loss in Dyn Epoch 4: 0.10715385526418686
Mean Loss in Dyn Epoch 5: 0.106882244348526
Mean Loss in Dyn Epoch 6: 0.10781970620155334
Mean Loss in Dyn Epoch 7: 0.10696682333946228
Mean Loss in Dyn Epoch 8: 0.10709479451179504
Mean Loss in Dyn Epoch 9: 0.1074986606836319
Mean Loss in Dyn Epoch 10: 0.10708066821098328
Mean Loss in Dyn Epoch 11: 0.10713949054479599
Mean Loss in Dyn Epoch 12: 0.10694197565317154
Mean Loss in Dyn Epoch 13: 0.10751349478960037
Mean Loss in Dyn Epoch 14: 0.10734181851148605
Mean Loss in Dyn Epoch 15: 0.10747342556715012
Mean Loss in Dyn Epoch 16: 0.10697420686483383
Mean Loss in Dyn Epoch 17: 0.10797014832496643
Mean Loss in Dyn Epoch 18: 0.10741541534662247
Mean Loss in Dyn Epoch 19: 0.10713215917348862
Mean Loss in Dyn Epoch 20: 0.10714460164308548
Mean Loss in Dyn Epoch 21: 0.10777013748884201
Mean Loss in Dyn Epoch 22: 0.10747525840997696
Mean Loss in Dyn Epoch 23: 0.10775681585073471
Mean Loss in Dyn Epoch 24: 0.10724171996116638
Mean Loss in Dyn Epoch 25: 0.10799138993024826
Mean Loss in Dyn Epoch 26: 0.10742606222629547
Mean Loss in Dyn Epoch 27: 0.10731574147939682
Mean Loss in Dyn Epoch 28: 0.10698679089546204
Mean Loss in Dyn Epoch 29: 0.10712333768606186
Mean Loss in Net Epoch 0: 0.110127292573452
Mean Loss in Net Epoch 1: 0.10970215499401093
Mean Loss in Net Epoch 2: 0.10953174531459808
Mean Loss in Net Epoch 3: 0.10931141674518585
Mean Loss in Net Epoch 4: 0.10925739258527756
Tracking cycle 25
------------------------- TRACKING ---------------------------
Matrix Hash: 669047066990864a, num_times_seen_before: 0
ACC: 0.20789473684210524
TPR/FPR: 1.0, 0.9772727272727273
Loss: 0.10958600044250488
Timestamp: 1135.659129571
---------------------------------------------------------------
Mean Loss in Dyn Epoch 0: 0.10803830623626709
Mean Loss in Dyn Epoch 1: 0.10796170681715012
Mean Loss in Dyn Epoch 2: 0.10790993273258209
Mean Loss in Dyn Epoch 3: 0.10771476477384567
Mean Loss in Dyn Epoch 4: 0.10811179876327515
Mean Loss in Dyn Epoch 5: 0.10785984992980957
Mean Loss in Dyn Epoch 6: 0.10769951343536377
Mean Loss in Dyn Epoch 7: 0.10812869668006897
Mean Loss in Dyn Epoch 8: 0.10774171352386475
Mean Loss in Dyn Epoch 9: 0.10798896849155426
Mean Loss in Dyn Epoch 10: 0.10778428614139557
Mean Loss in Dyn Epoch 11: 0.10804623365402222
Mean Loss in Dyn Epoch 12: 0.10825277864933014
Mean Loss in Dyn Epoch 13: 0.10786297917366028
Mean Loss in Dyn Epoch 14: 0.10769164562225342
Mean Loss in Dyn Epoch 15: 0.1078934520483017
Mean Loss in Dyn Epoch 16: 0.10816973447799683
Mean Loss in Dyn Epoch 17: 0.10785976052284241
Mean Loss in Dyn Epoch 18: 0.10894700884819031
Mean Loss in Dyn Epoch 19: 0.10774905234575272
Mean Loss in Dyn Epoch 20: 0.10792572051286697
Mean Loss in Dyn Epoch 21: 0.10776396840810776
Mean Loss in Dyn Epoch 22: 0.10779531300067902
Mean Loss in Dyn Epoch 23: 0.10798181593418121
Mean Loss in Dyn Epoch 24: 0.10770194977521896
Mean Loss in Dyn Epoch 25: 0.10817793011665344
Mean Loss in Dyn Epoch 26: 0.10835084319114685
Mean Loss in Dyn Epoch 27: 0.10820157080888748
Mean Loss in Dyn Epoch 28: 0.10827384889125824
Mean Loss in Dyn Epoch 29: 0.1079733818769455
Mean Loss in Net Epoch 0: 0.10657461732625961
Mean Loss in Net Epoch 1: 0.10654334723949432
Mean Loss in Net Epoch 2: 0.10651800781488419
Mean Loss in Net Epoch 3: 0.10650588572025299
Mean Loss in Net Epoch 4: 0.10651037096977234
Tracking cycle 26
------------------------- TRACKING ---------------------------
Matrix Hash: 5574ebd17af39f4e, num_times_seen_before: 2
ACC: 0.19736842105263153
TPR/FPR: 1.0, 0.9902597402597403
Loss: 0.10653045028448105
Timestamp: 1179.2412783599998
---------------------------------------------------------------
Mean Loss in Dyn Epoch 0: 0.1078728586435318
Mean Loss in Dyn Epoch 1: 0.10739968717098236
Mean Loss in Dyn Epoch 2: 0.1082107424736023
Mean Loss in Dyn Epoch 3: 0.107548788189888
Mean Loss in Dyn Epoch 4: 0.10776473581790924
Mean Loss in Dyn Epoch 5: 0.10794493556022644
Mean Loss in Dyn Epoch 6: 0.10727958381175995
Mean Loss in Dyn Epoch 7: 0.10723742842674255
Mean Loss in Dyn Epoch 8: 0.10773364454507828
Mean Loss in Dyn Epoch 9: 0.10728168487548828
Mean Loss in Dyn Epoch 10: 0.10770263522863388
Mean Loss in Dyn Epoch 11: 0.10823558270931244
Mean Loss in Dyn Epoch 12: 0.10783682763576508
Mean Loss in Dyn Epoch 13: 0.10739132016897202
Mean Loss in Dyn Epoch 14: 0.10718591511249542
Mean Loss in Dyn Epoch 15: 0.10758582502603531
Mean Loss in Dyn Epoch 16: 0.10731364786624908
Mean Loss in Dyn Epoch 17: 0.1071326807141304
Mean Loss in Dyn Epoch 18: 0.1070583164691925
Mean Loss in Dyn Epoch 19: 0.10724221915006638
Mean Loss in Dyn Epoch 20: 0.10726647824048996
Mean Loss in Dyn Epoch 21: 0.10737689584493637
Mean Loss in Dyn Epoch 22: 0.10744432359933853
Mean Loss in Dyn Epoch 23: 0.10710667073726654
Mean Loss in Dyn Epoch 24: 0.10741078853607178
Mean Loss in Dyn Epoch 25: 0.10715658217668533
Mean Loss in Dyn Epoch 26: 0.10728637129068375
Mean Loss in Dyn Epoch 27: 0.10708267986774445
Mean Loss in Dyn Epoch 28: 0.10690438747406006
Mean Loss in Dyn Epoch 29: 0.1068902537226677
Mean Loss in Net Epoch 0: 0.10699184238910675
Mean Loss in Net Epoch 1: 0.10691986978054047
Mean Loss in Net Epoch 2: 0.10691520571708679
Mean Loss in Net Epoch 3: 0.10691320896148682
Mean Loss in Net Epoch 4: 0.10690858960151672
Tracking cycle 27
------------------------- TRACKING ---------------------------
Matrix Hash: d589b4e10999f082, num_times_seen_before: 22
ACC: 0.1947368421052632
TPR/FPR: 1.0, 0.9935064935064936
Loss: 0.10692974179983139
Timestamp: 1222.973066884
---------------------------------------------------------------
Mean Loss in Dyn Epoch 0: 0.10746043175458908
Mean Loss in Dyn Epoch 1: 0.10733184218406677
Mean Loss in Dyn Epoch 2: 0.10710008442401886
Mean Loss in Dyn Epoch 3: 0.10702342540025711
Mean Loss in Dyn Epoch 4: 0.10746289044618607
Mean Loss in Dyn Epoch 5: 0.10702352970838547
Mean Loss in Dyn Epoch 6: 0.10714893043041229
Mean Loss in Dyn Epoch 7: 0.1072516217827797
Mean Loss in Dyn Epoch 8: 0.10803314298391342
