../data/final/Voter/timeseries_ba20_1k.pickle
../data/final/edges_ba20.pickle
CONTINUATION: False
CONT_ADDRESS: ./hillclimbing_logs/linear/final/heuristics_comp/deterministic/cml/ba10_1k_restart_3.5_random/2021-03-04T15_54_10.394816
SEED: 0
NUM_DYN_EPOCHS: 30
DETECT_EARLY_CONVERGENCE: False
USE_EVALEPOCH_FOR_GUIDED_MUTATION: False
USE_NODEWISE_LOSS: True
USE_DYNAMIC_STEPS: True
NUM_GEN: 45
DETERMINISTIC_EVAL: False
FREE WALK: False
EXPERIMENTS: 5
FORMAT: old
NUM_TRAIN_SAMPLES: 1000
NUM_TRAIN_BATCHES: 10
NUM_TEST_SAMPLES: 1000
NUM_TEST_BATCHES: 10
BATCH_SIZE: 100
HIDDEN_SIZE: 128
NUM_DYN_EPOCHS: 30
IS_CONTINUOUS: False
USE_MAX: False

Generation 0
Mean loss in evaluation epoch: [0.5785066485404968, 0.48903581500053406, 0.6034321784973145, 0.534856379032135, 0.5454174876213074, 0.5822721719741821, 0.561734676361084, 0.5798184871673584, 0.5610679984092712, 0.6098278164863586, 0.5261167883872986, 0.5354666709899902, 0.6349872946739197, 0.6051557064056396, 0.5694734454154968, 0.499620646238327, 0.5044332146644592, 0.596825122833252, 0.6459803581237793, 0.5906600952148438], epochs needed: 30
------------------------- TRACKING ---------------------------
Matrix Hash: e79664346fe1983c, num_times_seen_before: 0
ACC: 0.531578947368421
TPR/FPR: 0.4444444444444444, 0.44805194805194803
Loss: [0.5785066485404968, 0.48903581500053406, 0.6034321784973145, 0.534856379032135, 0.5454174876213074, 0.5822721719741821, 0.561734676361084, 0.5798184871673584, 0.5610679984092712, 0.6098278164863586, 0.5261167883872986, 0.5354666709899902, 0.6349872946739197, 0.6051557064056396, 0.5694734454154968, 0.499620646238327, 0.5044332146644592, 0.596825122833252, 0.6459803581237793, 0.5906600952148438]
Timestamp: 0
---------------------------------------------------------------
[tensor([0, 5]), tensor([0, 7]), tensor([ 0, 13]), tensor([ 1, 17]), tensor([2, 3]), tensor([2, 4]), tensor([ 2, 10]), tensor([ 2, 17]), tensor([ 2, 19]), tensor([3, 9]), tensor([ 3, 12]), tensor([ 3, 14]), tensor([ 3, 17]), tensor([5, 6]), tensor([ 6, 11]), tensor([ 6, 12]), tensor([ 7, 13]), tensor([ 7, 17]), tensor([ 8, 18]), tensor([ 9, 12]), tensor([ 9, 13]), tensor([ 9, 14]), tensor([10, 18]), tensor([11, 17]), tensor([12, 13]), tensor([13, 16]), tensor([13, 19]), tensor([14, 19]), tensor([17, 19]), tensor([18, 19])]
Mean loss in evaluation epoch: [0.5440468788146973, 0.47502413392066956, 0.5405480265617371, 0.5136799812316895, 0.5412234663963318, 0.5059093832969666, 0.510481595993042, 0.5754327774047852, 0.5339286923408508, 0.5241658091545105, 0.5282651782035828, 0.510795533657074, 0.5059915781021118, 0.47866830229759216, 0.49792179465293884, 0.49789032340049744, 0.490448921918869, 0.4919710159301758, 0.574513852596283, 0.5180284380912781], epochs needed: 30
count_changes: 30 / 30

Generation 1
Mean loss in evaluation epoch: [0.553703784942627, 0.47277316451072693, 0.548132598400116, 0.5181423425674438, 0.5442056059837341, 0.5081443786621094, 0.5085341334342957, 0.577971875667572, 0.5337550044059753, 0.5313159823417664, 0.5257386565208435, 0.514087438583374, 0.5054452419281006, 0.4797232747077942, 0.49637889862060547, 0.4946090281009674, 0.48795658349990845, 0.4904642701148987, 0.5785309672355652, 0.5120598673820496], epochs needed: 30
------------------------- TRACKING ---------------------------
Matrix Hash: 5d06e38d6f6d0cd9, num_times_seen_before: 0
ACC: 0.6052631578947368
TPR/FPR: 0.8055555555555556, 0.44155844155844154
Loss: [0.553703784942627, 0.47277316451072693, 0.548132598400116, 0.5181423425674438, 0.5442056059837341, 0.5081443786621094, 0.5085341334342957, 0.577971875667572, 0.5337550044059753, 0.5313159823417664, 0.5257386565208435, 0.514087438583374, 0.5054452419281006, 0.4797232747077942, 0.49637889862060547, 0.4946090281009674, 0.48795658349990845, 0.4904642701148987, 0.5785309672355652, 0.5120598673820496]
Timestamp: 3.1697452209999994
---------------------------------------------------------------
[tensor([0, 2]), tensor([0, 8]), tensor([ 0, 12]), tensor([ 0, 16]), tensor([ 0, 17]), tensor([1, 7]), tensor([1, 9]), tensor([ 2, 15]), tensor([ 3, 10]), tensor([4, 5]), tensor([4, 6]), tensor([ 4, 10]), tensor([ 4, 13]), tensor([5, 9]), tensor([6, 7]), tensor([ 6, 10]), tensor([ 6, 16]), tensor([7, 8]), tensor([ 9, 19]), tensor([15, 16]), tensor([15, 18])]
Mean loss in evaluation epoch: [0.500421404838562, 0.4564688801765442, 0.4897053837776184, 0.5149747729301453, 0.5034592151641846, 0.4843938946723938, 0.4538537561893463, 0.5254105925559998, 0.5077604651451111, 0.5021500587463379, 0.46474629640579224, 0.5064095854759216, 0.4997839033603668, 0.47069382667541504, 0.49133989214897156, 0.45502540469169617, 0.4613945186138153, 0.4800199568271637, 0.5702330470085144, 0.5015891194343567], epochs needed: 30
count_changes: 21 / 21

Generation 2
Mean loss in evaluation epoch: [0.5020655393600464, 0.459021657705307, 0.49343371391296387, 0.5180085897445679, 0.503868043422699, 0.4829684793949127, 0.4528806209564209, 0.523100733757019, 0.506835401058197, 0.5028407573699951, 0.4642885625362396, 0.5105276107788086, 0.49662676453590393, 0.46738359332084656, 0.48926520347595215, 0.4607536494731903, 0.46115395426750183, 0.4779872000217438, 0.570342481136322, 0.5030875205993652], epochs needed: 30
------------------------- TRACKING ---------------------------
Matrix Hash: 3427f0c634d0f45a, num_times_seen_before: 0
ACC: 0.6947368421052631
TPR/FPR: 0.9722222222222222, 0.37012987012987014
Loss: [0.5020655393600464, 0.459021657705307, 0.49343371391296387, 0.5180085897445679, 0.503868043422699, 0.4829684793949127, 0.4528806209564209, 0.523100733757019, 0.506835401058197, 0.5028407573699951, 0.4642885625362396, 0.5105276107788086, 0.49662676453590393, 0.46738359332084656, 0.48926520347595215, 0.4607536494731903, 0.46115395426750183, 0.4779872000217438, 0.570342481136322, 0.5030875205993652]
Timestamp: 6.2164021760000026
---------------------------------------------------------------
[tensor([0, 7]), tensor([ 0, 19]), tensor([ 1, 10]), tensor([ 1, 18]), tensor([ 1, 19]), tensor([2, 5]), tensor([ 2, 11]), tensor([ 2, 13]), tensor([ 2, 18]), tensor([3, 7]), tensor([ 4, 11]), tensor([ 4, 12]), tensor([ 4, 19]), tensor([ 5, 11]), tensor([ 5, 13]), tensor([6, 9]), tensor([ 9, 11]), tensor([10, 13]), tensor([10, 17]), tensor([11, 13]), tensor([11, 14]), tensor([12, 18]), tensor([13, 14]), tensor([16, 17]), tensor([16, 19])]
Mean loss in evaluation epoch: [0.48003607988357544, 0.4260018467903137, 0.4551140367984772, 0.5380983352661133, 0.47875919938087463, 0.4313790500164032, 0.44089728593826294, 0.480619877576828, 0.5093706250190735, 0.479268878698349, 0.44167613983154297, 0.42503759264945984, 0.45972901582717896, 0.42315736413002014, 0.4678706228733063, 0.43984532356262207, 0.4481148421764374, 0.4852140545845032, 0.5190077424049377, 0.43009334802627563], epochs needed: 30
count_changes: 25 / 25

Generation 3
Mean loss in evaluation epoch: [0.4805169105529785, 0.42663857340812683, 0.45517849922180176, 0.5368072390556335, 0.4789768159389496, 0.42935600876808167, 0.44095107913017273, 0.4806325435638428, 0.5079601407051086, 0.4800266921520233, 0.44135552644729614, 0.4228423237800598, 0.4600575864315033, 0.4236275255680084, 0.46888467669487, 0.437723308801651, 0.44689425826072693, 0.48323512077331543, 0.5159579515457153, 0.428054541349411], epochs needed: 30
------------------------- TRACKING ---------------------------
Matrix Hash: 7ab0829282a0f56f, num_times_seen_before: 0
ACC: 0.7842105263157895
TPR/FPR: 1.0, 0.2662337662337662
Loss: [0.4805169105529785, 0.42663857340812683, 0.45517849922180176, 0.5368072390556335, 0.4789768159389496, 0.42935600876808167, 0.44095107913017273, 0.4806325435638428, 0.5079601407051086, 0.4800266921520233, 0.44135552644729614, 0.4228423237800598, 0.4600575864315033, 0.4236275255680084, 0.46888467669487, 0.437723308801651, 0.44689425826072693, 0.48323512077331543, 0.5159579515457153, 0.428054541349411]
Timestamp: 9.293694052999996
---------------------------------------------------------------
[tensor([0, 6]), tensor([ 0, 15]), tensor([ 0, 16]), tensor([ 0, 18]), tensor([1, 4]), tensor([1, 5]), tensor([ 1, 11]), tensor([ 2, 14]), tensor([3, 8]), tensor([ 3, 14]), tensor([ 4, 17]), tensor([ 4, 19]), tensor([ 5, 15]), tensor([ 6, 17]), tensor([ 6, 18]), tensor([7, 9]), tensor([ 7, 13]), tensor([ 7, 17]), tensor([ 7, 19]), tensor([ 8, 10]), tensor([ 8, 17]), tensor([ 9, 12]), tensor([ 9, 17]), tensor([10, 18]), tensor([11, 12]), tensor([12, 14]), tensor([13, 15]), tensor([15, 17]), tensor([16, 17]), tensor([16, 18]), tensor([17, 18])]
Mean loss in evaluation epoch: [0.4576628804206848, 0.4039061963558197, 0.4330576956272125, 0.5451611876487732, 0.4643666446208954, 0.4171918034553528, 0.39461731910705566, 0.42453131079673767, 0.4532322883605957, 0.43853798508644104, 0.4026201665401459, 0.3247091472148895, 0.3884495198726654, 0.40083742141723633, 0.42536383867263794, 0.3305513560771942, 0.4570589065551758, 0.4040605127811432, 0.41362062096595764, 0.27843695878982544], epochs needed: 30
count_changes: 31 / 31

Generation 4
Mean loss in evaluation epoch: [0.4639952778816223, 0.39961183071136475, 0.43004757165908813, 0.5427643656730652, 0.4687809944152832, 0.42282745242118835, 0.3943570852279663, 0.4234570562839508, 0.45834633708000183, 0.44800806045532227, 0.4032467007637024, 0.3177396357059479, 0.3937900960445404, 0.4054687023162842, 0.42816972732543945, 0.3268130421638489, 0.4619673192501068, 0.40695783495903015, 0.41557881236076355, 0.2730731666088104], epochs needed: 30
------------------------- TRACKING ---------------------------
Matrix Hash: 143321e9276e2c57, num_times_seen_before: 0
ACC: 0.9052631578947369
TPR/FPR: 1.0, 0.11688311688311688
Loss: [0.4639952778816223, 0.39961183071136475, 0.43004757165908813, 0.5427643656730652, 0.4687809944152832, 0.42282745242118835, 0.3943570852279663, 0.4234570562839508, 0.45834633708000183, 0.44800806045532227, 0.4032467007637024, 0.3177396357059479, 0.3937900960445404, 0.4054687023162842, 0.42816972732543945, 0.3268130421638489, 0.4619673192501068, 0.40695783495903015, 0.41557881236076355, 0.2730731666088104]
Timestamp: 12.483926892
---------------------------------------------------------------
[tensor([0, 4]), tensor([ 0, 16]), tensor([1, 7]), tensor([1, 8]), tensor([1, 9]), tensor([ 1, 12]), tensor([ 1, 13]), tensor([ 1, 17]), tensor([2, 6]), tensor([2, 7]), tensor([2, 9]), tensor([ 2, 16]), tensor([3, 4]), tensor([ 4, 14]), tensor([ 5, 10]), tensor([6, 8]), tensor([ 9, 12]), tensor([ 9, 17]), tensor([14, 16]), tensor([15, 17]), tensor([16, 18])]
Mean loss in evaluation epoch: [0.505833089351654, 0.33617517352104187, 0.3885481059551239, 0.5409160256385803, 0.5546895861625671, 0.39452072978019714, 0.42689648270606995, 0.3444642126560211, 0.49412617087364197, 0.4370359480381012, 0.380917489528656, 0.3203153610229492, 0.39255842566490173, 0.38470378518104553, 0.3454652726650238, 0.25013467669487, 0.3588463366031647, 0.38765856623649597, 0.3736639618873596, 0.27171823382377625], epochs needed: 30
count_changes: 17 / 21

Generation 5
Mean loss in evaluation epoch: [0.45682960748672485, 0.33699584007263184, 0.3900805413722992, 0.5449007153511047, 0.46471473574638367, 0.39414966106414795, 0.40765151381492615, 0.3454286754131317, 0.4728829562664032, 0.4371180236339569, 0.382828950881958, 0.3215670585632324, 0.39286404848098755, 0.386356920003891, 0.39856863021850586, 0.25286635756492615, 0.3597341477870941, 0.3891088664531708, 0.3742602467536926, 0.2752182185649872], epochs needed: 30
------------------------- TRACKING ---------------------------
Matrix Hash: 59ce0df962f976fc, num_times_seen_before: 0
ACC: 0.9526315789473684
TPR/FPR: 1.0, 0.05844155844155844
Loss: [0.45682960748672485, 0.33699584007263184, 0.3900805413722992, 0.5449007153511047, 0.46471473574638367, 0.39414966106414795, 0.40765151381492615, 0.3454286754131317, 0.4728829562664032, 0.4371180236339569, 0.382828950881958, 0.3215670585632324, 0.39286404848098755, 0.386356920003891, 0.39856863021850586, 0.25286635756492615, 0.3597341477870941, 0.3891088664531708, 0.3742602467536926, 0.2752182185649872]
Timestamp: 15.772484096
---------------------------------------------------------------
[tensor([0, 4]), tensor([1, 5]), tensor([1, 8]), tensor([ 1, 17]), tensor([2, 6]), tensor([ 3, 15]), tensor([ 5, 14]), tensor([ 8, 17]), tensor([ 9, 12]), tensor([ 9, 17]), tensor([10, 17]), tensor([13, 14]), tensor([13, 16])]
Mean loss in evaluation epoch: [0.5005055069923401, 0.24460676312446594, 0.34316012263298035, 0.522616982460022, 0.49466583132743835, 0.4084465205669403, 0.39635375142097473, 0.34899136424064636, 0.47765013575553894, 0.3747602105140686, 0.3676641583442688, 0.32445642352104187, 0.3494667708873749, 0.2660028040409088, 0.40645256638526917, 0.46911439299583435, 0.2867095172405243, 0.40501314401626587, 0.3782455325126648, 0.28336718678474426], epochs needed: 30
count_changes: 8 / 13

Generation 6
Mean loss in evaluation epoch: [0.453737735748291, 0.22484076023101807, 0.3371327817440033, 0.5437869429588318, 0.46665874123573303, 0.35794010758399963, 0.39336714148521423, 0.3436364233493805, 0.452578067779541, 0.36463943123817444, 0.3814808428287506, 0.31949812173843384, 0.34066325426101685, 0.2460145801305771, 0.36713820695877075, 0.24332766234874725, 0.268435537815094, 0.3849523067474365, 0.3715638816356659, 0.26492956280708313], epochs needed: 30
------------------------- TRACKING ---------------------------
Matrix Hash: d063b85a1eca92f7, num_times_seen_before: 0
ACC: 0.9842105263157894
TPR/FPR: 1.0, 0.01948051948051948
Loss: [0.453737735748291, 0.22484076023101807, 0.3371327817440033, 0.5437869429588318, 0.46665874123573303, 0.35794010758399963, 0.39336714148521423, 0.3436364233493805, 0.452578067779541, 0.36463943123817444, 0.3814808428287506, 0.31949812173843384, 0.34066325426101685, 0.2460145801305771, 0.36713820695877075, 0.24332766234874725, 0.268435537815094, 0.3849523067474365, 0.3715638816356659, 0.26492956280708313]
Timestamp: 18.878340197
---------------------------------------------------------------
[tensor([ 1, 13]), tensor([ 1, 17]), tensor([3, 8]), tensor([ 3, 11]), tensor([ 4, 14])]
Mean loss in evaluation epoch: [0.4567966163158417, 0.23455186188220978, 0.3445548713207245, 0.5408307909965515, 0.45214715600013733, 0.3638084828853607, 0.3974132239818573, 0.35105088353157043, 0.4797661006450653, 0.3719646632671356, 0.3878818154335022, 0.5012786984443665, 0.3468923270702362, 0.3356884717941284, 0.2786189615726471, 0.25208455324172974, 0.2773142158985138, 0.3431589603424072, 0.37721624970436096, 0.2736891508102417], epochs needed: 30
count_changes: 2 / 5

Generation 7
Mean loss in evaluation epoch: [0.45493337512016296, 0.015982676297426224, 0.3382394015789032, 0.5200337767601013, 0.4526185989379883, 0.3585711717605591, 0.395201176404953, 0.34475061297416687, 0.4501780569553375, 0.36582228541374207, 0.38484987616539, 0.3203775882720947, 0.34137067198753357, 0.24453115463256836, 0.268157958984375, 0.24136118590831757, 0.26696568727493286, 0.3389153480529785, 0.37213048338890076, 0.26352205872535706], epochs needed: 30
------------------------- TRACKING ---------------------------
Matrix Hash: 29d35f0afe8a8de0, num_times_seen_before: 0
ACC: 0.9947368421052631
TPR/FPR: 1.0, 0.006493506493506494
Loss: [0.45493337512016296, 0.015982676297426224, 0.3382394015789032, 0.5200337767601013, 0.4526185989379883, 0.3585711717605591, 0.395201176404953, 0.34475061297416687, 0.4501780569553375, 0.36582228541374207, 0.38484987616539, 0.3203775882720947, 0.34137067198753357, 0.24453115463256836, 0.268157958984375, 0.24136118590831757, 0.26696568727493286, 0.3389153480529785, 0.37213048338890076, 0.26352205872535706]
Timestamp: 21.912416059999998
---------------------------------------------------------------
[tensor([3, 4]), tensor([3, 7]), tensor([3, 8]), tensor([ 3, 11]), tensor([ 3, 12]), tensor([ 3, 18]), tensor([4, 5]), tensor([4, 9]), tensor([10, 17])]
Mean loss in evaluation epoch: [0.45340943336486816, 0.07384040206670761, 0.3454187214374542, 0.5634409785270691, 0.510483980178833, 0.41227078437805176, 0.3954371511936188, 0.4494893550872803, 0.47805243730545044, 0.42210379242897034, 0.3666713833808899, 0.4693427085876465, 0.4411323666572571, 0.26506006717681885, 0.28762102127075195, 0.261581152677536, 0.286455363035202, 0.2703913152217865, 0.49770721793174744, 0.28237244486808777], epochs needed: 30
count_changes: 1 / 9

Generation 8
Mean loss in evaluation epoch: [0.4590679109096527, 0.011414208449423313, 0.34216782450675964, 0.5288817286491394, 0.45520076155662537, 0.359103798866272, 0.3987199366092682, 0.3478367030620575, 0.45209890604019165, 0.3682749569416046, 0.36892491579055786, 0.32454439997673035, 0.34127601981163025, 0.24410776793956757, 0.2680422365665436, 0.24150638282299042, 0.26606494188308716, 0.24937625229358673, 0.3740726709365845, 0.26228272914886475], epochs needed: 30
------------------------- TRACKING ---------------------------
Matrix Hash: 27a06185e85d7864, num_times_seen_before: 0
ACC: 1.0
TPR/FPR: 1.0, 0.0
Loss: [0.4590679109096527, 0.011414208449423313, 0.34216782450675964, 0.5288817286491394, 0.45520076155662537, 0.359103798866272, 0.3987199366092682, 0.3478367030620575, 0.45209890604019165, 0.3682749569416046, 0.36892491579055786, 0.32454439997673035, 0.34127601981163025, 0.24410776793956757, 0.2680422365665436, 0.24150638282299042, 0.26606494188308716, 0.24937625229358673, 0.3740726709365845, 0.26228272914886475]
Timestamp: 25.24784435699999
---------------------------------------------------------------
[tensor([2, 3]), tensor([3, 5]), tensor([3, 8]), tensor([ 3, 10]), tensor([ 3, 11]), tensor([ 3, 12]), tensor([ 3, 17]), tensor([ 3, 18]), tensor([6, 8]), tensor([ 7, 12]), tensor([ 9, 12]), tensor([11, 17])]
Mean loss in evaluation epoch: [0.4582274854183197, 0.10757658630609512, 0.4531129002571106, 0.5743785500526428, 0.45242181420326233, 0.4668966829776764, 0.4180481433868408, 0.4010574519634247, 0.5004773139953613, 0.41614505648612976, 0.43289023637771606, 0.5626164078712463, 0.5070471167564392, 0.27380484342575073, 0.2961845099925995, 0.2671716809272766, 0.2929210960865021, 0.6619393229484558, 0.4870881736278534, 0.2884828746318817], epochs needed: 30
count_changes: 0 / 12

Generation 9
Mean loss in evaluation epoch: [0.4583835303783417, 0.0142905805259943, 0.3419418931007385, 0.5491253733634949, 0.4534878432750702, 0.3601745069026947, 0.3972580134868622, 0.3479505777359009, 0.45094308257102966, 0.36899933218955994, 0.36866146326065063, 0.3238046169281006, 0.3424283266067505, 0.24389004707336426, 0.2678101658821106, 0.24134448170661926, 0.2660062909126282, 0.24928998947143555, 0.3742952048778534, 0.26232147216796875], epochs needed: 30
------------------------- TRACKING ---------------------------
Matrix Hash: 27a06185e85d7864, num_times_seen_before: 1
ACC: 1.0
TPR/FPR: 1.0, 0.0
Loss: [0.4583835303783417, 0.0142905805259943, 0.3419418931007385, 0.5491253733634949, 0.4534878432750702, 0.3601745069026947, 0.3972580134868622, 0.3479505777359009, 0.45094308257102966, 0.36899933218955994, 0.36866146326065063, 0.3238046169281006, 0.3424283266067505, 0.24389004707336426, 0.2678101658821106, 0.24134448170661926, 0.2660062909126282, 0.24928998947143555, 0.3742952048778534, 0.26232147216796875]
Timestamp: 28.254236564999985
---------------------------------------------------------------
[tensor([2, 3]), tensor([2, 4]), tensor([3, 8]), tensor([3, 9]), tensor([ 3, 12]), tensor([ 3, 17]), tensor([ 3, 18]), tensor([6, 8]), tensor([ 6, 17])]
Mean loss in evaluation epoch: [0.4575173854827881, 0.08666020631790161, 0.5013874173164368, 0.5266520380973816, 0.46521663665771484, 0.37422609329223633, 0.4310113489627838, 0.3615906238555908, 0.4937164783477783, 0.4870959222316742, 0.37429022789001465, 0.3382696509361267, 0.42744502425193787, 0.2790171802043915, 0.301136314868927, 0.2749030292034149, 0.29888683557510376, 0.5483863949775696, 0.47826629877090454, 0.293864369392395], epochs needed: 30
count_changes: 0 / 9

Generation 10
Mean loss in evaluation epoch: [0.45524826645851135, 0.014643028378486633, 0.33964821696281433, 0.5118315815925598, 0.4524688422679901, 0.3601623475551605, 0.3957466185092926, 0.3455389440059662, 0.4508281648159027, 0.3695748746395111, 0.36825472116470337, 0.3208795487880707, 0.34316667914390564, 0.24486187100410461, 0.26863566040992737, 0.24166734516620636, 0.2667418122291565, 0.2509976029396057, 0.37356066703796387, 0.263243705034256], epochs needed: 30
------------------------- TRACKING ---------------------------
Matrix Hash: 27a06185e85d7864, num_times_seen_before: 2
ACC: 1.0
TPR/FPR: 1.0, 0.0
Loss: [0.45524826645851135, 0.014643028378486633, 0.33964821696281433, 0.5118315815925598, 0.4524688422679901, 0.3601623475551605, 0.3957466185092926, 0.3455389440059662, 0.4508281648159027, 0.3695748746395111, 0.36825472116470337, 0.3208795487880707, 0.34316667914390564, 0.24486187100410461, 0.26863566040992737, 0.24166734516620636, 0.2667418122291565, 0.2509976029396057, 0.37356066703796387, 0.263243705034256]
Timestamp: 31.266187489000004
---------------------------------------------------------------
[tensor([2, 3]), tensor([2, 4]), tensor([ 2, 11]), tensor([3, 4]), tensor([3, 9]), tensor([ 3, 12]), tensor([ 3, 18]), tensor([ 5, 14]), tensor([6, 8]), tensor([10, 12])]
Mean loss in evaluation epoch: [0.46065565943717957, 0.033839769661426544, 0.5071806907653809, 0.5533921122550964, 0.486406534910202, 0.40760675072669983, 0.42033615708351135, 0.35313698649406433, 0.4754912555217743, 0.5208672881126404, 0.3923737704753876, 0.3775481879711151, 0.47241878509521484, 0.2606477737426758, 0.3547842502593994, 0.2557348608970642, 0.2818455696105957, 0.26541534066200256, 0.5129560828208923, 0.27780526876449585], epochs needed: 30
count_changes: 0 / 10

Generation 11
Mean loss in evaluation epoch: [0.4718717634677887, 0.013447660021483898, 0.3377675712108612, 0.5581474304199219, 0.45823803544044495, 0.3630116581916809, 0.3987245261669159, 0.3437618315219879, 0.458919495344162, 0.37292128801345825, 0.3696238100528717, 0.3173975646495819, 0.34676358103752136, 0.24583220481872559, 0.2694365680217743, 0.23985031247138977, 0.2674221396446228, 0.2530670166015625, 0.3748822808265686, 0.264392226934433], epochs needed: 30
------------------------- TRACKING ---------------------------
Matrix Hash: 27a06185e85d7864, num_times_seen_before: 3
ACC: 1.0
TPR/FPR: 1.0, 0.0
Loss: [0.4718717634677887, 0.013447660021483898, 0.3377675712108612, 0.5581474304199219, 0.45823803544044495, 0.3630116581916809, 0.3987245261669159, 0.3437618315219879, 0.458919495344162, 0.37292128801345825, 0.3696238100528717, 0.3173975646495819, 0.34676358103752136, 0.24583220481872559, 0.2694365680217743, 0.23985031247138977, 0.2674221396446228, 0.2530670166015625, 0.3748822808265686, 0.264392226934433]
Timestamp: 34.50657614799999
---------------------------------------------------------------
[tensor([0, 8]), tensor([0, 9]), tensor([2, 3]), tensor([3, 5]), tensor([3, 8]), tensor([ 3, 10]), tensor([ 3, 12]), tensor([ 3, 15]), tensor([ 3, 17]), tensor([ 3, 19]), tensor([ 4, 14]), tensor([ 6, 15]), tensor([13, 16])]
Mean loss in evaluation epoch: [0.48909521102905273, 0.1395634263753891, 0.4410439133644104, 0.5581410527229309, 0.46679192781448364, 0.45625782012939453, 0.3993515968322754, 0.35592642426490784, 0.5193381905555725, 0.4937783181667328, 0.4226093888282776, 0.33200526237487793, 0.42496877908706665, 0.3592645823955536, 0.38134464621543884, 0.5131720304489136, 0.37044477462768555, 0.5045284032821655, 0.38423672318458557, 0.3880462348461151], epochs needed: 30
count_changes: 0 / 13

Generation 12
Mean loss in evaluation epoch: [0.45534300804138184, 0.014060191810131073, 0.33547908067703247, 0.5265660285949707, 0.45183196663856506, 0.35859552025794983, 0.39261218905448914, 0.34170523285865784, 0.4516012370586395, 0.36613431572914124, 0.3620365262031555, 0.3171139359474182, 0.34174272418022156, 0.24565613269805908, 0.26913103461265564, 0.24126842617988586, 0.26767539978027344, 0.25268226861953735, 0.371525377035141, 0.26448020339012146], epochs needed: 30
------------------------- TRACKING ---------------------------
Matrix Hash: 27a06185e85d7864, num_times_seen_before: 4
ACC: 1.0
TPR/FPR: 1.0, 0.0
Loss: [0.45534300804138184, 0.014060191810131073, 0.33547908067703247, 0.5265660285949707, 0.45183196663856506, 0.35859552025794983, 0.39261218905448914, 0.34170523285865784, 0.4516012370586395, 0.36613431572914124, 0.3620365262031555, 0.3171139359474182, 0.34174272418022156, 0.24565613269805908, 0.26913103461265564, 0.24126842617988586, 0.26767539978027344, 0.25268226861953735, 0.371525377035141, 0.26448020339012146]
Timestamp: 37.833493887
---------------------------------------------------------------
[tensor([0, 4]), tensor([2, 3]), tensor([ 2, 11]), tensor([3, 4]), tensor([3, 5]), tensor([3, 6]), tensor([3, 7]), tensor([3, 9]), tensor([ 3, 11]), tensor([ 3, 12]), tensor([ 3, 15]), tensor([ 3, 18]), tensor([ 5, 10])]
Mean loss in evaluation epoch: [0.5015757083892822, 0.09577854722738266, 0.4639051854610443, 0.6489230394363403, 0.5061465501785278, 0.48347029089927673, 0.4332544505596161, 0.4304504096508026, 0.47340819239616394, 0.4869546592235565, 0.40635815262794495, 0.4807100296020508, 0.4301402270793915, 0.28920766711235046, 0.3102944493293762, 0.48204880952835083, 0.3073585629463196, 0.2920891046524048, 0.47711268067359924, 0.303141325712204], epochs needed: 30
count_changes: 0 / 13

Generation 13
Mean loss in evaluation epoch: [0.4568750858306885, 0.015035395510494709, 0.3404780626296997, 0.5451543927192688, 0.45097920298576355, 0.3610990643501282, 0.3939008414745331, 0.3462821841239929, 0.45041558146476746, 0.37110671401023865, 0.3675145208835602, 0.32129770517349243, 0.3441339135169983, 0.24490681290626526, 0.2687637507915497, 0.24099354445934296, 0.26636072993278503, 0.2510972023010254, 0.37435588240623474, 0.2628925144672394], epochs needed: 30
------------------------- TRACKING ---------------------------
Matrix Hash: 27a06185e85d7864, num_times_seen_before: 5
ACC: 1.0
TPR/FPR: 1.0, 0.0
Loss: [0.4568750858306885, 0.015035395510494709, 0.3404780626296997, 0.5451543927192688, 0.45097920298576355, 0.3610990643501282, 0.3939008414745331, 0.3462821841239929, 0.45041558146476746, 0.37110671401023865, 0.3675145208835602, 0.32129770517349243, 0.3441339135169983, 0.24490681290626526, 0.2687637507915497, 0.24099354445934296, 0.26636072993278503, 0.2510972023010254, 0.37435588240623474, 0.2628925144672394]
Timestamp: 41.58247473199998
---------------------------------------------------------------
[tensor([2, 3]), tensor([2, 7]), tensor([3, 4]), tensor([3, 9]), tensor([ 3, 12]), tensor([ 3, 15]), tensor([ 3, 17]), tensor([ 3, 18]), tensor([4, 9]), tensor([ 4, 12]), tensor([5, 7]), tensor([6, 8]), tensor([7, 9]), tensor([ 7, 12]), tensor([ 9, 12])]
Mean loss in evaluation epoch: [0.45826035737991333, 0.11475076526403427, 0.46307164430618286, 0.5657801032066345, 0.5106895565986633, 0.4180601239204407, 0.41884371638298035, 0.47892990708351135, 0.47486066818237305, 0.5645662546157837, 0.3701387941837311, 0.33491382002830505, 0.5172169804573059, 0.28105542063713074, 0.3027060627937317, 0.4693012237548828, 0.30116233229637146, 0.519318699836731, 0.4748295843601227, 0.29812607169151306], epochs needed: 30
count_changes: 0 / 15

Generation 14
Mean loss in evaluation epoch: [0.45597076416015625, 0.013431824743747711, 0.34106752276420593, 0.5100746750831604, 0.45311853289604187, 0.36054810881614685, 0.39754313230514526, 0.34695783257484436, 0.45061826705932617, 0.37008029222488403, 0.36966440081596375, 0.3223656713962555, 0.34327560663223267, 0.24453125894069672, 0.2683734893798828, 0.24125412106513977, 0.2663419246673584, 0.25020715594291687, 0.37422141432762146, 0.2628122568130493], epochs needed: 30
------------------------- TRACKING ---------------------------
Matrix Hash: 27a06185e85d7864, num_times_seen_before: 6
ACC: 1.0
TPR/FPR: 1.0, 0.0
Loss: [0.45597076416015625, 0.013431824743747711, 0.34106752276420593, 0.5100746750831604, 0.45311853289604187, 0.36054810881614685, 0.39754313230514526, 0.34695783257484436, 0.45061826705932617, 0.37008029222488403, 0.36966440081596375, 0.3223656713962555, 0.34327560663223267, 0.24453125894069672, 0.2683734893798828, 0.24125412106513977, 0.2663419246673584, 0.25020715594291687, 0.37422141432762146, 0.2628122568130493]
Timestamp: 44.881958956000005
---------------------------------------------------------------
[tensor([2, 3]), tensor([2, 4]), tensor([ 2, 16]), tensor([3, 5]), tensor([3, 8]), tensor([ 3, 12]), tensor([ 3, 18]), tensor([ 7, 10]), tensor([11, 17])]
Mean loss in evaluation epoch: [0.4562147259712219, 0.0896136462688446, 0.5289334654808044, 0.5413081645965576, 0.4622541069984436, 0.46908092498779297, 0.39474424719810486, 0.39200010895729065, 0.47870150208473206, 0.37836870551109314, 0.3908264636993408, 0.42169371247291565, 0.4346643388271332, 0.27147871255874634, 0.2935772240161896, 0.2648847997188568, 0.3653850555419922, 0.46687451004981995, 0.4931253492832184, 0.28632912039756775], epochs needed: 30
count_changes: 0 / 9

Generation 15
Mean loss in evaluation epoch: [0.4603729844093323, 0.017366215586662292, 0.3387000262737274, 0.5347612500190735, 0.4523766040802002, 0.36062702536582947, 0.3946656584739685, 0.34443697333335876, 0.4526350200176239, 0.37073037028312683, 0.3674938380718231, 0.3192547857761383, 0.34398189187049866, 0.24497726559638977, 0.2687939703464508, 0.24110360443592072, 0.26648029685020447, 0.2508619725704193, 0.37363532185554504, 0.26296597719192505], epochs needed: 30
------------------------- TRACKING ---------------------------
Matrix Hash: 27a06185e85d7864, num_times_seen_before: 7
ACC: 1.0
TPR/FPR: 1.0, 0.0
Loss: [0.4603729844093323, 0.017366215586662292, 0.3387000262737274, 0.5347612500190735, 0.4523766040802002, 0.36062702536582947, 0.3946656584739685, 0.34443697333335876, 0.4526350200176239, 0.37073037028312683, 0.3674938380718231, 0.3192547857761383, 0.34398189187049866, 0.24497726559638977, 0.2687939703464508, 0.24110360443592072, 0.26648029685020447, 0.2508619725704193, 0.37363532185554504, 0.26296597719192505]
Timestamp: 48.943859669000005
---------------------------------------------------------------
[tensor([2, 3]), tensor([2, 7]), tensor([3, 4]), tensor([3, 8]), tensor([ 3, 11]), tensor([ 3, 12]), tensor([ 3, 15]), tensor([ 3, 17]), tensor([ 3, 18]), tensor([4, 5]), tensor([ 7, 12])]
Mean loss in evaluation epoch: [0.45661741495132446, 0.1251758486032486, 0.4677204191684723, 0.5830641388893127, 0.5038188099861145, 0.4145706295967102, 0.3948378562927246, 0.4302774965763092, 0.48017510771751404, 0.3803864121437073, 0.36727389693260193, 0.4442732334136963, 0.4719722270965576, 0.2799457311630249, 0.30179867148399353, 0.4636460244655609, 0.3001832962036133, 0.5114140510559082, 0.47557947039604187, 0.2969653308391571], epochs needed: 30
count_changes: 0 / 11

Generation 16
Mean loss in evaluation epoch: [0.4565370976924896, 0.010849096812307835, 0.33729130029678345, 0.5199959874153137, 0.45266491174697876, 0.3587568700313568, 0.39400574564933777, 0.34324464201927185, 0.4516855776309967, 0.36798033118247986, 0.36670640110969543, 0.31858953833580017, 0.3422600328922272, 0.24393676221370697, 0.2675796151161194, 0.23992745578289032, 0.26604992151260376, 0.25028908252716064, 0.3721764087677002, 0.2626616060733795], epochs needed: 30
------------------------- TRACKING ---------------------------
Matrix Hash: 27a06185e85d7864, num_times_seen_before: 8
ACC: 1.0
TPR/FPR: 1.0, 0.0
Loss: [0.4565370976924896, 0.010849096812307835, 0.33729130029678345, 0.5199959874153137, 0.45266491174697876, 0.3587568700313568, 0.39400574564933777, 0.34324464201927185, 0.4516855776309967, 0.36798033118247986, 0.36670640110969543, 0.31858953833580017, 0.3422600328922272, 0.24393676221370697, 0.2675796151161194, 0.23992745578289032, 0.26604992151260376, 0.25028908252716064, 0.3721764087677002, 0.2626616060733795]
Timestamp: 52.91292430299998
---------------------------------------------------------------
[tensor([0, 4]), tensor([2, 3]), tensor([2, 4]), tensor([3, 4]), tensor([3, 6]), tensor([3, 8]), tensor([3, 9]), tensor([ 3, 10]), tensor([ 3, 12]), tensor([ 3, 15]), tensor([ 3, 18]), tensor([4, 5]), tensor([4, 9]), tensor([ 5, 14]), tensor([ 6, 10]), tensor([7, 9]), tensor([ 7, 10]), tensor([ 7, 11]), tensor([ 7, 15]), tensor([ 8, 17]), tensor([11, 17])]
Mean loss in evaluation epoch: [0.4765327572822571, 0.059162985533475876, 0.4869191348552704, 0.5430570840835571, 0.5344348549842834, 0.44153496623039246, 0.4361916184425354, 0.47190579771995544, 0.49394741654396057, 0.5311607718467712, 0.4544394612312317, 0.4383077621459961, 0.4251631200313568, 0.28307417035102844, 0.368235319852829, 0.5299426317214966, 0.3019743263721466, 0.5181746482849121, 0.47640830278396606, 0.29661470651626587], epochs needed: 30
count_changes: 0 / 21

Generation 17
Mean loss in evaluation epoch: [0.45612087845802307, 0.007692127954214811, 0.3376578092575073, 0.5278264284133911, 0.4512648582458496, 0.3583877682685852, 0.3937108814716339, 0.3436543643474579, 0.4499831199645996, 0.3671497702598572, 0.3648490905761719, 0.3192153573036194, 0.341449499130249, 0.24338507652282715, 0.26705247163772583, 0.23958702385425568, 0.2656267583370209, 0.24959121644496918, 0.3719736933708191, 0.2621660530567169], epochs needed: 30
------------------------- TRACKING ---------------------------
Matrix Hash: 27a06185e85d7864, num_times_seen_before: 9
ACC: 1.0
TPR/FPR: 1.0, 0.0
Loss: [0.45612087845802307, 0.007692127954214811, 0.3376578092575073, 0.5278264284133911, 0.4512648582458496, 0.3583877682685852, 0.3937108814716339, 0.3436543643474579, 0.4499831199645996, 0.3671497702598572, 0.3648490905761719, 0.3192153573036194, 0.341449499130249, 0.24338507652282715, 0.26705247163772583, 0.23958702385425568, 0.2656267583370209, 0.24959121644496918, 0.3719736933708191, 0.2621660530567169]
Timestamp: 56.70085139599999
---------------------------------------------------------------
[tensor([0, 4]), tensor([0, 8]), tensor([2, 3]), tensor([2, 6]), tensor([2, 7]), tensor([3, 8]), tensor([ 3, 12]), tensor([ 3, 15]), tensor([ 3, 17]), tensor([ 3, 18]), tensor([4, 9]), tensor([ 4, 18]), tensor([ 4, 19]), tensor([ 6, 17]), tensor([ 7, 12]), tensor([11, 17]), tensor([13, 16]), tensor([17, 19])]
Mean loss in evaluation epoch: [0.4957827031612396, 0.12895213067531586, 0.4711271822452545, 0.5382065773010254, 0.5145784616470337, 0.38138657808303833, 0.42444029450416565, 0.4332869052886963, 0.5161540508270264, 0.43443161249160767, 0.374182790517807, 0.4111325442790985, 0.46675682067871094, 0.37065327167510986, 0.31919053196907043, 0.4595703184604645, 0.38037481904029846, 0.7704746127128601, 0.5069965720176697, 0.4175132215023041], epochs needed: 30
count_changes: 0 / 18

Generation 18
Mean loss in evaluation epoch: [0.4730515480041504, 0.01785648800432682, 0.3399171531200409, 0.5842599272727966, 0.45805150270462036, 0.364914208650589, 0.3986940085887909, 0.3457741439342499, 0.45984482765197754, 0.3756881356239319, 0.3708551824092865, 0.3190586268901825, 0.3486374318599701, 0.24603138864040375, 0.26989126205444336, 0.240581676363945, 0.26708120107650757, 0.25283142924308777, 0.3766818344593048, 0.2640651762485504], epochs needed: 30
------------------------- TRACKING ---------------------------
Matrix Hash: 27a06185e85d7864, num_times_seen_before: 10
ACC: 1.0
TPR/FPR: 1.0, 0.0
Loss: [0.4730515480041504, 0.01785648800432682, 0.3399171531200409, 0.5842599272727966, 0.45805150270462036, 0.364914208650589, 0.3986940085887909, 0.3457741439342499, 0.45984482765197754, 0.3756881356239319, 0.3708551824092865, 0.3190586268901825, 0.3486374318599701, 0.24603138864040375, 0.26989126205444336, 0.240581676363945, 0.26708120107650757, 0.25283142924308777, 0.3766818344593048, 0.2640651762485504]
Timestamp: 59.74512725700001
---------------------------------------------------------------
[tensor([2, 3]), tensor([3, 5]), tensor([3, 7]), tensor([3, 9]), tensor([ 3, 11]), tensor([ 3, 12]), tensor([ 3, 15]), tensor([ 3, 18]), tensor([ 7, 11])]
Mean loss in evaluation epoch: [0.45858508348464966, 0.09411226958036423, 0.44840240478515625, 0.6127289533615112, 0.45289346575737, 0.460560142993927, 0.39704322814941406, 0.46739670634269714, 0.45418214797973633, 0.48938512802124023, 0.3697686791419983, 0.4743022620677948, 0.42852863669395447, 0.2780397832393646, 0.3002825379371643, 0.48270368576049805, 0.29743900895118713, 0.28155022859573364, 0.48058366775512695, 0.2932373583316803], epochs needed: 30
count_changes: 0 / 9

Generation 19
Mean loss in evaluation epoch: [0.45621296763420105, 0.010931325145065784, 0.33697500824928284, 0.5136452317237854, 0.45134687423706055, 0.3563944399356842, 0.3942835032939911, 0.34259676933288574, 0.45214319229125977, 0.36520662903785706, 0.3637115955352783, 0.31933799386024475, 0.33943137526512146, 0.2439848929643631, 0.2678719758987427, 0.24142292141914368, 0.26617464423179626, 0.24943092465400696, 0.37108275294303894, 0.26249438524246216], epochs needed: 30
------------------------- TRACKING ---------------------------
Matrix Hash: 27a06185e85d7864, num_times_seen_before: 11
ACC: 1.0
TPR/FPR: 1.0, 0.0
Loss: [0.45621296763420105, 0.010931325145065784, 0.33697500824928284, 0.5136452317237854, 0.45134687423706055, 0.3563944399356842, 0.3942835032939911, 0.34259676933288574, 0.45214319229125977, 0.36520662903785706, 0.3637115955352783, 0.31933799386024475, 0.33943137526512146, 0.2439848929643631, 0.2678719758987427, 0.24142292141914368, 0.26617464423179626, 0.24943092465400696, 0.37108275294303894, 0.26249438524246216]
Timestamp: 63.22913664999999
---------------------------------------------------------------
[tensor([0, 8]), tensor([2, 3]), tensor([2, 6]), tensor([ 2, 11]), tensor([3, 4]), tensor([3, 5]), tensor([3, 6]), tensor([3, 8]), tensor([3, 9]), tensor([ 3, 10]), tensor([ 3, 12]), tensor([ 3, 15]), tensor([ 3, 19]), tensor([ 4, 14]), tensor([ 4, 17]), tensor([ 4, 19]), tensor([ 5, 12]), tensor([ 5, 14]), tensor([ 5, 15]), tensor([6, 8]), tensor([ 6, 10]), tensor([ 6, 15]), tensor([7, 9]), tensor([ 7, 12]), tensor([ 8, 15]), tensor([11, 16]), tensor([13, 14])]
Mean loss in evaluation epoch: [0.4715118408203125, 0.05882517248392105, 0.4653380513191223, 0.5527797341346741, 0.4941689968109131, 0.4872702658176422, 0.44496020674705505, 0.44363757967948914, 0.520807683467865, 0.5046429634094238, 0.4380667209625244, 0.4206489622592926, 0.4899007976055145, 0.35723790526390076, 0.43300729990005493, 0.5222596526145935, 0.38577497005462646, 0.37418219447135925, 0.39459216594696045, 0.43645715713500977], epochs needed: 30
count_changes: 0 / 27

Generation 20
Mean loss in evaluation epoch: [0.45897403359413147, 0.012923317961394787, 0.33758267760276794, 0.5580775141716003, 0.4498080313205719, 0.3570210635662079, 0.39257410168647766, 0.34261971712112427, 0.4521356523036957, 0.3681015968322754, 0.36267173290252686, 0.31916412711143494, 0.34064555168151855, 0.24408307671546936, 0.26797008514404297, 0.24154844880104065, 0.26632803678512573, 0.24957633018493652, 0.3717491626739502, 0.26261892914772034], epochs needed: 30
------------------------- TRACKING ---------------------------
Matrix Hash: 27a06185e85d7864, num_times_seen_before: 12
ACC: 1.0
TPR/FPR: 1.0, 0.0
Loss: [0.45897403359413147, 0.012923317961394787, 0.33758267760276794, 0.5580775141716003, 0.4498080313205719, 0.3570210635662079, 0.39257410168647766, 0.34261971712112427, 0.4521356523036957, 0.3681015968322754, 0.36267173290252686, 0.31916412711143494, 0.34064555168151855, 0.24408307671546936, 0.26797008514404297, 0.24154844880104065, 0.26632803678512573, 0.24957633018493652, 0.3717491626739502, 0.26261892914772034]
Timestamp: 66.55266237999999
---------------------------------------------------------------
[tensor([0, 4]), tensor([2, 3]), tensor([ 2, 16]), tensor([ 2, 18]), tensor([3, 4]), tensor([3, 5]), tensor([3, 8]), tensor([3, 9]), tensor([ 3, 12]), tensor([ 3, 15]), tensor([ 3, 17]), tensor([ 3, 18]), tensor([ 4, 14]), tensor([6, 8]), tensor([ 6, 15]), tensor([ 7, 10]), tensor([ 7, 12]), tensor([ 7, 15]), tensor([ 9, 12]), tensor([11, 16]), tensor([13, 16])]
Mean loss in evaluation epoch: [0.47874242067337036, 0.11663549393415451, 0.4803329408168793, 0.5727552771568298, 0.4988889694213867, 0.45437008142471313, 0.4167242646217346, 0.4462364614009857, 0.4990246891975403, 0.5207318663597107, 0.3930231034755707, 0.38109108805656433, 0.4873192012310028, 0.3605688810348511, 0.3847653865814209, 0.5257330536842346, 0.4351636469364166, 0.5175604224205017, 0.5167883634567261, 0.3026371896266937], epochs needed: 30
count_changes: 0 / 21

Generation 21
Mean loss in evaluation epoch: [0.4549776613712311, 0.01273952703922987, 0.3397147059440613, 0.5463969707489014, 0.45210686326026917, 0.35927286744117737, 0.39501866698265076, 0.34603556990623474, 0.4513362944126129, 0.3672500550746918, 0.3669358193874359, 0.3216342031955719, 0.3418644070625305, 0.24393872916698456, 0.2677101492881775, 0.24078145623207092, 0.26611119508743286, 0.24973033368587494, 0.3729766011238098, 0.26260825991630554], epochs needed: 30
------------------------- TRACKING ---------------------------
Matrix Hash: 27a06185e85d7864, num_times_seen_before: 13
ACC: 1.0
TPR/FPR: 1.0, 0.0
Loss: [0.4549776613712311, 0.01273952703922987, 0.3397147059440613, 0.5463969707489014, 0.45210686326026917, 0.35927286744117737, 0.39501866698265076, 0.34603556990623474, 0.4513362944126129, 0.3672500550746918, 0.3669358193874359, 0.3216342031955719, 0.3418644070625305, 0.24393872916698456, 0.2677101492881775, 0.24078145623207092, 0.26611119508743286, 0.24973033368587494, 0.3729766011238098, 0.26260825991630554]
Timestamp: 69.569525589
---------------------------------------------------------------
[tensor([ 0, 16]), tensor([2, 7]), tensor([ 2, 11]), tensor([3, 4]), tensor([3, 8]), tensor([ 3, 10]), tensor([ 3, 17]), tensor([4, 5]), tensor([4, 9]), tensor([ 5, 12]), tensor([6, 8]), tensor([ 6, 15]), tensor([ 7, 15])]
Mean loss in evaluation epoch: [0.46100011467933655, 0.0807405635714531, 0.4120302200317383, 0.5465893149375916, 0.5213220715522766, 0.43020978569984436, 0.41397109627723694, 0.42791539430618286, 0.496255487203598, 0.41877755522727966, 0.45335322618484497, 0.3712781071662903, 0.3952797055244446, 0.2590339779853821, 0.2821279764175415, 0.38401779532432556, 0.3768102824687958, 0.5566959381103516, 0.37446239590644836, 0.27698561549186707], epochs needed: 30
count_changes: 0 / 13

Generation 22
Mean loss in evaluation epoch: [0.45627352595329285, 0.009086010046303272, 0.334452360868454, 0.5250733494758606, 0.4520135819911957, 0.35864683985710144, 0.3925498127937317, 0.3401729166507721, 0.4532199800014496, 0.3677734136581421, 0.3616105020046234, 0.31545114517211914, 0.34245285391807556, 0.24440132081508636, 0.2679939270019531, 0.24006371200084686, 0.2664540410041809, 0.2510325014591217, 0.3717060089111328, 0.26313257217407227], epochs needed: 30
------------------------- TRACKING ---------------------------
Matrix Hash: 27a06185e85d7864, num_times_seen_before: 14
ACC: 1.0
TPR/FPR: 1.0, 0.0
Loss: [0.45627352595329285, 0.009086010046303272, 0.334452360868454, 0.5250733494758606, 0.4520135819911957, 0.35864683985710144, 0.3925498127937317, 0.3401729166507721, 0.4532199800014496, 0.3677734136581421, 0.3616105020046234, 0.31545114517211914, 0.34245285391807556, 0.24440132081508636, 0.2679939270019531, 0.24006371200084686, 0.2664540410041809, 0.2510325014591217, 0.3717060089111328, 0.26313257217407227]
Timestamp: 72.638930861
---------------------------------------------------------------
[tensor([0, 5]), tensor([0, 8]), tensor([2, 3]), tensor([2, 4]), tensor([ 2, 16]), tensor([3, 7]), tensor([3, 8]), tensor([ 3, 15]), tensor([ 3, 16]), tensor([ 3, 19]), tensor([4, 5]), tensor([ 4, 17]), tensor([ 5, 10]), tensor([ 5, 14]), tensor([7, 9]), tensor([ 7, 11]), tensor([ 8, 15]), tensor([ 8, 17]), tensor([10, 13]), tensor([11, 16]), tensor([16, 19])]
Mean loss in evaluation epoch: [0.4830958843231201, 0.049005959182977676, 0.5160468220710754, 0.524154007434845, 0.485281765460968, 0.5076071619987488, 0.3965151607990265, 0.492237389087677, 0.5427751541137695, 0.41812625527381897, 0.41577884554862976, 0.397407591342926, 0.35086461901664734, 0.3493919372558594, 0.3518557846546173, 0.5603506565093994, 0.4506986141204834, 0.4061448276042938, 0.38057923316955566, 0.429112046957016], epochs needed: 30
count_changes: 0 / 21

Generation 23
Mean loss in evaluation epoch: [0.4564996361732483, 0.010153389535844326, 0.33727675676345825, 0.5242175459861755, 0.4511653482913971, 0.359041303396225, 0.39351558685302734, 0.3434194326400757, 0.45059680938720703, 0.36762961745262146, 0.3657519519329071, 0.3185383975505829, 0.34221363067626953, 0.24369755387306213, 0.26735177636146545, 0.239937886595726, 0.2659159302711487, 0.24980242550373077, 0.37216222286224365, 0.2624739110469818], epochs needed: 30
------------------------- TRACKING ---------------------------
Matrix Hash: 27a06185e85d7864, num_times_seen_before: 15
ACC: 1.0
TPR/FPR: 1.0, 0.0
Loss: [0.4564996361732483, 0.010153389535844326, 0.33727675676345825, 0.5242175459861755, 0.4511653482913971, 0.359041303396225, 0.39351558685302734, 0.3434194326400757, 0.45059680938720703, 0.36762961745262146, 0.3657519519329071, 0.3185383975505829, 0.34221363067626953, 0.24369755387306213, 0.26735177636146545, 0.239937886595726, 0.2659159302711487, 0.24980242550373077, 0.37216222286224365, 0.2624739110469818]
Timestamp: 76.16801332899999
---------------------------------------------------------------
[tensor([ 2, 11]), tensor([3, 4]), tensor([3, 8]), tensor([ 3, 19]), tensor([4, 9]), tensor([6, 8]), tensor([ 8, 17]), tensor([ 8, 18]), tensor([11, 17])]
Mean loss in evaluation epoch: [0.45573630928993225, 0.042447496205568314, 0.38405415415763855, 0.504494309425354, 0.5013769865036011, 0.35983285307884216, 0.42136263847351074, 0.34531399607658386, 0.5276283621788025, 0.42286214232444763, 0.36274972558021545, 0.45060935616493225, 0.3447903096675873, 0.2595241069793701, 0.2826864719390869, 0.254602313041687, 0.27973005175590515, 0.5691900253295898, 0.4964202046394348, 0.37503576278686523], epochs needed: 30
count_changes: 0 / 9

Generation 24
Mean loss in evaluation epoch: [0.46901923418045044, 0.01081475056707859, 0.34140950441360474, 0.5326114296913147, 0.4607316553592682, 0.3585394322872162, 0.4049626886844635, 0.3476232886314392, 0.4555486738681793, 0.36630916595458984, 0.372490257024765, 0.32431769371032715, 0.3409897983074188, 0.24468974769115448, 0.268655389547348, 0.24355588853359222, 0.26774224638938904, 0.24970507621765137, 0.373486191034317, 0.2638855576515198], epochs needed: 30
------------------------- TRACKING ---------------------------
Matrix Hash: 27a06185e85d7864, num_times_seen_before: 16
ACC: 1.0
TPR/FPR: 1.0, 0.0
Loss: [0.46901923418045044, 0.01081475056707859, 0.34140950441360474, 0.5326114296913147, 0.4607316553592682, 0.3585394322872162, 0.4049626886844635, 0.3476232886314392, 0.4555486738681793, 0.36630916595458984, 0.372490257024765, 0.32431769371032715, 0.3409897983074188, 0.24468974769115448, 0.268655389547348, 0.24355588853359222, 0.26774224638938904, 0.24970507621765137, 0.373486191034317, 0.2638855576515198]
Timestamp: 79.718361956
---------------------------------------------------------------
[tensor([0, 5]), tensor([0, 8]), tensor([0, 9]), tensor([2, 3]), tensor([3, 4]), tensor([3, 5]), tensor([3, 8]), tensor([3, 9]), tensor([ 3, 12]), tensor([ 3, 15]), tensor([ 3, 18]), tensor([4, 5]), tensor([ 5, 14]), tensor([11, 17])]
Mean loss in evaluation epoch: [0.4983537793159485, 0.14473098516464233, 0.43955621123313904, 0.5812828540802002, 0.5032909512519836, 0.5688573718070984, 0.39917120337486267, 0.36276277899742126, 0.5122271776199341, 0.6150781512260437, 0.37174293398857117, 0.41663190722465515, 0.42297935485839844, 0.29027554392814636, 0.36566072702407837, 0.4546612799167633, 0.30929994583129883, 0.4389345347881317, 0.47048741579055786, 0.30307063460350037], epochs needed: 30
count_changes: 0 / 14

Generation 25
Mean loss in evaluation epoch: [0.4677561819553375, 0.01316825207322836, 0.3380664885044098, 0.5257076621055603, 0.4580841660499573, 0.3621515929698944, 0.4001642167568207, 0.3439396321773529, 0.4559710919857025, 0.3721041679382324, 0.37048235535621643, 0.31796351075172424, 0.34563690423965454, 0.2449822872877121, 0.26877450942993164, 0.24012751877307892, 0.2663286626338959, 0.25150707364082336, 0.37434259057044983, 0.26306411623954773], epochs needed: 30
------------------------- TRACKING ---------------------------
Matrix Hash: 27a06185e85d7864, num_times_seen_before: 17
ACC: 1.0
TPR/FPR: 1.0, 0.0
Loss: [0.4677561819553375, 0.01316825207322836, 0.3380664885044098, 0.5257076621055603, 0.4580841660499573, 0.3621515929698944, 0.4001642167568207, 0.3439396321773529, 0.4559710919857025, 0.3721041679382324, 0.37048235535621643, 0.31796351075172424, 0.34563690423965454, 0.2449822872877121, 0.26877450942993164, 0.24012751877307892, 0.2663286626338959, 0.25150707364082336, 0.37434259057044983, 0.26306411623954773]
Timestamp: 83.62012323599998
---------------------------------------------------------------
[tensor([0, 4]), tensor([2, 3]), tensor([3, 4]), tensor([3, 5]), tensor([3, 9]), tensor([ 3, 11]), tensor([ 3, 18]), tensor([ 5, 14]), tensor([13, 16])]
Mean loss in evaluation epoch: [0.49313268065452576, 0.09774059057235718, 0.4575901925563812, 0.5945762991905212, 0.516444742679596, 0.4796827435493469, 0.3951401710510254, 0.35386037826538086, 0.4539278447628021, 0.49674007296562195, 0.36592233180999756, 0.45669230818748474, 0.3510622978210449, 0.35655054450035095, 0.3576471507549286, 0.26916471123695374, 0.3679993748664856, 0.27758345007896423, 0.48693037033081055, 0.2882733941078186], epochs needed: 30
count_changes: 0 / 9

Generation 26
Mean loss in evaluation epoch: [0.46003609895706177, 0.0158194899559021, 0.34177666902542114, 0.5579264760017395, 0.4550473392009735, 0.3591328263282776, 0.3985988199710846, 0.3473980724811554, 0.4540892541408539, 0.36832669377326965, 0.3671727776527405, 0.3240228295326233, 0.34128719568252563, 0.24476762115955353, 0.2687365412712097, 0.24205730855464935, 0.26651617884635925, 0.25027674436569214, 0.3739177882671356, 0.26279935240745544], epochs needed: 30
------------------------- TRACKING ---------------------------
Matrix Hash: 27a06185e85d7864, num_times_seen_before: 18
ACC: 1.0
TPR/FPR: 1.0, 0.0
Loss: [0.46003609895706177, 0.0158194899559021, 0.34177666902542114, 0.5579264760017395, 0.4550473392009735, 0.3591328263282776, 0.3985988199710846, 0.3473980724811554, 0.4540892541408539, 0.36832669377326965, 0.3671727776527405, 0.3240228295326233, 0.34128719568252563, 0.24476762115955353, 0.2687365412712097, 0.24205730855464935, 0.26651617884635925, 0.25027674436569214, 0.3739177882671356, 0.26279935240745544]
Timestamp: 86.86809101999998
---------------------------------------------------------------
[tensor([2, 3]), tensor([3, 4]), tensor([3, 8]), tensor([ 3, 12]), tensor([ 3, 19]), tensor([4, 5]), tensor([ 5, 14])]
Mean loss in evaluation epoch: [0.4567427337169647, 0.05100595951080322, 0.47636327147483826, 0.5172238945960999, 0.5158366560935974, 0.4378914535045624, 0.39647385478019714, 0.3496986925601959, 0.4772152900695801, 0.3751026391983032, 0.36815810203552246, 0.3241524398326874, 0.4484834372997284, 0.2611778676509857, 0.35284891724586487, 0.25626760721206665, 0.28241679072380066, 0.26539912819862366, 0.3787343204021454, 0.38458237051963806], epochs needed: 30
count_changes: 1 / 7

Generation 27
Mean loss in evaluation epoch: [0.4547758996486664, 0.006892161909490824, 0.3393724858760834, 0.545362114906311, 0.4519462585449219, 0.3607897460460663, 0.39452266693115234, 0.34577590227127075, 0.47730371356010437, 0.3691188097000122, 0.3669256865978241, 0.32044097781181335, 0.34358975291252136, 0.2433968037366867, 0.2671234905719757, 0.2396123707294464, 0.26550617814064026, 0.24964652955532074, 0.37357741594314575, 0.2621678411960602], epochs needed: 30
------------------------- TRACKING ---------------------------
Matrix Hash: dbf89cb811746f02, num_times_seen_before: 0
ACC: 0.9947368421052631
TPR/FPR: 1.0, 0.006493506493506494
Loss: [0.4547758996486664, 0.006892161909490824, 0.3393724858760834, 0.545362114906311, 0.4519462585449219, 0.3607897460460663, 0.39452266693115234, 0.34577590227127075, 0.47730371356010437, 0.3691188097000122, 0.3669256865978241, 0.32044097781181335, 0.34358975291252136, 0.2433968037366867, 0.2671234905719757, 0.2396123707294464, 0.26550617814064026, 0.24964652955532074, 0.37357741594314575, 0.2621678411960602]
Timestamp: 90.008336872
---------------------------------------------------------------
[tensor([0, 5]), tensor([0, 8]), tensor([0, 9]), tensor([ 0, 10]), tensor([ 0, 16]), tensor([ 0, 18]), tensor([1, 3]), tensor([2, 7]), tensor([ 2, 18]), tensor([3, 6]), tensor([3, 8]), tensor([3, 9]), tensor([ 3, 10]), tensor([ 3, 12]), tensor([ 3, 16]), tensor([ 3, 19]), tensor([ 5, 14]), tensor([ 9, 17]), tensor([11, 16])]
Mean loss in evaluation epoch: [0.5214220881462097, 0.30824804306030273, 0.43327751755714417, 0.5384769439697266, 0.4566424489021301, 0.4765567481517792, 0.42396336793899536, 0.41163212060928345, 0.492718905210495, 0.6212437748908997, 0.4583936333656311, 0.3892400860786438, 0.42555561661720276, 0.28362640738487244, 0.35962608456611633, 0.2796383798122406, 0.4556940495967865, 0.35954830050468445, 0.47992798686027527, 0.3868219256401062], epochs needed: 30
count_changes: 0 / 19

Generation 28
Mean loss in evaluation epoch: [0.4552285373210907, 0.00542723573744297, 0.3372572958469391, 0.5024842023849487, 0.45228463411331177, 0.35693448781967163, 0.39658695459365845, 0.342633992433548, 0.47677144408226013, 0.3668878674507141, 0.3656386137008667, 0.31907978653907776, 0.3402164876461029, 0.24336576461791992, 0.2672262191772461, 0.24009357392787933, 0.26534005999565125, 0.24930229783058167, 0.3714315593242645, 0.26186704635620117], epochs needed: 30
------------------------- TRACKING ---------------------------
Matrix Hash: dbf89cb811746f02, num_times_seen_before: 1
ACC: 0.9947368421052631
TPR/FPR: 1.0, 0.006493506493506494
Loss: [0.4552285373210907, 0.00542723573744297, 0.3372572958469391, 0.5024842023849487, 0.45228463411331177, 0.35693448781967163, 0.39658695459365845, 0.342633992433548, 0.47677144408226013, 0.3668878674507141, 0.3656386137008667, 0.31907978653907776, 0.3402164876461029, 0.24336576461791992, 0.2672262191772461, 0.24009357392787933, 0.26534005999565125, 0.24930229783058167, 0.3714315593242645, 0.26186704635620117]
Timestamp: 93.161411619
---------------------------------------------------------------
[tensor([ 0, 16]), tensor([2, 3]), tensor([ 2, 16]), tensor([3, 8]), tensor([ 3, 12]), tensor([ 3, 15]), tensor([ 3, 16]), tensor([4, 5]), tensor([4, 9]), tensor([ 4, 17]), tensor([ 5, 14]), tensor([ 5, 17]), tensor([7, 9]), tensor([13, 16])]
Mean loss in evaluation epoch: [0.460558146238327, 0.08561819791793823, 0.48716264963150024, 0.528361976146698, 0.4860557019710541, 0.4493251442909241, 0.39435145258903503, 0.3949277102947235, 0.45268747210502625, 0.44133588671684265, 0.36209699511528015, 0.32353225350379944, 0.4397512972354889, 0.346670538187027, 0.3480537533760071, 0.49159345030784607, 0.45249882340431213, 0.40302005410194397, 0.37631234526634216, 0.2810961902141571], epochs needed: 30
count_changes: 0 / 14

Generation 29
Mean loss in evaluation epoch: [0.45654579997062683, 0.015453617088496685, 0.3419867753982544, 0.5421366095542908, 0.45385679602622986, 0.35851383209228516, 0.39796945452690125, 0.34710976481437683, 0.4790743291378021, 0.36918798089027405, 0.3690449297428131, 0.3242015838623047, 0.3410373628139496, 0.24406397342681885, 0.26801806688308716, 0.24188046157360077, 0.2662573456764221, 0.24943366646766663, 0.3739185035228729, 0.2626269459724426], epochs needed: 30
------------------------- TRACKING ---------------------------
Matrix Hash: dbf89cb811746f02, num_times_seen_before: 2
ACC: 0.9947368421052631
TPR/FPR: 1.0, 0.006493506493506494
Loss: [0.45654579997062683, 0.015453617088496685, 0.3419867753982544, 0.5421366095542908, 0.45385679602622986, 0.35851383209228516, 0.39796945452690125, 0.34710976481437683, 0.4790743291378021, 0.36918798089027405, 0.3690449297428131, 0.3242015838623047, 0.3410373628139496, 0.24406397342681885, 0.26801806688308716, 0.24188046157360077, 0.2662573456764221, 0.24943366646766663, 0.3739185035228729, 0.2626269459724426]
Timestamp: 96.131532491
---------------------------------------------------------------
[tensor([ 0, 16]), tensor([3, 4]), tensor([3, 7]), tensor([3, 8]), tensor([ 3, 16]), tensor([ 3, 18]), tensor([11, 17]), tensor([17, 19])]
Mean loss in evaluation epoch: [0.4700039327144623, 0.07451949268579483, 0.34481725096702576, 0.5518720746040344, 0.49213457107543945, 0.3663793206214905, 0.39629754424095154, 0.4378015995025635, 0.46060439944267273, 0.3806515634059906, 0.3664831221103668, 0.42131468653678894, 0.3526303470134735, 0.2725047767162323, 0.29477939009666443, 0.26415690779685974, 0.4240833818912506, 0.5625251531600952, 0.4959526062011719, 0.36290812492370605], epochs needed: 30
count_changes: 1 / 8

Generation 30
Mean loss in evaluation epoch: [0.45514965057373047, 0.012195589020848274, 0.34049391746520996, 0.5325729250907898, 0.4522469937801361, 0.3602537512779236, 0.3950733244419098, 0.34669896960258484, 0.4500412940979004, 0.3688003122806549, 0.36760076880455017, 0.3220999836921692, 0.34294018149375916, 0.24443216621875763, 0.2682378590106964, 0.24141156673431396, 0.2664410471916199, 0.2503278851509094, 0.37375763058662415, 0.2628604471683502], epochs needed: 30
------------------------- TRACKING ---------------------------
Matrix Hash: 27a06185e85d7864, num_times_seen_before: 19
ACC: 1.0
TPR/FPR: 1.0, 0.0
Loss: [0.45514965057373047, 0.012195589020848274, 0.34049391746520996, 0.5325729250907898, 0.4522469937801361, 0.3602537512779236, 0.3950733244419098, 0.34669896960258484, 0.4500412940979004, 0.3688003122806549, 0.36760076880455017, 0.3220999836921692, 0.34294018149375916, 0.24443216621875763, 0.2682378590106964, 0.24141156673431396, 0.2664410471916199, 0.2503278851509094, 0.37375763058662415, 0.2628604471683502]
Timestamp: 99.48704741899999
---------------------------------------------------------------
[tensor([2, 3]), tensor([3, 5]), tensor([3, 8]), tensor([ 3, 12]), tensor([ 3, 17]), tensor([ 3, 18]), tensor([4, 9]), tensor([ 4, 12]), tensor([ 4, 18]), tensor([7, 9]), tensor([ 7, 11])]
Mean loss in evaluation epoch: [0.45359206199645996, 0.10714983195066452, 0.4519966244697571, 0.5309442281723022, 0.4906490743160248, 0.46476927399635315, 0.39606061577796936, 0.43063828349113464, 0.47722774744033813, 0.44429609179496765, 0.367707222700119, 0.3751954734325409, 0.4932388961315155, 0.2743919789791107, 0.2966003119945526, 0.269782692193985, 0.2948928773403168, 0.5250334143638611, 0.5236173272132874, 0.29023799300193787], epochs needed: 30
count_changes: 0 / 11

Generation 31
Mean loss in evaluation epoch: [0.46006497740745544, 0.010018046014010906, 0.33912596106529236, 0.5669481158256531, 0.45206472277641296, 0.36159950494766235, 0.3936353325843811, 0.3454081416130066, 0.4519534111022949, 0.3705361783504486, 0.36628013849258423, 0.3196781277656555, 0.3446909785270691, 0.24411240220069885, 0.26784589886665344, 0.23968103528022766, 0.2658553123474121, 0.25047269463539124, 0.37404757738113403, 0.26254037022590637], epochs needed: 30
------------------------- TRACKING ---------------------------
Matrix Hash: 27a06185e85d7864, num_times_seen_before: 20
ACC: 1.0
TPR/FPR: 1.0, 0.0
Loss: [0.46006497740745544, 0.010018046014010906, 0.33912596106529236, 0.5669481158256531, 0.45206472277641296, 0.36159950494766235, 0.3936353325843811, 0.3454081416130066, 0.4519534111022949, 0.3705361783504486, 0.36628013849258423, 0.3196781277656555, 0.3446909785270691, 0.24411240220069885, 0.26784589886665344, 0.23968103528022766, 0.2658553123474121, 0.25047269463539124, 0.37404757738113403, 0.26254037022590637]
Timestamp: 102.718425542
---------------------------------------------------------------
[tensor([0, 8]), tensor([2, 3]), tensor([ 2, 16]), tensor([3, 4]), tensor([3, 8]), tensor([ 3, 11]), tensor([ 3, 12]), tensor([ 3, 15]), tensor([ 3, 18]), tensor([ 3, 19]), tensor([ 4, 12]), tensor([ 5, 12]), tensor([ 6, 15]), tensor([7, 9]), tensor([ 7, 10]), tensor([11, 12]), tensor([13, 16])]
Mean loss in evaluation epoch: [0.47144004702568054, 0.08705678582191467, 0.4610297381877899, 0.546360969543457, 0.5028972029685974, 0.4143453538417816, 0.4027766287326813, 0.42344433069229126, 0.5150012373924255, 0.4259016215801239, 0.39645302295684814, 0.4902154505252838, 0.5266899466514587, 0.3645874559879303, 0.30509504675865173, 0.5161796808242798, 0.41419216990470886, 0.28851377964019775, 0.4755467474460602, 0.3938552141189575], epochs needed: 30
count_changes: 0 / 17

Generation 32
Mean loss in evaluation epoch: [0.47088488936424255, 0.01071352418512106, 0.3368563652038574, 0.5429044365882874, 0.45901456475257874, 0.36252251267433167, 0.4001481533050537, 0.34258589148521423, 0.46001872420310974, 0.3729202449321747, 0.3685019612312317, 0.3165237605571747, 0.34665554761886597, 0.2466808557510376, 0.2701941728591919, 0.24028396606445312, 0.26826921105384827, 0.253999263048172, 0.37469205260276794, 0.2652626037597656], epochs needed: 30
------------------------- TRACKING ---------------------------
Matrix Hash: 27a06185e85d7864, num_times_seen_before: 21
ACC: 1.0
TPR/FPR: 1.0, 0.0
Loss: [0.47088488936424255, 0.01071352418512106, 0.3368563652038574, 0.5429044365882874, 0.45901456475257874, 0.36252251267433167, 0.4001481533050537, 0.34258589148521423, 0.46001872420310974, 0.3729202449321747, 0.3685019612312317, 0.3165237605571747, 0.34665554761886597, 0.2466808557510376, 0.2701941728591919, 0.24028396606445312, 0.26826921105384827, 0.253999263048172, 0.37469205260276794, 0.2652626037597656]
Timestamp: 106.27826181599997
---------------------------------------------------------------
[tensor([0, 4]), tensor([2, 3]), tensor([3, 4]), tensor([3, 5]), tensor([3, 8]), tensor([ 3, 10]), tensor([ 3, 11]), tensor([ 3, 12]), tensor([ 3, 15]), tensor([ 3, 19]), tensor([4, 5]), tensor([4, 6]), tensor([ 4, 18])]
Mean loss in evaluation epoch: [0.4803590774536133, 0.08644427359104156, 0.4484988749027252, 0.5615387558937073, 0.612405002117157, 0.4953117370605469, 0.4203760623931885, 0.35935935378074646, 0.48245254158973694, 0.38489624857902527, 0.4211520254611969, 0.4522550702095032, 0.42996665835380554, 0.27812260389328003, 0.29977843165397644, 0.49020883440971375, 0.29774075746536255, 0.28095313906669617, 0.4326595962047577, 0.3897077739238739], epochs needed: 30
count_changes: 0 / 13

Generation 33
Mean loss in evaluation epoch: [0.45682787895202637, 0.01714041829109192, 0.3392978310585022, 0.5359538197517395, 0.45091715455055237, 0.3592910170555115, 0.3939667344093323, 0.3450216054916382, 0.4497595727443695, 0.3686937987804413, 0.36628809571266174, 0.32072100043296814, 0.3420321047306061, 0.24494405090808868, 0.2687261998653412, 0.24177895486354828, 0.26689863204956055, 0.2506718635559082, 0.3730538487434387, 0.26358482241630554], epochs needed: 30
------------------------- TRACKING ---------------------------
Matrix Hash: 27a06185e85d7864, num_times_seen_before: 22
ACC: 1.0
TPR/FPR: 1.0, 0.0
Loss: [0.45682787895202637, 0.01714041829109192, 0.3392978310585022, 0.5359538197517395, 0.45091715455055237, 0.3592910170555115, 0.3939667344093323, 0.3450216054916382, 0.4497595727443695, 0.3686937987804413, 0.36628809571266174, 0.32072100043296814, 0.3420321047306061, 0.24494405090808868, 0.2687261998653412, 0.24177895486354828, 0.26689863204956055, 0.2506718635559082, 0.3730538487434387, 0.26358482241630554]
Timestamp: 109.73200556399999
---------------------------------------------------------------
[tensor([0, 6]), tensor([ 0, 16]), tensor([2, 3]), tensor([3, 5]), tensor([3, 8]), tensor([ 3, 11]), tensor([ 3, 12]), tensor([ 3, 15]), tensor([ 3, 18]), tensor([4, 5]), tensor([ 4, 12]), tensor([ 6, 10]), tensor([ 7, 10]), tensor([ 7, 12])]
Mean loss in evaluation epoch: [0.4672209322452545, 0.0934547409415245, 0.45014244318008423, 0.5423213839530945, 0.48515424132347107, 0.4983449876308441, 0.4338987469673157, 0.4247453808784485, 0.4764898419380188, 0.3781454265117645, 0.41506633162498474, 0.45046266913414, 0.5045762658119202, 0.27550026774406433, 0.2972373962402344, 0.48287588357925415, 0.38582101464271545, 0.2804681956768036, 0.4810470640659332, 0.2924889624118805], epochs needed: 30
count_changes: 0 / 14

Generation 34
Mean loss in evaluation epoch: [0.45717015862464905, 0.012695017270743847, 0.3387875556945801, 0.5207938551902771, 0.45371031761169434, 0.3588685691356659, 0.3968704640865326, 0.34519702196121216, 0.4507465958595276, 0.36658236384391785, 0.3676982820034027, 0.3207300007343292, 0.34161072969436646, 0.24369478225708008, 0.2674078047275543, 0.24054692685604095, 0.26607176661491394, 0.2496507614850998, 0.3724435865879059, 0.2625792920589447], epochs needed: 30
------------------------- TRACKING ---------------------------
Matrix Hash: 27a06185e85d7864, num_times_seen_before: 23
ACC: 1.0
TPR/FPR: 1.0, 0.0
Loss: [0.45717015862464905, 0.012695017270743847, 0.3387875556945801, 0.5207938551902771, 0.45371031761169434, 0.3588685691356659, 0.3968704640865326, 0.34519702196121216, 0.4507465958595276, 0.36658236384391785, 0.3676982820034027, 0.3207300007343292, 0.34161072969436646, 0.24369478225708008, 0.2674078047275543, 0.24054692685604095, 0.26607176661491394, 0.2496507614850998, 0.3724435865879059, 0.2625792920589447]
Timestamp: 113.25637887499997
---------------------------------------------------------------
[tensor([0, 5]), tensor([2, 3]), tensor([2, 7]), tensor([ 2, 16]), tensor([3, 8]), tensor([ 3, 12]), tensor([ 3, 18]), tensor([4, 9]), tensor([ 5, 10]), tensor([ 9, 17]), tensor([13, 16]), tensor([16, 17])]
Mean loss in evaluation epoch: [0.46416765451431274, 0.04508712887763977, 0.4877544939517975, 0.5331763625144958, 0.46556201577186584, 0.498879998922348, 0.3943372070789337, 0.39953598380088806, 0.4802338182926178, 0.44315120577812195, 0.39199456572532654, 0.32496151328086853, 0.4509612023830414, 0.3454138934612274, 0.2820795178413391, 0.25625941157341003, 0.4264619052410126, 0.3889005780220032, 0.5131068229675293, 0.2774013578891754], epochs needed: 30
count_changes: 0 / 12

Generation 35
Mean loss in evaluation epoch: [0.4575921595096588, 0.02163277566432953, 0.3372327983379364, 0.530983567237854, 0.45143499970436096, 0.3591456115245819, 0.3934665620326996, 0.34282177686691284, 0.4521598815917969, 0.3688880503177643, 0.3644162118434906, 0.3183477818965912, 0.3424983024597168, 0.24697637557983398, 0.2705560624599457, 0.24190394580364227, 0.2685844600200653, 0.2538307309150696, 0.37261316180229187, 0.26595693826675415], epochs needed: 30
------------------------- TRACKING ---------------------------
Matrix Hash: 27a06185e85d7864, num_times_seen_before: 24
ACC: 1.0
TPR/FPR: 1.0, 0.0
Loss: [0.4575921595096588, 0.02163277566432953, 0.3372327983379364, 0.530983567237854, 0.45143499970436096, 0.3591456115245819, 0.3934665620326996, 0.34282177686691284, 0.4521598815917969, 0.3688880503177643, 0.3644162118434906, 0.3183477818965912, 0.3424983024597168, 0.24697637557983398, 0.2705560624599457, 0.24190394580364227, 0.2685844600200653, 0.2538307309150696, 0.37261316180229187, 0.26595693826675415]
Timestamp: 116.68873833500001
---------------------------------------------------------------
[tensor([2, 3]), tensor([3, 4]), tensor([3, 8]), tensor([ 3, 11]), tensor([ 3, 12]), tensor([7, 9]), tensor([10, 12])]
Mean loss in evaluation epoch: [0.45679017901420593, 0.05886974558234215, 0.4747444689273834, 0.5235131978988647, 0.49299532175064087, 0.36522626876831055, 0.3946157693862915, 0.3994123935699463, 0.4783465564250946, 0.4150852859020233, 0.39399439096450806, 0.47712060809135437, 0.4812898337841034, 0.2620217800140381, 0.28461769223213196, 0.2571592926979065, 0.28301340341567993, 0.26766708493232727, 0.3781491816043854, 0.2793191075325012], epochs needed: 30
count_changes: 0 / 7

Generation 36
Mean loss in evaluation epoch: [0.46672937273979187, 0.01172822155058384, 0.336519718170166, 0.5537164211273193, 0.45663079619407654, 0.3624742925167084, 0.3957647383213043, 0.34268543124198914, 0.4572673738002777, 0.3716616928577423, 0.3667556345462799, 0.31640565395355225, 0.34629541635513306, 0.24590709805488586, 0.2694943845272064, 0.24014292657375336, 0.26754364371299744, 0.2530283033847809, 0.3742617666721344, 0.2645791471004486], epochs needed: 30
------------------------- TRACKING ---------------------------
Matrix Hash: 27a06185e85d7864, num_times_seen_before: 25
ACC: 1.0
TPR/FPR: 1.0, 0.0
Loss: [0.46672937273979187, 0.01172822155058384, 0.336519718170166, 0.5537164211273193, 0.45663079619407654, 0.3624742925167084, 0.3957647383213043, 0.34268543124198914, 0.4572673738002777, 0.3716616928577423, 0.3667556345462799, 0.31640565395355225, 0.34629541635513306, 0.24590709805488586, 0.2694943845272064, 0.24014292657375336, 0.26754364371299744, 0.2530283033847809, 0.3742617666721344, 0.2645791471004486]
Timestamp: 120.16946554400002
---------------------------------------------------------------
[tensor([0, 5]), tensor([0, 9]), tensor([2, 3]), tensor([ 2, 11]), tensor([3, 4]), tensor([3, 5]), tensor([3, 7]), tensor([3, 8]), tensor([ 3, 12]), tensor([ 3, 15]), tensor([ 3, 17]), tensor([ 3, 18]), tensor([ 4, 18])]
Mean loss in evaluation epoch: [0.48912689089775085, 0.1497262567281723, 0.46302586793899536, 0.585486114025116, 0.5058671832084656, 0.5472548007965088, 0.3987123668193817, 0.42899203300476074, 0.4890965521335602, 0.489188015460968, 0.37336912751197815, 0.3790779113769531, 0.42437392473220825, 0.2942795157432556, 0.31506872177124023, 0.4533870816230774, 0.3133024275302887, 0.5016412734985352, 0.5099310278892517, 0.3086651861667633], epochs needed: 30
count_changes: 0 / 13

Generation 37
Mean loss in evaluation epoch: [0.45846959948539734, 0.015294092707335949, 0.3415963351726532, 0.543282687664032, 0.4556824862957001, 0.3601827323436737, 0.3989517390727997, 0.34806185960769653, 0.45025840401649475, 0.3678702712059021, 0.37090492248535156, 0.3237127959728241, 0.3424312472343445, 0.2437601387500763, 0.2675352990627289, 0.24105501174926758, 0.2662295997142792, 0.249473437666893, 0.37405917048454285, 0.2626757025718689], epochs needed: 30
------------------------- TRACKING ---------------------------
Matrix Hash: 27a06185e85d7864, num_times_seen_before: 26
ACC: 1.0
TPR/FPR: 1.0, 0.0
Loss: [0.45846959948539734, 0.015294092707335949, 0.3415963351726532, 0.543282687664032, 0.4556824862957001, 0.3601827323436737, 0.3989517390727997, 0.34806185960769653, 0.45025840401649475, 0.3678702712059021, 0.37090492248535156, 0.3237127959728241, 0.3424312472343445, 0.2437601387500763, 0.2675352990627289, 0.24105501174926758, 0.2662295997142792, 0.249473437666893, 0.37405917048454285, 0.2626757025718689]
Timestamp: 123.60656077799999
---------------------------------------------------------------
[tensor([3, 8]), tensor([ 3, 12]), tensor([ 3, 13]), tensor([4, 9]), tensor([ 5, 14]), tensor([ 8, 17])]
Mean loss in evaluation epoch: [0.4617665410041809, 0.026360435411334038, 0.33975139260292053, 0.5468193888664246, 0.4728124737739563, 0.4035935401916504, 0.40069207549095154, 0.34472039341926575, 0.4979743957519531, 0.42019110918045044, 0.3639349043369293, 0.3231840133666992, 0.49296829104423523, 0.3663242757320404, 0.34379681944847107, 0.247129425406456, 0.27168717980384827, 0.35159021615982056, 0.3736174702644348, 0.26752734184265137], epochs needed: 30
count_changes: 0 / 6

Generation 38
Mean loss in evaluation epoch: [0.46384724974632263, 0.011944439262151718, 0.3379875123500824, 0.5475322604179382, 0.45521280169487, 0.3616362512111664, 0.3959605097770691, 0.3440626561641693, 0.45471882820129395, 0.37093496322631836, 0.3674447536468506, 0.31828543543815613, 0.3450567424297333, 0.2457076758146286, 0.26940464973449707, 0.24076469242572784, 0.2672058641910553, 0.25227609276771545, 0.3739381730556488, 0.26403942704200745], epochs needed: 30
------------------------- TRACKING ---------------------------
Matrix Hash: 27a06185e85d7864, num_times_seen_before: 27
ACC: 1.0
TPR/FPR: 1.0, 0.0
Loss: [0.46384724974632263, 0.011944439262151718, 0.3379875123500824, 0.5475322604179382, 0.45521280169487, 0.3616362512111664, 0.3959605097770691, 0.3440626561641693, 0.45471882820129395, 0.37093496322631836, 0.3674447536468506, 0.31828543543815613, 0.3450567424297333, 0.2457076758146286, 0.26940464973449707, 0.24076469242572784, 0.2672058641910553, 0.25227609276771545, 0.3739381730556488, 0.26403942704200745]
Timestamp: 127.31709115999999
---------------------------------------------------------------
[tensor([0, 3]), tensor([2, 3]), tensor([3, 4]), tensor([3, 5]), tensor([3, 8]), tensor([3, 9]), tensor([ 3, 12]), tensor([ 3, 18]), tensor([4, 5]), tensor([7, 9]), tensor([ 7, 12]), tensor([10, 12]), tensor([11, 17])]
Mean loss in evaluation epoch: [0.48280367255210876, 0.08375197649002075, 0.44517087936401367, 0.5584598183631897, 0.49664559960365295, 0.49097713828086853, 0.4045174717903137, 0.43596354126930237, 0.4820712208747864, 0.5100646018981934, 0.4016854465007782, 0.4195309579372406, 0.4792683720588684, 0.28164172172546387, 0.30311426520347595, 0.2775622308254242, 0.30157172679901123, 0.47656264901161194, 0.47656241059303284, 0.29606905579566956], epochs needed: 30
count_changes: 0 / 13

Generation 39
Mean loss in evaluation epoch: [0.4596725106239319, 0.015254983678460121, 0.3369496762752533, 0.5308923125267029, 0.45340844988822937, 0.3596285581588745, 0.3950915038585663, 0.3427315354347229, 0.45265141129493713, 0.36924371123313904, 0.366239994764328, 0.31769251823425293, 0.3430861532688141, 0.24535751342773438, 0.2692141532897949, 0.240553617477417, 0.26658937335014343, 0.25181251764297485, 0.3726242482662201, 0.26344433426856995], epochs needed: 30
------------------------- TRACKING ---------------------------
Matrix Hash: 27a06185e85d7864, num_times_seen_before: 28
ACC: 1.0
TPR/FPR: 1.0, 0.0
Loss: [0.4596725106239319, 0.015254983678460121, 0.3369496762752533, 0.5308923125267029, 0.45340844988822937, 0.3596285581588745, 0.3950915038585663, 0.3427315354347229, 0.45265141129493713, 0.36924371123313904, 0.366239994764328, 0.31769251823425293, 0.3430861532688141, 0.24535751342773438, 0.2692141532897949, 0.240553617477417, 0.26658937335014343, 0.25181251764297485, 0.3726242482662201, 0.26344433426856995]
Timestamp: 130.60294399799997
---------------------------------------------------------------
[tensor([3, 8]), tensor([ 3, 18]), tensor([ 4, 14]), tensor([7, 9]), tensor([13, 16])]
Mean loss in evaluation epoch: [0.4688856601715088, 0.02970634214580059, 0.33865049481391907, 0.517464280128479, 0.4746880531311035, 0.3623380661010742, 0.39909884333610535, 0.3974015712738037, 0.4859454333782196, 0.4207060933113098, 0.3673342764377594, 0.3191392421722412, 0.3475431799888611, 0.3484489321708679, 0.372268408536911, 0.248361736536026, 0.3586638569831848, 0.2599935233592987, 0.541510283946991, 0.2715369462966919], epochs needed: 30
count_changes: 0 / 5

Generation 40
Mean loss in evaluation epoch: [0.45613500475883484, 0.015587319619953632, 0.340463250875473, 0.5611574053764343, 0.4532279074192047, 0.3613426983356476, 0.3956852853298187, 0.34804224967956543, 0.45221924781799316, 0.3666231334209442, 0.3674141466617584, 0.32246461510658264, 0.34363919496536255, 0.24352169036865234, 0.26723745465278625, 0.2407141923904419, 0.2661961615085602, 0.24931399524211884, 0.3738856911659241, 0.2625728249549866], epochs needed: 30
------------------------- TRACKING ---------------------------
Matrix Hash: 27a06185e85d7864, num_times_seen_before: 29
ACC: 1.0
TPR/FPR: 1.0, 0.0
Loss: [0.45613500475883484, 0.015587319619953632, 0.340463250875473, 0.5611574053764343, 0.4532279074192047, 0.3613426983356476, 0.3956852853298187, 0.34804224967956543, 0.45221924781799316, 0.3666231334209442, 0.3674141466617584, 0.32246461510658264, 0.34363919496536255, 0.24352169036865234, 0.26723745465278625, 0.2407141923904419, 0.2661961615085602, 0.24931399524211884, 0.3738856911659241, 0.2625728249549866]
Timestamp: 134.333878651
---------------------------------------------------------------
[tensor([0, 8]), tensor([2, 3]), tensor([2, 7]), tensor([ 2, 11]), tensor([3, 4]), tensor([3, 5]), tensor([3, 7]), tensor([3, 8]), tensor([ 3, 11]), tensor([ 3, 12]), tensor([ 3, 17]), tensor([ 3, 18]), tensor([4, 5]), tensor([4, 9]), tensor([ 4, 19]), tensor([ 5, 14]), tensor([ 7, 15]), tensor([ 8, 18]), tensor([10, 13])]
Mean loss in evaluation epoch: [0.47095629572868347, 0.14651699364185333, 0.48110291361808777, 0.5690813064575195, 0.505500316619873, 0.495027631521225, 0.40021219849586487, 0.49155616760253906, 0.5484542846679688, 0.428960382938385, 0.40205812454223633, 0.47756853699684143, 0.4234205186367035, 0.365267813205719, 0.36800214648246765, 0.36488765478134155, 0.3175925016403198, 0.500405490398407, 0.5690459609031677, 0.38056302070617676], epochs needed: 30
count_changes: 0 / 19

Generation 41
Mean loss in evaluation epoch: [0.46267539262771606, 0.011961585842072964, 0.33996912837028503, 0.549403727054596, 0.454283207654953, 0.3566828668117523, 0.39870744943618774, 0.3449706435203552, 0.45457717776298523, 0.36736664175987244, 0.36615899205207825, 0.32252001762390137, 0.3397354781627655, 0.24447286128997803, 0.26844796538352966, 0.24219106137752533, 0.26655590534210205, 0.2497418224811554, 0.37249311804771423, 0.26289016008377075], epochs needed: 30
------------------------- TRACKING ---------------------------
Matrix Hash: 27a06185e85d7864, num_times_seen_before: 30
ACC: 1.0
TPR/FPR: 1.0, 0.0
Loss: [0.46267539262771606, 0.011961585842072964, 0.33996912837028503, 0.549403727054596, 0.454283207654953, 0.3566828668117523, 0.39870744943618774, 0.3449706435203552, 0.45457717776298523, 0.36736664175987244, 0.36615899205207825, 0.32252001762390137, 0.3397354781627655, 0.24447286128997803, 0.26844796538352966, 0.24219106137752533, 0.26655590534210205, 0.2497418224811554, 0.37249311804771423, 0.26289016008377075]
Timestamp: 137.732175007
---------------------------------------------------------------
[tensor([ 0, 10]), tensor([ 0, 16]), tensor([2, 3]), tensor([3, 4]), tensor([3, 8]), tensor([ 3, 12]), tensor([ 3, 16]), tensor([ 3, 18]), tensor([4, 9]), tensor([ 5, 14]), tensor([ 6, 10])]
Mean loss in evaluation epoch: [0.47013816237449646, 0.05911729857325554, 0.47314396500587463, 0.5334717035293579, 0.4983706474304199, 0.4044165313243866, 0.4137535095214844, 0.3479468822479248, 0.4779006540775299, 0.4211595952510834, 0.42064914107322693, 0.3251415193080902, 0.4453812539577484, 0.26284050941467285, 0.3504074513912201, 0.2581084370613098, 0.4215098023414612, 0.2684001922607422, 0.5042126774787903, 0.27967405319213867], epochs needed: 30
count_changes: 0 / 11

Generation 42
Mean loss in evaluation epoch: [0.4577154815196991, 0.020907824859023094, 0.3422195613384247, 0.529939591884613, 0.4534018933773041, 0.3606446087360382, 0.3975134491920471, 0.34812095761299133, 0.4504549205303192, 0.3699444830417633, 0.3703267276287079, 0.3239929974079132, 0.34317055344581604, 0.2459573745727539, 0.2697843313217163, 0.2431105673313141, 0.26784825325012207, 0.25166645646095276, 0.37476471066474915, 0.2646847069263458], epochs needed: 30
------------------------- TRACKING ---------------------------
Matrix Hash: 27a06185e85d7864, num_times_seen_before: 31
ACC: 1.0
TPR/FPR: 1.0, 0.0
Loss: [0.4577154815196991, 0.020907824859023094, 0.3422195613384247, 0.529939591884613, 0.4534018933773041, 0.3606446087360382, 0.3975134491920471, 0.34812095761299133, 0.4504549205303192, 0.3699444830417633, 0.3703267276287079, 0.3239929974079132, 0.34317055344581604, 0.2459573745727539, 0.2697843313217163, 0.2431105673313141, 0.26784825325012207, 0.25166645646095276, 0.37476471066474915, 0.2646847069263458]
Timestamp: 141.307629429
---------------------------------------------------------------
[tensor([2, 3]), tensor([2, 4]), tensor([3, 4]), tensor([3, 5]), tensor([3, 6]), tensor([3, 7]), tensor([3, 8]), tensor([ 3, 11]), tensor([ 3, 15]), tensor([ 3, 18]), tensor([4, 5]), tensor([4, 9]), tensor([ 4, 18]), tensor([7, 9]), tensor([ 7, 12]), tensor([ 9, 12])]
Mean loss in evaluation epoch: [0.4569011330604553, 0.08518363535404205, 0.49298834800720215, 0.5602027773857117, 0.5168865323066711, 0.49236994981765747, 0.4215615391731262, 0.4961685240268707, 0.4800451397895813, 0.46164974570274353, 0.37500879168510437, 0.4489925801753998, 0.431769996881485, 0.27828967571258545, 0.30001315474510193, 0.4912302494049072, 0.29827824234962463, 0.28163909912109375, 0.5094313621520996, 0.2938971221446991], epochs needed: 30
count_changes: 0 / 16

Generation 43
Mean loss in evaluation epoch: [0.4918060004711151, 0.013407746329903603, 0.3370263874530792, 0.5838238000869751, 0.467738538980484, 0.365386962890625, 0.40584394335746765, 0.3431778848171234, 0.4692750871181488, 0.3750799596309662, 0.3720134198665619, 0.31608057022094727, 0.3496454656124115, 0.246649369597435, 0.27012118697166443, 0.24027509987354279, 0.26837024092674255, 0.2540336549282074, 0.3765595555305481, 0.26532962918281555], epochs needed: 30
------------------------- TRACKING ---------------------------
Matrix Hash: 27a06185e85d7864, num_times_seen_before: 32
ACC: 1.0
TPR/FPR: 1.0, 0.0
Loss: [0.4918060004711151, 0.013407746329903603, 0.3370263874530792, 0.5838238000869751, 0.467738538980484, 0.365386962890625, 0.40584394335746765, 0.3431778848171234, 0.4692750871181488, 0.3750799596309662, 0.3720134198665619, 0.31608057022094727, 0.3496454656124115, 0.246649369597435, 0.27012118697166443, 0.24027509987354279, 0.26837024092674255, 0.2540336549282074, 0.3765595555305481, 0.26532962918281555]
Timestamp: 144.95391863
---------------------------------------------------------------
[tensor([0, 3]), tensor([0, 4]), tensor([0, 5]), tensor([0, 8]), tensor([0, 9]), tensor([2, 3]), tensor([3, 4]), tensor([3, 5]), tensor([3, 9]), tensor([ 3, 10]), tensor([ 3, 11]), tensor([ 3, 12]), tensor([ 3, 15]), tensor([ 3, 18]), tensor([13, 16])]
Mean loss in evaluation epoch: [0.5832924842834473, 0.1949596107006073, 0.43628960847854614, 0.6281127333641052, 0.5059909820556641, 0.5247646570205688, 0.39955079555511475, 0.3604038655757904, 0.5042656660079956, 0.5833285450935364, 0.41973787546157837, 0.4356294274330139, 0.42165079712867737, 0.360285222530365, 0.320779412984848, 0.44902998208999634, 0.37244048714637756, 0.3004254996776581, 0.46727457642555237, 0.31153926253318787], epochs needed: 30
count_changes: 0 / 15

Generation 44
Mean loss in evaluation epoch: [0.459266722202301, 0.01108394842594862, 0.3380223512649536, 0.5155145525932312, 0.45383650064468384, 0.36031103134155273, 0.395801305770874, 0.3435344398021698, 0.45294174551963806, 0.3710668683052063, 0.36766359210014343, 0.31847721338272095, 0.3440611958503723, 0.24475450813770294, 0.26856479048728943, 0.2404256910085678, 0.2662591338157654, 0.2509523928165436, 0.3735060393810272, 0.2629346549510956], epochs needed: 30
------------------------- TRACKING ---------------------------
Matrix Hash: 27a06185e85d7864, num_times_seen_before: 33
ACC: 1.0
TPR/FPR: 1.0, 0.0
Loss: [0.459266722202301, 0.01108394842594862, 0.3380223512649536, 0.5155145525932312, 0.45383650064468384, 0.36031103134155273, 0.395801305770874, 0.3435344398021698, 0.45294174551963806, 0.3710668683052063, 0.36766359210014343, 0.31847721338272095, 0.3440611958503723, 0.24475450813770294, 0.26856479048728943, 0.2404256910085678, 0.2662591338157654, 0.2509523928165436, 0.3735060393810272, 0.2629346549510956]
Timestamp: 148.759294166
---------------------------------------------------------------
[tensor([2, 3]), tensor([2, 7]), tensor([3, 6]), tensor([ 3, 12]), tensor([4, 9]), tensor([ 4, 14]), tensor([ 8, 17])]
Mean loss in evaluation epoch: [0.46443381905555725, 0.032593388110399246, 0.49380970001220703, 0.5193168520927429, 0.47899651527404785, 0.363757848739624, 0.42196914553642273, 0.40134453773498535, 0.48363423347473145, 0.4291764199733734, 0.36523595452308655, 0.3179667294025421, 0.47717276215553284, 0.25458675622940063, 0.37249869108200073, 0.24801765382289886, 0.27556711435317993, 0.3564387857913971, 0.3768615424633026, 0.2720678448677063], epochs needed: 30
count_changes: 0 / 7
------------------------- TRACKING ---------------------------
Matrix Hash: 27a06185e85d7864, num_times_seen_before: 34
ACC: 1.0
TPR/FPR: 1.0, 0.0
Loss: [0.459266722202301, 0.01108394842594862, 0.3380223512649536, 0.5155145525932312, 0.45383650064468384, 0.36031103134155273, 0.395801305770874, 0.3435344398021698, 0.45294174551963806, 0.3710668683052063, 0.36766359210014343, 0.31847721338272095, 0.3440611958503723, 0.24475450813770294, 0.26856479048728943, 0.2404256910085678, 0.2662591338157654, 0.2509523928165436, 0.3735060393810272, 0.2629346549510956]
Timestamp: 150.530657785
---------------------------------------------------------------
Time needed: 152.284536633 sec
